--------------- Build Started: 07/26/2016 09:21:14 Project: freesoc, Configuration: ARM GCC 4.9-2015-q1-update Debug ---------------
The code generation step is up to date.
arm-none-eabi-gcc.exe -mcpu=cortex-m3 -mthumb -Wno-main -I. -IGenerated_Source\PSoC5 -Wa,-alh=.\CortexM3\ARM_GCC_493\Debug/main.lst -g -D DEBUG -Wall -ffunction-sections -Og -ffat-lto-objects -c ..\source\main.c -o .\CortexM3\ARM_GCC_493\Debug\main.o
arm-none-eabi-gcc.exe -mcpu=cortex-m3 -mthumb -Wno-main -I. -IGenerated_Source\PSoC5 -Wa,-alh=.\CortexM3\ARM_GCC_493\Debug/cal.lst -g -D DEBUG -Wall -ffunction-sections -Og -ffat-lto-objects -c ..\source\cal.c -o .\CortexM3\ARM_GCC_493\Debug\cal.o
..\source\cal.c:59:25: warning: 'ctrl_linear_pid_calibration' defined but not used [-Wunused-variable]
 static CALIBRATION_TYPE ctrl_linear_pid_calibration = {};
                         ^
..\source\cal.c:60:25: warning: 'ctrl_angular_pid_calibration' defined but not used [-Wunused-variable]
 static CALIBRATION_TYPE ctrl_angular_pid_calibration = {};
                         ^
..\source\cal.c:61:25: warning: 'linear_bias_calibration' defined but not used [-Wunused-variable]
 static CALIBRATION_TYPE linear_bias_calibration = {};
                         ^
..\source\cal.c:62:25: warning: 'angular_bias_calibration' defined but not used [-Wunused-variable]
 static CALIBRATION_TYPE angular_bias_calibration = {};
                         ^
..\source\cal.c:84:13: warning: 'ClearCalibrationStatusBit' defined but not used [-Wunused-function]
 static void ClearCalibrationStatusBit(uint16 bit)
             ^
..\source\cal.c:91:13: warning: 'SetCalibrationStatusBit' defined but not used [-Wunused-function]
 static void SetCalibrationStatusBit(uint16 bit)
             ^
arm-none-eabi-gcc.exe -mcpu=cortex-m3 -mthumb -Wno-main -I. -IGenerated_Source\PSoC5 -Wa,-alh=.\CortexM3\ARM_GCC_493\Debug/control.lst -g -D DEBUG -Wall -ffunction-sections -Og -ffat-lto-objects -c ..\source\control.c -o .\CortexM3\ARM_GCC_493\Debug\control.o
..\source\control.c:59:15: warning: 'last_update_time' defined but not used [-Wunused-variable]
 static uint32 last_update_time;
               ^
arm-none-eabi-gcc.exe -mcpu=cortex-m3 -mthumb -Wno-main -I. -IGenerated_Source\PSoC5 -Wa,-alh=.\CortexM3\ARM_GCC_493\Debug/i2c.lst -g -D DEBUG -Wall -ffunction-sections -Og -ffat-lto-objects -c ..\source\i2c.c -o .\CortexM3\ARM_GCC_493\Debug\i2c.o
arm-none-eabi-gcc.exe -mcpu=cortex-m3 -mthumb -Wno-main -I. -IGenerated_Source\PSoC5 -Wa,-alh=.\CortexM3\ARM_GCC_493\Debug/motor.lst -g -D DEBUG -Wall -ffunction-sections -Og -ffat-lto-objects -c ..\source\motor.c -o .\CortexM3\ARM_GCC_493\Debug\motor.o
arm-none-eabi-gcc.exe -mcpu=cortex-m3 -mthumb -Wno-main -I. -IGenerated_Source\PSoC5 -Wa,-alh=.\CortexM3\ARM_GCC_493\Debug/odom.lst -g -D DEBUG -Wall -ffunction-sections -Og -ffat-lto-objects -c ..\source\odom.c -o .\CortexM3\ARM_GCC_493\Debug\odom.o
arm-none-eabi-gcc.exe -mcpu=cortex-m3 -mthumb -Wno-main -I. -IGenerated_Source\PSoC5 -Wa,-alh=.\CortexM3\ARM_GCC_493\Debug/pid.lst -g -D DEBUG -Wall -ffunction-sections -Og -ffat-lto-objects -c ..\source\pid.c -o .\CortexM3\ARM_GCC_493\Debug\pid.o
arm-none-eabi-gcc.exe -mcpu=cortex-m3 -mthumb -Wno-main -I. -IGenerated_Source\PSoC5 -Wa,-alh=.\CortexM3\ARM_GCC_493\Debug/calpid.lst -g -D DEBUG -Wall -ffunction-sections -Og -ffat-lto-objects -c ..\source\calpid.c -o .\CortexM3\ARM_GCC_493\Debug\calpid.o
..\source\calpid.c: In function 'Start':
..\source\calpid.c:169:21: warning: unused variable 'p_pid_params' [-Wunused-variable]
     CAL_PID_PARAMS *p_pid_params = (CAL_PID_PARAMS *)params;
                     ^
..\source\calpid.c:168:11: warning: variable 'gains' set but not used [-Wunused-but-set-variable]
     float gains[3];
           ^
..\source\calpid.c: At top level:
..\source\calpid.c:27:15: warning: 'old_debug_control_enabled' defined but not used [-Wunused-variable]
 static uint16 old_debug_control_enabled;
               ^
..\source\calpid.c:78:13: warning: 'OutputGains' defined but not used [-Wunused-function]
 static void OutputGains(char *label, float *gains)
             ^
..\source\calpid.c:93:13: warning: 'StoreLeftGains' defined but not used [-Wunused-function]
 static void StoreLeftGains(float *gains)
             ^
..\source\calpid.c:100:13: warning: 'StoreRightGains' defined but not used [-Wunused-function]
 static void StoreRightGains(float *gains)
             ^
..\source\calpid.c:107:13: warning: 'StoreLinearGains' defined but not used [-Wunused-function]
 static void StoreLinearGains(float *gains)
             ^
..\source\calpid.c:114:13: warning: 'StoreAngularGains' defined but not used [-Wunused-function]
 static void StoreAngularGains(float *gains)
             ^
..\source\calpid.c:121:14: warning: 'GetStepVelocity' defined but not used [-Wunused-function]
 static float GetStepVelocity()
              ^
arm-none-eabi-gcc.exe -mcpu=cortex-m3 -mthumb -Wno-main -I. -IGenerated_Source\PSoC5 -Wa,-alh=.\CortexM3\ARM_GCC_493\Debug/calang.lst -g -D DEBUG -Wall -ffunction-sections -Og -ffat-lto-objects -c ..\source\calang.c -o .\CortexM3\ARM_GCC_493\Debug\calang.o
..\source\calang.c: In function 'CalibrateAngularBias':
..\source\calang.c:214:5: warning: implicit declaration of function 'Cal_DisplayBias' [-Wimplicit-function-declaration]
     Cal_DisplayBias("angular", angular_bias);
     ^
arm-none-eabi-gcc.exe -mcpu=cortex-m3 -mthumb -Wno-main -I. -IGenerated_Source\PSoC5 -Wa,-alh=.\CortexM3\ARM_GCC_493\Debug/callin.lst -g -D DEBUG -Wall -ffunction-sections -Og -ffat-lto-objects -c ..\source\callin.c -o .\CortexM3\ARM_GCC_493\Debug\callin.o
..\source\callin.c: In function 'CalibrateLinearBias':
..\source\callin.c:217:5: warning: implicit declaration of function 'Cal_DisplayBias' [-Wimplicit-function-declaration]
     Cal_DisplayBias("linear", linear_bias);
     ^
arm-none-eabi-gcc.exe -mcpu=cortex-m3 -mthumb -Wno-main -I. -IGenerated_Source\PSoC5 -Wa,-alh=.\CortexM3\ARM_GCC_493\Debug/calmotor.lst -g -D DEBUG -Wall -ffunction-sections -Og -ffat-lto-objects -c ..\source\calmotor.c -o .\CortexM3\ARM_GCC_493\Debug\calmotor.o
..\source\calmotor.c: In function 'Update':
..\source\calmotor.c:326:12: warning: variable 'last_debug_control_enabled' set but not used [-Wunused-but-set-variable]
     uint16 last_debug_control_enabled;
            ^
..\source\calmotor.c: At top level:
..\source\calmotor.c:33:14: warning: 'cps_samples' defined but not used [-Wunused-variable]
 static int32 cps_samples[CAL_NUM_SAMPLES];
              ^
..\source\calmotor.c:34:15: warning: 'pwm_samples' defined but not used [-Wunused-variable]
 static uint16 pwm_samples[CAL_NUM_SAMPLES];
               ^
..\source\calmotor.c:54:13: warning: 'InitMotorCal' defined but not used [-Wunused-function]
 static void InitMotorCal()
             ^
..\source\calmotor.c:176:13: warning: 'CalibrateWheelSpeed' defined but not used [-Wunused-function]
 static void CalibrateWheelSpeed(WHEEL_TYPE wheel, DIR_TYPE dir, uint8 num_runs, int32 *cps_samples, uint16 *pwm_samples)
             ^
..\source\calmotor.c:205:13: warning: 'StoreWheelSpeedSamples' defined but not used [-Wunused-function]
 static void StoreWheelSpeedSamples(WHEEL_TYPE wheel, DIR_TYPE dir, int32 *cps_samples, uint16 *pwm_samples)
             ^
arm-none-eabi-ar.exe -rs .\CortexM3\ARM_GCC_493\Debug\freesoc.a .\CortexM3\ARM_GCC_493\Debug\cyfitter_cfg.o .\CortexM3\ARM_GCC_493\Debug\Left_HB25_PWM_Pin.o .\CortexM3\ARM_GCC_493\Debug\Left_HB25_Enable_Pin.o .\CortexM3\ARM_GCC_493\Debug\Left_HB25_PWM.o .\CortexM3\ARM_GCC_493\Debug\Left_HB25_PWM_PM.o .\CortexM3\ARM_GCC_493\Debug\Right_HB25_PWM_Pin.o .\CortexM3\ARM_GCC_493\Debug\Right_HB25_Enable_Pin.o .\CortexM3\ARM_GCC_493\Debug\Right_HB25_PWM.o .\CortexM3\ARM_GCC_493\Debug\Right_HB25_PWM_PM.o .\CortexM3\ARM_GCC_493\Debug\CyBootAsmGnu.o .\CortexM3\ARM_GCC_493\Debug\CyDmac.o .\CortexM3\ARM_GCC_493\Debug\CyFlash.o .\CortexM3\ARM_GCC_493\Debug\CyLib.o .\CortexM3\ARM_GCC_493\Debug\cyPm.o .\CortexM3\ARM_GCC_493\Debug\CySpc.o .\CortexM3\ARM_GCC_493\Debug\cyutils.o .\CortexM3\ARM_GCC_493\Debug\Left_Encoder_A.o .\CortexM3\ARM_GCC_493\Debug\Left_Encoder_B.o .\CortexM3\ARM_GCC_493\Debug\Right_Encoder_A.o .\CortexM3\ARM_GCC_493\Debug\Right_Encoder_B.o .\CortexM3\ARM_GCC_493\Debug\EZI2C_Slave.o .\CortexM3\ARM_GCC_493\Debug\EZI2C_Slave_PM.o .\CortexM3\ARM_GCC_493\Debug\EZI2C_Slave_INT.o .\CortexM3\ARM_GCC_493\Debug\Echo_Clock.o .\CortexM3\ARM_GCC_493\Debug\Front_Echo_Intr.o .\CortexM3\ARM_GCC_493\Debug\Front_Trigger_Reg.o .\CortexM3\ARM_GCC_493\Debug\Front_Trigger_Reg_PM.o .\CortexM3\ARM_GCC_493\Debug\Front_Trigger_Select_Reg.o .\CortexM3\ARM_GCC_493\Debug\Front_Trigger_Select_Reg_PM.o .\CortexM3\ARM_GCC_493\Debug\Front_Echo_Timer.o .\CortexM3\ARM_GCC_493\Debug\Front_Echo_Timer_PM.o .\CortexM3\ARM_GCC_493\Debug\Rear_Trigger_Reg.o .\CortexM3\ARM_GCC_493\Debug\Rear_Trigger_Reg_PM.o .\CortexM3\ARM_GCC_493\Debug\Rear_Trigger_Select_Reg.o .\CortexM3\ARM_GCC_493\Debug\Rear_Trigger_Select_Reg_PM.o .\CortexM3\ARM_GCC_493\Debug\Rear_Echo_Intr.o .\CortexM3\ARM_GCC_493\Debug\Rear_Echo_Timer.o .\CortexM3\ARM_GCC_493\Debug\Rear_Echo_Timer_PM.o .\CortexM3\ARM_GCC_493\Debug\Front_ADC_SAR.o .\CortexM3\ARM_GCC_493\Debug\Front_ADC_SAR_INT.o .\CortexM3\ARM_GCC_493\Debug\Front_ADC_SAR_PM.o .\CortexM3\ARM_GCC_493\Debug\Infrared_Pin_0.o .\CortexM3\ARM_GCC_493\Debug\Front_AMuxSeq.o .\CortexM3\ARM_GCC_493\Debug\Infrared_Pin_1.o .\CortexM3\ARM_GCC_493\Debug\Infrared_Pin_2.o .\CortexM3\ARM_GCC_493\Debug\Infrared_Pin_3.o .\CortexM3\ARM_GCC_493\Debug\Infrared_Pin_4.o .\CortexM3\ARM_GCC_493\Debug\Infrared_Pin_5.o .\CortexM3\ARM_GCC_493\Debug\Infrared_Pin_6.o .\CortexM3\ARM_GCC_493\Debug\Infrared_Pin_7.o .\CortexM3\ARM_GCC_493\Debug\Rear_ADC_SAR.o .\CortexM3\ARM_GCC_493\Debug\Rear_ADC_SAR_INT.o .\CortexM3\ARM_GCC_493\Debug\Rear_ADC_SAR_PM.o .\CortexM3\ARM_GCC_493\Debug\Rear_AMuxSeq.o .\CortexM3\ARM_GCC_493\Debug\Infrared_Pin_8.o .\CortexM3\ARM_GCC_493\Debug\Infrared_Pin_9.o .\CortexM3\ARM_GCC_493\Debug\Infrared_Pin_10.o .\CortexM3\ARM_GCC_493\Debug\Infrared_Pin_11.o .\CortexM3\ARM_GCC_493\Debug\Infrared_Pin_12.o .\CortexM3\ARM_GCC_493\Debug\Infrared_Pin_13.o .\CortexM3\ARM_GCC_493\Debug\Infrared_Pin_14.o .\CortexM3\ARM_GCC_493\Debug\Infrared_Pin_15.o .\CortexM3\ARM_GCC_493\Debug\Front_ADC_SAR_IRQ.o .\CortexM3\ARM_GCC_493\Debug\Front_ADC_SAR_theACLK.o .\CortexM3\ARM_GCC_493\Debug\Rear_ADC_SAR_IRQ.o .\CortexM3\ARM_GCC_493\Debug\Rear_ADC_SAR_theACLK.o .\CortexM3\ARM_GCC_493\Debug\I2C_SDA.o .\CortexM3\ARM_GCC_493\Debug\I2C_SCL.o .\CortexM3\ARM_GCC_493\Debug\Rear_EOS_Intr.o .\CortexM3\ARM_GCC_493\Debug\Front_EOS_Intr.o .\CortexM3\ARM_GCC_493\Debug\Mainloop_Pin.o .\CortexM3\ARM_GCC_493\Debug\EEPROM.o .\CortexM3\ARM_GCC_493\Debug\Front_Echo_Pin_0.o .\CortexM3\ARM_GCC_493\Debug\Front_Trigger_0.o .\CortexM3\ARM_GCC_493\Debug\Front_Trigger_1.o .\CortexM3\ARM_GCC_493\Debug\Front_Trigger_2.o .\CortexM3\ARM_GCC_493\Debug\Front_Trigger_3.o .\CortexM3\ARM_GCC_493\Debug\Front_Trigger_4.o .\CortexM3\ARM_GCC_493\Debug\Front_Trigger_5.o .\CortexM3\ARM_GCC_493\Debug\Front_Trigger_6.o .\CortexM3\ARM_GCC_493\Debug\Front_Trigger_7.o .\CortexM3\ARM_GCC_493\Debug\Rear_Trigger_0.o .\CortexM3\ARM_GCC_493\Debug\Rear_Trigger_1.o .\CortexM3\ARM_GCC_493\Debug\Rear_Trigger_2.o .\CortexM3\ARM_GCC_493\Debug\Rear_Trigger_3.o .\CortexM3\ARM_GCC_493\Debug\Rear_Trigger_4.o .\CortexM3\ARM_GCC_493\Debug\Rear_Trigger_5.o .\CortexM3\ARM_GCC_493\Debug\Rear_Trigger_6.o .\CortexM3\ARM_GCC_493\Debug\Rear_Trigger_7.o .\CortexM3\ARM_GCC_493\Debug\Rear_Echo_Pin_0.o .\CortexM3\ARM_GCC_493\Debug\Front_Echo_Pin_1.o .\CortexM3\ARM_GCC_493\Debug\Front_Echo_Pin_2.o .\CortexM3\ARM_GCC_493\Debug\Front_Echo_Pin_3.o .\CortexM3\ARM_GCC_493\Debug\Front_Echo_Pin_4.o .\CortexM3\ARM_GCC_493\Debug\Front_Echo_Pin_5.o .\CortexM3\ARM_GCC_493\Debug\Front_Echo_Pin_6.o .\CortexM3\ARM_GCC_493\Debug\Front_Echo_Pin_7.o .\CortexM3\ARM_GCC_493\Debug\Rear_Echo_Pin_1.o .\CortexM3\ARM_GCC_493\Debug\Rear_Echo_Pin_2.o .\CortexM3\ARM_GCC_493\Debug\Rear_Echo_Pin_3.o .\CortexM3\ARM_GCC_493\Debug\Rear_Echo_Pin_4.o .\CortexM3\ARM_GCC_493\Debug\Rear_Echo_Pin_5.o .\CortexM3\ARM_GCC_493\Debug\Rear_Echo_Pin_6.o .\CortexM3\ARM_GCC_493\Debug\Rear_Echo_Pin_7.o .\CortexM3\ARM_GCC_493\Debug\Right_QuadDec.o .\CortexM3\ARM_GCC_493\Debug\Right_QuadDec_INT.o .\CortexM3\ARM_GCC_493\Debug\Right_QuadDec_PM.o .\CortexM3\ARM_GCC_493\Debug\Right_QuadDec_isr.o .\CortexM3\ARM_GCC_493\Debug\Right_QuadDec_Cnt16.o .\CortexM3\ARM_GCC_493\Debug\Right_QuadDec_Cnt16_PM.o .\CortexM3\ARM_GCC_493\Debug\Left_QuadDec.o .\CortexM3\ARM_GCC_493\Debug\Left_QuadDec_INT.o .\CortexM3\ARM_GCC_493\Debug\Left_QuadDec_PM.o .\CortexM3\ARM_GCC_493\Debug\Left_QuadDec_isr.o .\CortexM3\ARM_GCC_493\Debug\Left_QuadDec_Cnt16.o .\CortexM3\ARM_GCC_493\Debug\Left_QuadDec_Cnt16_PM.o .\CortexM3\ARM_GCC_493\Debug\USBUART.o .\CortexM3\ARM_GCC_493\Debug\USBUART_audio.o .\CortexM3\ARM_GCC_493\Debug\USBUART_boot.o .\CortexM3\ARM_GCC_493\Debug\USBUART_cdc.o .\CortexM3\ARM_GCC_493\Debug\USBUART_cls.o .\CortexM3\ARM_GCC_493\Debug\USBUART_descr.o .\CortexM3\ARM_GCC_493\Debug\USBUART_drv.o .\CortexM3\ARM_GCC_493\Debug\USBUART_episr.o .\CortexM3\ARM_GCC_493\Debug\USBUART_hid.o .\CortexM3\ARM_GCC_493\Debug\USBUART_pm.o .\CortexM3\ARM_GCC_493\Debug\USBUART_std.o .\CortexM3\ARM_GCC_493\Debug\USBUART_vnd.o .\CortexM3\ARM_GCC_493\Debug\USBUART_midi.o .\CortexM3\ARM_GCC_493\Debug\USBUART_msc.o .\CortexM3\ARM_GCC_493\Debug\USBUART_Dm.o .\CortexM3\ARM_GCC_493\Debug\USBUART_Dp.o .\CortexM3\ARM_GCC_493\Debug\Encoder_Clock.o .\CortexM3\ARM_GCC_493\Debug\PWM_Clock.o
arm-none-eabi-ar.exe: creating .\CortexM3\ARM_GCC_493\Debug\freesoc.a
arm-none-eabi-gcc.exe -Wl,--start-group -o .\CortexM3\ARM_GCC_493\Debug\freesoc.elf .\CortexM3\ARM_GCC_493\Debug\main.o .\CortexM3\ARM_GCC_493\Debug\cal.o .\CortexM3\ARM_GCC_493\Debug\control.o .\CortexM3\ARM_GCC_493\Debug\debug.o .\CortexM3\ARM_GCC_493\Debug\diag.o .\CortexM3\ARM_GCC_493\Debug\encoder.o .\CortexM3\ARM_GCC_493\Debug\i2c.o .\CortexM3\ARM_GCC_493\Debug\motor.o .\CortexM3\ARM_GCC_493\Debug\odom.o .\CortexM3\ARM_GCC_493\Debug\pid.o .\CortexM3\ARM_GCC_493\Debug\time.o .\CortexM3\ARM_GCC_493\Debug\ultrasonic.o .\CortexM3\ARM_GCC_493\Debug\utils.o .\CortexM3\ARM_GCC_493\Debug\infrared.o .\CortexM3\ARM_GCC_493\Debug\pid_controller.o .\CortexM3\ARM_GCC_493\Debug\serial.o .\CortexM3\ARM_GCC_493\Debug\nvstore.o .\CortexM3\ARM_GCC_493\Debug\calpid.o .\CortexM3\ARM_GCC_493\Debug\calang.o .\CortexM3\ARM_GCC_493\Debug\callin.o .\CortexM3\ARM_GCC_493\Debug\calmotor.o .\CortexM3\ARM_GCC_493\Debug\pidutil.o .\CortexM3\ARM_GCC_493\Debug\cymetadata.o .\CortexM3\ARM_GCC_493\Debug\Cm3Start.o .\CortexM3\ARM_GCC_493\Debug\freesoc.a "C:\Program Files (x86)\Cypress\PSoC Creator\3.3\PSoC Creator\psoc\content\cycomponentlibrary\CyComponentLibrary.cylib\CortexM3\ARM_GCC_493\Debug\CyComponentLibrary.a" -mcpu=cortex-m3 -mthumb -g -ffunction-sections -Og -ffat-lto-objects -l m -L Generated_Source\PSoC5 -Wl,-Map,.\CortexM3\ARM_GCC_493\Debug/freesoc.map -T Generated_Source\PSoC5\cm3gcc.ld -specs=nano.specs -u _printf_float -Wl,--gc-sections -Wl,--end-group
cyelftool.exe -C D:\projects\ArloBot\arlobot_freesoc\freesoc.cydsn\CortexM3\ARM_GCC_493\Debug\freesoc.elf --flash_row_size 256 --flash_size 262144
cyelftool.exe -S D:\projects\ArloBot\arlobot_freesoc\freesoc.cydsn\CortexM3\ARM_GCC_493\Debug\freesoc.elf
Flash used: 53248 of 262144 bytes (20.3 %).
SRAM used: 4621 of 65536 bytes (7.1 %). Stack: 2048 bytes. Heap: 128 bytes.
--------------- Build Succeeded: 07/26/2016 09:21:18 ---------------
