ARM GAS  C:\Users\Tim\AppData\Local\Temp\ccaRWeMz.s 			page 1


   1              		.syntax unified
   2              		.cpu cortex-m3
   3              		.fpu softvfp
   4              		.eabi_attribute 20, 1
   5              		.eabi_attribute 21, 1
   6              		.eabi_attribute 23, 3
   7              		.eabi_attribute 24, 1
   8              		.eabi_attribute 25, 1
   9              		.eabi_attribute 26, 1
  10              		.eabi_attribute 30, 1
  11              		.eabi_attribute 34, 1
  12              		.eabi_attribute 18, 4
  13              		.thumb
  14              		.file	"cal.c"
  15              		.text
  16              	.Ltext0:
  17              		.cfi_sections	.debug_frame
  18              		.section	.text.SetCalibrationStatusBit,"ax",%progbits
  19              		.align	2
  20              		.thumb
  21              		.thumb_func
  22              		.type	SetCalibrationStatusBit, %function
  23              	SetCalibrationStatusBit:
  24              	.LFB64:
  25              		.file 1 "..\\source\\cal.c"
   1:..\source/cal.c **** /* ========================================
   2:..\source/cal.c ****  *
   3:..\source/cal.c ****  * Copyright YOUR COMPANY, THE YEAR
   4:..\source/cal.c ****  * All Rights Reserved
   5:..\source/cal.c ****  * UNPUBLISHED, LICENSED SOFTWARE.
   6:..\source/cal.c ****  *
   7:..\source/cal.c ****  * CONFIDENTIAL AND PROPRIETARY INFORMATION
   8:..\source/cal.c ****  * WHICH IS THE PROPERTY OF your company.
   9:..\source/cal.c ****  *
  10:..\source/cal.c ****  * ========================================
  11:..\source/cal.c **** */
  12:..\source/cal.c **** #include <stdio.h>
  13:..\source/cal.c **** #include "cal.h"
  14:..\source/cal.c **** #include "motor.h"
  15:..\source/cal.c **** #include "i2c.h"
  16:..\source/cal.c **** #include "pwm.h"
  17:..\source/cal.c **** #include "encoder.h"
  18:..\source/cal.c **** #include "utils.h"
  19:..\source/cal.c **** #include "serial.h"
  20:..\source/cal.c **** #include "pid.h"
  21:..\source/cal.c **** #include "nvstore.h"
  22:..\source/cal.c **** #include "calcps2pwm.h"
  23:..\source/cal.c **** #include "calpid.h"
  24:..\source/cal.c **** #include "callin.h"
  25:..\source/cal.c **** #include "calang.h"
  26:..\source/cal.c **** 
  27:..\source/cal.c **** //#define DEFAULT_CALIBRATION
  28:..\source/cal.c **** #ifdef DEFAULT_CALIBRATION
  29:..\source/cal.c **** static CAL_DATA_TYPE left_fwd_cal_data = {
  30:..\source/cal.c ****     0,
  31:..\source/cal.c ****     28006,
  32:..\source/cal.c ****     CAL_SCALE_FACTOR,
ARM GAS  C:\Users\Tim\AppData\Local\Temp\ccaRWeMz.s 			page 2


  33:..\source/cal.c ****     { /*  1     2     3     4     5     6      7    8     9     10  */
  34:..\source/cal.c ****             0,    0,    0,   95,  605, 1270, 1922, 2580, 3251, 3917,
  35:..\source/cal.c ****          4504, 5040, 5629, 6395, 7064, 7591, 8220, 8890, 9404,10080,
  36:..\source/cal.c ****         10736,11326,11969,12539,13161,13767,14377,14961,15590,16126,
  37:..\source/cal.c ****         16711,17317,17854,18400,18915,19465,19998,20534,21071,21623,
  38:..\source/cal.c ****         22157,22660,23174,23684,24175,24667,25173,26212,27496,27940,
  39:..\source/cal.c ****         28006
  40:..\source/cal.c ****     },
  41:..\source/cal.c ****     {1500, 1510, 1520, 1530, 1540, 1550, 1560, 1570, 1580, 1590, 
  42:..\source/cal.c ****      1600, 1610, 1620, 1630, 1640, 1650, 1660, 1670, 1680, 1690, 
  43:..\source/cal.c ****      1700, 1710, 1720, 1730, 1740, 1750, 1760, 1770, 1780, 1790,  
  44:..\source/cal.c ****      1800, 1810, 1820, 1830, 1840, 1850, 1860, 1870, 1880, 1890, 
  45:..\source/cal.c ****      1900, 1910, 1920, 1930, 1940, 1950, 1960, 1970, 1980, 1990, 2000
  46:..\source/cal.c ****     },
  47:..\source/cal.c ****     0
  48:..\source/cal.c **** };
  49:..\source/cal.c **** 
  50:..\source/cal.c **** static CAL_DATA_TYPE left_bwd_cal_data = {
  51:..\source/cal.c ****     -28447,
  52:..\source/cal.c ****     0,
  53:..\source/cal.c ****     CAL_SCALE_FACTOR,
  54:..\source/cal.c ****     { /*   1      2      3      4      5      6      7      8      9     10  */
  55:..\source/cal.c ****         -28447,-28021,-26732,-25679,-25219,-24723,-24232,-23750,-23327,-22774,
  56:..\source/cal.c ****         -22266,-21779,-21238,-20692,-20130,-19573,-19003,-18434,-17850,-17264,
  57:..\source/cal.c ****         -16676,-16057,-15457,-14850,-14243,-13631,-12968,-12352,-11705,-11079,
  58:..\source/cal.c ****         -10446, -9808, -9189, -8516, -7862, -7279, -6610, -5966, -5317, -4671,
  59:..\source/cal.c ****          -4036, -3417, -2779, -2161, -1558,  -893,  -236,     0,     0,     0,
  60:..\source/cal.c ****         0
  61:..\source/cal.c ****     },
  62:..\source/cal.c ****     {1000,1010,1020,1030,1040,1050,1060,1070,1080,1090,
  63:..\source/cal.c ****      1100,1110,1120,1130,1140,1150,1160,1170,1180,1190,
  64:..\source/cal.c ****      1200,1210,1220,1230,1240,1250,1260,1270,1280,1290,
  65:..\source/cal.c ****      1300,1310,1320,1330,1340,1350,1360,1370,1380,1390,
  66:..\source/cal.c ****      1400,1410,1420,1430,1440,1450,1460,1470,1480,1490,1500
  67:..\source/cal.c ****     },
  68:..\source/cal.c ****     0
  69:..\source/cal.c **** };
  70:..\source/cal.c **** 
  71:..\source/cal.c **** 
  72:..\source/cal.c **** static CAL_DATA_TYPE right_fwd_cal_data = {
  73:..\source/cal.c ****     0,
  74:..\source/cal.c ****     26523,
  75:..\source/cal.c ****     CAL_SCALE_FACTOR,
  76:..\source/cal.c ****     { /*  1     2     3     4     5     6     7     8     9     10  */
  77:..\source/cal.c ****             0,    0,    0,    0,    0,  132,  679, 1344, 1990, 2558,
  78:..\source/cal.c ****          3107, 3663, 4263, 4926, 5625, 6195, 6708, 7346, 8051, 8567,
  79:..\source/cal.c ****         9202,  9828,10375,11009,11539,12171,12715,13365,13903,14546,
  80:..\source/cal.c ****         15075,15691,16247,16783,17358,17884,18379,18873,19401,19936,
  81:..\source/cal.c ****         20404,20881,21362,21848,22327,22795,23270,23744,24264,25274,
  82:..\source/cal.c ****         26523
  83:..\source/cal.c ****     },
  84:..\source/cal.c ****     {            
  85:..\source/cal.c ****         1500,1490,1480,1470,1460,1450,1440,1430,1420,1410,
  86:..\source/cal.c ****         1400,1390,1380,1370,1360,1350,1340,1330,1320,1310,
  87:..\source/cal.c ****         1300,1290,1280,1270,1260,1250,1240,1230,1220,1210,
  88:..\source/cal.c ****         1200,1190,1180,1170,1160,1150,1140,1130,1120,1110,
  89:..\source/cal.c ****         1100,1090,1080,1070,1060,1050,1040,1030,1020,1010,
ARM GAS  C:\Users\Tim\AppData\Local\Temp\ccaRWeMz.s 			page 3


  90:..\source/cal.c ****         1000    
  91:..\source/cal.c ****     },
  92:..\source/cal.c ****     0
  93:..\source/cal.c **** };
  94:..\source/cal.c **** 
  95:..\source/cal.c ****     
  96:..\source/cal.c **** static CAL_DATA_TYPE right_bwd_cal_data = {
  97:..\source/cal.c ****     -27555,
  98:..\source/cal.c ****     0,
  99:..\source/cal.c ****     CAL_SCALE_FACTOR,
 100:..\source/cal.c ****     { /*   1      2      3      4      5      6      7      8      9     10  */
 101:..\source/cal.c ****         -27555,-27538,-27503,-27368,-26971,-25685,-24599,-24093,-23610,-23161,
 102:..\source/cal.c ****         -22669,-22213,-21733,-21267,-20755,-20240,-19714,-19212,-18693,-18131,
 103:..\source/cal.c ****         -17532,-16966,-16408,-15839,-15274,-14694,-14105,-13469,-12874,-12271,
 104:..\source/cal.c ****         -11665,-11039,-10445, -9817, -9231, -8592, -7984, -7384, -6771, -6106,
 105:..\source/cal.c ****          -5472, -4875, -4233, -3585, -2977, -2337, -1691, -1025,  -333,   -27,
 106:..\source/cal.c ****         0
 107:..\source/cal.c ****     },
 108:..\source/cal.c ****     {
 109:..\source/cal.c ****         2000,1990,1980,1970,1960,1950,1940,1930,1920,1910,
 110:..\source/cal.c ****         1900,1890,1880,1870,1860,1850,1840,1830,1820,1810,
 111:..\source/cal.c ****         1800,1790,1780,1770,1760,1750,1740,1730,1720,1710,
 112:..\source/cal.c ****         1700,1690,1680,1670,1660,1650,1640,1630,1620,1610,
 113:..\source/cal.c ****         1600,1590,1580,1570,1560,1550,1540,1530,1520,1510,
 114:..\source/cal.c ****         1500
 115:..\source/cal.c ****     },
 116:..\source/cal.c ****     0
 117:..\source/cal.c **** };    
 118:..\source/cal.c **** #endif
 119:..\source/cal.c **** 
 120:..\source/cal.c **** static uint8 cal_verbose;
 121:..\source/cal.c **** 
 122:..\source/cal.c **** static void ClearCalibrationStatusBit(uint16 bit)
 123:..\source/cal.c **** {
 124:..\source/cal.c ****     uint16 status = p_cal_eeprom->status &= ~bit;
 125:..\source/cal.c ****     Nvstore_WriteUint16(status, NVSTORE_CAL_EEPROM_ADDR_TO_OFFSET(&p_cal_eeprom->status));
 126:..\source/cal.c ****     I2c_ClearCalibrationStatusBit(bit);
 127:..\source/cal.c **** }
 128:..\source/cal.c **** 
 129:..\source/cal.c **** static void SetCalibrationStatusBit(uint16 bit)
 130:..\source/cal.c **** {
  26              		.loc 1 130 0
  27              		.cfi_startproc
  28              		@ args = 0, pretend = 0, frame = 0
  29              		@ frame_needed = 0, uses_anonymous_args = 0
  30              	.LVL0:
  31 0000 10B5     		push	{r4, lr}
  32              		.cfi_def_cfa_offset 8
  33              		.cfi_offset 4, -8
  34              		.cfi_offset 14, -4
  35 0002 0446     		mov	r4, r0
 131:..\source/cal.c ****     uint16 status = p_cal_eeprom->status | bit;
  36              		.loc 1 131 0
  37 0004 064B     		ldr	r3, .L3
  38 0006 1968     		ldr	r1, [r3]
  39 0008 0888     		ldrh	r0, [r1]
  40              	.LVL1:
ARM GAS  C:\Users\Tim\AppData\Local\Temp\ccaRWeMz.s 			page 4


  41 000a 80B2     		uxth	r0, r0
  42              	.LVL2:
 132:..\source/cal.c ****     Nvstore_WriteUint16(status, NVSTORE_CAL_EEPROM_ADDR_TO_OFFSET(&p_cal_eeprom->status));
  43              		.loc 1 132 0
  44 000c A1F50041 		sub	r1, r1, #32768
  45 0010 2043     		orrs	r0, r0, r4
  46              	.LVL3:
  47 0012 89B2     		uxth	r1, r1
  48 0014 FFF7FEFF 		bl	Nvstore_WriteUint16
  49              	.LVL4:
 133:..\source/cal.c ****     I2c_SetCalibrationStatusBit(bit);   
  50              		.loc 1 133 0
  51 0018 2046     		mov	r0, r4
  52 001a FFF7FEFF 		bl	I2c_SetCalibrationStatusBit
  53              	.LVL5:
  54 001e 10BD     		pop	{r4, pc}
  55              	.L4:
  56              		.align	2
  57              	.L3:
  58 0020 00000000 		.word	p_cal_eeprom
  59              		.cfi_endproc
  60              	.LFE64:
  61              		.size	SetCalibrationStatusBit, .-SetCalibrationStatusBit
  62              		.section	.text.ClearCalibrationStatusBit,"ax",%progbits
  63              		.align	2
  64              		.thumb
  65              		.thumb_func
  66              		.type	ClearCalibrationStatusBit, %function
  67              	ClearCalibrationStatusBit:
  68              	.LFB63:
 123:..\source/cal.c ****     uint16 status = p_cal_eeprom->status &= ~bit;
  69              		.loc 1 123 0
  70              		.cfi_startproc
  71              		@ args = 0, pretend = 0, frame = 0
  72              		@ frame_needed = 0, uses_anonymous_args = 0
  73              	.LVL6:
  74 0000 10B5     		push	{r4, lr}
  75              		.cfi_def_cfa_offset 8
  76              		.cfi_offset 4, -8
  77              		.cfi_offset 14, -4
  78 0002 0446     		mov	r4, r0
 124:..\source/cal.c ****     Nvstore_WriteUint16(status, NVSTORE_CAL_EEPROM_ADDR_TO_OFFSET(&p_cal_eeprom->status));
  79              		.loc 1 124 0
  80 0004 084A     		ldr	r2, .L7
  81 0006 1368     		ldr	r3, [r2]
  82 0008 1888     		ldrh	r0, [r3]
  83              	.LVL7:
  84 000a 80B2     		uxth	r0, r0
  85 000c 20EA0400 		bic	r0, r0, r4
  86 0010 1988     		ldrh	r1, [r3]
  87 0012 1880     		strh	r0, [r3]	@ movhi
  88              	.LVL8:
 125:..\source/cal.c ****     I2c_ClearCalibrationStatusBit(bit);
  89              		.loc 1 125 0
  90 0014 1188     		ldrh	r1, [r2]
  91 0016 81F40041 		eor	r1, r1, #32768
  92 001a FFF7FEFF 		bl	Nvstore_WriteUint16
ARM GAS  C:\Users\Tim\AppData\Local\Temp\ccaRWeMz.s 			page 5


  93              	.LVL9:
 126:..\source/cal.c **** }
  94              		.loc 1 126 0
  95 001e 2046     		mov	r0, r4
  96 0020 FFF7FEFF 		bl	I2c_ClearCalibrationStatusBit
  97              	.LVL10:
  98 0024 10BD     		pop	{r4, pc}
  99              	.L8:
 100 0026 00BF     		.align	2
 101              	.L7:
 102 0028 00000000 		.word	p_cal_eeprom
 103              		.cfi_endproc
 104              	.LFE63:
 105              		.size	ClearCalibrationStatusBit, .-ClearCalibrationStatusBit
 106              		.section	.text.Cal_Init,"ax",%progbits
 107              		.align	2
 108              		.global	Cal_Init
 109              		.thumb
 110              		.thumb_func
 111              		.type	Cal_Init, %function
 112              	Cal_Init:
 113              	.LFB65:
 134:..\source/cal.c **** }
 135:..\source/cal.c **** 
 136:..\source/cal.c **** void Cal_Init()
 137:..\source/cal.c **** {
 114              		.loc 1 137 0
 115              		.cfi_startproc
 116              		@ args = 0, pretend = 0, frame = 0
 117              		@ frame_needed = 0, uses_anonymous_args = 0
 118              		@ link register save eliminated.
 138:..\source/cal.c ****     p_cal_eeprom = NVSTORE_CAL_EEPROM_BASE;
 119              		.loc 1 138 0
 120 0000 034A     		ldr	r2, .L10
 121 0002 044B     		ldr	r3, .L10+4
 122 0004 1A60     		str	r2, [r3]
 139:..\source/cal.c ****     cal_verbose = 0;
 123              		.loc 1 139 0
 124 0006 0022     		movs	r2, #0
 125 0008 034B     		ldr	r3, .L10+8
 126 000a 1A70     		strb	r2, [r3]
 127 000c 7047     		bx	lr
 128              	.L11:
 129 000e 00BF     		.align	2
 130              	.L10:
 131 0010 00800040 		.word	1073774592
 132 0014 00000000 		.word	p_cal_eeprom
 133 0018 00000000 		.word	.LANCHOR0
 134              		.cfi_endproc
 135              	.LFE65:
 136              		.size	Cal_Init, .-Cal_Init
 137              		.section	.text.Cal_Start,"ax",%progbits
 138              		.align	2
 139              		.global	Cal_Start
 140              		.thumb
 141              		.thumb_func
 142              		.type	Cal_Start, %function
ARM GAS  C:\Users\Tim\AppData\Local\Temp\ccaRWeMz.s 			page 6


 143              	Cal_Start:
 144              	.LFB66:
 140:..\source/cal.c **** }
 141:..\source/cal.c **** 
 142:..\source/cal.c **** void Cal_Start()
 143:..\source/cal.c **** {
 145              		.loc 1 143 0
 146              		.cfi_startproc
 147              		@ args = 0, pretend = 0, frame = 0
 148              		@ frame_needed = 0, uses_anonymous_args = 0
 149 0000 08B5     		push	{r3, lr}
 150              		.cfi_def_cfa_offset 8
 151              		.cfi_offset 3, -8
 152              		.cfi_offset 14, -4
 144:..\source/cal.c ****     //Nvstore_WriteBytes((uint8 *) &left_fwd_cal_data, sizeof(CAL_DATA_TYPE), NVSTORE_CAL_EEPROM_AD
 145:..\source/cal.c ****     //Nvstore_WriteBytes((uint8 *) &left_bwd_cal_data, sizeof(CAL_DATA_TYPE), NVSTORE_CAL_EEPROM_AD
 146:..\source/cal.c ****     //Nvstore_WriteBytes((uint8 *) &right_fwd_cal_data, sizeof(CAL_DATA_TYPE), NVSTORE_CAL_EEPROM_A
 147:..\source/cal.c ****     //Nvstore_WriteBytes((uint8 *) &right_bwd_cal_data, sizeof(CAL_DATA_TYPE), NVSTORE_CAL_EEPROM_A
 148:..\source/cal.c ****     //Nvstore_WriteUint16(0, 0);
 149:..\source/cal.c ****     
 150:..\source/cal.c ****     I2c_SetCalibrationStatusBit(p_cal_eeprom->status);
 153              		.loc 1 150 0
 154 0002 034B     		ldr	r3, .L14
 155 0004 1B68     		ldr	r3, [r3]
 156 0006 1888     		ldrh	r0, [r3]
 157 0008 80B2     		uxth	r0, r0
 158 000a FFF7FEFF 		bl	I2c_SetCalibrationStatusBit
 159              	.LVL11:
 160 000e 08BD     		pop	{r3, pc}
 161              	.L15:
 162              		.align	2
 163              	.L14:
 164 0010 00000000 		.word	p_cal_eeprom
 165              		.cfi_endproc
 166              	.LFE66:
 167              		.size	Cal_Start, .-Cal_Start
 168              		.section	.text.Cal_Update,"ax",%progbits
 169              		.align	2
 170              		.global	Cal_Update
 171              		.thumb
 172              		.thumb_func
 173              		.type	Cal_Update, %function
 174              	Cal_Update:
 175              	.LFB67:
 151:..\source/cal.c **** }
 152:..\source/cal.c **** 
 153:..\source/cal.c **** void Cal_Update(uint16 status)
 154:..\source/cal.c **** {   
 176              		.loc 1 154 0
 177              		.cfi_startproc
 178              		@ args = 0, pretend = 0, frame = 0
 179              		@ frame_needed = 0, uses_anonymous_args = 0
 180              	.LVL12:
 181 0000 08B5     		push	{r3, lr}
 182              		.cfi_def_cfa_offset 8
 183              		.cfi_offset 3, -8
 184              		.cfi_offset 14, -4
ARM GAS  C:\Users\Tim\AppData\Local\Temp\ccaRWeMz.s 			page 7


 155:..\source/cal.c ****     cal_verbose = status & CAL_VERBOSE_BIT;
 185              		.loc 1 155 0
 186 0002 20F07F02 		bic	r2, r0, #127
 187 0006 204B     		ldr	r3, .L22
 188 0008 1A70     		strb	r2, [r3]
 156:..\source/cal.c ****     
 157:..\source/cal.c ****     if (status & CAL_COUNT_PER_SEC_TO_PWM_BIT)
 189              		.loc 1 157 0
 190 000a 10F0010F 		tst	r0, #1
 191 000e 0AD0     		beq	.L17
 158:..\source/cal.c ****     {
 159:..\source/cal.c ****         ClearCalibrationStatusBit(CAL_COUNT_PER_SEC_TO_PWM_BIT);
 192              		.loc 1 159 0
 193 0010 0120     		movs	r0, #1
 194              	.LVL13:
 195 0012 FFF7FEFF 		bl	ClearCalibrationStatusBit
 196              	.LVL14:
 160:..\source/cal.c ****         PerformCountPerSecToPwmCalibration(cal_verbose);
 197              		.loc 1 160 0
 198 0016 1C4B     		ldr	r3, .L22
 199 0018 1878     		ldrb	r0, [r3]	@ zero_extendqisi2
 200 001a FFF7FEFF 		bl	PerformCountPerSecToPwmCalibration
 201              	.LVL15:
 161:..\source/cal.c ****         SetCalibrationStatusBit(CAL_COUNT_PER_SEC_TO_PWM_BIT);
 202              		.loc 1 161 0
 203 001e 0120     		movs	r0, #1
 204 0020 FFF7FEFF 		bl	SetCalibrationStatusBit
 205              	.LVL16:
 206 0024 2BE0     		b	.L18
 207              	.LVL17:
 208              	.L17:
 162:..\source/cal.c ****     }
 163:..\source/cal.c ****     else if (status & CAL_PID_BIT)
 209              		.loc 1 163 0
 210 0026 00F00203 		and	r3, r0, #2
 211 002a 9BB2     		uxth	r3, r3
 212 002c 53B1     		cbz	r3, .L19
 164:..\source/cal.c ****     {
 165:..\source/cal.c ****         ClearCalibrationStatusBit(CAL_PID_BIT);
 213              		.loc 1 165 0
 214 002e 0220     		movs	r0, #2
 215              	.LVL18:
 216 0030 FFF7FEFF 		bl	ClearCalibrationStatusBit
 217              	.LVL19:
 166:..\source/cal.c ****         PerformPidCalibration(cal_verbose);
 218              		.loc 1 166 0
 219 0034 144B     		ldr	r3, .L22
 220 0036 1878     		ldrb	r0, [r3]	@ zero_extendqisi2
 221 0038 FFF7FEFF 		bl	PerformPidCalibration
 222              	.LVL20:
 167:..\source/cal.c ****         SetCalibrationStatusBit(CAL_PID_BIT);
 223              		.loc 1 167 0
 224 003c 0220     		movs	r0, #2
 225 003e FFF7FEFF 		bl	SetCalibrationStatusBit
 226              	.LVL21:
 227 0042 1CE0     		b	.L18
 228              	.LVL22:
ARM GAS  C:\Users\Tim\AppData\Local\Temp\ccaRWeMz.s 			page 8


 229              	.L19:
 168:..\source/cal.c ****     }
 169:..\source/cal.c ****     else if (status & CAL_LINEAR_BIAS_BIT)
 230              		.loc 1 169 0
 231 0044 00F00403 		and	r3, r0, #4
 232 0048 9BB2     		uxth	r3, r3
 233 004a 53B1     		cbz	r3, .L20
 170:..\source/cal.c ****     {
 171:..\source/cal.c ****         ClearCalibrationStatusBit(CAL_LINEAR_BIAS_BIT);
 234              		.loc 1 171 0
 235 004c 0420     		movs	r0, #4
 236              	.LVL23:
 237 004e FFF7FEFF 		bl	ClearCalibrationStatusBit
 238              	.LVL24:
 172:..\source/cal.c ****         PerformLinearBiasCalibration(cal_verbose);
 239              		.loc 1 172 0
 240 0052 0D4B     		ldr	r3, .L22
 241 0054 1878     		ldrb	r0, [r3]	@ zero_extendqisi2
 242 0056 FFF7FEFF 		bl	PerformLinearBiasCalibration
 243              	.LVL25:
 173:..\source/cal.c ****         SetCalibrationStatusBit(CAL_LINEAR_BIAS_BIT);
 244              		.loc 1 173 0
 245 005a 0420     		movs	r0, #4
 246 005c FFF7FEFF 		bl	SetCalibrationStatusBit
 247              	.LVL26:
 248 0060 0DE0     		b	.L18
 249              	.LVL27:
 250              	.L20:
 174:..\source/cal.c ****     }
 175:..\source/cal.c ****     else if (status & CAL_ANGULAR_BIAS_BIT)
 251              		.loc 1 175 0
 252 0062 00F00800 		and	r0, r0, #8
 253              	.LVL28:
 254 0066 80B2     		uxth	r0, r0
 255 0068 48B1     		cbz	r0, .L18
 176:..\source/cal.c ****     {
 177:..\source/cal.c ****         ClearCalibrationStatusBit(CAL_ANGULAR_BIAS_BIT);
 256              		.loc 1 177 0
 257 006a 0820     		movs	r0, #8
 258 006c FFF7FEFF 		bl	ClearCalibrationStatusBit
 259              	.LVL29:
 178:..\source/cal.c ****         PerformAngularBiasCalibration(cal_verbose);
 260              		.loc 1 178 0
 261 0070 054B     		ldr	r3, .L22
 262 0072 1878     		ldrb	r0, [r3]	@ zero_extendqisi2
 263 0074 FFF7FEFF 		bl	PerformAngularBiasCalibration
 264              	.LVL30:
 179:..\source/cal.c ****         SetCalibrationStatusBit(CAL_ANGULAR_BIAS_BIT);
 265              		.loc 1 179 0
 266 0078 0820     		movs	r0, #8
 267 007a FFF7FEFF 		bl	SetCalibrationStatusBit
 268              	.LVL31:
 269              	.L18:
 180:..\source/cal.c ****     }
 181:..\source/cal.c ****     
 182:..\source/cal.c ****     cal_verbose = 0;
 270              		.loc 1 182 0
ARM GAS  C:\Users\Tim\AppData\Local\Temp\ccaRWeMz.s 			page 9


 271 007e 0022     		movs	r2, #0
 272 0080 014B     		ldr	r3, .L22
 273 0082 1A70     		strb	r2, [r3]
 274 0084 08BD     		pop	{r3, pc}
 275              	.L23:
 276 0086 00BF     		.align	2
 277              	.L22:
 278 0088 00000000 		.word	.LANCHOR0
 279              		.cfi_endproc
 280              	.LFE67:
 281              		.size	Cal_Update, .-Cal_Update
 282              		.section	.text.Cal_LeftGetMotorCalData,"ax",%progbits
 283              		.align	2
 284              		.global	Cal_LeftGetMotorCalData
 285              		.thumb
 286              		.thumb_func
 287              		.type	Cal_LeftGetMotorCalData, %function
 288              	Cal_LeftGetMotorCalData:
 289              	.LFB68:
 183:..\source/cal.c **** }
 184:..\source/cal.c **** 
 185:..\source/cal.c **** void Cal_LeftGetMotorCalData(CAL_DATA_TYPE **fwd_cal_data, CAL_DATA_TYPE **bwd_cal_data)
 186:..\source/cal.c **** {
 290              		.loc 1 186 0
 291              		.cfi_startproc
 292              		@ args = 0, pretend = 0, frame = 0
 293              		@ frame_needed = 0, uses_anonymous_args = 0
 294              		@ link register save eliminated.
 295              	.LVL32:
 187:..\source/cal.c **** #ifdef DEFAULT_CALIBRATION    
 188:..\source/cal.c ****     *fwd_cal_data = &left_fwd_cal_data;
 189:..\source/cal.c ****     *bwd_cal_data = &left_bwd_cal_data;
 190:..\source/cal.c **** #else
 191:..\source/cal.c ****     *fwd_cal_data = (CAL_DATA_TYPE *) &(p_cal_eeprom->left_motor_fwd);
 296              		.loc 1 191 0
 297 0000 044A     		ldr	r2, .L25
 298 0002 1368     		ldr	r3, [r2]
 299 0004 3033     		adds	r3, r3, #48
 300 0006 0360     		str	r3, [r0]
 192:..\source/cal.c ****     *bwd_cal_data = (CAL_DATA_TYPE *) &(p_cal_eeprom->left_motor_bwd);
 301              		.loc 1 192 0
 302 0008 1368     		ldr	r3, [r2]
 303 000a 03F5B873 		add	r3, r3, #368
 304 000e 0B60     		str	r3, [r1]
 305 0010 7047     		bx	lr
 306              	.L26:
 307 0012 00BF     		.align	2
 308              	.L25:
 309 0014 00000000 		.word	p_cal_eeprom
 310              		.cfi_endproc
 311              	.LFE68:
 312              		.size	Cal_LeftGetMotorCalData, .-Cal_LeftGetMotorCalData
 313              		.section	.text.Cal_RightGetMotorCalData,"ax",%progbits
 314              		.align	2
 315              		.global	Cal_RightGetMotorCalData
 316              		.thumb
 317              		.thumb_func
ARM GAS  C:\Users\Tim\AppData\Local\Temp\ccaRWeMz.s 			page 10


 318              		.type	Cal_RightGetMotorCalData, %function
 319              	Cal_RightGetMotorCalData:
 320              	.LFB69:
 193:..\source/cal.c **** #endif    
 194:..\source/cal.c **** }
 195:..\source/cal.c **** 
 196:..\source/cal.c **** void Cal_RightGetMotorCalData(CAL_DATA_TYPE **fwd_cal_data, CAL_DATA_TYPE **bwd_cal_data)
 197:..\source/cal.c **** {
 321              		.loc 1 197 0
 322              		.cfi_startproc
 323              		@ args = 0, pretend = 0, frame = 0
 324              		@ frame_needed = 0, uses_anonymous_args = 0
 325              		@ link register save eliminated.
 326              	.LVL33:
 198:..\source/cal.c **** #ifdef DEFAULT_CALIBRATION    
 199:..\source/cal.c ****     *fwd_cal_data = &right_fwd_cal_data;
 200:..\source/cal.c ****     *bwd_cal_data = &right_bwd_cal_data;
 201:..\source/cal.c **** #else
 202:..\source/cal.c ****     *fwd_cal_data = (CAL_DATA_TYPE *) &(p_cal_eeprom->right_motor_fwd);
 327              		.loc 1 202 0
 328 0000 044A     		ldr	r2, .L28
 329 0002 1368     		ldr	r3, [r2]
 330 0004 03F52C73 		add	r3, r3, #688
 331 0008 0360     		str	r3, [r0]
 203:..\source/cal.c ****     *bwd_cal_data = (CAL_DATA_TYPE *) &(p_cal_eeprom->right_motor_bwd);
 332              		.loc 1 203 0
 333 000a 1368     		ldr	r3, [r2]
 334 000c 03F57C73 		add	r3, r3, #1008
 335 0010 0B60     		str	r3, [r1]
 336 0012 7047     		bx	lr
 337              	.L29:
 338              		.align	2
 339              	.L28:
 340 0014 00000000 		.word	p_cal_eeprom
 341              		.cfi_endproc
 342              	.LFE69:
 343              		.size	Cal_RightGetMotorCalData, .-Cal_RightGetMotorCalData
 344              		.section	.text.Cal_LeftGetPidGains,"ax",%progbits
 345              		.align	2
 346              		.global	Cal_LeftGetPidGains
 347              		.thumb
 348              		.thumb_func
 349              		.type	Cal_LeftGetPidGains, %function
 350              	Cal_LeftGetPidGains:
 351              	.LFB70:
 204:..\source/cal.c **** #endif    
 205:..\source/cal.c **** }
 206:..\source/cal.c **** 
 207:..\source/cal.c **** CAL_PID_TYPE * Cal_LeftGetPidGains()
 208:..\source/cal.c **** {
 352              		.loc 1 208 0
 353              		.cfi_startproc
 354              		@ args = 0, pretend = 0, frame = 0
 355              		@ frame_needed = 0, uses_anonymous_args = 0
 356              		@ link register save eliminated.
 209:..\source/cal.c ****     return (CAL_PID_TYPE *) &p_cal_eeprom->left_gains;
 357              		.loc 1 209 0
ARM GAS  C:\Users\Tim\AppData\Local\Temp\ccaRWeMz.s 			page 11


 358 0000 014B     		ldr	r3, .L31
 359 0002 1868     		ldr	r0, [r3]
 210:..\source/cal.c **** }
 360              		.loc 1 210 0
 361 0004 1030     		adds	r0, r0, #16
 362 0006 7047     		bx	lr
 363              	.L32:
 364              		.align	2
 365              	.L31:
 366 0008 00000000 		.word	p_cal_eeprom
 367              		.cfi_endproc
 368              	.LFE70:
 369              		.size	Cal_LeftGetPidGains, .-Cal_LeftGetPidGains
 370              		.section	.text.Cal_RightGetPidGains,"ax",%progbits
 371              		.align	2
 372              		.global	Cal_RightGetPidGains
 373              		.thumb
 374              		.thumb_func
 375              		.type	Cal_RightGetPidGains, %function
 376              	Cal_RightGetPidGains:
 377              	.LFB71:
 211:..\source/cal.c **** 
 212:..\source/cal.c **** CAL_PID_TYPE * Cal_RightGetPidGains()
 213:..\source/cal.c **** {
 378              		.loc 1 213 0
 379              		.cfi_startproc
 380              		@ args = 0, pretend = 0, frame = 0
 381              		@ frame_needed = 0, uses_anonymous_args = 0
 382              		@ link register save eliminated.
 214:..\source/cal.c ****     return (CAL_PID_TYPE *) &p_cal_eeprom->right_gains;
 383              		.loc 1 214 0
 384 0000 014B     		ldr	r3, .L34
 385 0002 1868     		ldr	r0, [r3]
 215:..\source/cal.c **** }
 386              		.loc 1 215 0
 387 0004 1C30     		adds	r0, r0, #28
 388 0006 7047     		bx	lr
 389              	.L35:
 390              		.align	2
 391              	.L34:
 392 0008 00000000 		.word	p_cal_eeprom
 393              		.cfi_endproc
 394              	.LFE71:
 395              		.size	Cal_RightGetPidGains, .-Cal_RightGetPidGains
 396              		.section	.text.Cal_Validate,"ax",%progbits
 397              		.align	2
 398              		.global	Cal_Validate
 399              		.thumb
 400              		.thumb_func
 401              		.type	Cal_Validate, %function
 402              	Cal_Validate:
 403              	.LFB72:
 216:..\source/cal.c **** 
 217:..\source/cal.c **** void Cal_Validate()
 218:..\source/cal.c **** {
 404              		.loc 1 218 0
 405              		.cfi_startproc
ARM GAS  C:\Users\Tim\AppData\Local\Temp\ccaRWeMz.s 			page 12


 406              		@ args = 0, pretend = 0, frame = 0
 407              		@ frame_needed = 0, uses_anonymous_args = 0
 408              		@ link register save eliminated.
 409 0000 7047     		bx	lr
 410              		.cfi_endproc
 411              	.LFE72:
 412              		.size	Cal_Validate, .-Cal_Validate
 413              		.comm	p_cal_eeprom,4,4
 414 0002 00BF     		.bss
 415              		.set	.LANCHOR0,. + 0
 416              		.type	cal_verbose, %object
 417              		.size	cal_verbose, 1
 418              	cal_verbose:
 419 0000 00       		.space	1
 420              		.text
 421              	.Letext0:
 422              		.file 2 "c:\\program files (x86)\\cypress\\psoc creator\\3.3\\psoc creator\\import\\gnu\\arm\\4.9.
 423              		.file 3 "c:\\program files (x86)\\cypress\\psoc creator\\3.3\\psoc creator\\import\\gnu\\arm\\4.9.
 424              		.file 4 "Generated_Source\\PSoC5/cytypes.h"
 425              		.file 5 "..\\source\\cal.h"
 426              		.file 6 "Generated_Source\\PSoC5/core_cm3.h"
 427              		.file 7 "..\\source\\nvstore.h"
 428              		.file 8 "..\\source\\i2c.h"
 429              		.file 9 "..\\source\\calcps2pwm.h"
 430              		.file 10 "..\\source\\calpid.h"
 431              		.file 11 "..\\source\\callin.h"
 432              		.file 12 "..\\source\\calang.h"
 433              		.section	.debug_info,"",%progbits
 434              	.Ldebug_info0:
 435 0000 33050000 		.4byte	0x533
 436 0004 0400     		.2byte	0x4
 437 0006 00000000 		.4byte	.Ldebug_abbrev0
 438 000a 04       		.byte	0x4
 439 000b 01       		.uleb128 0x1
 440 000c 44030000 		.4byte	.LASF60
 441 0010 01       		.byte	0x1
 442 0011 04040000 		.4byte	.LASF61
 443 0015 70010000 		.4byte	.LASF62
 444 0019 00000000 		.4byte	.Ldebug_ranges0+0
 445 001d 00000000 		.4byte	0
 446 0021 00000000 		.4byte	.Ldebug_line0
 447 0025 02       		.uleb128 0x2
 448 0026 01       		.byte	0x1
 449 0027 06       		.byte	0x6
 450 0028 5A000000 		.4byte	.LASF0
 451 002c 02       		.uleb128 0x2
 452 002d 01       		.byte	0x1
 453 002e 08       		.byte	0x8
 454 002f E8010000 		.4byte	.LASF1
 455 0033 02       		.uleb128 0x2
 456 0034 02       		.byte	0x2
 457 0035 05       		.byte	0x5
 458 0036 7C000000 		.4byte	.LASF2
 459 003a 02       		.uleb128 0x2
 460 003b 02       		.byte	0x2
 461 003c 07       		.byte	0x7
 462 003d 64020000 		.4byte	.LASF3
ARM GAS  C:\Users\Tim\AppData\Local\Temp\ccaRWeMz.s 			page 13


 463 0041 03       		.uleb128 0x3
 464 0042 3A030000 		.4byte	.LASF11
 465 0046 02       		.byte	0x2
 466 0047 3F       		.byte	0x3f
 467 0048 4C000000 		.4byte	0x4c
 468 004c 02       		.uleb128 0x2
 469 004d 04       		.byte	0x4
 470 004e 05       		.byte	0x5
 471 004f C4010000 		.4byte	.LASF4
 472 0053 02       		.uleb128 0x2
 473 0054 04       		.byte	0x4
 474 0055 07       		.byte	0x7
 475 0056 DF020000 		.4byte	.LASF5
 476 005a 02       		.uleb128 0x2
 477 005b 08       		.byte	0x8
 478 005c 05       		.byte	0x5
 479 005d A2010000 		.4byte	.LASF6
 480 0061 02       		.uleb128 0x2
 481 0062 08       		.byte	0x8
 482 0063 07       		.byte	0x7
 483 0064 40020000 		.4byte	.LASF7
 484 0068 04       		.uleb128 0x4
 485 0069 04       		.byte	0x4
 486 006a 05       		.byte	0x5
 487 006b 696E7400 		.ascii	"int\000"
 488 006f 02       		.uleb128 0x2
 489 0070 04       		.byte	0x4
 490 0071 07       		.byte	0x7
 491 0072 57020000 		.4byte	.LASF8
 492 0076 02       		.uleb128 0x2
 493 0077 04       		.byte	0x4
 494 0078 07       		.byte	0x7
 495 0079 86000000 		.4byte	.LASF9
 496 007d 02       		.uleb128 0x2
 497 007e 01       		.byte	0x1
 498 007f 08       		.byte	0x8
 499 0080 7E020000 		.4byte	.LASF10
 500 0084 03       		.uleb128 0x3
 501 0085 8D020000 		.4byte	.LASF12
 502 0089 03       		.byte	0x3
 503 008a 2C       		.byte	0x2c
 504 008b 41000000 		.4byte	0x41
 505 008f 05       		.uleb128 0x5
 506 0090 95020000 		.4byte	.LASF13
 507 0094 04       		.byte	0x4
 508 0095 3801     		.2byte	0x138
 509 0097 2C000000 		.4byte	0x2c
 510 009b 05       		.uleb128 0x5
 511 009c E1000000 		.4byte	.LASF14
 512 00a0 04       		.byte	0x4
 513 00a1 3901     		.2byte	0x139
 514 00a3 3A000000 		.4byte	0x3a
 515 00a7 05       		.uleb128 0x5
 516 00a8 F1020000 		.4byte	.LASF15
 517 00ac 04       		.byte	0x4
 518 00ad 3D01     		.2byte	0x13d
 519 00af 4C000000 		.4byte	0x4c
ARM GAS  C:\Users\Tim\AppData\Local\Temp\ccaRWeMz.s 			page 14


 520 00b3 02       		.uleb128 0x2
 521 00b4 04       		.byte	0x4
 522 00b5 04       		.byte	0x4
 523 00b6 6A010000 		.4byte	.LASF16
 524 00ba 02       		.uleb128 0x2
 525 00bb 08       		.byte	0x8
 526 00bc 04       		.byte	0x4
 527 00bd F7020000 		.4byte	.LASF17
 528 00c1 06       		.uleb128 0x6
 529 00c2 31020000 		.4byte	.LASF25
 530 00c6 4001     		.2byte	0x140
 531 00c8 05       		.byte	0x5
 532 00c9 38       		.byte	0x38
 533 00ca 18010000 		.4byte	0x118
 534 00ce 07       		.uleb128 0x7
 535 00cf 01010000 		.4byte	.LASF18
 536 00d3 05       		.byte	0x5
 537 00d4 3A       		.byte	0x3a
 538 00d5 A7000000 		.4byte	0xa7
 539 00d9 00       		.byte	0
 540 00da 07       		.uleb128 0x7
 541 00db 9C000000 		.4byte	.LASF19
 542 00df 05       		.byte	0x5
 543 00e0 3B       		.byte	0x3b
 544 00e1 A7000000 		.4byte	0xa7
 545 00e5 04       		.byte	0x4
 546 00e6 07       		.uleb128 0x7
 547 00e7 33000000 		.4byte	.LASF20
 548 00eb 05       		.byte	0x5
 549 00ec 3C       		.byte	0x3c
 550 00ed 68000000 		.4byte	0x68
 551 00f1 08       		.byte	0x8
 552 00f2 07       		.uleb128 0x7
 553 00f3 24030000 		.4byte	.LASF21
 554 00f7 05       		.byte	0x5
 555 00f8 3D       		.byte	0x3d
 556 00f9 18010000 		.4byte	0x118
 557 00fd 0C       		.byte	0xc
 558 00fe 07       		.uleb128 0x7
 559 00ff D2030000 		.4byte	.LASF22
 560 0103 05       		.byte	0x5
 561 0104 3E       		.byte	0x3e
 562 0105 28010000 		.4byte	0x128
 563 0109 D8       		.byte	0xd8
 564 010a 08       		.uleb128 0x8
 565 010b 2F040000 		.4byte	.LASF23
 566 010f 05       		.byte	0x5
 567 0110 40       		.byte	0x40
 568 0111 9B000000 		.4byte	0x9b
 569 0115 3E01     		.2byte	0x13e
 570 0117 00       		.byte	0
 571 0118 09       		.uleb128 0x9
 572 0119 A7000000 		.4byte	0xa7
 573 011d 28010000 		.4byte	0x128
 574 0121 0A       		.uleb128 0xa
 575 0122 76000000 		.4byte	0x76
 576 0126 32       		.byte	0x32
ARM GAS  C:\Users\Tim\AppData\Local\Temp\ccaRWeMz.s 			page 15


 577 0127 00       		.byte	0
 578 0128 09       		.uleb128 0x9
 579 0129 9B000000 		.4byte	0x9b
 580 012d 38010000 		.4byte	0x138
 581 0131 0A       		.uleb128 0xa
 582 0132 76000000 		.4byte	0x76
 583 0136 32       		.byte	0x32
 584 0137 00       		.byte	0
 585 0138 03       		.uleb128 0x3
 586 0139 14040000 		.4byte	.LASF24
 587 013d 05       		.byte	0x5
 588 013e 41       		.byte	0x41
 589 013f C1000000 		.4byte	0xc1
 590 0143 0B       		.uleb128 0xb
 591 0144 66000000 		.4byte	.LASF26
 592 0148 0C       		.byte	0xc
 593 0149 05       		.byte	0x5
 594 014a 43       		.byte	0x43
 595 014b 71010000 		.4byte	0x171
 596 014f 0C       		.uleb128 0xc
 597 0150 6B7000   		.ascii	"kp\000"
 598 0153 05       		.byte	0x5
 599 0154 45       		.byte	0x45
 600 0155 B3000000 		.4byte	0xb3
 601 0159 00       		.byte	0
 602 015a 0C       		.uleb128 0xc
 603 015b 6B6900   		.ascii	"ki\000"
 604 015e 05       		.byte	0x5
 605 015f 46       		.byte	0x46
 606 0160 B3000000 		.4byte	0xb3
 607 0164 04       		.byte	0x4
 608 0165 0C       		.uleb128 0xc
 609 0166 6B6400   		.ascii	"kd\000"
 610 0169 05       		.byte	0x5
 611 016a 47       		.byte	0x47
 612 016b B3000000 		.4byte	0xb3
 613 016f 08       		.byte	0x8
 614 0170 00       		.byte	0
 615 0171 03       		.uleb128 0x3
 616 0172 2D030000 		.4byte	.LASF27
 617 0176 05       		.byte	0x5
 618 0177 48       		.byte	0x48
 619 0178 43010000 		.4byte	0x143
 620 017c 06       		.uleb128 0x6
 621 017d 47040000 		.4byte	.LASF28
 622 0181 3005     		.2byte	0x530
 623 0183 05       		.byte	0x5
 624 0184 4A       		.byte	0x4a
 625 0185 11020000 		.4byte	0x211
 626 0189 07       		.uleb128 0x7
 627 018a 77020000 		.4byte	.LASF29
 628 018e 05       		.byte	0x5
 629 018f 4D       		.byte	0x4d
 630 0190 9B000000 		.4byte	0x9b
 631 0194 00       		.byte	0
 632 0195 07       		.uleb128 0x7
 633 0196 E8000000 		.4byte	.LASF30
ARM GAS  C:\Users\Tim\AppData\Local\Temp\ccaRWeMz.s 			page 16


 634 019a 05       		.byte	0x5
 635 019b 52       		.byte	0x52
 636 019c 9B000000 		.4byte	0x9b
 637 01a0 02       		.byte	0x2
 638 01a1 07       		.uleb128 0x7
 639 01a2 2F040000 		.4byte	.LASF23
 640 01a6 05       		.byte	0x5
 641 01a7 53       		.byte	0x53
 642 01a8 11020000 		.4byte	0x211
 643 01ac 04       		.byte	0x4
 644 01ad 07       		.uleb128 0x7
 645 01ae 03020000 		.4byte	.LASF31
 646 01b2 05       		.byte	0x5
 647 01b3 57       		.byte	0x57
 648 01b4 71010000 		.4byte	0x171
 649 01b8 10       		.byte	0x10
 650 01b9 07       		.uleb128 0x7
 651 01ba DC010000 		.4byte	.LASF32
 652 01be 05       		.byte	0x5
 653 01bf 58       		.byte	0x58
 654 01c0 71010000 		.4byte	0x171
 655 01c4 1C       		.byte	0x1c
 656 01c5 07       		.uleb128 0x7
 657 01c6 5E010000 		.4byte	.LASF33
 658 01ca 05       		.byte	0x5
 659 01cb 59       		.byte	0x59
 660 01cc B3000000 		.4byte	0xb3
 661 01d0 28       		.byte	0x28
 662 01d1 07       		.uleb128 0x7
 663 01d2 22040000 		.4byte	.LASF34
 664 01d6 05       		.byte	0x5
 665 01d7 5A       		.byte	0x5a
 666 01d8 B3000000 		.4byte	0xb3
 667 01dc 2C       		.byte	0x2c
 668 01dd 07       		.uleb128 0x7
 669 01de 38040000 		.4byte	.LASF35
 670 01e2 05       		.byte	0x5
 671 01e3 5B       		.byte	0x5b
 672 01e4 38010000 		.4byte	0x138
 673 01e8 30       		.byte	0x30
 674 01e9 08       		.uleb128 0x8
 675 01ea CD010000 		.4byte	.LASF36
 676 01ee 05       		.byte	0x5
 677 01ef 5C       		.byte	0x5c
 678 01f0 38010000 		.4byte	0x138
 679 01f4 7001     		.2byte	0x170
 680 01f6 08       		.uleb128 0x8
 681 01f7 F1000000 		.4byte	.LASF37
 682 01fb 05       		.byte	0x5
 683 01fc 5D       		.byte	0x5d
 684 01fd 38010000 		.4byte	0x138
 685 0201 B002     		.2byte	0x2b0
 686 0203 08       		.uleb128 0x8
 687 0204 CF020000 		.4byte	.LASF38
 688 0208 05       		.byte	0x5
 689 0209 5E       		.byte	0x5e
 690 020a 38010000 		.4byte	0x138
ARM GAS  C:\Users\Tim\AppData\Local\Temp\ccaRWeMz.s 			page 17


 691 020e F003     		.2byte	0x3f0
 692 0210 00       		.byte	0
 693 0211 09       		.uleb128 0x9
 694 0212 8F000000 		.4byte	0x8f
 695 0216 21020000 		.4byte	0x221
 696 021a 0A       		.uleb128 0xa
 697 021b 76000000 		.4byte	0x76
 698 021f 0B       		.byte	0xb
 699 0220 00       		.byte	0
 700 0221 03       		.uleb128 0x3
 701 0222 09010000 		.4byte	.LASF39
 702 0226 05       		.byte	0x5
 703 0227 5F       		.byte	0x5f
 704 0228 7C010000 		.4byte	0x17c
 705 022c 0D       		.uleb128 0xd
 706 022d BC000000 		.4byte	.LASF40
 707 0231 01       		.byte	0x1
 708 0232 81       		.byte	0x81
 709 0233 00000000 		.4byte	.LFB64
 710 0237 24000000 		.4byte	.LFE64-.LFB64
 711 023b 01       		.uleb128 0x1
 712 023c 9C       		.byte	0x9c
 713 023d 79020000 		.4byte	0x279
 714 0241 0E       		.uleb128 0xe
 715 0242 62697400 		.ascii	"bit\000"
 716 0246 01       		.byte	0x1
 717 0247 81       		.byte	0x81
 718 0248 9B000000 		.4byte	0x9b
 719 024c 00000000 		.4byte	.LLST0
 720 0250 0F       		.uleb128 0xf
 721 0251 77020000 		.4byte	.LASF29
 722 0255 01       		.byte	0x1
 723 0256 83       		.byte	0x83
 724 0257 9B000000 		.4byte	0x9b
 725 025b 21000000 		.4byte	.LLST1
 726 025f 10       		.uleb128 0x10
 727 0260 18000000 		.4byte	.LVL4
 728 0264 BE040000 		.4byte	0x4be
 729 0268 11       		.uleb128 0x11
 730 0269 1E000000 		.4byte	.LVL5
 731 026d D4040000 		.4byte	0x4d4
 732 0271 12       		.uleb128 0x12
 733 0272 01       		.uleb128 0x1
 734 0273 50       		.byte	0x50
 735 0274 02       		.uleb128 0x2
 736 0275 74       		.byte	0x74
 737 0276 00       		.sleb128 0
 738 0277 00       		.byte	0
 739 0278 00       		.byte	0
 740 0279 0D       		.uleb128 0xd
 741 027a 44010000 		.4byte	.LASF41
 742 027e 01       		.byte	0x1
 743 027f 7A       		.byte	0x7a
 744 0280 00000000 		.4byte	.LFB63
 745 0284 2C000000 		.4byte	.LFE63-.LFB63
 746 0288 01       		.uleb128 0x1
 747 0289 9C       		.byte	0x9c
ARM GAS  C:\Users\Tim\AppData\Local\Temp\ccaRWeMz.s 			page 18


 748 028a C6020000 		.4byte	0x2c6
 749 028e 0E       		.uleb128 0xe
 750 028f 62697400 		.ascii	"bit\000"
 751 0293 01       		.byte	0x1
 752 0294 7A       		.byte	0x7a
 753 0295 9B000000 		.4byte	0x9b
 754 0299 39000000 		.4byte	.LLST2
 755 029d 0F       		.uleb128 0xf
 756 029e 77020000 		.4byte	.LASF29
 757 02a2 01       		.byte	0x1
 758 02a3 7C       		.byte	0x7c
 759 02a4 9B000000 		.4byte	0x9b
 760 02a8 5A000000 		.4byte	.LLST3
 761 02ac 10       		.uleb128 0x10
 762 02ad 1E000000 		.4byte	.LVL9
 763 02b1 BE040000 		.4byte	0x4be
 764 02b5 11       		.uleb128 0x11
 765 02b6 24000000 		.4byte	.LVL10
 766 02ba E5040000 		.4byte	0x4e5
 767 02be 12       		.uleb128 0x12
 768 02bf 01       		.uleb128 0x1
 769 02c0 50       		.byte	0x50
 770 02c1 02       		.uleb128 0x2
 771 02c2 74       		.byte	0x74
 772 02c3 00       		.sleb128 0
 773 02c4 00       		.byte	0
 774 02c5 00       		.byte	0
 775 02c6 13       		.uleb128 0x13
 776 02c7 73000000 		.4byte	.LASF49
 777 02cb 01       		.byte	0x1
 778 02cc 88       		.byte	0x88
 779 02cd 00000000 		.4byte	.LFB65
 780 02d1 1C000000 		.4byte	.LFE65-.LFB65
 781 02d5 01       		.uleb128 0x1
 782 02d6 9C       		.byte	0x9c
 783 02d7 14       		.uleb128 0x14
 784 02d8 83020000 		.4byte	.LASF63
 785 02dc 01       		.byte	0x1
 786 02dd 8E       		.byte	0x8e
 787 02de 00000000 		.4byte	.LFB66
 788 02e2 14000000 		.4byte	.LFE66-.LFB66
 789 02e6 01       		.uleb128 0x1
 790 02e7 9C       		.byte	0x9c
 791 02e8 F6020000 		.4byte	0x2f6
 792 02ec 10       		.uleb128 0x10
 793 02ed 0E000000 		.4byte	.LVL11
 794 02f1 D4040000 		.4byte	0x4d4
 795 02f5 00       		.byte	0
 796 02f6 15       		.uleb128 0x15
 797 02f7 28000000 		.4byte	.LASF42
 798 02fb 01       		.byte	0x1
 799 02fc 99       		.byte	0x99
 800 02fd 00000000 		.4byte	.LFB67
 801 0301 8C000000 		.4byte	.LFE67-.LFB67
 802 0305 01       		.uleb128 0x1
 803 0306 9C       		.byte	0x9c
 804 0307 D3030000 		.4byte	0x3d3
ARM GAS  C:\Users\Tim\AppData\Local\Temp\ccaRWeMz.s 			page 19


 805 030b 16       		.uleb128 0x16
 806 030c 77020000 		.4byte	.LASF29
 807 0310 01       		.byte	0x1
 808 0311 99       		.byte	0x99
 809 0312 9B000000 		.4byte	0x9b
 810 0316 6D000000 		.4byte	.LLST4
 811 031a 17       		.uleb128 0x17
 812 031b 16000000 		.4byte	.LVL14
 813 031f 79020000 		.4byte	0x279
 814 0323 2D030000 		.4byte	0x32d
 815 0327 12       		.uleb128 0x12
 816 0328 01       		.uleb128 0x1
 817 0329 50       		.byte	0x50
 818 032a 01       		.uleb128 0x1
 819 032b 31       		.byte	0x31
 820 032c 00       		.byte	0
 821 032d 10       		.uleb128 0x10
 822 032e 1E000000 		.4byte	.LVL15
 823 0332 F6040000 		.4byte	0x4f6
 824 0336 17       		.uleb128 0x17
 825 0337 24000000 		.4byte	.LVL16
 826 033b 2C020000 		.4byte	0x22c
 827 033f 49030000 		.4byte	0x349
 828 0343 12       		.uleb128 0x12
 829 0344 01       		.uleb128 0x1
 830 0345 50       		.byte	0x50
 831 0346 01       		.uleb128 0x1
 832 0347 31       		.byte	0x31
 833 0348 00       		.byte	0
 834 0349 17       		.uleb128 0x17
 835 034a 34000000 		.4byte	.LVL19
 836 034e 79020000 		.4byte	0x279
 837 0352 5C030000 		.4byte	0x35c
 838 0356 12       		.uleb128 0x12
 839 0357 01       		.uleb128 0x1
 840 0358 50       		.byte	0x50
 841 0359 01       		.uleb128 0x1
 842 035a 32       		.byte	0x32
 843 035b 00       		.byte	0
 844 035c 10       		.uleb128 0x10
 845 035d 3C000000 		.4byte	.LVL20
 846 0361 07050000 		.4byte	0x507
 847 0365 17       		.uleb128 0x17
 848 0366 42000000 		.4byte	.LVL21
 849 036a 2C020000 		.4byte	0x22c
 850 036e 78030000 		.4byte	0x378
 851 0372 12       		.uleb128 0x12
 852 0373 01       		.uleb128 0x1
 853 0374 50       		.byte	0x50
 854 0375 01       		.uleb128 0x1
 855 0376 32       		.byte	0x32
 856 0377 00       		.byte	0
 857 0378 17       		.uleb128 0x17
 858 0379 52000000 		.4byte	.LVL24
 859 037d 79020000 		.4byte	0x279
 860 0381 8B030000 		.4byte	0x38b
 861 0385 12       		.uleb128 0x12
ARM GAS  C:\Users\Tim\AppData\Local\Temp\ccaRWeMz.s 			page 20


 862 0386 01       		.uleb128 0x1
 863 0387 50       		.byte	0x50
 864 0388 01       		.uleb128 0x1
 865 0389 34       		.byte	0x34
 866 038a 00       		.byte	0
 867 038b 10       		.uleb128 0x10
 868 038c 5A000000 		.4byte	.LVL25
 869 0390 18050000 		.4byte	0x518
 870 0394 17       		.uleb128 0x17
 871 0395 60000000 		.4byte	.LVL26
 872 0399 2C020000 		.4byte	0x22c
 873 039d A7030000 		.4byte	0x3a7
 874 03a1 12       		.uleb128 0x12
 875 03a2 01       		.uleb128 0x1
 876 03a3 50       		.byte	0x50
 877 03a4 01       		.uleb128 0x1
 878 03a5 34       		.byte	0x34
 879 03a6 00       		.byte	0
 880 03a7 17       		.uleb128 0x17
 881 03a8 70000000 		.4byte	.LVL29
 882 03ac 79020000 		.4byte	0x279
 883 03b0 BA030000 		.4byte	0x3ba
 884 03b4 12       		.uleb128 0x12
 885 03b5 01       		.uleb128 0x1
 886 03b6 50       		.byte	0x50
 887 03b7 01       		.uleb128 0x1
 888 03b8 38       		.byte	0x38
 889 03b9 00       		.byte	0
 890 03ba 10       		.uleb128 0x10
 891 03bb 78000000 		.4byte	.LVL30
 892 03bf 29050000 		.4byte	0x529
 893 03c3 11       		.uleb128 0x11
 894 03c4 7E000000 		.4byte	.LVL31
 895 03c8 2C020000 		.4byte	0x22c
 896 03cc 12       		.uleb128 0x12
 897 03cd 01       		.uleb128 0x1
 898 03ce 50       		.byte	0x50
 899 03cf 01       		.uleb128 0x1
 900 03d0 38       		.byte	0x38
 901 03d1 00       		.byte	0
 902 03d2 00       		.byte	0
 903 03d3 15       		.uleb128 0x15
 904 03d4 A4000000 		.4byte	.LASF43
 905 03d8 01       		.byte	0x1
 906 03d9 B9       		.byte	0xb9
 907 03da 00000000 		.4byte	.LFB68
 908 03de 18000000 		.4byte	.LFE68-.LFB68
 909 03e2 01       		.uleb128 0x1
 910 03e3 9C       		.byte	0x9c
 911 03e4 03040000 		.4byte	0x403
 912 03e8 18       		.uleb128 0x18
 913 03e9 8F000000 		.4byte	.LASF44
 914 03ed 01       		.byte	0x1
 915 03ee B9       		.byte	0xb9
 916 03ef 03040000 		.4byte	0x403
 917 03f3 01       		.uleb128 0x1
 918 03f4 50       		.byte	0x50
ARM GAS  C:\Users\Tim\AppData\Local\Temp\ccaRWeMz.s 			page 21


 919 03f5 18       		.uleb128 0x18
 920 03f6 F6010000 		.4byte	.LASF45
 921 03fa 01       		.byte	0x1
 922 03fb B9       		.byte	0xb9
 923 03fc 03040000 		.4byte	0x403
 924 0400 01       		.uleb128 0x1
 925 0401 51       		.byte	0x51
 926 0402 00       		.byte	0
 927 0403 19       		.uleb128 0x19
 928 0404 04       		.byte	0x4
 929 0405 09040000 		.4byte	0x409
 930 0409 19       		.uleb128 0x19
 931 040a 04       		.byte	0x4
 932 040b 38010000 		.4byte	0x138
 933 040f 15       		.uleb128 0x15
 934 0410 0B030000 		.4byte	.LASF46
 935 0414 01       		.byte	0x1
 936 0415 C4       		.byte	0xc4
 937 0416 00000000 		.4byte	.LFB69
 938 041a 18000000 		.4byte	.LFE69-.LFB69
 939 041e 01       		.uleb128 0x1
 940 041f 9C       		.byte	0x9c
 941 0420 3F040000 		.4byte	0x43f
 942 0424 18       		.uleb128 0x18
 943 0425 8F000000 		.4byte	.LASF44
 944 0429 01       		.byte	0x1
 945 042a C4       		.byte	0xc4
 946 042b 03040000 		.4byte	0x403
 947 042f 01       		.uleb128 0x1
 948 0430 50       		.byte	0x50
 949 0431 18       		.uleb128 0x18
 950 0432 F6010000 		.4byte	.LASF45
 951 0436 01       		.byte	0x1
 952 0437 C4       		.byte	0xc4
 953 0438 03040000 		.4byte	0x403
 954 043c 01       		.uleb128 0x1
 955 043d 51       		.byte	0x51
 956 043e 00       		.byte	0
 957 043f 1A       		.uleb128 0x1a
 958 0440 DB030000 		.4byte	.LASF47
 959 0444 01       		.byte	0x1
 960 0445 CF       		.byte	0xcf
 961 0446 54040000 		.4byte	0x454
 962 044a 00000000 		.4byte	.LFB70
 963 044e 0C000000 		.4byte	.LFE70-.LFB70
 964 0452 01       		.uleb128 0x1
 965 0453 9C       		.byte	0x9c
 966 0454 19       		.uleb128 0x19
 967 0455 04       		.byte	0x4
 968 0456 71010000 		.4byte	0x171
 969 045a 1A       		.uleb128 0x1a
 970 045b EF030000 		.4byte	.LASF48
 971 045f 01       		.byte	0x1
 972 0460 D4       		.byte	0xd4
 973 0461 54040000 		.4byte	0x454
 974 0465 00000000 		.4byte	.LFB71
 975 0469 0C000000 		.4byte	.LFE71-.LFB71
ARM GAS  C:\Users\Tim\AppData\Local\Temp\ccaRWeMz.s 			page 22


 976 046d 01       		.uleb128 0x1
 977 046e 9C       		.byte	0x9c
 978 046f 13       		.uleb128 0x13
 979 0470 19010000 		.4byte	.LASF50
 980 0474 01       		.byte	0x1
 981 0475 D9       		.byte	0xd9
 982 0476 00000000 		.4byte	.LFB72
 983 047a 02000000 		.4byte	.LFE72-.LFB72
 984 047e 01       		.uleb128 0x1
 985 047f 9C       		.byte	0x9c
 986 0480 1B       		.uleb128 0x1b
 987 0481 1C000000 		.4byte	.LASF51
 988 0485 01       		.byte	0x1
 989 0486 78       		.byte	0x78
 990 0487 8F000000 		.4byte	0x8f
 991 048b 05       		.uleb128 0x5
 992 048c 03       		.byte	0x3
 993 048d 00000000 		.4byte	cal_verbose
 994 0491 1C       		.uleb128 0x1c
 995 0492 FE020000 		.4byte	.LASF52
 996 0496 06       		.byte	0x6
 997 0497 5506     		.2byte	0x655
 998 0499 9D040000 		.4byte	0x49d
 999 049d 1D       		.uleb128 0x1d
 1000 049e 84000000 		.4byte	0x84
 1001 04a2 1E       		.uleb128 0x1e
 1002 04a3 D4000000 		.4byte	.LASF53
 1003 04a7 05       		.byte	0x5
 1004 04a8 61       		.byte	0x61
 1005 04a9 B3040000 		.4byte	0x4b3
 1006 04ad 05       		.uleb128 0x5
 1007 04ae 03       		.byte	0x3
 1008 04af 00000000 		.4byte	p_cal_eeprom
 1009 04b3 19       		.uleb128 0x19
 1010 04b4 04       		.byte	0x4
 1011 04b5 B9040000 		.4byte	0x4b9
 1012 04b9 1D       		.uleb128 0x1d
 1013 04ba 21020000 		.4byte	0x221
 1014 04be 1F       		.uleb128 0x1f
 1015 04bf B0010000 		.4byte	.LASF54
 1016 04c3 07       		.byte	0x7
 1017 04c4 1A       		.byte	0x1a
 1018 04c5 D4040000 		.4byte	0x4d4
 1019 04c9 20       		.uleb128 0x20
 1020 04ca 9B000000 		.4byte	0x9b
 1021 04ce 20       		.uleb128 0x20
 1022 04cf 9B000000 		.4byte	0x9b
 1023 04d3 00       		.byte	0
 1024 04d4 1F       		.uleb128 0x1f
 1025 04d5 00000000 		.4byte	.LASF55
 1026 04d9 08       		.byte	0x8
 1027 04da 28       		.byte	0x28
 1028 04db E5040000 		.4byte	0x4e5
 1029 04df 20       		.uleb128 0x20
 1030 04e0 9B000000 		.4byte	0x9b
 1031 04e4 00       		.byte	0
 1032 04e5 1F       		.uleb128 0x1f
ARM GAS  C:\Users\Tim\AppData\Local\Temp\ccaRWeMz.s 			page 23


 1033 04e6 26010000 		.4byte	.LASF56
 1034 04ea 08       		.byte	0x8
 1035 04eb 29       		.byte	0x29
 1036 04ec F6040000 		.4byte	0x4f6
 1037 04f0 20       		.uleb128 0x20
 1038 04f1 9B000000 		.4byte	0x9b
 1039 04f5 00       		.byte	0
 1040 04f6 1F       		.uleb128 0x1f
 1041 04f7 0E020000 		.4byte	.LASF57
 1042 04fb 09       		.byte	0x9
 1043 04fc 06       		.byte	0x6
 1044 04fd 07050000 		.4byte	0x507
 1045 0501 20       		.uleb128 0x20
 1046 0502 8F000000 		.4byte	0x8f
 1047 0506 00       		.byte	0
 1048 0507 1F       		.uleb128 0x1f
 1049 0508 9B020000 		.4byte	.LASF58
 1050 050c 0A       		.byte	0xa
 1051 050d 06       		.byte	0x6
 1052 050e 18050000 		.4byte	0x518
 1053 0512 20       		.uleb128 0x20
 1054 0513 8F000000 		.4byte	0x8f
 1055 0517 00       		.byte	0
 1056 0518 1F       		.uleb128 0x1f
 1057 0519 3D000000 		.4byte	.LASF59
 1058 051d 0B       		.byte	0xb
 1059 051e 06       		.byte	0x6
 1060 051f 29050000 		.4byte	0x529
 1061 0523 20       		.uleb128 0x20
 1062 0524 8F000000 		.4byte	0x8f
 1063 0528 00       		.byte	0
 1064 0529 21       		.uleb128 0x21
 1065 052a B1020000 		.4byte	.LASF64
 1066 052e 0C       		.byte	0xc
 1067 052f 06       		.byte	0x6
 1068 0530 20       		.uleb128 0x20
 1069 0531 8F000000 		.4byte	0x8f
 1070 0535 00       		.byte	0
 1071 0536 00       		.byte	0
 1072              		.section	.debug_abbrev,"",%progbits
 1073              	.Ldebug_abbrev0:
 1074 0000 01       		.uleb128 0x1
 1075 0001 11       		.uleb128 0x11
 1076 0002 01       		.byte	0x1
 1077 0003 25       		.uleb128 0x25
 1078 0004 0E       		.uleb128 0xe
 1079 0005 13       		.uleb128 0x13
 1080 0006 0B       		.uleb128 0xb
 1081 0007 03       		.uleb128 0x3
 1082 0008 0E       		.uleb128 0xe
 1083 0009 1B       		.uleb128 0x1b
 1084 000a 0E       		.uleb128 0xe
 1085 000b 55       		.uleb128 0x55
 1086 000c 17       		.uleb128 0x17
 1087 000d 11       		.uleb128 0x11
 1088 000e 01       		.uleb128 0x1
 1089 000f 10       		.uleb128 0x10
ARM GAS  C:\Users\Tim\AppData\Local\Temp\ccaRWeMz.s 			page 24


 1090 0010 17       		.uleb128 0x17
 1091 0011 00       		.byte	0
 1092 0012 00       		.byte	0
 1093 0013 02       		.uleb128 0x2
 1094 0014 24       		.uleb128 0x24
 1095 0015 00       		.byte	0
 1096 0016 0B       		.uleb128 0xb
 1097 0017 0B       		.uleb128 0xb
 1098 0018 3E       		.uleb128 0x3e
 1099 0019 0B       		.uleb128 0xb
 1100 001a 03       		.uleb128 0x3
 1101 001b 0E       		.uleb128 0xe
 1102 001c 00       		.byte	0
 1103 001d 00       		.byte	0
 1104 001e 03       		.uleb128 0x3
 1105 001f 16       		.uleb128 0x16
 1106 0020 00       		.byte	0
 1107 0021 03       		.uleb128 0x3
 1108 0022 0E       		.uleb128 0xe
 1109 0023 3A       		.uleb128 0x3a
 1110 0024 0B       		.uleb128 0xb
 1111 0025 3B       		.uleb128 0x3b
 1112 0026 0B       		.uleb128 0xb
 1113 0027 49       		.uleb128 0x49
 1114 0028 13       		.uleb128 0x13
 1115 0029 00       		.byte	0
 1116 002a 00       		.byte	0
 1117 002b 04       		.uleb128 0x4
 1118 002c 24       		.uleb128 0x24
 1119 002d 00       		.byte	0
 1120 002e 0B       		.uleb128 0xb
 1121 002f 0B       		.uleb128 0xb
 1122 0030 3E       		.uleb128 0x3e
 1123 0031 0B       		.uleb128 0xb
 1124 0032 03       		.uleb128 0x3
 1125 0033 08       		.uleb128 0x8
 1126 0034 00       		.byte	0
 1127 0035 00       		.byte	0
 1128 0036 05       		.uleb128 0x5
 1129 0037 16       		.uleb128 0x16
 1130 0038 00       		.byte	0
 1131 0039 03       		.uleb128 0x3
 1132 003a 0E       		.uleb128 0xe
 1133 003b 3A       		.uleb128 0x3a
 1134 003c 0B       		.uleb128 0xb
 1135 003d 3B       		.uleb128 0x3b
 1136 003e 05       		.uleb128 0x5
 1137 003f 49       		.uleb128 0x49
 1138 0040 13       		.uleb128 0x13
 1139 0041 00       		.byte	0
 1140 0042 00       		.byte	0
 1141 0043 06       		.uleb128 0x6
 1142 0044 13       		.uleb128 0x13
 1143 0045 01       		.byte	0x1
 1144 0046 03       		.uleb128 0x3
 1145 0047 0E       		.uleb128 0xe
 1146 0048 0B       		.uleb128 0xb
ARM GAS  C:\Users\Tim\AppData\Local\Temp\ccaRWeMz.s 			page 25


 1147 0049 05       		.uleb128 0x5
 1148 004a 3A       		.uleb128 0x3a
 1149 004b 0B       		.uleb128 0xb
 1150 004c 3B       		.uleb128 0x3b
 1151 004d 0B       		.uleb128 0xb
 1152 004e 01       		.uleb128 0x1
 1153 004f 13       		.uleb128 0x13
 1154 0050 00       		.byte	0
 1155 0051 00       		.byte	0
 1156 0052 07       		.uleb128 0x7
 1157 0053 0D       		.uleb128 0xd
 1158 0054 00       		.byte	0
 1159 0055 03       		.uleb128 0x3
 1160 0056 0E       		.uleb128 0xe
 1161 0057 3A       		.uleb128 0x3a
 1162 0058 0B       		.uleb128 0xb
 1163 0059 3B       		.uleb128 0x3b
 1164 005a 0B       		.uleb128 0xb
 1165 005b 49       		.uleb128 0x49
 1166 005c 13       		.uleb128 0x13
 1167 005d 38       		.uleb128 0x38
 1168 005e 0B       		.uleb128 0xb
 1169 005f 00       		.byte	0
 1170 0060 00       		.byte	0
 1171 0061 08       		.uleb128 0x8
 1172 0062 0D       		.uleb128 0xd
 1173 0063 00       		.byte	0
 1174 0064 03       		.uleb128 0x3
 1175 0065 0E       		.uleb128 0xe
 1176 0066 3A       		.uleb128 0x3a
 1177 0067 0B       		.uleb128 0xb
 1178 0068 3B       		.uleb128 0x3b
 1179 0069 0B       		.uleb128 0xb
 1180 006a 49       		.uleb128 0x49
 1181 006b 13       		.uleb128 0x13
 1182 006c 38       		.uleb128 0x38
 1183 006d 05       		.uleb128 0x5
 1184 006e 00       		.byte	0
 1185 006f 00       		.byte	0
 1186 0070 09       		.uleb128 0x9
 1187 0071 01       		.uleb128 0x1
 1188 0072 01       		.byte	0x1
 1189 0073 49       		.uleb128 0x49
 1190 0074 13       		.uleb128 0x13
 1191 0075 01       		.uleb128 0x1
 1192 0076 13       		.uleb128 0x13
 1193 0077 00       		.byte	0
 1194 0078 00       		.byte	0
 1195 0079 0A       		.uleb128 0xa
 1196 007a 21       		.uleb128 0x21
 1197 007b 00       		.byte	0
 1198 007c 49       		.uleb128 0x49
 1199 007d 13       		.uleb128 0x13
 1200 007e 2F       		.uleb128 0x2f
 1201 007f 0B       		.uleb128 0xb
 1202 0080 00       		.byte	0
 1203 0081 00       		.byte	0
ARM GAS  C:\Users\Tim\AppData\Local\Temp\ccaRWeMz.s 			page 26


 1204 0082 0B       		.uleb128 0xb
 1205 0083 13       		.uleb128 0x13
 1206 0084 01       		.byte	0x1
 1207 0085 03       		.uleb128 0x3
 1208 0086 0E       		.uleb128 0xe
 1209 0087 0B       		.uleb128 0xb
 1210 0088 0B       		.uleb128 0xb
 1211 0089 3A       		.uleb128 0x3a
 1212 008a 0B       		.uleb128 0xb
 1213 008b 3B       		.uleb128 0x3b
 1214 008c 0B       		.uleb128 0xb
 1215 008d 01       		.uleb128 0x1
 1216 008e 13       		.uleb128 0x13
 1217 008f 00       		.byte	0
 1218 0090 00       		.byte	0
 1219 0091 0C       		.uleb128 0xc
 1220 0092 0D       		.uleb128 0xd
 1221 0093 00       		.byte	0
 1222 0094 03       		.uleb128 0x3
 1223 0095 08       		.uleb128 0x8
 1224 0096 3A       		.uleb128 0x3a
 1225 0097 0B       		.uleb128 0xb
 1226 0098 3B       		.uleb128 0x3b
 1227 0099 0B       		.uleb128 0xb
 1228 009a 49       		.uleb128 0x49
 1229 009b 13       		.uleb128 0x13
 1230 009c 38       		.uleb128 0x38
 1231 009d 0B       		.uleb128 0xb
 1232 009e 00       		.byte	0
 1233 009f 00       		.byte	0
 1234 00a0 0D       		.uleb128 0xd
 1235 00a1 2E       		.uleb128 0x2e
 1236 00a2 01       		.byte	0x1
 1237 00a3 03       		.uleb128 0x3
 1238 00a4 0E       		.uleb128 0xe
 1239 00a5 3A       		.uleb128 0x3a
 1240 00a6 0B       		.uleb128 0xb
 1241 00a7 3B       		.uleb128 0x3b
 1242 00a8 0B       		.uleb128 0xb
 1243 00a9 27       		.uleb128 0x27
 1244 00aa 19       		.uleb128 0x19
 1245 00ab 11       		.uleb128 0x11
 1246 00ac 01       		.uleb128 0x1
 1247 00ad 12       		.uleb128 0x12
 1248 00ae 06       		.uleb128 0x6
 1249 00af 40       		.uleb128 0x40
 1250 00b0 18       		.uleb128 0x18
 1251 00b1 9742     		.uleb128 0x2117
 1252 00b3 19       		.uleb128 0x19
 1253 00b4 01       		.uleb128 0x1
 1254 00b5 13       		.uleb128 0x13
 1255 00b6 00       		.byte	0
 1256 00b7 00       		.byte	0
 1257 00b8 0E       		.uleb128 0xe
 1258 00b9 05       		.uleb128 0x5
 1259 00ba 00       		.byte	0
 1260 00bb 03       		.uleb128 0x3
ARM GAS  C:\Users\Tim\AppData\Local\Temp\ccaRWeMz.s 			page 27


 1261 00bc 08       		.uleb128 0x8
 1262 00bd 3A       		.uleb128 0x3a
 1263 00be 0B       		.uleb128 0xb
 1264 00bf 3B       		.uleb128 0x3b
 1265 00c0 0B       		.uleb128 0xb
 1266 00c1 49       		.uleb128 0x49
 1267 00c2 13       		.uleb128 0x13
 1268 00c3 02       		.uleb128 0x2
 1269 00c4 17       		.uleb128 0x17
 1270 00c5 00       		.byte	0
 1271 00c6 00       		.byte	0
 1272 00c7 0F       		.uleb128 0xf
 1273 00c8 34       		.uleb128 0x34
 1274 00c9 00       		.byte	0
 1275 00ca 03       		.uleb128 0x3
 1276 00cb 0E       		.uleb128 0xe
 1277 00cc 3A       		.uleb128 0x3a
 1278 00cd 0B       		.uleb128 0xb
 1279 00ce 3B       		.uleb128 0x3b
 1280 00cf 0B       		.uleb128 0xb
 1281 00d0 49       		.uleb128 0x49
 1282 00d1 13       		.uleb128 0x13
 1283 00d2 02       		.uleb128 0x2
 1284 00d3 17       		.uleb128 0x17
 1285 00d4 00       		.byte	0
 1286 00d5 00       		.byte	0
 1287 00d6 10       		.uleb128 0x10
 1288 00d7 898201   		.uleb128 0x4109
 1289 00da 00       		.byte	0
 1290 00db 11       		.uleb128 0x11
 1291 00dc 01       		.uleb128 0x1
 1292 00dd 31       		.uleb128 0x31
 1293 00de 13       		.uleb128 0x13
 1294 00df 00       		.byte	0
 1295 00e0 00       		.byte	0
 1296 00e1 11       		.uleb128 0x11
 1297 00e2 898201   		.uleb128 0x4109
 1298 00e5 01       		.byte	0x1
 1299 00e6 11       		.uleb128 0x11
 1300 00e7 01       		.uleb128 0x1
 1301 00e8 31       		.uleb128 0x31
 1302 00e9 13       		.uleb128 0x13
 1303 00ea 00       		.byte	0
 1304 00eb 00       		.byte	0
 1305 00ec 12       		.uleb128 0x12
 1306 00ed 8A8201   		.uleb128 0x410a
 1307 00f0 00       		.byte	0
 1308 00f1 02       		.uleb128 0x2
 1309 00f2 18       		.uleb128 0x18
 1310 00f3 9142     		.uleb128 0x2111
 1311 00f5 18       		.uleb128 0x18
 1312 00f6 00       		.byte	0
 1313 00f7 00       		.byte	0
 1314 00f8 13       		.uleb128 0x13
 1315 00f9 2E       		.uleb128 0x2e
 1316 00fa 00       		.byte	0
 1317 00fb 3F       		.uleb128 0x3f
ARM GAS  C:\Users\Tim\AppData\Local\Temp\ccaRWeMz.s 			page 28


 1318 00fc 19       		.uleb128 0x19
 1319 00fd 03       		.uleb128 0x3
 1320 00fe 0E       		.uleb128 0xe
 1321 00ff 3A       		.uleb128 0x3a
 1322 0100 0B       		.uleb128 0xb
 1323 0101 3B       		.uleb128 0x3b
 1324 0102 0B       		.uleb128 0xb
 1325 0103 11       		.uleb128 0x11
 1326 0104 01       		.uleb128 0x1
 1327 0105 12       		.uleb128 0x12
 1328 0106 06       		.uleb128 0x6
 1329 0107 40       		.uleb128 0x40
 1330 0108 18       		.uleb128 0x18
 1331 0109 9742     		.uleb128 0x2117
 1332 010b 19       		.uleb128 0x19
 1333 010c 00       		.byte	0
 1334 010d 00       		.byte	0
 1335 010e 14       		.uleb128 0x14
 1336 010f 2E       		.uleb128 0x2e
 1337 0110 01       		.byte	0x1
 1338 0111 3F       		.uleb128 0x3f
 1339 0112 19       		.uleb128 0x19
 1340 0113 03       		.uleb128 0x3
 1341 0114 0E       		.uleb128 0xe
 1342 0115 3A       		.uleb128 0x3a
 1343 0116 0B       		.uleb128 0xb
 1344 0117 3B       		.uleb128 0x3b
 1345 0118 0B       		.uleb128 0xb
 1346 0119 11       		.uleb128 0x11
 1347 011a 01       		.uleb128 0x1
 1348 011b 12       		.uleb128 0x12
 1349 011c 06       		.uleb128 0x6
 1350 011d 40       		.uleb128 0x40
 1351 011e 18       		.uleb128 0x18
 1352 011f 9742     		.uleb128 0x2117
 1353 0121 19       		.uleb128 0x19
 1354 0122 01       		.uleb128 0x1
 1355 0123 13       		.uleb128 0x13
 1356 0124 00       		.byte	0
 1357 0125 00       		.byte	0
 1358 0126 15       		.uleb128 0x15
 1359 0127 2E       		.uleb128 0x2e
 1360 0128 01       		.byte	0x1
 1361 0129 3F       		.uleb128 0x3f
 1362 012a 19       		.uleb128 0x19
 1363 012b 03       		.uleb128 0x3
 1364 012c 0E       		.uleb128 0xe
 1365 012d 3A       		.uleb128 0x3a
 1366 012e 0B       		.uleb128 0xb
 1367 012f 3B       		.uleb128 0x3b
 1368 0130 0B       		.uleb128 0xb
 1369 0131 27       		.uleb128 0x27
 1370 0132 19       		.uleb128 0x19
 1371 0133 11       		.uleb128 0x11
 1372 0134 01       		.uleb128 0x1
 1373 0135 12       		.uleb128 0x12
 1374 0136 06       		.uleb128 0x6
ARM GAS  C:\Users\Tim\AppData\Local\Temp\ccaRWeMz.s 			page 29


 1375 0137 40       		.uleb128 0x40
 1376 0138 18       		.uleb128 0x18
 1377 0139 9742     		.uleb128 0x2117
 1378 013b 19       		.uleb128 0x19
 1379 013c 01       		.uleb128 0x1
 1380 013d 13       		.uleb128 0x13
 1381 013e 00       		.byte	0
 1382 013f 00       		.byte	0
 1383 0140 16       		.uleb128 0x16
 1384 0141 05       		.uleb128 0x5
 1385 0142 00       		.byte	0
 1386 0143 03       		.uleb128 0x3
 1387 0144 0E       		.uleb128 0xe
 1388 0145 3A       		.uleb128 0x3a
 1389 0146 0B       		.uleb128 0xb
 1390 0147 3B       		.uleb128 0x3b
 1391 0148 0B       		.uleb128 0xb
 1392 0149 49       		.uleb128 0x49
 1393 014a 13       		.uleb128 0x13
 1394 014b 02       		.uleb128 0x2
 1395 014c 17       		.uleb128 0x17
 1396 014d 00       		.byte	0
 1397 014e 00       		.byte	0
 1398 014f 17       		.uleb128 0x17
 1399 0150 898201   		.uleb128 0x4109
 1400 0153 01       		.byte	0x1
 1401 0154 11       		.uleb128 0x11
 1402 0155 01       		.uleb128 0x1
 1403 0156 31       		.uleb128 0x31
 1404 0157 13       		.uleb128 0x13
 1405 0158 01       		.uleb128 0x1
 1406 0159 13       		.uleb128 0x13
 1407 015a 00       		.byte	0
 1408 015b 00       		.byte	0
 1409 015c 18       		.uleb128 0x18
 1410 015d 05       		.uleb128 0x5
 1411 015e 00       		.byte	0
 1412 015f 03       		.uleb128 0x3
 1413 0160 0E       		.uleb128 0xe
 1414 0161 3A       		.uleb128 0x3a
 1415 0162 0B       		.uleb128 0xb
 1416 0163 3B       		.uleb128 0x3b
 1417 0164 0B       		.uleb128 0xb
 1418 0165 49       		.uleb128 0x49
 1419 0166 13       		.uleb128 0x13
 1420 0167 02       		.uleb128 0x2
 1421 0168 18       		.uleb128 0x18
 1422 0169 00       		.byte	0
 1423 016a 00       		.byte	0
 1424 016b 19       		.uleb128 0x19
 1425 016c 0F       		.uleb128 0xf
 1426 016d 00       		.byte	0
 1427 016e 0B       		.uleb128 0xb
 1428 016f 0B       		.uleb128 0xb
 1429 0170 49       		.uleb128 0x49
 1430 0171 13       		.uleb128 0x13
 1431 0172 00       		.byte	0
ARM GAS  C:\Users\Tim\AppData\Local\Temp\ccaRWeMz.s 			page 30


 1432 0173 00       		.byte	0
 1433 0174 1A       		.uleb128 0x1a
 1434 0175 2E       		.uleb128 0x2e
 1435 0176 00       		.byte	0
 1436 0177 3F       		.uleb128 0x3f
 1437 0178 19       		.uleb128 0x19
 1438 0179 03       		.uleb128 0x3
 1439 017a 0E       		.uleb128 0xe
 1440 017b 3A       		.uleb128 0x3a
 1441 017c 0B       		.uleb128 0xb
 1442 017d 3B       		.uleb128 0x3b
 1443 017e 0B       		.uleb128 0xb
 1444 017f 49       		.uleb128 0x49
 1445 0180 13       		.uleb128 0x13
 1446 0181 11       		.uleb128 0x11
 1447 0182 01       		.uleb128 0x1
 1448 0183 12       		.uleb128 0x12
 1449 0184 06       		.uleb128 0x6
 1450 0185 40       		.uleb128 0x40
 1451 0186 18       		.uleb128 0x18
 1452 0187 9742     		.uleb128 0x2117
 1453 0189 19       		.uleb128 0x19
 1454 018a 00       		.byte	0
 1455 018b 00       		.byte	0
 1456 018c 1B       		.uleb128 0x1b
 1457 018d 34       		.uleb128 0x34
 1458 018e 00       		.byte	0
 1459 018f 03       		.uleb128 0x3
 1460 0190 0E       		.uleb128 0xe
 1461 0191 3A       		.uleb128 0x3a
 1462 0192 0B       		.uleb128 0xb
 1463 0193 3B       		.uleb128 0x3b
 1464 0194 0B       		.uleb128 0xb
 1465 0195 49       		.uleb128 0x49
 1466 0196 13       		.uleb128 0x13
 1467 0197 02       		.uleb128 0x2
 1468 0198 18       		.uleb128 0x18
 1469 0199 00       		.byte	0
 1470 019a 00       		.byte	0
 1471 019b 1C       		.uleb128 0x1c
 1472 019c 34       		.uleb128 0x34
 1473 019d 00       		.byte	0
 1474 019e 03       		.uleb128 0x3
 1475 019f 0E       		.uleb128 0xe
 1476 01a0 3A       		.uleb128 0x3a
 1477 01a1 0B       		.uleb128 0xb
 1478 01a2 3B       		.uleb128 0x3b
 1479 01a3 05       		.uleb128 0x5
 1480 01a4 49       		.uleb128 0x49
 1481 01a5 13       		.uleb128 0x13
 1482 01a6 3F       		.uleb128 0x3f
 1483 01a7 19       		.uleb128 0x19
 1484 01a8 3C       		.uleb128 0x3c
 1485 01a9 19       		.uleb128 0x19
 1486 01aa 00       		.byte	0
 1487 01ab 00       		.byte	0
 1488 01ac 1D       		.uleb128 0x1d
ARM GAS  C:\Users\Tim\AppData\Local\Temp\ccaRWeMz.s 			page 31


 1489 01ad 35       		.uleb128 0x35
 1490 01ae 00       		.byte	0
 1491 01af 49       		.uleb128 0x49
 1492 01b0 13       		.uleb128 0x13
 1493 01b1 00       		.byte	0
 1494 01b2 00       		.byte	0
 1495 01b3 1E       		.uleb128 0x1e
 1496 01b4 34       		.uleb128 0x34
 1497 01b5 00       		.byte	0
 1498 01b6 03       		.uleb128 0x3
 1499 01b7 0E       		.uleb128 0xe
 1500 01b8 3A       		.uleb128 0x3a
 1501 01b9 0B       		.uleb128 0xb
 1502 01ba 3B       		.uleb128 0x3b
 1503 01bb 0B       		.uleb128 0xb
 1504 01bc 49       		.uleb128 0x49
 1505 01bd 13       		.uleb128 0x13
 1506 01be 3F       		.uleb128 0x3f
 1507 01bf 19       		.uleb128 0x19
 1508 01c0 02       		.uleb128 0x2
 1509 01c1 18       		.uleb128 0x18
 1510 01c2 00       		.byte	0
 1511 01c3 00       		.byte	0
 1512 01c4 1F       		.uleb128 0x1f
 1513 01c5 2E       		.uleb128 0x2e
 1514 01c6 01       		.byte	0x1
 1515 01c7 3F       		.uleb128 0x3f
 1516 01c8 19       		.uleb128 0x19
 1517 01c9 03       		.uleb128 0x3
 1518 01ca 0E       		.uleb128 0xe
 1519 01cb 3A       		.uleb128 0x3a
 1520 01cc 0B       		.uleb128 0xb
 1521 01cd 3B       		.uleb128 0x3b
 1522 01ce 0B       		.uleb128 0xb
 1523 01cf 27       		.uleb128 0x27
 1524 01d0 19       		.uleb128 0x19
 1525 01d1 3C       		.uleb128 0x3c
 1526 01d2 19       		.uleb128 0x19
 1527 01d3 01       		.uleb128 0x1
 1528 01d4 13       		.uleb128 0x13
 1529 01d5 00       		.byte	0
 1530 01d6 00       		.byte	0
 1531 01d7 20       		.uleb128 0x20
 1532 01d8 05       		.uleb128 0x5
 1533 01d9 00       		.byte	0
 1534 01da 49       		.uleb128 0x49
 1535 01db 13       		.uleb128 0x13
 1536 01dc 00       		.byte	0
 1537 01dd 00       		.byte	0
 1538 01de 21       		.uleb128 0x21
 1539 01df 2E       		.uleb128 0x2e
 1540 01e0 01       		.byte	0x1
 1541 01e1 3F       		.uleb128 0x3f
 1542 01e2 19       		.uleb128 0x19
 1543 01e3 03       		.uleb128 0x3
 1544 01e4 0E       		.uleb128 0xe
 1545 01e5 3A       		.uleb128 0x3a
ARM GAS  C:\Users\Tim\AppData\Local\Temp\ccaRWeMz.s 			page 32


 1546 01e6 0B       		.uleb128 0xb
 1547 01e7 3B       		.uleb128 0x3b
 1548 01e8 0B       		.uleb128 0xb
 1549 01e9 27       		.uleb128 0x27
 1550 01ea 19       		.uleb128 0x19
 1551 01eb 3C       		.uleb128 0x3c
 1552 01ec 19       		.uleb128 0x19
 1553 01ed 00       		.byte	0
 1554 01ee 00       		.byte	0
 1555 01ef 00       		.byte	0
 1556              		.section	.debug_loc,"",%progbits
 1557              	.Ldebug_loc0:
 1558              	.LLST0:
 1559 0000 00000000 		.4byte	.LVL0
 1560 0004 0A000000 		.4byte	.LVL1
 1561 0008 0100     		.2byte	0x1
 1562 000a 50       		.byte	0x50
 1563 000b 0A000000 		.4byte	.LVL1
 1564 000f 24000000 		.4byte	.LFE64
 1565 0013 0400     		.2byte	0x4
 1566 0015 F3       		.byte	0xf3
 1567 0016 01       		.uleb128 0x1
 1568 0017 50       		.byte	0x50
 1569 0018 9F       		.byte	0x9f
 1570 0019 00000000 		.4byte	0
 1571 001d 00000000 		.4byte	0
 1572              	.LLST1:
 1573 0021 0C000000 		.4byte	.LVL2
 1574 0025 12000000 		.4byte	.LVL3
 1575 0029 0600     		.2byte	0x6
 1576 002b 70       		.byte	0x70
 1577 002c 00       		.sleb128 0
 1578 002d 74       		.byte	0x74
 1579 002e 00       		.sleb128 0
 1580 002f 21       		.byte	0x21
 1581 0030 9F       		.byte	0x9f
 1582 0031 00000000 		.4byte	0
 1583 0035 00000000 		.4byte	0
 1584              	.LLST2:
 1585 0039 00000000 		.4byte	.LVL6
 1586 003d 0A000000 		.4byte	.LVL7
 1587 0041 0100     		.2byte	0x1
 1588 0043 50       		.byte	0x50
 1589 0044 0A000000 		.4byte	.LVL7
 1590 0048 2C000000 		.4byte	.LFE63
 1591 004c 0400     		.2byte	0x4
 1592 004e F3       		.byte	0xf3
 1593 004f 01       		.uleb128 0x1
 1594 0050 50       		.byte	0x50
 1595 0051 9F       		.byte	0x9f
 1596 0052 00000000 		.4byte	0
 1597 0056 00000000 		.4byte	0
 1598              	.LLST3:
 1599 005a 14000000 		.4byte	.LVL8
 1600 005e 1D000000 		.4byte	.LVL9-1
 1601 0062 0100     		.2byte	0x1
 1602 0064 50       		.byte	0x50
ARM GAS  C:\Users\Tim\AppData\Local\Temp\ccaRWeMz.s 			page 33


 1603 0065 00000000 		.4byte	0
 1604 0069 00000000 		.4byte	0
 1605              	.LLST4:
 1606 006d 00000000 		.4byte	.LVL12
 1607 0071 12000000 		.4byte	.LVL13
 1608 0075 0100     		.2byte	0x1
 1609 0077 50       		.byte	0x50
 1610 0078 12000000 		.4byte	.LVL13
 1611 007c 26000000 		.4byte	.LVL17
 1612 0080 0400     		.2byte	0x4
 1613 0082 F3       		.byte	0xf3
 1614 0083 01       		.uleb128 0x1
 1615 0084 50       		.byte	0x50
 1616 0085 9F       		.byte	0x9f
 1617 0086 26000000 		.4byte	.LVL17
 1618 008a 30000000 		.4byte	.LVL18
 1619 008e 0100     		.2byte	0x1
 1620 0090 50       		.byte	0x50
 1621 0091 30000000 		.4byte	.LVL18
 1622 0095 44000000 		.4byte	.LVL22
 1623 0099 0400     		.2byte	0x4
 1624 009b F3       		.byte	0xf3
 1625 009c 01       		.uleb128 0x1
 1626 009d 50       		.byte	0x50
 1627 009e 9F       		.byte	0x9f
 1628 009f 44000000 		.4byte	.LVL22
 1629 00a3 4E000000 		.4byte	.LVL23
 1630 00a7 0100     		.2byte	0x1
 1631 00a9 50       		.byte	0x50
 1632 00aa 4E000000 		.4byte	.LVL23
 1633 00ae 62000000 		.4byte	.LVL27
 1634 00b2 0400     		.2byte	0x4
 1635 00b4 F3       		.byte	0xf3
 1636 00b5 01       		.uleb128 0x1
 1637 00b6 50       		.byte	0x50
 1638 00b7 9F       		.byte	0x9f
 1639 00b8 62000000 		.4byte	.LVL27
 1640 00bc 66000000 		.4byte	.LVL28
 1641 00c0 0100     		.2byte	0x1
 1642 00c2 50       		.byte	0x50
 1643 00c3 66000000 		.4byte	.LVL28
 1644 00c7 8C000000 		.4byte	.LFE67
 1645 00cb 0400     		.2byte	0x4
 1646 00cd F3       		.byte	0xf3
 1647 00ce 01       		.uleb128 0x1
 1648 00cf 50       		.byte	0x50
 1649 00d0 9F       		.byte	0x9f
 1650 00d1 00000000 		.4byte	0
 1651 00d5 00000000 		.4byte	0
 1652              		.section	.debug_aranges,"",%progbits
 1653 0000 64000000 		.4byte	0x64
 1654 0004 0200     		.2byte	0x2
 1655 0006 00000000 		.4byte	.Ldebug_info0
 1656 000a 04       		.byte	0x4
 1657 000b 00       		.byte	0
 1658 000c 0000     		.2byte	0
 1659 000e 0000     		.2byte	0
ARM GAS  C:\Users\Tim\AppData\Local\Temp\ccaRWeMz.s 			page 34


 1660 0010 00000000 		.4byte	.LFB64
 1661 0014 24000000 		.4byte	.LFE64-.LFB64
 1662 0018 00000000 		.4byte	.LFB63
 1663 001c 2C000000 		.4byte	.LFE63-.LFB63
 1664 0020 00000000 		.4byte	.LFB65
 1665 0024 1C000000 		.4byte	.LFE65-.LFB65
 1666 0028 00000000 		.4byte	.LFB66
 1667 002c 14000000 		.4byte	.LFE66-.LFB66
 1668 0030 00000000 		.4byte	.LFB67
 1669 0034 8C000000 		.4byte	.LFE67-.LFB67
 1670 0038 00000000 		.4byte	.LFB68
 1671 003c 18000000 		.4byte	.LFE68-.LFB68
 1672 0040 00000000 		.4byte	.LFB69
 1673 0044 18000000 		.4byte	.LFE69-.LFB69
 1674 0048 00000000 		.4byte	.LFB70
 1675 004c 0C000000 		.4byte	.LFE70-.LFB70
 1676 0050 00000000 		.4byte	.LFB71
 1677 0054 0C000000 		.4byte	.LFE71-.LFB71
 1678 0058 00000000 		.4byte	.LFB72
 1679 005c 02000000 		.4byte	.LFE72-.LFB72
 1680 0060 00000000 		.4byte	0
 1681 0064 00000000 		.4byte	0
 1682              		.section	.debug_ranges,"",%progbits
 1683              	.Ldebug_ranges0:
 1684 0000 00000000 		.4byte	.LFB64
 1685 0004 24000000 		.4byte	.LFE64
 1686 0008 00000000 		.4byte	.LFB63
 1687 000c 2C000000 		.4byte	.LFE63
 1688 0010 00000000 		.4byte	.LFB65
 1689 0014 1C000000 		.4byte	.LFE65
 1690 0018 00000000 		.4byte	.LFB66
 1691 001c 14000000 		.4byte	.LFE66
 1692 0020 00000000 		.4byte	.LFB67
 1693 0024 8C000000 		.4byte	.LFE67
 1694 0028 00000000 		.4byte	.LFB68
 1695 002c 18000000 		.4byte	.LFE68
 1696 0030 00000000 		.4byte	.LFB69
 1697 0034 18000000 		.4byte	.LFE69
 1698 0038 00000000 		.4byte	.LFB70
 1699 003c 0C000000 		.4byte	.LFE70
 1700 0040 00000000 		.4byte	.LFB71
 1701 0044 0C000000 		.4byte	.LFE71
 1702 0048 00000000 		.4byte	.LFB72
 1703 004c 02000000 		.4byte	.LFE72
 1704 0050 00000000 		.4byte	0
 1705 0054 00000000 		.4byte	0
 1706              		.section	.debug_line,"",%progbits
 1707              	.Ldebug_line0:
 1708 0000 6C020000 		.section	.debug_str,"MS",%progbits,1
 1708      0200A301 
 1708      00000201 
 1708      FB0E0D00 
 1708      01010101 
 1709              	.LASF55:
 1710 0000 4932635F 		.ascii	"I2c_SetCalibrationStatusBit\000"
 1710      53657443 
 1710      616C6962 
ARM GAS  C:\Users\Tim\AppData\Local\Temp\ccaRWeMz.s 			page 35


 1710      72617469 
 1710      6F6E5374 
 1711              	.LASF51:
 1712 001c 63616C5F 		.ascii	"cal_verbose\000"
 1712      76657262 
 1712      6F736500 
 1713              	.LASF42:
 1714 0028 43616C5F 		.ascii	"Cal_Update\000"
 1714      55706461 
 1714      746500
 1715              	.LASF20:
 1716 0033 6370735F 		.ascii	"cps_scale\000"
 1716      7363616C 
 1716      6500
 1717              	.LASF59:
 1718 003d 50657266 		.ascii	"PerformLinearBiasCalibration\000"
 1718      6F726D4C 
 1718      696E6561 
 1718      72426961 
 1718      7343616C 
 1719              	.LASF0:
 1720 005a 7369676E 		.ascii	"signed char\000"
 1720      65642063 
 1720      68617200 
 1721              	.LASF26:
 1722 0066 5F63616C 		.ascii	"_cal_pid_tag\000"
 1722      5F706964 
 1722      5F746167 
 1722      00
 1723              	.LASF49:
 1724 0073 43616C5F 		.ascii	"Cal_Init\000"
 1724      496E6974 
 1724      00
 1725              	.LASF2:
 1726 007c 73686F72 		.ascii	"short int\000"
 1726      7420696E 
 1726      7400
 1727              	.LASF9:
 1728 0086 73697A65 		.ascii	"sizetype\000"
 1728      74797065 
 1728      00
 1729              	.LASF44:
 1730 008f 6677645F 		.ascii	"fwd_cal_data\000"
 1730      63616C5F 
 1730      64617461 
 1730      00
 1731              	.LASF19:
 1732 009c 6370735F 		.ascii	"cps_max\000"
 1732      6D617800 
 1733              	.LASF43:
 1734 00a4 43616C5F 		.ascii	"Cal_LeftGetMotorCalData\000"
 1734      4C656674 
 1734      4765744D 
 1734      6F746F72 
 1734      43616C44 
 1735              	.LASF40:
 1736 00bc 53657443 		.ascii	"SetCalibrationStatusBit\000"
ARM GAS  C:\Users\Tim\AppData\Local\Temp\ccaRWeMz.s 			page 36


 1736      616C6962 
 1736      72617469 
 1736      6F6E5374 
 1736      61747573 
 1737              	.LASF53:
 1738 00d4 705F6361 		.ascii	"p_cal_eeprom\000"
 1738      6C5F6565 
 1738      70726F6D 
 1738      00
 1739              	.LASF14:
 1740 00e1 75696E74 		.ascii	"uint16\000"
 1740      313600
 1741              	.LASF30:
 1742 00e8 63686563 		.ascii	"checksum\000"
 1742      6B73756D 
 1742      00
 1743              	.LASF37:
 1744 00f1 72696768 		.ascii	"right_motor_fwd\000"
 1744      745F6D6F 
 1744      746F725F 
 1744      66776400 
 1745              	.LASF18:
 1746 0101 6370735F 		.ascii	"cps_min\000"
 1746      6D696E00 
 1747              	.LASF39:
 1748 0109 43414C5F 		.ascii	"CAL_EEPROM_TYPE\000"
 1748      45455052 
 1748      4F4D5F54 
 1748      59504500 
 1749              	.LASF50:
 1750 0119 43616C5F 		.ascii	"Cal_Validate\000"
 1750      56616C69 
 1750      64617465 
 1750      00
 1751              	.LASF56:
 1752 0126 4932635F 		.ascii	"I2c_ClearCalibrationStatusBit\000"
 1752      436C6561 
 1752      7243616C 
 1752      69627261 
 1752      74696F6E 
 1753              	.LASF41:
 1754 0144 436C6561 		.ascii	"ClearCalibrationStatusBit\000"
 1754      7243616C 
 1754      69627261 
 1754      74696F6E 
 1754      53746174 
 1755              	.LASF33:
 1756 015e 6C696E65 		.ascii	"linear_bias\000"
 1756      61725F62 
 1756      69617300 
 1757              	.LASF16:
 1758 016a 666C6F61 		.ascii	"float\000"
 1758      7400
 1759              	.LASF62:
 1760 0170 443A5C70 		.ascii	"D:\\projects\\ArloBot\\arlobot_freesoc\\freesoc.cyd"
 1760      726F6A65 
 1760      6374735C 
ARM GAS  C:\Users\Tim\AppData\Local\Temp\ccaRWeMz.s 			page 37


 1760      41726C6F 
 1760      426F745C 
 1761 019f 736E00   		.ascii	"sn\000"
 1762              	.LASF6:
 1763 01a2 6C6F6E67 		.ascii	"long long int\000"
 1763      206C6F6E 
 1763      6720696E 
 1763      7400
 1764              	.LASF54:
 1765 01b0 4E767374 		.ascii	"Nvstore_WriteUint16\000"
 1765      6F72655F 
 1765      57726974 
 1765      6555696E 
 1765      74313600 
 1766              	.LASF4:
 1767 01c4 6C6F6E67 		.ascii	"long int\000"
 1767      20696E74 
 1767      00
 1768              	.LASF36:
 1769 01cd 6C656674 		.ascii	"left_motor_bwd\000"
 1769      5F6D6F74 
 1769      6F725F62 
 1769      776400
 1770              	.LASF32:
 1771 01dc 72696768 		.ascii	"right_gains\000"
 1771      745F6761 
 1771      696E7300 
 1772              	.LASF1:
 1773 01e8 756E7369 		.ascii	"unsigned char\000"
 1773      676E6564 
 1773      20636861 
 1773      7200
 1774              	.LASF45:
 1775 01f6 6277645F 		.ascii	"bwd_cal_data\000"
 1775      63616C5F 
 1775      64617461 
 1775      00
 1776              	.LASF31:
 1777 0203 6C656674 		.ascii	"left_gains\000"
 1777      5F676169 
 1777      6E7300
 1778              	.LASF57:
 1779 020e 50657266 		.ascii	"PerformCountPerSecToPwmCalibration\000"
 1779      6F726D43 
 1779      6F756E74 
 1779      50657253 
 1779      6563546F 
 1780              	.LASF25:
 1781 0231 5F43414C 		.ascii	"_CAL_DATA_TYPE\000"
 1781      5F444154 
 1781      415F5459 
 1781      504500
 1782              	.LASF7:
 1783 0240 6C6F6E67 		.ascii	"long long unsigned int\000"
 1783      206C6F6E 
 1783      6720756E 
 1783      7369676E 
ARM GAS  C:\Users\Tim\AppData\Local\Temp\ccaRWeMz.s 			page 38


 1783      65642069 
 1784              	.LASF8:
 1785 0257 756E7369 		.ascii	"unsigned int\000"
 1785      676E6564 
 1785      20696E74 
 1785      00
 1786              	.LASF3:
 1787 0264 73686F72 		.ascii	"short unsigned int\000"
 1787      7420756E 
 1787      7369676E 
 1787      65642069 
 1787      6E7400
 1788              	.LASF29:
 1789 0277 73746174 		.ascii	"status\000"
 1789      757300
 1790              	.LASF10:
 1791 027e 63686172 		.ascii	"char\000"
 1791      00
 1792              	.LASF63:
 1793 0283 43616C5F 		.ascii	"Cal_Start\000"
 1793      53746172 
 1793      7400
 1794              	.LASF12:
 1795 028d 696E7433 		.ascii	"int32_t\000"
 1795      325F7400 
 1796              	.LASF13:
 1797 0295 75696E74 		.ascii	"uint8\000"
 1797      3800
 1798              	.LASF58:
 1799 029b 50657266 		.ascii	"PerformPidCalibration\000"
 1799      6F726D50 
 1799      69644361 
 1799      6C696272 
 1799      6174696F 
 1800              	.LASF64:
 1801 02b1 50657266 		.ascii	"PerformAngularBiasCalibration\000"
 1801      6F726D41 
 1801      6E67756C 
 1801      61724269 
 1801      61734361 
 1802              	.LASF38:
 1803 02cf 72696768 		.ascii	"right_motor_bwd\000"
 1803      745F6D6F 
 1803      746F725F 
 1803      62776400 
 1804              	.LASF5:
 1805 02df 6C6F6E67 		.ascii	"long unsigned int\000"
 1805      20756E73 
 1805      69676E65 
 1805      6420696E 
 1805      7400
 1806              	.LASF15:
 1807 02f1 696E7433 		.ascii	"int32\000"
 1807      3200
 1808              	.LASF17:
 1809 02f7 646F7562 		.ascii	"double\000"
 1809      6C6500
ARM GAS  C:\Users\Tim\AppData\Local\Temp\ccaRWeMz.s 			page 39


 1810              	.LASF52:
 1811 02fe 49544D5F 		.ascii	"ITM_RxBuffer\000"
 1811      52784275 
 1811      66666572 
 1811      00
 1812              	.LASF46:
 1813 030b 43616C5F 		.ascii	"Cal_RightGetMotorCalData\000"
 1813      52696768 
 1813      74476574 
 1813      4D6F746F 
 1813      7243616C 
 1814              	.LASF21:
 1815 0324 6370735F 		.ascii	"cps_data\000"
 1815      64617461 
 1815      00
 1816              	.LASF27:
 1817 032d 43414C5F 		.ascii	"CAL_PID_TYPE\000"
 1817      5049445F 
 1817      54595045 
 1817      00
 1818              	.LASF11:
 1819 033a 5F5F696E 		.ascii	"__int32_t\000"
 1819      7433325F 
 1819      7400
 1820              	.LASF60:
 1821 0344 474E5520 		.ascii	"GNU C 4.9.3 20150303 (release) [ARM/embedded-4_9-br"
 1821      4320342E 
 1821      392E3320 
 1821      32303135 
 1821      30333033 
 1822 0377 616E6368 		.ascii	"anch revision 221220] -mcpu=cortex-m3 -mthumb -g -O"
 1822      20726576 
 1822      6973696F 
 1822      6E203232 
 1822      31323230 
 1823 03aa 67202D66 		.ascii	"g -ffunction-sections -ffat-lto-objects\000"
 1823      66756E63 
 1823      74696F6E 
 1823      2D736563 
 1823      74696F6E 
 1824              	.LASF22:
 1825 03d2 70776D5F 		.ascii	"pwm_data\000"
 1825      64617461 
 1825      00
 1826              	.LASF47:
 1827 03db 43616C5F 		.ascii	"Cal_LeftGetPidGains\000"
 1827      4C656674 
 1827      47657450 
 1827      69644761 
 1827      696E7300 
 1828              	.LASF48:
 1829 03ef 43616C5F 		.ascii	"Cal_RightGetPidGains\000"
 1829      52696768 
 1829      74476574 
 1829      50696447 
 1829      61696E73 
 1830              	.LASF61:
ARM GAS  C:\Users\Tim\AppData\Local\Temp\ccaRWeMz.s 			page 40


 1831 0404 2E2E5C73 		.ascii	"..\\source\\cal.c\000"
 1831      6F757263 
 1831      655C6361 
 1831      6C2E6300 
 1832              	.LASF24:
 1833 0414 43414C5F 		.ascii	"CAL_DATA_TYPE\000"
 1833      44415441 
 1833      5F545950 
 1833      4500
 1834              	.LASF34:
 1835 0422 616E6775 		.ascii	"angular_bias\000"
 1835      6C61725F 
 1835      62696173 
 1835      00
 1836              	.LASF23:
 1837 042f 72657365 		.ascii	"reserved\000"
 1837      72766564 
 1837      00
 1838              	.LASF35:
 1839 0438 6C656674 		.ascii	"left_motor_fwd\000"
 1839      5F6D6F74 
 1839      6F725F66 
 1839      776400
 1840              	.LASF28:
 1841 0447 5F656570 		.ascii	"_eeprom_tag\000"
 1841      726F6D5F 
 1841      74616700 
 1842              		.ident	"GCC: (GNU Tools for ARM Embedded Processors) 4.9.3 20150303 (release) [ARM/embedded-4_9-br
