ARM GAS  C:\Users\Tim\AppData\Local\Temp\ccDYyXCx.s 			page 1


   1              		.syntax unified
   2              		.cpu cortex-m3
   3              		.fpu softvfp
   4              		.eabi_attribute 20, 1
   5              		.eabi_attribute 21, 1
   6              		.eabi_attribute 23, 3
   7              		.eabi_attribute 24, 1
   8              		.eabi_attribute 25, 1
   9              		.eabi_attribute 26, 1
  10              		.eabi_attribute 30, 1
  11              		.eabi_attribute 34, 1
  12              		.eabi_attribute 18, 4
  13              		.thumb
  14              		.file	"calang.c"
  15              		.text
  16              	.Ltext0:
  17              		.cfi_sections	.debug_frame
  18              		.global	__aeabi_fsub
  19              		.global	__aeabi_f2d
  20              		.global	__aeabi_dcmpgt
  21              		.global	__aeabi_dsub
  22              		.global	__aeabi_d2f
  23              		.global	__aeabi_dcmple
  24              		.global	__aeabi_dadd
  25              		.global	__aeabi_fadd
  26              		.global	__aeabi_fcmplt
  27              		.global	__aeabi_dcmplt
  28              		.section	.text.PerformAngularBiasCalibration,"ax",%progbits
  29              		.align	2
  30              		.global	PerformAngularBiasCalibration
  31              		.thumb
  32              		.thumb_func
  33              		.type	PerformAngularBiasCalibration, %function
  34              	PerformAngularBiasCalibration:
  35              	.LFB63:
  36              		.file 1 "..\\source\\calang.c"
   1:..\source/calang.c **** #include <math.h>
   2:..\source/calang.c **** #include "calang.h"
   3:..\source/calang.c **** #include "odom.h"
   4:..\source/calang.c **** #include "motor.h"
   5:..\source/calang.c **** #include "encoder.h"
   6:..\source/calang.c **** #include "pid.h"
   7:..\source/calang.c **** #include "time.h"
   8:..\source/calang.c **** #include "utils.h"
   9:..\source/calang.c **** #include "serial.h"
  10:..\source/calang.c **** #include "nvstore.h"
  11:..\source/calang.c **** 
  12:..\source/calang.c **** #define TEST_ANGULAR_VEL (0.7)
  13:..\source/calang.c **** #define ANGULAR_TEST_HEADING (2*PI)
  14:..\source/calang.c **** 
  15:..\source/calang.c **** static float test_left_vel;
  16:..\source/calang.c **** static float test_right_vel;
  17:..\source/calang.c **** 
  18:..\source/calang.c **** void PerformAngularBiasCalibration(uint8 verbose)
  19:..\source/calang.c **** /*
  20:..\source/calang.c ****     Set angular bias to 1.0
  21:..\source/calang.c ****     Rotate 360 degrees
ARM GAS  C:\Users\Tim\AppData\Local\Temp\ccDYyXCx.s 			page 2


  22:..\source/calang.c ****         Get the current heading
  23:..\source/calang.c ****         Stop motors
  24:..\source/calang.c ****         Start turn angle = 0
  25:..\source/calang.c ****         Test angle = 360
  26:..\source/calang.c ****         while turn angle < test angle
  27:..\source/calang.c **** 
  28:..\source/calang.c ****             Set angular velocity
  29:..\source/calang.c ****             Get heading
  30:..\source/calang.c ****             Calculate delta angle
  31:..\source/calang.c ****             Update turn and last angles
  32:..\source/calang.c **** 
  33:..\source/calang.c ****         Stop motors
  34:..\source/calang.c **** 
  35:..\source/calang.c ****  */
  36:..\source/calang.c **** {
  37              		.loc 1 36 0
  38              		.cfi_startproc
  39              		@ args = 0, pretend = 0, frame = 0
  40              		@ frame_needed = 0, uses_anonymous_args = 0
  41              	.LVL0:
  42 0000 2DE9F041 		push	{r4, r5, r6, r7, r8, lr}
  43              		.cfi_def_cfa_offset 24
  44              		.cfi_offset 4, -24
  45              		.cfi_offset 5, -20
  46              		.cfi_offset 6, -16
  47              		.cfi_offset 7, -12
  48              		.cfi_offset 8, -8
  49              		.cfi_offset 14, -4
  37:..\source/calang.c ****     float heading;
  38:..\source/calang.c ****     float turn_heading;
  39:..\source/calang.c ****     float delta_heading;
  40:..\source/calang.c ****     float last_heading;
  41:..\source/calang.c ****     
  42:..\source/calang.c ****     // Reset angular bias
  43:..\source/calang.c ****     Nvstore_WriteFloat(1.0, NVSTORE_CAL_EEPROM_ADDR_TO_OFFSET(&p_cal_eeprom->angular_bias));    
  50              		.loc 1 43 0
  51 0004 424B     		ldr	r3, .L16+24
  52 0006 1968     		ldr	r1, [r3]
  53 0008 A1F5FF41 		sub	r1, r1, #32640
  54 000c 5439     		subs	r1, r1, #84
  55 000e 4FF07E50 		mov	r0, #1065353216
  56              	.LVL1:
  57 0012 89B2     		uxth	r1, r1
  58 0014 FFF7FEFF 		bl	Nvstore_WriteFloat
  59              	.LVL2:
  44:..\source/calang.c ****     ConvertLinearAngularToDifferential(0, TEST_ANGULAR_VEL, &test_left_vel, &test_right_vel);      
  60              		.loc 1 44 0
  61 0018 0024     		movs	r4, #0
  62 001a 3E4B     		ldr	r3, .L16+28
  63 001c 2046     		mov	r0, r4
  64 001e 3E49     		ldr	r1, .L16+32
  65 0020 1A46     		mov	r2, r3
  66 0022 0433     		adds	r3, r3, #4
  67 0024 FFF7FEFF 		bl	ConvertLinearAngularToDifferential
  68              	.LVL3:
  45:..\source/calang.c ****     
  46:..\source/calang.c ****     turn_heading = 0;
ARM GAS  C:\Users\Tim\AppData\Local\Temp\ccDYyXCx.s 			page 3


  47:..\source/calang.c ****     Motor_LeftSetCntsPerSec(0);
  69              		.loc 1 47 0
  70 0028 2046     		mov	r0, r4
  71 002a FFF7FEFF 		bl	Motor_LeftSetCntsPerSec
  72              	.LVL4:
  48:..\source/calang.c ****     Motor_RightSetCntsPerSec(0);
  73              		.loc 1 48 0
  74 002e 2046     		mov	r0, r4
  75 0030 FFF7FEFF 		bl	Motor_RightSetCntsPerSec
  76              	.LVL5:
  49:..\source/calang.c ****     last_heading = Odom_GetHeading();
  77              		.loc 1 49 0
  78 0034 FFF7FEFF 		bl	Odom_GetHeading
  79              	.LVL6:
  80 0038 0546     		mov	r5, r0
  81              	.LVL7:
  82              	.L8:
  50:..\source/calang.c ****     
  51:..\source/calang.c ****     do
  52:..\source/calang.c ****     {
  53:..\source/calang.c ****         Encoder_Update();
  83              		.loc 1 53 0
  84 003a FFF7FEFF 		bl	Encoder_Update
  85              	.LVL8:
  54:..\source/calang.c ****         Pid_Update();
  86              		.loc 1 54 0
  87 003e FFF7FEFF 		bl	Pid_Update
  88              	.LVL9:
  55:..\source/calang.c ****         Odom_Update();
  89              		.loc 1 55 0
  90 0042 FFF7FEFF 		bl	Odom_Update
  91              	.LVL10:
  56:..\source/calang.c ****         
  57:..\source/calang.c ****         heading = Odom_GetHeading();
  92              		.loc 1 57 0
  93 0046 FFF7FEFF 		bl	Odom_GetHeading
  94              	.LVL11:
  95 004a 8046     		mov	r8, r0
  96              	.LVL12:
  58:..\source/calang.c ****         delta_heading = heading - last_heading;
  97              		.loc 1 58 0
  98 004c 2946     		mov	r1, r5
  99 004e FFF7FEFF 		bl	__aeabi_fsub
 100              	.LVL13:
 101 0052 0546     		mov	r5, r0
 102              	.LVL14:
  59:..\source/calang.c ****         if (delta_heading > PI) 
 103              		.loc 1 59 0
 104 0054 FFF7FEFF 		bl	__aeabi_f2d
 105              	.LVL15:
 106 0058 0646     		mov	r6, r0
 107 005a 0F46     		mov	r7, r1
 108 005c 26A3     		adr	r3, .L16
 109 005e D3E90023 		ldrd	r2, [r3]
 110 0062 FFF7FEFF 		bl	__aeabi_dcmpgt
 111              	.LVL16:
 112 0066 50B1     		cbz	r0, .L13
ARM GAS  C:\Users\Tim\AppData\Local\Temp\ccDYyXCx.s 			page 4


  60:..\source/calang.c ****         { 
  61:..\source/calang.c ****             delta_heading -= 2*PI; 
 113              		.loc 1 61 0
 114 0068 3046     		mov	r0, r6
 115 006a 3946     		mov	r1, r7
 116 006c 24A3     		adr	r3, .L16+8
 117 006e D3E90023 		ldrd	r2, [r3]
 118 0072 FFF7FEFF 		bl	__aeabi_dsub
 119              	.LVL17:
 120 0076 FFF7FEFF 		bl	__aeabi_d2f
 121              	.LVL18:
 122 007a 0546     		mov	r5, r0
 123              	.LVL19:
 124 007c 11E0     		b	.L4
 125              	.LVL20:
 126              	.L13:
  62:..\source/calang.c ****         } 
  63:..\source/calang.c ****         else if (delta_heading <= -PI) 
 127              		.loc 1 63 0
 128 007e 3046     		mov	r0, r6
 129 0080 3946     		mov	r1, r7
 130 0082 21A3     		adr	r3, .L16+16
 131 0084 D3E90023 		ldrd	r2, [r3]
 132 0088 FFF7FEFF 		bl	__aeabi_dcmple
 133              	.LVL21:
 134 008c 48B1     		cbz	r0, .L4
  64:..\source/calang.c ****         { 
  65:..\source/calang.c ****             delta_heading += 2*PI; 
 135              		.loc 1 65 0
 136 008e 3046     		mov	r0, r6
 137 0090 3946     		mov	r1, r7
 138 0092 1BA3     		adr	r3, .L16+8
 139 0094 D3E90023 		ldrd	r2, [r3]
 140 0098 FFF7FEFF 		bl	__aeabi_dadd
 141              	.LVL22:
 142 009c FFF7FEFF 		bl	__aeabi_d2f
 143              	.LVL23:
 144 00a0 0546     		mov	r5, r0
 145              	.LVL24:
 146              	.L4:
  66:..\source/calang.c ****         }
  67:..\source/calang.c **** 
  68:..\source/calang.c ****         turn_heading += delta_heading;
 147              		.loc 1 68 0
 148 00a2 2046     		mov	r0, r4
 149 00a4 2946     		mov	r1, r5
 150 00a6 FFF7FEFF 		bl	__aeabi_fadd
 151              	.LVL25:
 152 00aa 0446     		mov	r4, r0
 153              	.LVL26:
  69:..\source/calang.c ****         last_heading = heading;
  70:..\source/calang.c ****     
  71:..\source/calang.c ****         Motor_LeftSetMeterPerSec(test_left_vel);
 154              		.loc 1 71 0
 155 00ac 194D     		ldr	r5, .L16+28
 156              	.LVL27:
 157 00ae 2868     		ldr	r0, [r5]	@ float
ARM GAS  C:\Users\Tim\AppData\Local\Temp\ccDYyXCx.s 			page 5


 158              	.LVL28:
 159 00b0 FFF7FEFF 		bl	Motor_LeftSetMeterPerSec
 160              	.LVL29:
  72:..\source/calang.c ****         Motor_RightSetMeterPerSec(test_right_vel);
 161              		.loc 1 72 0
 162 00b4 6868     		ldr	r0, [r5, #4]	@ float
 163 00b6 FFF7FEFF 		bl	Motor_RightSetMeterPerSec
 164              	.LVL30:
  73:..\source/calang.c ****         
  74:..\source/calang.c ****     } while (abs(turn_heading) < ANGULAR_TEST_HEADING);
 165              		.loc 1 74 0
 166 00ba 2046     		mov	r0, r4
 167 00bc 0021     		movs	r1, #0
 168 00be FFF7FEFF 		bl	__aeabi_fcmplt
 169              	.LVL31:
 170 00c2 10B1     		cbz	r0, .L14
 171              		.loc 1 74 0 is_stmt 0 discriminator 1
 172 00c4 04F10040 		add	r0, r4, #-2147483648
 173 00c8 00E0     		b	.L6
 174              	.L14:
 175              		.loc 1 74 0
 176 00ca 2046     		mov	r0, r4
 177              	.L6:
 178              		.loc 1 74 0 discriminator 4
 179 00cc FFF7FEFF 		bl	__aeabi_f2d
 180              	.LVL32:
  69:..\source/calang.c ****     
 181              		.loc 1 69 0 is_stmt 1 discriminator 4
 182 00d0 4546     		mov	r5, r8
 183              		.loc 1 74 0 discriminator 4
 184 00d2 0BA3     		adr	r3, .L16+8
 185 00d4 D3E90023 		ldrd	r2, [r3]
 186 00d8 FFF7FEFF 		bl	__aeabi_dcmplt
 187              	.LVL33:
 188 00dc 0028     		cmp	r0, #0
 189 00de ACD1     		bne	.L8
 190              	.LVL34:
  75:..\source/calang.c ****     
  76:..\source/calang.c ****     Motor_LeftSetCntsPerSec(0);
 191              		.loc 1 76 0
 192 00e0 0024     		movs	r4, #0
 193              	.LVL35:
 194 00e2 2046     		mov	r0, r4
 195 00e4 FFF7FEFF 		bl	Motor_LeftSetCntsPerSec
 196              	.LVL36:
  77:..\source/calang.c ****     Motor_RightSetCntsPerSec(0);
 197              		.loc 1 77 0
 198 00e8 2046     		mov	r0, r4
 199 00ea FFF7FEFF 		bl	Motor_RightSetCntsPerSec
 200              	.LVL37:
 201 00ee BDE8F081 		pop	{r4, r5, r6, r7, r8, pc}
 202              	.LVL38:
 203              	.L17:
 204 00f2 00BFAFF3 		.align	3
 204      0080
 205              	.L16:
 206 00f8 182D4454 		.word	1413754136
ARM GAS  C:\Users\Tim\AppData\Local\Temp\ccDYyXCx.s 			page 6


 207 00fc FB210940 		.word	1074340347
 208 0100 182D4454 		.word	1413754136
 209 0104 FB211940 		.word	1075388923
 210 0108 182D4454 		.word	1413754136
 211 010c FB2109C0 		.word	-1073143301
 212 0110 00000000 		.word	p_cal_eeprom
 213 0114 00000000 		.word	.LANCHOR0
 214 0118 3333333F 		.word	1060320051
 215              		.cfi_endproc
 216              	.LFE63:
 217              		.size	PerformAngularBiasCalibration, .-PerformAngularBiasCalibration
 218              		.comm	p_cal_eeprom,4,4
 219 011c AFF30080 		.bss
 220              		.align	2
 221              		.set	.LANCHOR0,. + 0
 222              		.type	test_left_vel, %object
 223              		.size	test_left_vel, 4
 224              	test_left_vel:
 225 0000 00000000 		.space	4
 226              		.type	test_right_vel, %object
 227              		.size	test_right_vel, 4
 228              	test_right_vel:
 229 0004 00000000 		.space	4
 230              		.text
 231              	.Letext0:
 232              		.file 2 "c:\\program files (x86)\\cypress\\psoc creator\\3.3\\psoc creator\\import\\gnu\\arm\\4.9.
 233              		.file 3 "c:\\program files (x86)\\cypress\\psoc creator\\3.3\\psoc creator\\import\\gnu\\arm\\4.9.
 234              		.file 4 "Generated_Source\\PSoC5/cytypes.h"
 235              		.file 5 "..\\source\\cal.h"
 236              		.file 6 "Generated_Source\\PSoC5/core_cm3.h"
 237              		.file 7 "..\\source\\nvstore.h"
 238              		.file 8 "..\\source\\utils.h"
 239              		.file 9 "..\\source\\motor.h"
 240              		.file 10 "..\\source\\odom.h"
 241              		.file 11 "..\\source\\encoder.h"
 242              		.file 12 "..\\source\\pid.h"
 243              		.section	.debug_info,"",%progbits
 244              	.Ldebug_info0:
 245 0000 53040000 		.4byte	0x453
 246 0004 0400     		.2byte	0x4
 247 0006 00000000 		.4byte	.Ldebug_abbrev0
 248 000a 04       		.byte	0x4
 249 000b 01       		.uleb128 0x1
 250 000c D4020000 		.4byte	.LASF59
 251 0010 01       		.byte	0x1
 252 0011 31000000 		.4byte	.LASF60
 253 0015 E4000000 		.4byte	.LASF61
 254 0019 00000000 		.4byte	.Ldebug_ranges0+0
 255 001d 00000000 		.4byte	0
 256 0021 00000000 		.4byte	.Ldebug_line0
 257 0025 02       		.uleb128 0x2
 258 0026 04       		.byte	0x4
 259 0027 04       		.byte	0x4
 260 0028 DE000000 		.4byte	.LASF0
 261 002c 03       		.uleb128 0x3
 262 002d 04       		.byte	0x4
 263 002e 05       		.byte	0x5
ARM GAS  C:\Users\Tim\AppData\Local\Temp\ccDYyXCx.s 			page 7


 264 002f 696E7400 		.ascii	"int\000"
 265 0033 02       		.uleb128 0x2
 266 0034 04       		.byte	0x4
 267 0035 07       		.byte	0x7
 268 0036 AA010000 		.4byte	.LASF1
 269 003a 02       		.uleb128 0x2
 270 003b 01       		.byte	0x1
 271 003c 06       		.byte	0x6
 272 003d C6000000 		.4byte	.LASF2
 273 0041 02       		.uleb128 0x2
 274 0042 01       		.byte	0x1
 275 0043 08       		.byte	0x8
 276 0044 6B010000 		.4byte	.LASF3
 277 0048 02       		.uleb128 0x2
 278 0049 02       		.byte	0x2
 279 004a 05       		.byte	0x5
 280 004b 44000000 		.4byte	.LASF4
 281 004f 02       		.uleb128 0x2
 282 0050 02       		.byte	0x2
 283 0051 07       		.byte	0x7
 284 0052 B7010000 		.4byte	.LASF5
 285 0056 04       		.uleb128 0x4
 286 0057 B0020000 		.4byte	.LASF14
 287 005b 02       		.byte	0x2
 288 005c 3F       		.byte	0x3f
 289 005d 61000000 		.4byte	0x61
 290 0061 02       		.uleb128 0x2
 291 0062 04       		.byte	0x4
 292 0063 05       		.byte	0x5
 293 0064 D6010000 		.4byte	.LASF6
 294 0068 02       		.uleb128 0x2
 295 0069 04       		.byte	0x4
 296 006a 07       		.byte	0x7
 297 006b 57020000 		.4byte	.LASF7
 298 006f 02       		.uleb128 0x2
 299 0070 08       		.byte	0x8
 300 0071 05       		.byte	0x5
 301 0072 16010000 		.4byte	.LASF8
 302 0076 02       		.uleb128 0x2
 303 0077 08       		.byte	0x8
 304 0078 07       		.byte	0x7
 305 0079 93010000 		.4byte	.LASF9
 306 007d 02       		.uleb128 0x2
 307 007e 04       		.byte	0x4
 308 007f 07       		.byte	0x7
 309 0080 4E000000 		.4byte	.LASF10
 310 0084 02       		.uleb128 0x2
 311 0085 01       		.byte	0x1
 312 0086 08       		.byte	0x8
 313 0087 D1010000 		.4byte	.LASF11
 314 008b 02       		.uleb128 0x2
 315 008c 08       		.byte	0x8
 316 008d 04       		.byte	0x4
 317 008e 6F020000 		.4byte	.LASF12
 318 0092 02       		.uleb128 0x2
 319 0093 08       		.byte	0x8
 320 0094 04       		.byte	0x4
ARM GAS  C:\Users\Tim\AppData\Local\Temp\ccDYyXCx.s 			page 8


 321 0095 5F000000 		.4byte	.LASF13
 322 0099 04       		.uleb128 0x4
 323 009a DF010000 		.4byte	.LASF15
 324 009e 03       		.byte	0x3
 325 009f 2C       		.byte	0x2c
 326 00a0 56000000 		.4byte	0x56
 327 00a4 05       		.uleb128 0x5
 328 00a5 E7010000 		.4byte	.LASF16
 329 00a9 04       		.byte	0x4
 330 00aa 3801     		.2byte	0x138
 331 00ac 41000000 		.4byte	0x41
 332 00b0 05       		.uleb128 0x5
 333 00b1 8E000000 		.4byte	.LASF17
 334 00b5 04       		.byte	0x4
 335 00b6 3901     		.2byte	0x139
 336 00b8 4F000000 		.4byte	0x4f
 337 00bc 05       		.uleb128 0x5
 338 00bd 69020000 		.4byte	.LASF18
 339 00c1 04       		.byte	0x4
 340 00c2 3D01     		.2byte	0x13d
 341 00c4 61000000 		.4byte	0x61
 342 00c8 06       		.uleb128 0x6
 343 00c9 84010000 		.4byte	.LASF26
 344 00cd 4001     		.2byte	0x140
 345 00cf 05       		.byte	0x5
 346 00d0 38       		.byte	0x38
 347 00d1 1F010000 		.4byte	0x11f
 348 00d5 07       		.uleb128 0x7
 349 00d6 AE000000 		.4byte	.LASF19
 350 00da 05       		.byte	0x5
 351 00db 3A       		.byte	0x3a
 352 00dc BC000000 		.4byte	0xbc
 353 00e0 00       		.byte	0
 354 00e1 07       		.uleb128 0x7
 355 00e2 6B000000 		.4byte	.LASF20
 356 00e6 05       		.byte	0x5
 357 00e7 3B       		.byte	0x3b
 358 00e8 BC000000 		.4byte	0xbc
 359 00ec 04       		.byte	0x4
 360 00ed 07       		.uleb128 0x7
 361 00ee 1A000000 		.4byte	.LASF21
 362 00f2 05       		.byte	0x5
 363 00f3 3C       		.byte	0x3c
 364 00f4 2C000000 		.4byte	0x2c
 365 00f8 08       		.byte	0x8
 366 00f9 07       		.uleb128 0x7
 367 00fa 83020000 		.4byte	.LASF22
 368 00fe 05       		.byte	0x5
 369 00ff 3D       		.byte	0x3d
 370 0100 1F010000 		.4byte	0x11f
 371 0104 0C       		.byte	0xc
 372 0105 07       		.uleb128 0x7
 373 0106 62030000 		.4byte	.LASF23
 374 010a 05       		.byte	0x5
 375 010b 3E       		.byte	0x3e
 376 010c 2F010000 		.4byte	0x12f
 377 0110 D8       		.byte	0xd8
ARM GAS  C:\Users\Tim\AppData\Local\Temp\ccDYyXCx.s 			page 9


 378 0111 08       		.uleb128 0x8
 379 0112 D2030000 		.4byte	.LASF24
 380 0116 05       		.byte	0x5
 381 0117 40       		.byte	0x40
 382 0118 B0000000 		.4byte	0xb0
 383 011c 3E01     		.2byte	0x13e
 384 011e 00       		.byte	0
 385 011f 09       		.uleb128 0x9
 386 0120 BC000000 		.4byte	0xbc
 387 0124 2F010000 		.4byte	0x12f
 388 0128 0A       		.uleb128 0xa
 389 0129 7D000000 		.4byte	0x7d
 390 012d 32       		.byte	0x32
 391 012e 00       		.byte	0
 392 012f 09       		.uleb128 0x9
 393 0130 B0000000 		.4byte	0xb0
 394 0134 3F010000 		.4byte	0x13f
 395 0138 0A       		.uleb128 0xa
 396 0139 7D000000 		.4byte	0x7d
 397 013d 32       		.byte	0x32
 398 013e 00       		.byte	0
 399 013f 04       		.uleb128 0x4
 400 0140 91030000 		.4byte	.LASF25
 401 0144 05       		.byte	0x5
 402 0145 41       		.byte	0x41
 403 0146 C8000000 		.4byte	0xc8
 404 014a 0B       		.uleb128 0xb
 405 014b 24000000 		.4byte	.LASF27
 406 014f 0C       		.byte	0xc
 407 0150 05       		.byte	0x5
 408 0151 43       		.byte	0x43
 409 0152 78010000 		.4byte	0x178
 410 0156 0C       		.uleb128 0xc
 411 0157 6B7000   		.ascii	"kp\000"
 412 015a 05       		.byte	0x5
 413 015b 45       		.byte	0x45
 414 015c 25000000 		.4byte	0x25
 415 0160 00       		.byte	0
 416 0161 0C       		.uleb128 0xc
 417 0162 6B6900   		.ascii	"ki\000"
 418 0165 05       		.byte	0x5
 419 0166 46       		.byte	0x46
 420 0167 25000000 		.4byte	0x25
 421 016b 04       		.byte	0x4
 422 016c 0C       		.uleb128 0xc
 423 016d 6B6400   		.ascii	"kd\000"
 424 0170 05       		.byte	0x5
 425 0171 47       		.byte	0x47
 426 0172 25000000 		.4byte	0x25
 427 0176 08       		.byte	0x8
 428 0177 00       		.byte	0
 429 0178 04       		.uleb128 0x4
 430 0179 94020000 		.4byte	.LASF28
 431 017d 05       		.byte	0x5
 432 017e 48       		.byte	0x48
 433 017f 4A010000 		.4byte	0x14a
 434 0183 06       		.uleb128 0x6
ARM GAS  C:\Users\Tim\AppData\Local\Temp\ccDYyXCx.s 			page 10


 435 0184 FA030000 		.4byte	.LASF29
 436 0188 3005     		.2byte	0x530
 437 018a 05       		.byte	0x5
 438 018b 4A       		.byte	0x4a
 439 018c 18020000 		.4byte	0x218
 440 0190 07       		.uleb128 0x7
 441 0191 CA010000 		.4byte	.LASF30
 442 0195 05       		.byte	0x5
 443 0196 4D       		.byte	0x4d
 444 0197 B0000000 		.4byte	0xb0
 445 019b 00       		.byte	0
 446 019c 07       		.uleb128 0x7
 447 019d 95000000 		.4byte	.LASF31
 448 01a1 05       		.byte	0x5
 449 01a2 52       		.byte	0x52
 450 01a3 B0000000 		.4byte	0xb0
 451 01a7 02       		.byte	0x2
 452 01a8 07       		.uleb128 0x7
 453 01a9 D2030000 		.4byte	.LASF24
 454 01ad 05       		.byte	0x5
 455 01ae 53       		.byte	0x53
 456 01af 18020000 		.4byte	0x218
 457 01b3 04       		.byte	0x4
 458 01b4 07       		.uleb128 0x7
 459 01b5 79010000 		.4byte	.LASF32
 460 01b9 05       		.byte	0x5
 461 01ba 57       		.byte	0x57
 462 01bb 78010000 		.4byte	0x178
 463 01bf 10       		.byte	0x10
 464 01c0 07       		.uleb128 0x7
 465 01c1 4C010000 		.4byte	.LASF33
 466 01c5 05       		.byte	0x5
 467 01c6 58       		.byte	0x58
 468 01c7 78010000 		.4byte	0x178
 469 01cb 1C       		.byte	0x1c
 470 01cc 07       		.uleb128 0x7
 471 01cd D2000000 		.4byte	.LASF34
 472 01d1 05       		.byte	0x5
 473 01d2 59       		.byte	0x59
 474 01d3 25000000 		.4byte	0x25
 475 01d7 28       		.byte	0x28
 476 01d8 07       		.uleb128 0x7
 477 01d9 BA030000 		.4byte	.LASF35
 478 01dd 05       		.byte	0x5
 479 01de 5A       		.byte	0x5a
 480 01df 25000000 		.4byte	0x25
 481 01e3 2C       		.byte	0x2c
 482 01e4 07       		.uleb128 0x7
 483 01e5 DB030000 		.4byte	.LASF36
 484 01e9 05       		.byte	0x5
 485 01ea 5B       		.byte	0x5b
 486 01eb 3F010000 		.4byte	0x13f
 487 01ef 30       		.byte	0x30
 488 01f0 08       		.uleb128 0x8
 489 01f1 3D010000 		.4byte	.LASF37
 490 01f5 05       		.byte	0x5
 491 01f6 5C       		.byte	0x5c
ARM GAS  C:\Users\Tim\AppData\Local\Temp\ccDYyXCx.s 			page 11


 492 01f7 3F010000 		.4byte	0x13f
 493 01fb 7001     		.2byte	0x170
 494 01fd 08       		.uleb128 0x8
 495 01fe 9E000000 		.4byte	.LASF38
 496 0202 05       		.byte	0x5
 497 0203 5D       		.byte	0x5d
 498 0204 3F010000 		.4byte	0x13f
 499 0208 B002     		.2byte	0x2b0
 500 020a 08       		.uleb128 0x8
 501 020b 0B020000 		.4byte	.LASF39
 502 020f 05       		.byte	0x5
 503 0210 5E       		.byte	0x5e
 504 0211 3F010000 		.4byte	0x13f
 505 0215 F003     		.2byte	0x3f0
 506 0217 00       		.byte	0
 507 0218 09       		.uleb128 0x9
 508 0219 A4000000 		.4byte	0xa4
 509 021d 28020000 		.4byte	0x228
 510 0221 0A       		.uleb128 0xa
 511 0222 7D000000 		.4byte	0x7d
 512 0226 0B       		.byte	0xb
 513 0227 00       		.byte	0
 514 0228 04       		.uleb128 0x4
 515 0229 B6000000 		.4byte	.LASF40
 516 022d 05       		.byte	0x5
 517 022e 5F       		.byte	0x5f
 518 022f 83010000 		.4byte	0x183
 519 0233 0D       		.uleb128 0xd
 520 0234 ED010000 		.4byte	.LASF62
 521 0238 01       		.byte	0x1
 522 0239 12       		.byte	0x12
 523 023a 00000000 		.4byte	.LFB63
 524 023e 1C010000 		.4byte	.LFE63-.LFB63
 525 0242 01       		.uleb128 0x1
 526 0243 9C       		.byte	0x9c
 527 0244 53030000 		.4byte	0x353
 528 0248 0E       		.uleb128 0xe
 529 0249 57000000 		.4byte	.LASF63
 530 024d 01       		.byte	0x1
 531 024e 12       		.byte	0x12
 532 024f A4000000 		.4byte	0xa4
 533 0253 00000000 		.4byte	.LLST0
 534 0257 0F       		.uleb128 0xf
 535 0258 8C020000 		.4byte	.LASF41
 536 025c 01       		.byte	0x1
 537 025d 25       		.byte	0x25
 538 025e 25000000 		.4byte	0x25
 539 0262 21000000 		.4byte	.LLST1
 540 0266 0F       		.uleb128 0xf
 541 0267 00000000 		.4byte	.LASF42
 542 026b 01       		.byte	0x1
 543 026c 26       		.byte	0x26
 544 026d 25000000 		.4byte	0x25
 545 0271 4A000000 		.4byte	.LLST2
 546 0275 0F       		.uleb128 0xf
 547 0276 83030000 		.4byte	.LASF43
 548 027a 01       		.byte	0x1
ARM GAS  C:\Users\Tim\AppData\Local\Temp\ccDYyXCx.s 			page 12


 549 027b 27       		.byte	0x27
 550 027c 25000000 		.4byte	0x25
 551 0280 83000000 		.4byte	.LLST3
 552 0284 0F       		.uleb128 0xf
 553 0285 0D000000 		.4byte	.LASF44
 554 0289 01       		.byte	0x1
 555 028a 28       		.byte	0x28
 556 028b 25000000 		.4byte	0x25
 557 028f B7000000 		.4byte	.LLST4
 558 0293 10       		.uleb128 0x10
 559 0294 18000000 		.4byte	.LVL2
 560 0298 A2030000 		.4byte	0x3a2
 561 029c 11       		.uleb128 0x11
 562 029d 28000000 		.4byte	.LVL3
 563 02a1 B8030000 		.4byte	0x3b8
 564 02a5 C3020000 		.4byte	0x2c3
 565 02a9 12       		.uleb128 0x12
 566 02aa 01       		.uleb128 0x1
 567 02ab 53       		.byte	0x53
 568 02ac 05       		.uleb128 0x5
 569 02ad 03       		.byte	0x3
 570 02ae 04000000 		.4byte	.LANCHOR0+4
 571 02b2 12       		.uleb128 0x12
 572 02b3 01       		.uleb128 0x1
 573 02b4 52       		.byte	0x52
 574 02b5 05       		.uleb128 0x5
 575 02b6 03       		.byte	0x3
 576 02b7 00000000 		.4byte	.LANCHOR0
 577 02bb 12       		.uleb128 0x12
 578 02bc 01       		.uleb128 0x1
 579 02bd 50       		.byte	0x50
 580 02be 03       		.uleb128 0x3
 581 02bf F5       		.byte	0xf5
 582 02c0 04       		.uleb128 0x4
 583 02c1 25       		.uleb128 0x25
 584 02c2 00       		.byte	0
 585 02c3 11       		.uleb128 0x11
 586 02c4 2E000000 		.4byte	.LVL4
 587 02c8 DE030000 		.4byte	0x3de
 588 02cc D8020000 		.4byte	0x2d8
 589 02d0 12       		.uleb128 0x12
 590 02d1 01       		.uleb128 0x1
 591 02d2 50       		.byte	0x50
 592 02d3 03       		.uleb128 0x3
 593 02d4 F5       		.byte	0xf5
 594 02d5 04       		.uleb128 0x4
 595 02d6 25       		.uleb128 0x25
 596 02d7 00       		.byte	0
 597 02d8 11       		.uleb128 0x11
 598 02d9 34000000 		.4byte	.LVL5
 599 02dd EF030000 		.4byte	0x3ef
 600 02e1 ED020000 		.4byte	0x2ed
 601 02e5 12       		.uleb128 0x12
 602 02e6 01       		.uleb128 0x1
 603 02e7 50       		.byte	0x50
 604 02e8 03       		.uleb128 0x3
 605 02e9 F5       		.byte	0xf5
ARM GAS  C:\Users\Tim\AppData\Local\Temp\ccDYyXCx.s 			page 13


 606 02ea 04       		.uleb128 0x4
 607 02eb 25       		.uleb128 0x25
 608 02ec 00       		.byte	0
 609 02ed 10       		.uleb128 0x10
 610 02ee 38000000 		.4byte	.LVL6
 611 02f2 00040000 		.4byte	0x400
 612 02f6 10       		.uleb128 0x10
 613 02f7 3E000000 		.4byte	.LVL8
 614 02fb 11040000 		.4byte	0x411
 615 02ff 10       		.uleb128 0x10
 616 0300 42000000 		.4byte	.LVL9
 617 0304 1E040000 		.4byte	0x41e
 618 0308 10       		.uleb128 0x10
 619 0309 46000000 		.4byte	.LVL10
 620 030d 2B040000 		.4byte	0x42b
 621 0311 10       		.uleb128 0x10
 622 0312 4A000000 		.4byte	.LVL11
 623 0316 00040000 		.4byte	0x400
 624 031a 10       		.uleb128 0x10
 625 031b B4000000 		.4byte	.LVL29
 626 031f 38040000 		.4byte	0x438
 627 0323 10       		.uleb128 0x10
 628 0324 BA000000 		.4byte	.LVL30
 629 0328 49040000 		.4byte	0x449
 630 032c 11       		.uleb128 0x11
 631 032d E8000000 		.4byte	.LVL36
 632 0331 DE030000 		.4byte	0x3de
 633 0335 41030000 		.4byte	0x341
 634 0339 12       		.uleb128 0x12
 635 033a 01       		.uleb128 0x1
 636 033b 50       		.byte	0x50
 637 033c 03       		.uleb128 0x3
 638 033d F5       		.byte	0xf5
 639 033e 04       		.uleb128 0x4
 640 033f 25       		.uleb128 0x25
 641 0340 00       		.byte	0
 642 0341 13       		.uleb128 0x13
 643 0342 EE000000 		.4byte	.LVL37
 644 0346 EF030000 		.4byte	0x3ef
 645 034a 12       		.uleb128 0x12
 646 034b 01       		.uleb128 0x1
 647 034c 50       		.byte	0x50
 648 034d 03       		.uleb128 0x3
 649 034e F5       		.byte	0xf5
 650 034f 04       		.uleb128 0x4
 651 0350 25       		.uleb128 0x25
 652 0351 00       		.byte	0
 653 0352 00       		.byte	0
 654 0353 14       		.uleb128 0x14
 655 0354 73000000 		.4byte	.LASF45
 656 0358 01       		.byte	0x1
 657 0359 0F       		.byte	0xf
 658 035a 25000000 		.4byte	0x25
 659 035e 05       		.uleb128 0x5
 660 035f 03       		.byte	0x3
 661 0360 00000000 		.4byte	test_left_vel
 662 0364 14       		.uleb128 0x14
ARM GAS  C:\Users\Tim\AppData\Local\Temp\ccDYyXCx.s 			page 14


 663 0365 9F030000 		.4byte	.LASF46
 664 0369 01       		.byte	0x1
 665 036a 10       		.byte	0x10
 666 036b 25000000 		.4byte	0x25
 667 036f 05       		.uleb128 0x5
 668 0370 03       		.byte	0x3
 669 0371 04000000 		.4byte	test_right_vel
 670 0375 15       		.uleb128 0x15
 671 0376 76020000 		.4byte	.LASF47
 672 037a 06       		.byte	0x6
 673 037b 5506     		.2byte	0x655
 674 037d 81030000 		.4byte	0x381
 675 0381 16       		.uleb128 0x16
 676 0382 99000000 		.4byte	0x99
 677 0386 17       		.uleb128 0x17
 678 0387 81000000 		.4byte	.LASF48
 679 038b 05       		.byte	0x5
 680 038c 61       		.byte	0x61
 681 038d 97030000 		.4byte	0x397
 682 0391 05       		.uleb128 0x5
 683 0392 03       		.byte	0x3
 684 0393 00000000 		.4byte	p_cal_eeprom
 685 0397 18       		.uleb128 0x18
 686 0398 04       		.byte	0x4
 687 0399 9D030000 		.4byte	0x39d
 688 039d 16       		.uleb128 0x16
 689 039e 28020000 		.4byte	0x228
 690 03a2 19       		.uleb128 0x19
 691 03a3 58010000 		.4byte	.LASF49
 692 03a7 07       		.byte	0x7
 693 03a8 1B       		.byte	0x1b
 694 03a9 B8030000 		.4byte	0x3b8
 695 03ad 1A       		.uleb128 0x1a
 696 03ae 25000000 		.4byte	0x25
 697 03b2 1A       		.uleb128 0x1a
 698 03b3 B0000000 		.4byte	0xb0
 699 03b7 00       		.byte	0
 700 03b8 19       		.uleb128 0x19
 701 03b9 1B020000 		.4byte	.LASF50
 702 03bd 08       		.byte	0x8
 703 03be 41       		.byte	0x41
 704 03bf D8030000 		.4byte	0x3d8
 705 03c3 1A       		.uleb128 0x1a
 706 03c4 25000000 		.4byte	0x25
 707 03c8 1A       		.uleb128 0x1a
 708 03c9 25000000 		.4byte	0x25
 709 03cd 1A       		.uleb128 0x1a
 710 03ce D8030000 		.4byte	0x3d8
 711 03d2 1A       		.uleb128 0x1a
 712 03d3 D8030000 		.4byte	0x3d8
 713 03d7 00       		.byte	0
 714 03d8 18       		.uleb128 0x18
 715 03d9 04       		.byte	0x4
 716 03da 25000000 		.4byte	0x25
 717 03de 19       		.uleb128 0x19
 718 03df 6B030000 		.4byte	.LASF51
 719 03e3 09       		.byte	0x9
ARM GAS  C:\Users\Tim\AppData\Local\Temp\ccDYyXCx.s 			page 15


 720 03e4 1B       		.byte	0x1b
 721 03e5 EF030000 		.4byte	0x3ef
 722 03e9 1A       		.uleb128 0x1a
 723 03ea 25000000 		.4byte	0x25
 724 03ee 00       		.byte	0
 725 03ef 19       		.uleb128 0x19
 726 03f0 3E020000 		.4byte	.LASF52
 727 03f4 09       		.byte	0x9
 728 03f5 1C       		.byte	0x1c
 729 03f6 00040000 		.4byte	0x400
 730 03fa 1A       		.uleb128 0x1a
 731 03fb 25000000 		.4byte	0x25
 732 03ff 00       		.byte	0
 733 0400 1B       		.uleb128 0x1b
 734 0401 EA030000 		.4byte	.LASF53
 735 0405 0A       		.byte	0xa
 736 0406 16       		.byte	0x16
 737 0407 25000000 		.4byte	0x25
 738 040b 11040000 		.4byte	0x411
 739 040f 1C       		.uleb128 0x1c
 740 0410 00       		.byte	0
 741 0411 1D       		.uleb128 0x1d
 742 0412 A1020000 		.4byte	.LASF54
 743 0416 0B       		.byte	0xb
 744 0417 14       		.byte	0x14
 745 0418 1E040000 		.4byte	0x41e
 746 041c 1C       		.uleb128 0x1c
 747 041d 00       		.byte	0
 748 041e 1D       		.uleb128 0x1d
 749 041f C7030000 		.4byte	.LASF55
 750 0423 0C       		.byte	0xc
 751 0424 60       		.byte	0x60
 752 0425 2B040000 		.4byte	0x42b
 753 0429 1C       		.uleb128 0x1c
 754 042a 00       		.byte	0
 755 042b 1D       		.uleb128 0x1d
 756 042c AE030000 		.4byte	.LASF56
 757 0430 0A       		.byte	0xa
 758 0431 13       		.byte	0x13
 759 0432 38040000 		.4byte	0x438
 760 0436 1C       		.uleb128 0x1c
 761 0437 00       		.byte	0
 762 0438 19       		.uleb128 0x19
 763 0439 24010000 		.4byte	.LASF57
 764 043d 09       		.byte	0x9
 765 043e 1D       		.byte	0x1d
 766 043f 49040000 		.4byte	0x449
 767 0443 1A       		.uleb128 0x1a
 768 0444 25000000 		.4byte	0x25
 769 0448 00       		.byte	0
 770 0449 1E       		.uleb128 0x1e
 771 044a BA020000 		.4byte	.LASF58
 772 044e 09       		.byte	0x9
 773 044f 1E       		.byte	0x1e
 774 0450 1A       		.uleb128 0x1a
 775 0451 25000000 		.4byte	0x25
 776 0455 00       		.byte	0
ARM GAS  C:\Users\Tim\AppData\Local\Temp\ccDYyXCx.s 			page 16


 777 0456 00       		.byte	0
 778              		.section	.debug_abbrev,"",%progbits
 779              	.Ldebug_abbrev0:
 780 0000 01       		.uleb128 0x1
 781 0001 11       		.uleb128 0x11
 782 0002 01       		.byte	0x1
 783 0003 25       		.uleb128 0x25
 784 0004 0E       		.uleb128 0xe
 785 0005 13       		.uleb128 0x13
 786 0006 0B       		.uleb128 0xb
 787 0007 03       		.uleb128 0x3
 788 0008 0E       		.uleb128 0xe
 789 0009 1B       		.uleb128 0x1b
 790 000a 0E       		.uleb128 0xe
 791 000b 55       		.uleb128 0x55
 792 000c 17       		.uleb128 0x17
 793 000d 11       		.uleb128 0x11
 794 000e 01       		.uleb128 0x1
 795 000f 10       		.uleb128 0x10
 796 0010 17       		.uleb128 0x17
 797 0011 00       		.byte	0
 798 0012 00       		.byte	0
 799 0013 02       		.uleb128 0x2
 800 0014 24       		.uleb128 0x24
 801 0015 00       		.byte	0
 802 0016 0B       		.uleb128 0xb
 803 0017 0B       		.uleb128 0xb
 804 0018 3E       		.uleb128 0x3e
 805 0019 0B       		.uleb128 0xb
 806 001a 03       		.uleb128 0x3
 807 001b 0E       		.uleb128 0xe
 808 001c 00       		.byte	0
 809 001d 00       		.byte	0
 810 001e 03       		.uleb128 0x3
 811 001f 24       		.uleb128 0x24
 812 0020 00       		.byte	0
 813 0021 0B       		.uleb128 0xb
 814 0022 0B       		.uleb128 0xb
 815 0023 3E       		.uleb128 0x3e
 816 0024 0B       		.uleb128 0xb
 817 0025 03       		.uleb128 0x3
 818 0026 08       		.uleb128 0x8
 819 0027 00       		.byte	0
 820 0028 00       		.byte	0
 821 0029 04       		.uleb128 0x4
 822 002a 16       		.uleb128 0x16
 823 002b 00       		.byte	0
 824 002c 03       		.uleb128 0x3
 825 002d 0E       		.uleb128 0xe
 826 002e 3A       		.uleb128 0x3a
 827 002f 0B       		.uleb128 0xb
 828 0030 3B       		.uleb128 0x3b
 829 0031 0B       		.uleb128 0xb
 830 0032 49       		.uleb128 0x49
 831 0033 13       		.uleb128 0x13
 832 0034 00       		.byte	0
 833 0035 00       		.byte	0
ARM GAS  C:\Users\Tim\AppData\Local\Temp\ccDYyXCx.s 			page 17


 834 0036 05       		.uleb128 0x5
 835 0037 16       		.uleb128 0x16
 836 0038 00       		.byte	0
 837 0039 03       		.uleb128 0x3
 838 003a 0E       		.uleb128 0xe
 839 003b 3A       		.uleb128 0x3a
 840 003c 0B       		.uleb128 0xb
 841 003d 3B       		.uleb128 0x3b
 842 003e 05       		.uleb128 0x5
 843 003f 49       		.uleb128 0x49
 844 0040 13       		.uleb128 0x13
 845 0041 00       		.byte	0
 846 0042 00       		.byte	0
 847 0043 06       		.uleb128 0x6
 848 0044 13       		.uleb128 0x13
 849 0045 01       		.byte	0x1
 850 0046 03       		.uleb128 0x3
 851 0047 0E       		.uleb128 0xe
 852 0048 0B       		.uleb128 0xb
 853 0049 05       		.uleb128 0x5
 854 004a 3A       		.uleb128 0x3a
 855 004b 0B       		.uleb128 0xb
 856 004c 3B       		.uleb128 0x3b
 857 004d 0B       		.uleb128 0xb
 858 004e 01       		.uleb128 0x1
 859 004f 13       		.uleb128 0x13
 860 0050 00       		.byte	0
 861 0051 00       		.byte	0
 862 0052 07       		.uleb128 0x7
 863 0053 0D       		.uleb128 0xd
 864 0054 00       		.byte	0
 865 0055 03       		.uleb128 0x3
 866 0056 0E       		.uleb128 0xe
 867 0057 3A       		.uleb128 0x3a
 868 0058 0B       		.uleb128 0xb
 869 0059 3B       		.uleb128 0x3b
 870 005a 0B       		.uleb128 0xb
 871 005b 49       		.uleb128 0x49
 872 005c 13       		.uleb128 0x13
 873 005d 38       		.uleb128 0x38
 874 005e 0B       		.uleb128 0xb
 875 005f 00       		.byte	0
 876 0060 00       		.byte	0
 877 0061 08       		.uleb128 0x8
 878 0062 0D       		.uleb128 0xd
 879 0063 00       		.byte	0
 880 0064 03       		.uleb128 0x3
 881 0065 0E       		.uleb128 0xe
 882 0066 3A       		.uleb128 0x3a
 883 0067 0B       		.uleb128 0xb
 884 0068 3B       		.uleb128 0x3b
 885 0069 0B       		.uleb128 0xb
 886 006a 49       		.uleb128 0x49
 887 006b 13       		.uleb128 0x13
 888 006c 38       		.uleb128 0x38
 889 006d 05       		.uleb128 0x5
 890 006e 00       		.byte	0
ARM GAS  C:\Users\Tim\AppData\Local\Temp\ccDYyXCx.s 			page 18


 891 006f 00       		.byte	0
 892 0070 09       		.uleb128 0x9
 893 0071 01       		.uleb128 0x1
 894 0072 01       		.byte	0x1
 895 0073 49       		.uleb128 0x49
 896 0074 13       		.uleb128 0x13
 897 0075 01       		.uleb128 0x1
 898 0076 13       		.uleb128 0x13
 899 0077 00       		.byte	0
 900 0078 00       		.byte	0
 901 0079 0A       		.uleb128 0xa
 902 007a 21       		.uleb128 0x21
 903 007b 00       		.byte	0
 904 007c 49       		.uleb128 0x49
 905 007d 13       		.uleb128 0x13
 906 007e 2F       		.uleb128 0x2f
 907 007f 0B       		.uleb128 0xb
 908 0080 00       		.byte	0
 909 0081 00       		.byte	0
 910 0082 0B       		.uleb128 0xb
 911 0083 13       		.uleb128 0x13
 912 0084 01       		.byte	0x1
 913 0085 03       		.uleb128 0x3
 914 0086 0E       		.uleb128 0xe
 915 0087 0B       		.uleb128 0xb
 916 0088 0B       		.uleb128 0xb
 917 0089 3A       		.uleb128 0x3a
 918 008a 0B       		.uleb128 0xb
 919 008b 3B       		.uleb128 0x3b
 920 008c 0B       		.uleb128 0xb
 921 008d 01       		.uleb128 0x1
 922 008e 13       		.uleb128 0x13
 923 008f 00       		.byte	0
 924 0090 00       		.byte	0
 925 0091 0C       		.uleb128 0xc
 926 0092 0D       		.uleb128 0xd
 927 0093 00       		.byte	0
 928 0094 03       		.uleb128 0x3
 929 0095 08       		.uleb128 0x8
 930 0096 3A       		.uleb128 0x3a
 931 0097 0B       		.uleb128 0xb
 932 0098 3B       		.uleb128 0x3b
 933 0099 0B       		.uleb128 0xb
 934 009a 49       		.uleb128 0x49
 935 009b 13       		.uleb128 0x13
 936 009c 38       		.uleb128 0x38
 937 009d 0B       		.uleb128 0xb
 938 009e 00       		.byte	0
 939 009f 00       		.byte	0
 940 00a0 0D       		.uleb128 0xd
 941 00a1 2E       		.uleb128 0x2e
 942 00a2 01       		.byte	0x1
 943 00a3 3F       		.uleb128 0x3f
 944 00a4 19       		.uleb128 0x19
 945 00a5 03       		.uleb128 0x3
 946 00a6 0E       		.uleb128 0xe
 947 00a7 3A       		.uleb128 0x3a
ARM GAS  C:\Users\Tim\AppData\Local\Temp\ccDYyXCx.s 			page 19


 948 00a8 0B       		.uleb128 0xb
 949 00a9 3B       		.uleb128 0x3b
 950 00aa 0B       		.uleb128 0xb
 951 00ab 27       		.uleb128 0x27
 952 00ac 19       		.uleb128 0x19
 953 00ad 11       		.uleb128 0x11
 954 00ae 01       		.uleb128 0x1
 955 00af 12       		.uleb128 0x12
 956 00b0 06       		.uleb128 0x6
 957 00b1 40       		.uleb128 0x40
 958 00b2 18       		.uleb128 0x18
 959 00b3 9642     		.uleb128 0x2116
 960 00b5 19       		.uleb128 0x19
 961 00b6 01       		.uleb128 0x1
 962 00b7 13       		.uleb128 0x13
 963 00b8 00       		.byte	0
 964 00b9 00       		.byte	0
 965 00ba 0E       		.uleb128 0xe
 966 00bb 05       		.uleb128 0x5
 967 00bc 00       		.byte	0
 968 00bd 03       		.uleb128 0x3
 969 00be 0E       		.uleb128 0xe
 970 00bf 3A       		.uleb128 0x3a
 971 00c0 0B       		.uleb128 0xb
 972 00c1 3B       		.uleb128 0x3b
 973 00c2 0B       		.uleb128 0xb
 974 00c3 49       		.uleb128 0x49
 975 00c4 13       		.uleb128 0x13
 976 00c5 02       		.uleb128 0x2
 977 00c6 17       		.uleb128 0x17
 978 00c7 00       		.byte	0
 979 00c8 00       		.byte	0
 980 00c9 0F       		.uleb128 0xf
 981 00ca 34       		.uleb128 0x34
 982 00cb 00       		.byte	0
 983 00cc 03       		.uleb128 0x3
 984 00cd 0E       		.uleb128 0xe
 985 00ce 3A       		.uleb128 0x3a
 986 00cf 0B       		.uleb128 0xb
 987 00d0 3B       		.uleb128 0x3b
 988 00d1 0B       		.uleb128 0xb
 989 00d2 49       		.uleb128 0x49
 990 00d3 13       		.uleb128 0x13
 991 00d4 02       		.uleb128 0x2
 992 00d5 17       		.uleb128 0x17
 993 00d6 00       		.byte	0
 994 00d7 00       		.byte	0
 995 00d8 10       		.uleb128 0x10
 996 00d9 898201   		.uleb128 0x4109
 997 00dc 00       		.byte	0
 998 00dd 11       		.uleb128 0x11
 999 00de 01       		.uleb128 0x1
 1000 00df 31       		.uleb128 0x31
 1001 00e0 13       		.uleb128 0x13
 1002 00e1 00       		.byte	0
 1003 00e2 00       		.byte	0
 1004 00e3 11       		.uleb128 0x11
ARM GAS  C:\Users\Tim\AppData\Local\Temp\ccDYyXCx.s 			page 20


 1005 00e4 898201   		.uleb128 0x4109
 1006 00e7 01       		.byte	0x1
 1007 00e8 11       		.uleb128 0x11
 1008 00e9 01       		.uleb128 0x1
 1009 00ea 31       		.uleb128 0x31
 1010 00eb 13       		.uleb128 0x13
 1011 00ec 01       		.uleb128 0x1
 1012 00ed 13       		.uleb128 0x13
 1013 00ee 00       		.byte	0
 1014 00ef 00       		.byte	0
 1015 00f0 12       		.uleb128 0x12
 1016 00f1 8A8201   		.uleb128 0x410a
 1017 00f4 00       		.byte	0
 1018 00f5 02       		.uleb128 0x2
 1019 00f6 18       		.uleb128 0x18
 1020 00f7 9142     		.uleb128 0x2111
 1021 00f9 18       		.uleb128 0x18
 1022 00fa 00       		.byte	0
 1023 00fb 00       		.byte	0
 1024 00fc 13       		.uleb128 0x13
 1025 00fd 898201   		.uleb128 0x4109
 1026 0100 01       		.byte	0x1
 1027 0101 11       		.uleb128 0x11
 1028 0102 01       		.uleb128 0x1
 1029 0103 31       		.uleb128 0x31
 1030 0104 13       		.uleb128 0x13
 1031 0105 00       		.byte	0
 1032 0106 00       		.byte	0
 1033 0107 14       		.uleb128 0x14
 1034 0108 34       		.uleb128 0x34
 1035 0109 00       		.byte	0
 1036 010a 03       		.uleb128 0x3
 1037 010b 0E       		.uleb128 0xe
 1038 010c 3A       		.uleb128 0x3a
 1039 010d 0B       		.uleb128 0xb
 1040 010e 3B       		.uleb128 0x3b
 1041 010f 0B       		.uleb128 0xb
 1042 0110 49       		.uleb128 0x49
 1043 0111 13       		.uleb128 0x13
 1044 0112 02       		.uleb128 0x2
 1045 0113 18       		.uleb128 0x18
 1046 0114 00       		.byte	0
 1047 0115 00       		.byte	0
 1048 0116 15       		.uleb128 0x15
 1049 0117 34       		.uleb128 0x34
 1050 0118 00       		.byte	0
 1051 0119 03       		.uleb128 0x3
 1052 011a 0E       		.uleb128 0xe
 1053 011b 3A       		.uleb128 0x3a
 1054 011c 0B       		.uleb128 0xb
 1055 011d 3B       		.uleb128 0x3b
 1056 011e 05       		.uleb128 0x5
 1057 011f 49       		.uleb128 0x49
 1058 0120 13       		.uleb128 0x13
 1059 0121 3F       		.uleb128 0x3f
 1060 0122 19       		.uleb128 0x19
 1061 0123 3C       		.uleb128 0x3c
ARM GAS  C:\Users\Tim\AppData\Local\Temp\ccDYyXCx.s 			page 21


 1062 0124 19       		.uleb128 0x19
 1063 0125 00       		.byte	0
 1064 0126 00       		.byte	0
 1065 0127 16       		.uleb128 0x16
 1066 0128 35       		.uleb128 0x35
 1067 0129 00       		.byte	0
 1068 012a 49       		.uleb128 0x49
 1069 012b 13       		.uleb128 0x13
 1070 012c 00       		.byte	0
 1071 012d 00       		.byte	0
 1072 012e 17       		.uleb128 0x17
 1073 012f 34       		.uleb128 0x34
 1074 0130 00       		.byte	0
 1075 0131 03       		.uleb128 0x3
 1076 0132 0E       		.uleb128 0xe
 1077 0133 3A       		.uleb128 0x3a
 1078 0134 0B       		.uleb128 0xb
 1079 0135 3B       		.uleb128 0x3b
 1080 0136 0B       		.uleb128 0xb
 1081 0137 49       		.uleb128 0x49
 1082 0138 13       		.uleb128 0x13
 1083 0139 3F       		.uleb128 0x3f
 1084 013a 19       		.uleb128 0x19
 1085 013b 02       		.uleb128 0x2
 1086 013c 18       		.uleb128 0x18
 1087 013d 00       		.byte	0
 1088 013e 00       		.byte	0
 1089 013f 18       		.uleb128 0x18
 1090 0140 0F       		.uleb128 0xf
 1091 0141 00       		.byte	0
 1092 0142 0B       		.uleb128 0xb
 1093 0143 0B       		.uleb128 0xb
 1094 0144 49       		.uleb128 0x49
 1095 0145 13       		.uleb128 0x13
 1096 0146 00       		.byte	0
 1097 0147 00       		.byte	0
 1098 0148 19       		.uleb128 0x19
 1099 0149 2E       		.uleb128 0x2e
 1100 014a 01       		.byte	0x1
 1101 014b 3F       		.uleb128 0x3f
 1102 014c 19       		.uleb128 0x19
 1103 014d 03       		.uleb128 0x3
 1104 014e 0E       		.uleb128 0xe
 1105 014f 3A       		.uleb128 0x3a
 1106 0150 0B       		.uleb128 0xb
 1107 0151 3B       		.uleb128 0x3b
 1108 0152 0B       		.uleb128 0xb
 1109 0153 27       		.uleb128 0x27
 1110 0154 19       		.uleb128 0x19
 1111 0155 3C       		.uleb128 0x3c
 1112 0156 19       		.uleb128 0x19
 1113 0157 01       		.uleb128 0x1
 1114 0158 13       		.uleb128 0x13
 1115 0159 00       		.byte	0
 1116 015a 00       		.byte	0
 1117 015b 1A       		.uleb128 0x1a
 1118 015c 05       		.uleb128 0x5
ARM GAS  C:\Users\Tim\AppData\Local\Temp\ccDYyXCx.s 			page 22


 1119 015d 00       		.byte	0
 1120 015e 49       		.uleb128 0x49
 1121 015f 13       		.uleb128 0x13
 1122 0160 00       		.byte	0
 1123 0161 00       		.byte	0
 1124 0162 1B       		.uleb128 0x1b
 1125 0163 2E       		.uleb128 0x2e
 1126 0164 01       		.byte	0x1
 1127 0165 3F       		.uleb128 0x3f
 1128 0166 19       		.uleb128 0x19
 1129 0167 03       		.uleb128 0x3
 1130 0168 0E       		.uleb128 0xe
 1131 0169 3A       		.uleb128 0x3a
 1132 016a 0B       		.uleb128 0xb
 1133 016b 3B       		.uleb128 0x3b
 1134 016c 0B       		.uleb128 0xb
 1135 016d 49       		.uleb128 0x49
 1136 016e 13       		.uleb128 0x13
 1137 016f 3C       		.uleb128 0x3c
 1138 0170 19       		.uleb128 0x19
 1139 0171 01       		.uleb128 0x1
 1140 0172 13       		.uleb128 0x13
 1141 0173 00       		.byte	0
 1142 0174 00       		.byte	0
 1143 0175 1C       		.uleb128 0x1c
 1144 0176 18       		.uleb128 0x18
 1145 0177 00       		.byte	0
 1146 0178 00       		.byte	0
 1147 0179 00       		.byte	0
 1148 017a 1D       		.uleb128 0x1d
 1149 017b 2E       		.uleb128 0x2e
 1150 017c 01       		.byte	0x1
 1151 017d 3F       		.uleb128 0x3f
 1152 017e 19       		.uleb128 0x19
 1153 017f 03       		.uleb128 0x3
 1154 0180 0E       		.uleb128 0xe
 1155 0181 3A       		.uleb128 0x3a
 1156 0182 0B       		.uleb128 0xb
 1157 0183 3B       		.uleb128 0x3b
 1158 0184 0B       		.uleb128 0xb
 1159 0185 3C       		.uleb128 0x3c
 1160 0186 19       		.uleb128 0x19
 1161 0187 01       		.uleb128 0x1
 1162 0188 13       		.uleb128 0x13
 1163 0189 00       		.byte	0
 1164 018a 00       		.byte	0
 1165 018b 1E       		.uleb128 0x1e
 1166 018c 2E       		.uleb128 0x2e
 1167 018d 01       		.byte	0x1
 1168 018e 3F       		.uleb128 0x3f
 1169 018f 19       		.uleb128 0x19
 1170 0190 03       		.uleb128 0x3
 1171 0191 0E       		.uleb128 0xe
 1172 0192 3A       		.uleb128 0x3a
 1173 0193 0B       		.uleb128 0xb
 1174 0194 3B       		.uleb128 0x3b
 1175 0195 0B       		.uleb128 0xb
ARM GAS  C:\Users\Tim\AppData\Local\Temp\ccDYyXCx.s 			page 23


 1176 0196 27       		.uleb128 0x27
 1177 0197 19       		.uleb128 0x19
 1178 0198 3C       		.uleb128 0x3c
 1179 0199 19       		.uleb128 0x19
 1180 019a 00       		.byte	0
 1181 019b 00       		.byte	0
 1182 019c 00       		.byte	0
 1183              		.section	.debug_loc,"",%progbits
 1184              	.Ldebug_loc0:
 1185              	.LLST0:
 1186 0000 00000000 		.4byte	.LVL0
 1187 0004 12000000 		.4byte	.LVL1
 1188 0008 0100     		.2byte	0x1
 1189 000a 50       		.byte	0x50
 1190 000b 12000000 		.4byte	.LVL1
 1191 000f 1C010000 		.4byte	.LFE63
 1192 0013 0400     		.2byte	0x4
 1193 0015 F3       		.byte	0xf3
 1194 0016 01       		.uleb128 0x1
 1195 0017 50       		.byte	0x50
 1196 0018 9F       		.byte	0x9f
 1197 0019 00000000 		.4byte	0
 1198 001d 00000000 		.4byte	0
 1199              	.LLST1:
 1200 0021 4C000000 		.4byte	.LVL12
 1201 0025 51000000 		.4byte	.LVL13-1
 1202 0029 0100     		.2byte	0x1
 1203 002b 50       		.byte	0x50
 1204 002c 51000000 		.4byte	.LVL13-1
 1205 0030 E0000000 		.4byte	.LVL34
 1206 0034 0100     		.2byte	0x1
 1207 0036 58       		.byte	0x58
 1208 0037 E0000000 		.4byte	.LVL34
 1209 003b F2000000 		.4byte	.LVL38
 1210 003f 0100     		.2byte	0x1
 1211 0041 55       		.byte	0x55
 1212 0042 00000000 		.4byte	0
 1213 0046 00000000 		.4byte	0
 1214              	.LLST2:
 1215 004a 28000000 		.4byte	.LVL3
 1216 004e 3A000000 		.4byte	.LVL7
 1217 0052 0600     		.2byte	0x6
 1218 0054 9E       		.byte	0x9e
 1219 0055 04       		.uleb128 0x4
 1220 0056 00000000 		.4byte	0
 1221 005a 3A000000 		.4byte	.LVL7
 1222 005e AC000000 		.4byte	.LVL26
 1223 0062 0100     		.2byte	0x1
 1224 0064 54       		.byte	0x54
 1225 0065 AC000000 		.4byte	.LVL26
 1226 0069 B0000000 		.4byte	.LVL28
 1227 006d 0100     		.2byte	0x1
 1228 006f 50       		.byte	0x50
 1229 0070 B0000000 		.4byte	.LVL28
 1230 0074 E2000000 		.4byte	.LVL35
 1231 0078 0100     		.2byte	0x1
 1232 007a 54       		.byte	0x54
ARM GAS  C:\Users\Tim\AppData\Local\Temp\ccDYyXCx.s 			page 24


 1233 007b 00000000 		.4byte	0
 1234 007f 00000000 		.4byte	0
 1235              	.LLST3:
 1236 0083 54000000 		.4byte	.LVL14
 1237 0087 57000000 		.4byte	.LVL15-1
 1238 008b 0100     		.2byte	0x1
 1239 008d 50       		.byte	0x50
 1240 008e 57000000 		.4byte	.LVL15-1
 1241 0092 7C000000 		.4byte	.LVL19
 1242 0096 0100     		.2byte	0x1
 1243 0098 55       		.byte	0x55
 1244 0099 7C000000 		.4byte	.LVL19
 1245 009d 7E000000 		.4byte	.LVL20
 1246 00a1 0100     		.2byte	0x1
 1247 00a3 50       		.byte	0x50
 1248 00a4 7E000000 		.4byte	.LVL20
 1249 00a8 AE000000 		.4byte	.LVL27
 1250 00ac 0100     		.2byte	0x1
 1251 00ae 55       		.byte	0x55
 1252 00af 00000000 		.4byte	0
 1253 00b3 00000000 		.4byte	0
 1254              	.LLST4:
 1255 00b7 3A000000 		.4byte	.LVL7
 1256 00bb 54000000 		.4byte	.LVL14
 1257 00bf 0100     		.2byte	0x1
 1258 00c1 55       		.byte	0x55
 1259 00c2 AC000000 		.4byte	.LVL26
 1260 00c6 E0000000 		.4byte	.LVL34
 1261 00ca 0100     		.2byte	0x1
 1262 00cc 58       		.byte	0x58
 1263 00cd E0000000 		.4byte	.LVL34
 1264 00d1 F2000000 		.4byte	.LVL38
 1265 00d5 0100     		.2byte	0x1
 1266 00d7 55       		.byte	0x55
 1267 00d8 00000000 		.4byte	0
 1268 00dc 00000000 		.4byte	0
 1269              		.section	.debug_aranges,"",%progbits
 1270 0000 1C000000 		.4byte	0x1c
 1271 0004 0200     		.2byte	0x2
 1272 0006 00000000 		.4byte	.Ldebug_info0
 1273 000a 04       		.byte	0x4
 1274 000b 00       		.byte	0
 1275 000c 0000     		.2byte	0
 1276 000e 0000     		.2byte	0
 1277 0010 00000000 		.4byte	.LFB63
 1278 0014 1C010000 		.4byte	.LFE63-.LFB63
 1279 0018 00000000 		.4byte	0
 1280 001c 00000000 		.4byte	0
 1281              		.section	.debug_ranges,"",%progbits
 1282              	.Ldebug_ranges0:
 1283 0000 00000000 		.4byte	.LFB63
 1284 0004 1C010000 		.4byte	.LFE63
 1285 0008 00000000 		.4byte	0
 1286 000c 00000000 		.4byte	0
 1287              		.section	.debug_line,"",%progbits
 1288              	.Ldebug_line0:
 1289 0000 DF010000 		.section	.debug_str,"MS",%progbits,1
ARM GAS  C:\Users\Tim\AppData\Local\Temp\ccDYyXCx.s 			page 25


 1289      02009F01 
 1289      00000201 
 1289      FB0E0D00 
 1289      01010101 
 1290              	.LASF42:
 1291 0000 7475726E 		.ascii	"turn_heading\000"
 1291      5F686561 
 1291      64696E67 
 1291      00
 1292              	.LASF44:
 1293 000d 6C617374 		.ascii	"last_heading\000"
 1293      5F686561 
 1293      64696E67 
 1293      00
 1294              	.LASF21:
 1295 001a 6370735F 		.ascii	"cps_scale\000"
 1295      7363616C 
 1295      6500
 1296              	.LASF27:
 1297 0024 5F63616C 		.ascii	"_cal_pid_tag\000"
 1297      5F706964 
 1297      5F746167 
 1297      00
 1298              	.LASF60:
 1299 0031 2E2E5C73 		.ascii	"..\\source\\calang.c\000"
 1299      6F757263 
 1299      655C6361 
 1299      6C616E67 
 1299      2E6300
 1300              	.LASF4:
 1301 0044 73686F72 		.ascii	"short int\000"
 1301      7420696E 
 1301      7400
 1302              	.LASF10:
 1303 004e 73697A65 		.ascii	"sizetype\000"
 1303      74797065 
 1303      00
 1304              	.LASF63:
 1305 0057 76657262 		.ascii	"verbose\000"
 1305      6F736500 
 1306              	.LASF13:
 1307 005f 6C6F6E67 		.ascii	"long double\000"
 1307      20646F75 
 1307      626C6500 
 1308              	.LASF20:
 1309 006b 6370735F 		.ascii	"cps_max\000"
 1309      6D617800 
 1310              	.LASF45:
 1311 0073 74657374 		.ascii	"test_left_vel\000"
 1311      5F6C6566 
 1311      745F7665 
 1311      6C00
 1312              	.LASF48:
 1313 0081 705F6361 		.ascii	"p_cal_eeprom\000"
 1313      6C5F6565 
 1313      70726F6D 
 1313      00
ARM GAS  C:\Users\Tim\AppData\Local\Temp\ccDYyXCx.s 			page 26


 1314              	.LASF17:
 1315 008e 75696E74 		.ascii	"uint16\000"
 1315      313600
 1316              	.LASF31:
 1317 0095 63686563 		.ascii	"checksum\000"
 1317      6B73756D 
 1317      00
 1318              	.LASF38:
 1319 009e 72696768 		.ascii	"right_motor_fwd\000"
 1319      745F6D6F 
 1319      746F725F 
 1319      66776400 
 1320              	.LASF19:
 1321 00ae 6370735F 		.ascii	"cps_min\000"
 1321      6D696E00 
 1322              	.LASF40:
 1323 00b6 43414C5F 		.ascii	"CAL_EEPROM_TYPE\000"
 1323      45455052 
 1323      4F4D5F54 
 1323      59504500 
 1324              	.LASF2:
 1325 00c6 7369676E 		.ascii	"signed char\000"
 1325      65642063 
 1325      68617200 
 1326              	.LASF34:
 1327 00d2 6C696E65 		.ascii	"linear_bias\000"
 1327      61725F62 
 1327      69617300 
 1328              	.LASF0:
 1329 00de 666C6F61 		.ascii	"float\000"
 1329      7400
 1330              	.LASF61:
 1331 00e4 443A5C70 		.ascii	"D:\\projects\\ArloBot\\arlobot_freesoc\\freesoc.cyd"
 1331      726F6A65 
 1331      6374735C 
 1331      41726C6F 
 1331      426F745C 
 1332 0113 736E00   		.ascii	"sn\000"
 1333              	.LASF8:
 1334 0116 6C6F6E67 		.ascii	"long long int\000"
 1334      206C6F6E 
 1334      6720696E 
 1334      7400
 1335              	.LASF57:
 1336 0124 4D6F746F 		.ascii	"Motor_LeftSetMeterPerSec\000"
 1336      725F4C65 
 1336      66745365 
 1336      744D6574 
 1336      65725065 
 1337              	.LASF37:
 1338 013d 6C656674 		.ascii	"left_motor_bwd\000"
 1338      5F6D6F74 
 1338      6F725F62 
 1338      776400
 1339              	.LASF33:
 1340 014c 72696768 		.ascii	"right_gains\000"
 1340      745F6761 
ARM GAS  C:\Users\Tim\AppData\Local\Temp\ccDYyXCx.s 			page 27


 1340      696E7300 
 1341              	.LASF49:
 1342 0158 4E767374 		.ascii	"Nvstore_WriteFloat\000"
 1342      6F72655F 
 1342      57726974 
 1342      65466C6F 
 1342      617400
 1343              	.LASF3:
 1344 016b 756E7369 		.ascii	"unsigned char\000"
 1344      676E6564 
 1344      20636861 
 1344      7200
 1345              	.LASF32:
 1346 0179 6C656674 		.ascii	"left_gains\000"
 1346      5F676169 
 1346      6E7300
 1347              	.LASF26:
 1348 0184 5F43414C 		.ascii	"_CAL_DATA_TYPE\000"
 1348      5F444154 
 1348      415F5459 
 1348      504500
 1349              	.LASF9:
 1350 0193 6C6F6E67 		.ascii	"long long unsigned int\000"
 1350      206C6F6E 
 1350      6720756E 
 1350      7369676E 
 1350      65642069 
 1351              	.LASF1:
 1352 01aa 756E7369 		.ascii	"unsigned int\000"
 1352      676E6564 
 1352      20696E74 
 1352      00
 1353              	.LASF5:
 1354 01b7 73686F72 		.ascii	"short unsigned int\000"
 1354      7420756E 
 1354      7369676E 
 1354      65642069 
 1354      6E7400
 1355              	.LASF30:
 1356 01ca 73746174 		.ascii	"status\000"
 1356      757300
 1357              	.LASF11:
 1358 01d1 63686172 		.ascii	"char\000"
 1358      00
 1359              	.LASF6:
 1360 01d6 6C6F6E67 		.ascii	"long int\000"
 1360      20696E74 
 1360      00
 1361              	.LASF15:
 1362 01df 696E7433 		.ascii	"int32_t\000"
 1362      325F7400 
 1363              	.LASF16:
 1364 01e7 75696E74 		.ascii	"uint8\000"
 1364      3800
 1365              	.LASF62:
 1366 01ed 50657266 		.ascii	"PerformAngularBiasCalibration\000"
 1366      6F726D41 
ARM GAS  C:\Users\Tim\AppData\Local\Temp\ccDYyXCx.s 			page 28


 1366      6E67756C 
 1366      61724269 
 1366      61734361 
 1367              	.LASF39:
 1368 020b 72696768 		.ascii	"right_motor_bwd\000"
 1368      745F6D6F 
 1368      746F725F 
 1368      62776400 
 1369              	.LASF50:
 1370 021b 436F6E76 		.ascii	"ConvertLinearAngularToDifferential\000"
 1370      6572744C 
 1370      696E6561 
 1370      72416E67 
 1370      756C6172 
 1371              	.LASF52:
 1372 023e 4D6F746F 		.ascii	"Motor_RightSetCntsPerSec\000"
 1372      725F5269 
 1372      67687453 
 1372      6574436E 
 1372      74735065 
 1373              	.LASF7:
 1374 0257 6C6F6E67 		.ascii	"long unsigned int\000"
 1374      20756E73 
 1374      69676E65 
 1374      6420696E 
 1374      7400
 1375              	.LASF18:
 1376 0269 696E7433 		.ascii	"int32\000"
 1376      3200
 1377              	.LASF12:
 1378 026f 646F7562 		.ascii	"double\000"
 1378      6C6500
 1379              	.LASF47:
 1380 0276 49544D5F 		.ascii	"ITM_RxBuffer\000"
 1380      52784275 
 1380      66666572 
 1380      00
 1381              	.LASF22:
 1382 0283 6370735F 		.ascii	"cps_data\000"
 1382      64617461 
 1382      00
 1383              	.LASF41:
 1384 028c 68656164 		.ascii	"heading\000"
 1384      696E6700 
 1385              	.LASF28:
 1386 0294 43414C5F 		.ascii	"CAL_PID_TYPE\000"
 1386      5049445F 
 1386      54595045 
 1386      00
 1387              	.LASF54:
 1388 02a1 456E636F 		.ascii	"Encoder_Update\000"
 1388      6465725F 
 1388      55706461 
 1388      746500
 1389              	.LASF14:
 1390 02b0 5F5F696E 		.ascii	"__int32_t\000"
 1390      7433325F 
ARM GAS  C:\Users\Tim\AppData\Local\Temp\ccDYyXCx.s 			page 29


 1390      7400
 1391              	.LASF58:
 1392 02ba 4D6F746F 		.ascii	"Motor_RightSetMeterPerSec\000"
 1392      725F5269 
 1392      67687453 
 1392      65744D65 
 1392      74657250 
 1393              	.LASF59:
 1394 02d4 474E5520 		.ascii	"GNU C 4.9.3 20150303 (release) [ARM/embedded-4_9-br"
 1394      4320342E 
 1394      392E3320 
 1394      32303135 
 1394      30333033 
 1395 0307 616E6368 		.ascii	"anch revision 221220] -mcpu=cortex-m3 -mthumb -g -O"
 1395      20726576 
 1395      6973696F 
 1395      6E203232 
 1395      31323230 
 1396 033a 67202D66 		.ascii	"g -ffunction-sections -ffat-lto-objects\000"
 1396      66756E63 
 1396      74696F6E 
 1396      2D736563 
 1396      74696F6E 
 1397              	.LASF23:
 1398 0362 70776D5F 		.ascii	"pwm_data\000"
 1398      64617461 
 1398      00
 1399              	.LASF51:
 1400 036b 4D6F746F 		.ascii	"Motor_LeftSetCntsPerSec\000"
 1400      725F4C65 
 1400      66745365 
 1400      74436E74 
 1400      73506572 
 1401              	.LASF43:
 1402 0383 64656C74 		.ascii	"delta_heading\000"
 1402      615F6865 
 1402      6164696E 
 1402      6700
 1403              	.LASF25:
 1404 0391 43414C5F 		.ascii	"CAL_DATA_TYPE\000"
 1404      44415441 
 1404      5F545950 
 1404      4500
 1405              	.LASF46:
 1406 039f 74657374 		.ascii	"test_right_vel\000"
 1406      5F726967 
 1406      68745F76 
 1406      656C00
 1407              	.LASF56:
 1408 03ae 4F646F6D 		.ascii	"Odom_Update\000"
 1408      5F557064 
 1408      61746500 
 1409              	.LASF35:
 1410 03ba 616E6775 		.ascii	"angular_bias\000"
 1410      6C61725F 
 1410      62696173 
 1410      00
ARM GAS  C:\Users\Tim\AppData\Local\Temp\ccDYyXCx.s 			page 30


 1411              	.LASF55:
 1412 03c7 5069645F 		.ascii	"Pid_Update\000"
 1412      55706461 
 1412      746500
 1413              	.LASF24:
 1414 03d2 72657365 		.ascii	"reserved\000"
 1414      72766564 
 1414      00
 1415              	.LASF36:
 1416 03db 6C656674 		.ascii	"left_motor_fwd\000"
 1416      5F6D6F74 
 1416      6F725F66 
 1416      776400
 1417              	.LASF53:
 1418 03ea 4F646F6D 		.ascii	"Odom_GetHeading\000"
 1418      5F476574 
 1418      48656164 
 1418      696E6700 
 1419              	.LASF29:
 1420 03fa 5F656570 		.ascii	"_eeprom_tag\000"
 1420      726F6D5F 
 1420      74616700 
 1421              		.ident	"GCC: (GNU Tools for ARM Embedded Processors) 4.9.3 20150303 (release) [ARM/embedded-4_9-br
