ARM GAS  C:\Users\tslator\AppData\Local\Temp\ccvELluy.s 			page 1


   1              		.syntax unified
   2              		.cpu cortex-m3
   3              		.fpu softvfp
   4              		.eabi_attribute 20, 1
   5              		.eabi_attribute 21, 1
   6              		.eabi_attribute 23, 3
   7              		.eabi_attribute 24, 1
   8              		.eabi_attribute 25, 1
   9              		.eabi_attribute 26, 1
  10              		.eabi_attribute 30, 1
  11              		.eabi_attribute 34, 1
  12              		.eabi_attribute 18, 4
  13              		.thumb
  14              		.file	"callin.c"
  15              		.text
  16              	.Ltext0:
  17              		.cfi_sections	.debug_frame
  18              		.global	__aeabi_fsub
  19              		.global	__aeabi_f2d
  20              		.global	__aeabi_dadd
  21              		.global	__aeabi_d2f
  22              		.global	__aeabi_fcmplt
  23              		.global	__aeabi_dcmpgt
  24              		.section	.text.DoLinearBiasMotion,"ax",%progbits
  25              		.align	2
  26              		.global	DoLinearBiasMotion
  27              		.thumb
  28              		.thumb_func
  29              		.type	DoLinearBiasMotion, %function
  30              	DoLinearBiasMotion:
  31              	.LFB63:
  32              		.file 1 "..\\source\\callin.c"
   1:..\source/callin.c **** #include <math.h>
   2:..\source/callin.c **** #include "callin.h"
   3:..\source/callin.c **** #include "odom.h"
   4:..\source/callin.c **** #include "motor.h"
   5:..\source/callin.c **** #include "encoder.h"
   6:..\source/callin.c **** #include "pid.h"
   7:..\source/callin.c **** #include "time.h"
   8:..\source/callin.c **** #include "utils.h"
   9:..\source/callin.c **** #include "serial.h"
  10:..\source/callin.c **** #include "nvstore.h"
  11:..\source/callin.c **** 
  12:..\source/callin.c **** #define LINEAR_BIAS_DISTANCE (1.0)
  13:..\source/callin.c **** #define LINEAR_BIAS_VELOCITY (0.150)
  14:..\source/callin.c **** #define LINEAR_BIAS_TOLERANCE (0.01)
  15:..\source/callin.c **** 
  16:..\source/callin.c **** static float dist_error;
  17:..\source/callin.c **** 
  18:..\source/callin.c **** void DoLinearBiasMotion()
  19:..\source/callin.c **** /* 
  20:..\source/callin.c ****     Move forward for 1 meter
  21:..\source/callin.c ****         Get current position
  22:..\source/callin.c ****         Stop motors
  23:..\source/callin.c ****         while distance error > theshold
  24:..\source/callin.c ****             Get current position
  25:..\source/callin.c ****             Calculate distance
ARM GAS  C:\Users\tslator\AppData\Local\Temp\ccvELluy.s 			page 2


  26:..\source/callin.c ****             Calculate distance error
  27:..\source/callin.c ****             Move motor at linear bias velocity
  28:..\source/callin.c ****         Stop motor
  29:..\source/callin.c ****     Wait for Linear Bias offset
  30:..\source/callin.c ****     Wait for command
  31:..\source/callin.c ****         if START the goto START
  32:..\source/callin.c ****         if STOP continue
  33:..\source/callin.c ****     Update linear bias value in EEPROM
  34:..\source/callin.c ****     Set linear bias calibration status bit
  35:..\source/callin.c ****     Update linear bias calibration status bit in EEPROM
  36:..\source/callin.c **** 
  37:..\source/callin.c ****  */
  38:..\source/callin.c **** {
  33              		.loc 1 38 0
  34              		.cfi_startproc
  35              		@ args = 0, pretend = 0, frame = 16
  36              		@ frame_needed = 0, uses_anonymous_args = 0
  37 0000 F0B5     		push	{r4, r5, r6, r7, lr}
  38              		.cfi_def_cfa_offset 20
  39              		.cfi_offset 4, -20
  40              		.cfi_offset 5, -16
  41              		.cfi_offset 6, -12
  42              		.cfi_offset 7, -8
  43              		.cfi_offset 14, -4
  44 0002 85B0     		sub	sp, sp, #20
  45              		.cfi_def_cfa_offset 40
  39:..\source/callin.c ****     float x_start;
  40:..\source/callin.c ****     float y_start;
  41:..\source/callin.c ****     float x_pos;
  42:..\source/callin.c ****     float y_pos;
  43:..\source/callin.c ****     dist_error = LINEAR_BIAS_DISTANCE;
  46              		.loc 1 43 0
  47 0004 4FF07E52 		mov	r2, #1065353216
  48 0008 334B     		ldr	r3, .L7+8
  49 000a 1A60     		str	r2, [r3]	@ float
  44:..\source/callin.c ****     
  45:..\source/callin.c ****     Odom_GetPosition(&x_start, &y_start);
  50              		.loc 1 45 0
  51 000c 03A8     		add	r0, sp, #12
  52 000e 02A9     		add	r1, sp, #8
  53 0010 FFF7FEFF 		bl	Odom_GetPosition
  54              	.LVL0:
  46:..\source/callin.c ****     Motor_LeftSetCntsPerSec(0);
  55              		.loc 1 46 0
  56 0014 0024     		movs	r4, #0
  57 0016 2046     		mov	r0, r4
  58 0018 FFF7FEFF 		bl	Motor_LeftSetCntsPerSec
  59              	.LVL1:
  47:..\source/callin.c ****     Motor_RightSetCntsPerSec(0);
  60              		.loc 1 47 0
  61 001c 2046     		mov	r0, r4
  62 001e FFF7FEFF 		bl	Motor_RightSetCntsPerSec
  63              	.LVL2:
  64              	.L4:
  65              	.LBB2:
  48:..\source/callin.c ****     
  49:..\source/callin.c ****     do
ARM GAS  C:\Users\tslator\AppData\Local\Temp\ccvELluy.s 			page 3


  50:..\source/callin.c ****     {
  51:..\source/callin.c ****         Encoder_Update();
  66              		.loc 1 51 0 discriminator 5
  67 0022 FFF7FEFF 		bl	Encoder_Update
  68              	.LVL3:
  52:..\source/callin.c ****         Pid_Update();
  69              		.loc 1 52 0 discriminator 5
  70 0026 FFF7FEFF 		bl	Pid_Update
  71              	.LVL4:
  53:..\source/callin.c ****         Odom_Update();
  72              		.loc 1 53 0 discriminator 5
  73 002a FFF7FEFF 		bl	Odom_Update
  74              	.LVL5:
  54:..\source/callin.c ****         
  55:..\source/callin.c ****         Odom_GetPosition(&x_pos, &y_pos);
  75              		.loc 1 55 0 discriminator 5
  76 002e 01A8     		add	r0, sp, #4
  77 0030 6946     		mov	r1, sp
  78 0032 FFF7FEFF 		bl	Odom_GetPosition
  79              	.LVL6:
  56:..\source/callin.c ****         float distance = sqrt(pow((x_pos - x_start), 2) +
  80              		.loc 1 56 0 discriminator 5
  81 0036 0198     		ldr	r0, [sp, #4]	@ float
  82 0038 0399     		ldr	r1, [sp, #12]	@ float
  83 003a FFF7FEFF 		bl	__aeabi_fsub
  84              	.LVL7:
  85 003e FFF7FEFF 		bl	__aeabi_f2d
  86              	.LVL8:
  87 0042 0024     		movs	r4, #0
  88 0044 4FF08045 		mov	r5, #1073741824
  89 0048 2246     		mov	r2, r4
  90 004a 2B46     		mov	r3, r5
  91 004c FFF7FEFF 		bl	pow
  92              	.LVL9:
  93 0050 0646     		mov	r6, r0
  94 0052 0F46     		mov	r7, r1
  57:..\source/callin.c ****                               pow((y_pos - y_start), 2));
  95              		.loc 1 57 0 discriminator 5
  96 0054 0098     		ldr	r0, [sp]	@ float
  97 0056 0299     		ldr	r1, [sp, #8]	@ float
  98 0058 FFF7FEFF 		bl	__aeabi_fsub
  99              	.LVL10:
 100 005c FFF7FEFF 		bl	__aeabi_f2d
 101              	.LVL11:
 102 0060 2246     		mov	r2, r4
 103 0062 2B46     		mov	r3, r5
 104 0064 FFF7FEFF 		bl	pow
 105              	.LVL12:
 106 0068 0446     		mov	r4, r0
 107 006a 0D46     		mov	r5, r1
  56:..\source/callin.c ****         float distance = sqrt(pow((x_pos - x_start), 2) +
 108              		.loc 1 56 0 discriminator 5
 109 006c 3046     		mov	r0, r6
 110 006e 3946     		mov	r1, r7
 111 0070 2246     		mov	r2, r4
 112 0072 2B46     		mov	r3, r5
 113 0074 FFF7FEFF 		bl	__aeabi_dadd
ARM GAS  C:\Users\tslator\AppData\Local\Temp\ccvELluy.s 			page 4


 114              	.LVL13:
 115 0078 FFF7FEFF 		bl	sqrt
 116              	.LVL14:
 117 007c FFF7FEFF 		bl	__aeabi_d2f
 118              	.LVL15:
  58:..\source/callin.c **** 
  59:..\source/callin.c ****         dist_error = distance - LINEAR_BIAS_DISTANCE;
 119              		.loc 1 59 0 discriminator 5
 120 0080 154C     		ldr	r4, .L7+8
 121 0082 4FF07E51 		mov	r1, #1065353216
 122 0086 FFF7FEFF 		bl	__aeabi_fsub
 123              	.LVL16:
 124 008a 2060     		str	r0, [r4]	@ float
  60:..\source/callin.c ****         Motor_LeftSetMeterPerSec(LINEAR_BIAS_VELOCITY);
 125              		.loc 1 60 0 discriminator 5
 126 008c 134D     		ldr	r5, .L7+12
 127 008e 2846     		mov	r0, r5
 128 0090 FFF7FEFF 		bl	Motor_LeftSetMeterPerSec
 129              	.LVL17:
  61:..\source/callin.c ****         Motor_RightSetMeterPerSec(LINEAR_BIAS_VELOCITY);
 130              		.loc 1 61 0 discriminator 5
 131 0094 2846     		mov	r0, r5
 132 0096 FFF7FEFF 		bl	Motor_RightSetMeterPerSec
 133              	.LVL18:
 134              	.LBE2:
  62:..\source/callin.c ****     } while (abs(dist_error) > LINEAR_BIAS_TOLERANCE);
 135              		.loc 1 62 0 discriminator 5
 136 009a 2468     		ldr	r4, [r4]	@ float
 137 009c 2046     		mov	r0, r4
 138 009e 0021     		movs	r1, #0
 139 00a0 FFF7FEFF 		bl	__aeabi_fcmplt
 140              	.LVL19:
 141 00a4 08B1     		cbz	r0, .L2
 142              		.loc 1 62 0 is_stmt 0 discriminator 1
 143 00a6 04F10044 		add	r4, r4, #-2147483648
 144              	.L2:
 145              		.loc 1 62 0 discriminator 4
 146 00aa 2046     		mov	r0, r4
 147 00ac FFF7FEFF 		bl	__aeabi_f2d
 148              	.LVL20:
 149 00b0 07A3     		adr	r3, .L7
 150 00b2 D3E90023 		ldrd	r2, [r3]
 151 00b6 FFF7FEFF 		bl	__aeabi_dcmpgt
 152              	.LVL21:
 153 00ba 0028     		cmp	r0, #0
 154 00bc B1D1     		bne	.L4
  63:..\source/callin.c ****     
  64:..\source/callin.c ****     Motor_LeftSetCntsPerSec(0);
 155              		.loc 1 64 0 is_stmt 1
 156 00be 0024     		movs	r4, #0
 157 00c0 2046     		mov	r0, r4
 158 00c2 FFF7FEFF 		bl	Motor_LeftSetCntsPerSec
 159              	.LVL22:
  65:..\source/callin.c ****     Motor_RightSetCntsPerSec(0);
 160              		.loc 1 65 0
 161 00c6 2046     		mov	r0, r4
 162 00c8 FFF7FEFF 		bl	Motor_RightSetCntsPerSec
ARM GAS  C:\Users\tslator\AppData\Local\Temp\ccvELluy.s 			page 5


 163              	.LVL23:
  66:..\source/callin.c **** }
 164              		.loc 1 66 0
 165 00cc 05B0     		add	sp, sp, #20
 166              		.cfi_def_cfa_offset 20
 167              		@ sp needed
 168 00ce F0BD     		pop	{r4, r5, r6, r7, pc}
 169              	.L8:
 170              		.align	3
 171              	.L7:
 172 00d0 7B14AE47 		.word	1202590843
 173 00d4 E17A843F 		.word	1065646817
 174 00d8 00000000 		.word	.LANCHOR0
 175 00dc 9A99193E 		.word	1041865114
 176              		.cfi_endproc
 177              	.LFE63:
 178              		.size	DoLinearBiasMotion, .-DoLinearBiasMotion
 179              		.global	__aeabi_fdiv
 180              		.section	.text.CalibrateLinearBias,"ax",%progbits
 181              		.align	2
 182              		.global	CalibrateLinearBias
 183              		.thumb
 184              		.thumb_func
 185              		.type	CalibrateLinearBias, %function
 186              	CalibrateLinearBias:
 187              	.LFB64:
  67:..\source/callin.c **** 
  68:..\source/callin.c **** void CalibrateLinearBias()
  69:..\source/callin.c **** {
 188              		.loc 1 69 0
 189              		.cfi_startproc
 190              		@ args = 0, pretend = 0, frame = 0
 191              		@ frame_needed = 0, uses_anonymous_args = 0
 192 0000 38B5     		push	{r3, r4, r5, lr}
 193              		.cfi_def_cfa_offset 16
 194              		.cfi_offset 3, -16
 195              		.cfi_offset 4, -12
 196              		.cfi_offset 5, -8
 197              		.cfi_offset 14, -4
  70:..\source/callin.c ****     Ser_PutString("\r\nPerforming linear bias calibration\r\n");
 198              		.loc 1 70 0
 199 0002 1548     		ldr	r0, .L11
 200 0004 FFF7FEFF 		bl	Ser_PutString
 201              	.LVL24:
  71:..\source/callin.c ****                 
  72:..\source/callin.c ****     Nvstore_WriteFloat(1.0, NVSTORE_CAL_EEPROM_ADDR_TO_OFFSET(&p_cal_eeprom->linear_bias));
 202              		.loc 1 72 0
 203 0008 144D     		ldr	r5, .L11+4
 204 000a 2968     		ldr	r1, [r5]
 205 000c 4FF07E54 		mov	r4, #1065353216
 206 0010 A1F5FF41 		sub	r1, r1, #32640
 207 0014 5839     		subs	r1, r1, #88
 208 0016 2046     		mov	r0, r4
 209 0018 89B2     		uxth	r1, r1
 210 001a FFF7FEFF 		bl	Nvstore_WriteFloat
 211              	.LVL25:
  73:..\source/callin.c **** 
ARM GAS  C:\Users\tslator\AppData\Local\Temp\ccvELluy.s 			page 6


  74:..\source/callin.c ****     DoLinearBiasMotion();
 212              		.loc 1 74 0
 213 001e FFF7FEFF 		bl	DoLinearBiasMotion
 214              	.LVL26:
  75:..\source/callin.c ****     
  76:..\source/callin.c ****     Ser_PutString("Enter the measured distance in meters (enter 5 chars), e.g., 1.023 : ");
 215              		.loc 1 76 0
 216 0022 0F48     		ldr	r0, .L11+8
 217 0024 FFF7FEFF 		bl	Ser_PutString
 218              	.LVL27:
  77:..\source/callin.c ****     float meas_dist = Cal_ReadResponse();
 219              		.loc 1 77 0
 220 0028 FFF7FEFF 		bl	Cal_ReadResponse
 221              	.LVL28:
 222 002c 0146     		mov	r1, r0
 223              	.LVL29:
  78:..\source/callin.c ****     float linear_bias = 1.0 / meas_dist;
 224              		.loc 1 78 0
 225 002e 2046     		mov	r0, r4
 226              	.LVL30:
 227 0030 FFF7FEFF 		bl	__aeabi_fdiv
 228              	.LVL31:
 229 0034 0446     		mov	r4, r0
 230              	.LVL32:
  79:..\source/callin.c ****     Cal_DisplayBias("linear", linear_bias);
 231              		.loc 1 79 0
 232 0036 0B48     		ldr	r0, .L11+12
 233              	.LVL33:
 234 0038 2146     		mov	r1, r4
 235 003a FFF7FEFF 		bl	Cal_DisplayBias
 236              	.LVL34:
  80:..\source/callin.c ****     
  81:..\source/callin.c ****     /* Store the linear bias into EEPROM */
  82:..\source/callin.c ****     Nvstore_WriteFloat(linear_bias, NVSTORE_CAL_EEPROM_ADDR_TO_OFFSET(&p_cal_eeprom->linear_bias));
 237              		.loc 1 82 0
 238 003e 2968     		ldr	r1, [r5]
 239 0040 A1F5FF41 		sub	r1, r1, #32640
 240 0044 5839     		subs	r1, r1, #88
 241 0046 2046     		mov	r0, r4
 242 0048 89B2     		uxth	r1, r1
 243 004a FFF7FEFF 		bl	Nvstore_WriteFloat
 244              	.LVL35:
  83:..\source/callin.c ****     Ser_PutString("Linear bias calibration complete\r\n");
 245              		.loc 1 83 0
 246 004e 0648     		ldr	r0, .L11+16
 247 0050 FFF7FEFF 		bl	Ser_PutString
 248              	.LVL36:
 249 0054 38BD     		pop	{r3, r4, r5, pc}
 250              	.LVL37:
 251              	.L12:
 252 0056 00BF     		.align	2
 253              	.L11:
 254 0058 00000000 		.word	.LC0
 255 005c 00000000 		.word	p_cal_eeprom
 256 0060 28000000 		.word	.LC1
 257 0064 70000000 		.word	.LC2
 258 0068 78000000 		.word	.LC3
ARM GAS  C:\Users\tslator\AppData\Local\Temp\ccvELluy.s 			page 7


 259              		.cfi_endproc
 260              	.LFE64:
 261              		.size	CalibrateLinearBias, .-CalibrateLinearBias
 262              		.section	.text.ValidateLinearBias,"ax",%progbits
 263              		.align	2
 264              		.global	ValidateLinearBias
 265              		.thumb
 266              		.thumb_func
 267              		.type	ValidateLinearBias, %function
 268              	ValidateLinearBias:
 269              	.LFB65:
  84:..\source/callin.c ****     
  85:..\source/callin.c **** }
  86:..\source/callin.c **** 
  87:..\source/callin.c **** void ValidateLinearBias()
  88:..\source/callin.c **** {
 270              		.loc 1 88 0
 271              		.cfi_startproc
 272              		@ args = 0, pretend = 0, frame = 0
 273              		@ frame_needed = 0, uses_anonymous_args = 0
 274 0000 08B5     		push	{r3, lr}
 275              		.cfi_def_cfa_offset 8
 276              		.cfi_offset 3, -8
 277              		.cfi_offset 14, -4
  89:..\source/callin.c ****     Ser_PutString("\r\nValidating linear bias calibration\r\n");
 278              		.loc 1 89 0
 279 0002 0448     		ldr	r0, .L15
 280 0004 FFF7FEFF 		bl	Ser_PutString
 281              	.LVL38:
  90:..\source/callin.c ****     DoLinearBiasMotion();
 282              		.loc 1 90 0
 283 0008 FFF7FEFF 		bl	DoLinearBiasMotion
 284              	.LVL39:
  91:..\source/callin.c ****     Ser_PutString("Linear bias validation complete\r\n");
 285              		.loc 1 91 0
 286 000c 0248     		ldr	r0, .L15+4
 287 000e FFF7FEFF 		bl	Ser_PutString
 288              	.LVL40:
 289 0012 08BD     		pop	{r3, pc}
 290              	.L16:
 291              		.align	2
 292              	.L15:
 293 0014 9C000000 		.word	.LC4
 294 0018 C4000000 		.word	.LC5
 295              		.cfi_endproc
 296              	.LFE65:
 297              		.size	ValidateLinearBias, .-ValidateLinearBias
 298              		.comm	p_cal_eeprom,4,4
 299              		.section	.rodata.str1.4,"aMS",%progbits,1
 300              		.align	2
 301              	.LC0:
 302 0000 0D0A5065 		.ascii	"\015\012Performing linear bias calibration\015\012\000"
 302      72666F72 
 302      6D696E67 
 302      206C696E 
 302      65617220 
 303 0027 00       		.space	1
ARM GAS  C:\Users\tslator\AppData\Local\Temp\ccvELluy.s 			page 8


 304              	.LC1:
 305 0028 456E7465 		.ascii	"Enter the measured distance in meters (enter 5 char"
 305      72207468 
 305      65206D65 
 305      61737572 
 305      65642064 
 306 005b 73292C20 		.ascii	"s), e.g., 1.023 : \000"
 306      652E672E 
 306      2C20312E 
 306      30323320 
 306      3A2000
 307 006e 0000     		.space	2
 308              	.LC2:
 309 0070 6C696E65 		.ascii	"linear\000"
 309      617200
 310 0077 00       		.space	1
 311              	.LC3:
 312 0078 4C696E65 		.ascii	"Linear bias calibration complete\015\012\000"
 312      61722062 
 312      69617320 
 312      63616C69 
 312      62726174 
 313 009b 00       		.space	1
 314              	.LC4:
 315 009c 0D0A5661 		.ascii	"\015\012Validating linear bias calibration\015\012\000"
 315      6C696461 
 315      74696E67 
 315      206C696E 
 315      65617220 
 316 00c3 00       		.space	1
 317              	.LC5:
 318 00c4 4C696E65 		.ascii	"Linear bias validation complete\015\012\000"
 318      61722062 
 318      69617320 
 318      76616C69 
 318      64617469 
 319 00e6 0000     		.bss
 320              		.align	2
 321              		.set	.LANCHOR0,. + 0
 322              		.type	dist_error, %object
 323              		.size	dist_error, 4
 324              	dist_error:
 325 0000 00000000 		.space	4
 326              		.text
 327              	.Letext0:
 328              		.file 2 "c:\\program files (x86)\\cypress\\psoc creator\\3.3\\psoc creator\\import\\gnu\\arm\\4.9.
 329              		.file 3 "c:\\program files (x86)\\cypress\\psoc creator\\3.3\\psoc creator\\import\\gnu\\arm\\4.9.
 330              		.file 4 "Generated_Source\\PSoC5/cytypes.h"
 331              		.file 5 "..\\source\\cal.h"
 332              		.file 6 "Generated_Source\\PSoC5/core_cm3.h"
 333              		.file 7 "..\\source\\encoder.h"
 334              		.file 8 "..\\source\\pid.h"
 335              		.file 9 "..\\source\\odom.h"
 336              		.file 10 "..\\source\\motor.h"
 337              		.file 11 "..\\source\\serial.h"
 338              		.file 12 "..\\source\\nvstore.h"
 339              		.file 13 "c:\\program files (x86)\\cypress\\psoc creator\\3.3\\psoc creator\\import\\gnu\\arm\\4.9
ARM GAS  C:\Users\tslator\AppData\Local\Temp\ccvELluy.s 			page 9


 340              		.section	.debug_info,"",%progbits
 341              	.Ldebug_info0:
 342 0000 D7050000 		.4byte	0x5d7
 343 0004 0400     		.2byte	0x4
 344 0006 00000000 		.4byte	.Ldebug_abbrev0
 345 000a 04       		.byte	0x4
 346 000b 01       		.uleb128 0x1
 347 000c E8010000 		.4byte	.LASF66
 348 0010 01       		.byte	0x1
 349 0011 3A000000 		.4byte	.LASF67
 350 0015 CA030000 		.4byte	.LASF68
 351 0019 00000000 		.4byte	.Ldebug_ranges0+0
 352 001d 00000000 		.4byte	0
 353 0021 00000000 		.4byte	.Ldebug_line0
 354 0025 02       		.uleb128 0x2
 355 0026 04       		.byte	0x4
 356 0027 04       		.byte	0x4
 357 0028 E3000000 		.4byte	.LASF0
 358 002c 03       		.uleb128 0x3
 359 002d 04       		.byte	0x4
 360 002e 05       		.byte	0x5
 361 002f 696E7400 		.ascii	"int\000"
 362 0033 02       		.uleb128 0x2
 363 0034 04       		.byte	0x4
 364 0035 07       		.byte	0x7
 365 0036 B2010000 		.4byte	.LASF1
 366 003a 02       		.uleb128 0x2
 367 003b 01       		.byte	0x1
 368 003c 06       		.byte	0x6
 369 003d CB000000 		.4byte	.LASF2
 370 0041 02       		.uleb128 0x2
 371 0042 01       		.byte	0x1
 372 0043 08       		.byte	0x8
 373 0044 3F010000 		.4byte	.LASF3
 374 0048 02       		.uleb128 0x2
 375 0049 02       		.byte	0x2
 376 004a 05       		.byte	0x5
 377 004b 61000000 		.4byte	.LASF4
 378 004f 02       		.uleb128 0x2
 379 0050 02       		.byte	0x2
 380 0051 07       		.byte	0x7
 381 0052 7E020000 		.4byte	.LASF5
 382 0056 04       		.uleb128 0x4
 383 0057 40030000 		.4byte	.LASF14
 384 005b 02       		.byte	0x2
 385 005c 3F       		.byte	0x3f
 386 005d 61000000 		.4byte	0x61
 387 0061 02       		.uleb128 0x2
 388 0062 04       		.byte	0x4
 389 0063 05       		.byte	0x5
 390 0064 F7000000 		.4byte	.LASF6
 391 0068 02       		.uleb128 0x2
 392 0069 04       		.byte	0x4
 393 006a 07       		.byte	0x7
 394 006b DE020000 		.4byte	.LASF7
 395 006f 02       		.uleb128 0x2
 396 0070 08       		.byte	0x8
ARM GAS  C:\Users\tslator\AppData\Local\Temp\ccvELluy.s 			page 10


 397 0071 05       		.byte	0x5
 398 0072 E9000000 		.4byte	.LASF8
 399 0076 02       		.uleb128 0x2
 400 0077 08       		.byte	0x8
 401 0078 07       		.byte	0x7
 402 0079 9B010000 		.4byte	.LASF9
 403 007d 02       		.uleb128 0x2
 404 007e 04       		.byte	0x4
 405 007f 07       		.byte	0x7
 406 0080 31000000 		.4byte	.LASF10
 407 0084 05       		.uleb128 0x5
 408 0085 04       		.byte	0x4
 409 0086 8A000000 		.4byte	0x8a
 410 008a 02       		.uleb128 0x2
 411 008b 01       		.byte	0x1
 412 008c 08       		.byte	0x8
 413 008d DA010000 		.4byte	.LASF11
 414 0091 02       		.uleb128 0x2
 415 0092 08       		.byte	0x8
 416 0093 04       		.byte	0x4
 417 0094 F6020000 		.4byte	.LASF12
 418 0098 02       		.uleb128 0x2
 419 0099 08       		.byte	0x8
 420 009a 04       		.byte	0x4
 421 009b 4D000000 		.4byte	.LASF13
 422 009f 04       		.uleb128 0x4
 423 00a0 76020000 		.4byte	.LASF15
 424 00a4 03       		.byte	0x3
 425 00a5 2C       		.byte	0x2c
 426 00a6 56000000 		.4byte	0x56
 427 00aa 06       		.uleb128 0x6
 428 00ab 91020000 		.4byte	.LASF16
 429 00af 04       		.byte	0x4
 430 00b0 3801     		.2byte	0x138
 431 00b2 41000000 		.4byte	0x41
 432 00b6 06       		.uleb128 0x6
 433 00b7 93000000 		.4byte	.LASF17
 434 00bb 04       		.byte	0x4
 435 00bc 3901     		.2byte	0x139
 436 00be 4F000000 		.4byte	0x4f
 437 00c2 06       		.uleb128 0x6
 438 00c3 F0020000 		.4byte	.LASF18
 439 00c7 04       		.byte	0x4
 440 00c8 3D01     		.2byte	0x13d
 441 00ca 61000000 		.4byte	0x61
 442 00ce 07       		.uleb128 0x7
 443 00cf 79010000 		.4byte	.LASF26
 444 00d3 4001     		.2byte	0x140
 445 00d5 05       		.byte	0x5
 446 00d6 2B       		.byte	0x2b
 447 00d7 25010000 		.4byte	0x125
 448 00db 08       		.uleb128 0x8
 449 00dc B3000000 		.4byte	.LASF19
 450 00e0 05       		.byte	0x5
 451 00e1 2D       		.byte	0x2d
 452 00e2 C2000000 		.4byte	0xc2
 453 00e6 00       		.byte	0
ARM GAS  C:\Users\tslator\AppData\Local\Temp\ccvELluy.s 			page 11


 454 00e7 08       		.uleb128 0x8
 455 00e8 59000000 		.4byte	.LASF20
 456 00ec 05       		.byte	0x5
 457 00ed 2E       		.byte	0x2e
 458 00ee C2000000 		.4byte	0xc2
 459 00f2 04       		.byte	0x4
 460 00f3 08       		.uleb128 0x8
 461 00f4 89000000 		.4byte	.LASF21
 462 00f8 05       		.byte	0x5
 463 00f9 2F       		.byte	0x2f
 464 00fa 2C000000 		.4byte	0x2c
 465 00fe 08       		.byte	0x8
 466 00ff 08       		.uleb128 0x8
 467 0100 1B000000 		.4byte	.LASF22
 468 0104 05       		.byte	0x5
 469 0105 30       		.byte	0x30
 470 0106 25010000 		.4byte	0x125
 471 010a 0C       		.byte	0xc
 472 010b 08       		.uleb128 0x8
 473 010c 64030000 		.4byte	.LASF23
 474 0110 05       		.byte	0x5
 475 0111 31       		.byte	0x31
 476 0112 35010000 		.4byte	0x135
 477 0116 D8       		.byte	0xd8
 478 0117 09       		.uleb128 0x9
 479 0118 B2030000 		.4byte	.LASF24
 480 011c 05       		.byte	0x5
 481 011d 33       		.byte	0x33
 482 011e B6000000 		.4byte	0xb6
 483 0122 3E01     		.2byte	0x13e
 484 0124 00       		.byte	0
 485 0125 0A       		.uleb128 0xa
 486 0126 C2000000 		.4byte	0xc2
 487 012a 35010000 		.4byte	0x135
 488 012e 0B       		.uleb128 0xb
 489 012f 7D000000 		.4byte	0x7d
 490 0133 32       		.byte	0x32
 491 0134 00       		.byte	0
 492 0135 0A       		.uleb128 0xa
 493 0136 B6000000 		.4byte	0xb6
 494 013a 45010000 		.4byte	0x145
 495 013e 0B       		.uleb128 0xb
 496 013f 7D000000 		.4byte	0x7d
 497 0143 32       		.byte	0x32
 498 0144 00       		.byte	0
 499 0145 04       		.uleb128 0x4
 500 0146 8B030000 		.4byte	.LASF25
 501 014a 05       		.byte	0x5
 502 014b 34       		.byte	0x34
 503 014c CE000000 		.4byte	0xce
 504 0150 0C       		.uleb128 0xc
 505 0151 24000000 		.4byte	.LASF27
 506 0155 0C       		.byte	0xc
 507 0156 05       		.byte	0x5
 508 0157 36       		.byte	0x36
 509 0158 7E010000 		.4byte	0x17e
 510 015c 0D       		.uleb128 0xd
ARM GAS  C:\Users\tslator\AppData\Local\Temp\ccvELluy.s 			page 12


 511 015d 6B7000   		.ascii	"kp\000"
 512 0160 05       		.byte	0x5
 513 0161 38       		.byte	0x38
 514 0162 25000000 		.4byte	0x25
 515 0166 00       		.byte	0
 516 0167 0D       		.uleb128 0xd
 517 0168 6B6900   		.ascii	"ki\000"
 518 016b 05       		.byte	0x5
 519 016c 39       		.byte	0x39
 520 016d 25000000 		.4byte	0x25
 521 0171 04       		.byte	0x4
 522 0172 0D       		.uleb128 0xd
 523 0173 6B6400   		.ascii	"kd\000"
 524 0176 05       		.byte	0x5
 525 0177 3A       		.byte	0x3a
 526 0178 25000000 		.4byte	0x25
 527 017c 08       		.byte	0x8
 528 017d 00       		.byte	0
 529 017e 04       		.uleb128 0x4
 530 017f 24030000 		.4byte	.LASF28
 531 0183 05       		.byte	0x5
 532 0184 3B       		.byte	0x3b
 533 0185 50010000 		.4byte	0x150
 534 0189 07       		.uleb128 0x7
 535 018a F4030000 		.4byte	.LASF29
 536 018e 3005     		.2byte	0x530
 537 0190 05       		.byte	0x5
 538 0191 3D       		.byte	0x3d
 539 0192 1E020000 		.4byte	0x21e
 540 0196 08       		.uleb128 0x8
 541 0197 D3010000 		.4byte	.LASF30
 542 019b 05       		.byte	0x5
 543 019c 40       		.byte	0x40
 544 019d B6000000 		.4byte	0xb6
 545 01a1 00       		.byte	0
 546 01a2 08       		.uleb128 0x8
 547 01a3 9A000000 		.4byte	.LASF31
 548 01a7 05       		.byte	0x5
 549 01a8 45       		.byte	0x45
 550 01a9 B6000000 		.4byte	0xb6
 551 01ad 02       		.byte	0x2
 552 01ae 08       		.uleb128 0x8
 553 01af B2030000 		.4byte	.LASF24
 554 01b3 05       		.byte	0x5
 555 01b4 46       		.byte	0x46
 556 01b5 1E020000 		.4byte	0x21e
 557 01b9 04       		.byte	0x4
 558 01ba 08       		.uleb128 0x8
 559 01bb 66010000 		.4byte	.LASF32
 560 01bf 05       		.byte	0x5
 561 01c0 4B       		.byte	0x4b
 562 01c1 7E010000 		.4byte	0x17e
 563 01c5 10       		.byte	0x10
 564 01c6 08       		.uleb128 0x8
 565 01c7 20010000 		.4byte	.LASF33
 566 01cb 05       		.byte	0x5
 567 01cc 4C       		.byte	0x4c
ARM GAS  C:\Users\tslator\AppData\Local\Temp\ccvELluy.s 			page 13


 568 01cd 7E010000 		.4byte	0x17e
 569 01d1 1C       		.byte	0x1c
 570 01d2 08       		.uleb128 0x8
 571 01d3 D7000000 		.4byte	.LASF34
 572 01d7 05       		.byte	0x5
 573 01d8 4D       		.byte	0x4d
 574 01d9 25000000 		.4byte	0x25
 575 01dd 28       		.byte	0x28
 576 01de 08       		.uleb128 0x8
 577 01df A5030000 		.4byte	.LASF35
 578 01e3 05       		.byte	0x5
 579 01e4 4E       		.byte	0x4e
 580 01e5 25000000 		.4byte	0x25
 581 01e9 2C       		.byte	0x2c
 582 01ea 08       		.uleb128 0x8
 583 01eb BB030000 		.4byte	.LASF36
 584 01ef 05       		.byte	0x5
 585 01f0 4F       		.byte	0x4f
 586 01f1 45010000 		.4byte	0x145
 587 01f5 30       		.byte	0x30
 588 01f6 09       		.uleb128 0x9
 589 01f7 11010000 		.4byte	.LASF37
 590 01fb 05       		.byte	0x5
 591 01fc 50       		.byte	0x50
 592 01fd 45010000 		.4byte	0x145
 593 0201 7001     		.2byte	0x170
 594 0203 09       		.uleb128 0x9
 595 0204 A3000000 		.4byte	.LASF38
 596 0208 05       		.byte	0x5
 597 0209 51       		.byte	0x51
 598 020a 45010000 		.4byte	0x145
 599 020e B002     		.2byte	0x2b0
 600 0210 09       		.uleb128 0x9
 601 0211 B5020000 		.4byte	.LASF39
 602 0215 05       		.byte	0x5
 603 0216 52       		.byte	0x52
 604 0217 45010000 		.4byte	0x145
 605 021b F003     		.2byte	0x3f0
 606 021d 00       		.byte	0
 607 021e 0A       		.uleb128 0xa
 608 021f AA000000 		.4byte	0xaa
 609 0223 2E020000 		.4byte	0x22e
 610 0227 0B       		.uleb128 0xb
 611 0228 7D000000 		.4byte	0x7d
 612 022c 0B       		.byte	0xb
 613 022d 00       		.byte	0
 614 022e 04       		.uleb128 0x4
 615 022f BB000000 		.4byte	.LASF40
 616 0233 05       		.byte	0x5
 617 0234 53       		.byte	0x53
 618 0235 89010000 		.4byte	0x189
 619 0239 0E       		.uleb128 0xe
 620 023a 88010000 		.4byte	.LASF46
 621 023e 01       		.byte	0x1
 622 023f 12       		.byte	0x12
 623 0240 00000000 		.4byte	.LFB63
 624 0244 E0000000 		.4byte	.LFE63-.LFB63
ARM GAS  C:\Users\tslator\AppData\Local\Temp\ccvELluy.s 			page 14


 625 0248 01       		.uleb128 0x1
 626 0249 9C       		.byte	0x9c
 627 024a 84030000 		.4byte	0x384
 628 024e 0F       		.uleb128 0xf
 629 024f 71010000 		.4byte	.LASF41
 630 0253 01       		.byte	0x1
 631 0254 27       		.byte	0x27
 632 0255 25000000 		.4byte	0x25
 633 0259 02       		.uleb128 0x2
 634 025a 91       		.byte	0x91
 635 025b 64       		.sleb128 -28
 636 025c 0F       		.uleb128 0xf
 637 025d 13000000 		.4byte	.LASF42
 638 0261 01       		.byte	0x1
 639 0262 28       		.byte	0x28
 640 0263 25000000 		.4byte	0x25
 641 0267 02       		.uleb128 0x2
 642 0268 91       		.byte	0x91
 643 0269 60       		.sleb128 -32
 644 026a 0F       		.uleb128 0xf
 645 026b 0B010000 		.4byte	.LASF43
 646 026f 01       		.byte	0x1
 647 0270 29       		.byte	0x29
 648 0271 25000000 		.4byte	0x25
 649 0275 02       		.uleb128 0x2
 650 0276 91       		.byte	0x91
 651 0277 5C       		.sleb128 -36
 652 0278 0F       		.uleb128 0xf
 653 0279 85030000 		.4byte	.LASF44
 654 027d 01       		.byte	0x1
 655 027e 2A       		.byte	0x2a
 656 027f 25000000 		.4byte	0x25
 657 0283 02       		.uleb128 0x2
 658 0284 91       		.byte	0x91
 659 0285 58       		.sleb128 -40
 660 0286 10       		.uleb128 0x10
 661 0287 22000000 		.4byte	.LBB2
 662 028b 78000000 		.4byte	.LBE2-.LBB2
 663 028f 19030000 		.4byte	0x319
 664 0293 11       		.uleb128 0x11
 665 0294 DF010000 		.4byte	.LASF45
 666 0298 01       		.byte	0x1
 667 0299 38       		.byte	0x38
 668 029a 25000000 		.4byte	0x25
 669 029e 00000000 		.4byte	.LLST0
 670 02a2 12       		.uleb128 0x12
 671 02a3 26000000 		.4byte	.LVL3
 672 02a7 DA040000 		.4byte	0x4da
 673 02ab 12       		.uleb128 0x12
 674 02ac 2A000000 		.4byte	.LVL4
 675 02b0 E7040000 		.4byte	0x4e7
 676 02b4 12       		.uleb128 0x12
 677 02b5 2E000000 		.4byte	.LVL5
 678 02b9 F4040000 		.4byte	0x4f4
 679 02bd 13       		.uleb128 0x13
 680 02be 36000000 		.4byte	.LVL6
 681 02c2 01050000 		.4byte	0x501
ARM GAS  C:\Users\tslator\AppData\Local\Temp\ccvELluy.s 			page 15


 682 02c6 D7020000 		.4byte	0x2d7
 683 02ca 14       		.uleb128 0x14
 684 02cb 01       		.uleb128 0x1
 685 02cc 51       		.byte	0x51
 686 02cd 02       		.uleb128 0x2
 687 02ce 7D       		.byte	0x7d
 688 02cf 00       		.sleb128 0
 689 02d0 14       		.uleb128 0x14
 690 02d1 01       		.uleb128 0x1
 691 02d2 50       		.byte	0x50
 692 02d3 02       		.uleb128 0x2
 693 02d4 91       		.byte	0x91
 694 02d5 5C       		.sleb128 -36
 695 02d6 00       		.byte	0
 696 02d7 12       		.uleb128 0x12
 697 02d8 50000000 		.4byte	.LVL9
 698 02dc 1D050000 		.4byte	0x51d
 699 02e0 12       		.uleb128 0x12
 700 02e1 68000000 		.4byte	.LVL12
 701 02e5 1D050000 		.4byte	0x51d
 702 02e9 12       		.uleb128 0x12
 703 02ea 7C000000 		.4byte	.LVL14
 704 02ee 37050000 		.4byte	0x537
 705 02f2 13       		.uleb128 0x13
 706 02f3 94000000 		.4byte	.LVL17
 707 02f7 4C050000 		.4byte	0x54c
 708 02fb 07030000 		.4byte	0x307
 709 02ff 14       		.uleb128 0x14
 710 0300 01       		.uleb128 0x1
 711 0301 50       		.byte	0x50
 712 0302 03       		.uleb128 0x3
 713 0303 F5       		.byte	0xf5
 714 0304 05       		.uleb128 0x5
 715 0305 25       		.uleb128 0x25
 716 0306 00       		.byte	0
 717 0307 15       		.uleb128 0x15
 718 0308 9A000000 		.4byte	.LVL18
 719 030c 5D050000 		.4byte	0x55d
 720 0310 14       		.uleb128 0x14
 721 0311 01       		.uleb128 0x1
 722 0312 50       		.byte	0x50
 723 0313 03       		.uleb128 0x3
 724 0314 F5       		.byte	0xf5
 725 0315 05       		.uleb128 0x5
 726 0316 25       		.uleb128 0x25
 727 0317 00       		.byte	0
 728 0318 00       		.byte	0
 729 0319 13       		.uleb128 0x13
 730 031a 14000000 		.4byte	.LVL0
 731 031e 01050000 		.4byte	0x501
 732 0322 33030000 		.4byte	0x333
 733 0326 14       		.uleb128 0x14
 734 0327 01       		.uleb128 0x1
 735 0328 51       		.byte	0x51
 736 0329 02       		.uleb128 0x2
 737 032a 91       		.byte	0x91
 738 032b 60       		.sleb128 -32
ARM GAS  C:\Users\tslator\AppData\Local\Temp\ccvELluy.s 			page 16


 739 032c 14       		.uleb128 0x14
 740 032d 01       		.uleb128 0x1
 741 032e 50       		.byte	0x50
 742 032f 02       		.uleb128 0x2
 743 0330 91       		.byte	0x91
 744 0331 64       		.sleb128 -28
 745 0332 00       		.byte	0
 746 0333 13       		.uleb128 0x13
 747 0334 1C000000 		.4byte	.LVL1
 748 0338 6E050000 		.4byte	0x56e
 749 033c 48030000 		.4byte	0x348
 750 0340 14       		.uleb128 0x14
 751 0341 01       		.uleb128 0x1
 752 0342 50       		.byte	0x50
 753 0343 03       		.uleb128 0x3
 754 0344 F5       		.byte	0xf5
 755 0345 04       		.uleb128 0x4
 756 0346 25       		.uleb128 0x25
 757 0347 00       		.byte	0
 758 0348 13       		.uleb128 0x13
 759 0349 22000000 		.4byte	.LVL2
 760 034d 7F050000 		.4byte	0x57f
 761 0351 5D030000 		.4byte	0x35d
 762 0355 14       		.uleb128 0x14
 763 0356 01       		.uleb128 0x1
 764 0357 50       		.byte	0x50
 765 0358 03       		.uleb128 0x3
 766 0359 F5       		.byte	0xf5
 767 035a 04       		.uleb128 0x4
 768 035b 25       		.uleb128 0x25
 769 035c 00       		.byte	0
 770 035d 13       		.uleb128 0x13
 771 035e C6000000 		.4byte	.LVL22
 772 0362 6E050000 		.4byte	0x56e
 773 0366 72030000 		.4byte	0x372
 774 036a 14       		.uleb128 0x14
 775 036b 01       		.uleb128 0x1
 776 036c 50       		.byte	0x50
 777 036d 03       		.uleb128 0x3
 778 036e F5       		.byte	0xf5
 779 036f 04       		.uleb128 0x4
 780 0370 25       		.uleb128 0x25
 781 0371 00       		.byte	0
 782 0372 15       		.uleb128 0x15
 783 0373 CC000000 		.4byte	.LVL23
 784 0377 7F050000 		.4byte	0x57f
 785 037b 14       		.uleb128 0x14
 786 037c 01       		.uleb128 0x1
 787 037d 50       		.byte	0x50
 788 037e 03       		.uleb128 0x3
 789 037f F5       		.byte	0xf5
 790 0380 04       		.uleb128 0x4
 791 0381 25       		.uleb128 0x25
 792 0382 00       		.byte	0
 793 0383 00       		.byte	0
 794 0384 0E       		.uleb128 0xe
 795 0385 BF010000 		.4byte	.LASF47
ARM GAS  C:\Users\tslator\AppData\Local\Temp\ccvELluy.s 			page 17


 796 0389 01       		.byte	0x1
 797 038a 44       		.byte	0x44
 798 038b 00000000 		.4byte	.LFB64
 799 038f 6C000000 		.4byte	.LFE64-.LFB64
 800 0393 01       		.uleb128 0x1
 801 0394 9C       		.byte	0x9c
 802 0395 53040000 		.4byte	0x453
 803 0399 11       		.uleb128 0x11
 804 039a FD020000 		.4byte	.LASF48
 805 039e 01       		.byte	0x1
 806 039f 4D       		.byte	0x4d
 807 03a0 25000000 		.4byte	0x25
 808 03a4 13000000 		.4byte	.LLST1
 809 03a8 11       		.uleb128 0x11
 810 03a9 D7000000 		.4byte	.LASF34
 811 03ad 01       		.byte	0x1
 812 03ae 4E       		.byte	0x4e
 813 03af 25000000 		.4byte	0x25
 814 03b3 31000000 		.4byte	.LLST2
 815 03b7 13       		.uleb128 0x13
 816 03b8 08000000 		.4byte	.LVL24
 817 03bc 90050000 		.4byte	0x590
 818 03c0 CE030000 		.4byte	0x3ce
 819 03c4 14       		.uleb128 0x14
 820 03c5 01       		.uleb128 0x1
 821 03c6 50       		.byte	0x50
 822 03c7 05       		.uleb128 0x5
 823 03c8 03       		.byte	0x3
 824 03c9 00000000 		.4byte	.LC0
 825 03cd 00       		.byte	0
 826 03ce 13       		.uleb128 0x13
 827 03cf 1E000000 		.4byte	.LVL25
 828 03d3 A1050000 		.4byte	0x5a1
 829 03d7 E3030000 		.4byte	0x3e3
 830 03db 14       		.uleb128 0x14
 831 03dc 01       		.uleb128 0x1
 832 03dd 50       		.byte	0x50
 833 03de 03       		.uleb128 0x3
 834 03df F5       		.byte	0xf5
 835 03e0 04       		.uleb128 0x4
 836 03e1 25       		.uleb128 0x25
 837 03e2 00       		.byte	0
 838 03e3 12       		.uleb128 0x12
 839 03e4 22000000 		.4byte	.LVL26
 840 03e8 39020000 		.4byte	0x239
 841 03ec 13       		.uleb128 0x13
 842 03ed 28000000 		.4byte	.LVL27
 843 03f1 90050000 		.4byte	0x590
 844 03f5 03040000 		.4byte	0x403
 845 03f9 14       		.uleb128 0x14
 846 03fa 01       		.uleb128 0x1
 847 03fb 50       		.byte	0x50
 848 03fc 05       		.uleb128 0x5
 849 03fd 03       		.byte	0x3
 850 03fe 28000000 		.4byte	.LC1
 851 0402 00       		.byte	0
 852 0403 12       		.uleb128 0x12
ARM GAS  C:\Users\tslator\AppData\Local\Temp\ccvELluy.s 			page 18


 853 0404 2C000000 		.4byte	.LVL28
 854 0408 B7050000 		.4byte	0x5b7
 855 040c 13       		.uleb128 0x13
 856 040d 3E000000 		.4byte	.LVL34
 857 0411 C8050000 		.4byte	0x5c8
 858 0415 2A040000 		.4byte	0x42a
 859 0419 14       		.uleb128 0x14
 860 041a 01       		.uleb128 0x1
 861 041b 51       		.byte	0x51
 862 041c 03       		.uleb128 0x3
 863 041d F5       		.byte	0xf5
 864 041e 04       		.uleb128 0x4
 865 041f 25       		.uleb128 0x25
 866 0420 14       		.uleb128 0x14
 867 0421 01       		.uleb128 0x1
 868 0422 50       		.byte	0x50
 869 0423 05       		.uleb128 0x5
 870 0424 03       		.byte	0x3
 871 0425 70000000 		.4byte	.LC2
 872 0429 00       		.byte	0
 873 042a 13       		.uleb128 0x13
 874 042b 4E000000 		.4byte	.LVL35
 875 042f A1050000 		.4byte	0x5a1
 876 0433 3F040000 		.4byte	0x43f
 877 0437 14       		.uleb128 0x14
 878 0438 01       		.uleb128 0x1
 879 0439 50       		.byte	0x50
 880 043a 03       		.uleb128 0x3
 881 043b F5       		.byte	0xf5
 882 043c 04       		.uleb128 0x4
 883 043d 25       		.uleb128 0x25
 884 043e 00       		.byte	0
 885 043f 15       		.uleb128 0x15
 886 0440 54000000 		.4byte	.LVL36
 887 0444 90050000 		.4byte	0x590
 888 0448 14       		.uleb128 0x14
 889 0449 01       		.uleb128 0x1
 890 044a 50       		.byte	0x50
 891 044b 05       		.uleb128 0x5
 892 044c 03       		.byte	0x3
 893 044d 78000000 		.4byte	.LC3
 894 0451 00       		.byte	0
 895 0452 00       		.byte	0
 896 0453 16       		.uleb128 0x16
 897 0454 00000000 		.4byte	.LASF49
 898 0458 01       		.byte	0x1
 899 0459 57       		.byte	0x57
 900 045a 00000000 		.4byte	.LFB65
 901 045e 1C000000 		.4byte	.LFE65-.LFB65
 902 0462 01       		.uleb128 0x1
 903 0463 9C       		.byte	0x9c
 904 0464 9C040000 		.4byte	0x49c
 905 0468 13       		.uleb128 0x13
 906 0469 08000000 		.4byte	.LVL38
 907 046d 90050000 		.4byte	0x590
 908 0471 7F040000 		.4byte	0x47f
 909 0475 14       		.uleb128 0x14
ARM GAS  C:\Users\tslator\AppData\Local\Temp\ccvELluy.s 			page 19


 910 0476 01       		.uleb128 0x1
 911 0477 50       		.byte	0x50
 912 0478 05       		.uleb128 0x5
 913 0479 03       		.byte	0x3
 914 047a 9C000000 		.4byte	.LC4
 915 047e 00       		.byte	0
 916 047f 12       		.uleb128 0x12
 917 0480 0C000000 		.4byte	.LVL39
 918 0484 39020000 		.4byte	0x239
 919 0488 15       		.uleb128 0x15
 920 0489 12000000 		.4byte	.LVL40
 921 048d 90050000 		.4byte	0x590
 922 0491 14       		.uleb128 0x14
 923 0492 01       		.uleb128 0x1
 924 0493 50       		.byte	0x50
 925 0494 05       		.uleb128 0x5
 926 0495 03       		.byte	0x3
 927 0496 C4000000 		.4byte	.LC5
 928 049a 00       		.byte	0
 929 049b 00       		.byte	0
 930 049c 0F       		.uleb128 0xf
 931 049d 00010000 		.4byte	.LASF50
 932 04a1 01       		.byte	0x1
 933 04a2 10       		.byte	0x10
 934 04a3 25000000 		.4byte	0x25
 935 04a7 05       		.uleb128 0x5
 936 04a8 03       		.byte	0x3
 937 04a9 00000000 		.4byte	dist_error
 938 04ad 17       		.uleb128 0x17
 939 04ae 07030000 		.4byte	.LASF51
 940 04b2 06       		.byte	0x6
 941 04b3 5506     		.2byte	0x655
 942 04b5 B9040000 		.4byte	0x4b9
 943 04b9 18       		.uleb128 0x18
 944 04ba 9F000000 		.4byte	0x9f
 945 04be 19       		.uleb128 0x19
 946 04bf 7C000000 		.4byte	.LASF52
 947 04c3 05       		.byte	0x5
 948 04c4 55       		.byte	0x55
 949 04c5 CF040000 		.4byte	0x4cf
 950 04c9 05       		.uleb128 0x5
 951 04ca 03       		.byte	0x3
 952 04cb 00000000 		.4byte	p_cal_eeprom
 953 04cf 05       		.uleb128 0x5
 954 04d0 04       		.byte	0x4
 955 04d1 D5040000 		.4byte	0x4d5
 956 04d5 18       		.uleb128 0x18
 957 04d6 2E020000 		.4byte	0x22e
 958 04da 1A       		.uleb128 0x1a
 959 04db 31030000 		.4byte	.LASF53
 960 04df 07       		.byte	0x7
 961 04e0 14       		.byte	0x14
 962 04e1 E7040000 		.4byte	0x4e7
 963 04e5 1B       		.uleb128 0x1b
 964 04e6 00       		.byte	0
 965 04e7 1A       		.uleb128 0x1a
 966 04e8 19030000 		.4byte	.LASF54
ARM GAS  C:\Users\tslator\AppData\Local\Temp\ccvELluy.s 			page 20


 967 04ec 08       		.byte	0x8
 968 04ed 60       		.byte	0x60
 969 04ee F4040000 		.4byte	0x4f4
 970 04f2 1B       		.uleb128 0x1b
 971 04f3 00       		.byte	0
 972 04f4 1A       		.uleb128 0x1a
 973 04f5 99030000 		.4byte	.LASF55
 974 04f9 09       		.byte	0x9
 975 04fa 13       		.byte	0x13
 976 04fb 01050000 		.4byte	0x501
 977 04ff 1B       		.uleb128 0x1b
 978 0500 00       		.byte	0
 979 0501 1C       		.uleb128 0x1c
 980 0502 00040000 		.4byte	.LASF57
 981 0506 09       		.byte	0x9
 982 0507 15       		.byte	0x15
 983 0508 17050000 		.4byte	0x517
 984 050c 1D       		.uleb128 0x1d
 985 050d 17050000 		.4byte	0x517
 986 0511 1D       		.uleb128 0x1d
 987 0512 17050000 		.4byte	0x517
 988 0516 00       		.byte	0
 989 0517 05       		.uleb128 0x5
 990 0518 04       		.byte	0x4
 991 0519 25000000 		.4byte	0x25
 992 051d 1E       		.uleb128 0x1e
 993 051e 706F7700 		.ascii	"pow\000"
 994 0522 0D       		.byte	0xd
 995 0523 85       		.byte	0x85
 996 0524 91000000 		.4byte	0x91
 997 0528 37050000 		.4byte	0x537
 998 052c 1D       		.uleb128 0x1d
 999 052d 91000000 		.4byte	0x91
 1000 0531 1D       		.uleb128 0x1d
 1001 0532 91000000 		.4byte	0x91
 1002 0536 00       		.byte	0
 1003 0537 1F       		.uleb128 0x1f
 1004 0538 14030000 		.4byte	.LASF56
 1005 053c 0D       		.byte	0xd
 1006 053d 86       		.byte	0x86
 1007 053e 91000000 		.4byte	0x91
 1008 0542 4C050000 		.4byte	0x54c
 1009 0546 1D       		.uleb128 0x1d
 1010 0547 91000000 		.4byte	0x91
 1011 054b 00       		.byte	0
 1012 054c 1C       		.uleb128 0x1c
 1013 054d 4D010000 		.4byte	.LASF58
 1014 0551 0A       		.byte	0xa
 1015 0552 1D       		.byte	0x1d
 1016 0553 5D050000 		.4byte	0x55d
 1017 0557 1D       		.uleb128 0x1d
 1018 0558 25000000 		.4byte	0x25
 1019 055c 00       		.byte	0
 1020 055d 1C       		.uleb128 0x1c
 1021 055e 4A030000 		.4byte	.LASF59
 1022 0562 0A       		.byte	0xa
 1023 0563 1E       		.byte	0x1e
ARM GAS  C:\Users\tslator\AppData\Local\Temp\ccvELluy.s 			page 21


 1024 0564 6E050000 		.4byte	0x56e
 1025 0568 1D       		.uleb128 0x1d
 1026 0569 25000000 		.4byte	0x25
 1027 056d 00       		.byte	0
 1028 056e 1C       		.uleb128 0x1c
 1029 056f 6D030000 		.4byte	.LASF60
 1030 0573 0A       		.byte	0xa
 1031 0574 1B       		.byte	0x1b
 1032 0575 7F050000 		.4byte	0x57f
 1033 0579 1D       		.uleb128 0x1d
 1034 057a 25000000 		.4byte	0x25
 1035 057e 00       		.byte	0
 1036 057f 1C       		.uleb128 0x1c
 1037 0580 C5020000 		.4byte	.LASF61
 1038 0584 0A       		.byte	0xa
 1039 0585 1C       		.byte	0x1c
 1040 0586 90050000 		.4byte	0x590
 1041 058a 1D       		.uleb128 0x1d
 1042 058b 25000000 		.4byte	0x25
 1043 058f 00       		.byte	0
 1044 0590 1C       		.uleb128 0x1c
 1045 0591 97020000 		.4byte	.LASF62
 1046 0595 0B       		.byte	0xb
 1047 0596 13       		.byte	0x13
 1048 0597 A1050000 		.4byte	0x5a1
 1049 059b 1D       		.uleb128 0x1d
 1050 059c 84000000 		.4byte	0x84
 1051 05a0 00       		.byte	0
 1052 05a1 1C       		.uleb128 0x1c
 1053 05a2 2C010000 		.4byte	.LASF63
 1054 05a6 0C       		.byte	0xc
 1055 05a7 1B       		.byte	0x1b
 1056 05a8 B7050000 		.4byte	0x5b7
 1057 05ac 1D       		.uleb128 0x1d
 1058 05ad 25000000 		.4byte	0x25
 1059 05b1 1D       		.uleb128 0x1d
 1060 05b2 B6000000 		.4byte	0xb6
 1061 05b6 00       		.byte	0
 1062 05b7 20       		.uleb128 0x20
 1063 05b8 6B000000 		.4byte	.LASF64
 1064 05bc 05       		.byte	0x5
 1065 05bd 60       		.byte	0x60
 1066 05be 25000000 		.4byte	0x25
 1067 05c2 C8050000 		.4byte	0x5c8
 1068 05c6 1B       		.uleb128 0x1b
 1069 05c7 00       		.byte	0
 1070 05c8 21       		.uleb128 0x21
 1071 05c9 A5020000 		.4byte	.LASF65
 1072 05cd 05       		.byte	0x5
 1073 05ce 61       		.byte	0x61
 1074 05cf 1D       		.uleb128 0x1d
 1075 05d0 84000000 		.4byte	0x84
 1076 05d4 1D       		.uleb128 0x1d
 1077 05d5 25000000 		.4byte	0x25
 1078 05d9 00       		.byte	0
 1079 05da 00       		.byte	0
 1080              		.section	.debug_abbrev,"",%progbits
ARM GAS  C:\Users\tslator\AppData\Local\Temp\ccvELluy.s 			page 22


 1081              	.Ldebug_abbrev0:
 1082 0000 01       		.uleb128 0x1
 1083 0001 11       		.uleb128 0x11
 1084 0002 01       		.byte	0x1
 1085 0003 25       		.uleb128 0x25
 1086 0004 0E       		.uleb128 0xe
 1087 0005 13       		.uleb128 0x13
 1088 0006 0B       		.uleb128 0xb
 1089 0007 03       		.uleb128 0x3
 1090 0008 0E       		.uleb128 0xe
 1091 0009 1B       		.uleb128 0x1b
 1092 000a 0E       		.uleb128 0xe
 1093 000b 55       		.uleb128 0x55
 1094 000c 17       		.uleb128 0x17
 1095 000d 11       		.uleb128 0x11
 1096 000e 01       		.uleb128 0x1
 1097 000f 10       		.uleb128 0x10
 1098 0010 17       		.uleb128 0x17
 1099 0011 00       		.byte	0
 1100 0012 00       		.byte	0
 1101 0013 02       		.uleb128 0x2
 1102 0014 24       		.uleb128 0x24
 1103 0015 00       		.byte	0
 1104 0016 0B       		.uleb128 0xb
 1105 0017 0B       		.uleb128 0xb
 1106 0018 3E       		.uleb128 0x3e
 1107 0019 0B       		.uleb128 0xb
 1108 001a 03       		.uleb128 0x3
 1109 001b 0E       		.uleb128 0xe
 1110 001c 00       		.byte	0
 1111 001d 00       		.byte	0
 1112 001e 03       		.uleb128 0x3
 1113 001f 24       		.uleb128 0x24
 1114 0020 00       		.byte	0
 1115 0021 0B       		.uleb128 0xb
 1116 0022 0B       		.uleb128 0xb
 1117 0023 3E       		.uleb128 0x3e
 1118 0024 0B       		.uleb128 0xb
 1119 0025 03       		.uleb128 0x3
 1120 0026 08       		.uleb128 0x8
 1121 0027 00       		.byte	0
 1122 0028 00       		.byte	0
 1123 0029 04       		.uleb128 0x4
 1124 002a 16       		.uleb128 0x16
 1125 002b 00       		.byte	0
 1126 002c 03       		.uleb128 0x3
 1127 002d 0E       		.uleb128 0xe
 1128 002e 3A       		.uleb128 0x3a
 1129 002f 0B       		.uleb128 0xb
 1130 0030 3B       		.uleb128 0x3b
 1131 0031 0B       		.uleb128 0xb
 1132 0032 49       		.uleb128 0x49
 1133 0033 13       		.uleb128 0x13
 1134 0034 00       		.byte	0
 1135 0035 00       		.byte	0
 1136 0036 05       		.uleb128 0x5
 1137 0037 0F       		.uleb128 0xf
ARM GAS  C:\Users\tslator\AppData\Local\Temp\ccvELluy.s 			page 23


 1138 0038 00       		.byte	0
 1139 0039 0B       		.uleb128 0xb
 1140 003a 0B       		.uleb128 0xb
 1141 003b 49       		.uleb128 0x49
 1142 003c 13       		.uleb128 0x13
 1143 003d 00       		.byte	0
 1144 003e 00       		.byte	0
 1145 003f 06       		.uleb128 0x6
 1146 0040 16       		.uleb128 0x16
 1147 0041 00       		.byte	0
 1148 0042 03       		.uleb128 0x3
 1149 0043 0E       		.uleb128 0xe
 1150 0044 3A       		.uleb128 0x3a
 1151 0045 0B       		.uleb128 0xb
 1152 0046 3B       		.uleb128 0x3b
 1153 0047 05       		.uleb128 0x5
 1154 0048 49       		.uleb128 0x49
 1155 0049 13       		.uleb128 0x13
 1156 004a 00       		.byte	0
 1157 004b 00       		.byte	0
 1158 004c 07       		.uleb128 0x7
 1159 004d 13       		.uleb128 0x13
 1160 004e 01       		.byte	0x1
 1161 004f 03       		.uleb128 0x3
 1162 0050 0E       		.uleb128 0xe
 1163 0051 0B       		.uleb128 0xb
 1164 0052 05       		.uleb128 0x5
 1165 0053 3A       		.uleb128 0x3a
 1166 0054 0B       		.uleb128 0xb
 1167 0055 3B       		.uleb128 0x3b
 1168 0056 0B       		.uleb128 0xb
 1169 0057 01       		.uleb128 0x1
 1170 0058 13       		.uleb128 0x13
 1171 0059 00       		.byte	0
 1172 005a 00       		.byte	0
 1173 005b 08       		.uleb128 0x8
 1174 005c 0D       		.uleb128 0xd
 1175 005d 00       		.byte	0
 1176 005e 03       		.uleb128 0x3
 1177 005f 0E       		.uleb128 0xe
 1178 0060 3A       		.uleb128 0x3a
 1179 0061 0B       		.uleb128 0xb
 1180 0062 3B       		.uleb128 0x3b
 1181 0063 0B       		.uleb128 0xb
 1182 0064 49       		.uleb128 0x49
 1183 0065 13       		.uleb128 0x13
 1184 0066 38       		.uleb128 0x38
 1185 0067 0B       		.uleb128 0xb
 1186 0068 00       		.byte	0
 1187 0069 00       		.byte	0
 1188 006a 09       		.uleb128 0x9
 1189 006b 0D       		.uleb128 0xd
 1190 006c 00       		.byte	0
 1191 006d 03       		.uleb128 0x3
 1192 006e 0E       		.uleb128 0xe
 1193 006f 3A       		.uleb128 0x3a
 1194 0070 0B       		.uleb128 0xb
ARM GAS  C:\Users\tslator\AppData\Local\Temp\ccvELluy.s 			page 24


 1195 0071 3B       		.uleb128 0x3b
 1196 0072 0B       		.uleb128 0xb
 1197 0073 49       		.uleb128 0x49
 1198 0074 13       		.uleb128 0x13
 1199 0075 38       		.uleb128 0x38
 1200 0076 05       		.uleb128 0x5
 1201 0077 00       		.byte	0
 1202 0078 00       		.byte	0
 1203 0079 0A       		.uleb128 0xa
 1204 007a 01       		.uleb128 0x1
 1205 007b 01       		.byte	0x1
 1206 007c 49       		.uleb128 0x49
 1207 007d 13       		.uleb128 0x13
 1208 007e 01       		.uleb128 0x1
 1209 007f 13       		.uleb128 0x13
 1210 0080 00       		.byte	0
 1211 0081 00       		.byte	0
 1212 0082 0B       		.uleb128 0xb
 1213 0083 21       		.uleb128 0x21
 1214 0084 00       		.byte	0
 1215 0085 49       		.uleb128 0x49
 1216 0086 13       		.uleb128 0x13
 1217 0087 2F       		.uleb128 0x2f
 1218 0088 0B       		.uleb128 0xb
 1219 0089 00       		.byte	0
 1220 008a 00       		.byte	0
 1221 008b 0C       		.uleb128 0xc
 1222 008c 13       		.uleb128 0x13
 1223 008d 01       		.byte	0x1
 1224 008e 03       		.uleb128 0x3
 1225 008f 0E       		.uleb128 0xe
 1226 0090 0B       		.uleb128 0xb
 1227 0091 0B       		.uleb128 0xb
 1228 0092 3A       		.uleb128 0x3a
 1229 0093 0B       		.uleb128 0xb
 1230 0094 3B       		.uleb128 0x3b
 1231 0095 0B       		.uleb128 0xb
 1232 0096 01       		.uleb128 0x1
 1233 0097 13       		.uleb128 0x13
 1234 0098 00       		.byte	0
 1235 0099 00       		.byte	0
 1236 009a 0D       		.uleb128 0xd
 1237 009b 0D       		.uleb128 0xd
 1238 009c 00       		.byte	0
 1239 009d 03       		.uleb128 0x3
 1240 009e 08       		.uleb128 0x8
 1241 009f 3A       		.uleb128 0x3a
 1242 00a0 0B       		.uleb128 0xb
 1243 00a1 3B       		.uleb128 0x3b
 1244 00a2 0B       		.uleb128 0xb
 1245 00a3 49       		.uleb128 0x49
 1246 00a4 13       		.uleb128 0x13
 1247 00a5 38       		.uleb128 0x38
 1248 00a6 0B       		.uleb128 0xb
 1249 00a7 00       		.byte	0
 1250 00a8 00       		.byte	0
 1251 00a9 0E       		.uleb128 0xe
ARM GAS  C:\Users\tslator\AppData\Local\Temp\ccvELluy.s 			page 25


 1252 00aa 2E       		.uleb128 0x2e
 1253 00ab 01       		.byte	0x1
 1254 00ac 3F       		.uleb128 0x3f
 1255 00ad 19       		.uleb128 0x19
 1256 00ae 03       		.uleb128 0x3
 1257 00af 0E       		.uleb128 0xe
 1258 00b0 3A       		.uleb128 0x3a
 1259 00b1 0B       		.uleb128 0xb
 1260 00b2 3B       		.uleb128 0x3b
 1261 00b3 0B       		.uleb128 0xb
 1262 00b4 11       		.uleb128 0x11
 1263 00b5 01       		.uleb128 0x1
 1264 00b6 12       		.uleb128 0x12
 1265 00b7 06       		.uleb128 0x6
 1266 00b8 40       		.uleb128 0x40
 1267 00b9 18       		.uleb128 0x18
 1268 00ba 9642     		.uleb128 0x2116
 1269 00bc 19       		.uleb128 0x19
 1270 00bd 01       		.uleb128 0x1
 1271 00be 13       		.uleb128 0x13
 1272 00bf 00       		.byte	0
 1273 00c0 00       		.byte	0
 1274 00c1 0F       		.uleb128 0xf
 1275 00c2 34       		.uleb128 0x34
 1276 00c3 00       		.byte	0
 1277 00c4 03       		.uleb128 0x3
 1278 00c5 0E       		.uleb128 0xe
 1279 00c6 3A       		.uleb128 0x3a
 1280 00c7 0B       		.uleb128 0xb
 1281 00c8 3B       		.uleb128 0x3b
 1282 00c9 0B       		.uleb128 0xb
 1283 00ca 49       		.uleb128 0x49
 1284 00cb 13       		.uleb128 0x13
 1285 00cc 02       		.uleb128 0x2
 1286 00cd 18       		.uleb128 0x18
 1287 00ce 00       		.byte	0
 1288 00cf 00       		.byte	0
 1289 00d0 10       		.uleb128 0x10
 1290 00d1 0B       		.uleb128 0xb
 1291 00d2 01       		.byte	0x1
 1292 00d3 11       		.uleb128 0x11
 1293 00d4 01       		.uleb128 0x1
 1294 00d5 12       		.uleb128 0x12
 1295 00d6 06       		.uleb128 0x6
 1296 00d7 01       		.uleb128 0x1
 1297 00d8 13       		.uleb128 0x13
 1298 00d9 00       		.byte	0
 1299 00da 00       		.byte	0
 1300 00db 11       		.uleb128 0x11
 1301 00dc 34       		.uleb128 0x34
 1302 00dd 00       		.byte	0
 1303 00de 03       		.uleb128 0x3
 1304 00df 0E       		.uleb128 0xe
 1305 00e0 3A       		.uleb128 0x3a
 1306 00e1 0B       		.uleb128 0xb
 1307 00e2 3B       		.uleb128 0x3b
 1308 00e3 0B       		.uleb128 0xb
ARM GAS  C:\Users\tslator\AppData\Local\Temp\ccvELluy.s 			page 26


 1309 00e4 49       		.uleb128 0x49
 1310 00e5 13       		.uleb128 0x13
 1311 00e6 02       		.uleb128 0x2
 1312 00e7 17       		.uleb128 0x17
 1313 00e8 00       		.byte	0
 1314 00e9 00       		.byte	0
 1315 00ea 12       		.uleb128 0x12
 1316 00eb 898201   		.uleb128 0x4109
 1317 00ee 00       		.byte	0
 1318 00ef 11       		.uleb128 0x11
 1319 00f0 01       		.uleb128 0x1
 1320 00f1 31       		.uleb128 0x31
 1321 00f2 13       		.uleb128 0x13
 1322 00f3 00       		.byte	0
 1323 00f4 00       		.byte	0
 1324 00f5 13       		.uleb128 0x13
 1325 00f6 898201   		.uleb128 0x4109
 1326 00f9 01       		.byte	0x1
 1327 00fa 11       		.uleb128 0x11
 1328 00fb 01       		.uleb128 0x1
 1329 00fc 31       		.uleb128 0x31
 1330 00fd 13       		.uleb128 0x13
 1331 00fe 01       		.uleb128 0x1
 1332 00ff 13       		.uleb128 0x13
 1333 0100 00       		.byte	0
 1334 0101 00       		.byte	0
 1335 0102 14       		.uleb128 0x14
 1336 0103 8A8201   		.uleb128 0x410a
 1337 0106 00       		.byte	0
 1338 0107 02       		.uleb128 0x2
 1339 0108 18       		.uleb128 0x18
 1340 0109 9142     		.uleb128 0x2111
 1341 010b 18       		.uleb128 0x18
 1342 010c 00       		.byte	0
 1343 010d 00       		.byte	0
 1344 010e 15       		.uleb128 0x15
 1345 010f 898201   		.uleb128 0x4109
 1346 0112 01       		.byte	0x1
 1347 0113 11       		.uleb128 0x11
 1348 0114 01       		.uleb128 0x1
 1349 0115 31       		.uleb128 0x31
 1350 0116 13       		.uleb128 0x13
 1351 0117 00       		.byte	0
 1352 0118 00       		.byte	0
 1353 0119 16       		.uleb128 0x16
 1354 011a 2E       		.uleb128 0x2e
 1355 011b 01       		.byte	0x1
 1356 011c 3F       		.uleb128 0x3f
 1357 011d 19       		.uleb128 0x19
 1358 011e 03       		.uleb128 0x3
 1359 011f 0E       		.uleb128 0xe
 1360 0120 3A       		.uleb128 0x3a
 1361 0121 0B       		.uleb128 0xb
 1362 0122 3B       		.uleb128 0x3b
 1363 0123 0B       		.uleb128 0xb
 1364 0124 11       		.uleb128 0x11
 1365 0125 01       		.uleb128 0x1
ARM GAS  C:\Users\tslator\AppData\Local\Temp\ccvELluy.s 			page 27


 1366 0126 12       		.uleb128 0x12
 1367 0127 06       		.uleb128 0x6
 1368 0128 40       		.uleb128 0x40
 1369 0129 18       		.uleb128 0x18
 1370 012a 9742     		.uleb128 0x2117
 1371 012c 19       		.uleb128 0x19
 1372 012d 01       		.uleb128 0x1
 1373 012e 13       		.uleb128 0x13
 1374 012f 00       		.byte	0
 1375 0130 00       		.byte	0
 1376 0131 17       		.uleb128 0x17
 1377 0132 34       		.uleb128 0x34
 1378 0133 00       		.byte	0
 1379 0134 03       		.uleb128 0x3
 1380 0135 0E       		.uleb128 0xe
 1381 0136 3A       		.uleb128 0x3a
 1382 0137 0B       		.uleb128 0xb
 1383 0138 3B       		.uleb128 0x3b
 1384 0139 05       		.uleb128 0x5
 1385 013a 49       		.uleb128 0x49
 1386 013b 13       		.uleb128 0x13
 1387 013c 3F       		.uleb128 0x3f
 1388 013d 19       		.uleb128 0x19
 1389 013e 3C       		.uleb128 0x3c
 1390 013f 19       		.uleb128 0x19
 1391 0140 00       		.byte	0
 1392 0141 00       		.byte	0
 1393 0142 18       		.uleb128 0x18
 1394 0143 35       		.uleb128 0x35
 1395 0144 00       		.byte	0
 1396 0145 49       		.uleb128 0x49
 1397 0146 13       		.uleb128 0x13
 1398 0147 00       		.byte	0
 1399 0148 00       		.byte	0
 1400 0149 19       		.uleb128 0x19
 1401 014a 34       		.uleb128 0x34
 1402 014b 00       		.byte	0
 1403 014c 03       		.uleb128 0x3
 1404 014d 0E       		.uleb128 0xe
 1405 014e 3A       		.uleb128 0x3a
 1406 014f 0B       		.uleb128 0xb
 1407 0150 3B       		.uleb128 0x3b
 1408 0151 0B       		.uleb128 0xb
 1409 0152 49       		.uleb128 0x49
 1410 0153 13       		.uleb128 0x13
 1411 0154 3F       		.uleb128 0x3f
 1412 0155 19       		.uleb128 0x19
 1413 0156 02       		.uleb128 0x2
 1414 0157 18       		.uleb128 0x18
 1415 0158 00       		.byte	0
 1416 0159 00       		.byte	0
 1417 015a 1A       		.uleb128 0x1a
 1418 015b 2E       		.uleb128 0x2e
 1419 015c 01       		.byte	0x1
 1420 015d 3F       		.uleb128 0x3f
 1421 015e 19       		.uleb128 0x19
 1422 015f 03       		.uleb128 0x3
ARM GAS  C:\Users\tslator\AppData\Local\Temp\ccvELluy.s 			page 28


 1423 0160 0E       		.uleb128 0xe
 1424 0161 3A       		.uleb128 0x3a
 1425 0162 0B       		.uleb128 0xb
 1426 0163 3B       		.uleb128 0x3b
 1427 0164 0B       		.uleb128 0xb
 1428 0165 3C       		.uleb128 0x3c
 1429 0166 19       		.uleb128 0x19
 1430 0167 01       		.uleb128 0x1
 1431 0168 13       		.uleb128 0x13
 1432 0169 00       		.byte	0
 1433 016a 00       		.byte	0
 1434 016b 1B       		.uleb128 0x1b
 1435 016c 18       		.uleb128 0x18
 1436 016d 00       		.byte	0
 1437 016e 00       		.byte	0
 1438 016f 00       		.byte	0
 1439 0170 1C       		.uleb128 0x1c
 1440 0171 2E       		.uleb128 0x2e
 1441 0172 01       		.byte	0x1
 1442 0173 3F       		.uleb128 0x3f
 1443 0174 19       		.uleb128 0x19
 1444 0175 03       		.uleb128 0x3
 1445 0176 0E       		.uleb128 0xe
 1446 0177 3A       		.uleb128 0x3a
 1447 0178 0B       		.uleb128 0xb
 1448 0179 3B       		.uleb128 0x3b
 1449 017a 0B       		.uleb128 0xb
 1450 017b 27       		.uleb128 0x27
 1451 017c 19       		.uleb128 0x19
 1452 017d 3C       		.uleb128 0x3c
 1453 017e 19       		.uleb128 0x19
 1454 017f 01       		.uleb128 0x1
 1455 0180 13       		.uleb128 0x13
 1456 0181 00       		.byte	0
 1457 0182 00       		.byte	0
 1458 0183 1D       		.uleb128 0x1d
 1459 0184 05       		.uleb128 0x5
 1460 0185 00       		.byte	0
 1461 0186 49       		.uleb128 0x49
 1462 0187 13       		.uleb128 0x13
 1463 0188 00       		.byte	0
 1464 0189 00       		.byte	0
 1465 018a 1E       		.uleb128 0x1e
 1466 018b 2E       		.uleb128 0x2e
 1467 018c 01       		.byte	0x1
 1468 018d 3F       		.uleb128 0x3f
 1469 018e 19       		.uleb128 0x19
 1470 018f 03       		.uleb128 0x3
 1471 0190 08       		.uleb128 0x8
 1472 0191 3A       		.uleb128 0x3a
 1473 0192 0B       		.uleb128 0xb
 1474 0193 3B       		.uleb128 0x3b
 1475 0194 0B       		.uleb128 0xb
 1476 0195 27       		.uleb128 0x27
 1477 0196 19       		.uleb128 0x19
 1478 0197 49       		.uleb128 0x49
 1479 0198 13       		.uleb128 0x13
ARM GAS  C:\Users\tslator\AppData\Local\Temp\ccvELluy.s 			page 29


 1480 0199 3C       		.uleb128 0x3c
 1481 019a 19       		.uleb128 0x19
 1482 019b 01       		.uleb128 0x1
 1483 019c 13       		.uleb128 0x13
 1484 019d 00       		.byte	0
 1485 019e 00       		.byte	0
 1486 019f 1F       		.uleb128 0x1f
 1487 01a0 2E       		.uleb128 0x2e
 1488 01a1 01       		.byte	0x1
 1489 01a2 3F       		.uleb128 0x3f
 1490 01a3 19       		.uleb128 0x19
 1491 01a4 03       		.uleb128 0x3
 1492 01a5 0E       		.uleb128 0xe
 1493 01a6 3A       		.uleb128 0x3a
 1494 01a7 0B       		.uleb128 0xb
 1495 01a8 3B       		.uleb128 0x3b
 1496 01a9 0B       		.uleb128 0xb
 1497 01aa 27       		.uleb128 0x27
 1498 01ab 19       		.uleb128 0x19
 1499 01ac 49       		.uleb128 0x49
 1500 01ad 13       		.uleb128 0x13
 1501 01ae 3C       		.uleb128 0x3c
 1502 01af 19       		.uleb128 0x19
 1503 01b0 01       		.uleb128 0x1
 1504 01b1 13       		.uleb128 0x13
 1505 01b2 00       		.byte	0
 1506 01b3 00       		.byte	0
 1507 01b4 20       		.uleb128 0x20
 1508 01b5 2E       		.uleb128 0x2e
 1509 01b6 01       		.byte	0x1
 1510 01b7 3F       		.uleb128 0x3f
 1511 01b8 19       		.uleb128 0x19
 1512 01b9 03       		.uleb128 0x3
 1513 01ba 0E       		.uleb128 0xe
 1514 01bb 3A       		.uleb128 0x3a
 1515 01bc 0B       		.uleb128 0xb
 1516 01bd 3B       		.uleb128 0x3b
 1517 01be 0B       		.uleb128 0xb
 1518 01bf 49       		.uleb128 0x49
 1519 01c0 13       		.uleb128 0x13
 1520 01c1 3C       		.uleb128 0x3c
 1521 01c2 19       		.uleb128 0x19
 1522 01c3 01       		.uleb128 0x1
 1523 01c4 13       		.uleb128 0x13
 1524 01c5 00       		.byte	0
 1525 01c6 00       		.byte	0
 1526 01c7 21       		.uleb128 0x21
 1527 01c8 2E       		.uleb128 0x2e
 1528 01c9 01       		.byte	0x1
 1529 01ca 3F       		.uleb128 0x3f
 1530 01cb 19       		.uleb128 0x19
 1531 01cc 03       		.uleb128 0x3
 1532 01cd 0E       		.uleb128 0xe
 1533 01ce 3A       		.uleb128 0x3a
 1534 01cf 0B       		.uleb128 0xb
 1535 01d0 3B       		.uleb128 0x3b
 1536 01d1 0B       		.uleb128 0xb
ARM GAS  C:\Users\tslator\AppData\Local\Temp\ccvELluy.s 			page 30


 1537 01d2 27       		.uleb128 0x27
 1538 01d3 19       		.uleb128 0x19
 1539 01d4 3C       		.uleb128 0x3c
 1540 01d5 19       		.uleb128 0x19
 1541 01d6 00       		.byte	0
 1542 01d7 00       		.byte	0
 1543 01d8 00       		.byte	0
 1544              		.section	.debug_loc,"",%progbits
 1545              	.Ldebug_loc0:
 1546              	.LLST0:
 1547 0000 80000000 		.4byte	.LVL15
 1548 0004 89000000 		.4byte	.LVL16-1
 1549 0008 0100     		.2byte	0x1
 1550 000a 50       		.byte	0x50
 1551 000b 00000000 		.4byte	0
 1552 000f 00000000 		.4byte	0
 1553              	.LLST1:
 1554 0013 2E000000 		.4byte	.LVL29
 1555 0017 30000000 		.4byte	.LVL30
 1556 001b 0100     		.2byte	0x1
 1557 001d 50       		.byte	0x50
 1558 001e 30000000 		.4byte	.LVL30
 1559 0022 33000000 		.4byte	.LVL31-1
 1560 0026 0100     		.2byte	0x1
 1561 0028 51       		.byte	0x51
 1562 0029 00000000 		.4byte	0
 1563 002d 00000000 		.4byte	0
 1564              	.LLST2:
 1565 0031 36000000 		.4byte	.LVL32
 1566 0035 38000000 		.4byte	.LVL33
 1567 0039 0100     		.2byte	0x1
 1568 003b 50       		.byte	0x50
 1569 003c 38000000 		.4byte	.LVL33
 1570 0040 56000000 		.4byte	.LVL37
 1571 0044 0100     		.2byte	0x1
 1572 0046 54       		.byte	0x54
 1573 0047 00000000 		.4byte	0
 1574 004b 00000000 		.4byte	0
 1575              		.section	.debug_aranges,"",%progbits
 1576 0000 2C000000 		.4byte	0x2c
 1577 0004 0200     		.2byte	0x2
 1578 0006 00000000 		.4byte	.Ldebug_info0
 1579 000a 04       		.byte	0x4
 1580 000b 00       		.byte	0
 1581 000c 0000     		.2byte	0
 1582 000e 0000     		.2byte	0
 1583 0010 00000000 		.4byte	.LFB63
 1584 0014 E0000000 		.4byte	.LFE63-.LFB63
 1585 0018 00000000 		.4byte	.LFB64
 1586 001c 6C000000 		.4byte	.LFE64-.LFB64
 1587 0020 00000000 		.4byte	.LFB65
 1588 0024 1C000000 		.4byte	.LFE65-.LFB65
 1589 0028 00000000 		.4byte	0
 1590 002c 00000000 		.4byte	0
 1591              		.section	.debug_ranges,"",%progbits
 1592              	.Ldebug_ranges0:
 1593 0000 00000000 		.4byte	.LFB63
ARM GAS  C:\Users\tslator\AppData\Local\Temp\ccvELluy.s 			page 31


 1594 0004 E0000000 		.4byte	.LFE63
 1595 0008 00000000 		.4byte	.LFB64
 1596 000c 6C000000 		.4byte	.LFE64
 1597 0010 00000000 		.4byte	.LFB65
 1598 0014 1C000000 		.4byte	.LFE65
 1599 0018 00000000 		.4byte	0
 1600 001c 00000000 		.4byte	0
 1601              		.section	.debug_line,"",%progbits
 1602              	.Ldebug_line0:
 1603 0000 35020000 		.section	.debug_str,"MS",%progbits,1
 1603      0200AA01 
 1603      00000201 
 1603      FB0E0D00 
 1603      01010101 
 1604              	.LASF49:
 1605 0000 56616C69 		.ascii	"ValidateLinearBias\000"
 1605      64617465 
 1605      4C696E65 
 1605      61724269 
 1605      617300
 1606              	.LASF42:
 1607 0013 795F7374 		.ascii	"y_start\000"
 1607      61727400 
 1608              	.LASF22:
 1609 001b 6370735F 		.ascii	"cps_data\000"
 1609      64617461 
 1609      00
 1610              	.LASF27:
 1611 0024 5F63616C 		.ascii	"_cal_pid_tag\000"
 1611      5F706964 
 1611      5F746167 
 1611      00
 1612              	.LASF10:
 1613 0031 73697A65 		.ascii	"sizetype\000"
 1613      74797065 
 1613      00
 1614              	.LASF67:
 1615 003a 2E2E5C73 		.ascii	"..\\source\\callin.c\000"
 1615      6F757263 
 1615      655C6361 
 1615      6C6C696E 
 1615      2E6300
 1616              	.LASF13:
 1617 004d 6C6F6E67 		.ascii	"long double\000"
 1617      20646F75 
 1617      626C6500 
 1618              	.LASF20:
 1619 0059 6370735F 		.ascii	"cps_max\000"
 1619      6D617800 
 1620              	.LASF4:
 1621 0061 73686F72 		.ascii	"short int\000"
 1621      7420696E 
 1621      7400
 1622              	.LASF64:
 1623 006b 43616C5F 		.ascii	"Cal_ReadResponse\000"
 1623      52656164 
 1623      52657370 
ARM GAS  C:\Users\tslator\AppData\Local\Temp\ccvELluy.s 			page 32


 1623      6F6E7365 
 1623      00
 1624              	.LASF52:
 1625 007c 705F6361 		.ascii	"p_cal_eeprom\000"
 1625      6C5F6565 
 1625      70726F6D 
 1625      00
 1626              	.LASF21:
 1627 0089 6370735F 		.ascii	"cps_scale\000"
 1627      7363616C 
 1627      6500
 1628              	.LASF17:
 1629 0093 75696E74 		.ascii	"uint16\000"
 1629      313600
 1630              	.LASF31:
 1631 009a 63686563 		.ascii	"checksum\000"
 1631      6B73756D 
 1631      00
 1632              	.LASF38:
 1633 00a3 72696768 		.ascii	"right_motor_fwd\000"
 1633      745F6D6F 
 1633      746F725F 
 1633      66776400 
 1634              	.LASF19:
 1635 00b3 6370735F 		.ascii	"cps_min\000"
 1635      6D696E00 
 1636              	.LASF40:
 1637 00bb 43414C5F 		.ascii	"CAL_EEPROM_TYPE\000"
 1637      45455052 
 1637      4F4D5F54 
 1637      59504500 
 1638              	.LASF2:
 1639 00cb 7369676E 		.ascii	"signed char\000"
 1639      65642063 
 1639      68617200 
 1640              	.LASF34:
 1641 00d7 6C696E65 		.ascii	"linear_bias\000"
 1641      61725F62 
 1641      69617300 
 1642              	.LASF0:
 1643 00e3 666C6F61 		.ascii	"float\000"
 1643      7400
 1644              	.LASF8:
 1645 00e9 6C6F6E67 		.ascii	"long long int\000"
 1645      206C6F6E 
 1645      6720696E 
 1645      7400
 1646              	.LASF6:
 1647 00f7 6C6F6E67 		.ascii	"long int\000"
 1647      20696E74 
 1647      00
 1648              	.LASF50:
 1649 0100 64697374 		.ascii	"dist_error\000"
 1649      5F657272 
 1649      6F7200
 1650              	.LASF43:
 1651 010b 785F706F 		.ascii	"x_pos\000"
ARM GAS  C:\Users\tslator\AppData\Local\Temp\ccvELluy.s 			page 33


 1651      7300
 1652              	.LASF37:
 1653 0111 6C656674 		.ascii	"left_motor_bwd\000"
 1653      5F6D6F74 
 1653      6F725F62 
 1653      776400
 1654              	.LASF33:
 1655 0120 72696768 		.ascii	"right_gains\000"
 1655      745F6761 
 1655      696E7300 
 1656              	.LASF63:
 1657 012c 4E767374 		.ascii	"Nvstore_WriteFloat\000"
 1657      6F72655F 
 1657      57726974 
 1657      65466C6F 
 1657      617400
 1658              	.LASF3:
 1659 013f 756E7369 		.ascii	"unsigned char\000"
 1659      676E6564 
 1659      20636861 
 1659      7200
 1660              	.LASF58:
 1661 014d 4D6F746F 		.ascii	"Motor_LeftSetMeterPerSec\000"
 1661      725F4C65 
 1661      66745365 
 1661      744D6574 
 1661      65725065 
 1662              	.LASF32:
 1663 0166 6C656674 		.ascii	"left_gains\000"
 1663      5F676169 
 1663      6E7300
 1664              	.LASF41:
 1665 0171 785F7374 		.ascii	"x_start\000"
 1665      61727400 
 1666              	.LASF26:
 1667 0179 5F43414C 		.ascii	"_CAL_DATA_TYPE\000"
 1667      5F444154 
 1667      415F5459 
 1667      504500
 1668              	.LASF46:
 1669 0188 446F4C69 		.ascii	"DoLinearBiasMotion\000"
 1669      6E656172 
 1669      42696173 
 1669      4D6F7469 
 1669      6F6E00
 1670              	.LASF9:
 1671 019b 6C6F6E67 		.ascii	"long long unsigned int\000"
 1671      206C6F6E 
 1671      6720756E 
 1671      7369676E 
 1671      65642069 
 1672              	.LASF1:
 1673 01b2 756E7369 		.ascii	"unsigned int\000"
 1673      676E6564 
 1673      20696E74 
 1673      00
 1674              	.LASF47:
ARM GAS  C:\Users\tslator\AppData\Local\Temp\ccvELluy.s 			page 34


 1675 01bf 43616C69 		.ascii	"CalibrateLinearBias\000"
 1675      62726174 
 1675      654C696E 
 1675      65617242 
 1675      69617300 
 1676              	.LASF30:
 1677 01d3 73746174 		.ascii	"status\000"
 1677      757300
 1678              	.LASF11:
 1679 01da 63686172 		.ascii	"char\000"
 1679      00
 1680              	.LASF45:
 1681 01df 64697374 		.ascii	"distance\000"
 1681      616E6365 
 1681      00
 1682              	.LASF66:
 1683 01e8 474E5520 		.ascii	"GNU C 4.9.3 20150303 (release) [ARM/embedded-4_9-br"
 1683      4320342E 
 1683      392E3320 
 1683      32303135 
 1683      30333033 
 1684 021b 616E6368 		.ascii	"anch revision 221220] -mcpu=cortex-m3 -mthumb -g -O"
 1684      20726576 
 1684      6973696F 
 1684      6E203232 
 1684      31323230 
 1685 024e 67202D66 		.ascii	"g -ffunction-sections -ffat-lto-objects\000"
 1685      66756E63 
 1685      74696F6E 
 1685      2D736563 
 1685      74696F6E 
 1686              	.LASF15:
 1687 0276 696E7433 		.ascii	"int32_t\000"
 1687      325F7400 
 1688              	.LASF5:
 1689 027e 73686F72 		.ascii	"short unsigned int\000"
 1689      7420756E 
 1689      7369676E 
 1689      65642069 
 1689      6E7400
 1690              	.LASF16:
 1691 0291 75696E74 		.ascii	"uint8\000"
 1691      3800
 1692              	.LASF62:
 1693 0297 5365725F 		.ascii	"Ser_PutString\000"
 1693      50757453 
 1693      7472696E 
 1693      6700
 1694              	.LASF65:
 1695 02a5 43616C5F 		.ascii	"Cal_DisplayBias\000"
 1695      44697370 
 1695      6C617942 
 1695      69617300 
 1696              	.LASF39:
 1697 02b5 72696768 		.ascii	"right_motor_bwd\000"
 1697      745F6D6F 
 1697      746F725F 
ARM GAS  C:\Users\tslator\AppData\Local\Temp\ccvELluy.s 			page 35


 1697      62776400 
 1698              	.LASF61:
 1699 02c5 4D6F746F 		.ascii	"Motor_RightSetCntsPerSec\000"
 1699      725F5269 
 1699      67687453 
 1699      6574436E 
 1699      74735065 
 1700              	.LASF7:
 1701 02de 6C6F6E67 		.ascii	"long unsigned int\000"
 1701      20756E73 
 1701      69676E65 
 1701      6420696E 
 1701      7400
 1702              	.LASF18:
 1703 02f0 696E7433 		.ascii	"int32\000"
 1703      3200
 1704              	.LASF12:
 1705 02f6 646F7562 		.ascii	"double\000"
 1705      6C6500
 1706              	.LASF48:
 1707 02fd 6D656173 		.ascii	"meas_dist\000"
 1707      5F646973 
 1707      7400
 1708              	.LASF51:
 1709 0307 49544D5F 		.ascii	"ITM_RxBuffer\000"
 1709      52784275 
 1709      66666572 
 1709      00
 1710              	.LASF56:
 1711 0314 73717274 		.ascii	"sqrt\000"
 1711      00
 1712              	.LASF54:
 1713 0319 5069645F 		.ascii	"Pid_Update\000"
 1713      55706461 
 1713      746500
 1714              	.LASF28:
 1715 0324 43414C5F 		.ascii	"CAL_PID_TYPE\000"
 1715      5049445F 
 1715      54595045 
 1715      00
 1716              	.LASF53:
 1717 0331 456E636F 		.ascii	"Encoder_Update\000"
 1717      6465725F 
 1717      55706461 
 1717      746500
 1718              	.LASF14:
 1719 0340 5F5F696E 		.ascii	"__int32_t\000"
 1719      7433325F 
 1719      7400
 1720              	.LASF59:
 1721 034a 4D6F746F 		.ascii	"Motor_RightSetMeterPerSec\000"
 1721      725F5269 
 1721      67687453 
 1721      65744D65 
 1721      74657250 
 1722              	.LASF23:
 1723 0364 70776D5F 		.ascii	"pwm_data\000"
ARM GAS  C:\Users\tslator\AppData\Local\Temp\ccvELluy.s 			page 36


 1723      64617461 
 1723      00
 1724              	.LASF60:
 1725 036d 4D6F746F 		.ascii	"Motor_LeftSetCntsPerSec\000"
 1725      725F4C65 
 1725      66745365 
 1725      74436E74 
 1725      73506572 
 1726              	.LASF44:
 1727 0385 795F706F 		.ascii	"y_pos\000"
 1727      7300
 1728              	.LASF25:
 1729 038b 43414C5F 		.ascii	"CAL_DATA_TYPE\000"
 1729      44415441 
 1729      5F545950 
 1729      4500
 1730              	.LASF55:
 1731 0399 4F646F6D 		.ascii	"Odom_Update\000"
 1731      5F557064 
 1731      61746500 
 1732              	.LASF35:
 1733 03a5 616E6775 		.ascii	"angular_bias\000"
 1733      6C61725F 
 1733      62696173 
 1733      00
 1734              	.LASF24:
 1735 03b2 72657365 		.ascii	"reserved\000"
 1735      72766564 
 1735      00
 1736              	.LASF36:
 1737 03bb 6C656674 		.ascii	"left_motor_fwd\000"
 1737      5F6D6F74 
 1737      6F725F66 
 1737      776400
 1738              	.LASF68:
 1739 03ca 443A5C70 		.ascii	"D:\\projects\\arlobot_freesoc\\freesoc.cydsn\000"
 1739      726F6A65 
 1739      6374735C 
 1739      61726C6F 
 1739      626F745F 
 1740              	.LASF29:
 1741 03f4 5F656570 		.ascii	"_eeprom_tag\000"
 1741      726F6D5F 
 1741      74616700 
 1742              	.LASF57:
 1743 0400 4F646F6D 		.ascii	"Odom_GetPosition\000"
 1743      5F476574 
 1743      506F7369 
 1743      74696F6E 
 1743      00
 1744              		.ident	"GCC: (GNU Tools for ARM Embedded Processors) 4.9.3 20150303 (release) [ARM/embedded-4_9-br
