ARM GAS  C:\Users\Tim\AppData\Local\Temp\ccVeoPrr.s 			page 1


   1              		.syntax unified
   2              		.cpu cortex-m3
   3              		.fpu softvfp
   4              		.eabi_attribute 20, 1
   5              		.eabi_attribute 21, 1
   6              		.eabi_attribute 23, 3
   7              		.eabi_attribute 24, 1
   8              		.eabi_attribute 25, 1
   9              		.eabi_attribute 26, 1
  10              		.eabi_attribute 30, 1
  11              		.eabi_attribute 34, 1
  12              		.eabi_attribute 18, 4
  13              		.thumb
  14              		.file	"calpid.c"
  15              		.text
  16              	.Ltext0:
  17              		.cfi_sections	.debug_frame
  18              		.global	__aeabi_fadd
  19              		.global	__aeabi_fcmplt
  20              		.global	__aeabi_f2d
  21              		.global	__aeabi_dmul
  22              		.global	__aeabi_d2f
  23              		.global	__aeabi_dadd
  24              		.global	__aeabi_dsub
  25              		.global	__aeabi_dcmpgt
  26              		.section	.text.Twiddle,"ax",%progbits
  27              		.align	2
  28              		.thumb
  29              		.thumb_func
  30              		.type	Twiddle, %function
  31              	Twiddle:
  32              	.LFB63:
  33              		.file 1 "..\\source\\calpid.c"
   1:..\source/calpid.c **** #include "calpid.h"
   2:..\source/calpid.c **** #include "cal.h"
   3:..\source/calpid.c **** #include "serial.h"
   4:..\source/calpid.c **** #include "nvstore.h"
   5:..\source/calpid.c **** #include "pid.h"
   6:..\source/calpid.c **** 
   7:..\source/calpid.c **** extern volatile CAL_EEPROM_TYPE *p_cal_eeprom;
   8:..\source/calpid.c **** 
   9:..\source/calpid.c **** typedef float (*RUN_TYPE)(float *gains, float velocity, uint32 run_time);
  10:..\source/calpid.c **** 
  11:..\source/calpid.c **** #define SUM(g)      (g[0] + g[1] + g[2])
  12:..\source/calpid.c **** #define TOLERANCE   (0.2)
  13:..\source/calpid.c **** #define STEP_INPUT  (0.7)   // counts/sec
  14:..\source/calpid.c **** #define TIME_IN_MS  (5000)  // millisecond
  15:..\source/calpid.c **** 
  16:..\source/calpid.c **** static void Twiddle(RUN_TYPE run, float *gains, float velocity, uint32 run_time)
  17:..\source/calpid.c **** {
  34              		.loc 1 17 0
  35              		.cfi_startproc
  36              		@ args = 0, pretend = 0, frame = 32
  37              		@ frame_needed = 0, uses_anonymous_args = 0
  38              	.LVL0:
  39 0000 2DE9F04F 		push	{r4, r5, r6, r7, r8, r9, r10, fp, lr}
  40              		.cfi_def_cfa_offset 36
ARM GAS  C:\Users\Tim\AppData\Local\Temp\ccVeoPrr.s 			page 2


  41              		.cfi_offset 4, -36
  42              		.cfi_offset 5, -32
  43              		.cfi_offset 6, -28
  44              		.cfi_offset 7, -24
  45              		.cfi_offset 8, -20
  46              		.cfi_offset 9, -16
  47              		.cfi_offset 10, -12
  48              		.cfi_offset 11, -8
  49              		.cfi_offset 14, -4
  50 0004 89B0     		sub	sp, sp, #36
  51              		.cfi_def_cfa_offset 72
  52 0006 8246     		mov	r10, r0
  53 0008 0D46     		mov	r5, r1
  54 000a 1646     		mov	r6, r2
  55 000c 0092     		str	r2, [sp]	@ float
  56 000e 1C46     		mov	r4, r3
  57 0010 0193     		str	r3, [sp, #4]
  18:..\source/calpid.c ****     #define NUM_GAINS (3)
  19:..\source/calpid.c ****     float d_gains[NUM_GAINS] = {1.0, 1.0, 1.0};
  58              		.loc 1 19 0
  59 0012 514B     		ldr	r3, .L16+24
  60              	.LVL1:
  61 0014 93E80700 		ldmia	r3, {r0, r1, r2}
  62              	.LVL2:
  63 0018 08AB     		add	r3, sp, #32
  64 001a 03E90700 		stmdb	r3, {r0, r1, r2}
  20:..\source/calpid.c ****     float best_error;
  21:..\source/calpid.c ****     uint8 ii;
  22:..\source/calpid.c ****     float err;
  23:..\source/calpid.c ****     
  24:..\source/calpid.c ****     gains[0] = gains[1] = gains[2] = 0.0;
  65              		.loc 1 24 0
  66 001e 0023     		movs	r3, #0
  67 0020 AB60     		str	r3, [r5, #8]	@ float
  68 0022 6B60     		str	r3, [r5, #4]	@ float
  69 0024 2B60     		str	r3, [r5]	@ float
  25:..\source/calpid.c ****     
  26:..\source/calpid.c ****     best_error = run(gains, velocity, run_time);
  70              		.loc 1 26 0
  71 0026 2846     		mov	r0, r5
  72 0028 3146     		mov	r1, r6
  73 002a 2246     		mov	r2, r4
  74 002c D047     		blx	r10
  75              	.LVL3:
  76 002e 8046     		mov	r8, r0
  77              	.LVL4:
  27:..\source/calpid.c ****     
  28:..\source/calpid.c ****     while (SUM(d_gains) > TOLERANCE)
  78              		.loc 1 28 0
  79 0030 72E0     		b	.L2
  80              	.LVL5:
  81              	.L8:
  29:..\source/calpid.c ****     {
  30:..\source/calpid.c ****         for (ii = 0; ii < NUM_GAINS; ++ii)
  31:..\source/calpid.c ****         {
  32:..\source/calpid.c ****             gains[ii] += d_gains[ii];
  82              		.loc 1 32 0
ARM GAS  C:\Users\Tim\AppData\Local\Temp\ccVeoPrr.s 			page 3


  83 0032 A700     		lsls	r7, r4, #2
  84 0034 08AB     		add	r3, sp, #32
  85 0036 3B44     		add	r3, r3, r7
  86 0038 53F80C6C 		ldr	r6, [r3, #-12]	@ float
  87 003c 55F82400 		ldr	r0, [r5, r4, lsl #2]	@ float
  88 0040 3146     		mov	r1, r6
  89 0042 FFF7FEFF 		bl	__aeabi_fadd
  90              	.LVL6:
  91 0046 45F82400 		str	r0, [r5, r4, lsl #2]	@ float
  33:..\source/calpid.c ****             err = run(gains, velocity, run_time);
  92              		.loc 1 33 0
  93 004a 2846     		mov	r0, r5
  94 004c 0099     		ldr	r1, [sp]	@ float
  95 004e 019A     		ldr	r2, [sp, #4]
  96 0050 D047     		blx	r10
  97              	.LVL7:
  98 0052 8346     		mov	fp, r0
  99              	.LVL8:
  34:..\source/calpid.c ****             
  35:..\source/calpid.c ****             if (err < best_error)
 100              		.loc 1 35 0
 101 0054 4146     		mov	r1, r8
 102 0056 FFF7FEFF 		bl	__aeabi_fcmplt
 103              	.LVL9:
 104 005a 80B1     		cbz	r0, .L13
 105              	.LVL10:
  36:..\source/calpid.c ****             {
  37:..\source/calpid.c ****                 best_error = err;
  38:..\source/calpid.c ****                 d_gains[ii] *= 1.1;
 106              		.loc 1 38 0
 107 005c 3046     		mov	r0, r6
 108 005e FFF7FEFF 		bl	__aeabi_f2d
 109              	.LVL11:
 110 0062 37A3     		adr	r3, .L16
 111 0064 D3E90023 		ldrd	r2, [r3]
 112 0068 FFF7FEFF 		bl	__aeabi_dmul
 113              	.LVL12:
 114 006c FFF7FEFF 		bl	__aeabi_d2f
 115              	.LVL13:
 116 0070 08AB     		add	r3, sp, #32
 117 0072 03EB8403 		add	r3, r3, r4, lsl #2
 118 0076 43F80C0C 		str	r0, [r3, #-12]	@ float
  37:..\source/calpid.c ****                 d_gains[ii] *= 1.1;
 119              		.loc 1 37 0
 120 007a D846     		mov	r8, fp
 121 007c 46E0     		b	.L5
 122              	.LVL14:
 123              	.L13:
  39:..\source/calpid.c ****             }
  40:..\source/calpid.c ****             else
  41:..\source/calpid.c ****             {
  42:..\source/calpid.c ****                 gains[ii] -= 2.0 * d_gains[ii];
 124              		.loc 1 42 0
 125 007e 08AB     		add	r3, sp, #32
 126 0080 03EB8403 		add	r3, r3, r4, lsl #2
 127 0084 53F80C0C 		ldr	r0, [r3, #-12]	@ float
 128 0088 FFF7FEFF 		bl	__aeabi_f2d
ARM GAS  C:\Users\Tim\AppData\Local\Temp\ccVeoPrr.s 			page 4


 129              	.LVL15:
 130 008c 0246     		mov	r2, r0
 131 008e 0B46     		mov	r3, r1
 132 0090 FFF7FEFF 		bl	__aeabi_dadd
 133              	.LVL16:
 134 0094 CDE90201 		strd	r0, [sp, #8]
 135 0098 55F82400 		ldr	r0, [r5, r4, lsl #2]	@ float
 136 009c FFF7FEFF 		bl	__aeabi_f2d
 137              	.LVL17:
 138 00a0 DDE90223 		ldrd	r2, [sp, #8]
 139 00a4 FFF7FEFF 		bl	__aeabi_dsub
 140              	.LVL18:
 141 00a8 FFF7FEFF 		bl	__aeabi_d2f
 142              	.LVL19:
 143 00ac 45F82400 		str	r0, [r5, r4, lsl #2]	@ float
  43:..\source/calpid.c ****                 err = run(gains, velocity, run_time);
 144              		.loc 1 43 0
 145 00b0 2846     		mov	r0, r5
 146 00b2 0099     		ldr	r1, [sp]	@ float
 147 00b4 019A     		ldr	r2, [sp, #4]
 148 00b6 D047     		blx	r10
 149              	.LVL20:
 150 00b8 8346     		mov	fp, r0
 151              	.LVL21:
  44:..\source/calpid.c ****                 
  45:..\source/calpid.c ****                 if (err < best_error)
 152              		.loc 1 45 0
 153 00ba 4146     		mov	r1, r8
 154 00bc FFF7FEFF 		bl	__aeabi_fcmplt
 155              	.LVL22:
 156 00c0 80B1     		cbz	r0, .L14
 157              	.LVL23:
  46:..\source/calpid.c ****                 {
  47:..\source/calpid.c ****                     best_error = err;
  48:..\source/calpid.c ****                     d_gains[ii] *= 1.1;
 158              		.loc 1 48 0
 159 00c2 08AB     		add	r3, sp, #32
 160 00c4 03EB8409 		add	r9, r3, r4, lsl #2
 161 00c8 3046     		mov	r0, r6
 162 00ca FFF7FEFF 		bl	__aeabi_f2d
 163              	.LVL24:
 164 00ce 1CA3     		adr	r3, .L16
 165 00d0 D3E90023 		ldrd	r2, [r3]
 166 00d4 FFF7FEFF 		bl	__aeabi_dmul
 167              	.LVL25:
 168 00d8 FFF7FEFF 		bl	__aeabi_d2f
 169              	.LVL26:
 170 00dc 49F80C0C 		str	r0, [r9, #-12]	@ float
  47:..\source/calpid.c ****                     d_gains[ii] *= 1.1;
 171              		.loc 1 47 0
 172 00e0 D846     		mov	r8, fp
 173 00e2 13E0     		b	.L5
 174              	.LVL27:
 175              	.L14:
  49:..\source/calpid.c ****                 }
  50:..\source/calpid.c ****                 else
  51:..\source/calpid.c ****                 {
ARM GAS  C:\Users\Tim\AppData\Local\Temp\ccVeoPrr.s 			page 5


  52:..\source/calpid.c ****                     gains[ii] += d_gains[ii];
 176              		.loc 1 52 0
 177 00e4 E859     		ldr	r0, [r5, r7]	@ float
 178 00e6 3146     		mov	r1, r6
 179 00e8 FFF7FEFF 		bl	__aeabi_fadd
 180              	.LVL28:
 181 00ec E851     		str	r0, [r5, r7]	@ float
  53:..\source/calpid.c ****                     d_gains[ii] *= 0.9;
 182              		.loc 1 53 0
 183 00ee 08AB     		add	r3, sp, #32
 184 00f0 03EB8409 		add	r9, r3, r4, lsl #2
 185 00f4 3046     		mov	r0, r6
 186 00f6 FFF7FEFF 		bl	__aeabi_f2d
 187              	.LVL29:
 188 00fa 13A3     		adr	r3, .L16+8
 189 00fc D3E90023 		ldrd	r2, [r3]
 190 0100 FFF7FEFF 		bl	__aeabi_dmul
 191              	.LVL30:
 192 0104 FFF7FEFF 		bl	__aeabi_d2f
 193              	.LVL31:
 194 0108 49F80C0C 		str	r0, [r9, #-12]	@ float
 195              	.L5:
  30:..\source/calpid.c ****         {
 196              		.loc 1 30 0 discriminator 2
 197 010c 0134     		adds	r4, r4, #1
 198              	.LVL32:
 199 010e E4B2     		uxtb	r4, r4
 200              	.LVL33:
 201 0110 00E0     		b	.L9
 202              	.LVL34:
 203              	.L10:
 204 0112 0024     		movs	r4, #0
 205              	.L9:
 206              	.LVL35:
  30:..\source/calpid.c ****         {
 207              		.loc 1 30 0 is_stmt 0 discriminator 1
 208 0114 022C     		cmp	r4, #2
 209 0116 8CD9     		bls	.L8
 210              	.LVL36:
 211              	.L2:
  28:..\source/calpid.c ****     {
 212              		.loc 1 28 0 is_stmt 1
 213 0118 0598     		ldr	r0, [sp, #20]	@ float
 214 011a 0699     		ldr	r1, [sp, #24]	@ float
 215 011c FFF7FEFF 		bl	__aeabi_fadd
 216              	.LVL37:
 217 0120 0799     		ldr	r1, [sp, #28]	@ float
 218 0122 FFF7FEFF 		bl	__aeabi_fadd
 219              	.LVL38:
 220 0126 FFF7FEFF 		bl	__aeabi_f2d
 221              	.LVL39:
 222 012a 09A3     		adr	r3, .L16+16
 223 012c D3E90023 		ldrd	r2, [r3]
 224 0130 FFF7FEFF 		bl	__aeabi_dcmpgt
 225              	.LVL40:
 226 0134 0028     		cmp	r0, #0
 227 0136 ECD1     		bne	.L10
ARM GAS  C:\Users\Tim\AppData\Local\Temp\ccVeoPrr.s 			page 6


  54:..\source/calpid.c ****                 }
  55:..\source/calpid.c ****             }
  56:..\source/calpid.c ****         }        
  57:..\source/calpid.c ****     }    
  58:..\source/calpid.c **** }
 228              		.loc 1 58 0
 229 0138 09B0     		add	sp, sp, #36
 230              		.cfi_def_cfa_offset 36
 231              	.LVL41:
 232              		@ sp needed
 233 013a BDE8F08F 		pop	{r4, r5, r6, r7, r8, r9, r10, fp, pc}
 234              	.LVL42:
 235              	.L17:
 236 013e 00BF     		.align	3
 237              	.L16:
 238 0140 9A999999 		.word	-1717986918
 239 0144 9999F13F 		.word	1072798105
 240 0148 CDCCCCCC 		.word	-858993459
 241 014c CCCCEC3F 		.word	1072483532
 242 0150 9A999999 		.word	-1717986918
 243 0154 9999C93F 		.word	1070176665
 244 0158 00000000 		.word	.LANCHOR0
 245              		.cfi_endproc
 246              	.LFE63:
 247              		.size	Twiddle, .-Twiddle
 248 015c AFF30080 		.section	.text.StoreLeftGains,"ax",%progbits
 249              		.align	2
 250              		.thumb
 251              		.thumb_func
 252              		.type	StoreLeftGains, %function
 253              	StoreLeftGains:
 254              	.LFB64:
  59:..\source/calpid.c **** 
  60:..\source/calpid.c **** static void StoreLeftGains(float *gains)
  61:..\source/calpid.c **** {
 255              		.loc 1 61 0
 256              		.cfi_startproc
 257              		@ args = 0, pretend = 0, frame = 0
 258              		@ frame_needed = 0, uses_anonymous_args = 0
 259              	.LVL43:
 260 0000 38B5     		push	{r3, r4, r5, lr}
 261              		.cfi_def_cfa_offset 16
 262              		.cfi_offset 3, -16
 263              		.cfi_offset 4, -12
 264              		.cfi_offset 5, -8
 265              		.cfi_offset 14, -4
 266 0002 0446     		mov	r4, r0
  62:..\source/calpid.c ****     Nvstore_WriteFloat(gains[0], (uint16) NVSTORE_CAL_EEPROM_ADDR_TO_OFFSET(&p_cal_eeprom->left_gai
 267              		.loc 1 62 0
 268 0004 0C4D     		ldr	r5, .L20
 269 0006 2968     		ldr	r1, [r5]
 270 0008 A1F5FF41 		sub	r1, r1, #32640
 271 000c 7039     		subs	r1, r1, #112
 272 000e 0068     		ldr	r0, [r0]	@ float
 273              	.LVL44:
 274 0010 89B2     		uxth	r1, r1
 275 0012 FFF7FEFF 		bl	Nvstore_WriteFloat
ARM GAS  C:\Users\Tim\AppData\Local\Temp\ccVeoPrr.s 			page 7


 276              	.LVL45:
  63:..\source/calpid.c ****     Nvstore_WriteFloat(gains[1], (uint16) NVSTORE_CAL_EEPROM_ADDR_TO_OFFSET(&p_cal_eeprom->left_gai
 277              		.loc 1 63 0
 278 0016 2968     		ldr	r1, [r5]
 279 0018 A1F5FF41 		sub	r1, r1, #32640
 280 001c 6C39     		subs	r1, r1, #108
 281 001e 6068     		ldr	r0, [r4, #4]	@ float
 282 0020 89B2     		uxth	r1, r1
 283 0022 FFF7FEFF 		bl	Nvstore_WriteFloat
 284              	.LVL46:
  64:..\source/calpid.c ****     Nvstore_WriteFloat(gains[2], (uint16) NVSTORE_CAL_EEPROM_ADDR_TO_OFFSET(&p_cal_eeprom->left_gai
 285              		.loc 1 64 0
 286 0026 2968     		ldr	r1, [r5]
 287 0028 A1F5FF41 		sub	r1, r1, #32640
 288 002c 6839     		subs	r1, r1, #104
 289 002e A068     		ldr	r0, [r4, #8]	@ float
 290 0030 89B2     		uxth	r1, r1
 291 0032 FFF7FEFF 		bl	Nvstore_WriteFloat
 292              	.LVL47:
 293 0036 38BD     		pop	{r3, r4, r5, pc}
 294              	.LVL48:
 295              	.L21:
 296              		.align	2
 297              	.L20:
 298 0038 00000000 		.word	p_cal_eeprom
 299              		.cfi_endproc
 300              	.LFE64:
 301              		.size	StoreLeftGains, .-StoreLeftGains
 302              		.section	.text.DoLeftTwiddle,"ax",%progbits
 303              		.align	2
 304              		.thumb
 305              		.thumb_func
 306              		.type	DoLeftTwiddle, %function
 307              	DoLeftTwiddle:
 308              	.LFB66:
  65:..\source/calpid.c **** }
  66:..\source/calpid.c **** 
  67:..\source/calpid.c **** static void StoreRightGains(float *gains)
  68:..\source/calpid.c **** {
  69:..\source/calpid.c ****     Nvstore_WriteFloat(gains[0], (uint16) NVSTORE_CAL_EEPROM_ADDR_TO_OFFSET(&p_cal_eeprom->right_ga
  70:..\source/calpid.c ****     Nvstore_WriteFloat(gains[1], (uint16) NVSTORE_CAL_EEPROM_ADDR_TO_OFFSET(&p_cal_eeprom->right_ga
  71:..\source/calpid.c ****     Nvstore_WriteFloat(gains[2], (uint16) NVSTORE_CAL_EEPROM_ADDR_TO_OFFSET(&p_cal_eeprom->right_ga
  72:..\source/calpid.c **** }
  73:..\source/calpid.c **** 
  74:..\source/calpid.c **** static void DoLeftTwiddle()
  75:..\source/calpid.c **** {
 309              		.loc 1 75 0
 310              		.cfi_startproc
 311              		@ args = 0, pretend = 0, frame = 16
 312              		@ frame_needed = 0, uses_anonymous_args = 0
 313 0000 00B5     		push	{lr}
 314              		.cfi_def_cfa_offset 4
 315              		.cfi_offset 14, -4
 316 0002 85B0     		sub	sp, sp, #20
 317              		.cfi_def_cfa_offset 24
  76:..\source/calpid.c ****     float gains[3];
  77:..\source/calpid.c ****     Twiddle(Pid_LeftStepInput, gains, STEP_INPUT, TIME_IN_MS);
ARM GAS  C:\Users\Tim\AppData\Local\Temp\ccVeoPrr.s 			page 8


 318              		.loc 1 77 0
 319 0004 0648     		ldr	r0, .L24
 320 0006 01A9     		add	r1, sp, #4
 321 0008 064A     		ldr	r2, .L24+4
 322 000a 41F28833 		movw	r3, #5000
 323 000e FFF7FEFF 		bl	Twiddle
 324              	.LVL49:
  78:..\source/calpid.c ****     StoreLeftGains(gains);
 325              		.loc 1 78 0
 326 0012 01A8     		add	r0, sp, #4
 327 0014 FFF7FEFF 		bl	StoreLeftGains
 328              	.LVL50:
  79:..\source/calpid.c **** }
 329              		.loc 1 79 0
 330 0018 05B0     		add	sp, sp, #20
 331              		.cfi_def_cfa_offset 4
 332              		@ sp needed
 333 001a 5DF804FB 		ldr	pc, [sp], #4
 334              	.L25:
 335 001e 00BF     		.align	2
 336              	.L24:
 337 0020 00000000 		.word	Pid_LeftStepInput
 338 0024 3333333F 		.word	1060320051
 339              		.cfi_endproc
 340              	.LFE66:
 341              		.size	DoLeftTwiddle, .-DoLeftTwiddle
 342              		.section	.text.StoreRightGains,"ax",%progbits
 343              		.align	2
 344              		.thumb
 345              		.thumb_func
 346              		.type	StoreRightGains, %function
 347              	StoreRightGains:
 348              	.LFB65:
  68:..\source/calpid.c ****     Nvstore_WriteFloat(gains[0], (uint16) NVSTORE_CAL_EEPROM_ADDR_TO_OFFSET(&p_cal_eeprom->right_ga
 349              		.loc 1 68 0
 350              		.cfi_startproc
 351              		@ args = 0, pretend = 0, frame = 0
 352              		@ frame_needed = 0, uses_anonymous_args = 0
 353              	.LVL51:
 354 0000 38B5     		push	{r3, r4, r5, lr}
 355              		.cfi_def_cfa_offset 16
 356              		.cfi_offset 3, -16
 357              		.cfi_offset 4, -12
 358              		.cfi_offset 5, -8
 359              		.cfi_offset 14, -4
 360 0002 0446     		mov	r4, r0
  69:..\source/calpid.c ****     Nvstore_WriteFloat(gains[1], (uint16) NVSTORE_CAL_EEPROM_ADDR_TO_OFFSET(&p_cal_eeprom->right_ga
 361              		.loc 1 69 0
 362 0004 0C4D     		ldr	r5, .L28
 363 0006 2968     		ldr	r1, [r5]
 364 0008 A1F5FF41 		sub	r1, r1, #32640
 365 000c 6439     		subs	r1, r1, #100
 366 000e 0068     		ldr	r0, [r0]	@ float
 367              	.LVL52:
 368 0010 89B2     		uxth	r1, r1
 369 0012 FFF7FEFF 		bl	Nvstore_WriteFloat
 370              	.LVL53:
ARM GAS  C:\Users\Tim\AppData\Local\Temp\ccVeoPrr.s 			page 9


  70:..\source/calpid.c ****     Nvstore_WriteFloat(gains[2], (uint16) NVSTORE_CAL_EEPROM_ADDR_TO_OFFSET(&p_cal_eeprom->right_ga
 371              		.loc 1 70 0
 372 0016 2968     		ldr	r1, [r5]
 373 0018 A1F5FF41 		sub	r1, r1, #32640
 374 001c 6039     		subs	r1, r1, #96
 375 001e 6068     		ldr	r0, [r4, #4]	@ float
 376 0020 89B2     		uxth	r1, r1
 377 0022 FFF7FEFF 		bl	Nvstore_WriteFloat
 378              	.LVL54:
  71:..\source/calpid.c **** }
 379              		.loc 1 71 0
 380 0026 2968     		ldr	r1, [r5]
 381 0028 A1F5FF41 		sub	r1, r1, #32640
 382 002c 5C39     		subs	r1, r1, #92
 383 002e A068     		ldr	r0, [r4, #8]	@ float
 384 0030 89B2     		uxth	r1, r1
 385 0032 FFF7FEFF 		bl	Nvstore_WriteFloat
 386              	.LVL55:
 387 0036 38BD     		pop	{r3, r4, r5, pc}
 388              	.LVL56:
 389              	.L29:
 390              		.align	2
 391              	.L28:
 392 0038 00000000 		.word	p_cal_eeprom
 393              		.cfi_endproc
 394              	.LFE65:
 395              		.size	StoreRightGains, .-StoreRightGains
 396              		.section	.text.DoRightTwiddle,"ax",%progbits
 397              		.align	2
 398              		.thumb
 399              		.thumb_func
 400              		.type	DoRightTwiddle, %function
 401              	DoRightTwiddle:
 402              	.LFB67:
  80:..\source/calpid.c **** 
  81:..\source/calpid.c **** static void DoRightTwiddle()
  82:..\source/calpid.c **** {
 403              		.loc 1 82 0
 404              		.cfi_startproc
 405              		@ args = 0, pretend = 0, frame = 16
 406              		@ frame_needed = 0, uses_anonymous_args = 0
 407 0000 00B5     		push	{lr}
 408              		.cfi_def_cfa_offset 4
 409              		.cfi_offset 14, -4
 410 0002 85B0     		sub	sp, sp, #20
 411              		.cfi_def_cfa_offset 24
  83:..\source/calpid.c ****     float gains[3];
  84:..\source/calpid.c ****     Twiddle(Pid_RightStepInput, gains, STEP_INPUT, TIME_IN_MS);
 412              		.loc 1 84 0
 413 0004 0648     		ldr	r0, .L32
 414 0006 01A9     		add	r1, sp, #4
 415 0008 064A     		ldr	r2, .L32+4
 416 000a 41F28833 		movw	r3, #5000
 417 000e FFF7FEFF 		bl	Twiddle
 418              	.LVL57:
  85:..\source/calpid.c ****     StoreRightGains(gains);
 419              		.loc 1 85 0
ARM GAS  C:\Users\Tim\AppData\Local\Temp\ccVeoPrr.s 			page 10


 420 0012 01A8     		add	r0, sp, #4
 421 0014 FFF7FEFF 		bl	StoreRightGains
 422              	.LVL58:
  86:..\source/calpid.c **** }
 423              		.loc 1 86 0
 424 0018 05B0     		add	sp, sp, #20
 425              		.cfi_def_cfa_offset 4
 426              		@ sp needed
 427 001a 5DF804FB 		ldr	pc, [sp], #4
 428              	.L33:
 429 001e 00BF     		.align	2
 430              	.L32:
 431 0020 00000000 		.word	Pid_RightStepInput
 432 0024 3333333F 		.word	1060320051
 433              		.cfi_endproc
 434              	.LFE67:
 435              		.size	DoRightTwiddle, .-DoRightTwiddle
 436              		.section	.text.PerformPidCalibration,"ax",%progbits
 437              		.align	2
 438              		.global	PerformPidCalibration
 439              		.thumb
 440              		.thumb_func
 441              		.type	PerformPidCalibration, %function
 442              	PerformPidCalibration:
 443              	.LFB68:
  87:..\source/calpid.c **** 
  88:..\source/calpid.c **** void PerformPidCalibration(uint8 verbose)
  89:..\source/calpid.c **** /* 
  90:..\source/calpid.c ****     Clear PID calibration bit
  91:..\source/calpid.c ****     Do twiddle on left PID
  92:..\source/calpid.c ****     Do twiddle on right PID
  93:..\source/calpid.c ****     Write gains to EEPROM
  94:..\source/calpid.c ****     Set PID calibration bit
  95:..\source/calpid.c ****     Update PID calibration bit in EEPROM
  96:..\source/calpid.c ****  */
  97:..\source/calpid.c **** {
 444              		.loc 1 97 0
 445              		.cfi_startproc
 446              		@ args = 0, pretend = 0, frame = 0
 447              		@ frame_needed = 0, uses_anonymous_args = 0
 448              	.LVL59:
 449 0000 10B5     		push	{r4, lr}
 450              		.cfi_def_cfa_offset 8
 451              		.cfi_offset 4, -8
 452              		.cfi_offset 14, -4
  98:..\source/calpid.c ****     if (verbose)
 453              		.loc 1 98 0
 454 0002 0446     		mov	r4, r0
 455 0004 10B1     		cbz	r0, .L35
  99:..\source/calpid.c ****     {
 100:..\source/calpid.c ****         Ser_PutString("Starting PID calibration ...\r\n");
 456              		.loc 1 100 0
 457 0006 0648     		ldr	r0, .L38
 458              	.LVL60:
 459 0008 FFF7FEFF 		bl	Ser_PutString
 460              	.LVL61:
 461              	.L35:
ARM GAS  C:\Users\Tim\AppData\Local\Temp\ccVeoPrr.s 			page 11


 101:..\source/calpid.c ****     }
 102:..\source/calpid.c **** 
 103:..\source/calpid.c ****     DoLeftTwiddle();
 462              		.loc 1 103 0
 463 000c FFF7FEFF 		bl	DoLeftTwiddle
 464              	.LVL62:
 104:..\source/calpid.c ****     DoRightTwiddle();   
 465              		.loc 1 104 0
 466 0010 FFF7FEFF 		bl	DoRightTwiddle
 467              	.LVL63:
 105:..\source/calpid.c ****     
 106:..\source/calpid.c ****     if (verbose)
 468              		.loc 1 106 0
 469 0014 14B1     		cbz	r4, .L34
 107:..\source/calpid.c ****     {
 108:..\source/calpid.c ****         Ser_PutString("PID Calibration complete.\r\n");
 470              		.loc 1 108 0
 471 0016 0348     		ldr	r0, .L38+4
 472 0018 FFF7FEFF 		bl	Ser_PutString
 473              	.LVL64:
 474              	.L34:
 475 001c 10BD     		pop	{r4, pc}
 476              	.L39:
 477 001e 00BF     		.align	2
 478              	.L38:
 479 0020 00000000 		.word	.LC1
 480 0024 20000000 		.word	.LC2
 481              		.cfi_endproc
 482              	.LFE68:
 483              		.size	PerformPidCalibration, .-PerformPidCalibration
 484              		.comm	p_cal_eeprom,4,4
 485              		.section	.rodata
 486              		.align	2
 487              		.set	.LANCHOR0,. + 0
 488              	.LC0:
 489 0000 0000803F 		.word	1065353216
 490 0004 0000803F 		.word	1065353216
 491 0008 0000803F 		.word	1065353216
 492              		.section	.rodata.str1.4,"aMS",%progbits,1
 493              		.align	2
 494              	.LC1:
 495 0000 53746172 		.ascii	"Starting PID calibration ...\015\012\000"
 495      74696E67 
 495      20504944 
 495      2063616C 
 495      69627261 
 496 001f 00       		.space	1
 497              	.LC2:
 498 0020 50494420 		.ascii	"PID Calibration complete.\015\012\000"
 498      43616C69 
 498      62726174 
 498      696F6E20 
 498      636F6D70 
 499              		.text
 500              	.Letext0:
 501              		.file 2 "c:\\program files (x86)\\cypress\\psoc creator\\3.3\\psoc creator\\import\\gnu\\arm\\4.9.
 502              		.file 3 "c:\\program files (x86)\\cypress\\psoc creator\\3.3\\psoc creator\\import\\gnu\\arm\\4.9.
ARM GAS  C:\Users\Tim\AppData\Local\Temp\ccVeoPrr.s 			page 12


 503              		.file 4 "Generated_Source\\PSoC5/cytypes.h"
 504              		.file 5 "..\\source\\cal.h"
 505              		.file 6 "Generated_Source\\PSoC5/core_cm3.h"
 506              		.file 7 "..\\source\\nvstore.h"
 507              		.file 8 "..\\source\\serial.h"
 508              		.section	.debug_info,"",%progbits
 509              	.Ldebug_info0:
 510 0000 34050000 		.4byte	0x534
 511 0004 0400     		.2byte	0x4
 512 0006 00000000 		.4byte	.Ldebug_abbrev0
 513 000a 04       		.byte	0x4
 514 000b 01       		.uleb128 0x1
 515 000c F4010000 		.4byte	.LASF55
 516 0010 01       		.byte	0x1
 517 0011 2D010000 		.4byte	.LASF56
 518 0015 DB000000 		.4byte	.LASF57
 519 0019 00000000 		.4byte	.Ldebug_ranges0+0
 520 001d 00000000 		.4byte	0
 521 0021 00000000 		.4byte	.Ldebug_line0
 522 0025 02       		.uleb128 0x2
 523 0026 04       		.byte	0x4
 524 0027 04       		.byte	0x4
 525 0028 D5000000 		.4byte	.LASF0
 526 002c 02       		.uleb128 0x2
 527 002d 01       		.byte	0x1
 528 002e 06       		.byte	0x6
 529 002f BD000000 		.4byte	.LASF1
 530 0033 02       		.uleb128 0x2
 531 0034 01       		.byte	0x1
 532 0035 08       		.byte	0x8
 533 0036 7B010000 		.4byte	.LASF2
 534 003a 02       		.uleb128 0x2
 535 003b 02       		.byte	0x2
 536 003c 05       		.byte	0x5
 537 003d 25000000 		.4byte	.LASF3
 538 0041 02       		.uleb128 0x2
 539 0042 02       		.byte	0x2
 540 0043 07       		.byte	0x7
 541 0044 D5010000 		.4byte	.LASF4
 542 0048 03       		.uleb128 0x3
 543 0049 F3020000 		.4byte	.LASF10
 544 004d 02       		.byte	0x2
 545 004e 3F       		.byte	0x3f
 546 004f 53000000 		.4byte	0x53
 547 0053 02       		.uleb128 0x2
 548 0054 04       		.byte	0x4
 549 0055 05       		.byte	0x5
 550 0056 24010000 		.4byte	.LASF5
 551 005a 02       		.uleb128 0x2
 552 005b 04       		.byte	0x4
 553 005c 07       		.byte	0x7
 554 005d B5020000 		.4byte	.LASF6
 555 0061 02       		.uleb128 0x2
 556 0062 08       		.byte	0x8
 557 0063 05       		.byte	0x5
 558 0064 0D010000 		.4byte	.LASF7
 559 0068 02       		.uleb128 0x2
ARM GAS  C:\Users\Tim\AppData\Local\Temp\ccVeoPrr.s 			page 13


 560 0069 08       		.byte	0x8
 561 006a 07       		.byte	0x7
 562 006b B1010000 		.4byte	.LASF8
 563 006f 04       		.uleb128 0x4
 564 0070 04       		.byte	0x4
 565 0071 05       		.byte	0x5
 566 0072 696E7400 		.ascii	"int\000"
 567 0076 02       		.uleb128 0x2
 568 0077 04       		.byte	0x4
 569 0078 07       		.byte	0x7
 570 0079 C8010000 		.4byte	.LASF9
 571 007d 03       		.uleb128 0x3
 572 007e 82020000 		.4byte	.LASF11
 573 0082 03       		.byte	0x3
 574 0083 2C       		.byte	0x2c
 575 0084 48000000 		.4byte	0x48
 576 0088 05       		.uleb128 0x5
 577 0089 8A020000 		.4byte	.LASF12
 578 008d 04       		.byte	0x4
 579 008e 3801     		.2byte	0x138
 580 0090 33000000 		.4byte	0x33
 581 0094 05       		.uleb128 0x5
 582 0095 75000000 		.4byte	.LASF13
 583 0099 04       		.byte	0x4
 584 009a 3901     		.2byte	0x139
 585 009c 41000000 		.4byte	0x41
 586 00a0 05       		.uleb128 0x5
 587 00a1 AE020000 		.4byte	.LASF14
 588 00a5 04       		.byte	0x4
 589 00a6 3A01     		.2byte	0x13a
 590 00a8 5A000000 		.4byte	0x5a
 591 00ac 05       		.uleb128 0x5
 592 00ad C7020000 		.4byte	.LASF15
 593 00b1 04       		.byte	0x4
 594 00b2 3D01     		.2byte	0x13d
 595 00b4 53000000 		.4byte	0x53
 596 00b8 02       		.uleb128 0x2
 597 00b9 08       		.byte	0x8
 598 00ba 04       		.byte	0x4
 599 00bb CD020000 		.4byte	.LASF16
 600 00bf 02       		.uleb128 0x2
 601 00c0 01       		.byte	0x1
 602 00c1 08       		.byte	0x8
 603 00c2 EF010000 		.4byte	.LASF17
 604 00c6 02       		.uleb128 0x2
 605 00c7 04       		.byte	0x4
 606 00c8 07       		.byte	0x7
 607 00c9 3E000000 		.4byte	.LASF18
 608 00cd 06       		.uleb128 0x6
 609 00ce 04       		.byte	0x4
 610 00cf BF000000 		.4byte	0xbf
 611 00d3 07       		.uleb128 0x7
 612 00d4 A2010000 		.4byte	.LASF26
 613 00d8 4001     		.2byte	0x140
 614 00da 05       		.byte	0x5
 615 00db 38       		.byte	0x38
 616 00dc 2A010000 		.4byte	0x12a
ARM GAS  C:\Users\Tim\AppData\Local\Temp\ccVeoPrr.s 			page 14


 617 00e0 08       		.uleb128 0x8
 618 00e1 A5000000 		.4byte	.LASF19
 619 00e5 05       		.byte	0x5
 620 00e6 3A       		.byte	0x3a
 621 00e7 AC000000 		.4byte	0xac
 622 00eb 00       		.byte	0
 623 00ec 08       		.uleb128 0x8
 624 00ed 4F000000 		.4byte	.LASF20
 625 00f1 05       		.byte	0x5
 626 00f2 3B       		.byte	0x3b
 627 00f3 AC000000 		.4byte	0xac
 628 00f7 04       		.byte	0x4
 629 00f8 08       		.uleb128 0x8
 630 00f9 0E000000 		.4byte	.LASF21
 631 00fd 05       		.byte	0x5
 632 00fe 3C       		.byte	0x3c
 633 00ff 6F000000 		.4byte	0x6f
 634 0103 08       		.byte	0x8
 635 0104 08       		.uleb128 0x8
 636 0105 E1020000 		.4byte	.LASF22
 637 0109 05       		.byte	0x5
 638 010a 3D       		.byte	0x3d
 639 010b 2A010000 		.4byte	0x12a
 640 010f 0C       		.byte	0xc
 641 0110 08       		.uleb128 0x8
 642 0111 FD020000 		.4byte	.LASF23
 643 0115 05       		.byte	0x5
 644 0116 3E       		.byte	0x3e
 645 0117 3A010000 		.4byte	0x13a
 646 011b D8       		.byte	0xd8
 647 011c 09       		.uleb128 0x9
 648 011d 42030000 		.4byte	.LASF24
 649 0121 05       		.byte	0x5
 650 0122 40       		.byte	0x40
 651 0123 94000000 		.4byte	0x94
 652 0127 3E01     		.2byte	0x13e
 653 0129 00       		.byte	0
 654 012a 0A       		.uleb128 0xa
 655 012b AC000000 		.4byte	0xac
 656 012f 3A010000 		.4byte	0x13a
 657 0133 0B       		.uleb128 0xb
 658 0134 C6000000 		.4byte	0xc6
 659 0138 32       		.byte	0x32
 660 0139 00       		.byte	0
 661 013a 0A       		.uleb128 0xa
 662 013b 94000000 		.4byte	0x94
 663 013f 4A010000 		.4byte	0x14a
 664 0143 0B       		.uleb128 0xb
 665 0144 C6000000 		.4byte	0xc6
 666 0148 32       		.byte	0x32
 667 0149 00       		.byte	0
 668 014a 03       		.uleb128 0x3
 669 014b 11030000 		.4byte	.LASF25
 670 014f 05       		.byte	0x5
 671 0150 41       		.byte	0x41
 672 0151 D3000000 		.4byte	0xd3
 673 0155 0C       		.uleb128 0xc
ARM GAS  C:\Users\Tim\AppData\Local\Temp\ccVeoPrr.s 			page 15


 674 0156 18000000 		.4byte	.LASF27
 675 015a 0C       		.byte	0xc
 676 015b 05       		.byte	0x5
 677 015c 43       		.byte	0x43
 678 015d 83010000 		.4byte	0x183
 679 0161 0D       		.uleb128 0xd
 680 0162 6B7000   		.ascii	"kp\000"
 681 0165 05       		.byte	0x5
 682 0166 45       		.byte	0x45
 683 0167 25000000 		.4byte	0x25
 684 016b 00       		.byte	0
 685 016c 0D       		.uleb128 0xd
 686 016d 6B6900   		.ascii	"ki\000"
 687 0170 05       		.byte	0x5
 688 0171 46       		.byte	0x46
 689 0172 25000000 		.4byte	0x25
 690 0176 04       		.byte	0x4
 691 0177 0D       		.uleb128 0xd
 692 0178 6B6400   		.ascii	"kd\000"
 693 017b 05       		.byte	0x5
 694 017c 47       		.byte	0x47
 695 017d 25000000 		.4byte	0x25
 696 0181 08       		.byte	0x8
 697 0182 00       		.byte	0
 698 0183 03       		.uleb128 0x3
 699 0184 4F010000 		.4byte	.LASF28
 700 0188 05       		.byte	0x5
 701 0189 48       		.byte	0x48
 702 018a 55010000 		.4byte	0x155
 703 018e 07       		.uleb128 0x7
 704 018f 5A030000 		.4byte	.LASF29
 705 0193 3005     		.2byte	0x530
 706 0195 05       		.byte	0x5
 707 0196 4A       		.byte	0x4a
 708 0197 23020000 		.4byte	0x223
 709 019b 08       		.uleb128 0x8
 710 019c E8010000 		.4byte	.LASF30
 711 01a0 05       		.byte	0x5
 712 01a1 4D       		.byte	0x4d
 713 01a2 94000000 		.4byte	0x94
 714 01a6 00       		.byte	0
 715 01a7 08       		.uleb128 0x8
 716 01a8 7C000000 		.4byte	.LASF31
 717 01ac 05       		.byte	0x5
 718 01ad 52       		.byte	0x52
 719 01ae 94000000 		.4byte	0x94
 720 01b2 02       		.byte	0x2
 721 01b3 08       		.uleb128 0x8
 722 01b4 42030000 		.4byte	.LASF24
 723 01b8 05       		.byte	0x5
 724 01b9 53       		.byte	0x53
 725 01ba 23020000 		.4byte	0x223
 726 01be 04       		.byte	0x4
 727 01bf 08       		.uleb128 0x8
 728 01c0 97010000 		.4byte	.LASF32
 729 01c4 05       		.byte	0x5
 730 01c5 57       		.byte	0x57
ARM GAS  C:\Users\Tim\AppData\Local\Temp\ccVeoPrr.s 			page 16


 731 01c6 83010000 		.4byte	0x183
 732 01ca 10       		.byte	0x10
 733 01cb 08       		.uleb128 0x8
 734 01cc 5C010000 		.4byte	.LASF33
 735 01d0 05       		.byte	0x5
 736 01d1 58       		.byte	0x58
 737 01d2 83010000 		.4byte	0x183
 738 01d6 1C       		.byte	0x1c
 739 01d7 08       		.uleb128 0x8
 740 01d8 C9000000 		.4byte	.LASF34
 741 01dc 05       		.byte	0x5
 742 01dd 59       		.byte	0x59
 743 01de 25000000 		.4byte	0x25
 744 01e2 28       		.byte	0x28
 745 01e3 08       		.uleb128 0x8
 746 01e4 1F030000 		.4byte	.LASF35
 747 01e8 05       		.byte	0x5
 748 01e9 5A       		.byte	0x5a
 749 01ea 25000000 		.4byte	0x25
 750 01ee 2C       		.byte	0x2c
 751 01ef 08       		.uleb128 0x8
 752 01f0 4B030000 		.4byte	.LASF36
 753 01f4 05       		.byte	0x5
 754 01f5 5B       		.byte	0x5b
 755 01f6 4A010000 		.4byte	0x14a
 756 01fa 30       		.byte	0x30
 757 01fb 09       		.uleb128 0x9
 758 01fc 40010000 		.4byte	.LASF37
 759 0200 05       		.byte	0x5
 760 0201 5C       		.byte	0x5c
 761 0202 4A010000 		.4byte	0x14a
 762 0206 7001     		.2byte	0x170
 763 0208 09       		.uleb128 0x9
 764 0209 85000000 		.4byte	.LASF38
 765 020d 05       		.byte	0x5
 766 020e 5D       		.byte	0x5d
 767 020f 4A010000 		.4byte	0x14a
 768 0213 B002     		.2byte	0x2b0
 769 0215 09       		.uleb128 0x9
 770 0216 9E020000 		.4byte	.LASF39
 771 021a 05       		.byte	0x5
 772 021b 5E       		.byte	0x5e
 773 021c 4A010000 		.4byte	0x14a
 774 0220 F003     		.2byte	0x3f0
 775 0222 00       		.byte	0
 776 0223 0A       		.uleb128 0xa
 777 0224 88000000 		.4byte	0x88
 778 0228 33020000 		.4byte	0x233
 779 022c 0B       		.uleb128 0xb
 780 022d C6000000 		.4byte	0xc6
 781 0231 0B       		.byte	0xb
 782 0232 00       		.byte	0
 783 0233 03       		.uleb128 0x3
 784 0234 AD000000 		.4byte	.LASF40
 785 0238 05       		.byte	0x5
 786 0239 5F       		.byte	0x5f
 787 023a 8E010000 		.4byte	0x18e
ARM GAS  C:\Users\Tim\AppData\Local\Temp\ccVeoPrr.s 			page 17


 788 023e 03       		.uleb128 0x3
 789 023f 1B010000 		.4byte	.LASF41
 790 0243 01       		.byte	0x1
 791 0244 09       		.byte	0x9
 792 0245 49020000 		.4byte	0x249
 793 0249 06       		.uleb128 0x6
 794 024a 04       		.byte	0x4
 795 024b 4F020000 		.4byte	0x24f
 796 024f 0E       		.uleb128 0xe
 797 0250 25000000 		.4byte	0x25
 798 0254 68020000 		.4byte	0x268
 799 0258 0F       		.uleb128 0xf
 800 0259 68020000 		.4byte	0x268
 801 025d 0F       		.uleb128 0xf
 802 025e 25000000 		.4byte	0x25
 803 0262 0F       		.uleb128 0xf
 804 0263 A0000000 		.4byte	0xa0
 805 0267 00       		.byte	0
 806 0268 06       		.uleb128 0x6
 807 0269 04       		.byte	0x4
 808 026a 25000000 		.4byte	0x25
 809 026e 10       		.uleb128 0x10
 810 026f 60000000 		.4byte	.LASF47
 811 0273 01       		.byte	0x1
 812 0274 10       		.byte	0x10
 813 0275 00000000 		.4byte	.LFB63
 814 0279 5C010000 		.4byte	.LFE63-.LFB63
 815 027d 01       		.uleb128 0x1
 816 027e 9C       		.byte	0x9c
 817 027f 58030000 		.4byte	0x358
 818 0283 11       		.uleb128 0x11
 819 0284 72756E00 		.ascii	"run\000"
 820 0288 01       		.byte	0x1
 821 0289 10       		.byte	0x10
 822 028a 3E020000 		.4byte	0x23e
 823 028e 00000000 		.4byte	.LLST0
 824 0292 12       		.uleb128 0x12
 825 0293 00000000 		.4byte	.LASF42
 826 0297 01       		.byte	0x1
 827 0298 10       		.byte	0x10
 828 0299 68020000 		.4byte	0x268
 829 029d 2C000000 		.4byte	.LLST1
 830 02a1 12       		.uleb128 0x12
 831 02a2 57000000 		.4byte	.LASF43
 832 02a6 01       		.byte	0x1
 833 02a7 10       		.byte	0x10
 834 02a8 25000000 		.4byte	0x25
 835 02ac 58000000 		.4byte	.LLST2
 836 02b0 12       		.uleb128 0x12
 837 02b1 EA020000 		.4byte	.LASF44
 838 02b5 01       		.byte	0x1
 839 02b6 10       		.byte	0x10
 840 02b7 A0000000 		.4byte	0xa0
 841 02bb 9C000000 		.4byte	.LLST3
 842 02bf 13       		.uleb128 0x13
 843 02c0 06000000 		.4byte	.LASF45
 844 02c4 01       		.byte	0x1
ARM GAS  C:\Users\Tim\AppData\Local\Temp\ccVeoPrr.s 			page 18


 845 02c5 13       		.byte	0x13
 846 02c6 58030000 		.4byte	0x358
 847 02ca 02       		.uleb128 0x2
 848 02cb 91       		.byte	0x91
 849 02cc 4C       		.sleb128 -52
 850 02cd 14       		.uleb128 0x14
 851 02ce 06030000 		.4byte	.LASF46
 852 02d2 01       		.byte	0x1
 853 02d3 14       		.byte	0x14
 854 02d4 25000000 		.4byte	0x25
 855 02d8 D4000000 		.4byte	.LLST4
 856 02dc 15       		.uleb128 0x15
 857 02dd 696900   		.ascii	"ii\000"
 858 02e0 01       		.byte	0x1
 859 02e1 15       		.byte	0x15
 860 02e2 88000000 		.4byte	0x88
 861 02e6 1E010000 		.4byte	.LLST5
 862 02ea 15       		.uleb128 0x15
 863 02eb 65727200 		.ascii	"err\000"
 864 02ef 01       		.byte	0x1
 865 02f0 16       		.byte	0x16
 866 02f1 25000000 		.4byte	0x25
 867 02f5 47010000 		.4byte	.LLST6
 868 02f9 16       		.uleb128 0x16
 869 02fa 2E000000 		.4byte	.LVL3
 870 02fe 02       		.uleb128 0x2
 871 02ff 7A       		.byte	0x7a
 872 0300 00       		.sleb128 0
 873 0301 19030000 		.4byte	0x319
 874 0305 17       		.uleb128 0x17
 875 0306 01       		.uleb128 0x1
 876 0307 52       		.byte	0x52
 877 0308 02       		.uleb128 0x2
 878 0309 74       		.byte	0x74
 879 030a 00       		.sleb128 0
 880 030b 17       		.uleb128 0x17
 881 030c 01       		.uleb128 0x1
 882 030d 51       		.byte	0x51
 883 030e 03       		.uleb128 0x3
 884 030f F5       		.byte	0xf5
 885 0310 06       		.uleb128 0x6
 886 0311 25       		.uleb128 0x25
 887 0312 17       		.uleb128 0x17
 888 0313 01       		.uleb128 0x1
 889 0314 50       		.byte	0x50
 890 0315 02       		.uleb128 0x2
 891 0316 75       		.byte	0x75
 892 0317 00       		.sleb128 0
 893 0318 00       		.byte	0
 894 0319 18       		.uleb128 0x18
 895 031a 52000000 		.4byte	.LVL7
 896 031e 3A030000 		.4byte	0x33a
 897 0322 17       		.uleb128 0x17
 898 0323 01       		.uleb128 0x1
 899 0324 52       		.byte	0x52
 900 0325 04       		.uleb128 0x4
 901 0326 91       		.byte	0x91
ARM GAS  C:\Users\Tim\AppData\Local\Temp\ccVeoPrr.s 			page 19


 902 0327 BC7F     		.sleb128 -68
 903 0329 06       		.byte	0x6
 904 032a 17       		.uleb128 0x17
 905 032b 01       		.uleb128 0x1
 906 032c 51       		.byte	0x51
 907 032d 05       		.uleb128 0x5
 908 032e 7D       		.byte	0x7d
 909 032f 00       		.sleb128 0
 910 0330 F6       		.byte	0xf6
 911 0331 04       		.byte	0x4
 912 0332 25       		.uleb128 0x25
 913 0333 17       		.uleb128 0x17
 914 0334 01       		.uleb128 0x1
 915 0335 50       		.byte	0x50
 916 0336 02       		.uleb128 0x2
 917 0337 75       		.byte	0x75
 918 0338 00       		.sleb128 0
 919 0339 00       		.byte	0
 920 033a 19       		.uleb128 0x19
 921 033b B8000000 		.4byte	.LVL20
 922 033f 17       		.uleb128 0x17
 923 0340 01       		.uleb128 0x1
 924 0341 52       		.byte	0x52
 925 0342 04       		.uleb128 0x4
 926 0343 91       		.byte	0x91
 927 0344 BC7F     		.sleb128 -68
 928 0346 06       		.byte	0x6
 929 0347 17       		.uleb128 0x17
 930 0348 01       		.uleb128 0x1
 931 0349 51       		.byte	0x51
 932 034a 05       		.uleb128 0x5
 933 034b 7D       		.byte	0x7d
 934 034c 00       		.sleb128 0
 935 034d F6       		.byte	0xf6
 936 034e 04       		.byte	0x4
 937 034f 25       		.uleb128 0x25
 938 0350 17       		.uleb128 0x17
 939 0351 01       		.uleb128 0x1
 940 0352 50       		.byte	0x50
 941 0353 02       		.uleb128 0x2
 942 0354 75       		.byte	0x75
 943 0355 00       		.sleb128 0
 944 0356 00       		.byte	0
 945 0357 00       		.byte	0
 946 0358 0A       		.uleb128 0xa
 947 0359 25000000 		.4byte	0x25
 948 035d 68030000 		.4byte	0x368
 949 0361 0B       		.uleb128 0xb
 950 0362 C6000000 		.4byte	0xc6
 951 0366 02       		.byte	0x2
 952 0367 00       		.byte	0
 953 0368 1A       		.uleb128 0x1a
 954 0369 66030000 		.4byte	.LASF48
 955 036d 01       		.byte	0x1
 956 036e 3C       		.byte	0x3c
 957 036f 00000000 		.4byte	.LFB64
 958 0373 3C000000 		.4byte	.LFE64-.LFB64
ARM GAS  C:\Users\Tim\AppData\Local\Temp\ccVeoPrr.s 			page 20


 959 0377 01       		.uleb128 0x1
 960 0378 9C       		.byte	0x9c
 961 0379 A8030000 		.4byte	0x3a8
 962 037d 12       		.uleb128 0x12
 963 037e 00000000 		.4byte	.LASF42
 964 0382 01       		.byte	0x1
 965 0383 3C       		.byte	0x3c
 966 0384 68020000 		.4byte	0x268
 967 0388 7B010000 		.4byte	.LLST7
 968 038c 1B       		.uleb128 0x1b
 969 038d 16000000 		.4byte	.LVL45
 970 0391 14050000 		.4byte	0x514
 971 0395 1B       		.uleb128 0x1b
 972 0396 26000000 		.4byte	.LVL46
 973 039a 14050000 		.4byte	0x514
 974 039e 1B       		.uleb128 0x1b
 975 039f 36000000 		.4byte	.LVL47
 976 03a3 14050000 		.4byte	0x514
 977 03a7 00       		.byte	0
 978 03a8 1C       		.uleb128 0x1c
 979 03a9 89010000 		.4byte	.LASF50
 980 03ad 01       		.byte	0x1
 981 03ae 4A       		.byte	0x4a
 982 03af 00000000 		.4byte	.LFB66
 983 03b3 28000000 		.4byte	.LFE66-.LFB66
 984 03b7 01       		.uleb128 0x1
 985 03b8 9C       		.byte	0x9c
 986 03b9 F7030000 		.4byte	0x3f7
 987 03bd 13       		.uleb128 0x13
 988 03be 00000000 		.4byte	.LASF42
 989 03c2 01       		.byte	0x1
 990 03c3 4C       		.byte	0x4c
 991 03c4 58030000 		.4byte	0x358
 992 03c8 02       		.uleb128 0x2
 993 03c9 91       		.byte	0x91
 994 03ca 6C       		.sleb128 -20
 995 03cb 1D       		.uleb128 0x1d
 996 03cc 12000000 		.4byte	.LVL49
 997 03d0 6E020000 		.4byte	0x26e
 998 03d4 E6030000 		.4byte	0x3e6
 999 03d8 17       		.uleb128 0x17
 1000 03d9 01       		.uleb128 0x1
 1001 03da 53       		.byte	0x53
 1002 03db 03       		.uleb128 0x3
 1003 03dc 0A       		.byte	0xa
 1004 03dd 8813     		.2byte	0x1388
 1005 03df 17       		.uleb128 0x17
 1006 03e0 01       		.uleb128 0x1
 1007 03e1 51       		.byte	0x51
 1008 03e2 02       		.uleb128 0x2
 1009 03e3 91       		.byte	0x91
 1010 03e4 6C       		.sleb128 -20
 1011 03e5 00       		.byte	0
 1012 03e6 1E       		.uleb128 0x1e
 1013 03e7 18000000 		.4byte	.LVL50
 1014 03eb 68030000 		.4byte	0x368
 1015 03ef 17       		.uleb128 0x17
ARM GAS  C:\Users\Tim\AppData\Local\Temp\ccVeoPrr.s 			page 21


 1016 03f0 01       		.uleb128 0x1
 1017 03f1 50       		.byte	0x50
 1018 03f2 02       		.uleb128 0x2
 1019 03f3 91       		.byte	0x91
 1020 03f4 6C       		.sleb128 -20
 1021 03f5 00       		.byte	0
 1022 03f6 00       		.byte	0
 1023 03f7 1A       		.uleb128 0x1a
 1024 03f8 95000000 		.4byte	.LASF49
 1025 03fc 01       		.byte	0x1
 1026 03fd 43       		.byte	0x43
 1027 03fe 00000000 		.4byte	.LFB65
 1028 0402 3C000000 		.4byte	.LFE65-.LFB65
 1029 0406 01       		.uleb128 0x1
 1030 0407 9C       		.byte	0x9c
 1031 0408 37040000 		.4byte	0x437
 1032 040c 12       		.uleb128 0x12
 1033 040d 00000000 		.4byte	.LASF42
 1034 0411 01       		.byte	0x1
 1035 0412 43       		.byte	0x43
 1036 0413 68020000 		.4byte	0x268
 1037 0417 A7010000 		.4byte	.LLST8
 1038 041b 1B       		.uleb128 0x1b
 1039 041c 16000000 		.4byte	.LVL53
 1040 0420 14050000 		.4byte	0x514
 1041 0424 1B       		.uleb128 0x1b
 1042 0425 26000000 		.4byte	.LVL54
 1043 0429 14050000 		.4byte	0x514
 1044 042d 1B       		.uleb128 0x1b
 1045 042e 36000000 		.4byte	.LVL55
 1046 0432 14050000 		.4byte	0x514
 1047 0436 00       		.byte	0
 1048 0437 1C       		.uleb128 0x1c
 1049 0438 2F000000 		.4byte	.LASF51
 1050 043c 01       		.byte	0x1
 1051 043d 51       		.byte	0x51
 1052 043e 00000000 		.4byte	.LFB67
 1053 0442 28000000 		.4byte	.LFE67-.LFB67
 1054 0446 01       		.uleb128 0x1
 1055 0447 9C       		.byte	0x9c
 1056 0448 86040000 		.4byte	0x486
 1057 044c 13       		.uleb128 0x13
 1058 044d 00000000 		.4byte	.LASF42
 1059 0451 01       		.byte	0x1
 1060 0452 53       		.byte	0x53
 1061 0453 58030000 		.4byte	0x358
 1062 0457 02       		.uleb128 0x2
 1063 0458 91       		.byte	0x91
 1064 0459 6C       		.sleb128 -20
 1065 045a 1D       		.uleb128 0x1d
 1066 045b 12000000 		.4byte	.LVL57
 1067 045f 6E020000 		.4byte	0x26e
 1068 0463 75040000 		.4byte	0x475
 1069 0467 17       		.uleb128 0x17
 1070 0468 01       		.uleb128 0x1
 1071 0469 53       		.byte	0x53
 1072 046a 03       		.uleb128 0x3
ARM GAS  C:\Users\Tim\AppData\Local\Temp\ccVeoPrr.s 			page 22


 1073 046b 0A       		.byte	0xa
 1074 046c 8813     		.2byte	0x1388
 1075 046e 17       		.uleb128 0x17
 1076 046f 01       		.uleb128 0x1
 1077 0470 51       		.byte	0x51
 1078 0471 02       		.uleb128 0x2
 1079 0472 91       		.byte	0x91
 1080 0473 6C       		.sleb128 -20
 1081 0474 00       		.byte	0
 1082 0475 1E       		.uleb128 0x1e
 1083 0476 18000000 		.4byte	.LVL58
 1084 047a F7030000 		.4byte	0x3f7
 1085 047e 17       		.uleb128 0x17
 1086 047f 01       		.uleb128 0x1
 1087 0480 50       		.byte	0x50
 1088 0481 02       		.uleb128 0x2
 1089 0482 91       		.byte	0x91
 1090 0483 6C       		.sleb128 -20
 1091 0484 00       		.byte	0
 1092 0485 00       		.byte	0
 1093 0486 1F       		.uleb128 0x1f
 1094 0487 2C030000 		.4byte	.LASF58
 1095 048b 01       		.byte	0x1
 1096 048c 58       		.byte	0x58
 1097 048d 00000000 		.4byte	.LFB68
 1098 0491 28000000 		.4byte	.LFE68-.LFB68
 1099 0495 01       		.uleb128 0x1
 1100 0496 9C       		.byte	0x9c
 1101 0497 E7040000 		.4byte	0x4e7
 1102 049b 12       		.uleb128 0x12
 1103 049c 47000000 		.4byte	.LASF52
 1104 04a0 01       		.byte	0x1
 1105 04a1 58       		.byte	0x58
 1106 04a2 88000000 		.4byte	0x88
 1107 04a6 D3010000 		.4byte	.LLST9
 1108 04aa 1D       		.uleb128 0x1d
 1109 04ab 0C000000 		.4byte	.LVL61
 1110 04af 2A050000 		.4byte	0x52a
 1111 04b3 C1040000 		.4byte	0x4c1
 1112 04b7 17       		.uleb128 0x17
 1113 04b8 01       		.uleb128 0x1
 1114 04b9 50       		.byte	0x50
 1115 04ba 05       		.uleb128 0x5
 1116 04bb 03       		.byte	0x3
 1117 04bc 00000000 		.4byte	.LC1
 1118 04c0 00       		.byte	0
 1119 04c1 1B       		.uleb128 0x1b
 1120 04c2 10000000 		.4byte	.LVL62
 1121 04c6 A8030000 		.4byte	0x3a8
 1122 04ca 1B       		.uleb128 0x1b
 1123 04cb 14000000 		.4byte	.LVL63
 1124 04cf 37040000 		.4byte	0x437
 1125 04d3 1E       		.uleb128 0x1e
 1126 04d4 1C000000 		.4byte	.LVL64
 1127 04d8 2A050000 		.4byte	0x52a
 1128 04dc 17       		.uleb128 0x17
 1129 04dd 01       		.uleb128 0x1
ARM GAS  C:\Users\Tim\AppData\Local\Temp\ccVeoPrr.s 			page 23


 1130 04de 50       		.byte	0x50
 1131 04df 05       		.uleb128 0x5
 1132 04e0 03       		.byte	0x3
 1133 04e1 20000000 		.4byte	.LC2
 1134 04e5 00       		.byte	0
 1135 04e6 00       		.byte	0
 1136 04e7 20       		.uleb128 0x20
 1137 04e8 D4020000 		.4byte	.LASF53
 1138 04ec 06       		.byte	0x6
 1139 04ed 5506     		.2byte	0x655
 1140 04ef F3040000 		.4byte	0x4f3
 1141 04f3 21       		.uleb128 0x21
 1142 04f4 7D000000 		.4byte	0x7d
 1143 04f8 22       		.uleb128 0x22
 1144 04f9 68000000 		.4byte	.LASF54
 1145 04fd 01       		.byte	0x1
 1146 04fe 07       		.byte	0x7
 1147 04ff 09050000 		.4byte	0x509
 1148 0503 05       		.uleb128 0x5
 1149 0504 03       		.byte	0x3
 1150 0505 00000000 		.4byte	p_cal_eeprom
 1151 0509 06       		.uleb128 0x6
 1152 050a 04       		.byte	0x4
 1153 050b 0F050000 		.4byte	0x50f
 1154 050f 21       		.uleb128 0x21
 1155 0510 33020000 		.4byte	0x233
 1156 0514 23       		.uleb128 0x23
 1157 0515 68010000 		.4byte	.LASF59
 1158 0519 07       		.byte	0x7
 1159 051a 1B       		.byte	0x1b
 1160 051b 2A050000 		.4byte	0x52a
 1161 051f 0F       		.uleb128 0xf
 1162 0520 25000000 		.4byte	0x25
 1163 0524 0F       		.uleb128 0xf
 1164 0525 94000000 		.4byte	0x94
 1165 0529 00       		.byte	0
 1166 052a 24       		.uleb128 0x24
 1167 052b 90020000 		.4byte	.LASF60
 1168 052f 08       		.byte	0x8
 1169 0530 11       		.byte	0x11
 1170 0531 0F       		.uleb128 0xf
 1171 0532 CD000000 		.4byte	0xcd
 1172 0536 00       		.byte	0
 1173 0537 00       		.byte	0
 1174              		.section	.debug_abbrev,"",%progbits
 1175              	.Ldebug_abbrev0:
 1176 0000 01       		.uleb128 0x1
 1177 0001 11       		.uleb128 0x11
 1178 0002 01       		.byte	0x1
 1179 0003 25       		.uleb128 0x25
 1180 0004 0E       		.uleb128 0xe
 1181 0005 13       		.uleb128 0x13
 1182 0006 0B       		.uleb128 0xb
 1183 0007 03       		.uleb128 0x3
 1184 0008 0E       		.uleb128 0xe
 1185 0009 1B       		.uleb128 0x1b
 1186 000a 0E       		.uleb128 0xe
ARM GAS  C:\Users\Tim\AppData\Local\Temp\ccVeoPrr.s 			page 24


 1187 000b 55       		.uleb128 0x55
 1188 000c 17       		.uleb128 0x17
 1189 000d 11       		.uleb128 0x11
 1190 000e 01       		.uleb128 0x1
 1191 000f 10       		.uleb128 0x10
 1192 0010 17       		.uleb128 0x17
 1193 0011 00       		.byte	0
 1194 0012 00       		.byte	0
 1195 0013 02       		.uleb128 0x2
 1196 0014 24       		.uleb128 0x24
 1197 0015 00       		.byte	0
 1198 0016 0B       		.uleb128 0xb
 1199 0017 0B       		.uleb128 0xb
 1200 0018 3E       		.uleb128 0x3e
 1201 0019 0B       		.uleb128 0xb
 1202 001a 03       		.uleb128 0x3
 1203 001b 0E       		.uleb128 0xe
 1204 001c 00       		.byte	0
 1205 001d 00       		.byte	0
 1206 001e 03       		.uleb128 0x3
 1207 001f 16       		.uleb128 0x16
 1208 0020 00       		.byte	0
 1209 0021 03       		.uleb128 0x3
 1210 0022 0E       		.uleb128 0xe
 1211 0023 3A       		.uleb128 0x3a
 1212 0024 0B       		.uleb128 0xb
 1213 0025 3B       		.uleb128 0x3b
 1214 0026 0B       		.uleb128 0xb
 1215 0027 49       		.uleb128 0x49
 1216 0028 13       		.uleb128 0x13
 1217 0029 00       		.byte	0
 1218 002a 00       		.byte	0
 1219 002b 04       		.uleb128 0x4
 1220 002c 24       		.uleb128 0x24
 1221 002d 00       		.byte	0
 1222 002e 0B       		.uleb128 0xb
 1223 002f 0B       		.uleb128 0xb
 1224 0030 3E       		.uleb128 0x3e
 1225 0031 0B       		.uleb128 0xb
 1226 0032 03       		.uleb128 0x3
 1227 0033 08       		.uleb128 0x8
 1228 0034 00       		.byte	0
 1229 0035 00       		.byte	0
 1230 0036 05       		.uleb128 0x5
 1231 0037 16       		.uleb128 0x16
 1232 0038 00       		.byte	0
 1233 0039 03       		.uleb128 0x3
 1234 003a 0E       		.uleb128 0xe
 1235 003b 3A       		.uleb128 0x3a
 1236 003c 0B       		.uleb128 0xb
 1237 003d 3B       		.uleb128 0x3b
 1238 003e 05       		.uleb128 0x5
 1239 003f 49       		.uleb128 0x49
 1240 0040 13       		.uleb128 0x13
 1241 0041 00       		.byte	0
 1242 0042 00       		.byte	0
 1243 0043 06       		.uleb128 0x6
ARM GAS  C:\Users\Tim\AppData\Local\Temp\ccVeoPrr.s 			page 25


 1244 0044 0F       		.uleb128 0xf
 1245 0045 00       		.byte	0
 1246 0046 0B       		.uleb128 0xb
 1247 0047 0B       		.uleb128 0xb
 1248 0048 49       		.uleb128 0x49
 1249 0049 13       		.uleb128 0x13
 1250 004a 00       		.byte	0
 1251 004b 00       		.byte	0
 1252 004c 07       		.uleb128 0x7
 1253 004d 13       		.uleb128 0x13
 1254 004e 01       		.byte	0x1
 1255 004f 03       		.uleb128 0x3
 1256 0050 0E       		.uleb128 0xe
 1257 0051 0B       		.uleb128 0xb
 1258 0052 05       		.uleb128 0x5
 1259 0053 3A       		.uleb128 0x3a
 1260 0054 0B       		.uleb128 0xb
 1261 0055 3B       		.uleb128 0x3b
 1262 0056 0B       		.uleb128 0xb
 1263 0057 01       		.uleb128 0x1
 1264 0058 13       		.uleb128 0x13
 1265 0059 00       		.byte	0
 1266 005a 00       		.byte	0
 1267 005b 08       		.uleb128 0x8
 1268 005c 0D       		.uleb128 0xd
 1269 005d 00       		.byte	0
 1270 005e 03       		.uleb128 0x3
 1271 005f 0E       		.uleb128 0xe
 1272 0060 3A       		.uleb128 0x3a
 1273 0061 0B       		.uleb128 0xb
 1274 0062 3B       		.uleb128 0x3b
 1275 0063 0B       		.uleb128 0xb
 1276 0064 49       		.uleb128 0x49
 1277 0065 13       		.uleb128 0x13
 1278 0066 38       		.uleb128 0x38
 1279 0067 0B       		.uleb128 0xb
 1280 0068 00       		.byte	0
 1281 0069 00       		.byte	0
 1282 006a 09       		.uleb128 0x9
 1283 006b 0D       		.uleb128 0xd
 1284 006c 00       		.byte	0
 1285 006d 03       		.uleb128 0x3
 1286 006e 0E       		.uleb128 0xe
 1287 006f 3A       		.uleb128 0x3a
 1288 0070 0B       		.uleb128 0xb
 1289 0071 3B       		.uleb128 0x3b
 1290 0072 0B       		.uleb128 0xb
 1291 0073 49       		.uleb128 0x49
 1292 0074 13       		.uleb128 0x13
 1293 0075 38       		.uleb128 0x38
 1294 0076 05       		.uleb128 0x5
 1295 0077 00       		.byte	0
 1296 0078 00       		.byte	0
 1297 0079 0A       		.uleb128 0xa
 1298 007a 01       		.uleb128 0x1
 1299 007b 01       		.byte	0x1
 1300 007c 49       		.uleb128 0x49
ARM GAS  C:\Users\Tim\AppData\Local\Temp\ccVeoPrr.s 			page 26


 1301 007d 13       		.uleb128 0x13
 1302 007e 01       		.uleb128 0x1
 1303 007f 13       		.uleb128 0x13
 1304 0080 00       		.byte	0
 1305 0081 00       		.byte	0
 1306 0082 0B       		.uleb128 0xb
 1307 0083 21       		.uleb128 0x21
 1308 0084 00       		.byte	0
 1309 0085 49       		.uleb128 0x49
 1310 0086 13       		.uleb128 0x13
 1311 0087 2F       		.uleb128 0x2f
 1312 0088 0B       		.uleb128 0xb
 1313 0089 00       		.byte	0
 1314 008a 00       		.byte	0
 1315 008b 0C       		.uleb128 0xc
 1316 008c 13       		.uleb128 0x13
 1317 008d 01       		.byte	0x1
 1318 008e 03       		.uleb128 0x3
 1319 008f 0E       		.uleb128 0xe
 1320 0090 0B       		.uleb128 0xb
 1321 0091 0B       		.uleb128 0xb
 1322 0092 3A       		.uleb128 0x3a
 1323 0093 0B       		.uleb128 0xb
 1324 0094 3B       		.uleb128 0x3b
 1325 0095 0B       		.uleb128 0xb
 1326 0096 01       		.uleb128 0x1
 1327 0097 13       		.uleb128 0x13
 1328 0098 00       		.byte	0
 1329 0099 00       		.byte	0
 1330 009a 0D       		.uleb128 0xd
 1331 009b 0D       		.uleb128 0xd
 1332 009c 00       		.byte	0
 1333 009d 03       		.uleb128 0x3
 1334 009e 08       		.uleb128 0x8
 1335 009f 3A       		.uleb128 0x3a
 1336 00a0 0B       		.uleb128 0xb
 1337 00a1 3B       		.uleb128 0x3b
 1338 00a2 0B       		.uleb128 0xb
 1339 00a3 49       		.uleb128 0x49
 1340 00a4 13       		.uleb128 0x13
 1341 00a5 38       		.uleb128 0x38
 1342 00a6 0B       		.uleb128 0xb
 1343 00a7 00       		.byte	0
 1344 00a8 00       		.byte	0
 1345 00a9 0E       		.uleb128 0xe
 1346 00aa 15       		.uleb128 0x15
 1347 00ab 01       		.byte	0x1
 1348 00ac 27       		.uleb128 0x27
 1349 00ad 19       		.uleb128 0x19
 1350 00ae 49       		.uleb128 0x49
 1351 00af 13       		.uleb128 0x13
 1352 00b0 01       		.uleb128 0x1
 1353 00b1 13       		.uleb128 0x13
 1354 00b2 00       		.byte	0
 1355 00b3 00       		.byte	0
 1356 00b4 0F       		.uleb128 0xf
 1357 00b5 05       		.uleb128 0x5
ARM GAS  C:\Users\Tim\AppData\Local\Temp\ccVeoPrr.s 			page 27


 1358 00b6 00       		.byte	0
 1359 00b7 49       		.uleb128 0x49
 1360 00b8 13       		.uleb128 0x13
 1361 00b9 00       		.byte	0
 1362 00ba 00       		.byte	0
 1363 00bb 10       		.uleb128 0x10
 1364 00bc 2E       		.uleb128 0x2e
 1365 00bd 01       		.byte	0x1
 1366 00be 03       		.uleb128 0x3
 1367 00bf 0E       		.uleb128 0xe
 1368 00c0 3A       		.uleb128 0x3a
 1369 00c1 0B       		.uleb128 0xb
 1370 00c2 3B       		.uleb128 0x3b
 1371 00c3 0B       		.uleb128 0xb
 1372 00c4 27       		.uleb128 0x27
 1373 00c5 19       		.uleb128 0x19
 1374 00c6 11       		.uleb128 0x11
 1375 00c7 01       		.uleb128 0x1
 1376 00c8 12       		.uleb128 0x12
 1377 00c9 06       		.uleb128 0x6
 1378 00ca 40       		.uleb128 0x40
 1379 00cb 18       		.uleb128 0x18
 1380 00cc 9642     		.uleb128 0x2116
 1381 00ce 19       		.uleb128 0x19
 1382 00cf 01       		.uleb128 0x1
 1383 00d0 13       		.uleb128 0x13
 1384 00d1 00       		.byte	0
 1385 00d2 00       		.byte	0
 1386 00d3 11       		.uleb128 0x11
 1387 00d4 05       		.uleb128 0x5
 1388 00d5 00       		.byte	0
 1389 00d6 03       		.uleb128 0x3
 1390 00d7 08       		.uleb128 0x8
 1391 00d8 3A       		.uleb128 0x3a
 1392 00d9 0B       		.uleb128 0xb
 1393 00da 3B       		.uleb128 0x3b
 1394 00db 0B       		.uleb128 0xb
 1395 00dc 49       		.uleb128 0x49
 1396 00dd 13       		.uleb128 0x13
 1397 00de 02       		.uleb128 0x2
 1398 00df 17       		.uleb128 0x17
 1399 00e0 00       		.byte	0
 1400 00e1 00       		.byte	0
 1401 00e2 12       		.uleb128 0x12
 1402 00e3 05       		.uleb128 0x5
 1403 00e4 00       		.byte	0
 1404 00e5 03       		.uleb128 0x3
 1405 00e6 0E       		.uleb128 0xe
 1406 00e7 3A       		.uleb128 0x3a
 1407 00e8 0B       		.uleb128 0xb
 1408 00e9 3B       		.uleb128 0x3b
 1409 00ea 0B       		.uleb128 0xb
 1410 00eb 49       		.uleb128 0x49
 1411 00ec 13       		.uleb128 0x13
 1412 00ed 02       		.uleb128 0x2
 1413 00ee 17       		.uleb128 0x17
 1414 00ef 00       		.byte	0
ARM GAS  C:\Users\Tim\AppData\Local\Temp\ccVeoPrr.s 			page 28


 1415 00f0 00       		.byte	0
 1416 00f1 13       		.uleb128 0x13
 1417 00f2 34       		.uleb128 0x34
 1418 00f3 00       		.byte	0
 1419 00f4 03       		.uleb128 0x3
 1420 00f5 0E       		.uleb128 0xe
 1421 00f6 3A       		.uleb128 0x3a
 1422 00f7 0B       		.uleb128 0xb
 1423 00f8 3B       		.uleb128 0x3b
 1424 00f9 0B       		.uleb128 0xb
 1425 00fa 49       		.uleb128 0x49
 1426 00fb 13       		.uleb128 0x13
 1427 00fc 02       		.uleb128 0x2
 1428 00fd 18       		.uleb128 0x18
 1429 00fe 00       		.byte	0
 1430 00ff 00       		.byte	0
 1431 0100 14       		.uleb128 0x14
 1432 0101 34       		.uleb128 0x34
 1433 0102 00       		.byte	0
 1434 0103 03       		.uleb128 0x3
 1435 0104 0E       		.uleb128 0xe
 1436 0105 3A       		.uleb128 0x3a
 1437 0106 0B       		.uleb128 0xb
 1438 0107 3B       		.uleb128 0x3b
 1439 0108 0B       		.uleb128 0xb
 1440 0109 49       		.uleb128 0x49
 1441 010a 13       		.uleb128 0x13
 1442 010b 02       		.uleb128 0x2
 1443 010c 17       		.uleb128 0x17
 1444 010d 00       		.byte	0
 1445 010e 00       		.byte	0
 1446 010f 15       		.uleb128 0x15
 1447 0110 34       		.uleb128 0x34
 1448 0111 00       		.byte	0
 1449 0112 03       		.uleb128 0x3
 1450 0113 08       		.uleb128 0x8
 1451 0114 3A       		.uleb128 0x3a
 1452 0115 0B       		.uleb128 0xb
 1453 0116 3B       		.uleb128 0x3b
 1454 0117 0B       		.uleb128 0xb
 1455 0118 49       		.uleb128 0x49
 1456 0119 13       		.uleb128 0x13
 1457 011a 02       		.uleb128 0x2
 1458 011b 17       		.uleb128 0x17
 1459 011c 00       		.byte	0
 1460 011d 00       		.byte	0
 1461 011e 16       		.uleb128 0x16
 1462 011f 898201   		.uleb128 0x4109
 1463 0122 01       		.byte	0x1
 1464 0123 11       		.uleb128 0x11
 1465 0124 01       		.uleb128 0x1
 1466 0125 9342     		.uleb128 0x2113
 1467 0127 18       		.uleb128 0x18
 1468 0128 01       		.uleb128 0x1
 1469 0129 13       		.uleb128 0x13
 1470 012a 00       		.byte	0
 1471 012b 00       		.byte	0
ARM GAS  C:\Users\Tim\AppData\Local\Temp\ccVeoPrr.s 			page 29


 1472 012c 17       		.uleb128 0x17
 1473 012d 8A8201   		.uleb128 0x410a
 1474 0130 00       		.byte	0
 1475 0131 02       		.uleb128 0x2
 1476 0132 18       		.uleb128 0x18
 1477 0133 9142     		.uleb128 0x2111
 1478 0135 18       		.uleb128 0x18
 1479 0136 00       		.byte	0
 1480 0137 00       		.byte	0
 1481 0138 18       		.uleb128 0x18
 1482 0139 898201   		.uleb128 0x4109
 1483 013c 01       		.byte	0x1
 1484 013d 11       		.uleb128 0x11
 1485 013e 01       		.uleb128 0x1
 1486 013f 01       		.uleb128 0x1
 1487 0140 13       		.uleb128 0x13
 1488 0141 00       		.byte	0
 1489 0142 00       		.byte	0
 1490 0143 19       		.uleb128 0x19
 1491 0144 898201   		.uleb128 0x4109
 1492 0147 01       		.byte	0x1
 1493 0148 11       		.uleb128 0x11
 1494 0149 01       		.uleb128 0x1
 1495 014a 00       		.byte	0
 1496 014b 00       		.byte	0
 1497 014c 1A       		.uleb128 0x1a
 1498 014d 2E       		.uleb128 0x2e
 1499 014e 01       		.byte	0x1
 1500 014f 03       		.uleb128 0x3
 1501 0150 0E       		.uleb128 0xe
 1502 0151 3A       		.uleb128 0x3a
 1503 0152 0B       		.uleb128 0xb
 1504 0153 3B       		.uleb128 0x3b
 1505 0154 0B       		.uleb128 0xb
 1506 0155 27       		.uleb128 0x27
 1507 0156 19       		.uleb128 0x19
 1508 0157 11       		.uleb128 0x11
 1509 0158 01       		.uleb128 0x1
 1510 0159 12       		.uleb128 0x12
 1511 015a 06       		.uleb128 0x6
 1512 015b 40       		.uleb128 0x40
 1513 015c 18       		.uleb128 0x18
 1514 015d 9742     		.uleb128 0x2117
 1515 015f 19       		.uleb128 0x19
 1516 0160 01       		.uleb128 0x1
 1517 0161 13       		.uleb128 0x13
 1518 0162 00       		.byte	0
 1519 0163 00       		.byte	0
 1520 0164 1B       		.uleb128 0x1b
 1521 0165 898201   		.uleb128 0x4109
 1522 0168 00       		.byte	0
 1523 0169 11       		.uleb128 0x11
 1524 016a 01       		.uleb128 0x1
 1525 016b 31       		.uleb128 0x31
 1526 016c 13       		.uleb128 0x13
 1527 016d 00       		.byte	0
 1528 016e 00       		.byte	0
ARM GAS  C:\Users\Tim\AppData\Local\Temp\ccVeoPrr.s 			page 30


 1529 016f 1C       		.uleb128 0x1c
 1530 0170 2E       		.uleb128 0x2e
 1531 0171 01       		.byte	0x1
 1532 0172 03       		.uleb128 0x3
 1533 0173 0E       		.uleb128 0xe
 1534 0174 3A       		.uleb128 0x3a
 1535 0175 0B       		.uleb128 0xb
 1536 0176 3B       		.uleb128 0x3b
 1537 0177 0B       		.uleb128 0xb
 1538 0178 11       		.uleb128 0x11
 1539 0179 01       		.uleb128 0x1
 1540 017a 12       		.uleb128 0x12
 1541 017b 06       		.uleb128 0x6
 1542 017c 40       		.uleb128 0x40
 1543 017d 18       		.uleb128 0x18
 1544 017e 9742     		.uleb128 0x2117
 1545 0180 19       		.uleb128 0x19
 1546 0181 01       		.uleb128 0x1
 1547 0182 13       		.uleb128 0x13
 1548 0183 00       		.byte	0
 1549 0184 00       		.byte	0
 1550 0185 1D       		.uleb128 0x1d
 1551 0186 898201   		.uleb128 0x4109
 1552 0189 01       		.byte	0x1
 1553 018a 11       		.uleb128 0x11
 1554 018b 01       		.uleb128 0x1
 1555 018c 31       		.uleb128 0x31
 1556 018d 13       		.uleb128 0x13
 1557 018e 01       		.uleb128 0x1
 1558 018f 13       		.uleb128 0x13
 1559 0190 00       		.byte	0
 1560 0191 00       		.byte	0
 1561 0192 1E       		.uleb128 0x1e
 1562 0193 898201   		.uleb128 0x4109
 1563 0196 01       		.byte	0x1
 1564 0197 11       		.uleb128 0x11
 1565 0198 01       		.uleb128 0x1
 1566 0199 31       		.uleb128 0x31
 1567 019a 13       		.uleb128 0x13
 1568 019b 00       		.byte	0
 1569 019c 00       		.byte	0
 1570 019d 1F       		.uleb128 0x1f
 1571 019e 2E       		.uleb128 0x2e
 1572 019f 01       		.byte	0x1
 1573 01a0 3F       		.uleb128 0x3f
 1574 01a1 19       		.uleb128 0x19
 1575 01a2 03       		.uleb128 0x3
 1576 01a3 0E       		.uleb128 0xe
 1577 01a4 3A       		.uleb128 0x3a
 1578 01a5 0B       		.uleb128 0xb
 1579 01a6 3B       		.uleb128 0x3b
 1580 01a7 0B       		.uleb128 0xb
 1581 01a8 27       		.uleb128 0x27
 1582 01a9 19       		.uleb128 0x19
 1583 01aa 11       		.uleb128 0x11
 1584 01ab 01       		.uleb128 0x1
 1585 01ac 12       		.uleb128 0x12
ARM GAS  C:\Users\Tim\AppData\Local\Temp\ccVeoPrr.s 			page 31


 1586 01ad 06       		.uleb128 0x6
 1587 01ae 40       		.uleb128 0x40
 1588 01af 18       		.uleb128 0x18
 1589 01b0 9742     		.uleb128 0x2117
 1590 01b2 19       		.uleb128 0x19
 1591 01b3 01       		.uleb128 0x1
 1592 01b4 13       		.uleb128 0x13
 1593 01b5 00       		.byte	0
 1594 01b6 00       		.byte	0
 1595 01b7 20       		.uleb128 0x20
 1596 01b8 34       		.uleb128 0x34
 1597 01b9 00       		.byte	0
 1598 01ba 03       		.uleb128 0x3
 1599 01bb 0E       		.uleb128 0xe
 1600 01bc 3A       		.uleb128 0x3a
 1601 01bd 0B       		.uleb128 0xb
 1602 01be 3B       		.uleb128 0x3b
 1603 01bf 05       		.uleb128 0x5
 1604 01c0 49       		.uleb128 0x49
 1605 01c1 13       		.uleb128 0x13
 1606 01c2 3F       		.uleb128 0x3f
 1607 01c3 19       		.uleb128 0x19
 1608 01c4 3C       		.uleb128 0x3c
 1609 01c5 19       		.uleb128 0x19
 1610 01c6 00       		.byte	0
 1611 01c7 00       		.byte	0
 1612 01c8 21       		.uleb128 0x21
 1613 01c9 35       		.uleb128 0x35
 1614 01ca 00       		.byte	0
 1615 01cb 49       		.uleb128 0x49
 1616 01cc 13       		.uleb128 0x13
 1617 01cd 00       		.byte	0
 1618 01ce 00       		.byte	0
 1619 01cf 22       		.uleb128 0x22
 1620 01d0 34       		.uleb128 0x34
 1621 01d1 00       		.byte	0
 1622 01d2 03       		.uleb128 0x3
 1623 01d3 0E       		.uleb128 0xe
 1624 01d4 3A       		.uleb128 0x3a
 1625 01d5 0B       		.uleb128 0xb
 1626 01d6 3B       		.uleb128 0x3b
 1627 01d7 0B       		.uleb128 0xb
 1628 01d8 49       		.uleb128 0x49
 1629 01d9 13       		.uleb128 0x13
 1630 01da 3F       		.uleb128 0x3f
 1631 01db 19       		.uleb128 0x19
 1632 01dc 02       		.uleb128 0x2
 1633 01dd 18       		.uleb128 0x18
 1634 01de 00       		.byte	0
 1635 01df 00       		.byte	0
 1636 01e0 23       		.uleb128 0x23
 1637 01e1 2E       		.uleb128 0x2e
 1638 01e2 01       		.byte	0x1
 1639 01e3 3F       		.uleb128 0x3f
 1640 01e4 19       		.uleb128 0x19
 1641 01e5 03       		.uleb128 0x3
 1642 01e6 0E       		.uleb128 0xe
ARM GAS  C:\Users\Tim\AppData\Local\Temp\ccVeoPrr.s 			page 32


 1643 01e7 3A       		.uleb128 0x3a
 1644 01e8 0B       		.uleb128 0xb
 1645 01e9 3B       		.uleb128 0x3b
 1646 01ea 0B       		.uleb128 0xb
 1647 01eb 27       		.uleb128 0x27
 1648 01ec 19       		.uleb128 0x19
 1649 01ed 3C       		.uleb128 0x3c
 1650 01ee 19       		.uleb128 0x19
 1651 01ef 01       		.uleb128 0x1
 1652 01f0 13       		.uleb128 0x13
 1653 01f1 00       		.byte	0
 1654 01f2 00       		.byte	0
 1655 01f3 24       		.uleb128 0x24
 1656 01f4 2E       		.uleb128 0x2e
 1657 01f5 01       		.byte	0x1
 1658 01f6 3F       		.uleb128 0x3f
 1659 01f7 19       		.uleb128 0x19
 1660 01f8 03       		.uleb128 0x3
 1661 01f9 0E       		.uleb128 0xe
 1662 01fa 3A       		.uleb128 0x3a
 1663 01fb 0B       		.uleb128 0xb
 1664 01fc 3B       		.uleb128 0x3b
 1665 01fd 0B       		.uleb128 0xb
 1666 01fe 27       		.uleb128 0x27
 1667 01ff 19       		.uleb128 0x19
 1668 0200 3C       		.uleb128 0x3c
 1669 0201 19       		.uleb128 0x19
 1670 0202 00       		.byte	0
 1671 0203 00       		.byte	0
 1672 0204 00       		.byte	0
 1673              		.section	.debug_loc,"",%progbits
 1674              	.Ldebug_loc0:
 1675              	.LLST0:
 1676 0000 00000000 		.4byte	.LVL0
 1677 0004 18000000 		.4byte	.LVL2
 1678 0008 0100     		.2byte	0x1
 1679 000a 50       		.byte	0x50
 1680 000b 18000000 		.4byte	.LVL2
 1681 000f 3E010000 		.4byte	.LVL42
 1682 0013 0100     		.2byte	0x1
 1683 0015 5A       		.byte	0x5a
 1684 0016 3E010000 		.4byte	.LVL42
 1685 001a 5C010000 		.4byte	.LFE63
 1686 001e 0400     		.2byte	0x4
 1687 0020 F3       		.byte	0xf3
 1688 0021 01       		.uleb128 0x1
 1689 0022 50       		.byte	0x50
 1690 0023 9F       		.byte	0x9f
 1691 0024 00000000 		.4byte	0
 1692 0028 00000000 		.4byte	0
 1693              	.LLST1:
 1694 002c 00000000 		.4byte	.LVL0
 1695 0030 18000000 		.4byte	.LVL2
 1696 0034 0100     		.2byte	0x1
 1697 0036 51       		.byte	0x51
 1698 0037 18000000 		.4byte	.LVL2
 1699 003b 3E010000 		.4byte	.LVL42
ARM GAS  C:\Users\Tim\AppData\Local\Temp\ccVeoPrr.s 			page 33


 1700 003f 0100     		.2byte	0x1
 1701 0041 55       		.byte	0x55
 1702 0042 3E010000 		.4byte	.LVL42
 1703 0046 5C010000 		.4byte	.LFE63
 1704 004a 0400     		.2byte	0x4
 1705 004c F3       		.byte	0xf3
 1706 004d 01       		.uleb128 0x1
 1707 004e 51       		.byte	0x51
 1708 004f 9F       		.byte	0x9f
 1709 0050 00000000 		.4byte	0
 1710 0054 00000000 		.4byte	0
 1711              	.LLST2:
 1712 0058 00000000 		.4byte	.LVL0
 1713 005c 18000000 		.4byte	.LVL2
 1714 0060 0100     		.2byte	0x1
 1715 0062 52       		.byte	0x52
 1716 0063 18000000 		.4byte	.LVL2
 1717 0067 32000000 		.4byte	.LVL5
 1718 006b 0100     		.2byte	0x1
 1719 006d 56       		.byte	0x56
 1720 006e 32000000 		.4byte	.LVL5
 1721 0072 3A010000 		.4byte	.LVL41
 1722 0076 0200     		.2byte	0x2
 1723 0078 7D       		.byte	0x7d
 1724 0079 00       		.sleb128 0
 1725 007a 3A010000 		.4byte	.LVL41
 1726 007e 3E010000 		.4byte	.LVL42
 1727 0082 0300     		.2byte	0x3
 1728 0084 91       		.byte	0x91
 1729 0085 B87F     		.sleb128 -72
 1730 0087 3E010000 		.4byte	.LVL42
 1731 008b 5C010000 		.4byte	.LFE63
 1732 008f 0300     		.2byte	0x3
 1733 0091 7D       		.byte	0x7d
 1734 0092 B87F     		.sleb128 -72
 1735 0094 00000000 		.4byte	0
 1736 0098 00000000 		.4byte	0
 1737              	.LLST3:
 1738 009c 00000000 		.4byte	.LVL0
 1739 00a0 14000000 		.4byte	.LVL1
 1740 00a4 0100     		.2byte	0x1
 1741 00a6 53       		.byte	0x53
 1742 00a7 14000000 		.4byte	.LVL1
 1743 00ab 32000000 		.4byte	.LVL5
 1744 00af 0100     		.2byte	0x1
 1745 00b1 54       		.byte	0x54
 1746 00b2 32000000 		.4byte	.LVL5
 1747 00b6 3E010000 		.4byte	.LVL42
 1748 00ba 0300     		.2byte	0x3
 1749 00bc 91       		.byte	0x91
 1750 00bd BC7F     		.sleb128 -68
 1751 00bf 3E010000 		.4byte	.LVL42
 1752 00c3 5C010000 		.4byte	.LFE63
 1753 00c7 0300     		.2byte	0x3
 1754 00c9 7D       		.byte	0x7d
 1755 00ca BC7F     		.sleb128 -68
 1756 00cc 00000000 		.4byte	0
ARM GAS  C:\Users\Tim\AppData\Local\Temp\ccVeoPrr.s 			page 34


 1757 00d0 00000000 		.4byte	0
 1758              	.LLST4:
 1759 00d4 30000000 		.4byte	.LVL4
 1760 00d8 32000000 		.4byte	.LVL5
 1761 00dc 0100     		.2byte	0x1
 1762 00de 50       		.byte	0x50
 1763 00df 32000000 		.4byte	.LVL5
 1764 00e3 5C000000 		.4byte	.LVL10
 1765 00e7 0100     		.2byte	0x1
 1766 00e9 58       		.byte	0x58
 1767 00ea 5C000000 		.4byte	.LVL10
 1768 00ee 7E000000 		.4byte	.LVL14
 1769 00f2 0100     		.2byte	0x1
 1770 00f4 5B       		.byte	0x5b
 1771 00f5 7E000000 		.4byte	.LVL14
 1772 00f9 C2000000 		.4byte	.LVL23
 1773 00fd 0100     		.2byte	0x1
 1774 00ff 58       		.byte	0x58
 1775 0100 C2000000 		.4byte	.LVL23
 1776 0104 E4000000 		.4byte	.LVL27
 1777 0108 0100     		.2byte	0x1
 1778 010a 5B       		.byte	0x5b
 1779 010b E4000000 		.4byte	.LVL27
 1780 010f 3E010000 		.4byte	.LVL42
 1781 0113 0100     		.2byte	0x1
 1782 0115 58       		.byte	0x58
 1783 0116 00000000 		.4byte	0
 1784 011a 00000000 		.4byte	0
 1785              	.LLST5:
 1786 011e 32000000 		.4byte	.LVL5
 1787 0122 0E010000 		.4byte	.LVL32
 1788 0126 0100     		.2byte	0x1
 1789 0128 54       		.byte	0x54
 1790 0129 10010000 		.4byte	.LVL33
 1791 012d 12010000 		.4byte	.LVL34
 1792 0131 0100     		.2byte	0x1
 1793 0133 54       		.byte	0x54
 1794 0134 14010000 		.4byte	.LVL35
 1795 0138 18010000 		.4byte	.LVL36
 1796 013c 0100     		.2byte	0x1
 1797 013e 54       		.byte	0x54
 1798 013f 00000000 		.4byte	0
 1799 0143 00000000 		.4byte	0
 1800              	.LLST6:
 1801 0147 54000000 		.4byte	.LVL8
 1802 014b 59000000 		.4byte	.LVL9-1
 1803 014f 0100     		.2byte	0x1
 1804 0151 50       		.byte	0x50
 1805 0152 59000000 		.4byte	.LVL9-1
 1806 0156 BA000000 		.4byte	.LVL21
 1807 015a 0100     		.2byte	0x1
 1808 015c 5B       		.byte	0x5b
 1809 015d BA000000 		.4byte	.LVL21
 1810 0161 BF000000 		.4byte	.LVL22-1
 1811 0165 0100     		.2byte	0x1
 1812 0167 50       		.byte	0x50
 1813 0168 BF000000 		.4byte	.LVL22-1
ARM GAS  C:\Users\Tim\AppData\Local\Temp\ccVeoPrr.s 			page 35


 1814 016c 12010000 		.4byte	.LVL34
 1815 0170 0100     		.2byte	0x1
 1816 0172 5B       		.byte	0x5b
 1817 0173 00000000 		.4byte	0
 1818 0177 00000000 		.4byte	0
 1819              	.LLST7:
 1820 017b 00000000 		.4byte	.LVL43
 1821 017f 10000000 		.4byte	.LVL44
 1822 0183 0100     		.2byte	0x1
 1823 0185 50       		.byte	0x50
 1824 0186 10000000 		.4byte	.LVL44
 1825 018a 38000000 		.4byte	.LVL48
 1826 018e 0100     		.2byte	0x1
 1827 0190 54       		.byte	0x54
 1828 0191 38000000 		.4byte	.LVL48
 1829 0195 3C000000 		.4byte	.LFE64
 1830 0199 0400     		.2byte	0x4
 1831 019b F3       		.byte	0xf3
 1832 019c 01       		.uleb128 0x1
 1833 019d 50       		.byte	0x50
 1834 019e 9F       		.byte	0x9f
 1835 019f 00000000 		.4byte	0
 1836 01a3 00000000 		.4byte	0
 1837              	.LLST8:
 1838 01a7 00000000 		.4byte	.LVL51
 1839 01ab 10000000 		.4byte	.LVL52
 1840 01af 0100     		.2byte	0x1
 1841 01b1 50       		.byte	0x50
 1842 01b2 10000000 		.4byte	.LVL52
 1843 01b6 38000000 		.4byte	.LVL56
 1844 01ba 0100     		.2byte	0x1
 1845 01bc 54       		.byte	0x54
 1846 01bd 38000000 		.4byte	.LVL56
 1847 01c1 3C000000 		.4byte	.LFE65
 1848 01c5 0400     		.2byte	0x4
 1849 01c7 F3       		.byte	0xf3
 1850 01c8 01       		.uleb128 0x1
 1851 01c9 50       		.byte	0x50
 1852 01ca 9F       		.byte	0x9f
 1853 01cb 00000000 		.4byte	0
 1854 01cf 00000000 		.4byte	0
 1855              	.LLST9:
 1856 01d3 00000000 		.4byte	.LVL59
 1857 01d7 08000000 		.4byte	.LVL60
 1858 01db 0100     		.2byte	0x1
 1859 01dd 50       		.byte	0x50
 1860 01de 08000000 		.4byte	.LVL60
 1861 01e2 28000000 		.4byte	.LFE68
 1862 01e6 0400     		.2byte	0x4
 1863 01e8 F3       		.byte	0xf3
 1864 01e9 01       		.uleb128 0x1
 1865 01ea 50       		.byte	0x50
 1866 01eb 9F       		.byte	0x9f
 1867 01ec 00000000 		.4byte	0
 1868 01f0 00000000 		.4byte	0
 1869              		.section	.debug_aranges,"",%progbits
 1870 0000 44000000 		.4byte	0x44
ARM GAS  C:\Users\Tim\AppData\Local\Temp\ccVeoPrr.s 			page 36


 1871 0004 0200     		.2byte	0x2
 1872 0006 00000000 		.4byte	.Ldebug_info0
 1873 000a 04       		.byte	0x4
 1874 000b 00       		.byte	0
 1875 000c 0000     		.2byte	0
 1876 000e 0000     		.2byte	0
 1877 0010 00000000 		.4byte	.LFB63
 1878 0014 5C010000 		.4byte	.LFE63-.LFB63
 1879 0018 00000000 		.4byte	.LFB64
 1880 001c 3C000000 		.4byte	.LFE64-.LFB64
 1881 0020 00000000 		.4byte	.LFB66
 1882 0024 28000000 		.4byte	.LFE66-.LFB66
 1883 0028 00000000 		.4byte	.LFB65
 1884 002c 3C000000 		.4byte	.LFE65-.LFB65
 1885 0030 00000000 		.4byte	.LFB67
 1886 0034 28000000 		.4byte	.LFE67-.LFB67
 1887 0038 00000000 		.4byte	.LFB68
 1888 003c 28000000 		.4byte	.LFE68-.LFB68
 1889 0040 00000000 		.4byte	0
 1890 0044 00000000 		.4byte	0
 1891              		.section	.debug_ranges,"",%progbits
 1892              	.Ldebug_ranges0:
 1893 0000 00000000 		.4byte	.LFB63
 1894 0004 5C010000 		.4byte	.LFE63
 1895 0008 00000000 		.4byte	.LFB64
 1896 000c 3C000000 		.4byte	.LFE64
 1897 0010 00000000 		.4byte	.LFB66
 1898 0014 28000000 		.4byte	.LFE66
 1899 0018 00000000 		.4byte	.LFB65
 1900 001c 3C000000 		.4byte	.LFE65
 1901 0020 00000000 		.4byte	.LFB67
 1902 0024 28000000 		.4byte	.LFE67
 1903 0028 00000000 		.4byte	.LFB68
 1904 002c 28000000 		.4byte	.LFE68
 1905 0030 00000000 		.4byte	0
 1906 0034 00000000 		.4byte	0
 1907              		.section	.debug_line,"",%progbits
 1908              	.Ldebug_line0:
 1909 0000 0E020000 		.section	.debug_str,"MS",%progbits,1
 1909      02007501 
 1909      00000201 
 1909      FB0E0D00 
 1909      01010101 
 1910              	.LASF42:
 1911 0000 6761696E 		.ascii	"gains\000"
 1911      7300
 1912              	.LASF45:
 1913 0006 645F6761 		.ascii	"d_gains\000"
 1913      696E7300 
 1914              	.LASF21:
 1915 000e 6370735F 		.ascii	"cps_scale\000"
 1915      7363616C 
 1915      6500
 1916              	.LASF27:
 1917 0018 5F63616C 		.ascii	"_cal_pid_tag\000"
 1917      5F706964 
 1917      5F746167 
ARM GAS  C:\Users\Tim\AppData\Local\Temp\ccVeoPrr.s 			page 37


 1917      00
 1918              	.LASF3:
 1919 0025 73686F72 		.ascii	"short int\000"
 1919      7420696E 
 1919      7400
 1920              	.LASF51:
 1921 002f 446F5269 		.ascii	"DoRightTwiddle\000"
 1921      67687454 
 1921      77696464 
 1921      6C6500
 1922              	.LASF18:
 1923 003e 73697A65 		.ascii	"sizetype\000"
 1923      74797065 
 1923      00
 1924              	.LASF52:
 1925 0047 76657262 		.ascii	"verbose\000"
 1925      6F736500 
 1926              	.LASF20:
 1927 004f 6370735F 		.ascii	"cps_max\000"
 1927      6D617800 
 1928              	.LASF43:
 1929 0057 76656C6F 		.ascii	"velocity\000"
 1929      63697479 
 1929      00
 1930              	.LASF47:
 1931 0060 54776964 		.ascii	"Twiddle\000"
 1931      646C6500 
 1932              	.LASF54:
 1933 0068 705F6361 		.ascii	"p_cal_eeprom\000"
 1933      6C5F6565 
 1933      70726F6D 
 1933      00
 1934              	.LASF13:
 1935 0075 75696E74 		.ascii	"uint16\000"
 1935      313600
 1936              	.LASF31:
 1937 007c 63686563 		.ascii	"checksum\000"
 1937      6B73756D 
 1937      00
 1938              	.LASF38:
 1939 0085 72696768 		.ascii	"right_motor_fwd\000"
 1939      745F6D6F 
 1939      746F725F 
 1939      66776400 
 1940              	.LASF49:
 1941 0095 53746F72 		.ascii	"StoreRightGains\000"
 1941      65526967 
 1941      68744761 
 1941      696E7300 
 1942              	.LASF19:
 1943 00a5 6370735F 		.ascii	"cps_min\000"
 1943      6D696E00 
 1944              	.LASF40:
 1945 00ad 43414C5F 		.ascii	"CAL_EEPROM_TYPE\000"
 1945      45455052 
 1945      4F4D5F54 
 1945      59504500 
ARM GAS  C:\Users\Tim\AppData\Local\Temp\ccVeoPrr.s 			page 38


 1946              	.LASF1:
 1947 00bd 7369676E 		.ascii	"signed char\000"
 1947      65642063 
 1947      68617200 
 1948              	.LASF34:
 1949 00c9 6C696E65 		.ascii	"linear_bias\000"
 1949      61725F62 
 1949      69617300 
 1950              	.LASF0:
 1951 00d5 666C6F61 		.ascii	"float\000"
 1951      7400
 1952              	.LASF57:
 1953 00db 443A5C70 		.ascii	"D:\\projects\\ArloBot\\arlobot_freesoc\\freesoc.cyd"
 1953      726F6A65 
 1953      6374735C 
 1953      41726C6F 
 1953      426F745C 
 1954 010a 736E00   		.ascii	"sn\000"
 1955              	.LASF7:
 1956 010d 6C6F6E67 		.ascii	"long long int\000"
 1956      206C6F6E 
 1956      6720696E 
 1956      7400
 1957              	.LASF41:
 1958 011b 52554E5F 		.ascii	"RUN_TYPE\000"
 1958      54595045 
 1958      00
 1959              	.LASF5:
 1960 0124 6C6F6E67 		.ascii	"long int\000"
 1960      20696E74 
 1960      00
 1961              	.LASF56:
 1962 012d 2E2E5C73 		.ascii	"..\\source\\calpid.c\000"
 1962      6F757263 
 1962      655C6361 
 1962      6C706964 
 1962      2E6300
 1963              	.LASF37:
 1964 0140 6C656674 		.ascii	"left_motor_bwd\000"
 1964      5F6D6F74 
 1964      6F725F62 
 1964      776400
 1965              	.LASF28:
 1966 014f 43414C5F 		.ascii	"CAL_PID_TYPE\000"
 1966      5049445F 
 1966      54595045 
 1966      00
 1967              	.LASF33:
 1968 015c 72696768 		.ascii	"right_gains\000"
 1968      745F6761 
 1968      696E7300 
 1969              	.LASF59:
 1970 0168 4E767374 		.ascii	"Nvstore_WriteFloat\000"
 1970      6F72655F 
 1970      57726974 
 1970      65466C6F 
 1970      617400
ARM GAS  C:\Users\Tim\AppData\Local\Temp\ccVeoPrr.s 			page 39


 1971              	.LASF2:
 1972 017b 756E7369 		.ascii	"unsigned char\000"
 1972      676E6564 
 1972      20636861 
 1972      7200
 1973              	.LASF50:
 1974 0189 446F4C65 		.ascii	"DoLeftTwiddle\000"
 1974      66745477 
 1974      6964646C 
 1974      6500
 1975              	.LASF32:
 1976 0197 6C656674 		.ascii	"left_gains\000"
 1976      5F676169 
 1976      6E7300
 1977              	.LASF26:
 1978 01a2 5F43414C 		.ascii	"_CAL_DATA_TYPE\000"
 1978      5F444154 
 1978      415F5459 
 1978      504500
 1979              	.LASF8:
 1980 01b1 6C6F6E67 		.ascii	"long long unsigned int\000"
 1980      206C6F6E 
 1980      6720756E 
 1980      7369676E 
 1980      65642069 
 1981              	.LASF9:
 1982 01c8 756E7369 		.ascii	"unsigned int\000"
 1982      676E6564 
 1982      20696E74 
 1982      00
 1983              	.LASF4:
 1984 01d5 73686F72 		.ascii	"short unsigned int\000"
 1984      7420756E 
 1984      7369676E 
 1984      65642069 
 1984      6E7400
 1985              	.LASF30:
 1986 01e8 73746174 		.ascii	"status\000"
 1986      757300
 1987              	.LASF17:
 1988 01ef 63686172 		.ascii	"char\000"
 1988      00
 1989              	.LASF55:
 1990 01f4 474E5520 		.ascii	"GNU C 4.9.3 20150303 (release) [ARM/embedded-4_9-br"
 1990      4320342E 
 1990      392E3320 
 1990      32303135 
 1990      30333033 
 1991 0227 616E6368 		.ascii	"anch revision 221220] -mcpu=cortex-m3 -mthumb -g -O"
 1991      20726576 
 1991      6973696F 
 1991      6E203232 
 1991      31323230 
 1992 025a 67202D66 		.ascii	"g -ffunction-sections -ffat-lto-objects\000"
 1992      66756E63 
 1992      74696F6E 
 1992      2D736563 
ARM GAS  C:\Users\Tim\AppData\Local\Temp\ccVeoPrr.s 			page 40


 1992      74696F6E 
 1993              	.LASF11:
 1994 0282 696E7433 		.ascii	"int32_t\000"
 1994      325F7400 
 1995              	.LASF12:
 1996 028a 75696E74 		.ascii	"uint8\000"
 1996      3800
 1997              	.LASF60:
 1998 0290 5365725F 		.ascii	"Ser_PutString\000"
 1998      50757453 
 1998      7472696E 
 1998      6700
 1999              	.LASF39:
 2000 029e 72696768 		.ascii	"right_motor_bwd\000"
 2000      745F6D6F 
 2000      746F725F 
 2000      62776400 
 2001              	.LASF14:
 2002 02ae 75696E74 		.ascii	"uint32\000"
 2002      333200
 2003              	.LASF6:
 2004 02b5 6C6F6E67 		.ascii	"long unsigned int\000"
 2004      20756E73 
 2004      69676E65 
 2004      6420696E 
 2004      7400
 2005              	.LASF15:
 2006 02c7 696E7433 		.ascii	"int32\000"
 2006      3200
 2007              	.LASF16:
 2008 02cd 646F7562 		.ascii	"double\000"
 2008      6C6500
 2009              	.LASF53:
 2010 02d4 49544D5F 		.ascii	"ITM_RxBuffer\000"
 2010      52784275 
 2010      66666572 
 2010      00
 2011              	.LASF22:
 2012 02e1 6370735F 		.ascii	"cps_data\000"
 2012      64617461 
 2012      00
 2013              	.LASF44:
 2014 02ea 72756E5F 		.ascii	"run_time\000"
 2014      74696D65 
 2014      00
 2015              	.LASF10:
 2016 02f3 5F5F696E 		.ascii	"__int32_t\000"
 2016      7433325F 
 2016      7400
 2017              	.LASF23:
 2018 02fd 70776D5F 		.ascii	"pwm_data\000"
 2018      64617461 
 2018      00
 2019              	.LASF46:
 2020 0306 62657374 		.ascii	"best_error\000"
 2020      5F657272 
 2020      6F7200
ARM GAS  C:\Users\Tim\AppData\Local\Temp\ccVeoPrr.s 			page 41


 2021              	.LASF25:
 2022 0311 43414C5F 		.ascii	"CAL_DATA_TYPE\000"
 2022      44415441 
 2022      5F545950 
 2022      4500
 2023              	.LASF35:
 2024 031f 616E6775 		.ascii	"angular_bias\000"
 2024      6C61725F 
 2024      62696173 
 2024      00
 2025              	.LASF58:
 2026 032c 50657266 		.ascii	"PerformPidCalibration\000"
 2026      6F726D50 
 2026      69644361 
 2026      6C696272 
 2026      6174696F 
 2027              	.LASF24:
 2028 0342 72657365 		.ascii	"reserved\000"
 2028      72766564 
 2028      00
 2029              	.LASF36:
 2030 034b 6C656674 		.ascii	"left_motor_fwd\000"
 2030      5F6D6F74 
 2030      6F725F66 
 2030      776400
 2031              	.LASF29:
 2032 035a 5F656570 		.ascii	"_eeprom_tag\000"
 2032      726F6D5F 
 2032      74616700 
 2033              	.LASF48:
 2034 0366 53746F72 		.ascii	"StoreLeftGains\000"
 2034      654C6566 
 2034      74476169 
 2034      6E7300
 2035              		.ident	"GCC: (GNU Tools for ARM Embedded Processors) 4.9.3 20150303 (release) [ARM/embedded-4_9-br
