--------------- Clean Started: 09/03/2016 07:34:48 Project: freesoc, Configuration: ARM GCC 4.9-2015-q1-update Debug ---------------
Deleting file ".\CortexM3\ARM_GCC_493\Debug\main.o"
Deleting file ".\CortexM3\ARM_GCC_493\Debug\cal.o"
Deleting file ".\CortexM3\ARM_GCC_493\Debug\control.o"
Deleting file ".\CortexM3\ARM_GCC_493\Debug\debug.o"
Deleting file ".\CortexM3\ARM_GCC_493\Debug\diag.o"
Deleting file ".\CortexM3\ARM_GCC_493\Debug\encoder.o"
Deleting file ".\CortexM3\ARM_GCC_493\Debug\i2c.o"
Deleting file ".\CortexM3\ARM_GCC_493\Debug\motor.o"
Deleting file ".\CortexM3\ARM_GCC_493\Debug\odom.o"
Deleting file ".\CortexM3\ARM_GCC_493\Debug\pid.o"
Deleting file ".\CortexM3\ARM_GCC_493\Debug\time.o"
Deleting file ".\CortexM3\ARM_GCC_493\Debug\utils.o"
Deleting file ".\CortexM3\ARM_GCC_493\Debug\pid_controller.o"
Deleting file ".\CortexM3\ARM_GCC_493\Debug\serial.o"
Deleting file ".\CortexM3\ARM_GCC_493\Debug\nvstore.o"
Deleting file ".\CortexM3\ARM_GCC_493\Debug\calpid.o"
Deleting file ".\CortexM3\ARM_GCC_493\Debug\calang.o"
Deleting file ".\CortexM3\ARM_GCC_493\Debug\callin.o"
Deleting file ".\CortexM3\ARM_GCC_493\Debug\calmotor.o"
Deleting file ".\CortexM3\ARM_GCC_493\Debug\pidutil.o"
Deleting file ".\CortexM3\ARM_GCC_493\Debug\spi.o"
Deleting file ".\CortexM3\ARM_GCC_493\Debug\cyfitter_cfg.o"
Deleting file ".\CortexM3\ARM_GCC_493\Debug\cymetadata.o"
Deleting file ".\CortexM3\ARM_GCC_493\Debug\Left_HB25_PWM_Pin.o"
Deleting file ".\CortexM3\ARM_GCC_493\Debug\Left_HB25_Enable_Pin.o"
Deleting file ".\CortexM3\ARM_GCC_493\Debug\Left_HB25_PWM.o"
Deleting file ".\CortexM3\ARM_GCC_493\Debug\Left_HB25_PWM_PM.o"
Deleting file ".\CortexM3\ARM_GCC_493\Debug\Right_HB25_PWM_Pin.o"
Deleting file ".\CortexM3\ARM_GCC_493\Debug\Right_HB25_Enable_Pin.o"
Deleting file ".\CortexM3\ARM_GCC_493\Debug\Right_HB25_PWM.o"
Deleting file ".\CortexM3\ARM_GCC_493\Debug\Right_HB25_PWM_PM.o"
Deleting file ".\CortexM3\ARM_GCC_493\Debug\Cm3Start.o"
Deleting file ".\CortexM3\ARM_GCC_493\Debug\CyBootAsmGnu.o"
Deleting file ".\CortexM3\ARM_GCC_493\Debug\CyDmac.o"
Deleting file ".\CortexM3\ARM_GCC_493\Debug\CyFlash.o"
Deleting file ".\CortexM3\ARM_GCC_493\Debug\CyLib.o"
Deleting file ".\CortexM3\ARM_GCC_493\Debug\cyPm.o"
Deleting file ".\CortexM3\ARM_GCC_493\Debug\CySpc.o"
Deleting file ".\CortexM3\ARM_GCC_493\Debug\cyutils.o"
Deleting file ".\CortexM3\ARM_GCC_493\Debug\Left_Encoder_A.o"
Deleting file ".\CortexM3\ARM_GCC_493\Debug\Left_Encoder_B.o"
Deleting file ".\CortexM3\ARM_GCC_493\Debug\Right_Encoder_A.o"
Deleting file ".\CortexM3\ARM_GCC_493\Debug\Right_Encoder_B.o"
Deleting file ".\CortexM3\ARM_GCC_493\Debug\EZI2C_Slave.o"
Deleting file ".\CortexM3\ARM_GCC_493\Debug\EZI2C_Slave_PM.o"
Deleting file ".\CortexM3\ARM_GCC_493\Debug\EZI2C_Slave_INT.o"
Deleting file ".\CortexM3\ARM_GCC_493\Debug\I2C_SDA.o"
Deleting file ".\CortexM3\ARM_GCC_493\Debug\I2C_SCL.o"
Deleting file ".\CortexM3\ARM_GCC_493\Debug\Mainloop_Pin.o"
Deleting file ".\CortexM3\ARM_GCC_493\Debug\EEPROM.o"
Deleting file ".\CortexM3\ARM_GCC_493\Debug\Clock_1.o"
Deleting file ".\CortexM3\ARM_GCC_493\Debug\Right_QuadDec.o"
Deleting file ".\CortexM3\ARM_GCC_493\Debug\Right_QuadDec_INT.o"
Deleting file ".\CortexM3\ARM_GCC_493\Debug\Right_QuadDec_PM.o"
Deleting file ".\CortexM3\ARM_GCC_493\Debug\Right_QuadDec_isr.o"
Deleting file ".\CortexM3\ARM_GCC_493\Debug\Right_QuadDec_Cnt16.o"
Deleting file ".\CortexM3\ARM_GCC_493\Debug\Right_QuadDec_Cnt16_PM.o"
Deleting file ".\CortexM3\ARM_GCC_493\Debug\Left_QuadDec.o"
Deleting file ".\CortexM3\ARM_GCC_493\Debug\Left_QuadDec_INT.o"
Deleting file ".\CortexM3\ARM_GCC_493\Debug\Left_QuadDec_PM.o"
Deleting file ".\CortexM3\ARM_GCC_493\Debug\Left_QuadDec_isr.o"
Deleting file ".\CortexM3\ARM_GCC_493\Debug\Left_QuadDec_Cnt16.o"
Deleting file ".\CortexM3\ARM_GCC_493\Debug\Left_QuadDec_Cnt16_PM.o"
Deleting file ".\CortexM3\ARM_GCC_493\Debug\USBUART.o"
Deleting file ".\CortexM3\ARM_GCC_493\Debug\USBUART_audio.o"
Deleting file ".\CortexM3\ARM_GCC_493\Debug\USBUART_boot.o"
Deleting file ".\CortexM3\ARM_GCC_493\Debug\USBUART_cdc.o"
Deleting file ".\CortexM3\ARM_GCC_493\Debug\USBUART_cls.o"
Deleting file ".\CortexM3\ARM_GCC_493\Debug\USBUART_descr.o"
Deleting file ".\CortexM3\ARM_GCC_493\Debug\USBUART_drv.o"
Deleting file ".\CortexM3\ARM_GCC_493\Debug\USBUART_episr.o"
Deleting file ".\CortexM3\ARM_GCC_493\Debug\USBUART_hid.o"
Deleting file ".\CortexM3\ARM_GCC_493\Debug\USBUART_pm.o"
Deleting file ".\CortexM3\ARM_GCC_493\Debug\USBUART_std.o"
Deleting file ".\CortexM3\ARM_GCC_493\Debug\USBUART_vnd.o"
Deleting file ".\CortexM3\ARM_GCC_493\Debug\USBUART_midi.o"
Deleting file ".\CortexM3\ARM_GCC_493\Debug\USBUART_msc.o"
Deleting file ".\CortexM3\ARM_GCC_493\Debug\USBUART_Dm.o"
Deleting file ".\CortexM3\ARM_GCC_493\Debug\USBUART_Dp.o"
Deleting file ".\CortexM3\ARM_GCC_493\Debug\Encoder_Clock.o"
Deleting file ".\CortexM3\ARM_GCC_493\Debug\PWM_Clock.o"
Deleting file ".\CortexM3\ARM_GCC_493\Debug\SPIM.o"
Deleting file ".\CortexM3\ARM_GCC_493\Debug\SPIM_PM.o"
Deleting file ".\CortexM3\ARM_GCC_493\Debug\SPIM_INT.o"
Deleting file ".\CortexM3\ARM_GCC_493\Debug\MISO.o"
Deleting file ".\CortexM3\ARM_GCC_493\Debug\SCLK.o"
Deleting file ".\CortexM3\ARM_GCC_493\Debug\MOSI.o"
Deleting file ".\CortexM3\ARM_GCC_493\Debug\SS_4.o"
Deleting file ".\CortexM3\ARM_GCC_493\Debug\SS_3.o"
Deleting file ".\CortexM3\ARM_GCC_493\Debug\SS_2.o"
Deleting file ".\CortexM3\ARM_GCC_493\Debug\Slave_Select.o"
Deleting file ".\CortexM3\ARM_GCC_493\Debug\Slave_Select_PM.o"
Deleting file ".\CortexM3\ARM_GCC_493\Debug\SS_1.o"
Deleting file ".\CortexM3\ARM_GCC_493\Debug\freesoc.hex"
Deleting file ".\CortexM3\ARM_GCC_493\Debug\freesoc.elf"
Deleting file ".\CortexM3\ARM_GCC_493\Debug\freesoc.map"
Deleting file ".\freesoc.cycdx"
Deleting file ".\freesoc.svd"
Deleting file ".\freesoc.rpt"
Deleting file ".\freesoc_timing.html"
Deleting file ".\CortexM3\ARM_GCC_493\Debug\.deps\C_FILE.P"
Deleting file ".\CortexM3\ARM_GCC_493\Debug\.deps\ARM_C_FILE.P"
Deleting file ".\CortexM3\ARM_GCC_493\Debug\.deps\GNU_ARM_ASM_FILE.P"
--------------- Clean Succeeded: 09/03/2016 07:34:48 ---------------
