ARM GAS  C:\Users\tslator\AppData\Local\Temp\ccVF7zjG.s 			page 1


   1              		.syntax unified
   2              		.cpu cortex-m3
   3              		.fpu softvfp
   4              		.eabi_attribute 20, 1
   5              		.eabi_attribute 21, 1
   6              		.eabi_attribute 23, 3
   7              		.eabi_attribute 24, 1
   8              		.eabi_attribute 25, 1
   9              		.eabi_attribute 26, 1
  10              		.eabi_attribute 30, 1
  11              		.eabi_attribute 34, 1
  12              		.eabi_attribute 18, 4
  13              		.thumb
  14              		.file	"control.c"
  15              		.text
  16              	.Ltext0:
  17              		.cfi_sections	.debug_frame
  18              		.section	.text.CalculateLeftRightSpeed,"ax",%progbits
  19              		.align	2
  20              		.thumb
  21              		.thumb_func
  22              		.type	CalculateLeftRightSpeed, %function
  23              	CalculateLeftRightSpeed:
  24              	.LFB63:
  25              		.file 1 "..\\source\\control.c"
   1:..\source/control.c **** /* ========================================
   2:..\source/control.c ****  *
   3:..\source/control.c ****  * Copyright YOUR COMPANY, THE YEAR
   4:..\source/control.c ****  * All Rights Reserved
   5:..\source/control.c ****  * UNPUBLISHED, LICENSED SOFTWARE.
   6:..\source/control.c ****  *
   7:..\source/control.c ****  * CONFIDENTIAL AND PROPRIETARY INFORMATION
   8:..\source/control.c ****  * WHICH IS THE PROPERTY OF your company.
   9:..\source/control.c ****  *
  10:..\source/control.c ****  * ========================================
  11:..\source/control.c **** */
  12:..\source/control.c **** 
  13:..\source/control.c **** #include "control.h"
  14:..\source/control.c **** #include "i2c.h"
  15:..\source/control.c **** #include "motor.h"
  16:..\source/control.c **** #include "cal.h"
  17:..\source/control.c **** #include "odom.h"
  18:..\source/control.c **** #include "time.h"
  19:..\source/control.c **** #include "utils.h"
  20:..\source/control.c **** #include "debug.h"
  21:..\source/control.c **** 
  22:..\source/control.c **** /* The purpose of this module is to handle control changes to the system.
  23:..\source/control.c ****  */
  24:..\source/control.c **** 
  25:..\source/control.c **** #define LEFT_RIGHT_CALC_MS  SAMPLE_TIME_MS(CONTROL_RATE)
  26:..\source/control.c **** 
  27:..\source/control.c **** static float left_cmd_velocity;
  28:..\source/control.c **** static float right_cmd_velocity;
  29:..\source/control.c **** #ifdef CLIFF_SENSORS    
  30:..\source/control.c **** static uint8 front_cliff_detect;
  31:..\source/control.c **** static uint8 rear_cliff_detect;
  32:..\source/control.c **** #endif
ARM GAS  C:\Users\tslator\AppData\Local\Temp\ccVF7zjG.s 			page 2


  33:..\source/control.c **** 
  34:..\source/control.c **** static void CalculateLeftRightSpeed()
  35:..\source/control.c **** /* Calculate the left/right wheel speed from the commanded linear/angular velocity
  36:..\source/control.c ****  */
  37:..\source/control.c **** {
  26              		.loc 1 37 0
  27              		.cfi_startproc
  28              		@ args = 0, pretend = 0, frame = 8
  29              		@ frame_needed = 0, uses_anonymous_args = 0
  30 0000 00B5     		push	{lr}
  31              		.cfi_def_cfa_offset 4
  32              		.cfi_offset 14, -4
  33 0002 83B0     		sub	sp, sp, #12
  34              		.cfi_def_cfa_offset 16
  38:..\source/control.c ****     float linear;
  39:..\source/control.c ****     float angular;
  40:..\source/control.c **** 
  41:..\source/control.c ****     I2c_ReadCmdVelocity(&linear, &angular);
  35              		.loc 1 41 0
  36 0004 01A8     		add	r0, sp, #4
  37 0006 6946     		mov	r1, sp
  38 0008 FFF7FEFF 		bl	I2c_ReadCmdVelocity
  39              	.LVL0:
  42:..\source/control.c ****     #ifdef CLIFF_SENSORS    
  43:..\source/control.c ****     if ( (front_cliff_detect && linear > 0 && angular != 0) ||
  44:..\source/control.c ****          (rear_cliff_detect && linear < 0 && angular != 0) )
  45:..\source/control.c ****     {
  46:..\source/control.c ****         linear = 0;
  47:..\source/control.c ****         angular = 0;
  48:..\source/control.c ****     }
  49:..\source/control.c ****     #endif
  50:..\source/control.c ****     
  51:..\source/control.c ****     ConvertLinearAngularToDifferential(linear, angular, &left_cmd_velocity, &right_cmd_velocity);
  40              		.loc 1 51 0
  41 000c 044B     		ldr	r3, .L3
  42 000e 0198     		ldr	r0, [sp, #4]	@ float
  43 0010 0099     		ldr	r1, [sp]	@ float
  44 0012 1A46     		mov	r2, r3
  45 0014 0433     		adds	r3, r3, #4
  46 0016 FFF7FEFF 		bl	ConvertLinearAngularToDifferential
  47              	.LVL1:
  52:..\source/control.c ****     
  53:..\source/control.c **** }
  48              		.loc 1 53 0
  49 001a 03B0     		add	sp, sp, #12
  50              		.cfi_def_cfa_offset 4
  51              		@ sp needed
  52 001c 5DF804FB 		ldr	pc, [sp], #4
  53              	.L4:
  54              		.align	2
  55              	.L3:
  56 0020 00000000 		.word	.LANCHOR0
  57              		.cfi_endproc
  58              	.LFE63:
  59              		.size	CalculateLeftRightSpeed, .-CalculateLeftRightSpeed
  60              		.section	.text.Control_Init,"ax",%progbits
  61              		.align	2
ARM GAS  C:\Users\tslator\AppData\Local\Temp\ccVF7zjG.s 			page 3


  62              		.global	Control_Init
  63              		.thumb
  64              		.thumb_func
  65              		.type	Control_Init, %function
  66              	Control_Init:
  67              	.LFB64:
  54:..\source/control.c **** 
  55:..\source/control.c **** void Control_Init()
  56:..\source/control.c **** {
  68              		.loc 1 56 0
  69              		.cfi_startproc
  70              		@ args = 0, pretend = 0, frame = 0
  71              		@ frame_needed = 0, uses_anonymous_args = 0
  72              		@ link register save eliminated.
  73 0000 7047     		bx	lr
  74              		.cfi_endproc
  75              	.LFE64:
  76              		.size	Control_Init, .-Control_Init
  77 0002 00BF     		.section	.text.Control_Start,"ax",%progbits
  78              		.align	2
  79              		.global	Control_Start
  80              		.thumb
  81              		.thumb_func
  82              		.type	Control_Start, %function
  83              	Control_Start:
  84              	.LFB65:
  57:..\source/control.c **** }
  58:..\source/control.c **** 
  59:..\source/control.c **** void Control_Start()
  60:..\source/control.c **** {    
  85              		.loc 1 60 0
  86              		.cfi_startproc
  87              		@ args = 0, pretend = 0, frame = 0
  88              		@ frame_needed = 0, uses_anonymous_args = 0
  89              		@ link register save eliminated.
  90 0000 7047     		bx	lr
  91              		.cfi_endproc
  92              	.LFE65:
  93              		.size	Control_Start, .-Control_Start
  94 0002 00BF     		.section	.text.Control_Update,"ax",%progbits
  95              		.align	2
  96              		.global	Control_Update
  97              		.thumb
  98              		.thumb_func
  99              		.type	Control_Update, %function
 100              	Control_Update:
 101              	.LFB66:
  61:..\source/control.c **** }
  62:..\source/control.c **** 
  63:..\source/control.c **** void Control_Update()
  64:..\source/control.c **** {
 102              		.loc 1 64 0
 103              		.cfi_startproc
 104              		@ args = 0, pretend = 0, frame = 0
 105              		@ frame_needed = 0, uses_anonymous_args = 0
 106              		.loc 1 64 0
 107 0000 10B5     		push	{r4, lr}
ARM GAS  C:\Users\tslator\AppData\Local\Temp\ccVF7zjG.s 			page 4


 108              		.cfi_def_cfa_offset 8
 109              		.cfi_offset 4, -8
 110              		.cfi_offset 14, -4
  65:..\source/control.c ****     uint16 control = I2c_ReadDeviceControl();
 111              		.loc 1 65 0
 112 0002 FFF7FEFF 		bl	I2c_ReadDeviceControl
 113              	.LVL2:
 114 0006 0446     		mov	r4, r0
 115              	.LVL3:
  66:..\source/control.c ****     if (control & CONTROL_DISABLE_MOTOR_BIT)
 116              		.loc 1 66 0
 117 0008 10F0010F 		tst	r0, #1
 118 000c 01D0     		beq	.L8
  67:..\source/control.c ****     {
  68:..\source/control.c ****         Motor_Stop();
 119              		.loc 1 68 0
 120 000e FFF7FEFF 		bl	Motor_Stop
 121              	.LVL4:
 122              	.L8:
  69:..\source/control.c ****     }
  70:..\source/control.c ****     
  71:..\source/control.c ****     if (control & CONTROL_CLEAR_ODOMETRY_BIT)
 123              		.loc 1 71 0
 124 0012 04F00204 		and	r4, r4, #2
 125 0016 A4B2     		uxth	r4, r4
 126 0018 0CB1     		cbz	r4, .L9
  72:..\source/control.c ****     {
  73:..\source/control.c ****         Odom_Reset();
 127              		.loc 1 73 0
 128 001a FFF7FEFF 		bl	Odom_Reset
 129              	.LVL5:
 130              	.L9:
  74:..\source/control.c ****     }
  75:..\source/control.c **** 
  76:..\source/control.c ****     I2c_ReadDebugControl();
 131              		.loc 1 76 0
 132 001e FFF7FEFF 		bl	I2c_ReadDebugControl
 133              	.LVL6:
  77:..\source/control.c ****     
  78:..\source/control.c ****     /* Check if calibration is requested */
  79:..\source/control.c ****     Cal_CheckRequest();
 134              		.loc 1 79 0
 135 0022 FFF7FEFF 		bl	Cal_CheckRequest
 136              	.LVL7:
  80:..\source/control.c ****     
  81:..\source/control.c ****     CalculateLeftRightSpeed();   
 137              		.loc 1 81 0
 138 0026 FFF7FEFF 		bl	CalculateLeftRightSpeed
 139              	.LVL8:
 140 002a 10BD     		pop	{r4, pc}
 141              		.cfi_endproc
 142              	.LFE66:
 143              		.size	Control_Update, .-Control_Update
 144              		.section	.text.Control_LeftGetCmdVelocity,"ax",%progbits
 145              		.align	2
 146              		.global	Control_LeftGetCmdVelocity
 147              		.thumb
ARM GAS  C:\Users\tslator\AppData\Local\Temp\ccVF7zjG.s 			page 5


 148              		.thumb_func
 149              		.type	Control_LeftGetCmdVelocity, %function
 150              	Control_LeftGetCmdVelocity:
 151              	.LFB67:
  82:..\source/control.c **** }
  83:..\source/control.c **** 
  84:..\source/control.c **** float Control_LeftGetCmdVelocity()
  85:..\source/control.c **** {
 152              		.loc 1 85 0
 153              		.cfi_startproc
 154              		@ args = 0, pretend = 0, frame = 0
 155              		@ frame_needed = 0, uses_anonymous_args = 0
 156              		@ link register save eliminated.
  86:..\source/control.c ****     return left_cmd_velocity;
  87:..\source/control.c **** }
 157              		.loc 1 87 0
 158 0000 014B     		ldr	r3, .L12
 159 0002 1868     		ldr	r0, [r3]	@ float
 160 0004 7047     		bx	lr
 161              	.L13:
 162 0006 00BF     		.align	2
 163              	.L12:
 164 0008 00000000 		.word	.LANCHOR0
 165              		.cfi_endproc
 166              	.LFE67:
 167              		.size	Control_LeftGetCmdVelocity, .-Control_LeftGetCmdVelocity
 168              		.section	.text.Control_RightGetCmdVelocity,"ax",%progbits
 169              		.align	2
 170              		.global	Control_RightGetCmdVelocity
 171              		.thumb
 172              		.thumb_func
 173              		.type	Control_RightGetCmdVelocity, %function
 174              	Control_RightGetCmdVelocity:
 175              	.LFB68:
  88:..\source/control.c **** 
  89:..\source/control.c **** float Control_RightGetCmdVelocity()
  90:..\source/control.c **** {
 176              		.loc 1 90 0
 177              		.cfi_startproc
 178              		@ args = 0, pretend = 0, frame = 0
 179              		@ frame_needed = 0, uses_anonymous_args = 0
 180              		@ link register save eliminated.
  91:..\source/control.c ****     return right_cmd_velocity;
  92:..\source/control.c **** }
 181              		.loc 1 92 0
 182 0000 014B     		ldr	r3, .L15
 183 0002 5868     		ldr	r0, [r3, #4]	@ float
 184 0004 7047     		bx	lr
 185              	.L16:
 186 0006 00BF     		.align	2
 187              	.L15:
 188 0008 00000000 		.word	.LANCHOR0
 189              		.cfi_endproc
 190              	.LFE68:
 191              		.size	Control_RightGetCmdVelocity, .-Control_RightGetCmdVelocity
 192              		.comm	formatted_string,256,4
 193              		.comm	debug_control_enabled,2,2
ARM GAS  C:\Users\tslator\AppData\Local\Temp\ccVF7zjG.s 			page 6


 194              		.comm	p_cal_eeprom,4,4
 195              		.bss
 196              		.align	2
 197              		.set	.LANCHOR0,. + 0
 198              		.type	left_cmd_velocity, %object
 199              		.size	left_cmd_velocity, 4
 200              	left_cmd_velocity:
 201 0000 00000000 		.space	4
 202              		.type	right_cmd_velocity, %object
 203              		.size	right_cmd_velocity, 4
 204              	right_cmd_velocity:
 205 0004 00000000 		.space	4
 206              		.text
 207              	.Letext0:
 208              		.file 2 "c:\\program files (x86)\\cypress\\psoc creator\\3.3\\psoc creator\\import\\gnu\\arm\\4.9.
 209              		.file 3 "c:\\program files (x86)\\cypress\\psoc creator\\3.3\\psoc creator\\import\\gnu\\arm\\4.9.
 210              		.file 4 "Generated_Source\\PSoC5/cytypes.h"
 211              		.file 5 "..\\source\\cal.h"
 212              		.file 6 "Generated_Source\\PSoC5/core_cm3.h"
 213              		.file 7 "..\\source\\debug.h"
 214              		.file 8 "..\\source\\i2c.h"
 215              		.file 9 "..\\source\\utils.h"
 216              		.file 10 "..\\source\\motor.h"
 217              		.file 11 "..\\source\\odom.h"
 218              		.section	.debug_info,"",%progbits
 219              	.Ldebug_info0:
 220 0000 36040000 		.4byte	0x436
 221 0004 0400     		.2byte	0x4
 222 0006 00000000 		.4byte	.Ldebug_abbrev0
 223 000a 04       		.byte	0x4
 224 000b 01       		.uleb128 0x1
 225 000c DA020000 		.4byte	.LASF59
 226 0010 01       		.byte	0x1
 227 0011 B4000000 		.4byte	.LASF60
 228 0015 DF030000 		.4byte	.LASF61
 229 0019 00000000 		.4byte	.Ldebug_ranges0+0
 230 001d 00000000 		.4byte	0
 231 0021 00000000 		.4byte	.Ldebug_line0
 232 0025 02       		.uleb128 0x2
 233 0026 01       		.byte	0x1
 234 0027 06       		.byte	0x6
 235 0028 D8000000 		.4byte	.LASF0
 236 002c 02       		.uleb128 0x2
 237 002d 01       		.byte	0x1
 238 002e 08       		.byte	0x8
 239 002f 7A010000 		.4byte	.LASF1
 240 0033 02       		.uleb128 0x2
 241 0034 02       		.byte	0x2
 242 0035 05       		.byte	0x5
 243 0036 1E000000 		.4byte	.LASF2
 244 003a 02       		.uleb128 0x2
 245 003b 02       		.byte	0x2
 246 003c 07       		.byte	0x7
 247 003d DC010000 		.4byte	.LASF3
 248 0041 03       		.uleb128 0x3
 249 0042 D0020000 		.4byte	.LASF9
 250 0046 02       		.byte	0x2
ARM GAS  C:\Users\tslator\AppData\Local\Temp\ccVF7zjG.s 			page 7


 251 0047 3F       		.byte	0x3f
 252 0048 4C000000 		.4byte	0x4c
 253 004c 02       		.uleb128 0x2
 254 004d 04       		.byte	0x4
 255 004e 05       		.byte	0x5
 256 004f 22020000 		.4byte	.LASF4
 257 0053 02       		.uleb128 0x2
 258 0054 04       		.byte	0x4
 259 0055 07       		.byte	0x7
 260 0056 8E020000 		.4byte	.LASF5
 261 005a 02       		.uleb128 0x2
 262 005b 08       		.byte	0x8
 263 005c 05       		.byte	0x5
 264 005d F8000000 		.4byte	.LASF6
 265 0061 02       		.uleb128 0x2
 266 0062 08       		.byte	0x8
 267 0063 07       		.byte	0x7
 268 0064 A2010000 		.4byte	.LASF7
 269 0068 04       		.uleb128 0x4
 270 0069 04       		.byte	0x4
 271 006a 05       		.byte	0x5
 272 006b 696E7400 		.ascii	"int\000"
 273 006f 02       		.uleb128 0x2
 274 0070 04       		.byte	0x4
 275 0071 07       		.byte	0x7
 276 0072 B9010000 		.4byte	.LASF8
 277 0076 03       		.uleb128 0x3
 278 0077 2B020000 		.4byte	.LASF10
 279 007b 03       		.byte	0x3
 280 007c 2C       		.byte	0x2c
 281 007d 41000000 		.4byte	0x41
 282 0081 05       		.uleb128 0x5
 283 0082 A6030000 		.4byte	.LASF11
 284 0086 04       		.byte	0x4
 285 0087 3801     		.2byte	0x138
 286 0089 2C000000 		.4byte	0x2c
 287 008d 05       		.uleb128 0x5
 288 008e 78000000 		.4byte	.LASF12
 289 0092 04       		.byte	0x4
 290 0093 3901     		.2byte	0x139
 291 0095 3A000000 		.4byte	0x3a
 292 0099 05       		.uleb128 0x5
 293 009a A0020000 		.4byte	.LASF13
 294 009e 04       		.byte	0x4
 295 009f 3D01     		.2byte	0x13d
 296 00a1 4C000000 		.4byte	0x4c
 297 00a5 02       		.uleb128 0x2
 298 00a6 04       		.byte	0x4
 299 00a7 04       		.byte	0x4
 300 00a8 F2000000 		.4byte	.LASF14
 301 00ac 02       		.uleb128 0x2
 302 00ad 08       		.byte	0x8
 303 00ae 04       		.byte	0x4
 304 00af A6020000 		.4byte	.LASF15
 305 00b3 02       		.uleb128 0x2
 306 00b4 01       		.byte	0x1
 307 00b5 08       		.byte	0x8
ARM GAS  C:\Users\tslator\AppData\Local\Temp\ccVF7zjG.s 			page 8


 308 00b6 1D020000 		.4byte	.LASF16
 309 00ba 02       		.uleb128 0x2
 310 00bb 04       		.byte	0x4
 311 00bc 07       		.byte	0x7
 312 00bd 28000000 		.4byte	.LASF17
 313 00c1 06       		.uleb128 0x6
 314 00c2 93010000 		.4byte	.LASF25
 315 00c6 4001     		.2byte	0x140
 316 00c8 05       		.byte	0x5
 317 00c9 2B       		.byte	0x2b
 318 00ca 18010000 		.4byte	0x118
 319 00ce 07       		.uleb128 0x7
 320 00cf 63000000 		.4byte	.LASF18
 321 00d3 05       		.byte	0x5
 322 00d4 2D       		.byte	0x2d
 323 00d5 99000000 		.4byte	0x99
 324 00d9 00       		.byte	0
 325 00da 07       		.uleb128 0x7
 326 00db 47000000 		.4byte	.LASF19
 327 00df 05       		.byte	0x5
 328 00e0 2E       		.byte	0x2e
 329 00e1 99000000 		.4byte	0x99
 330 00e5 04       		.byte	0x4
 331 00e6 07       		.uleb128 0x7
 332 00e7 00000000 		.4byte	.LASF20
 333 00eb 05       		.byte	0x5
 334 00ec 2F       		.byte	0x2f
 335 00ed 68000000 		.4byte	0x68
 336 00f1 08       		.byte	0x8
 337 00f2 07       		.uleb128 0x7
 338 00f3 BA020000 		.4byte	.LASF21
 339 00f7 05       		.byte	0x5
 340 00f8 30       		.byte	0x30
 341 00f9 18010000 		.4byte	0x118
 342 00fd 0C       		.byte	0xc
 343 00fe 07       		.uleb128 0x7
 344 00ff 68030000 		.4byte	.LASF22
 345 0103 05       		.byte	0x5
 346 0104 31       		.byte	0x31
 347 0105 28010000 		.4byte	0x128
 348 0109 D8       		.byte	0xd8
 349 010a 08       		.uleb128 0x8
 350 010b C7030000 		.4byte	.LASF23
 351 010f 05       		.byte	0x5
 352 0110 33       		.byte	0x33
 353 0111 8D000000 		.4byte	0x8d
 354 0115 3E01     		.2byte	0x13e
 355 0117 00       		.byte	0
 356 0118 09       		.uleb128 0x9
 357 0119 99000000 		.4byte	0x99
 358 011d 28010000 		.4byte	0x128
 359 0121 0A       		.uleb128 0xa
 360 0122 BA000000 		.4byte	0xba
 361 0126 32       		.byte	0x32
 362 0127 00       		.byte	0
 363 0128 09       		.uleb128 0x9
 364 0129 8D000000 		.4byte	0x8d
ARM GAS  C:\Users\tslator\AppData\Local\Temp\ccVF7zjG.s 			page 9


 365 012d 38010000 		.4byte	0x138
 366 0131 0A       		.uleb128 0xa
 367 0132 BA000000 		.4byte	0xba
 368 0136 32       		.byte	0x32
 369 0137 00       		.byte	0
 370 0138 03       		.uleb128 0x3
 371 0139 AC030000 		.4byte	.LASF24
 372 013d 05       		.byte	0x5
 373 013e 34       		.byte	0x34
 374 013f C1000000 		.4byte	0xc1
 375 0143 0B       		.uleb128 0xb
 376 0144 11000000 		.4byte	.LASF26
 377 0148 0C       		.byte	0xc
 378 0149 05       		.byte	0x5
 379 014a 36       		.byte	0x36
 380 014b 71010000 		.4byte	0x171
 381 014f 0C       		.uleb128 0xc
 382 0150 6B7000   		.ascii	"kp\000"
 383 0153 05       		.byte	0x5
 384 0154 38       		.byte	0x38
 385 0155 A5000000 		.4byte	0xa5
 386 0159 00       		.byte	0
 387 015a 0C       		.uleb128 0xc
 388 015b 6B6900   		.ascii	"ki\000"
 389 015e 05       		.byte	0x5
 390 015f 39       		.byte	0x39
 391 0160 A5000000 		.4byte	0xa5
 392 0164 04       		.byte	0x4
 393 0165 0C       		.uleb128 0xc
 394 0166 6B6400   		.ascii	"kd\000"
 395 0169 05       		.byte	0x5
 396 016a 3A       		.byte	0x3a
 397 016b A5000000 		.4byte	0xa5
 398 016f 08       		.byte	0x8
 399 0170 00       		.byte	0
 400 0171 03       		.uleb128 0x3
 401 0172 C3020000 		.4byte	.LASF27
 402 0176 05       		.byte	0x5
 403 0177 3B       		.byte	0x3b
 404 0178 43010000 		.4byte	0x143
 405 017c 06       		.uleb128 0x6
 406 017d 09040000 		.4byte	.LASF28
 407 0181 3005     		.2byte	0x530
 408 0183 05       		.byte	0x5
 409 0184 3D       		.byte	0x3d
 410 0185 11020000 		.4byte	0x211
 411 0189 07       		.uleb128 0x7
 412 018a FE010000 		.4byte	.LASF29
 413 018e 05       		.byte	0x5
 414 018f 40       		.byte	0x40
 415 0190 8D000000 		.4byte	0x8d
 416 0194 00       		.byte	0
 417 0195 07       		.uleb128 0x7
 418 0196 7F000000 		.4byte	.LASF30
 419 019a 05       		.byte	0x5
 420 019b 45       		.byte	0x45
 421 019c 8D000000 		.4byte	0x8d
ARM GAS  C:\Users\tslator\AppData\Local\Temp\ccVF7zjG.s 			page 10


 422 01a0 02       		.byte	0x2
 423 01a1 07       		.uleb128 0x7
 424 01a2 C7030000 		.4byte	.LASF23
 425 01a6 05       		.byte	0x5
 426 01a7 46       		.byte	0x46
 427 01a8 11020000 		.4byte	0x211
 428 01ac 04       		.byte	0x4
 429 01ad 07       		.uleb128 0x7
 430 01ae 88010000 		.4byte	.LASF31
 431 01b2 05       		.byte	0x5
 432 01b3 4B       		.byte	0x4b
 433 01b4 71010000 		.4byte	0x171
 434 01b8 10       		.byte	0x10
 435 01b9 07       		.uleb128 0x7
 436 01ba 66010000 		.4byte	.LASF32
 437 01be 05       		.byte	0x5
 438 01bf 4C       		.byte	0x4c
 439 01c0 71010000 		.4byte	0x171
 440 01c4 1C       		.byte	0x1c
 441 01c5 07       		.uleb128 0x7
 442 01c6 06010000 		.4byte	.LASF33
 443 01ca 05       		.byte	0x5
 444 01cb 4D       		.byte	0x4d
 445 01cc A5000000 		.4byte	0xa5
 446 01d0 28       		.byte	0x28
 447 01d1 07       		.uleb128 0x7
 448 01d2 BA030000 		.4byte	.LASF34
 449 01d6 05       		.byte	0x5
 450 01d7 4E       		.byte	0x4e
 451 01d8 A5000000 		.4byte	0xa5
 452 01dc 2C       		.byte	0x2c
 453 01dd 07       		.uleb128 0x7
 454 01de D0030000 		.4byte	.LASF35
 455 01e2 05       		.byte	0x5
 456 01e3 4F       		.byte	0x4f
 457 01e4 38010000 		.4byte	0x138
 458 01e8 30       		.byte	0x30
 459 01e9 08       		.uleb128 0x8
 460 01ea 4C010000 		.4byte	.LASF36
 461 01ee 05       		.byte	0x5
 462 01ef 50       		.byte	0x50
 463 01f0 38010000 		.4byte	0x138
 464 01f4 7001     		.2byte	0x170
 465 01f6 08       		.uleb128 0x8
 466 01f7 88000000 		.4byte	.LASF37
 467 01fb 05       		.byte	0x5
 468 01fc 51       		.byte	0x51
 469 01fd 38010000 		.4byte	0x138
 470 0201 B002     		.2byte	0x2b0
 471 0203 08       		.uleb128 0x8
 472 0204 50020000 		.4byte	.LASF38
 473 0208 05       		.byte	0x5
 474 0209 52       		.byte	0x52
 475 020a 38010000 		.4byte	0x138
 476 020e F003     		.2byte	0x3f0
 477 0210 00       		.byte	0
 478 0211 09       		.uleb128 0x9
ARM GAS  C:\Users\tslator\AppData\Local\Temp\ccVF7zjG.s 			page 11


 479 0212 81000000 		.4byte	0x81
 480 0216 21020000 		.4byte	0x221
 481 021a 0A       		.uleb128 0xa
 482 021b BA000000 		.4byte	0xba
 483 021f 0B       		.byte	0xb
 484 0220 00       		.byte	0
 485 0221 03       		.uleb128 0x3
 486 0222 C8000000 		.4byte	.LASF39
 487 0226 05       		.byte	0x5
 488 0227 53       		.byte	0x53
 489 0228 7C010000 		.4byte	0x17c
 490 022c 0D       		.uleb128 0xd
 491 022d 05020000 		.4byte	.LASF62
 492 0231 01       		.byte	0x1
 493 0232 22       		.byte	0x22
 494 0233 00000000 		.4byte	.LFB63
 495 0237 24000000 		.4byte	.LFE63-.LFB63
 496 023b 01       		.uleb128 0x1
 497 023c 9C       		.byte	0x9c
 498 023d 94020000 		.4byte	0x294
 499 0241 0E       		.uleb128 0xe
 500 0242 0A000000 		.4byte	.LASF40
 501 0246 01       		.byte	0x1
 502 0247 26       		.byte	0x26
 503 0248 A5000000 		.4byte	0xa5
 504 024c 02       		.uleb128 0x2
 505 024d 91       		.byte	0x91
 506 024e 74       		.sleb128 -12
 507 024f 0E       		.uleb128 0xe
 508 0250 48020000 		.4byte	.LASF41
 509 0254 01       		.byte	0x1
 510 0255 27       		.byte	0x27
 511 0256 A5000000 		.4byte	0xa5
 512 025a 02       		.uleb128 0x2
 513 025b 91       		.byte	0x91
 514 025c 70       		.sleb128 -16
 515 025d 0F       		.uleb128 0xf
 516 025e 0C000000 		.4byte	.LVL0
 517 0262 BC030000 		.4byte	0x3bc
 518 0266 77020000 		.4byte	0x277
 519 026a 10       		.uleb128 0x10
 520 026b 01       		.uleb128 0x1
 521 026c 51       		.byte	0x51
 522 026d 02       		.uleb128 0x2
 523 026e 7D       		.byte	0x7d
 524 026f 00       		.sleb128 0
 525 0270 10       		.uleb128 0x10
 526 0271 01       		.uleb128 0x1
 527 0272 50       		.byte	0x50
 528 0273 02       		.uleb128 0x2
 529 0274 91       		.byte	0x91
 530 0275 74       		.sleb128 -12
 531 0276 00       		.byte	0
 532 0277 11       		.uleb128 0x11
 533 0278 1A000000 		.4byte	.LVL1
 534 027c D8030000 		.4byte	0x3d8
 535 0280 10       		.uleb128 0x10
ARM GAS  C:\Users\tslator\AppData\Local\Temp\ccVF7zjG.s 			page 12


 536 0281 01       		.uleb128 0x1
 537 0282 53       		.byte	0x53
 538 0283 05       		.uleb128 0x5
 539 0284 03       		.byte	0x3
 540 0285 04000000 		.4byte	.LANCHOR0+4
 541 0289 10       		.uleb128 0x10
 542 028a 01       		.uleb128 0x1
 543 028b 52       		.byte	0x52
 544 028c 05       		.uleb128 0x5
 545 028d 03       		.byte	0x3
 546 028e 00000000 		.4byte	.LANCHOR0
 547 0292 00       		.byte	0
 548 0293 00       		.byte	0
 549 0294 12       		.uleb128 0x12
 550 0295 3F010000 		.4byte	.LASF42
 551 0299 01       		.byte	0x1
 552 029a 37       		.byte	0x37
 553 029b 00000000 		.4byte	.LFB64
 554 029f 02000000 		.4byte	.LFE64-.LFB64
 555 02a3 01       		.uleb128 0x1
 556 02a4 9C       		.byte	0x9c
 557 02a5 12       		.uleb128 0x12
 558 02a6 E4000000 		.4byte	.LASF43
 559 02aa 01       		.byte	0x1
 560 02ab 3B       		.byte	0x3b
 561 02ac 00000000 		.4byte	.LFB65
 562 02b0 02000000 		.4byte	.LFE65-.LFB65
 563 02b4 01       		.uleb128 0x1
 564 02b5 9C       		.byte	0x9c
 565 02b6 13       		.uleb128 0x13
 566 02b7 EF010000 		.4byte	.LASF63
 567 02bb 01       		.byte	0x1
 568 02bc 3F       		.byte	0x3f
 569 02bd 00000000 		.4byte	.LFB66
 570 02c1 2C000000 		.4byte	.LFE66-.LFB66
 571 02c5 01       		.uleb128 0x1
 572 02c6 9C       		.byte	0x9c
 573 02c7 11030000 		.4byte	0x311
 574 02cb 14       		.uleb128 0x14
 575 02cc 72010000 		.4byte	.LASF44
 576 02d0 01       		.byte	0x1
 577 02d1 41       		.byte	0x41
 578 02d2 8D000000 		.4byte	0x8d
 579 02d6 00000000 		.4byte	.LLST0
 580 02da 15       		.uleb128 0x15
 581 02db 06000000 		.4byte	.LVL2
 582 02df F8030000 		.4byte	0x3f8
 583 02e3 15       		.uleb128 0x15
 584 02e4 12000000 		.4byte	.LVL4
 585 02e8 09040000 		.4byte	0x409
 586 02ec 15       		.uleb128 0x15
 587 02ed 1E000000 		.4byte	.LVL5
 588 02f1 16040000 		.4byte	0x416
 589 02f5 15       		.uleb128 0x15
 590 02f6 22000000 		.4byte	.LVL6
 591 02fa 23040000 		.4byte	0x423
 592 02fe 15       		.uleb128 0x15
ARM GAS  C:\Users\tslator\AppData\Local\Temp\ccVF7zjG.s 			page 13


 593 02ff 26000000 		.4byte	.LVL7
 594 0303 30040000 		.4byte	0x430
 595 0307 15       		.uleb128 0x15
 596 0308 2A000000 		.4byte	.LVL8
 597 030c 2C020000 		.4byte	0x22c
 598 0310 00       		.byte	0
 599 0311 16       		.uleb128 0x16
 600 0312 12010000 		.4byte	.LASF45
 601 0316 01       		.byte	0x1
 602 0317 54       		.byte	0x54
 603 0318 A5000000 		.4byte	0xa5
 604 031c 00000000 		.4byte	.LFB67
 605 0320 0C000000 		.4byte	.LFE67-.LFB67
 606 0324 01       		.uleb128 0x1
 607 0325 9C       		.byte	0x9c
 608 0326 16       		.uleb128 0x16
 609 0327 98000000 		.4byte	.LASF46
 610 032b 01       		.byte	0x1
 611 032c 59       		.byte	0x59
 612 032d A5000000 		.4byte	0xa5
 613 0331 00000000 		.4byte	.LFB68
 614 0335 0C000000 		.4byte	.LFE68-.LFB68
 615 0339 01       		.uleb128 0x1
 616 033a 9C       		.byte	0x9c
 617 033b 0E       		.uleb128 0xe
 618 033c 2D010000 		.4byte	.LASF47
 619 0340 01       		.byte	0x1
 620 0341 1B       		.byte	0x1b
 621 0342 A5000000 		.4byte	0xa5
 622 0346 05       		.uleb128 0x5
 623 0347 03       		.byte	0x3
 624 0348 00000000 		.4byte	left_cmd_velocity
 625 034c 0E       		.uleb128 0xe
 626 034d 93030000 		.4byte	.LASF48
 627 0351 01       		.byte	0x1
 628 0352 1C       		.byte	0x1c
 629 0353 A5000000 		.4byte	0xa5
 630 0357 05       		.uleb128 0x5
 631 0358 03       		.byte	0x3
 632 0359 04000000 		.4byte	right_cmd_velocity
 633 035d 17       		.uleb128 0x17
 634 035e AD020000 		.4byte	.LASF49
 635 0362 06       		.byte	0x6
 636 0363 5506     		.2byte	0x655
 637 0365 69030000 		.4byte	0x369
 638 0369 18       		.uleb128 0x18
 639 036a 76000000 		.4byte	0x76
 640 036e 19       		.uleb128 0x19
 641 036f 6B000000 		.4byte	.LASF50
 642 0373 05       		.byte	0x5
 643 0374 55       		.byte	0x55
 644 0375 7F030000 		.4byte	0x37f
 645 0379 05       		.uleb128 0x5
 646 037a 03       		.byte	0x3
 647 037b 00000000 		.4byte	p_cal_eeprom
 648 037f 1A       		.uleb128 0x1a
 649 0380 04       		.byte	0x4
ARM GAS  C:\Users\tslator\AppData\Local\Temp\ccVF7zjG.s 			page 14


 650 0381 85030000 		.4byte	0x385
 651 0385 18       		.uleb128 0x18
 652 0386 21020000 		.4byte	0x221
 653 038a 19       		.uleb128 0x19
 654 038b 31000000 		.4byte	.LASF51
 655 038f 07       		.byte	0x7
 656 0390 2D       		.byte	0x2d
 657 0391 8D000000 		.4byte	0x8d
 658 0395 05       		.uleb128 0x5
 659 0396 03       		.byte	0x3
 660 0397 00000000 		.4byte	debug_control_enabled
 661 039b 09       		.uleb128 0x9
 662 039c B3000000 		.4byte	0xb3
 663 03a0 AB030000 		.4byte	0x3ab
 664 03a4 0A       		.uleb128 0xa
 665 03a5 BA000000 		.4byte	0xba
 666 03a9 FF       		.byte	0xff
 667 03aa 00       		.byte	0
 668 03ab 19       		.uleb128 0x19
 669 03ac 82030000 		.4byte	.LASF52
 670 03b0 07       		.byte	0x7
 671 03b1 2E       		.byte	0x2e
 672 03b2 9B030000 		.4byte	0x39b
 673 03b6 05       		.uleb128 0x5
 674 03b7 03       		.byte	0x3
 675 03b8 00000000 		.4byte	formatted_string
 676 03bc 1B       		.uleb128 0x1b
 677 03bd 4F000000 		.4byte	.LASF53
 678 03c1 08       		.byte	0x8
 679 03c2 1F       		.byte	0x1f
 680 03c3 D2030000 		.4byte	0x3d2
 681 03c7 1C       		.uleb128 0x1c
 682 03c8 D2030000 		.4byte	0x3d2
 683 03cc 1C       		.uleb128 0x1c
 684 03cd D2030000 		.4byte	0x3d2
 685 03d1 00       		.byte	0
 686 03d2 1A       		.uleb128 0x1a
 687 03d3 04       		.byte	0x4
 688 03d4 A5000000 		.4byte	0xa5
 689 03d8 1B       		.uleb128 0x1b
 690 03d9 60020000 		.4byte	.LASF54
 691 03dd 09       		.byte	0x9
 692 03de 41       		.byte	0x41
 693 03df F8030000 		.4byte	0x3f8
 694 03e3 1C       		.uleb128 0x1c
 695 03e4 A5000000 		.4byte	0xa5
 696 03e8 1C       		.uleb128 0x1c
 697 03e9 A5000000 		.4byte	0xa5
 698 03ed 1C       		.uleb128 0x1c
 699 03ee D2030000 		.4byte	0x3d2
 700 03f2 1C       		.uleb128 0x1c
 701 03f3 D2030000 		.4byte	0x3d2
 702 03f7 00       		.byte	0
 703 03f8 1D       		.uleb128 0x1d
 704 03f9 C6010000 		.4byte	.LASF55
 705 03fd 08       		.byte	0x8
 706 03fe 1D       		.byte	0x1d
ARM GAS  C:\Users\tslator\AppData\Local\Temp\ccVF7zjG.s 			page 15


 707 03ff 8D000000 		.4byte	0x8d
 708 0403 09040000 		.4byte	0x409
 709 0407 1E       		.uleb128 0x1e
 710 0408 00       		.byte	0
 711 0409 1F       		.uleb128 0x1f
 712 040a 5B010000 		.4byte	.LASF56
 713 040e 0A       		.byte	0xa
 714 040f 16       		.byte	0x16
 715 0410 16040000 		.4byte	0x416
 716 0414 1E       		.uleb128 0x1e
 717 0415 00       		.byte	0
 718 0416 1F       		.uleb128 0x1f
 719 0417 83020000 		.4byte	.LASF57
 720 041b 0B       		.byte	0xb
 721 041c 14       		.byte	0x14
 722 041d 23040000 		.4byte	0x423
 723 0421 1E       		.uleb128 0x1e
 724 0422 00       		.byte	0
 725 0423 1F       		.uleb128 0x1f
 726 0424 33020000 		.4byte	.LASF58
 727 0428 08       		.byte	0x8
 728 0429 1E       		.byte	0x1e
 729 042a 30040000 		.4byte	0x430
 730 042e 1E       		.uleb128 0x1e
 731 042f 00       		.byte	0
 732 0430 20       		.uleb128 0x20
 733 0431 71030000 		.4byte	.LASF64
 734 0435 05       		.byte	0x5
 735 0436 5F       		.byte	0x5f
 736 0437 1E       		.uleb128 0x1e
 737 0438 00       		.byte	0
 738 0439 00       		.byte	0
 739              		.section	.debug_abbrev,"",%progbits
 740              	.Ldebug_abbrev0:
 741 0000 01       		.uleb128 0x1
 742 0001 11       		.uleb128 0x11
 743 0002 01       		.byte	0x1
 744 0003 25       		.uleb128 0x25
 745 0004 0E       		.uleb128 0xe
 746 0005 13       		.uleb128 0x13
 747 0006 0B       		.uleb128 0xb
 748 0007 03       		.uleb128 0x3
 749 0008 0E       		.uleb128 0xe
 750 0009 1B       		.uleb128 0x1b
 751 000a 0E       		.uleb128 0xe
 752 000b 55       		.uleb128 0x55
 753 000c 17       		.uleb128 0x17
 754 000d 11       		.uleb128 0x11
 755 000e 01       		.uleb128 0x1
 756 000f 10       		.uleb128 0x10
 757 0010 17       		.uleb128 0x17
 758 0011 00       		.byte	0
 759 0012 00       		.byte	0
 760 0013 02       		.uleb128 0x2
 761 0014 24       		.uleb128 0x24
 762 0015 00       		.byte	0
 763 0016 0B       		.uleb128 0xb
ARM GAS  C:\Users\tslator\AppData\Local\Temp\ccVF7zjG.s 			page 16


 764 0017 0B       		.uleb128 0xb
 765 0018 3E       		.uleb128 0x3e
 766 0019 0B       		.uleb128 0xb
 767 001a 03       		.uleb128 0x3
 768 001b 0E       		.uleb128 0xe
 769 001c 00       		.byte	0
 770 001d 00       		.byte	0
 771 001e 03       		.uleb128 0x3
 772 001f 16       		.uleb128 0x16
 773 0020 00       		.byte	0
 774 0021 03       		.uleb128 0x3
 775 0022 0E       		.uleb128 0xe
 776 0023 3A       		.uleb128 0x3a
 777 0024 0B       		.uleb128 0xb
 778 0025 3B       		.uleb128 0x3b
 779 0026 0B       		.uleb128 0xb
 780 0027 49       		.uleb128 0x49
 781 0028 13       		.uleb128 0x13
 782 0029 00       		.byte	0
 783 002a 00       		.byte	0
 784 002b 04       		.uleb128 0x4
 785 002c 24       		.uleb128 0x24
 786 002d 00       		.byte	0
 787 002e 0B       		.uleb128 0xb
 788 002f 0B       		.uleb128 0xb
 789 0030 3E       		.uleb128 0x3e
 790 0031 0B       		.uleb128 0xb
 791 0032 03       		.uleb128 0x3
 792 0033 08       		.uleb128 0x8
 793 0034 00       		.byte	0
 794 0035 00       		.byte	0
 795 0036 05       		.uleb128 0x5
 796 0037 16       		.uleb128 0x16
 797 0038 00       		.byte	0
 798 0039 03       		.uleb128 0x3
 799 003a 0E       		.uleb128 0xe
 800 003b 3A       		.uleb128 0x3a
 801 003c 0B       		.uleb128 0xb
 802 003d 3B       		.uleb128 0x3b
 803 003e 05       		.uleb128 0x5
 804 003f 49       		.uleb128 0x49
 805 0040 13       		.uleb128 0x13
 806 0041 00       		.byte	0
 807 0042 00       		.byte	0
 808 0043 06       		.uleb128 0x6
 809 0044 13       		.uleb128 0x13
 810 0045 01       		.byte	0x1
 811 0046 03       		.uleb128 0x3
 812 0047 0E       		.uleb128 0xe
 813 0048 0B       		.uleb128 0xb
 814 0049 05       		.uleb128 0x5
 815 004a 3A       		.uleb128 0x3a
 816 004b 0B       		.uleb128 0xb
 817 004c 3B       		.uleb128 0x3b
 818 004d 0B       		.uleb128 0xb
 819 004e 01       		.uleb128 0x1
 820 004f 13       		.uleb128 0x13
ARM GAS  C:\Users\tslator\AppData\Local\Temp\ccVF7zjG.s 			page 17


 821 0050 00       		.byte	0
 822 0051 00       		.byte	0
 823 0052 07       		.uleb128 0x7
 824 0053 0D       		.uleb128 0xd
 825 0054 00       		.byte	0
 826 0055 03       		.uleb128 0x3
 827 0056 0E       		.uleb128 0xe
 828 0057 3A       		.uleb128 0x3a
 829 0058 0B       		.uleb128 0xb
 830 0059 3B       		.uleb128 0x3b
 831 005a 0B       		.uleb128 0xb
 832 005b 49       		.uleb128 0x49
 833 005c 13       		.uleb128 0x13
 834 005d 38       		.uleb128 0x38
 835 005e 0B       		.uleb128 0xb
 836 005f 00       		.byte	0
 837 0060 00       		.byte	0
 838 0061 08       		.uleb128 0x8
 839 0062 0D       		.uleb128 0xd
 840 0063 00       		.byte	0
 841 0064 03       		.uleb128 0x3
 842 0065 0E       		.uleb128 0xe
 843 0066 3A       		.uleb128 0x3a
 844 0067 0B       		.uleb128 0xb
 845 0068 3B       		.uleb128 0x3b
 846 0069 0B       		.uleb128 0xb
 847 006a 49       		.uleb128 0x49
 848 006b 13       		.uleb128 0x13
 849 006c 38       		.uleb128 0x38
 850 006d 05       		.uleb128 0x5
 851 006e 00       		.byte	0
 852 006f 00       		.byte	0
 853 0070 09       		.uleb128 0x9
 854 0071 01       		.uleb128 0x1
 855 0072 01       		.byte	0x1
 856 0073 49       		.uleb128 0x49
 857 0074 13       		.uleb128 0x13
 858 0075 01       		.uleb128 0x1
 859 0076 13       		.uleb128 0x13
 860 0077 00       		.byte	0
 861 0078 00       		.byte	0
 862 0079 0A       		.uleb128 0xa
 863 007a 21       		.uleb128 0x21
 864 007b 00       		.byte	0
 865 007c 49       		.uleb128 0x49
 866 007d 13       		.uleb128 0x13
 867 007e 2F       		.uleb128 0x2f
 868 007f 0B       		.uleb128 0xb
 869 0080 00       		.byte	0
 870 0081 00       		.byte	0
 871 0082 0B       		.uleb128 0xb
 872 0083 13       		.uleb128 0x13
 873 0084 01       		.byte	0x1
 874 0085 03       		.uleb128 0x3
 875 0086 0E       		.uleb128 0xe
 876 0087 0B       		.uleb128 0xb
 877 0088 0B       		.uleb128 0xb
ARM GAS  C:\Users\tslator\AppData\Local\Temp\ccVF7zjG.s 			page 18


 878 0089 3A       		.uleb128 0x3a
 879 008a 0B       		.uleb128 0xb
 880 008b 3B       		.uleb128 0x3b
 881 008c 0B       		.uleb128 0xb
 882 008d 01       		.uleb128 0x1
 883 008e 13       		.uleb128 0x13
 884 008f 00       		.byte	0
 885 0090 00       		.byte	0
 886 0091 0C       		.uleb128 0xc
 887 0092 0D       		.uleb128 0xd
 888 0093 00       		.byte	0
 889 0094 03       		.uleb128 0x3
 890 0095 08       		.uleb128 0x8
 891 0096 3A       		.uleb128 0x3a
 892 0097 0B       		.uleb128 0xb
 893 0098 3B       		.uleb128 0x3b
 894 0099 0B       		.uleb128 0xb
 895 009a 49       		.uleb128 0x49
 896 009b 13       		.uleb128 0x13
 897 009c 38       		.uleb128 0x38
 898 009d 0B       		.uleb128 0xb
 899 009e 00       		.byte	0
 900 009f 00       		.byte	0
 901 00a0 0D       		.uleb128 0xd
 902 00a1 2E       		.uleb128 0x2e
 903 00a2 01       		.byte	0x1
 904 00a3 03       		.uleb128 0x3
 905 00a4 0E       		.uleb128 0xe
 906 00a5 3A       		.uleb128 0x3a
 907 00a6 0B       		.uleb128 0xb
 908 00a7 3B       		.uleb128 0x3b
 909 00a8 0B       		.uleb128 0xb
 910 00a9 11       		.uleb128 0x11
 911 00aa 01       		.uleb128 0x1
 912 00ab 12       		.uleb128 0x12
 913 00ac 06       		.uleb128 0x6
 914 00ad 40       		.uleb128 0x40
 915 00ae 18       		.uleb128 0x18
 916 00af 9742     		.uleb128 0x2117
 917 00b1 19       		.uleb128 0x19
 918 00b2 01       		.uleb128 0x1
 919 00b3 13       		.uleb128 0x13
 920 00b4 00       		.byte	0
 921 00b5 00       		.byte	0
 922 00b6 0E       		.uleb128 0xe
 923 00b7 34       		.uleb128 0x34
 924 00b8 00       		.byte	0
 925 00b9 03       		.uleb128 0x3
 926 00ba 0E       		.uleb128 0xe
 927 00bb 3A       		.uleb128 0x3a
 928 00bc 0B       		.uleb128 0xb
 929 00bd 3B       		.uleb128 0x3b
 930 00be 0B       		.uleb128 0xb
 931 00bf 49       		.uleb128 0x49
 932 00c0 13       		.uleb128 0x13
 933 00c1 02       		.uleb128 0x2
 934 00c2 18       		.uleb128 0x18
ARM GAS  C:\Users\tslator\AppData\Local\Temp\ccVF7zjG.s 			page 19


 935 00c3 00       		.byte	0
 936 00c4 00       		.byte	0
 937 00c5 0F       		.uleb128 0xf
 938 00c6 898201   		.uleb128 0x4109
 939 00c9 01       		.byte	0x1
 940 00ca 11       		.uleb128 0x11
 941 00cb 01       		.uleb128 0x1
 942 00cc 31       		.uleb128 0x31
 943 00cd 13       		.uleb128 0x13
 944 00ce 01       		.uleb128 0x1
 945 00cf 13       		.uleb128 0x13
 946 00d0 00       		.byte	0
 947 00d1 00       		.byte	0
 948 00d2 10       		.uleb128 0x10
 949 00d3 8A8201   		.uleb128 0x410a
 950 00d6 00       		.byte	0
 951 00d7 02       		.uleb128 0x2
 952 00d8 18       		.uleb128 0x18
 953 00d9 9142     		.uleb128 0x2111
 954 00db 18       		.uleb128 0x18
 955 00dc 00       		.byte	0
 956 00dd 00       		.byte	0
 957 00de 11       		.uleb128 0x11
 958 00df 898201   		.uleb128 0x4109
 959 00e2 01       		.byte	0x1
 960 00e3 11       		.uleb128 0x11
 961 00e4 01       		.uleb128 0x1
 962 00e5 31       		.uleb128 0x31
 963 00e6 13       		.uleb128 0x13
 964 00e7 00       		.byte	0
 965 00e8 00       		.byte	0
 966 00e9 12       		.uleb128 0x12
 967 00ea 2E       		.uleb128 0x2e
 968 00eb 00       		.byte	0
 969 00ec 3F       		.uleb128 0x3f
 970 00ed 19       		.uleb128 0x19
 971 00ee 03       		.uleb128 0x3
 972 00ef 0E       		.uleb128 0xe
 973 00f0 3A       		.uleb128 0x3a
 974 00f1 0B       		.uleb128 0xb
 975 00f2 3B       		.uleb128 0x3b
 976 00f3 0B       		.uleb128 0xb
 977 00f4 11       		.uleb128 0x11
 978 00f5 01       		.uleb128 0x1
 979 00f6 12       		.uleb128 0x12
 980 00f7 06       		.uleb128 0x6
 981 00f8 40       		.uleb128 0x40
 982 00f9 18       		.uleb128 0x18
 983 00fa 9742     		.uleb128 0x2117
 984 00fc 19       		.uleb128 0x19
 985 00fd 00       		.byte	0
 986 00fe 00       		.byte	0
 987 00ff 13       		.uleb128 0x13
 988 0100 2E       		.uleb128 0x2e
 989 0101 01       		.byte	0x1
 990 0102 3F       		.uleb128 0x3f
 991 0103 19       		.uleb128 0x19
ARM GAS  C:\Users\tslator\AppData\Local\Temp\ccVF7zjG.s 			page 20


 992 0104 03       		.uleb128 0x3
 993 0105 0E       		.uleb128 0xe
 994 0106 3A       		.uleb128 0x3a
 995 0107 0B       		.uleb128 0xb
 996 0108 3B       		.uleb128 0x3b
 997 0109 0B       		.uleb128 0xb
 998 010a 11       		.uleb128 0x11
 999 010b 01       		.uleb128 0x1
 1000 010c 12       		.uleb128 0x12
 1001 010d 06       		.uleb128 0x6
 1002 010e 40       		.uleb128 0x40
 1003 010f 18       		.uleb128 0x18
 1004 0110 9742     		.uleb128 0x2117
 1005 0112 19       		.uleb128 0x19
 1006 0113 01       		.uleb128 0x1
 1007 0114 13       		.uleb128 0x13
 1008 0115 00       		.byte	0
 1009 0116 00       		.byte	0
 1010 0117 14       		.uleb128 0x14
 1011 0118 34       		.uleb128 0x34
 1012 0119 00       		.byte	0
 1013 011a 03       		.uleb128 0x3
 1014 011b 0E       		.uleb128 0xe
 1015 011c 3A       		.uleb128 0x3a
 1016 011d 0B       		.uleb128 0xb
 1017 011e 3B       		.uleb128 0x3b
 1018 011f 0B       		.uleb128 0xb
 1019 0120 49       		.uleb128 0x49
 1020 0121 13       		.uleb128 0x13
 1021 0122 02       		.uleb128 0x2
 1022 0123 17       		.uleb128 0x17
 1023 0124 00       		.byte	0
 1024 0125 00       		.byte	0
 1025 0126 15       		.uleb128 0x15
 1026 0127 898201   		.uleb128 0x4109
 1027 012a 00       		.byte	0
 1028 012b 11       		.uleb128 0x11
 1029 012c 01       		.uleb128 0x1
 1030 012d 31       		.uleb128 0x31
 1031 012e 13       		.uleb128 0x13
 1032 012f 00       		.byte	0
 1033 0130 00       		.byte	0
 1034 0131 16       		.uleb128 0x16
 1035 0132 2E       		.uleb128 0x2e
 1036 0133 00       		.byte	0
 1037 0134 3F       		.uleb128 0x3f
 1038 0135 19       		.uleb128 0x19
 1039 0136 03       		.uleb128 0x3
 1040 0137 0E       		.uleb128 0xe
 1041 0138 3A       		.uleb128 0x3a
 1042 0139 0B       		.uleb128 0xb
 1043 013a 3B       		.uleb128 0x3b
 1044 013b 0B       		.uleb128 0xb
 1045 013c 49       		.uleb128 0x49
 1046 013d 13       		.uleb128 0x13
 1047 013e 11       		.uleb128 0x11
 1048 013f 01       		.uleb128 0x1
ARM GAS  C:\Users\tslator\AppData\Local\Temp\ccVF7zjG.s 			page 21


 1049 0140 12       		.uleb128 0x12
 1050 0141 06       		.uleb128 0x6
 1051 0142 40       		.uleb128 0x40
 1052 0143 18       		.uleb128 0x18
 1053 0144 9742     		.uleb128 0x2117
 1054 0146 19       		.uleb128 0x19
 1055 0147 00       		.byte	0
 1056 0148 00       		.byte	0
 1057 0149 17       		.uleb128 0x17
 1058 014a 34       		.uleb128 0x34
 1059 014b 00       		.byte	0
 1060 014c 03       		.uleb128 0x3
 1061 014d 0E       		.uleb128 0xe
 1062 014e 3A       		.uleb128 0x3a
 1063 014f 0B       		.uleb128 0xb
 1064 0150 3B       		.uleb128 0x3b
 1065 0151 05       		.uleb128 0x5
 1066 0152 49       		.uleb128 0x49
 1067 0153 13       		.uleb128 0x13
 1068 0154 3F       		.uleb128 0x3f
 1069 0155 19       		.uleb128 0x19
 1070 0156 3C       		.uleb128 0x3c
 1071 0157 19       		.uleb128 0x19
 1072 0158 00       		.byte	0
 1073 0159 00       		.byte	0
 1074 015a 18       		.uleb128 0x18
 1075 015b 35       		.uleb128 0x35
 1076 015c 00       		.byte	0
 1077 015d 49       		.uleb128 0x49
 1078 015e 13       		.uleb128 0x13
 1079 015f 00       		.byte	0
 1080 0160 00       		.byte	0
 1081 0161 19       		.uleb128 0x19
 1082 0162 34       		.uleb128 0x34
 1083 0163 00       		.byte	0
 1084 0164 03       		.uleb128 0x3
 1085 0165 0E       		.uleb128 0xe
 1086 0166 3A       		.uleb128 0x3a
 1087 0167 0B       		.uleb128 0xb
 1088 0168 3B       		.uleb128 0x3b
 1089 0169 0B       		.uleb128 0xb
 1090 016a 49       		.uleb128 0x49
 1091 016b 13       		.uleb128 0x13
 1092 016c 3F       		.uleb128 0x3f
 1093 016d 19       		.uleb128 0x19
 1094 016e 02       		.uleb128 0x2
 1095 016f 18       		.uleb128 0x18
 1096 0170 00       		.byte	0
 1097 0171 00       		.byte	0
 1098 0172 1A       		.uleb128 0x1a
 1099 0173 0F       		.uleb128 0xf
 1100 0174 00       		.byte	0
 1101 0175 0B       		.uleb128 0xb
 1102 0176 0B       		.uleb128 0xb
 1103 0177 49       		.uleb128 0x49
 1104 0178 13       		.uleb128 0x13
 1105 0179 00       		.byte	0
ARM GAS  C:\Users\tslator\AppData\Local\Temp\ccVF7zjG.s 			page 22


 1106 017a 00       		.byte	0
 1107 017b 1B       		.uleb128 0x1b
 1108 017c 2E       		.uleb128 0x2e
 1109 017d 01       		.byte	0x1
 1110 017e 3F       		.uleb128 0x3f
 1111 017f 19       		.uleb128 0x19
 1112 0180 03       		.uleb128 0x3
 1113 0181 0E       		.uleb128 0xe
 1114 0182 3A       		.uleb128 0x3a
 1115 0183 0B       		.uleb128 0xb
 1116 0184 3B       		.uleb128 0x3b
 1117 0185 0B       		.uleb128 0xb
 1118 0186 27       		.uleb128 0x27
 1119 0187 19       		.uleb128 0x19
 1120 0188 3C       		.uleb128 0x3c
 1121 0189 19       		.uleb128 0x19
 1122 018a 01       		.uleb128 0x1
 1123 018b 13       		.uleb128 0x13
 1124 018c 00       		.byte	0
 1125 018d 00       		.byte	0
 1126 018e 1C       		.uleb128 0x1c
 1127 018f 05       		.uleb128 0x5
 1128 0190 00       		.byte	0
 1129 0191 49       		.uleb128 0x49
 1130 0192 13       		.uleb128 0x13
 1131 0193 00       		.byte	0
 1132 0194 00       		.byte	0
 1133 0195 1D       		.uleb128 0x1d
 1134 0196 2E       		.uleb128 0x2e
 1135 0197 01       		.byte	0x1
 1136 0198 3F       		.uleb128 0x3f
 1137 0199 19       		.uleb128 0x19
 1138 019a 03       		.uleb128 0x3
 1139 019b 0E       		.uleb128 0xe
 1140 019c 3A       		.uleb128 0x3a
 1141 019d 0B       		.uleb128 0xb
 1142 019e 3B       		.uleb128 0x3b
 1143 019f 0B       		.uleb128 0xb
 1144 01a0 49       		.uleb128 0x49
 1145 01a1 13       		.uleb128 0x13
 1146 01a2 3C       		.uleb128 0x3c
 1147 01a3 19       		.uleb128 0x19
 1148 01a4 01       		.uleb128 0x1
 1149 01a5 13       		.uleb128 0x13
 1150 01a6 00       		.byte	0
 1151 01a7 00       		.byte	0
 1152 01a8 1E       		.uleb128 0x1e
 1153 01a9 18       		.uleb128 0x18
 1154 01aa 00       		.byte	0
 1155 01ab 00       		.byte	0
 1156 01ac 00       		.byte	0
 1157 01ad 1F       		.uleb128 0x1f
 1158 01ae 2E       		.uleb128 0x2e
 1159 01af 01       		.byte	0x1
 1160 01b0 3F       		.uleb128 0x3f
 1161 01b1 19       		.uleb128 0x19
 1162 01b2 03       		.uleb128 0x3
ARM GAS  C:\Users\tslator\AppData\Local\Temp\ccVF7zjG.s 			page 23


 1163 01b3 0E       		.uleb128 0xe
 1164 01b4 3A       		.uleb128 0x3a
 1165 01b5 0B       		.uleb128 0xb
 1166 01b6 3B       		.uleb128 0x3b
 1167 01b7 0B       		.uleb128 0xb
 1168 01b8 3C       		.uleb128 0x3c
 1169 01b9 19       		.uleb128 0x19
 1170 01ba 01       		.uleb128 0x1
 1171 01bb 13       		.uleb128 0x13
 1172 01bc 00       		.byte	0
 1173 01bd 00       		.byte	0
 1174 01be 20       		.uleb128 0x20
 1175 01bf 2E       		.uleb128 0x2e
 1176 01c0 01       		.byte	0x1
 1177 01c1 3F       		.uleb128 0x3f
 1178 01c2 19       		.uleb128 0x19
 1179 01c3 03       		.uleb128 0x3
 1180 01c4 0E       		.uleb128 0xe
 1181 01c5 3A       		.uleb128 0x3a
 1182 01c6 0B       		.uleb128 0xb
 1183 01c7 3B       		.uleb128 0x3b
 1184 01c8 0B       		.uleb128 0xb
 1185 01c9 3C       		.uleb128 0x3c
 1186 01ca 19       		.uleb128 0x19
 1187 01cb 00       		.byte	0
 1188 01cc 00       		.byte	0
 1189 01cd 00       		.byte	0
 1190              		.section	.debug_loc,"",%progbits
 1191              	.Ldebug_loc0:
 1192              	.LLST0:
 1193 0000 08000000 		.4byte	.LVL3
 1194 0004 11000000 		.4byte	.LVL4-1
 1195 0008 0100     		.2byte	0x1
 1196 000a 50       		.byte	0x50
 1197 000b 00000000 		.4byte	0
 1198 000f 00000000 		.4byte	0
 1199              		.section	.debug_aranges,"",%progbits
 1200 0000 44000000 		.4byte	0x44
 1201 0004 0200     		.2byte	0x2
 1202 0006 00000000 		.4byte	.Ldebug_info0
 1203 000a 04       		.byte	0x4
 1204 000b 00       		.byte	0
 1205 000c 0000     		.2byte	0
 1206 000e 0000     		.2byte	0
 1207 0010 00000000 		.4byte	.LFB63
 1208 0014 24000000 		.4byte	.LFE63-.LFB63
 1209 0018 00000000 		.4byte	.LFB64
 1210 001c 02000000 		.4byte	.LFE64-.LFB64
 1211 0020 00000000 		.4byte	.LFB65
 1212 0024 02000000 		.4byte	.LFE65-.LFB65
 1213 0028 00000000 		.4byte	.LFB66
 1214 002c 2C000000 		.4byte	.LFE66-.LFB66
 1215 0030 00000000 		.4byte	.LFB67
 1216 0034 0C000000 		.4byte	.LFE67-.LFB67
 1217 0038 00000000 		.4byte	.LFB68
 1218 003c 0C000000 		.4byte	.LFE68-.LFB68
 1219 0040 00000000 		.4byte	0
ARM GAS  C:\Users\tslator\AppData\Local\Temp\ccVF7zjG.s 			page 24


 1220 0044 00000000 		.4byte	0
 1221              		.section	.debug_ranges,"",%progbits
 1222              	.Ldebug_ranges0:
 1223 0000 00000000 		.4byte	.LFB63
 1224 0004 24000000 		.4byte	.LFE63
 1225 0008 00000000 		.4byte	.LFB64
 1226 000c 02000000 		.4byte	.LFE64
 1227 0010 00000000 		.4byte	.LFB65
 1228 0014 02000000 		.4byte	.LFE65
 1229 0018 00000000 		.4byte	.LFB66
 1230 001c 2C000000 		.4byte	.LFE66
 1231 0020 00000000 		.4byte	.LFB67
 1232 0024 0C000000 		.4byte	.LFE67
 1233 0028 00000000 		.4byte	.LFB68
 1234 002c 0C000000 		.4byte	.LFE68
 1235 0030 00000000 		.4byte	0
 1236 0034 00000000 		.4byte	0
 1237              		.section	.debug_line,"",%progbits
 1238              	.Ldebug_line0:
 1239 0000 03020000 		.section	.debug_str,"MS",%progbits,1
 1239      02009101 
 1239      00000201 
 1239      FB0E0D00 
 1239      01010101 
 1240              	.LASF20:
 1241 0000 6370735F 		.ascii	"cps_scale\000"
 1241      7363616C 
 1241      6500
 1242              	.LASF40:
 1243 000a 6C696E65 		.ascii	"linear\000"
 1243      617200
 1244              	.LASF26:
 1245 0011 5F63616C 		.ascii	"_cal_pid_tag\000"
 1245      5F706964 
 1245      5F746167 
 1245      00
 1246              	.LASF2:
 1247 001e 73686F72 		.ascii	"short int\000"
 1247      7420696E 
 1247      7400
 1248              	.LASF17:
 1249 0028 73697A65 		.ascii	"sizetype\000"
 1249      74797065 
 1249      00
 1250              	.LASF51:
 1251 0031 64656275 		.ascii	"debug_control_enabled\000"
 1251      675F636F 
 1251      6E74726F 
 1251      6C5F656E 
 1251      61626C65 
 1252              	.LASF19:
 1253 0047 6370735F 		.ascii	"cps_max\000"
 1253      6D617800 
 1254              	.LASF53:
 1255 004f 4932635F 		.ascii	"I2c_ReadCmdVelocity\000"
 1255      52656164 
 1255      436D6456 
ARM GAS  C:\Users\tslator\AppData\Local\Temp\ccVF7zjG.s 			page 25


 1255      656C6F63 
 1255      69747900 
 1256              	.LASF18:
 1257 0063 6370735F 		.ascii	"cps_min\000"
 1257      6D696E00 
 1258              	.LASF50:
 1259 006b 705F6361 		.ascii	"p_cal_eeprom\000"
 1259      6C5F6565 
 1259      70726F6D 
 1259      00
 1260              	.LASF12:
 1261 0078 75696E74 		.ascii	"uint16\000"
 1261      313600
 1262              	.LASF30:
 1263 007f 63686563 		.ascii	"checksum\000"
 1263      6B73756D 
 1263      00
 1264              	.LASF37:
 1265 0088 72696768 		.ascii	"right_motor_fwd\000"
 1265      745F6D6F 
 1265      746F725F 
 1265      66776400 
 1266              	.LASF46:
 1267 0098 436F6E74 		.ascii	"Control_RightGetCmdVelocity\000"
 1267      726F6C5F 
 1267      52696768 
 1267      74476574 
 1267      436D6456 
 1268              	.LASF60:
 1269 00b4 2E2E5C73 		.ascii	"..\\source\\control.c\000"
 1269      6F757263 
 1269      655C636F 
 1269      6E74726F 
 1269      6C2E6300 
 1270              	.LASF39:
 1271 00c8 43414C5F 		.ascii	"CAL_EEPROM_TYPE\000"
 1271      45455052 
 1271      4F4D5F54 
 1271      59504500 
 1272              	.LASF0:
 1273 00d8 7369676E 		.ascii	"signed char\000"
 1273      65642063 
 1273      68617200 
 1274              	.LASF43:
 1275 00e4 436F6E74 		.ascii	"Control_Start\000"
 1275      726F6C5F 
 1275      53746172 
 1275      7400
 1276              	.LASF14:
 1277 00f2 666C6F61 		.ascii	"float\000"
 1277      7400
 1278              	.LASF6:
 1279 00f8 6C6F6E67 		.ascii	"long long int\000"
 1279      206C6F6E 
 1279      6720696E 
 1279      7400
 1280              	.LASF33:
ARM GAS  C:\Users\tslator\AppData\Local\Temp\ccVF7zjG.s 			page 26


 1281 0106 6C696E65 		.ascii	"linear_bias\000"
 1281      61725F62 
 1281      69617300 
 1282              	.LASF45:
 1283 0112 436F6E74 		.ascii	"Control_LeftGetCmdVelocity\000"
 1283      726F6C5F 
 1283      4C656674 
 1283      47657443 
 1283      6D645665 
 1284              	.LASF47:
 1285 012d 6C656674 		.ascii	"left_cmd_velocity\000"
 1285      5F636D64 
 1285      5F76656C 
 1285      6F636974 
 1285      7900
 1286              	.LASF42:
 1287 013f 436F6E74 		.ascii	"Control_Init\000"
 1287      726F6C5F 
 1287      496E6974 
 1287      00
 1288              	.LASF36:
 1289 014c 6C656674 		.ascii	"left_motor_bwd\000"
 1289      5F6D6F74 
 1289      6F725F62 
 1289      776400
 1290              	.LASF56:
 1291 015b 4D6F746F 		.ascii	"Motor_Stop\000"
 1291      725F5374 
 1291      6F7000
 1292              	.LASF32:
 1293 0166 72696768 		.ascii	"right_gains\000"
 1293      745F6761 
 1293      696E7300 
 1294              	.LASF44:
 1295 0172 636F6E74 		.ascii	"control\000"
 1295      726F6C00 
 1296              	.LASF1:
 1297 017a 756E7369 		.ascii	"unsigned char\000"
 1297      676E6564 
 1297      20636861 
 1297      7200
 1298              	.LASF31:
 1299 0188 6C656674 		.ascii	"left_gains\000"
 1299      5F676169 
 1299      6E7300
 1300              	.LASF25:
 1301 0193 5F43414C 		.ascii	"_CAL_DATA_TYPE\000"
 1301      5F444154 
 1301      415F5459 
 1301      504500
 1302              	.LASF7:
 1303 01a2 6C6F6E67 		.ascii	"long long unsigned int\000"
 1303      206C6F6E 
 1303      6720756E 
 1303      7369676E 
 1303      65642069 
 1304              	.LASF8:
ARM GAS  C:\Users\tslator\AppData\Local\Temp\ccVF7zjG.s 			page 27


 1305 01b9 756E7369 		.ascii	"unsigned int\000"
 1305      676E6564 
 1305      20696E74 
 1305      00
 1306              	.LASF55:
 1307 01c6 4932635F 		.ascii	"I2c_ReadDeviceControl\000"
 1307      52656164 
 1307      44657669 
 1307      6365436F 
 1307      6E74726F 
 1308              	.LASF3:
 1309 01dc 73686F72 		.ascii	"short unsigned int\000"
 1309      7420756E 
 1309      7369676E 
 1309      65642069 
 1309      6E7400
 1310              	.LASF63:
 1311 01ef 436F6E74 		.ascii	"Control_Update\000"
 1311      726F6C5F 
 1311      55706461 
 1311      746500
 1312              	.LASF29:
 1313 01fe 73746174 		.ascii	"status\000"
 1313      757300
 1314              	.LASF62:
 1315 0205 43616C63 		.ascii	"CalculateLeftRightSpeed\000"
 1315      756C6174 
 1315      654C6566 
 1315      74526967 
 1315      68745370 
 1316              	.LASF16:
 1317 021d 63686172 		.ascii	"char\000"
 1317      00
 1318              	.LASF4:
 1319 0222 6C6F6E67 		.ascii	"long int\000"
 1319      20696E74 
 1319      00
 1320              	.LASF10:
 1321 022b 696E7433 		.ascii	"int32_t\000"
 1321      325F7400 
 1322              	.LASF58:
 1323 0233 4932635F 		.ascii	"I2c_ReadDebugControl\000"
 1323      52656164 
 1323      44656275 
 1323      67436F6E 
 1323      74726F6C 
 1324              	.LASF41:
 1325 0248 616E6775 		.ascii	"angular\000"
 1325      6C617200 
 1326              	.LASF38:
 1327 0250 72696768 		.ascii	"right_motor_bwd\000"
 1327      745F6D6F 
 1327      746F725F 
 1327      62776400 
 1328              	.LASF54:
 1329 0260 436F6E76 		.ascii	"ConvertLinearAngularToDifferential\000"
 1329      6572744C 
ARM GAS  C:\Users\tslator\AppData\Local\Temp\ccVF7zjG.s 			page 28


 1329      696E6561 
 1329      72416E67 
 1329      756C6172 
 1330              	.LASF57:
 1331 0283 4F646F6D 		.ascii	"Odom_Reset\000"
 1331      5F526573 
 1331      657400
 1332              	.LASF5:
 1333 028e 6C6F6E67 		.ascii	"long unsigned int\000"
 1333      20756E73 
 1333      69676E65 
 1333      6420696E 
 1333      7400
 1334              	.LASF13:
 1335 02a0 696E7433 		.ascii	"int32\000"
 1335      3200
 1336              	.LASF15:
 1337 02a6 646F7562 		.ascii	"double\000"
 1337      6C6500
 1338              	.LASF49:
 1339 02ad 49544D5F 		.ascii	"ITM_RxBuffer\000"
 1339      52784275 
 1339      66666572 
 1339      00
 1340              	.LASF21:
 1341 02ba 6370735F 		.ascii	"cps_data\000"
 1341      64617461 
 1341      00
 1342              	.LASF27:
 1343 02c3 43414C5F 		.ascii	"CAL_PID_TYPE\000"
 1343      5049445F 
 1343      54595045 
 1343      00
 1344              	.LASF9:
 1345 02d0 5F5F696E 		.ascii	"__int32_t\000"
 1345      7433325F 
 1345      7400
 1346              	.LASF59:
 1347 02da 474E5520 		.ascii	"GNU C 4.9.3 20150303 (release) [ARM/embedded-4_9-br"
 1347      4320342E 
 1347      392E3320 
 1347      32303135 
 1347      30333033 
 1348 030d 616E6368 		.ascii	"anch revision 221220] -mcpu=cortex-m3 -mthumb -g -O"
 1348      20726576 
 1348      6973696F 
 1348      6E203232 
 1348      31323230 
 1349 0340 67202D66 		.ascii	"g -ffunction-sections -ffat-lto-objects\000"
 1349      66756E63 
 1349      74696F6E 
 1349      2D736563 
 1349      74696F6E 
 1350              	.LASF22:
 1351 0368 70776D5F 		.ascii	"pwm_data\000"
 1351      64617461 
 1351      00
ARM GAS  C:\Users\tslator\AppData\Local\Temp\ccVF7zjG.s 			page 29


 1352              	.LASF64:
 1353 0371 43616C5F 		.ascii	"Cal_CheckRequest\000"
 1353      43686563 
 1353      6B526571 
 1353      75657374 
 1353      00
 1354              	.LASF52:
 1355 0382 666F726D 		.ascii	"formatted_string\000"
 1355      61747465 
 1355      645F7374 
 1355      72696E67 
 1355      00
 1356              	.LASF48:
 1357 0393 72696768 		.ascii	"right_cmd_velocity\000"
 1357      745F636D 
 1357      645F7665 
 1357      6C6F6369 
 1357      747900
 1358              	.LASF11:
 1359 03a6 75696E74 		.ascii	"uint8\000"
 1359      3800
 1360              	.LASF24:
 1361 03ac 43414C5F 		.ascii	"CAL_DATA_TYPE\000"
 1361      44415441 
 1361      5F545950 
 1361      4500
 1362              	.LASF34:
 1363 03ba 616E6775 		.ascii	"angular_bias\000"
 1363      6C61725F 
 1363      62696173 
 1363      00
 1364              	.LASF23:
 1365 03c7 72657365 		.ascii	"reserved\000"
 1365      72766564 
 1365      00
 1366              	.LASF35:
 1367 03d0 6C656674 		.ascii	"left_motor_fwd\000"
 1367      5F6D6F74 
 1367      6F725F66 
 1367      776400
 1368              	.LASF61:
 1369 03df 443A5C70 		.ascii	"D:\\projects\\arlobot_freesoc\\freesoc.cydsn\000"
 1369      726F6A65 
 1369      6374735C 
 1369      61726C6F 
 1369      626F745F 
 1370              	.LASF28:
 1371 0409 5F656570 		.ascii	"_eeprom_tag\000"
 1371      726F6D5F 
 1371      74616700 
 1372              		.ident	"GCC: (GNU Tools for ARM Embedded Processors) 4.9.3 20150303 (release) [ARM/embedded-4_9-br
