ARM GAS  C:\Users\Tim\AppData\Local\Temp\ccb77Ine.s 			page 1


   1              		.syntax unified
   2              		.cpu cortex-m3
   3              		.fpu softvfp
   4              		.eabi_attribute 20, 1
   5              		.eabi_attribute 21, 1
   6              		.eabi_attribute 23, 3
   7              		.eabi_attribute 24, 1
   8              		.eabi_attribute 25, 1
   9              		.eabi_attribute 26, 1
  10              		.eabi_attribute 30, 1
  11              		.eabi_attribute 34, 1
  12              		.eabi_attribute 18, 4
  13              		.thumb
  14              		.file	"debug.c"
  15              		.text
  16              	.Ltext0:
  17              		.cfi_sections	.debug_frame
  18              		.section	.text.Debug_Init,"ax",%progbits
  19              		.align	2
  20              		.global	Debug_Init
  21              		.thumb
  22              		.thumb_func
  23              		.type	Debug_Init, %function
  24              	Debug_Init:
  25              	.LFB63:
  26              		.file 1 "..\\source\\debug.c"
   1:..\source/debug.c **** /* ========================================
   2:..\source/debug.c ****  *
   3:..\source/debug.c ****  * Copyright YOUR COMPANY, THE YEAR
   4:..\source/debug.c ****  * All Rights Reserved
   5:..\source/debug.c ****  * UNPUBLISHED, LICENSED SOFTWARE.
   6:..\source/debug.c ****  *
   7:..\source/debug.c ****  * CONFIDENTIAL AND PROPRIETARY INFORMATION
   8:..\source/debug.c ****  * WHICH IS THE PROPERTY OF your company.
   9:..\source/debug.c ****  *
  10:..\source/debug.c ****  * ========================================
  11:..\source/debug.c **** */
  12:..\source/debug.c **** 
  13:..\source/debug.c **** #include "debug.h"
  14:..\source/debug.c **** 
  15:..\source/debug.c **** 
  16:..\source/debug.c **** void Debug_Init()
  17:..\source/debug.c **** {
  27              		.loc 1 17 0
  28              		.cfi_startproc
  29              		@ args = 0, pretend = 0, frame = 0
  30              		@ frame_needed = 0, uses_anonymous_args = 0
  31 0000 08B5     		push	{r3, lr}
  32              		.cfi_def_cfa_offset 8
  33              		.cfi_offset 3, -8
  34              		.cfi_offset 14, -4
  18:..\source/debug.c ****     memset(formatted_string, 0, sizeof(formatted_string));
  35              		.loc 1 18 0
  36 0002 0348     		ldr	r0, .L3
  37 0004 0021     		movs	r1, #0
  38 0006 4FF48072 		mov	r2, #256
  39 000a FFF7FEFF 		bl	memset
ARM GAS  C:\Users\Tim\AppData\Local\Temp\ccb77Ine.s 			page 2


  40              	.LVL0:
  41 000e 08BD     		pop	{r3, pc}
  42              	.L4:
  43              		.align	2
  44              	.L3:
  45 0010 00000000 		.word	formatted_string
  46              		.cfi_endproc
  47              	.LFE63:
  48              		.size	Debug_Init, .-Debug_Init
  49              		.section	.text.Debug_Start,"ax",%progbits
  50              		.align	2
  51              		.global	Debug_Start
  52              		.thumb
  53              		.thumb_func
  54              		.type	Debug_Start, %function
  55              	Debug_Start:
  56              	.LFB64:
  19:..\source/debug.c **** }
  20:..\source/debug.c **** 
  21:..\source/debug.c **** void Debug_Start()
  22:..\source/debug.c **** {
  57              		.loc 1 22 0
  58              		.cfi_startproc
  59              		@ args = 0, pretend = 0, frame = 0
  60              		@ frame_needed = 0, uses_anonymous_args = 0
  61 0000 08B5     		push	{r3, lr}
  62              		.cfi_def_cfa_offset 8
  63              		.cfi_offset 3, -8
  64              		.cfi_offset 14, -4
  23:..\source/debug.c **** #ifdef COMMS_DEBUG_ENABLED
  24:..\source/debug.c ****     UART_Debug_Start();
  65              		.loc 1 24 0
  66 0002 FFF7FEFF 		bl	UART_Debug_Start
  67              	.LVL1:
  68 0006 08BD     		pop	{r3, pc}
  69              		.cfi_endproc
  70              	.LFE64:
  71              		.size	Debug_Start, .-Debug_Start
  72              		.comm	formatted_string,256,4
  73              		.text
  74              	.Letext0:
  75              		.file 2 "c:\\program files (x86)\\cypress\\psoc creator\\3.3\\psoc creator\\import\\gnu\\arm\\4.9.
  76              		.file 3 "c:\\program files (x86)\\cypress\\psoc creator\\3.3\\psoc creator\\import\\gnu\\arm\\4.9.
  77              		.file 4 "Generated_Source\\PSoC5/core_cm3.h"
  78              		.file 5 "..\\source\\debug.h"
  79              		.file 6 "Generated_Source\\PSoC5/UART_Debug.h"
  80              		.section	.debug_info,"",%progbits
  81              	.Ldebug_info0:
  82 0000 46010000 		.4byte	0x146
  83 0004 0400     		.2byte	0x4
  84 0006 00000000 		.4byte	.Ldebug_abbrev0
  85 000a 04       		.byte	0x4
  86 000b 01       		.uleb128 0x1
  87 000c BE000000 		.4byte	.LASF19
  88 0010 01       		.byte	0x1
  89 0011 BE010000 		.4byte	.LASF20
  90 0015 8C000000 		.4byte	.LASF21
ARM GAS  C:\Users\Tim\AppData\Local\Temp\ccb77Ine.s 			page 3


  91 0019 00000000 		.4byte	.Ldebug_ranges0+0
  92 001d 00000000 		.4byte	0
  93 0021 00000000 		.4byte	.Ldebug_line0
  94 0025 02       		.uleb128 0x2
  95 0026 01       		.byte	0x1
  96 0027 06       		.byte	0x6
  97 0028 88010000 		.4byte	.LASF0
  98 002c 02       		.uleb128 0x2
  99 002d 01       		.byte	0x1
 100 002e 08       		.byte	0x8
 101 002f 4C010000 		.4byte	.LASF1
 102 0033 02       		.uleb128 0x2
 103 0034 02       		.byte	0x2
 104 0035 05       		.byte	0x5
 105 0036 A4010000 		.4byte	.LASF2
 106 003a 02       		.uleb128 0x2
 107 003b 02       		.byte	0x2
 108 003c 07       		.byte	0x7
 109 003d 0E000000 		.4byte	.LASF3
 110 0041 03       		.uleb128 0x3
 111 0042 94010000 		.4byte	.LASF9
 112 0046 02       		.byte	0x2
 113 0047 3F       		.byte	0x3f
 114 0048 4C000000 		.4byte	0x4c
 115 004c 02       		.uleb128 0x2
 116 004d 04       		.byte	0x4
 117 004e 05       		.byte	0x5
 118 004f 6B010000 		.4byte	.LASF4
 119 0053 02       		.uleb128 0x2
 120 0054 04       		.byte	0x4
 121 0055 07       		.byte	0x7
 122 0056 52000000 		.4byte	.LASF5
 123 005a 02       		.uleb128 0x2
 124 005b 08       		.byte	0x8
 125 005c 05       		.byte	0x5
 126 005d 00000000 		.4byte	.LASF6
 127 0061 02       		.uleb128 0x2
 128 0062 08       		.byte	0x8
 129 0063 07       		.byte	0x7
 130 0064 64000000 		.4byte	.LASF7
 131 0068 04       		.uleb128 0x4
 132 0069 04       		.byte	0x4
 133 006a 05       		.byte	0x5
 134 006b 696E7400 		.ascii	"int\000"
 135 006f 02       		.uleb128 0x2
 136 0070 04       		.byte	0x4
 137 0071 07       		.byte	0x7
 138 0072 21000000 		.4byte	.LASF8
 139 0076 03       		.uleb128 0x3
 140 0077 4A000000 		.4byte	.LASF10
 141 007b 03       		.byte	0x3
 142 007c 2C       		.byte	0x2c
 143 007d 41000000 		.4byte	0x41
 144 0081 02       		.uleb128 0x2
 145 0082 04       		.byte	0x4
 146 0083 04       		.byte	0x4
 147 0084 9E010000 		.4byte	.LASF11
ARM GAS  C:\Users\Tim\AppData\Local\Temp\ccb77Ine.s 			page 4


 148 0088 02       		.uleb128 0x2
 149 0089 08       		.byte	0x8
 150 008a 04       		.byte	0x4
 151 008b 74010000 		.4byte	.LASF12
 152 008f 02       		.uleb128 0x2
 153 0090 01       		.byte	0x1
 154 0091 08       		.byte	0x8
 155 0092 66010000 		.4byte	.LASF13
 156 0096 02       		.uleb128 0x2
 157 0097 04       		.byte	0x4
 158 0098 07       		.byte	0x7
 159 0099 B5010000 		.4byte	.LASF14
 160 009d 05       		.uleb128 0x5
 161 009e 04       		.byte	0x4
 162 009f 06       		.uleb128 0x6
 163 00a0 3F000000 		.4byte	.LASF15
 164 00a4 01       		.byte	0x1
 165 00a5 10       		.byte	0x10
 166 00a6 00000000 		.4byte	.LFB63
 167 00aa 14000000 		.4byte	.LFE63-.LFB63
 168 00ae 01       		.uleb128 0x1
 169 00af 9C       		.byte	0x9c
 170 00b0 D4000000 		.4byte	0xd4
 171 00b4 07       		.uleb128 0x7
 172 00b5 0E000000 		.4byte	.LVL0
 173 00b9 25010000 		.4byte	0x125
 174 00bd 08       		.uleb128 0x8
 175 00be 01       		.uleb128 0x1
 176 00bf 52       		.byte	0x52
 177 00c0 03       		.uleb128 0x3
 178 00c1 0A       		.byte	0xa
 179 00c2 0001     		.2byte	0x100
 180 00c4 08       		.uleb128 0x8
 181 00c5 01       		.uleb128 0x1
 182 00c6 51       		.byte	0x51
 183 00c7 01       		.uleb128 0x1
 184 00c8 30       		.byte	0x30
 185 00c9 08       		.uleb128 0x8
 186 00ca 01       		.uleb128 0x1
 187 00cb 50       		.byte	0x50
 188 00cc 05       		.uleb128 0x5
 189 00cd 03       		.byte	0x3
 190 00ce 00000000 		.4byte	formatted_string
 191 00d2 00       		.byte	0
 192 00d3 00       		.byte	0
 193 00d4 06       		.uleb128 0x6
 194 00d5 5A010000 		.4byte	.LASF16
 195 00d9 01       		.byte	0x1
 196 00da 15       		.byte	0x15
 197 00db 00000000 		.4byte	.LFB64
 198 00df 08000000 		.4byte	.LFE64-.LFB64
 199 00e3 01       		.uleb128 0x1
 200 00e4 9C       		.byte	0x9c
 201 00e5 F3000000 		.4byte	0xf3
 202 00e9 09       		.uleb128 0x9
 203 00ea 06000000 		.4byte	.LVL1
 204 00ee 42010000 		.4byte	0x142
ARM GAS  C:\Users\Tim\AppData\Local\Temp\ccb77Ine.s 			page 5


 205 00f2 00       		.byte	0
 206 00f3 0A       		.uleb128 0xa
 207 00f4 7B010000 		.4byte	.LASF17
 208 00f8 04       		.byte	0x4
 209 00f9 5506     		.2byte	0x655
 210 00fb FF000000 		.4byte	0xff
 211 00ff 0B       		.uleb128 0xb
 212 0100 76000000 		.4byte	0x76
 213 0104 0C       		.uleb128 0xc
 214 0105 8F000000 		.4byte	0x8f
 215 0109 14010000 		.4byte	0x114
 216 010d 0D       		.uleb128 0xd
 217 010e 96000000 		.4byte	0x96
 218 0112 FF       		.byte	0xff
 219 0113 00       		.byte	0
 220 0114 0E       		.uleb128 0xe
 221 0115 7B000000 		.4byte	.LASF18
 222 0119 05       		.byte	0x5
 223 011a 14       		.byte	0x14
 224 011b 04010000 		.4byte	0x104
 225 011f 05       		.uleb128 0x5
 226 0120 03       		.byte	0x3
 227 0121 00000000 		.4byte	formatted_string
 228 0125 0F       		.uleb128 0xf
 229 0126 AE010000 		.4byte	.LASF22
 230 012a 9D000000 		.4byte	0x9d
 231 012e 42010000 		.4byte	0x142
 232 0132 10       		.uleb128 0x10
 233 0133 9D000000 		.4byte	0x9d
 234 0137 10       		.uleb128 0x10
 235 0138 68000000 		.4byte	0x68
 236 013c 10       		.uleb128 0x10
 237 013d 96000000 		.4byte	0x96
 238 0141 00       		.byte	0
 239 0142 11       		.uleb128 0x11
 240 0143 2E000000 		.4byte	.LASF23
 241 0147 06       		.byte	0x6
 242 0148 54       		.byte	0x54
 243 0149 00       		.byte	0
 244              		.section	.debug_abbrev,"",%progbits
 245              	.Ldebug_abbrev0:
 246 0000 01       		.uleb128 0x1
 247 0001 11       		.uleb128 0x11
 248 0002 01       		.byte	0x1
 249 0003 25       		.uleb128 0x25
 250 0004 0E       		.uleb128 0xe
 251 0005 13       		.uleb128 0x13
 252 0006 0B       		.uleb128 0xb
 253 0007 03       		.uleb128 0x3
 254 0008 0E       		.uleb128 0xe
 255 0009 1B       		.uleb128 0x1b
 256 000a 0E       		.uleb128 0xe
 257 000b 55       		.uleb128 0x55
 258 000c 17       		.uleb128 0x17
 259 000d 11       		.uleb128 0x11
 260 000e 01       		.uleb128 0x1
 261 000f 10       		.uleb128 0x10
ARM GAS  C:\Users\Tim\AppData\Local\Temp\ccb77Ine.s 			page 6


 262 0010 17       		.uleb128 0x17
 263 0011 00       		.byte	0
 264 0012 00       		.byte	0
 265 0013 02       		.uleb128 0x2
 266 0014 24       		.uleb128 0x24
 267 0015 00       		.byte	0
 268 0016 0B       		.uleb128 0xb
 269 0017 0B       		.uleb128 0xb
 270 0018 3E       		.uleb128 0x3e
 271 0019 0B       		.uleb128 0xb
 272 001a 03       		.uleb128 0x3
 273 001b 0E       		.uleb128 0xe
 274 001c 00       		.byte	0
 275 001d 00       		.byte	0
 276 001e 03       		.uleb128 0x3
 277 001f 16       		.uleb128 0x16
 278 0020 00       		.byte	0
 279 0021 03       		.uleb128 0x3
 280 0022 0E       		.uleb128 0xe
 281 0023 3A       		.uleb128 0x3a
 282 0024 0B       		.uleb128 0xb
 283 0025 3B       		.uleb128 0x3b
 284 0026 0B       		.uleb128 0xb
 285 0027 49       		.uleb128 0x49
 286 0028 13       		.uleb128 0x13
 287 0029 00       		.byte	0
 288 002a 00       		.byte	0
 289 002b 04       		.uleb128 0x4
 290 002c 24       		.uleb128 0x24
 291 002d 00       		.byte	0
 292 002e 0B       		.uleb128 0xb
 293 002f 0B       		.uleb128 0xb
 294 0030 3E       		.uleb128 0x3e
 295 0031 0B       		.uleb128 0xb
 296 0032 03       		.uleb128 0x3
 297 0033 08       		.uleb128 0x8
 298 0034 00       		.byte	0
 299 0035 00       		.byte	0
 300 0036 05       		.uleb128 0x5
 301 0037 0F       		.uleb128 0xf
 302 0038 00       		.byte	0
 303 0039 0B       		.uleb128 0xb
 304 003a 0B       		.uleb128 0xb
 305 003b 00       		.byte	0
 306 003c 00       		.byte	0
 307 003d 06       		.uleb128 0x6
 308 003e 2E       		.uleb128 0x2e
 309 003f 01       		.byte	0x1
 310 0040 3F       		.uleb128 0x3f
 311 0041 19       		.uleb128 0x19
 312 0042 03       		.uleb128 0x3
 313 0043 0E       		.uleb128 0xe
 314 0044 3A       		.uleb128 0x3a
 315 0045 0B       		.uleb128 0xb
 316 0046 3B       		.uleb128 0x3b
 317 0047 0B       		.uleb128 0xb
 318 0048 11       		.uleb128 0x11
ARM GAS  C:\Users\Tim\AppData\Local\Temp\ccb77Ine.s 			page 7


 319 0049 01       		.uleb128 0x1
 320 004a 12       		.uleb128 0x12
 321 004b 06       		.uleb128 0x6
 322 004c 40       		.uleb128 0x40
 323 004d 18       		.uleb128 0x18
 324 004e 9742     		.uleb128 0x2117
 325 0050 19       		.uleb128 0x19
 326 0051 01       		.uleb128 0x1
 327 0052 13       		.uleb128 0x13
 328 0053 00       		.byte	0
 329 0054 00       		.byte	0
 330 0055 07       		.uleb128 0x7
 331 0056 898201   		.uleb128 0x4109
 332 0059 01       		.byte	0x1
 333 005a 11       		.uleb128 0x11
 334 005b 01       		.uleb128 0x1
 335 005c 31       		.uleb128 0x31
 336 005d 13       		.uleb128 0x13
 337 005e 00       		.byte	0
 338 005f 00       		.byte	0
 339 0060 08       		.uleb128 0x8
 340 0061 8A8201   		.uleb128 0x410a
 341 0064 00       		.byte	0
 342 0065 02       		.uleb128 0x2
 343 0066 18       		.uleb128 0x18
 344 0067 9142     		.uleb128 0x2111
 345 0069 18       		.uleb128 0x18
 346 006a 00       		.byte	0
 347 006b 00       		.byte	0
 348 006c 09       		.uleb128 0x9
 349 006d 898201   		.uleb128 0x4109
 350 0070 00       		.byte	0
 351 0071 11       		.uleb128 0x11
 352 0072 01       		.uleb128 0x1
 353 0073 31       		.uleb128 0x31
 354 0074 13       		.uleb128 0x13
 355 0075 00       		.byte	0
 356 0076 00       		.byte	0
 357 0077 0A       		.uleb128 0xa
 358 0078 34       		.uleb128 0x34
 359 0079 00       		.byte	0
 360 007a 03       		.uleb128 0x3
 361 007b 0E       		.uleb128 0xe
 362 007c 3A       		.uleb128 0x3a
 363 007d 0B       		.uleb128 0xb
 364 007e 3B       		.uleb128 0x3b
 365 007f 05       		.uleb128 0x5
 366 0080 49       		.uleb128 0x49
 367 0081 13       		.uleb128 0x13
 368 0082 3F       		.uleb128 0x3f
 369 0083 19       		.uleb128 0x19
 370 0084 3C       		.uleb128 0x3c
 371 0085 19       		.uleb128 0x19
 372 0086 00       		.byte	0
 373 0087 00       		.byte	0
 374 0088 0B       		.uleb128 0xb
 375 0089 35       		.uleb128 0x35
ARM GAS  C:\Users\Tim\AppData\Local\Temp\ccb77Ine.s 			page 8


 376 008a 00       		.byte	0
 377 008b 49       		.uleb128 0x49
 378 008c 13       		.uleb128 0x13
 379 008d 00       		.byte	0
 380 008e 00       		.byte	0
 381 008f 0C       		.uleb128 0xc
 382 0090 01       		.uleb128 0x1
 383 0091 01       		.byte	0x1
 384 0092 49       		.uleb128 0x49
 385 0093 13       		.uleb128 0x13
 386 0094 01       		.uleb128 0x1
 387 0095 13       		.uleb128 0x13
 388 0096 00       		.byte	0
 389 0097 00       		.byte	0
 390 0098 0D       		.uleb128 0xd
 391 0099 21       		.uleb128 0x21
 392 009a 00       		.byte	0
 393 009b 49       		.uleb128 0x49
 394 009c 13       		.uleb128 0x13
 395 009d 2F       		.uleb128 0x2f
 396 009e 0B       		.uleb128 0xb
 397 009f 00       		.byte	0
 398 00a0 00       		.byte	0
 399 00a1 0E       		.uleb128 0xe
 400 00a2 34       		.uleb128 0x34
 401 00a3 00       		.byte	0
 402 00a4 03       		.uleb128 0x3
 403 00a5 0E       		.uleb128 0xe
 404 00a6 3A       		.uleb128 0x3a
 405 00a7 0B       		.uleb128 0xb
 406 00a8 3B       		.uleb128 0x3b
 407 00a9 0B       		.uleb128 0xb
 408 00aa 49       		.uleb128 0x49
 409 00ab 13       		.uleb128 0x13
 410 00ac 3F       		.uleb128 0x3f
 411 00ad 19       		.uleb128 0x19
 412 00ae 02       		.uleb128 0x2
 413 00af 18       		.uleb128 0x18
 414 00b0 00       		.byte	0
 415 00b1 00       		.byte	0
 416 00b2 0F       		.uleb128 0xf
 417 00b3 2E       		.uleb128 0x2e
 418 00b4 01       		.byte	0x1
 419 00b5 3F       		.uleb128 0x3f
 420 00b6 19       		.uleb128 0x19
 421 00b7 03       		.uleb128 0x3
 422 00b8 0E       		.uleb128 0xe
 423 00b9 27       		.uleb128 0x27
 424 00ba 19       		.uleb128 0x19
 425 00bb 49       		.uleb128 0x49
 426 00bc 13       		.uleb128 0x13
 427 00bd 34       		.uleb128 0x34
 428 00be 19       		.uleb128 0x19
 429 00bf 3C       		.uleb128 0x3c
 430 00c0 19       		.uleb128 0x19
 431 00c1 01       		.uleb128 0x1
 432 00c2 13       		.uleb128 0x13
ARM GAS  C:\Users\Tim\AppData\Local\Temp\ccb77Ine.s 			page 9


 433 00c3 00       		.byte	0
 434 00c4 00       		.byte	0
 435 00c5 10       		.uleb128 0x10
 436 00c6 05       		.uleb128 0x5
 437 00c7 00       		.byte	0
 438 00c8 49       		.uleb128 0x49
 439 00c9 13       		.uleb128 0x13
 440 00ca 00       		.byte	0
 441 00cb 00       		.byte	0
 442 00cc 11       		.uleb128 0x11
 443 00cd 2E       		.uleb128 0x2e
 444 00ce 00       		.byte	0
 445 00cf 3F       		.uleb128 0x3f
 446 00d0 19       		.uleb128 0x19
 447 00d1 03       		.uleb128 0x3
 448 00d2 0E       		.uleb128 0xe
 449 00d3 3A       		.uleb128 0x3a
 450 00d4 0B       		.uleb128 0xb
 451 00d5 3B       		.uleb128 0x3b
 452 00d6 0B       		.uleb128 0xb
 453 00d7 27       		.uleb128 0x27
 454 00d8 19       		.uleb128 0x19
 455 00d9 3C       		.uleb128 0x3c
 456 00da 19       		.uleb128 0x19
 457 00db 00       		.byte	0
 458 00dc 00       		.byte	0
 459 00dd 00       		.byte	0
 460              		.section	.debug_aranges,"",%progbits
 461 0000 24000000 		.4byte	0x24
 462 0004 0200     		.2byte	0x2
 463 0006 00000000 		.4byte	.Ldebug_info0
 464 000a 04       		.byte	0x4
 465 000b 00       		.byte	0
 466 000c 0000     		.2byte	0
 467 000e 0000     		.2byte	0
 468 0010 00000000 		.4byte	.LFB63
 469 0014 14000000 		.4byte	.LFE63-.LFB63
 470 0018 00000000 		.4byte	.LFB64
 471 001c 08000000 		.4byte	.LFE64-.LFB64
 472 0020 00000000 		.4byte	0
 473 0024 00000000 		.4byte	0
 474              		.section	.debug_ranges,"",%progbits
 475              	.Ldebug_ranges0:
 476 0000 00000000 		.4byte	.LFB63
 477 0004 14000000 		.4byte	.LFE63
 478 0008 00000000 		.4byte	.LFB64
 479 000c 08000000 		.4byte	.LFE64
 480 0010 00000000 		.4byte	0
 481 0014 00000000 		.4byte	0
 482              		.section	.debug_line,"",%progbits
 483              	.Ldebug_line0:
 484 0000 86010000 		.section	.debug_str,"MS",%progbits,1
 484      02006001 
 484      00000201 
 484      FB0E0D00 
 484      01010101 
 485              	.LASF6:
ARM GAS  C:\Users\Tim\AppData\Local\Temp\ccb77Ine.s 			page 10


 486 0000 6C6F6E67 		.ascii	"long long int\000"
 486      206C6F6E 
 486      6720696E 
 486      7400
 487              	.LASF3:
 488 000e 73686F72 		.ascii	"short unsigned int\000"
 488      7420756E 
 488      7369676E 
 488      65642069 
 488      6E7400
 489              	.LASF8:
 490 0021 756E7369 		.ascii	"unsigned int\000"
 490      676E6564 
 490      20696E74 
 490      00
 491              	.LASF23:
 492 002e 55415254 		.ascii	"UART_Debug_Start\000"
 492      5F446562 
 492      75675F53 
 492      74617274 
 492      00
 493              	.LASF15:
 494 003f 44656275 		.ascii	"Debug_Init\000"
 494      675F496E 
 494      697400
 495              	.LASF10:
 496 004a 696E7433 		.ascii	"int32_t\000"
 496      325F7400 
 497              	.LASF5:
 498 0052 6C6F6E67 		.ascii	"long unsigned int\000"
 498      20756E73 
 498      69676E65 
 498      6420696E 
 498      7400
 499              	.LASF7:
 500 0064 6C6F6E67 		.ascii	"long long unsigned int\000"
 500      206C6F6E 
 500      6720756E 
 500      7369676E 
 500      65642069 
 501              	.LASF18:
 502 007b 666F726D 		.ascii	"formatted_string\000"
 502      61747465 
 502      645F7374 
 502      72696E67 
 502      00
 503              	.LASF21:
 504 008c 443A5C70 		.ascii	"D:\\projects\\ArloBot\\arlobot_freesoc\\freesoc.cyd"
 504      726F6A65 
 504      6374735C 
 504      41726C6F 
 504      426F745C 
 505 00bb 736E00   		.ascii	"sn\000"
 506              	.LASF19:
 507 00be 474E5520 		.ascii	"GNU C 4.9.3 20150303 (release) [ARM/embedded-4_9-br"
 507      4320342E 
 507      392E3320 
ARM GAS  C:\Users\Tim\AppData\Local\Temp\ccb77Ine.s 			page 11


 507      32303135 
 507      30333033 
 508 00f1 616E6368 		.ascii	"anch revision 221220] -mcpu=cortex-m3 -mthumb -g -O"
 508      20726576 
 508      6973696F 
 508      6E203232 
 508      31323230 
 509 0124 67202D66 		.ascii	"g -ffunction-sections -ffat-lto-objects\000"
 509      66756E63 
 509      74696F6E 
 509      2D736563 
 509      74696F6E 
 510              	.LASF1:
 511 014c 756E7369 		.ascii	"unsigned char\000"
 511      676E6564 
 511      20636861 
 511      7200
 512              	.LASF16:
 513 015a 44656275 		.ascii	"Debug_Start\000"
 513      675F5374 
 513      61727400 
 514              	.LASF13:
 515 0166 63686172 		.ascii	"char\000"
 515      00
 516              	.LASF4:
 517 016b 6C6F6E67 		.ascii	"long int\000"
 517      20696E74 
 517      00
 518              	.LASF12:
 519 0174 646F7562 		.ascii	"double\000"
 519      6C6500
 520              	.LASF17:
 521 017b 49544D5F 		.ascii	"ITM_RxBuffer\000"
 521      52784275 
 521      66666572 
 521      00
 522              	.LASF0:
 523 0188 7369676E 		.ascii	"signed char\000"
 523      65642063 
 523      68617200 
 524              	.LASF9:
 525 0194 5F5F696E 		.ascii	"__int32_t\000"
 525      7433325F 
 525      7400
 526              	.LASF11:
 527 019e 666C6F61 		.ascii	"float\000"
 527      7400
 528              	.LASF2:
 529 01a4 73686F72 		.ascii	"short int\000"
 529      7420696E 
 529      7400
 530              	.LASF22:
 531 01ae 6D656D73 		.ascii	"memset\000"
 531      657400
 532              	.LASF14:
 533 01b5 73697A65 		.ascii	"sizetype\000"
 533      74797065 
ARM GAS  C:\Users\Tim\AppData\Local\Temp\ccb77Ine.s 			page 12


 533      00
 534              	.LASF20:
 535 01be 2E2E5C73 		.ascii	"..\\source\\debug.c\000"
 535      6F757263 
 535      655C6465 
 535      6275672E 
 535      6300
 536              		.ident	"GCC: (GNU Tools for ARM Embedded Processors) 4.9.3 20150303 (release) [ARM/embedded-4_9-br
