ARM GAS  C:\Users\Tim\AppData\Local\Temp\ccKS4Qte.s 			page 1


   1              		.syntax unified
   2              		.cpu cortex-m3
   3              		.fpu softvfp
   4              		.eabi_attribute 20, 1
   5              		.eabi_attribute 21, 1
   6              		.eabi_attribute 23, 3
   7              		.eabi_attribute 24, 1
   8              		.eabi_attribute 25, 1
   9              		.eabi_attribute 26, 1
  10              		.eabi_attribute 30, 1
  11              		.eabi_attribute 34, 1
  12              		.eabi_attribute 18, 4
  13              		.thumb
  14              		.file	"diag.c"
  15              		.text
  16              	.Ltext0:
  17              		.cfi_sections	.debug_frame
  18              		.section	.text.Diag_Init,"ax",%progbits
  19              		.align	2
  20              		.global	Diag_Init
  21              		.thumb
  22              		.thumb_func
  23              		.type	Diag_Init, %function
  24              	Diag_Init:
  25              	.LFB63:
  26              		.file 1 "..\\source\\diag.c"
   1:..\source/diag.c **** /* ========================================
   2:..\source/diag.c ****  *
   3:..\source/diag.c ****  * Copyright YOUR COMPANY, THE YEAR
   4:..\source/diag.c ****  * All Rights Reserved
   5:..\source/diag.c ****  * UNPUBLISHED, LICENSED SOFTWARE.
   6:..\source/diag.c ****  *
   7:..\source/diag.c ****  * CONFIDENTIAL AND PROPRIETARY INFORMATION
   8:..\source/diag.c ****  * WHICH IS THE PROPERTY OF your company.
   9:..\source/diag.c ****  *
  10:..\source/diag.c ****  * ========================================
  11:..\source/diag.c **** */
  12:..\source/diag.c **** 
  13:..\source/diag.c **** #include "diag.h"
  14:..\source/diag.c **** #include "time.h"
  15:..\source/diag.c **** #include "i2c.h"
  16:..\source/diag.c **** 
  17:..\source/diag.c **** #define HEARTBEAT_PERIOD (1000)
  18:..\source/diag.c **** 
  19:..\source/diag.c **** static uint32 last_heartbeat_time;
  20:..\source/diag.c **** static uint32 heartbeat;
  21:..\source/diag.c **** 
  22:..\source/diag.c **** void Diag_Init()
  23:..\source/diag.c **** {
  27              		.loc 1 23 0
  28              		.cfi_startproc
  29              		@ args = 0, pretend = 0, frame = 0
  30              		@ frame_needed = 0, uses_anonymous_args = 0
  31              		@ link register save eliminated.
  32 0000 7047     		bx	lr
  33              		.cfi_endproc
  34              	.LFE63:
ARM GAS  C:\Users\Tim\AppData\Local\Temp\ccKS4Qte.s 			page 2


  35              		.size	Diag_Init, .-Diag_Init
  36 0002 00BF     		.section	.text.Diag_Start,"ax",%progbits
  37              		.align	2
  38              		.global	Diag_Start
  39              		.thumb
  40              		.thumb_func
  41              		.type	Diag_Start, %function
  42              	Diag_Start:
  43              	.LFB64:
  24:..\source/diag.c **** 
  25:..\source/diag.c **** }
  26:..\source/diag.c **** 
  27:..\source/diag.c **** void Diag_Start()
  28:..\source/diag.c **** {
  44              		.loc 1 28 0
  45              		.cfi_startproc
  46              		@ args = 0, pretend = 0, frame = 0
  47              		@ frame_needed = 0, uses_anonymous_args = 0
  48              		@ link register save eliminated.
  49 0000 7047     		bx	lr
  50              		.cfi_endproc
  51              	.LFE64:
  52              		.size	Diag_Start, .-Diag_Start
  53 0002 00BF     		.section	.text.Diag_Update,"ax",%progbits
  54              		.align	2
  55              		.global	Diag_Update
  56              		.thumb
  57              		.thumb_func
  58              		.type	Diag_Update, %function
  59              	Diag_Update:
  60              	.LFB65:
  29:..\source/diag.c **** 
  30:..\source/diag.c **** }
  31:..\source/diag.c **** 
  32:..\source/diag.c **** void Diag_Update()
  33:..\source/diag.c **** {
  61              		.loc 1 33 0
  62              		.cfi_startproc
  63              		@ args = 0, pretend = 0, frame = 0
  64              		@ frame_needed = 0, uses_anonymous_args = 0
  65              		.loc 1 33 0
  66 0000 08B5     		push	{r3, lr}
  67              		.cfi_def_cfa_offset 8
  68              		.cfi_offset 3, -8
  69              		.cfi_offset 14, -4
  34:..\source/diag.c ****     uint32 now;
  35:..\source/diag.c ****     
  36:..\source/diag.c ****     now = millis();
  70              		.loc 1 36 0
  71 0002 FFF7FEFF 		bl	millis
  72              	.LVL0:
  73 0006 08BD     		pop	{r3, pc}
  74              		.cfi_endproc
  75              	.LFE65:
  76              		.size	Diag_Update, .-Diag_Update
  77              		.text
  78              	.Letext0:
ARM GAS  C:\Users\Tim\AppData\Local\Temp\ccKS4Qte.s 			page 3


  79              		.file 2 "c:\\program files (x86)\\cypress\\psoc creator\\3.3\\psoc creator\\import\\gnu\\arm\\4.9.
  80              		.file 3 "c:\\program files (x86)\\cypress\\psoc creator\\3.3\\psoc creator\\import\\gnu\\arm\\4.9.
  81              		.file 4 "Generated_Source\\PSoC5/cytypes.h"
  82              		.file 5 "Generated_Source\\PSoC5/core_cm3.h"
  83              		.file 6 "..\\source\\time.h"
  84              		.section	.debug_info,"",%progbits
  85              	.Ldebug_info0:
  86 0000 26010000 		.4byte	0x126
  87 0004 0400     		.2byte	0x4
  88 0006 00000000 		.4byte	.Ldebug_abbrev0
  89 000a 04       		.byte	0x4
  90 000b 01       		.uleb128 0x1
  91 000c C4000000 		.4byte	.LASF20
  92 0010 01       		.byte	0x1
  93 0011 CB010000 		.4byte	.LASF21
  94 0015 92000000 		.4byte	.LASF22
  95 0019 00000000 		.4byte	.Ldebug_ranges0+0
  96 001d 00000000 		.4byte	0
  97 0021 00000000 		.4byte	.Ldebug_line0
  98 0025 02       		.uleb128 0x2
  99 0026 01       		.byte	0x1
 100 0027 06       		.byte	0x6
 101 0028 94010000 		.4byte	.LASF0
 102 002c 02       		.uleb128 0x2
 103 002d 01       		.byte	0x1
 104 002e 08       		.byte	0x8
 105 002f 2F000000 		.4byte	.LASF1
 106 0033 02       		.uleb128 0x2
 107 0034 02       		.byte	0x2
 108 0035 05       		.byte	0x5
 109 0036 B0010000 		.4byte	.LASF2
 110 003a 02       		.uleb128 0x2
 111 003b 02       		.byte	0x2
 112 003c 07       		.byte	0x7
 113 003d 7F000000 		.4byte	.LASF3
 114 0041 03       		.uleb128 0x3
 115 0042 A0010000 		.4byte	.LASF9
 116 0046 02       		.byte	0x2
 117 0047 3F       		.byte	0x3f
 118 0048 4C000000 		.4byte	0x4c
 119 004c 02       		.uleb128 0x2
 120 004d 04       		.byte	0x4
 121 004e 05       		.byte	0x5
 122 004f 61010000 		.4byte	.LASF4
 123 0053 02       		.uleb128 0x2
 124 0054 04       		.byte	0x4
 125 0055 07       		.byte	0x7
 126 0056 71010000 		.4byte	.LASF5
 127 005a 02       		.uleb128 0x2
 128 005b 08       		.byte	0x8
 129 005c 05       		.byte	0x5
 130 005d 00000000 		.4byte	.LASF6
 131 0061 02       		.uleb128 0x2
 132 0062 08       		.byte	0x8
 133 0063 07       		.byte	0x7
 134 0064 68000000 		.4byte	.LASF7
 135 0068 04       		.uleb128 0x4
ARM GAS  C:\Users\Tim\AppData\Local\Temp\ccKS4Qte.s 			page 4


 136 0069 04       		.byte	0x4
 137 006a 05       		.byte	0x5
 138 006b 696E7400 		.ascii	"int\000"
 139 006f 02       		.uleb128 0x2
 140 0070 04       		.byte	0x4
 141 0071 07       		.byte	0x7
 142 0072 22000000 		.4byte	.LASF8
 143 0076 03       		.uleb128 0x3
 144 0077 BA010000 		.4byte	.LASF10
 145 007b 03       		.byte	0x3
 146 007c 2C       		.byte	0x2c
 147 007d 41000000 		.4byte	0x41
 148 0081 05       		.uleb128 0x5
 149 0082 0E000000 		.4byte	.LASF11
 150 0086 04       		.byte	0x4
 151 0087 3A01     		.2byte	0x13a
 152 0089 53000000 		.4byte	0x53
 153 008d 02       		.uleb128 0x2
 154 008e 04       		.byte	0x4
 155 008f 04       		.byte	0x4
 156 0090 AA010000 		.4byte	.LASF12
 157 0094 02       		.uleb128 0x2
 158 0095 08       		.byte	0x8
 159 0096 04       		.byte	0x4
 160 0097 83010000 		.4byte	.LASF13
 161 009b 02       		.uleb128 0x2
 162 009c 01       		.byte	0x1
 163 009d 08       		.byte	0x8
 164 009e 5C010000 		.4byte	.LASF14
 165 00a2 02       		.uleb128 0x2
 166 00a3 04       		.byte	0x4
 167 00a4 07       		.byte	0x7
 168 00a5 C2010000 		.4byte	.LASF15
 169 00a9 06       		.uleb128 0x6
 170 00aa 52010000 		.4byte	.LASF16
 171 00ae 01       		.byte	0x1
 172 00af 16       		.byte	0x16
 173 00b0 00000000 		.4byte	.LFB63
 174 00b4 02000000 		.4byte	.LFE63-.LFB63
 175 00b8 01       		.uleb128 0x1
 176 00b9 9C       		.byte	0x9c
 177 00ba 06       		.uleb128 0x6
 178 00bb 5D000000 		.4byte	.LASF17
 179 00bf 01       		.byte	0x1
 180 00c0 1B       		.byte	0x1b
 181 00c1 00000000 		.4byte	.LFB64
 182 00c5 02000000 		.4byte	.LFE64-.LFB64
 183 00c9 01       		.uleb128 0x1
 184 00ca 9C       		.byte	0x9c
 185 00cb 07       		.uleb128 0x7
 186 00cc 51000000 		.4byte	.LASF23
 187 00d0 01       		.byte	0x1
 188 00d1 20       		.byte	0x20
 189 00d2 00000000 		.4byte	.LFB65
 190 00d6 08000000 		.4byte	.LFE65-.LFB65
 191 00da 01       		.uleb128 0x1
 192 00db 9C       		.byte	0x9c
ARM GAS  C:\Users\Tim\AppData\Local\Temp\ccKS4Qte.s 			page 5


 193 00dc F5000000 		.4byte	0xf5
 194 00e0 08       		.uleb128 0x8
 195 00e1 6E6F7700 		.ascii	"now\000"
 196 00e5 01       		.byte	0x1
 197 00e6 22       		.byte	0x22
 198 00e7 81000000 		.4byte	0x81
 199 00eb 09       		.uleb128 0x9
 200 00ec 06000000 		.4byte	.LVL0
 201 00f0 1C010000 		.4byte	0x11c
 202 00f4 00       		.byte	0
 203 00f5 0A       		.uleb128 0xa
 204 00f6 3D000000 		.4byte	.LASF18
 205 00fa 01       		.byte	0x1
 206 00fb 13       		.byte	0x13
 207 00fc 81000000 		.4byte	0x81
 208 0100 0A       		.uleb128 0xa
 209 0101 8A010000 		.4byte	.LASF19
 210 0105 01       		.byte	0x1
 211 0106 14       		.byte	0x14
 212 0107 81000000 		.4byte	0x81
 213 010b 0B       		.uleb128 0xb
 214 010c 15000000 		.4byte	.LASF24
 215 0110 05       		.byte	0x5
 216 0111 5506     		.2byte	0x655
 217 0113 17010000 		.4byte	0x117
 218 0117 0C       		.uleb128 0xc
 219 0118 76000000 		.4byte	0x76
 220 011c 0D       		.uleb128 0xd
 221 011d 6A010000 		.4byte	.LASF25
 222 0121 06       		.byte	0x6
 223 0122 18       		.byte	0x18
 224 0123 81000000 		.4byte	0x81
 225 0127 0E       		.uleb128 0xe
 226 0128 00       		.byte	0
 227 0129 00       		.byte	0
 228              		.section	.debug_abbrev,"",%progbits
 229              	.Ldebug_abbrev0:
 230 0000 01       		.uleb128 0x1
 231 0001 11       		.uleb128 0x11
 232 0002 01       		.byte	0x1
 233 0003 25       		.uleb128 0x25
 234 0004 0E       		.uleb128 0xe
 235 0005 13       		.uleb128 0x13
 236 0006 0B       		.uleb128 0xb
 237 0007 03       		.uleb128 0x3
 238 0008 0E       		.uleb128 0xe
 239 0009 1B       		.uleb128 0x1b
 240 000a 0E       		.uleb128 0xe
 241 000b 55       		.uleb128 0x55
 242 000c 17       		.uleb128 0x17
 243 000d 11       		.uleb128 0x11
 244 000e 01       		.uleb128 0x1
 245 000f 10       		.uleb128 0x10
 246 0010 17       		.uleb128 0x17
 247 0011 00       		.byte	0
 248 0012 00       		.byte	0
 249 0013 02       		.uleb128 0x2
ARM GAS  C:\Users\Tim\AppData\Local\Temp\ccKS4Qte.s 			page 6


 250 0014 24       		.uleb128 0x24
 251 0015 00       		.byte	0
 252 0016 0B       		.uleb128 0xb
 253 0017 0B       		.uleb128 0xb
 254 0018 3E       		.uleb128 0x3e
 255 0019 0B       		.uleb128 0xb
 256 001a 03       		.uleb128 0x3
 257 001b 0E       		.uleb128 0xe
 258 001c 00       		.byte	0
 259 001d 00       		.byte	0
 260 001e 03       		.uleb128 0x3
 261 001f 16       		.uleb128 0x16
 262 0020 00       		.byte	0
 263 0021 03       		.uleb128 0x3
 264 0022 0E       		.uleb128 0xe
 265 0023 3A       		.uleb128 0x3a
 266 0024 0B       		.uleb128 0xb
 267 0025 3B       		.uleb128 0x3b
 268 0026 0B       		.uleb128 0xb
 269 0027 49       		.uleb128 0x49
 270 0028 13       		.uleb128 0x13
 271 0029 00       		.byte	0
 272 002a 00       		.byte	0
 273 002b 04       		.uleb128 0x4
 274 002c 24       		.uleb128 0x24
 275 002d 00       		.byte	0
 276 002e 0B       		.uleb128 0xb
 277 002f 0B       		.uleb128 0xb
 278 0030 3E       		.uleb128 0x3e
 279 0031 0B       		.uleb128 0xb
 280 0032 03       		.uleb128 0x3
 281 0033 08       		.uleb128 0x8
 282 0034 00       		.byte	0
 283 0035 00       		.byte	0
 284 0036 05       		.uleb128 0x5
 285 0037 16       		.uleb128 0x16
 286 0038 00       		.byte	0
 287 0039 03       		.uleb128 0x3
 288 003a 0E       		.uleb128 0xe
 289 003b 3A       		.uleb128 0x3a
 290 003c 0B       		.uleb128 0xb
 291 003d 3B       		.uleb128 0x3b
 292 003e 05       		.uleb128 0x5
 293 003f 49       		.uleb128 0x49
 294 0040 13       		.uleb128 0x13
 295 0041 00       		.byte	0
 296 0042 00       		.byte	0
 297 0043 06       		.uleb128 0x6
 298 0044 2E       		.uleb128 0x2e
 299 0045 00       		.byte	0
 300 0046 3F       		.uleb128 0x3f
 301 0047 19       		.uleb128 0x19
 302 0048 03       		.uleb128 0x3
 303 0049 0E       		.uleb128 0xe
 304 004a 3A       		.uleb128 0x3a
 305 004b 0B       		.uleb128 0xb
 306 004c 3B       		.uleb128 0x3b
ARM GAS  C:\Users\Tim\AppData\Local\Temp\ccKS4Qte.s 			page 7


 307 004d 0B       		.uleb128 0xb
 308 004e 11       		.uleb128 0x11
 309 004f 01       		.uleb128 0x1
 310 0050 12       		.uleb128 0x12
 311 0051 06       		.uleb128 0x6
 312 0052 40       		.uleb128 0x40
 313 0053 18       		.uleb128 0x18
 314 0054 9742     		.uleb128 0x2117
 315 0056 19       		.uleb128 0x19
 316 0057 00       		.byte	0
 317 0058 00       		.byte	0
 318 0059 07       		.uleb128 0x7
 319 005a 2E       		.uleb128 0x2e
 320 005b 01       		.byte	0x1
 321 005c 3F       		.uleb128 0x3f
 322 005d 19       		.uleb128 0x19
 323 005e 03       		.uleb128 0x3
 324 005f 0E       		.uleb128 0xe
 325 0060 3A       		.uleb128 0x3a
 326 0061 0B       		.uleb128 0xb
 327 0062 3B       		.uleb128 0x3b
 328 0063 0B       		.uleb128 0xb
 329 0064 11       		.uleb128 0x11
 330 0065 01       		.uleb128 0x1
 331 0066 12       		.uleb128 0x12
 332 0067 06       		.uleb128 0x6
 333 0068 40       		.uleb128 0x40
 334 0069 18       		.uleb128 0x18
 335 006a 9742     		.uleb128 0x2117
 336 006c 19       		.uleb128 0x19
 337 006d 01       		.uleb128 0x1
 338 006e 13       		.uleb128 0x13
 339 006f 00       		.byte	0
 340 0070 00       		.byte	0
 341 0071 08       		.uleb128 0x8
 342 0072 34       		.uleb128 0x34
 343 0073 00       		.byte	0
 344 0074 03       		.uleb128 0x3
 345 0075 08       		.uleb128 0x8
 346 0076 3A       		.uleb128 0x3a
 347 0077 0B       		.uleb128 0xb
 348 0078 3B       		.uleb128 0x3b
 349 0079 0B       		.uleb128 0xb
 350 007a 49       		.uleb128 0x49
 351 007b 13       		.uleb128 0x13
 352 007c 00       		.byte	0
 353 007d 00       		.byte	0
 354 007e 09       		.uleb128 0x9
 355 007f 898201   		.uleb128 0x4109
 356 0082 00       		.byte	0
 357 0083 11       		.uleb128 0x11
 358 0084 01       		.uleb128 0x1
 359 0085 31       		.uleb128 0x31
 360 0086 13       		.uleb128 0x13
 361 0087 00       		.byte	0
 362 0088 00       		.byte	0
 363 0089 0A       		.uleb128 0xa
ARM GAS  C:\Users\Tim\AppData\Local\Temp\ccKS4Qte.s 			page 8


 364 008a 34       		.uleb128 0x34
 365 008b 00       		.byte	0
 366 008c 03       		.uleb128 0x3
 367 008d 0E       		.uleb128 0xe
 368 008e 3A       		.uleb128 0x3a
 369 008f 0B       		.uleb128 0xb
 370 0090 3B       		.uleb128 0x3b
 371 0091 0B       		.uleb128 0xb
 372 0092 49       		.uleb128 0x49
 373 0093 13       		.uleb128 0x13
 374 0094 00       		.byte	0
 375 0095 00       		.byte	0
 376 0096 0B       		.uleb128 0xb
 377 0097 34       		.uleb128 0x34
 378 0098 00       		.byte	0
 379 0099 03       		.uleb128 0x3
 380 009a 0E       		.uleb128 0xe
 381 009b 3A       		.uleb128 0x3a
 382 009c 0B       		.uleb128 0xb
 383 009d 3B       		.uleb128 0x3b
 384 009e 05       		.uleb128 0x5
 385 009f 49       		.uleb128 0x49
 386 00a0 13       		.uleb128 0x13
 387 00a1 3F       		.uleb128 0x3f
 388 00a2 19       		.uleb128 0x19
 389 00a3 3C       		.uleb128 0x3c
 390 00a4 19       		.uleb128 0x19
 391 00a5 00       		.byte	0
 392 00a6 00       		.byte	0
 393 00a7 0C       		.uleb128 0xc
 394 00a8 35       		.uleb128 0x35
 395 00a9 00       		.byte	0
 396 00aa 49       		.uleb128 0x49
 397 00ab 13       		.uleb128 0x13
 398 00ac 00       		.byte	0
 399 00ad 00       		.byte	0
 400 00ae 0D       		.uleb128 0xd
 401 00af 2E       		.uleb128 0x2e
 402 00b0 01       		.byte	0x1
 403 00b1 3F       		.uleb128 0x3f
 404 00b2 19       		.uleb128 0x19
 405 00b3 03       		.uleb128 0x3
 406 00b4 0E       		.uleb128 0xe
 407 00b5 3A       		.uleb128 0x3a
 408 00b6 0B       		.uleb128 0xb
 409 00b7 3B       		.uleb128 0x3b
 410 00b8 0B       		.uleb128 0xb
 411 00b9 49       		.uleb128 0x49
 412 00ba 13       		.uleb128 0x13
 413 00bb 3C       		.uleb128 0x3c
 414 00bc 19       		.uleb128 0x19
 415 00bd 00       		.byte	0
 416 00be 00       		.byte	0
 417 00bf 0E       		.uleb128 0xe
 418 00c0 18       		.uleb128 0x18
 419 00c1 00       		.byte	0
 420 00c2 00       		.byte	0
ARM GAS  C:\Users\Tim\AppData\Local\Temp\ccKS4Qte.s 			page 9


 421 00c3 00       		.byte	0
 422 00c4 00       		.byte	0
 423              		.section	.debug_aranges,"",%progbits
 424 0000 2C000000 		.4byte	0x2c
 425 0004 0200     		.2byte	0x2
 426 0006 00000000 		.4byte	.Ldebug_info0
 427 000a 04       		.byte	0x4
 428 000b 00       		.byte	0
 429 000c 0000     		.2byte	0
 430 000e 0000     		.2byte	0
 431 0010 00000000 		.4byte	.LFB63
 432 0014 02000000 		.4byte	.LFE63-.LFB63
 433 0018 00000000 		.4byte	.LFB64
 434 001c 02000000 		.4byte	.LFE64-.LFB64
 435 0020 00000000 		.4byte	.LFB65
 436 0024 08000000 		.4byte	.LFE65-.LFB65
 437 0028 00000000 		.4byte	0
 438 002c 00000000 		.4byte	0
 439              		.section	.debug_ranges,"",%progbits
 440              	.Ldebug_ranges0:
 441 0000 00000000 		.4byte	.LFB63
 442 0004 02000000 		.4byte	.LFE63
 443 0008 00000000 		.4byte	.LFB64
 444 000c 02000000 		.4byte	.LFE64
 445 0010 00000000 		.4byte	.LFB65
 446 0014 08000000 		.4byte	.LFE65
 447 0018 00000000 		.4byte	0
 448 001c 00000000 		.4byte	0
 449              		.section	.debug_line,"",%progbits
 450              	.Ldebug_line0:
 451 0000 90010000 		.section	.debug_str,"MS",%progbits,1
 451      02005B01 
 451      00000201 
 451      FB0E0D00 
 451      01010101 
 452              	.LASF6:
 453 0000 6C6F6E67 		.ascii	"long long int\000"
 453      206C6F6E 
 453      6720696E 
 453      7400
 454              	.LASF11:
 455 000e 75696E74 		.ascii	"uint32\000"
 455      333200
 456              	.LASF24:
 457 0015 49544D5F 		.ascii	"ITM_RxBuffer\000"
 457      52784275 
 457      66666572 
 457      00
 458              	.LASF8:
 459 0022 756E7369 		.ascii	"unsigned int\000"
 459      676E6564 
 459      20696E74 
 459      00
 460              	.LASF1:
 461 002f 756E7369 		.ascii	"unsigned char\000"
 461      676E6564 
 461      20636861 
ARM GAS  C:\Users\Tim\AppData\Local\Temp\ccKS4Qte.s 			page 10


 461      7200
 462              	.LASF18:
 463 003d 6C617374 		.ascii	"last_heartbeat_time\000"
 463      5F686561 
 463      72746265 
 463      61745F74 
 463      696D6500 
 464              	.LASF23:
 465 0051 44696167 		.ascii	"Diag_Update\000"
 465      5F557064 
 465      61746500 
 466              	.LASF17:
 467 005d 44696167 		.ascii	"Diag_Start\000"
 467      5F537461 
 467      727400
 468              	.LASF7:
 469 0068 6C6F6E67 		.ascii	"long long unsigned int\000"
 469      206C6F6E 
 469      6720756E 
 469      7369676E 
 469      65642069 
 470              	.LASF3:
 471 007f 73686F72 		.ascii	"short unsigned int\000"
 471      7420756E 
 471      7369676E 
 471      65642069 
 471      6E7400
 472              	.LASF22:
 473 0092 443A5C70 		.ascii	"D:\\projects\\ArloBot\\arlobot_freesoc\\freesoc.cyd"
 473      726F6A65 
 473      6374735C 
 473      41726C6F 
 473      426F745C 
 474 00c1 736E00   		.ascii	"sn\000"
 475              	.LASF20:
 476 00c4 474E5520 		.ascii	"GNU C 4.9.3 20150303 (release) [ARM/embedded-4_9-br"
 476      4320342E 
 476      392E3320 
 476      32303135 
 476      30333033 
 477 00f7 616E6368 		.ascii	"anch revision 221220] -mcpu=cortex-m3 -mthumb -g -O"
 477      20726576 
 477      6973696F 
 477      6E203232 
 477      31323230 
 478 012a 67202D66 		.ascii	"g -ffunction-sections -ffat-lto-objects\000"
 478      66756E63 
 478      74696F6E 
 478      2D736563 
 478      74696F6E 
 479              	.LASF16:
 480 0152 44696167 		.ascii	"Diag_Init\000"
 480      5F496E69 
 480      7400
 481              	.LASF14:
 482 015c 63686172 		.ascii	"char\000"
 482      00
ARM GAS  C:\Users\Tim\AppData\Local\Temp\ccKS4Qte.s 			page 11


 483              	.LASF4:
 484 0161 6C6F6E67 		.ascii	"long int\000"
 484      20696E74 
 484      00
 485              	.LASF25:
 486 016a 6D696C6C 		.ascii	"millis\000"
 486      697300
 487              	.LASF5:
 488 0171 6C6F6E67 		.ascii	"long unsigned int\000"
 488      20756E73 
 488      69676E65 
 488      6420696E 
 488      7400
 489              	.LASF13:
 490 0183 646F7562 		.ascii	"double\000"
 490      6C6500
 491              	.LASF19:
 492 018a 68656172 		.ascii	"heartbeat\000"
 492      74626561 
 492      7400
 493              	.LASF0:
 494 0194 7369676E 		.ascii	"signed char\000"
 494      65642063 
 494      68617200 
 495              	.LASF9:
 496 01a0 5F5F696E 		.ascii	"__int32_t\000"
 496      7433325F 
 496      7400
 497              	.LASF12:
 498 01aa 666C6F61 		.ascii	"float\000"
 498      7400
 499              	.LASF2:
 500 01b0 73686F72 		.ascii	"short int\000"
 500      7420696E 
 500      7400
 501              	.LASF10:
 502 01ba 696E7433 		.ascii	"int32_t\000"
 502      325F7400 
 503              	.LASF15:
 504 01c2 73697A65 		.ascii	"sizetype\000"
 504      74797065 
 504      00
 505              	.LASF21:
 506 01cb 2E2E5C73 		.ascii	"..\\source\\diag.c\000"
 506      6F757263 
 506      655C6469 
 506      61672E63 
 506      00
 507              		.ident	"GCC: (GNU Tools for ARM Embedded Processors) 4.9.3 20150303 (release) [ARM/embedded-4_9-br
