ARM GAS  C:\Users\Tim\AppData\Local\Temp\ccA0nacM.s 			page 1


   1              		.syntax unified
   2              		.cpu cortex-m3
   3              		.fpu softvfp
   4              		.eabi_attribute 20, 1
   5              		.eabi_attribute 21, 1
   6              		.eabi_attribute 23, 3
   7              		.eabi_attribute 24, 1
   8              		.eabi_attribute 25, 1
   9              		.eabi_attribute 26, 1
  10              		.eabi_attribute 30, 1
  11              		.eabi_attribute 34, 1
  12              		.eabi_attribute 18, 4
  13              		.thumb
  14              		.file	"encoder.c"
  15              		.text
  16              	.Ltext0:
  17              		.cfi_sections	.debug_frame
  18              		.global	__aeabi_i2f
  19              		.global	__aeabi_fmul
  20              		.global	__aeabi_ui2f
  21              		.global	__aeabi_fdiv
  22              		.global	__aeabi_f2d
  23              		.global	__aeabi_dmul
  24              		.global	__aeabi_d2f
  25              		.section	.text.Encoder_Sample,"ax",%progbits
  26              		.align	2
  27              		.thumb
  28              		.thumb_func
  29              		.type	Encoder_Sample, %function
  30              	Encoder_Sample:
  31              	.LFB63:
  32              		.file 1 "..\\source\\encoder.c"
   1:..\source/encoder.c **** /* ========================================
   2:..\source/encoder.c ****  *
   3:..\source/encoder.c ****  * Copyright YOUR COMPANY, THE YEAR
   4:..\source/encoder.c ****  * All Rights Reserved
   5:..\source/encoder.c ****  * UNPUBLISHED, LICENSED SOFTWARE.
   6:..\source/encoder.c ****  *
   7:..\source/encoder.c ****  * CONFIDENTIAL AND PROPRIETARY INFORMATION
   8:..\source/encoder.c ****  * WHICH IS THE PROPERTY OF your company.
   9:..\source/encoder.c ****  *
  10:..\source/encoder.c ****  * ========================================
  11:..\source/encoder.c **** */
  12:..\source/encoder.c **** 
  13:..\source/encoder.c **** #include <stdlib.h>
  14:..\source/encoder.c **** #include <stdio.h>
  15:..\source/encoder.c **** #include "config.h"
  16:..\source/encoder.c **** #include "encoder.h"
  17:..\source/encoder.c **** #include "utils.h"
  18:..\source/encoder.c **** #include "time.h"
  19:..\source/encoder.c **** #include "i2c.h"
  20:..\source/encoder.c **** #include "diag.h"
  21:..\source/encoder.c **** #include "debug.h"
  22:..\source/encoder.c **** 
  23:..\source/encoder.c **** #ifdef  LEFT_ENC_DUMP_ENABLED
  24:..\source/encoder.c **** #define LEFT_DUMP_ENC(enc)  DumpEncoder(enc)
  25:..\source/encoder.c **** #else
ARM GAS  C:\Users\Tim\AppData\Local\Temp\ccA0nacM.s 			page 2


  26:..\source/encoder.c **** #define LEFT_DUMP_ENC(enc)
  27:..\source/encoder.c **** #endif    
  28:..\source/encoder.c **** 
  29:..\source/encoder.c **** #ifdef RIGHT_ENC_DUMP_ENABLED
  30:..\source/encoder.c **** #define RIGHT_DUMP_ENC(enc)  DumpEncoder(enc)
  31:..\source/encoder.c **** #else
  32:..\source/encoder.c **** #define RIGHT_DUMP_ENC(enc)
  33:..\source/encoder.c **** #endif
  34:..\source/encoder.c **** 
  35:..\source/encoder.c **** #ifdef ENC_UPDATE_DELTA_ENABLED
  36:..\source/encoder.c **** #define ENC_DEBUG_DELTA(delta) DEBUG_DELTA_TIME("enc", delta)
  37:..\source/encoder.c **** #else
  38:..\source/encoder.c **** #define ENC_DEBUG_DELTA(delta)
  39:..\source/encoder.c **** #endif    
  40:..\source/encoder.c **** 
  41:..\source/encoder.c **** #define ENC_SAMPLE_TIME_MS  SAMPLE_TIME_MS(ENC_SAMPLE_RATE)
  42:..\source/encoder.c **** #define ENC_SAMPLE_TIME_SEC SAMPLE_TIME_SEC(ENC_SAMPLE_RATE)
  43:..\source/encoder.c **** 
  44:..\source/encoder.c **** 
  45:..\source/encoder.c **** typedef int32 (*READ_ENCODER_COUNTER_TYPE)();
  46:..\source/encoder.c **** typedef void (*WRITE_ENCODER_COUNTER_TYPE)(int32);
  47:..\source/encoder.c **** typedef void (*WRITE_OUTPUT_TYPE)(int16 mmps);
  48:..\source/encoder.c **** 
  49:..\source/encoder.c **** typedef struct _encoder_tag
  50:..\source/encoder.c **** {
  51:..\source/encoder.c ****     char name[6];
  52:..\source/encoder.c ****     int32 count;
  53:..\source/encoder.c ****     int32 last_count;
  54:..\source/encoder.c ****     int32 delta_count;
  55:..\source/encoder.c ****     float avg_delta_count;
  56:..\source/encoder.c ****     float avg_cps;
  57:..\source/encoder.c ****     float avg_mps;
  58:..\source/encoder.c ****     MOVING_AVERAGE_FLOAT_TYPE delta_count_ma;
  59:..\source/encoder.c ****     MOVING_AVERAGE_FLOAT_TYPE avg_cps_ma;
  60:..\source/encoder.c ****     READ_ENCODER_COUNTER_TYPE read_counter;
  61:..\source/encoder.c ****     WRITE_ENCODER_COUNTER_TYPE write_counter;
  62:..\source/encoder.c **** } ENCODER_TYPE;
  63:..\source/encoder.c **** 
  64:..\source/encoder.c **** static ENCODER_TYPE left_enc = {
  65:..\source/encoder.c ****     /* name */              "left",
  66:..\source/encoder.c ****     /* count/speed */       0, 0, 0, 0, 0, 0,
  67:..\source/encoder.c ****     /* count ma */          {0, 0},
  68:..\source/encoder.c ****     /* cps ma */            {0, 0},
  69:..\source/encoder.c ****     /* get enc count */     Left_QuadDec_GetCounter,
  70:..\source/encoder.c ****     /* set enc count */     Left_QuadDec_SetCounter,
  71:..\source/encoder.c **** };
  72:..\source/encoder.c **** 
  73:..\source/encoder.c **** static ENCODER_TYPE right_enc = {
  74:..\source/encoder.c ****     /* name */              "right",
  75:..\source/encoder.c ****     /* count/speed */       0, 0, 0, 0, 0, 0,
  76:..\source/encoder.c ****     /* count ma */          {0, 0},
  77:..\source/encoder.c ****     /* cps ma */            {0, 0},
  78:..\source/encoder.c ****     /* get enc count */     Right_QuadDec_GetCounter,
  79:..\source/encoder.c ****     /* set enc count */     Right_QuadDec_SetCounter,
  80:..\source/encoder.c **** };
  81:..\source/encoder.c **** 
  82:..\source/encoder.c **** #if defined (LEFT_ENC_DUMP_ENABLED) || defined (RIGHT_ENC_DUMP_ENABLED)
ARM GAS  C:\Users\Tim\AppData\Local\Temp\ccA0nacM.s 			page 3


  83:..\source/encoder.c **** static void DumpEncoder(ENCODER_TYPE *enc)
  84:..\source/encoder.c **** {
  85:..\source/encoder.c ****     char avg_cps_str[10];
  86:..\source/encoder.c ****     char avg_delta_count_str[10];
  87:..\source/encoder.c ****     char avg_mps_str[10];
  88:..\source/encoder.c ****     
  89:..\source/encoder.c ****     ftoa(enc->avg_cps, avg_cps_str, 3);
  90:..\source/encoder.c ****     ftoa(enc->avg_delta_count, avg_delta_count_str, 3);
  91:..\source/encoder.c ****     ftoa(enc->avg_mps, avg_mps_str, 3);
  92:..\source/encoder.c ****     
  93:..\source/encoder.c ****     DEBUG_PRINT_STR("%s enc: %s %s %s %ld %ld %ld \r\n", enc->name, avg_cps_str, avg_delta_count_st
  94:..\source/encoder.c **** }
  95:..\source/encoder.c **** #endif
  96:..\source/encoder.c **** 
  97:..\source/encoder.c **** static void Encoder_Sample(ENCODER_TYPE *enc, uint32 delta_time)
  98:..\source/encoder.c **** {
  33              		.loc 1 98 0
  34              		.cfi_startproc
  35              		@ args = 0, pretend = 0, frame = 0
  36              		@ frame_needed = 0, uses_anonymous_args = 0
  37              	.LVL0:
  38 0000 70B5     		push	{r4, r5, r6, lr}
  39              		.cfi_def_cfa_offset 16
  40              		.cfi_offset 4, -16
  41              		.cfi_offset 5, -12
  42              		.cfi_offset 6, -8
  43              		.cfi_offset 14, -4
  44 0002 0446     		mov	r4, r0
  45 0004 0E46     		mov	r6, r1
  99:..\source/encoder.c ****     enc->count = (int32) enc->read_counter();
  46              		.loc 1 99 0
  47 0006 036B     		ldr	r3, [r0, #48]
  48 0008 9847     		blx	r3
  49              	.LVL1:
  50 000a A060     		str	r0, [r4, #8]
 100:..\source/encoder.c ****     enc->delta_count = enc->count - enc->last_count;
  51              		.loc 1 100 0
  52 000c E368     		ldr	r3, [r4, #12]
  53 000e C31A     		subs	r3, r0, r3
  54 0010 2361     		str	r3, [r4, #16]
 101:..\source/encoder.c ****     enc->last_count = enc->count;
  55              		.loc 1 101 0
  56 0012 E060     		str	r0, [r4, #12]
 102:..\source/encoder.c ****     
 103:..\source/encoder.c ****     enc->avg_delta_count = MovingAverageFloat(&enc->delta_count_ma, enc->delta_count);
  57              		.loc 1 103 0
  58 0014 04F12005 		add	r5, r4, #32
  59 0018 1846     		mov	r0, r3
  60 001a FFF7FEFF 		bl	__aeabi_i2f
  61              	.LVL2:
  62 001e 0146     		mov	r1, r0
  63 0020 2846     		mov	r0, r5
  64 0022 FFF7FEFF 		bl	MovingAverageFloat
  65              	.LVL3:
  66 0026 6061     		str	r0, [r4, #20]	@ float
 104:..\source/encoder.c ****     
 105:..\source/encoder.c ****     float cps = ((enc->avg_delta_count * MS_IN_SEC) / (float) delta_time);
ARM GAS  C:\Users\Tim\AppData\Local\Temp\ccA0nacM.s 			page 4


  67              		.loc 1 105 0
  68 0028 0F49     		ldr	r1, .L3+8
  69 002a FFF7FEFF 		bl	__aeabi_fmul
  70              	.LVL4:
  71 002e 0546     		mov	r5, r0
  72 0030 3046     		mov	r0, r6
  73 0032 FFF7FEFF 		bl	__aeabi_ui2f
  74              	.LVL5:
  75 0036 0146     		mov	r1, r0
  76 0038 2846     		mov	r0, r5
  77 003a FFF7FEFF 		bl	__aeabi_fdiv
  78              	.LVL6:
  79 003e 0146     		mov	r1, r0
  80              	.LVL7:
 106:..\source/encoder.c ****     
 107:..\source/encoder.c ****     enc->avg_cps = MovingAverageFloat(&enc->avg_cps_ma, cps);
  81              		.loc 1 107 0
  82 0040 04F12800 		add	r0, r4, #40
  83              	.LVL8:
  84 0044 FFF7FEFF 		bl	MovingAverageFloat
  85              	.LVL9:
  86 0048 A061     		str	r0, [r4, #24]	@ float
 108:..\source/encoder.c ****     
 109:..\source/encoder.c ****     enc->avg_mps = enc->avg_cps * METER_PER_COUNT;
  87              		.loc 1 109 0
  88 004a FFF7FEFF 		bl	__aeabi_f2d
  89              	.LVL10:
  90 004e 04A3     		adr	r3, .L3
  91 0050 D3E90023 		ldrd	r2, [r3]
  92 0054 FFF7FEFF 		bl	__aeabi_dmul
  93              	.LVL11:
  94 0058 FFF7FEFF 		bl	__aeabi_d2f
  95              	.LVL12:
  96 005c E061     		str	r0, [r4, #28]	@ float
  97 005e 70BD     		pop	{r4, r5, r6, pc}
  98              	.LVL13:
  99              	.L4:
 100              		.align	3
 101              	.L3:
 102 0060 57A393F4 		.word	-191650985
 103 0064 923B6B3F 		.word	1063992210
 104 0068 00007A44 		.word	1148846080
 105              		.cfi_endproc
 106              	.LFE63:
 107              		.size	Encoder_Sample, .-Encoder_Sample
 108 006c AFF30080 		.section	.text.Encoder_Init,"ax",%progbits
 109              		.align	2
 110              		.global	Encoder_Init
 111              		.thumb
 112              		.thumb_func
 113              		.type	Encoder_Init, %function
 114              	Encoder_Init:
 115              	.LFB64:
 110:..\source/encoder.c **** }
 111:..\source/encoder.c **** 
 112:..\source/encoder.c **** void Encoder_Init()
 113:..\source/encoder.c **** {
ARM GAS  C:\Users\Tim\AppData\Local\Temp\ccA0nacM.s 			page 5


 116              		.loc 1 113 0
 117              		.cfi_startproc
 118              		@ args = 0, pretend = 0, frame = 0
 119              		@ frame_needed = 0, uses_anonymous_args = 0
 120              		@ link register save eliminated.
 121 0000 10B4     		push	{r4}
 122              		.cfi_def_cfa_offset 4
 123              		.cfi_offset 4, -4
 114:..\source/encoder.c ****     left_enc.count = 0;
 124              		.loc 1 114 0
 125 0002 0E4B     		ldr	r3, .L7
 126 0004 0021     		movs	r1, #0
 127 0006 9960     		str	r1, [r3, #8]
 115:..\source/encoder.c ****     left_enc.last_count = 0;
 128              		.loc 1 115 0
 129 0008 D960     		str	r1, [r3, #12]
 116:..\source/encoder.c ****     left_enc.delta_count = 0;
 130              		.loc 1 116 0
 131 000a 1961     		str	r1, [r3, #16]
 117:..\source/encoder.c ****     left_enc.avg_delta_count = 0;
 132              		.loc 1 117 0
 133 000c 0022     		movs	r2, #0
 134 000e 5A61     		str	r2, [r3, #20]	@ float
 118:..\source/encoder.c ****     left_enc.delta_count_ma.last = 0;
 135              		.loc 1 118 0
 136 0010 5A62     		str	r2, [r3, #36]	@ float
 119:..\source/encoder.c ****     left_enc.delta_count_ma.n = 3;
 137              		.loc 1 119 0
 138 0012 0B4C     		ldr	r4, .L7+4
 139 0014 1C62     		str	r4, [r3, #32]	@ float
 120:..\source/encoder.c ****     left_enc.avg_cps_ma.last = 0;
 140              		.loc 1 120 0
 141 0016 DA62     		str	r2, [r3, #44]	@ float
 121:..\source/encoder.c ****     left_enc.avg_cps_ma.n = 10;
 142              		.loc 1 121 0
 143 0018 0A48     		ldr	r0, .L7+8
 144 001a 9862     		str	r0, [r3, #40]	@ float
 122:..\source/encoder.c ****     left_enc.avg_cps = 0;
 145              		.loc 1 122 0
 146 001c 9A61     		str	r2, [r3, #24]	@ float
 123:..\source/encoder.c ****     left_enc.avg_mps = 0;
 147              		.loc 1 123 0
 148 001e DA61     		str	r2, [r3, #28]	@ float
 124:..\source/encoder.c ****     
 125:..\source/encoder.c ****     right_enc.count = 0;
 149              		.loc 1 125 0
 150 0020 1964     		str	r1, [r3, #64]
 126:..\source/encoder.c ****     right_enc.last_count = 0;
 151              		.loc 1 126 0
 152 0022 5964     		str	r1, [r3, #68]
 127:..\source/encoder.c ****     right_enc.delta_count = 0;
 153              		.loc 1 127 0
 154 0024 9964     		str	r1, [r3, #72]
 128:..\source/encoder.c ****     right_enc.avg_delta_count = 0;
 155              		.loc 1 128 0
 156 0026 DA64     		str	r2, [r3, #76]	@ float
 129:..\source/encoder.c ****     right_enc.delta_count_ma.last = 0;
ARM GAS  C:\Users\Tim\AppData\Local\Temp\ccA0nacM.s 			page 6


 157              		.loc 1 129 0
 158 0028 DA65     		str	r2, [r3, #92]	@ float
 130:..\source/encoder.c ****     right_enc.delta_count_ma.n = 3;
 159              		.loc 1 130 0
 160 002a 9C65     		str	r4, [r3, #88]	@ float
 131:..\source/encoder.c ****     right_enc.avg_cps_ma.last = 0;
 161              		.loc 1 131 0
 162 002c 5A66     		str	r2, [r3, #100]	@ float
 132:..\source/encoder.c ****     right_enc.avg_cps_ma.n = 10;
 163              		.loc 1 132 0
 164 002e 1866     		str	r0, [r3, #96]	@ float
 133:..\source/encoder.c ****     right_enc.avg_cps = 0;
 165              		.loc 1 133 0
 166 0030 1A65     		str	r2, [r3, #80]	@ float
 134:..\source/encoder.c ****     right_enc.avg_mps = 0;
 167              		.loc 1 134 0
 168 0032 5A65     		str	r2, [r3, #84]	@ float
 135:..\source/encoder.c ****     
 136:..\source/encoder.c **** }
 169              		.loc 1 136 0
 170 0034 5DF8044B 		ldr	r4, [sp], #4
 171              		.cfi_restore 4
 172              		.cfi_def_cfa_offset 0
 173 0038 7047     		bx	lr
 174              	.L8:
 175 003a 00BF     		.align	2
 176              	.L7:
 177 003c 00000000 		.word	.LANCHOR0
 178 0040 00004040 		.word	1077936128
 179 0044 00002041 		.word	1092616192
 180              		.cfi_endproc
 181              	.LFE64:
 182              		.size	Encoder_Init, .-Encoder_Init
 183              		.section	.text.Encoder_Start,"ax",%progbits
 184              		.align	2
 185              		.global	Encoder_Start
 186              		.thumb
 187              		.thumb_func
 188              		.type	Encoder_Start, %function
 189              	Encoder_Start:
 190              	.LFB65:
 137:..\source/encoder.c **** 
 138:..\source/encoder.c **** void Encoder_Start()
 139:..\source/encoder.c **** {
 191              		.loc 1 139 0
 192              		.cfi_startproc
 193              		@ args = 0, pretend = 0, frame = 0
 194              		@ frame_needed = 0, uses_anonymous_args = 0
 195 0000 10B5     		push	{r4, lr}
 196              		.cfi_def_cfa_offset 8
 197              		.cfi_offset 4, -8
 198              		.cfi_offset 14, -4
 140:..\source/encoder.c ****     Left_QuadDec_Start();
 199              		.loc 1 140 0
 200 0002 FFF7FEFF 		bl	Left_QuadDec_Start
 201              	.LVL14:
 141:..\source/encoder.c ****     Right_QuadDec_Start();
ARM GAS  C:\Users\Tim\AppData\Local\Temp\ccA0nacM.s 			page 7


 202              		.loc 1 141 0
 203 0006 FFF7FEFF 		bl	Right_QuadDec_Start
 204              	.LVL15:
 142:..\source/encoder.c ****     left_enc.write_counter(0);
 205              		.loc 1 142 0
 206 000a 044C     		ldr	r4, .L11
 207 000c 636B     		ldr	r3, [r4, #52]
 208 000e 0020     		movs	r0, #0
 209 0010 9847     		blx	r3
 210              	.LVL16:
 143:..\source/encoder.c ****     right_enc.write_counter(0);
 211              		.loc 1 143 0
 212 0012 E36E     		ldr	r3, [r4, #108]
 213 0014 0020     		movs	r0, #0
 214 0016 9847     		blx	r3
 215              	.LVL17:
 216 0018 10BD     		pop	{r4, pc}
 217              	.L12:
 218 001a 00BF     		.align	2
 219              	.L11:
 220 001c 00000000 		.word	.LANCHOR0
 221              		.cfi_endproc
 222              	.LFE65:
 223              		.size	Encoder_Start, .-Encoder_Start
 224              		.global	__aeabi_ui2d
 225              		.global	__aeabi_dcmpge
 226              		.section	.text.Encoder_Update,"ax",%progbits
 227              		.align	2
 228              		.global	Encoder_Update
 229              		.thumb
 230              		.thumb_func
 231              		.type	Encoder_Update, %function
 232              	Encoder_Update:
 233              	.LFB66:
 144:..\source/encoder.c **** }
 145:..\source/encoder.c **** 
 146:..\source/encoder.c **** void Encoder_Update()
 147:..\source/encoder.c **** {
 234              		.loc 1 147 0
 235              		.cfi_startproc
 236              		@ args = 0, pretend = 0, frame = 0
 237              		@ frame_needed = 0, uses_anonymous_args = 0
 238 0000 38B5     		push	{r3, r4, r5, lr}
 239              		.cfi_def_cfa_offset 16
 240              		.cfi_offset 3, -16
 241              		.cfi_offset 4, -12
 242              		.cfi_offset 5, -8
 243              		.cfi_offset 14, -4
 148:..\source/encoder.c ****     static uint32 last_update_time = 0;
 149:..\source/encoder.c ****     static uint32 delta_time;
 150:..\source/encoder.c ****     static uint8 enc_sched_offset_applied = 0;
 151:..\source/encoder.c ****     
 152:..\source/encoder.c ****     delta_time = millis() - last_update_time;
 244              		.loc 1 152 0
 245 0002 FFF7FEFF 		bl	millis
 246              	.LVL18:
 247 0006 114A     		ldr	r2, .L19
ARM GAS  C:\Users\Tim\AppData\Local\Temp\ccA0nacM.s 			page 8


 248 0008 1368     		ldr	r3, [r2]
 249 000a C01A     		subs	r0, r0, r3
 250 000c 5060     		str	r0, [r2, #4]
 153:..\source/encoder.c ****     ENC_DEBUG_DELTA(delta_time);
 154:..\source/encoder.c ****     if (delta_time >= ENC_SAMPLE_TIME_MS)
 251              		.loc 1 154 0
 252 000e FFF7FEFF 		bl	__aeabi_ui2d
 253              	.LVL19:
 254 0012 0022     		movs	r2, #0
 255 0014 0E4B     		ldr	r3, .L19+4
 256 0016 FFF7FEFF 		bl	__aeabi_dcmpge
 257              	.LVL20:
 258 001a B0B1     		cbz	r0, .L13
 155:..\source/encoder.c ****     {
 156:..\source/encoder.c ****         last_update_time = millis();
 259              		.loc 1 156 0
 260 001c FFF7FEFF 		bl	millis
 261              	.LVL21:
 262 0020 0A4B     		ldr	r3, .L19
 263 0022 1860     		str	r0, [r3]
 157:..\source/encoder.c ****         
 158:..\source/encoder.c ****         APPLY_SCHED_OFFSET(ENC_SCHED_OFFSET, enc_sched_offset_applied);
 264              		.loc 1 158 0
 265 0024 1B7A     		ldrb	r3, [r3, #8]	@ zero_extendqisi2
 266 0026 2BB9     		cbnz	r3, .L16
 267              		.loc 1 158 0 is_stmt 0 discriminator 1
 268 0028 0122     		movs	r2, #1
 269 002a 084B     		ldr	r3, .L19
 270 002c 1A72     		strb	r2, [r3, #8]
 271 002e 0720     		movs	r0, #7
 272 0030 FFF7FEFF 		bl	CyDelay
 273              	.LVL22:
 274              	.L16:
 159:..\source/encoder.c ****         
 160:..\source/encoder.c ****         Encoder_Sample(&left_enc, delta_time);
 275              		.loc 1 160 0 is_stmt 1
 276 0034 074D     		ldr	r5, .L19+8
 277 0036 054C     		ldr	r4, .L19
 278 0038 2846     		mov	r0, r5
 279 003a 6168     		ldr	r1, [r4, #4]
 280 003c FFF7FEFF 		bl	Encoder_Sample
 281              	.LVL23:
 161:..\source/encoder.c ****         Encoder_Sample(&right_enc, delta_time);
 282              		.loc 1 161 0
 283 0040 05F13800 		add	r0, r5, #56
 284 0044 6168     		ldr	r1, [r4, #4]
 285 0046 FFF7FEFF 		bl	Encoder_Sample
 286              	.LVL24:
 287              	.L13:
 288 004a 38BD     		pop	{r3, r4, r5, pc}
 289              	.L20:
 290              		.align	2
 291              	.L19:
 292 004c 00000000 		.word	.LANCHOR1
 293 0050 00004940 		.word	1078525952
 294 0054 00000000 		.word	.LANCHOR0
 295              		.cfi_endproc
ARM GAS  C:\Users\Tim\AppData\Local\Temp\ccA0nacM.s 			page 9


 296              	.LFE66:
 297              		.size	Encoder_Update, .-Encoder_Update
 298              		.section	.text.Encoder_LeftGetCntsPerSec,"ax",%progbits
 299              		.align	2
 300              		.global	Encoder_LeftGetCntsPerSec
 301              		.thumb
 302              		.thumb_func
 303              		.type	Encoder_LeftGetCntsPerSec, %function
 304              	Encoder_LeftGetCntsPerSec:
 305              	.LFB67:
 162:..\source/encoder.c ****         LEFT_DUMP_ENC(&left_enc);
 163:..\source/encoder.c ****         RIGHT_DUMP_ENC(&right_enc);
 164:..\source/encoder.c ****     }                    
 165:..\source/encoder.c **** }
 166:..\source/encoder.c **** 
 167:..\source/encoder.c **** float Encoder_LeftGetCntsPerSec()
 168:..\source/encoder.c **** {
 306              		.loc 1 168 0
 307              		.cfi_startproc
 308              		@ args = 0, pretend = 0, frame = 0
 309              		@ frame_needed = 0, uses_anonymous_args = 0
 310              		@ link register save eliminated.
 169:..\source/encoder.c ****     return left_enc.avg_cps;
 170:..\source/encoder.c **** }
 311              		.loc 1 170 0
 312 0000 014B     		ldr	r3, .L22
 313 0002 9869     		ldr	r0, [r3, #24]	@ float
 314 0004 7047     		bx	lr
 315              	.L23:
 316 0006 00BF     		.align	2
 317              	.L22:
 318 0008 00000000 		.word	.LANCHOR0
 319              		.cfi_endproc
 320              	.LFE67:
 321              		.size	Encoder_LeftGetCntsPerSec, .-Encoder_LeftGetCntsPerSec
 322              		.section	.text.Encoder_RightGetCntsPerSec,"ax",%progbits
 323              		.align	2
 324              		.global	Encoder_RightGetCntsPerSec
 325              		.thumb
 326              		.thumb_func
 327              		.type	Encoder_RightGetCntsPerSec, %function
 328              	Encoder_RightGetCntsPerSec:
 329              	.LFB68:
 171:..\source/encoder.c **** 
 172:..\source/encoder.c **** float Encoder_RightGetCntsPerSec()
 173:..\source/encoder.c **** {
 330              		.loc 1 173 0
 331              		.cfi_startproc
 332              		@ args = 0, pretend = 0, frame = 0
 333              		@ frame_needed = 0, uses_anonymous_args = 0
 334              		@ link register save eliminated.
 174:..\source/encoder.c ****     return right_enc.avg_cps;
 175:..\source/encoder.c **** }
 335              		.loc 1 175 0
 336 0000 014B     		ldr	r3, .L25
 337 0002 186D     		ldr	r0, [r3, #80]	@ float
 338 0004 7047     		bx	lr
ARM GAS  C:\Users\Tim\AppData\Local\Temp\ccA0nacM.s 			page 10


 339              	.L26:
 340 0006 00BF     		.align	2
 341              	.L25:
 342 0008 00000000 		.word	.LANCHOR0
 343              		.cfi_endproc
 344              	.LFE68:
 345              		.size	Encoder_RightGetCntsPerSec, .-Encoder_RightGetCntsPerSec
 346              		.section	.text.Encoder_LeftGetMeterPerSec,"ax",%progbits
 347              		.align	2
 348              		.global	Encoder_LeftGetMeterPerSec
 349              		.thumb
 350              		.thumb_func
 351              		.type	Encoder_LeftGetMeterPerSec, %function
 352              	Encoder_LeftGetMeterPerSec:
 353              	.LFB69:
 176:..\source/encoder.c **** 
 177:..\source/encoder.c **** float Encoder_LeftGetMeterPerSec()
 178:..\source/encoder.c **** {
 354              		.loc 1 178 0
 355              		.cfi_startproc
 356              		@ args = 0, pretend = 0, frame = 0
 357              		@ frame_needed = 0, uses_anonymous_args = 0
 358              		@ link register save eliminated.
 179:..\source/encoder.c ****     return left_enc.avg_mps;
 180:..\source/encoder.c **** }
 359              		.loc 1 180 0
 360 0000 014B     		ldr	r3, .L28
 361 0002 D869     		ldr	r0, [r3, #28]	@ float
 362 0004 7047     		bx	lr
 363              	.L29:
 364 0006 00BF     		.align	2
 365              	.L28:
 366 0008 00000000 		.word	.LANCHOR0
 367              		.cfi_endproc
 368              	.LFE69:
 369              		.size	Encoder_LeftGetMeterPerSec, .-Encoder_LeftGetMeterPerSec
 370              		.section	.text.Encoder_RightGetMeterPerSec,"ax",%progbits
 371              		.align	2
 372              		.global	Encoder_RightGetMeterPerSec
 373              		.thumb
 374              		.thumb_func
 375              		.type	Encoder_RightGetMeterPerSec, %function
 376              	Encoder_RightGetMeterPerSec:
 377              	.LFB70:
 181:..\source/encoder.c **** 
 182:..\source/encoder.c **** float Encoder_RightGetMeterPerSec()
 183:..\source/encoder.c **** {
 378              		.loc 1 183 0
 379              		.cfi_startproc
 380              		@ args = 0, pretend = 0, frame = 0
 381              		@ frame_needed = 0, uses_anonymous_args = 0
 382              		@ link register save eliminated.
 184:..\source/encoder.c ****     return right_enc.avg_mps;
 185:..\source/encoder.c **** }
 383              		.loc 1 185 0
 384 0000 014B     		ldr	r3, .L31
 385 0002 586D     		ldr	r0, [r3, #84]	@ float
ARM GAS  C:\Users\Tim\AppData\Local\Temp\ccA0nacM.s 			page 11


 386 0004 7047     		bx	lr
 387              	.L32:
 388 0006 00BF     		.align	2
 389              	.L31:
 390 0008 00000000 		.word	.LANCHOR0
 391              		.cfi_endproc
 392              	.LFE70:
 393              		.size	Encoder_RightGetMeterPerSec, .-Encoder_RightGetMeterPerSec
 394              		.section	.text.Encoder_LeftGetCount,"ax",%progbits
 395              		.align	2
 396              		.global	Encoder_LeftGetCount
 397              		.thumb
 398              		.thumb_func
 399              		.type	Encoder_LeftGetCount, %function
 400              	Encoder_LeftGetCount:
 401              	.LFB71:
 186:..\source/encoder.c **** 
 187:..\source/encoder.c **** int32 Encoder_LeftGetCount()
 188:..\source/encoder.c **** {
 402              		.loc 1 188 0
 403              		.cfi_startproc
 404              		@ args = 0, pretend = 0, frame = 0
 405              		@ frame_needed = 0, uses_anonymous_args = 0
 406 0000 08B5     		push	{r3, lr}
 407              		.cfi_def_cfa_offset 8
 408              		.cfi_offset 3, -8
 409              		.cfi_offset 14, -4
 189:..\source/encoder.c ****     return left_enc.read_counter();
 410              		.loc 1 189 0
 411 0002 024B     		ldr	r3, .L35
 412 0004 1B6B     		ldr	r3, [r3, #48]
 413 0006 9847     		blx	r3
 414              	.LVL25:
 190:..\source/encoder.c **** }
 415              		.loc 1 190 0
 416 0008 08BD     		pop	{r3, pc}
 417              	.L36:
 418 000a 00BF     		.align	2
 419              	.L35:
 420 000c 00000000 		.word	.LANCHOR0
 421              		.cfi_endproc
 422              	.LFE71:
 423              		.size	Encoder_LeftGetCount, .-Encoder_LeftGetCount
 424              		.section	.text.Encoder_RightGetCount,"ax",%progbits
 425              		.align	2
 426              		.global	Encoder_RightGetCount
 427              		.thumb
 428              		.thumb_func
 429              		.type	Encoder_RightGetCount, %function
 430              	Encoder_RightGetCount:
 431              	.LFB72:
 191:..\source/encoder.c **** 
 192:..\source/encoder.c **** int32 Encoder_RightGetCount()
 193:..\source/encoder.c **** {
 432              		.loc 1 193 0
 433              		.cfi_startproc
 434              		@ args = 0, pretend = 0, frame = 0
ARM GAS  C:\Users\Tim\AppData\Local\Temp\ccA0nacM.s 			page 12


 435              		@ frame_needed = 0, uses_anonymous_args = 0
 436 0000 08B5     		push	{r3, lr}
 437              		.cfi_def_cfa_offset 8
 438              		.cfi_offset 3, -8
 439              		.cfi_offset 14, -4
 194:..\source/encoder.c ****     return right_enc.read_counter();
 440              		.loc 1 194 0
 441 0002 024B     		ldr	r3, .L39
 442 0004 9B6E     		ldr	r3, [r3, #104]
 443 0006 9847     		blx	r3
 444              	.LVL26:
 195:..\source/encoder.c **** }
 445              		.loc 1 195 0
 446 0008 08BD     		pop	{r3, pc}
 447              	.L40:
 448 000a 00BF     		.align	2
 449              	.L39:
 450 000c 00000000 		.word	.LANCHOR0
 451              		.cfi_endproc
 452              	.LFE72:
 453              		.size	Encoder_RightGetCount, .-Encoder_RightGetCount
 454              		.section	.text.Encoder_LeftGetDeltaCount,"ax",%progbits
 455              		.align	2
 456              		.global	Encoder_LeftGetDeltaCount
 457              		.thumb
 458              		.thumb_func
 459              		.type	Encoder_LeftGetDeltaCount, %function
 460              	Encoder_LeftGetDeltaCount:
 461              	.LFB73:
 196:..\source/encoder.c **** 
 197:..\source/encoder.c **** float Encoder_LeftGetDeltaCount()
 198:..\source/encoder.c **** {
 462              		.loc 1 198 0
 463              		.cfi_startproc
 464              		@ args = 0, pretend = 0, frame = 0
 465              		@ frame_needed = 0, uses_anonymous_args = 0
 466              		@ link register save eliminated.
 199:..\source/encoder.c ****     return left_enc.avg_delta_count;
 200:..\source/encoder.c **** }
 467              		.loc 1 200 0
 468 0000 014B     		ldr	r3, .L42
 469 0002 5869     		ldr	r0, [r3, #20]	@ float
 470 0004 7047     		bx	lr
 471              	.L43:
 472 0006 00BF     		.align	2
 473              	.L42:
 474 0008 00000000 		.word	.LANCHOR0
 475              		.cfi_endproc
 476              	.LFE73:
 477              		.size	Encoder_LeftGetDeltaCount, .-Encoder_LeftGetDeltaCount
 478              		.section	.text.Encoder_RightGetDeltaCount,"ax",%progbits
 479              		.align	2
 480              		.global	Encoder_RightGetDeltaCount
 481              		.thumb
 482              		.thumb_func
 483              		.type	Encoder_RightGetDeltaCount, %function
 484              	Encoder_RightGetDeltaCount:
ARM GAS  C:\Users\Tim\AppData\Local\Temp\ccA0nacM.s 			page 13


 485              	.LFB74:
 201:..\source/encoder.c **** 
 202:..\source/encoder.c **** float Encoder_RightGetDeltaCount()
 203:..\source/encoder.c **** {
 486              		.loc 1 203 0
 487              		.cfi_startproc
 488              		@ args = 0, pretend = 0, frame = 0
 489              		@ frame_needed = 0, uses_anonymous_args = 0
 490              		@ link register save eliminated.
 204:..\source/encoder.c ****     return right_enc.avg_delta_count;
 205:..\source/encoder.c **** }
 491              		.loc 1 205 0
 492 0000 014B     		ldr	r3, .L45
 493 0002 D86C     		ldr	r0, [r3, #76]	@ float
 494 0004 7047     		bx	lr
 495              	.L46:
 496 0006 00BF     		.align	2
 497              	.L45:
 498 0008 00000000 		.word	.LANCHOR0
 499              		.cfi_endproc
 500              	.LFE74:
 501              		.size	Encoder_RightGetDeltaCount, .-Encoder_RightGetDeltaCount
 502              		.section	.text.Encoder_Reset,"ax",%progbits
 503              		.align	2
 504              		.global	Encoder_Reset
 505              		.thumb
 506              		.thumb_func
 507              		.type	Encoder_Reset, %function
 508              	Encoder_Reset:
 509              	.LFB75:
 206:..\source/encoder.c **** 
 207:..\source/encoder.c **** void Encoder_Reset()
 208:..\source/encoder.c **** {
 510              		.loc 1 208 0
 511              		.cfi_startproc
 512              		@ args = 0, pretend = 0, frame = 0
 513              		@ frame_needed = 0, uses_anonymous_args = 0
 514 0000 70B5     		push	{r4, r5, r6, lr}
 515              		.cfi_def_cfa_offset 16
 516              		.cfi_offset 4, -16
 517              		.cfi_offset 5, -12
 518              		.cfi_offset 6, -8
 519              		.cfi_offset 14, -4
 209:..\source/encoder.c ****     left_enc.write_counter(0);
 520              		.loc 1 209 0
 521 0002 0D4C     		ldr	r4, .L49
 522 0004 636B     		ldr	r3, [r4, #52]
 523 0006 0020     		movs	r0, #0
 524 0008 9847     		blx	r3
 525              	.LVL27:
 210:..\source/encoder.c ****     left_enc.last_count = 0;
 526              		.loc 1 210 0
 527 000a 0026     		movs	r6, #0
 528 000c E660     		str	r6, [r4, #12]
 211:..\source/encoder.c ****     left_enc.delta_count = 0;
 529              		.loc 1 211 0
 530 000e 2661     		str	r6, [r4, #16]
ARM GAS  C:\Users\Tim\AppData\Local\Temp\ccA0nacM.s 			page 14


 212:..\source/encoder.c ****     left_enc.avg_delta_count = 0;
 531              		.loc 1 212 0
 532 0010 0025     		movs	r5, #0
 533 0012 6561     		str	r5, [r4, #20]	@ float
 213:..\source/encoder.c ****     left_enc.delta_count_ma.last = 0;
 534              		.loc 1 213 0
 535 0014 6562     		str	r5, [r4, #36]	@ float
 214:..\source/encoder.c ****     left_enc.avg_cps = 0;
 536              		.loc 1 214 0
 537 0016 A561     		str	r5, [r4, #24]	@ float
 215:..\source/encoder.c ****     left_enc.avg_mps = 0;
 538              		.loc 1 215 0
 539 0018 E561     		str	r5, [r4, #28]	@ float
 216:..\source/encoder.c ****     left_enc.avg_cps_ma.last = 0;
 540              		.loc 1 216 0
 541 001a E562     		str	r5, [r4, #44]	@ float
 217:..\source/encoder.c ****     left_enc.count = 0;
 542              		.loc 1 217 0
 543 001c A660     		str	r6, [r4, #8]
 218:..\source/encoder.c ****     
 219:..\source/encoder.c ****     right_enc.write_counter(0);
 544              		.loc 1 219 0
 545 001e E36E     		ldr	r3, [r4, #108]
 546 0020 3046     		mov	r0, r6
 547 0022 9847     		blx	r3
 548              	.LVL28:
 220:..\source/encoder.c ****     right_enc.last_count = 0;
 549              		.loc 1 220 0
 550 0024 6664     		str	r6, [r4, #68]
 221:..\source/encoder.c ****     right_enc.delta_count = 0;
 551              		.loc 1 221 0
 552 0026 A664     		str	r6, [r4, #72]
 222:..\source/encoder.c ****     right_enc.avg_delta_count = 0;
 553              		.loc 1 222 0
 554 0028 E564     		str	r5, [r4, #76]	@ float
 223:..\source/encoder.c ****     right_enc.delta_count_ma.last = 0;
 555              		.loc 1 223 0
 556 002a E565     		str	r5, [r4, #92]	@ float
 224:..\source/encoder.c ****     right_enc.avg_cps = 0;
 557              		.loc 1 224 0
 558 002c 2565     		str	r5, [r4, #80]	@ float
 225:..\source/encoder.c ****     right_enc.avg_mps = 0;
 559              		.loc 1 225 0
 560 002e 6565     		str	r5, [r4, #84]	@ float
 226:..\source/encoder.c ****     right_enc.avg_cps_ma.last = 0;
 561              		.loc 1 226 0
 562 0030 6566     		str	r5, [r4, #100]	@ float
 227:..\source/encoder.c ****     right_enc.count = 0;
 563              		.loc 1 227 0
 564 0032 2664     		str	r6, [r4, #64]
 565 0034 70BD     		pop	{r4, r5, r6, pc}
 566              	.L50:
 567 0036 00BF     		.align	2
 568              	.L49:
 569 0038 00000000 		.word	.LANCHOR0
 570              		.cfi_endproc
 571              	.LFE75:
ARM GAS  C:\Users\Tim\AppData\Local\Temp\ccA0nacM.s 			page 15


 572              		.size	Encoder_Reset, .-Encoder_Reset
 573              		.comm	formatted_string,256,4
 574              		.data
 575              		.align	2
 576              		.set	.LANCHOR0,. + 0
 577              		.type	left_enc, %object
 578              		.size	left_enc, 56
 579              	left_enc:
 580 0000 6C656674 		.ascii	"left\000"
 580      00
 581 0005 00       		.space	1
 582 0006 0000     		.space	2
 583 0008 00000000 		.word	0
 584 000c 00000000 		.word	0
 585 0010 00000000 		.word	0
 586 0014 00000000 		.word	0
 587 0018 00000000 		.word	0
 588 001c 00000000 		.word	0
 589 0020 00000000 		.word	0
 590 0024 00000000 		.word	0
 591 0028 00000000 		.word	0
 592 002c 00000000 		.word	0
 593 0030 00000000 		.word	Left_QuadDec_GetCounter
 594 0034 00000000 		.word	Left_QuadDec_SetCounter
 595              		.type	right_enc, %object
 596              		.size	right_enc, 56
 597              	right_enc:
 598 0038 72696768 		.ascii	"right\000"
 598      7400
 599 003e 0000     		.space	2
 600 0040 00000000 		.word	0
 601 0044 00000000 		.word	0
 602 0048 00000000 		.word	0
 603 004c 00000000 		.word	0
 604 0050 00000000 		.word	0
 605 0054 00000000 		.word	0
 606 0058 00000000 		.word	0
 607 005c 00000000 		.word	0
 608 0060 00000000 		.word	0
 609 0064 00000000 		.word	0
 610 0068 00000000 		.word	Right_QuadDec_GetCounter
 611 006c 00000000 		.word	Right_QuadDec_SetCounter
 612              		.bss
 613              		.align	2
 614              		.set	.LANCHOR1,. + 0
 615              		.type	last_update_time.8730, %object
 616              		.size	last_update_time.8730, 4
 617              	last_update_time.8730:
 618 0000 00000000 		.space	4
 619              		.type	delta_time.8731, %object
 620              		.size	delta_time.8731, 4
 621              	delta_time.8731:
 622 0004 00000000 		.space	4
 623              		.type	enc_sched_offset_applied.8732, %object
 624              		.size	enc_sched_offset_applied.8732, 1
 625              	enc_sched_offset_applied.8732:
 626 0008 00       		.space	1
ARM GAS  C:\Users\Tim\AppData\Local\Temp\ccA0nacM.s 			page 16


 627 0009 000000   		.text
 628              	.Letext0:
 629              		.file 2 "c:\\program files (x86)\\cypress\\psoc creator\\3.3\\psoc creator\\import\\gnu\\arm\\4.9.
 630              		.file 3 "c:\\program files (x86)\\cypress\\psoc creator\\3.3\\psoc creator\\import\\gnu\\arm\\4.9.
 631              		.file 4 "Generated_Source\\PSoC5/cytypes.h"
 632              		.file 5 "..\\source\\utils.h"
 633              		.file 6 "Generated_Source\\PSoC5/core_cm3.h"
 634              		.file 7 "..\\source\\debug.h"
 635              		.file 8 "Generated_Source\\PSoC5/Left_QuadDec.h"
 636              		.file 9 "Generated_Source\\PSoC5/Right_QuadDec.h"
 637              		.file 10 "..\\source\\time.h"
 638              		.file 11 "Generated_Source\\PSoC5/CyLib.h"
 639              		.section	.debug_info,"",%progbits
 640              	.Ldebug_info0:
 641 0000 9B040000 		.4byte	0x49b
 642 0004 0400     		.2byte	0x4
 643 0006 00000000 		.4byte	.Ldebug_abbrev0
 644 000a 04       		.byte	0x4
 645 000b 01       		.uleb128 0x1
 646 000c 2B020000 		.4byte	.LASF56
 647 0010 01       		.byte	0x1
 648 0011 D0030000 		.4byte	.LASF57
 649 0015 AF000000 		.4byte	.LASF58
 650 0019 00000000 		.4byte	.Ldebug_ranges0+0
 651 001d 00000000 		.4byte	0
 652 0021 00000000 		.4byte	.Ldebug_line0
 653 0025 02       		.uleb128 0x2
 654 0026 04       		.byte	0x4
 655 0027 07       		.byte	0x7
 656 0028 D6010000 		.4byte	.LASF0
 657 002c 03       		.uleb128 0x3
 658 002d 04       		.byte	0x4
 659 002e 05       		.byte	0x5
 660 002f 696E7400 		.ascii	"int\000"
 661 0033 02       		.uleb128 0x2
 662 0034 01       		.byte	0x1
 663 0035 06       		.byte	0x6
 664 0036 97010000 		.4byte	.LASF1
 665 003a 02       		.uleb128 0x2
 666 003b 01       		.byte	0x1
 667 003c 08       		.byte	0x8
 668 003d 89010000 		.4byte	.LASF2
 669 0041 02       		.uleb128 0x2
 670 0042 02       		.byte	0x2
 671 0043 05       		.byte	0x5
 672 0044 19000000 		.4byte	.LASF3
 673 0048 02       		.uleb128 0x2
 674 0049 02       		.byte	0x2
 675 004a 07       		.byte	0x7
 676 004b F9010000 		.4byte	.LASF4
 677 004f 04       		.uleb128 0x4
 678 0050 93030000 		.4byte	.LASF11
 679 0054 02       		.byte	0x2
 680 0055 3F       		.byte	0x3f
 681 0056 5A000000 		.4byte	0x5a
 682 005a 02       		.uleb128 0x2
 683 005b 04       		.byte	0x4
ARM GAS  C:\Users\Tim\AppData\Local\Temp\ccA0nacM.s 			page 17


 684 005c 05       		.byte	0x5
 685 005d 0A010000 		.4byte	.LASF5
 686 0061 02       		.uleb128 0x2
 687 0062 04       		.byte	0x4
 688 0063 07       		.byte	0x7
 689 0064 1C030000 		.4byte	.LASF6
 690 0068 02       		.uleb128 0x2
 691 0069 08       		.byte	0x8
 692 006a 05       		.byte	0x5
 693 006b E1000000 		.4byte	.LASF7
 694 006f 02       		.uleb128 0x2
 695 0070 08       		.byte	0x8
 696 0071 07       		.byte	0x7
 697 0072 A3010000 		.4byte	.LASF8
 698 0076 02       		.uleb128 0x2
 699 0077 04       		.byte	0x4
 700 0078 07       		.byte	0x7
 701 0079 30000000 		.4byte	.LASF9
 702 007d 02       		.uleb128 0x2
 703 007e 01       		.byte	0x1
 704 007f 08       		.byte	0x8
 705 0080 26020000 		.4byte	.LASF10
 706 0084 04       		.uleb128 0x4
 707 0085 B9020000 		.4byte	.LASF12
 708 0089 03       		.byte	0x3
 709 008a 2C       		.byte	0x2c
 710 008b 4F000000 		.4byte	0x4f
 711 008f 05       		.uleb128 0x5
 712 0090 73010000 		.4byte	.LASF13
 713 0094 04       		.byte	0x4
 714 0095 3801     		.2byte	0x138
 715 0097 3A000000 		.4byte	0x3a
 716 009b 05       		.uleb128 0x5
 717 009c 15030000 		.4byte	.LASF14
 718 00a0 04       		.byte	0x4
 719 00a1 3A01     		.2byte	0x13a
 720 00a3 61000000 		.4byte	0x61
 721 00a7 05       		.uleb128 0x5
 722 00a8 39030000 		.4byte	.LASF15
 723 00ac 04       		.byte	0x4
 724 00ad 3D01     		.2byte	0x13d
 725 00af 5A000000 		.4byte	0x5a
 726 00b3 02       		.uleb128 0x2
 727 00b4 04       		.byte	0x4
 728 00b5 04       		.byte	0x4
 729 00b6 A9000000 		.4byte	.LASF16
 730 00ba 02       		.uleb128 0x2
 731 00bb 08       		.byte	0x8
 732 00bc 04       		.byte	0x4
 733 00bd 0E040000 		.4byte	.LASF17
 734 00c1 06       		.uleb128 0x6
 735 00c2 1A010000 		.4byte	.LASF22
 736 00c6 08       		.byte	0x8
 737 00c7 05       		.byte	0x5
 738 00c8 28       		.byte	0x28
 739 00c9 E4000000 		.4byte	0xe4
 740 00cd 07       		.uleb128 0x7
ARM GAS  C:\Users\Tim\AppData\Local\Temp\ccA0nacM.s 			page 18


 741 00ce 6E00     		.ascii	"n\000"
 742 00d0 05       		.byte	0x5
 743 00d1 2A       		.byte	0x2a
 744 00d2 B3000000 		.4byte	0xb3
 745 00d6 00       		.byte	0
 746 00d7 08       		.uleb128 0x8
 747 00d8 E3010000 		.4byte	.LASF18
 748 00dc 05       		.byte	0x5
 749 00dd 2B       		.byte	0x2b
 750 00de B3000000 		.4byte	0xb3
 751 00e2 04       		.byte	0x4
 752 00e3 00       		.byte	0
 753 00e4 04       		.uleb128 0x4
 754 00e5 FB020000 		.4byte	.LASF19
 755 00e9 05       		.byte	0x5
 756 00ea 2C       		.byte	0x2c
 757 00eb C1000000 		.4byte	0xc1
 758 00ef 04       		.uleb128 0x4
 759 00f0 34010000 		.4byte	.LASF20
 760 00f4 01       		.byte	0x1
 761 00f5 2D       		.byte	0x2d
 762 00f6 FA000000 		.4byte	0xfa
 763 00fa 09       		.uleb128 0x9
 764 00fb 04       		.byte	0x4
 765 00fc 00010000 		.4byte	0x100
 766 0100 0A       		.uleb128 0xa
 767 0101 A7000000 		.4byte	0xa7
 768 0105 0B010000 		.4byte	0x10b
 769 0109 0B       		.uleb128 0xb
 770 010a 00       		.byte	0
 771 010b 04       		.uleb128 0x4
 772 010c 8E000000 		.4byte	.LASF21
 773 0110 01       		.byte	0x1
 774 0111 2E       		.byte	0x2e
 775 0112 16010000 		.4byte	0x116
 776 0116 09       		.uleb128 0x9
 777 0117 04       		.byte	0x4
 778 0118 1C010000 		.4byte	0x11c
 779 011c 0C       		.uleb128 0xc
 780 011d 27010000 		.4byte	0x127
 781 0121 0D       		.uleb128 0xd
 782 0122 A7000000 		.4byte	0xa7
 783 0126 00       		.byte	0
 784 0127 06       		.uleb128 0x6
 785 0128 EE020000 		.4byte	.LASF23
 786 012c 38       		.byte	0x38
 787 012d 01       		.byte	0x1
 788 012e 31       		.byte	0x31
 789 012f B8010000 		.4byte	0x1b8
 790 0133 08       		.uleb128 0x8
 791 0134 BA030000 		.4byte	.LASF24
 792 0138 01       		.byte	0x1
 793 0139 33       		.byte	0x33
 794 013a B8010000 		.4byte	0x1b8
 795 013e 00       		.byte	0
 796 013f 08       		.uleb128 0x8
 797 0140 76030000 		.4byte	.LASF25
ARM GAS  C:\Users\Tim\AppData\Local\Temp\ccA0nacM.s 			page 19


 798 0144 01       		.byte	0x1
 799 0145 34       		.byte	0x34
 800 0146 A7000000 		.4byte	0xa7
 801 014a 08       		.byte	0x8
 802 014b 08       		.uleb128 0x8
 803 014c CF020000 		.4byte	.LASF26
 804 0150 01       		.byte	0x1
 805 0151 35       		.byte	0x35
 806 0152 A7000000 		.4byte	0xa7
 807 0156 0C       		.byte	0xc
 808 0157 08       		.uleb128 0x8
 809 0158 0D000000 		.4byte	.LASF27
 810 015c 01       		.byte	0x1
 811 015d 36       		.byte	0x36
 812 015e A7000000 		.4byte	0xa7
 813 0162 10       		.byte	0x10
 814 0163 08       		.uleb128 0x8
 815 0164 79010000 		.4byte	.LASF28
 816 0168 01       		.byte	0x1
 817 0169 37       		.byte	0x37
 818 016a B3000000 		.4byte	0xb3
 819 016e 14       		.byte	0x14
 820 016f 08       		.uleb128 0x8
 821 0170 43040000 		.4byte	.LASF29
 822 0174 01       		.byte	0x1
 823 0175 38       		.byte	0x38
 824 0176 B3000000 		.4byte	0xb3
 825 017a 18       		.byte	0x18
 826 017b 08       		.uleb128 0x8
 827 017c 7C030000 		.4byte	.LASF30
 828 0180 01       		.byte	0x1
 829 0181 39       		.byte	0x39
 830 0182 B3000000 		.4byte	0xb3
 831 0186 1C       		.byte	0x1c
 832 0187 08       		.uleb128 0x8
 833 0188 4E010000 		.4byte	.LASF31
 834 018c 01       		.byte	0x1
 835 018d 3A       		.byte	0x3a
 836 018e E4000000 		.4byte	0xe4
 837 0192 20       		.byte	0x20
 838 0193 08       		.uleb128 0x8
 839 0194 2E030000 		.4byte	.LASF32
 840 0198 01       		.byte	0x1
 841 0199 3B       		.byte	0x3b
 842 019a E4000000 		.4byte	0xe4
 843 019e 28       		.byte	0x28
 844 019f 08       		.uleb128 0x8
 845 01a0 23000000 		.4byte	.LASF33
 846 01a4 01       		.byte	0x1
 847 01a5 3C       		.byte	0x3c
 848 01a6 EF000000 		.4byte	0xef
 849 01aa 30       		.byte	0x30
 850 01ab 08       		.uleb128 0x8
 851 01ac 4B040000 		.4byte	.LASF34
 852 01b0 01       		.byte	0x1
 853 01b1 3D       		.byte	0x3d
 854 01b2 0B010000 		.4byte	0x10b
ARM GAS  C:\Users\Tim\AppData\Local\Temp\ccA0nacM.s 			page 20


 855 01b6 34       		.byte	0x34
 856 01b7 00       		.byte	0
 857 01b8 0E       		.uleb128 0xe
 858 01b9 7D000000 		.4byte	0x7d
 859 01bd C8010000 		.4byte	0x1c8
 860 01c1 0F       		.uleb128 0xf
 861 01c2 76000000 		.4byte	0x76
 862 01c6 05       		.byte	0x5
 863 01c7 00       		.byte	0
 864 01c8 04       		.uleb128 0x4
 865 01c9 C9010000 		.4byte	.LASF35
 866 01cd 01       		.byte	0x1
 867 01ce 3E       		.byte	0x3e
 868 01cf 27010000 		.4byte	0x127
 869 01d3 10       		.uleb128 0x10
 870 01d4 BA010000 		.4byte	.LASF59
 871 01d8 01       		.byte	0x1
 872 01d9 61       		.byte	0x61
 873 01da 00000000 		.4byte	.LFB63
 874 01de 6C000000 		.4byte	.LFE63-.LFB63
 875 01e2 01       		.uleb128 0x1
 876 01e3 9C       		.byte	0x9c
 877 01e4 3A020000 		.4byte	0x23a
 878 01e8 11       		.uleb128 0x11
 879 01e9 656E6300 		.ascii	"enc\000"
 880 01ed 01       		.byte	0x1
 881 01ee 61       		.byte	0x61
 882 01ef 3A020000 		.4byte	0x23a
 883 01f3 00000000 		.4byte	.LLST0
 884 01f7 12       		.uleb128 0x12
 885 01f8 39000000 		.4byte	.LASF36
 886 01fc 01       		.byte	0x1
 887 01fd 61       		.byte	0x61
 888 01fe 9B000000 		.4byte	0x9b
 889 0202 2C000000 		.4byte	.LLST1
 890 0206 13       		.uleb128 0x13
 891 0207 63707300 		.ascii	"cps\000"
 892 020b 01       		.byte	0x1
 893 020c 69       		.byte	0x69
 894 020d B3000000 		.4byte	0xb3
 895 0211 58000000 		.4byte	.LLST2
 896 0215 14       		.uleb128 0x14
 897 0216 26000000 		.4byte	.LVL3
 898 021a 52040000 		.4byte	0x452
 899 021e 29020000 		.4byte	0x229
 900 0222 15       		.uleb128 0x15
 901 0223 01       		.uleb128 0x1
 902 0224 50       		.byte	0x50
 903 0225 02       		.uleb128 0x2
 904 0226 75       		.byte	0x75
 905 0227 00       		.sleb128 0
 906 0228 00       		.byte	0
 907 0229 16       		.uleb128 0x16
 908 022a 48000000 		.4byte	.LVL9
 909 022e 52040000 		.4byte	0x452
 910 0232 15       		.uleb128 0x15
 911 0233 01       		.uleb128 0x1
ARM GAS  C:\Users\Tim\AppData\Local\Temp\ccA0nacM.s 			page 21


 912 0234 50       		.byte	0x50
 913 0235 02       		.uleb128 0x2
 914 0236 74       		.byte	0x74
 915 0237 28       		.sleb128 40
 916 0238 00       		.byte	0
 917 0239 00       		.byte	0
 918 023a 09       		.uleb128 0x9
 919 023b 04       		.byte	0x4
 920 023c C8010000 		.4byte	0x1c8
 921 0240 17       		.uleb128 0x17
 922 0241 00000000 		.4byte	.LASF60
 923 0245 01       		.byte	0x1
 924 0246 70       		.byte	0x70
 925 0247 00000000 		.4byte	.LFB64
 926 024b 48000000 		.4byte	.LFE64-.LFB64
 927 024f 01       		.uleb128 0x1
 928 0250 9C       		.byte	0x9c
 929 0251 18       		.uleb128 0x18
 930 0252 C1020000 		.4byte	.LASF37
 931 0256 01       		.byte	0x1
 932 0257 8A       		.byte	0x8a
 933 0258 00000000 		.4byte	.LFB65
 934 025c 20000000 		.4byte	.LFE65-.LFB65
 935 0260 01       		.uleb128 0x1
 936 0261 9C       		.byte	0x9c
 937 0262 93020000 		.4byte	0x293
 938 0266 19       		.uleb128 0x19
 939 0267 06000000 		.4byte	.LVL14
 940 026b 72040000 		.4byte	0x472
 941 026f 19       		.uleb128 0x19
 942 0270 0A000000 		.4byte	.LVL15
 943 0274 79040000 		.4byte	0x479
 944 0278 1A       		.uleb128 0x1a
 945 0279 12000000 		.4byte	.LVL16
 946 027d 87020000 		.4byte	0x287
 947 0281 15       		.uleb128 0x15
 948 0282 01       		.uleb128 0x1
 949 0283 50       		.byte	0x50
 950 0284 01       		.uleb128 0x1
 951 0285 30       		.byte	0x30
 952 0286 00       		.byte	0
 953 0287 1B       		.uleb128 0x1b
 954 0288 18000000 		.4byte	.LVL17
 955 028c 15       		.uleb128 0x15
 956 028d 01       		.uleb128 0x1
 957 028e 50       		.byte	0x50
 958 028f 01       		.uleb128 0x1
 959 0290 30       		.byte	0x30
 960 0291 00       		.byte	0
 961 0292 00       		.byte	0
 962 0293 1C       		.uleb128 0x1c
 963 0294 84030000 		.4byte	.LASF38
 964 0298 01       		.byte	0x1
 965 0299 92       		.byte	0x92
 966 029a 00000000 		.4byte	.LFB66
 967 029e 58000000 		.4byte	.LFE66-.LFB66
 968 02a2 01       		.uleb128 0x1
ARM GAS  C:\Users\Tim\AppData\Local\Temp\ccA0nacM.s 			page 22


 969 02a3 9C       		.byte	0x9c
 970 02a4 25030000 		.4byte	0x325
 971 02a8 1D       		.uleb128 0x1d
 972 02a9 E8010000 		.4byte	.LASF39
 973 02ad 01       		.byte	0x1
 974 02ae 94       		.byte	0x94
 975 02af 9B000000 		.4byte	0x9b
 976 02b3 05       		.uleb128 0x5
 977 02b4 03       		.byte	0x3
 978 02b5 00000000 		.4byte	last_update_time.8730
 979 02b9 1D       		.uleb128 0x1d
 980 02ba 39000000 		.4byte	.LASF36
 981 02be 01       		.byte	0x1
 982 02bf 95       		.byte	0x95
 983 02c0 9B000000 		.4byte	0x9b
 984 02c4 05       		.uleb128 0x5
 985 02c5 03       		.byte	0x3
 986 02c6 04000000 		.4byte	delta_time.8731
 987 02ca 1D       		.uleb128 0x1d
 988 02cb 15040000 		.4byte	.LASF40
 989 02cf 01       		.byte	0x1
 990 02d0 96       		.byte	0x96
 991 02d1 8F000000 		.4byte	0x8f
 992 02d5 05       		.uleb128 0x5
 993 02d6 03       		.byte	0x3
 994 02d7 08000000 		.4byte	enc_sched_offset_applied.8732
 995 02db 19       		.uleb128 0x19
 996 02dc 06000000 		.4byte	.LVL18
 997 02e0 80040000 		.4byte	0x480
 998 02e4 19       		.uleb128 0x19
 999 02e5 20000000 		.4byte	.LVL21
 1000 02e9 80040000 		.4byte	0x480
 1001 02ed 14       		.uleb128 0x14
 1002 02ee 34000000 		.4byte	.LVL22
 1003 02f2 91040000 		.4byte	0x491
 1004 02f6 00030000 		.4byte	0x300
 1005 02fa 15       		.uleb128 0x15
 1006 02fb 01       		.uleb128 0x1
 1007 02fc 50       		.byte	0x50
 1008 02fd 01       		.uleb128 0x1
 1009 02fe 37       		.byte	0x37
 1010 02ff 00       		.byte	0
 1011 0300 14       		.uleb128 0x14
 1012 0301 40000000 		.4byte	.LVL23
 1013 0305 D3010000 		.4byte	0x1d3
 1014 0309 14030000 		.4byte	0x314
 1015 030d 15       		.uleb128 0x15
 1016 030e 01       		.uleb128 0x1
 1017 030f 50       		.byte	0x50
 1018 0310 02       		.uleb128 0x2
 1019 0311 75       		.byte	0x75
 1020 0312 00       		.sleb128 0
 1021 0313 00       		.byte	0
 1022 0314 16       		.uleb128 0x16
 1023 0315 4A000000 		.4byte	.LVL24
 1024 0319 D3010000 		.4byte	0x1d3
 1025 031d 15       		.uleb128 0x15
ARM GAS  C:\Users\Tim\AppData\Local\Temp\ccA0nacM.s 			page 23


 1026 031e 01       		.uleb128 0x1
 1027 031f 50       		.byte	0x50
 1028 0320 02       		.uleb128 0x2
 1029 0321 75       		.byte	0x75
 1030 0322 38       		.sleb128 56
 1031 0323 00       		.byte	0
 1032 0324 00       		.byte	0
 1033 0325 1E       		.uleb128 0x1e
 1034 0326 0C020000 		.4byte	.LASF41
 1035 032a 01       		.byte	0x1
 1036 032b A7       		.byte	0xa7
 1037 032c B3000000 		.4byte	0xb3
 1038 0330 00000000 		.4byte	.LFB67
 1039 0334 0C000000 		.4byte	.LFE67-.LFB67
 1040 0338 01       		.uleb128 0x1
 1041 0339 9C       		.byte	0x9c
 1042 033a 1E       		.uleb128 0x1e
 1043 033b 73000000 		.4byte	.LASF42
 1044 033f 01       		.byte	0x1
 1045 0340 AC       		.byte	0xac
 1046 0341 B3000000 		.4byte	0xb3
 1047 0345 00000000 		.4byte	.LFB68
 1048 0349 0C000000 		.4byte	.LFE68-.LFB68
 1049 034d 01       		.uleb128 0x1
 1050 034e 9C       		.byte	0x9c
 1051 034f 1E       		.uleb128 0x1e
 1052 0350 5B030000 		.4byte	.LASF43
 1053 0354 01       		.byte	0x1
 1054 0355 B1       		.byte	0xb1
 1055 0356 B3000000 		.4byte	0xb3
 1056 035a 00000000 		.4byte	.LFB69
 1057 035e 0C000000 		.4byte	.LFE69-.LFB69
 1058 0362 01       		.uleb128 0x1
 1059 0363 9C       		.byte	0x9c
 1060 0364 1E       		.uleb128 0x1e
 1061 0365 E4030000 		.4byte	.LASF44
 1062 0369 01       		.byte	0x1
 1063 036a B6       		.byte	0xb6
 1064 036b B3000000 		.4byte	0xb3
 1065 036f 00000000 		.4byte	.LFB70
 1066 0373 0C000000 		.4byte	.LFE70-.LFB70
 1067 0377 01       		.uleb128 0x1
 1068 0378 9C       		.byte	0x9c
 1069 0379 1F       		.uleb128 0x1f
 1070 037a 44000000 		.4byte	.LASF45
 1071 037e 01       		.byte	0x1
 1072 037f BB       		.byte	0xbb
 1073 0380 A7000000 		.4byte	0xa7
 1074 0384 00000000 		.4byte	.LFB71
 1075 0388 10000000 		.4byte	.LFE71-.LFB71
 1076 038c 01       		.uleb128 0x1
 1077 038d 9C       		.byte	0x9c
 1078 038e 1F       		.uleb128 0x1f
 1079 038f 5D010000 		.4byte	.LASF46
 1080 0393 01       		.byte	0x1
 1081 0394 C0       		.byte	0xc0
 1082 0395 A7000000 		.4byte	0xa7
ARM GAS  C:\Users\Tim\AppData\Local\Temp\ccA0nacM.s 			page 24


 1083 0399 00000000 		.4byte	.LFB72
 1084 039d 10000000 		.4byte	.LFE72-.LFB72
 1085 03a1 01       		.uleb128 0x1
 1086 03a2 9C       		.byte	0x9c
 1087 03a3 1E       		.uleb128 0x1e
 1088 03a4 59000000 		.4byte	.LASF47
 1089 03a8 01       		.byte	0x1
 1090 03a9 C5       		.byte	0xc5
 1091 03aa B3000000 		.4byte	0xb3
 1092 03ae 00000000 		.4byte	.LFB73
 1093 03b2 0C000000 		.4byte	.LFE73-.LFB73
 1094 03b6 01       		.uleb128 0x1
 1095 03b7 9C       		.byte	0x9c
 1096 03b8 1E       		.uleb128 0x1e
 1097 03b9 EF000000 		.4byte	.LASF48
 1098 03bd 01       		.byte	0x1
 1099 03be CA       		.byte	0xca
 1100 03bf B3000000 		.4byte	0xb3
 1101 03c3 00000000 		.4byte	.LFB74
 1102 03c7 0C000000 		.4byte	.LFE74-.LFB74
 1103 03cb 01       		.uleb128 0x1
 1104 03cc 9C       		.byte	0x9c
 1105 03cd 18       		.uleb128 0x18
 1106 03ce 00040000 		.4byte	.LASF49
 1107 03d2 01       		.byte	0x1
 1108 03d3 CF       		.byte	0xcf
 1109 03d4 00000000 		.4byte	.LFB75
 1110 03d8 3C000000 		.4byte	.LFE75-.LFB75
 1111 03dc 01       		.uleb128 0x1
 1112 03dd 9C       		.byte	0x9c
 1113 03de FE030000 		.4byte	0x3fe
 1114 03e2 1A       		.uleb128 0x1a
 1115 03e3 0A000000 		.4byte	.LVL27
 1116 03e7 F1030000 		.4byte	0x3f1
 1117 03eb 15       		.uleb128 0x15
 1118 03ec 01       		.uleb128 0x1
 1119 03ed 50       		.byte	0x50
 1120 03ee 01       		.uleb128 0x1
 1121 03ef 30       		.byte	0x30
 1122 03f0 00       		.byte	0
 1123 03f1 1B       		.uleb128 0x1b
 1124 03f2 24000000 		.4byte	.LVL28
 1125 03f6 15       		.uleb128 0x15
 1126 03f7 01       		.uleb128 0x1
 1127 03f8 50       		.byte	0x50
 1128 03f9 02       		.uleb128 0x2
 1129 03fa 75       		.byte	0x75
 1130 03fb 00       		.sleb128 0
 1131 03fc 00       		.byte	0
 1132 03fd 00       		.byte	0
 1133 03fe 1D       		.uleb128 0x1d
 1134 03ff 3F030000 		.4byte	.LASF50
 1135 0403 01       		.byte	0x1
 1136 0404 40       		.byte	0x40
 1137 0405 C8010000 		.4byte	0x1c8
 1138 0409 05       		.uleb128 0x5
 1139 040a 03       		.byte	0x3
ARM GAS  C:\Users\Tim\AppData\Local\Temp\ccA0nacM.s 			page 25


 1140 040b 00000000 		.4byte	left_enc
 1141 040f 1D       		.uleb128 0x1d
 1142 0410 9D030000 		.4byte	.LASF51
 1143 0414 01       		.byte	0x1
 1144 0415 49       		.byte	0x49
 1145 0416 C8010000 		.4byte	0x1c8
 1146 041a 05       		.uleb128 0x5
 1147 041b 03       		.byte	0x3
 1148 041c 38000000 		.4byte	right_enc
 1149 0420 20       		.uleb128 0x20
 1150 0421 2E040000 		.4byte	.LASF52
 1151 0425 06       		.byte	0x6
 1152 0426 5506     		.2byte	0x655
 1153 0428 2C040000 		.4byte	0x42c
 1154 042c 21       		.uleb128 0x21
 1155 042d 84000000 		.4byte	0x84
 1156 0431 0E       		.uleb128 0xe
 1157 0432 7D000000 		.4byte	0x7d
 1158 0436 41040000 		.4byte	0x441
 1159 043a 0F       		.uleb128 0xf
 1160 043b 76000000 		.4byte	0x76
 1161 043f FF       		.byte	0xff
 1162 0440 00       		.byte	0
 1163 0441 22       		.uleb128 0x22
 1164 0442 BF030000 		.4byte	.LASF53
 1165 0446 07       		.byte	0x7
 1166 0447 15       		.byte	0x15
 1167 0448 31040000 		.4byte	0x431
 1168 044c 05       		.uleb128 0x5
 1169 044d 03       		.byte	0x3
 1170 044e 00000000 		.4byte	formatted_string
 1171 0452 23       		.uleb128 0x23
 1172 0453 48030000 		.4byte	.LASF61
 1173 0457 05       		.byte	0x5
 1174 0458 30       		.byte	0x30
 1175 0459 B3000000 		.4byte	0xb3
 1176 045d 6C040000 		.4byte	0x46c
 1177 0461 0D       		.uleb128 0xd
 1178 0462 6C040000 		.4byte	0x46c
 1179 0466 0D       		.uleb128 0xd
 1180 0467 B3000000 		.4byte	0xb3
 1181 046b 00       		.byte	0
 1182 046c 09       		.uleb128 0x9
 1183 046d 04       		.byte	0x4
 1184 046e E4000000 		.4byte	0xe4
 1185 0472 24       		.uleb128 0x24
 1186 0473 A7030000 		.4byte	.LASF54
 1187 0477 08       		.byte	0x8
 1188 0478 48       		.byte	0x48
 1189 0479 24       		.uleb128 0x24
 1190 047a DA020000 		.4byte	.LASF55
 1191 047e 09       		.byte	0x9
 1192 047f 48       		.byte	0x48
 1193 0480 25       		.uleb128 0x25
 1194 0481 13010000 		.4byte	.LASF62
 1195 0485 0A       		.byte	0xa
 1196 0486 18       		.byte	0x18
ARM GAS  C:\Users\Tim\AppData\Local\Temp\ccA0nacM.s 			page 26


 1197 0487 9B000000 		.4byte	0x9b
 1198 048b 91040000 		.4byte	0x491
 1199 048f 0B       		.uleb128 0xb
 1200 0490 00       		.byte	0
 1201 0491 26       		.uleb128 0x26
 1202 0492 3B040000 		.4byte	.LASF63
 1203 0496 0B       		.byte	0xb
 1204 0497 77       		.byte	0x77
 1205 0498 0D       		.uleb128 0xd
 1206 0499 9B000000 		.4byte	0x9b
 1207 049d 00       		.byte	0
 1208 049e 00       		.byte	0
 1209              		.section	.debug_abbrev,"",%progbits
 1210              	.Ldebug_abbrev0:
 1211 0000 01       		.uleb128 0x1
 1212 0001 11       		.uleb128 0x11
 1213 0002 01       		.byte	0x1
 1214 0003 25       		.uleb128 0x25
 1215 0004 0E       		.uleb128 0xe
 1216 0005 13       		.uleb128 0x13
 1217 0006 0B       		.uleb128 0xb
 1218 0007 03       		.uleb128 0x3
 1219 0008 0E       		.uleb128 0xe
 1220 0009 1B       		.uleb128 0x1b
 1221 000a 0E       		.uleb128 0xe
 1222 000b 55       		.uleb128 0x55
 1223 000c 17       		.uleb128 0x17
 1224 000d 11       		.uleb128 0x11
 1225 000e 01       		.uleb128 0x1
 1226 000f 10       		.uleb128 0x10
 1227 0010 17       		.uleb128 0x17
 1228 0011 00       		.byte	0
 1229 0012 00       		.byte	0
 1230 0013 02       		.uleb128 0x2
 1231 0014 24       		.uleb128 0x24
 1232 0015 00       		.byte	0
 1233 0016 0B       		.uleb128 0xb
 1234 0017 0B       		.uleb128 0xb
 1235 0018 3E       		.uleb128 0x3e
 1236 0019 0B       		.uleb128 0xb
 1237 001a 03       		.uleb128 0x3
 1238 001b 0E       		.uleb128 0xe
 1239 001c 00       		.byte	0
 1240 001d 00       		.byte	0
 1241 001e 03       		.uleb128 0x3
 1242 001f 24       		.uleb128 0x24
 1243 0020 00       		.byte	0
 1244 0021 0B       		.uleb128 0xb
 1245 0022 0B       		.uleb128 0xb
 1246 0023 3E       		.uleb128 0x3e
 1247 0024 0B       		.uleb128 0xb
 1248 0025 03       		.uleb128 0x3
 1249 0026 08       		.uleb128 0x8
 1250 0027 00       		.byte	0
 1251 0028 00       		.byte	0
 1252 0029 04       		.uleb128 0x4
 1253 002a 16       		.uleb128 0x16
ARM GAS  C:\Users\Tim\AppData\Local\Temp\ccA0nacM.s 			page 27


 1254 002b 00       		.byte	0
 1255 002c 03       		.uleb128 0x3
 1256 002d 0E       		.uleb128 0xe
 1257 002e 3A       		.uleb128 0x3a
 1258 002f 0B       		.uleb128 0xb
 1259 0030 3B       		.uleb128 0x3b
 1260 0031 0B       		.uleb128 0xb
 1261 0032 49       		.uleb128 0x49
 1262 0033 13       		.uleb128 0x13
 1263 0034 00       		.byte	0
 1264 0035 00       		.byte	0
 1265 0036 05       		.uleb128 0x5
 1266 0037 16       		.uleb128 0x16
 1267 0038 00       		.byte	0
 1268 0039 03       		.uleb128 0x3
 1269 003a 0E       		.uleb128 0xe
 1270 003b 3A       		.uleb128 0x3a
 1271 003c 0B       		.uleb128 0xb
 1272 003d 3B       		.uleb128 0x3b
 1273 003e 05       		.uleb128 0x5
 1274 003f 49       		.uleb128 0x49
 1275 0040 13       		.uleb128 0x13
 1276 0041 00       		.byte	0
 1277 0042 00       		.byte	0
 1278 0043 06       		.uleb128 0x6
 1279 0044 13       		.uleb128 0x13
 1280 0045 01       		.byte	0x1
 1281 0046 03       		.uleb128 0x3
 1282 0047 0E       		.uleb128 0xe
 1283 0048 0B       		.uleb128 0xb
 1284 0049 0B       		.uleb128 0xb
 1285 004a 3A       		.uleb128 0x3a
 1286 004b 0B       		.uleb128 0xb
 1287 004c 3B       		.uleb128 0x3b
 1288 004d 0B       		.uleb128 0xb
 1289 004e 01       		.uleb128 0x1
 1290 004f 13       		.uleb128 0x13
 1291 0050 00       		.byte	0
 1292 0051 00       		.byte	0
 1293 0052 07       		.uleb128 0x7
 1294 0053 0D       		.uleb128 0xd
 1295 0054 00       		.byte	0
 1296 0055 03       		.uleb128 0x3
 1297 0056 08       		.uleb128 0x8
 1298 0057 3A       		.uleb128 0x3a
 1299 0058 0B       		.uleb128 0xb
 1300 0059 3B       		.uleb128 0x3b
 1301 005a 0B       		.uleb128 0xb
 1302 005b 49       		.uleb128 0x49
 1303 005c 13       		.uleb128 0x13
 1304 005d 38       		.uleb128 0x38
 1305 005e 0B       		.uleb128 0xb
 1306 005f 00       		.byte	0
 1307 0060 00       		.byte	0
 1308 0061 08       		.uleb128 0x8
 1309 0062 0D       		.uleb128 0xd
 1310 0063 00       		.byte	0
ARM GAS  C:\Users\Tim\AppData\Local\Temp\ccA0nacM.s 			page 28


 1311 0064 03       		.uleb128 0x3
 1312 0065 0E       		.uleb128 0xe
 1313 0066 3A       		.uleb128 0x3a
 1314 0067 0B       		.uleb128 0xb
 1315 0068 3B       		.uleb128 0x3b
 1316 0069 0B       		.uleb128 0xb
 1317 006a 49       		.uleb128 0x49
 1318 006b 13       		.uleb128 0x13
 1319 006c 38       		.uleb128 0x38
 1320 006d 0B       		.uleb128 0xb
 1321 006e 00       		.byte	0
 1322 006f 00       		.byte	0
 1323 0070 09       		.uleb128 0x9
 1324 0071 0F       		.uleb128 0xf
 1325 0072 00       		.byte	0
 1326 0073 0B       		.uleb128 0xb
 1327 0074 0B       		.uleb128 0xb
 1328 0075 49       		.uleb128 0x49
 1329 0076 13       		.uleb128 0x13
 1330 0077 00       		.byte	0
 1331 0078 00       		.byte	0
 1332 0079 0A       		.uleb128 0xa
 1333 007a 15       		.uleb128 0x15
 1334 007b 01       		.byte	0x1
 1335 007c 49       		.uleb128 0x49
 1336 007d 13       		.uleb128 0x13
 1337 007e 01       		.uleb128 0x1
 1338 007f 13       		.uleb128 0x13
 1339 0080 00       		.byte	0
 1340 0081 00       		.byte	0
 1341 0082 0B       		.uleb128 0xb
 1342 0083 18       		.uleb128 0x18
 1343 0084 00       		.byte	0
 1344 0085 00       		.byte	0
 1345 0086 00       		.byte	0
 1346 0087 0C       		.uleb128 0xc
 1347 0088 15       		.uleb128 0x15
 1348 0089 01       		.byte	0x1
 1349 008a 27       		.uleb128 0x27
 1350 008b 19       		.uleb128 0x19
 1351 008c 01       		.uleb128 0x1
 1352 008d 13       		.uleb128 0x13
 1353 008e 00       		.byte	0
 1354 008f 00       		.byte	0
 1355 0090 0D       		.uleb128 0xd
 1356 0091 05       		.uleb128 0x5
 1357 0092 00       		.byte	0
 1358 0093 49       		.uleb128 0x49
 1359 0094 13       		.uleb128 0x13
 1360 0095 00       		.byte	0
 1361 0096 00       		.byte	0
 1362 0097 0E       		.uleb128 0xe
 1363 0098 01       		.uleb128 0x1
 1364 0099 01       		.byte	0x1
 1365 009a 49       		.uleb128 0x49
 1366 009b 13       		.uleb128 0x13
 1367 009c 01       		.uleb128 0x1
ARM GAS  C:\Users\Tim\AppData\Local\Temp\ccA0nacM.s 			page 29


 1368 009d 13       		.uleb128 0x13
 1369 009e 00       		.byte	0
 1370 009f 00       		.byte	0
 1371 00a0 0F       		.uleb128 0xf
 1372 00a1 21       		.uleb128 0x21
 1373 00a2 00       		.byte	0
 1374 00a3 49       		.uleb128 0x49
 1375 00a4 13       		.uleb128 0x13
 1376 00a5 2F       		.uleb128 0x2f
 1377 00a6 0B       		.uleb128 0xb
 1378 00a7 00       		.byte	0
 1379 00a8 00       		.byte	0
 1380 00a9 10       		.uleb128 0x10
 1381 00aa 2E       		.uleb128 0x2e
 1382 00ab 01       		.byte	0x1
 1383 00ac 03       		.uleb128 0x3
 1384 00ad 0E       		.uleb128 0xe
 1385 00ae 3A       		.uleb128 0x3a
 1386 00af 0B       		.uleb128 0xb
 1387 00b0 3B       		.uleb128 0x3b
 1388 00b1 0B       		.uleb128 0xb
 1389 00b2 27       		.uleb128 0x27
 1390 00b3 19       		.uleb128 0x19
 1391 00b4 11       		.uleb128 0x11
 1392 00b5 01       		.uleb128 0x1
 1393 00b6 12       		.uleb128 0x12
 1394 00b7 06       		.uleb128 0x6
 1395 00b8 40       		.uleb128 0x40
 1396 00b9 18       		.uleb128 0x18
 1397 00ba 9642     		.uleb128 0x2116
 1398 00bc 19       		.uleb128 0x19
 1399 00bd 01       		.uleb128 0x1
 1400 00be 13       		.uleb128 0x13
 1401 00bf 00       		.byte	0
 1402 00c0 00       		.byte	0
 1403 00c1 11       		.uleb128 0x11
 1404 00c2 05       		.uleb128 0x5
 1405 00c3 00       		.byte	0
 1406 00c4 03       		.uleb128 0x3
 1407 00c5 08       		.uleb128 0x8
 1408 00c6 3A       		.uleb128 0x3a
 1409 00c7 0B       		.uleb128 0xb
 1410 00c8 3B       		.uleb128 0x3b
 1411 00c9 0B       		.uleb128 0xb
 1412 00ca 49       		.uleb128 0x49
 1413 00cb 13       		.uleb128 0x13
 1414 00cc 02       		.uleb128 0x2
 1415 00cd 17       		.uleb128 0x17
 1416 00ce 00       		.byte	0
 1417 00cf 00       		.byte	0
 1418 00d0 12       		.uleb128 0x12
 1419 00d1 05       		.uleb128 0x5
 1420 00d2 00       		.byte	0
 1421 00d3 03       		.uleb128 0x3
 1422 00d4 0E       		.uleb128 0xe
 1423 00d5 3A       		.uleb128 0x3a
 1424 00d6 0B       		.uleb128 0xb
ARM GAS  C:\Users\Tim\AppData\Local\Temp\ccA0nacM.s 			page 30


 1425 00d7 3B       		.uleb128 0x3b
 1426 00d8 0B       		.uleb128 0xb
 1427 00d9 49       		.uleb128 0x49
 1428 00da 13       		.uleb128 0x13
 1429 00db 02       		.uleb128 0x2
 1430 00dc 17       		.uleb128 0x17
 1431 00dd 00       		.byte	0
 1432 00de 00       		.byte	0
 1433 00df 13       		.uleb128 0x13
 1434 00e0 34       		.uleb128 0x34
 1435 00e1 00       		.byte	0
 1436 00e2 03       		.uleb128 0x3
 1437 00e3 08       		.uleb128 0x8
 1438 00e4 3A       		.uleb128 0x3a
 1439 00e5 0B       		.uleb128 0xb
 1440 00e6 3B       		.uleb128 0x3b
 1441 00e7 0B       		.uleb128 0xb
 1442 00e8 49       		.uleb128 0x49
 1443 00e9 13       		.uleb128 0x13
 1444 00ea 02       		.uleb128 0x2
 1445 00eb 17       		.uleb128 0x17
 1446 00ec 00       		.byte	0
 1447 00ed 00       		.byte	0
 1448 00ee 14       		.uleb128 0x14
 1449 00ef 898201   		.uleb128 0x4109
 1450 00f2 01       		.byte	0x1
 1451 00f3 11       		.uleb128 0x11
 1452 00f4 01       		.uleb128 0x1
 1453 00f5 31       		.uleb128 0x31
 1454 00f6 13       		.uleb128 0x13
 1455 00f7 01       		.uleb128 0x1
 1456 00f8 13       		.uleb128 0x13
 1457 00f9 00       		.byte	0
 1458 00fa 00       		.byte	0
 1459 00fb 15       		.uleb128 0x15
 1460 00fc 8A8201   		.uleb128 0x410a
 1461 00ff 00       		.byte	0
 1462 0100 02       		.uleb128 0x2
 1463 0101 18       		.uleb128 0x18
 1464 0102 9142     		.uleb128 0x2111
 1465 0104 18       		.uleb128 0x18
 1466 0105 00       		.byte	0
 1467 0106 00       		.byte	0
 1468 0107 16       		.uleb128 0x16
 1469 0108 898201   		.uleb128 0x4109
 1470 010b 01       		.byte	0x1
 1471 010c 11       		.uleb128 0x11
 1472 010d 01       		.uleb128 0x1
 1473 010e 31       		.uleb128 0x31
 1474 010f 13       		.uleb128 0x13
 1475 0110 00       		.byte	0
 1476 0111 00       		.byte	0
 1477 0112 17       		.uleb128 0x17
 1478 0113 2E       		.uleb128 0x2e
 1479 0114 00       		.byte	0
 1480 0115 3F       		.uleb128 0x3f
 1481 0116 19       		.uleb128 0x19
ARM GAS  C:\Users\Tim\AppData\Local\Temp\ccA0nacM.s 			page 31


 1482 0117 03       		.uleb128 0x3
 1483 0118 0E       		.uleb128 0xe
 1484 0119 3A       		.uleb128 0x3a
 1485 011a 0B       		.uleb128 0xb
 1486 011b 3B       		.uleb128 0x3b
 1487 011c 0B       		.uleb128 0xb
 1488 011d 11       		.uleb128 0x11
 1489 011e 01       		.uleb128 0x1
 1490 011f 12       		.uleb128 0x12
 1491 0120 06       		.uleb128 0x6
 1492 0121 40       		.uleb128 0x40
 1493 0122 18       		.uleb128 0x18
 1494 0123 9742     		.uleb128 0x2117
 1495 0125 19       		.uleb128 0x19
 1496 0126 00       		.byte	0
 1497 0127 00       		.byte	0
 1498 0128 18       		.uleb128 0x18
 1499 0129 2E       		.uleb128 0x2e
 1500 012a 01       		.byte	0x1
 1501 012b 3F       		.uleb128 0x3f
 1502 012c 19       		.uleb128 0x19
 1503 012d 03       		.uleb128 0x3
 1504 012e 0E       		.uleb128 0xe
 1505 012f 3A       		.uleb128 0x3a
 1506 0130 0B       		.uleb128 0xb
 1507 0131 3B       		.uleb128 0x3b
 1508 0132 0B       		.uleb128 0xb
 1509 0133 11       		.uleb128 0x11
 1510 0134 01       		.uleb128 0x1
 1511 0135 12       		.uleb128 0x12
 1512 0136 06       		.uleb128 0x6
 1513 0137 40       		.uleb128 0x40
 1514 0138 18       		.uleb128 0x18
 1515 0139 9742     		.uleb128 0x2117
 1516 013b 19       		.uleb128 0x19
 1517 013c 01       		.uleb128 0x1
 1518 013d 13       		.uleb128 0x13
 1519 013e 00       		.byte	0
 1520 013f 00       		.byte	0
 1521 0140 19       		.uleb128 0x19
 1522 0141 898201   		.uleb128 0x4109
 1523 0144 00       		.byte	0
 1524 0145 11       		.uleb128 0x11
 1525 0146 01       		.uleb128 0x1
 1526 0147 31       		.uleb128 0x31
 1527 0148 13       		.uleb128 0x13
 1528 0149 00       		.byte	0
 1529 014a 00       		.byte	0
 1530 014b 1A       		.uleb128 0x1a
 1531 014c 898201   		.uleb128 0x4109
 1532 014f 01       		.byte	0x1
 1533 0150 11       		.uleb128 0x11
 1534 0151 01       		.uleb128 0x1
 1535 0152 01       		.uleb128 0x1
 1536 0153 13       		.uleb128 0x13
 1537 0154 00       		.byte	0
 1538 0155 00       		.byte	0
ARM GAS  C:\Users\Tim\AppData\Local\Temp\ccA0nacM.s 			page 32


 1539 0156 1B       		.uleb128 0x1b
 1540 0157 898201   		.uleb128 0x4109
 1541 015a 01       		.byte	0x1
 1542 015b 11       		.uleb128 0x11
 1543 015c 01       		.uleb128 0x1
 1544 015d 00       		.byte	0
 1545 015e 00       		.byte	0
 1546 015f 1C       		.uleb128 0x1c
 1547 0160 2E       		.uleb128 0x2e
 1548 0161 01       		.byte	0x1
 1549 0162 3F       		.uleb128 0x3f
 1550 0163 19       		.uleb128 0x19
 1551 0164 03       		.uleb128 0x3
 1552 0165 0E       		.uleb128 0xe
 1553 0166 3A       		.uleb128 0x3a
 1554 0167 0B       		.uleb128 0xb
 1555 0168 3B       		.uleb128 0x3b
 1556 0169 0B       		.uleb128 0xb
 1557 016a 11       		.uleb128 0x11
 1558 016b 01       		.uleb128 0x1
 1559 016c 12       		.uleb128 0x12
 1560 016d 06       		.uleb128 0x6
 1561 016e 40       		.uleb128 0x40
 1562 016f 18       		.uleb128 0x18
 1563 0170 9642     		.uleb128 0x2116
 1564 0172 19       		.uleb128 0x19
 1565 0173 01       		.uleb128 0x1
 1566 0174 13       		.uleb128 0x13
 1567 0175 00       		.byte	0
 1568 0176 00       		.byte	0
 1569 0177 1D       		.uleb128 0x1d
 1570 0178 34       		.uleb128 0x34
 1571 0179 00       		.byte	0
 1572 017a 03       		.uleb128 0x3
 1573 017b 0E       		.uleb128 0xe
 1574 017c 3A       		.uleb128 0x3a
 1575 017d 0B       		.uleb128 0xb
 1576 017e 3B       		.uleb128 0x3b
 1577 017f 0B       		.uleb128 0xb
 1578 0180 49       		.uleb128 0x49
 1579 0181 13       		.uleb128 0x13
 1580 0182 02       		.uleb128 0x2
 1581 0183 18       		.uleb128 0x18
 1582 0184 00       		.byte	0
 1583 0185 00       		.byte	0
 1584 0186 1E       		.uleb128 0x1e
 1585 0187 2E       		.uleb128 0x2e
 1586 0188 00       		.byte	0
 1587 0189 3F       		.uleb128 0x3f
 1588 018a 19       		.uleb128 0x19
 1589 018b 03       		.uleb128 0x3
 1590 018c 0E       		.uleb128 0xe
 1591 018d 3A       		.uleb128 0x3a
 1592 018e 0B       		.uleb128 0xb
 1593 018f 3B       		.uleb128 0x3b
 1594 0190 0B       		.uleb128 0xb
 1595 0191 49       		.uleb128 0x49
ARM GAS  C:\Users\Tim\AppData\Local\Temp\ccA0nacM.s 			page 33


 1596 0192 13       		.uleb128 0x13
 1597 0193 11       		.uleb128 0x11
 1598 0194 01       		.uleb128 0x1
 1599 0195 12       		.uleb128 0x12
 1600 0196 06       		.uleb128 0x6
 1601 0197 40       		.uleb128 0x40
 1602 0198 18       		.uleb128 0x18
 1603 0199 9742     		.uleb128 0x2117
 1604 019b 19       		.uleb128 0x19
 1605 019c 00       		.byte	0
 1606 019d 00       		.byte	0
 1607 019e 1F       		.uleb128 0x1f
 1608 019f 2E       		.uleb128 0x2e
 1609 01a0 00       		.byte	0
 1610 01a1 3F       		.uleb128 0x3f
 1611 01a2 19       		.uleb128 0x19
 1612 01a3 03       		.uleb128 0x3
 1613 01a4 0E       		.uleb128 0xe
 1614 01a5 3A       		.uleb128 0x3a
 1615 01a6 0B       		.uleb128 0xb
 1616 01a7 3B       		.uleb128 0x3b
 1617 01a8 0B       		.uleb128 0xb
 1618 01a9 49       		.uleb128 0x49
 1619 01aa 13       		.uleb128 0x13
 1620 01ab 11       		.uleb128 0x11
 1621 01ac 01       		.uleb128 0x1
 1622 01ad 12       		.uleb128 0x12
 1623 01ae 06       		.uleb128 0x6
 1624 01af 40       		.uleb128 0x40
 1625 01b0 18       		.uleb128 0x18
 1626 01b1 9642     		.uleb128 0x2116
 1627 01b3 19       		.uleb128 0x19
 1628 01b4 00       		.byte	0
 1629 01b5 00       		.byte	0
 1630 01b6 20       		.uleb128 0x20
 1631 01b7 34       		.uleb128 0x34
 1632 01b8 00       		.byte	0
 1633 01b9 03       		.uleb128 0x3
 1634 01ba 0E       		.uleb128 0xe
 1635 01bb 3A       		.uleb128 0x3a
 1636 01bc 0B       		.uleb128 0xb
 1637 01bd 3B       		.uleb128 0x3b
 1638 01be 05       		.uleb128 0x5
 1639 01bf 49       		.uleb128 0x49
 1640 01c0 13       		.uleb128 0x13
 1641 01c1 3F       		.uleb128 0x3f
 1642 01c2 19       		.uleb128 0x19
 1643 01c3 3C       		.uleb128 0x3c
 1644 01c4 19       		.uleb128 0x19
 1645 01c5 00       		.byte	0
 1646 01c6 00       		.byte	0
 1647 01c7 21       		.uleb128 0x21
 1648 01c8 35       		.uleb128 0x35
 1649 01c9 00       		.byte	0
 1650 01ca 49       		.uleb128 0x49
 1651 01cb 13       		.uleb128 0x13
 1652 01cc 00       		.byte	0
ARM GAS  C:\Users\Tim\AppData\Local\Temp\ccA0nacM.s 			page 34


 1653 01cd 00       		.byte	0
 1654 01ce 22       		.uleb128 0x22
 1655 01cf 34       		.uleb128 0x34
 1656 01d0 00       		.byte	0
 1657 01d1 03       		.uleb128 0x3
 1658 01d2 0E       		.uleb128 0xe
 1659 01d3 3A       		.uleb128 0x3a
 1660 01d4 0B       		.uleb128 0xb
 1661 01d5 3B       		.uleb128 0x3b
 1662 01d6 0B       		.uleb128 0xb
 1663 01d7 49       		.uleb128 0x49
 1664 01d8 13       		.uleb128 0x13
 1665 01d9 3F       		.uleb128 0x3f
 1666 01da 19       		.uleb128 0x19
 1667 01db 02       		.uleb128 0x2
 1668 01dc 18       		.uleb128 0x18
 1669 01dd 00       		.byte	0
 1670 01de 00       		.byte	0
 1671 01df 23       		.uleb128 0x23
 1672 01e0 2E       		.uleb128 0x2e
 1673 01e1 01       		.byte	0x1
 1674 01e2 3F       		.uleb128 0x3f
 1675 01e3 19       		.uleb128 0x19
 1676 01e4 03       		.uleb128 0x3
 1677 01e5 0E       		.uleb128 0xe
 1678 01e6 3A       		.uleb128 0x3a
 1679 01e7 0B       		.uleb128 0xb
 1680 01e8 3B       		.uleb128 0x3b
 1681 01e9 0B       		.uleb128 0xb
 1682 01ea 27       		.uleb128 0x27
 1683 01eb 19       		.uleb128 0x19
 1684 01ec 49       		.uleb128 0x49
 1685 01ed 13       		.uleb128 0x13
 1686 01ee 3C       		.uleb128 0x3c
 1687 01ef 19       		.uleb128 0x19
 1688 01f0 01       		.uleb128 0x1
 1689 01f1 13       		.uleb128 0x13
 1690 01f2 00       		.byte	0
 1691 01f3 00       		.byte	0
 1692 01f4 24       		.uleb128 0x24
 1693 01f5 2E       		.uleb128 0x2e
 1694 01f6 00       		.byte	0
 1695 01f7 3F       		.uleb128 0x3f
 1696 01f8 19       		.uleb128 0x19
 1697 01f9 03       		.uleb128 0x3
 1698 01fa 0E       		.uleb128 0xe
 1699 01fb 3A       		.uleb128 0x3a
 1700 01fc 0B       		.uleb128 0xb
 1701 01fd 3B       		.uleb128 0x3b
 1702 01fe 0B       		.uleb128 0xb
 1703 01ff 27       		.uleb128 0x27
 1704 0200 19       		.uleb128 0x19
 1705 0201 3C       		.uleb128 0x3c
 1706 0202 19       		.uleb128 0x19
 1707 0203 00       		.byte	0
 1708 0204 00       		.byte	0
 1709 0205 25       		.uleb128 0x25
ARM GAS  C:\Users\Tim\AppData\Local\Temp\ccA0nacM.s 			page 35


 1710 0206 2E       		.uleb128 0x2e
 1711 0207 01       		.byte	0x1
 1712 0208 3F       		.uleb128 0x3f
 1713 0209 19       		.uleb128 0x19
 1714 020a 03       		.uleb128 0x3
 1715 020b 0E       		.uleb128 0xe
 1716 020c 3A       		.uleb128 0x3a
 1717 020d 0B       		.uleb128 0xb
 1718 020e 3B       		.uleb128 0x3b
 1719 020f 0B       		.uleb128 0xb
 1720 0210 49       		.uleb128 0x49
 1721 0211 13       		.uleb128 0x13
 1722 0212 3C       		.uleb128 0x3c
 1723 0213 19       		.uleb128 0x19
 1724 0214 01       		.uleb128 0x1
 1725 0215 13       		.uleb128 0x13
 1726 0216 00       		.byte	0
 1727 0217 00       		.byte	0
 1728 0218 26       		.uleb128 0x26
 1729 0219 2E       		.uleb128 0x2e
 1730 021a 01       		.byte	0x1
 1731 021b 3F       		.uleb128 0x3f
 1732 021c 19       		.uleb128 0x19
 1733 021d 03       		.uleb128 0x3
 1734 021e 0E       		.uleb128 0xe
 1735 021f 3A       		.uleb128 0x3a
 1736 0220 0B       		.uleb128 0xb
 1737 0221 3B       		.uleb128 0x3b
 1738 0222 0B       		.uleb128 0xb
 1739 0223 27       		.uleb128 0x27
 1740 0224 19       		.uleb128 0x19
 1741 0225 3C       		.uleb128 0x3c
 1742 0226 19       		.uleb128 0x19
 1743 0227 00       		.byte	0
 1744 0228 00       		.byte	0
 1745 0229 00       		.byte	0
 1746              		.section	.debug_loc,"",%progbits
 1747              	.Ldebug_loc0:
 1748              	.LLST0:
 1749 0000 00000000 		.4byte	.LVL0
 1750 0004 09000000 		.4byte	.LVL1-1
 1751 0008 0100     		.2byte	0x1
 1752 000a 50       		.byte	0x50
 1753 000b 09000000 		.4byte	.LVL1-1
 1754 000f 60000000 		.4byte	.LVL13
 1755 0013 0100     		.2byte	0x1
 1756 0015 54       		.byte	0x54
 1757 0016 60000000 		.4byte	.LVL13
 1758 001a 6C000000 		.4byte	.LFE63
 1759 001e 0400     		.2byte	0x4
 1760 0020 F3       		.byte	0xf3
 1761 0021 01       		.uleb128 0x1
 1762 0022 50       		.byte	0x50
 1763 0023 9F       		.byte	0x9f
 1764 0024 00000000 		.4byte	0
 1765 0028 00000000 		.4byte	0
 1766              	.LLST1:
ARM GAS  C:\Users\Tim\AppData\Local\Temp\ccA0nacM.s 			page 36


 1767 002c 00000000 		.4byte	.LVL0
 1768 0030 09000000 		.4byte	.LVL1-1
 1769 0034 0100     		.2byte	0x1
 1770 0036 51       		.byte	0x51
 1771 0037 09000000 		.4byte	.LVL1-1
 1772 003b 60000000 		.4byte	.LVL13
 1773 003f 0100     		.2byte	0x1
 1774 0041 56       		.byte	0x56
 1775 0042 60000000 		.4byte	.LVL13
 1776 0046 6C000000 		.4byte	.LFE63
 1777 004a 0400     		.2byte	0x4
 1778 004c F3       		.byte	0xf3
 1779 004d 01       		.uleb128 0x1
 1780 004e 51       		.byte	0x51
 1781 004f 9F       		.byte	0x9f
 1782 0050 00000000 		.4byte	0
 1783 0054 00000000 		.4byte	0
 1784              	.LLST2:
 1785 0058 40000000 		.4byte	.LVL7
 1786 005c 44000000 		.4byte	.LVL8
 1787 0060 0100     		.2byte	0x1
 1788 0062 50       		.byte	0x50
 1789 0063 44000000 		.4byte	.LVL8
 1790 0067 47000000 		.4byte	.LVL9-1
 1791 006b 0100     		.2byte	0x1
 1792 006d 51       		.byte	0x51
 1793 006e 00000000 		.4byte	0
 1794 0072 00000000 		.4byte	0
 1795              		.section	.debug_aranges,"",%progbits
 1796 0000 7C000000 		.4byte	0x7c
 1797 0004 0200     		.2byte	0x2
 1798 0006 00000000 		.4byte	.Ldebug_info0
 1799 000a 04       		.byte	0x4
 1800 000b 00       		.byte	0
 1801 000c 0000     		.2byte	0
 1802 000e 0000     		.2byte	0
 1803 0010 00000000 		.4byte	.LFB63
 1804 0014 6C000000 		.4byte	.LFE63-.LFB63
 1805 0018 00000000 		.4byte	.LFB64
 1806 001c 48000000 		.4byte	.LFE64-.LFB64
 1807 0020 00000000 		.4byte	.LFB65
 1808 0024 20000000 		.4byte	.LFE65-.LFB65
 1809 0028 00000000 		.4byte	.LFB66
 1810 002c 58000000 		.4byte	.LFE66-.LFB66
 1811 0030 00000000 		.4byte	.LFB67
 1812 0034 0C000000 		.4byte	.LFE67-.LFB67
 1813 0038 00000000 		.4byte	.LFB68
 1814 003c 0C000000 		.4byte	.LFE68-.LFB68
 1815 0040 00000000 		.4byte	.LFB69
 1816 0044 0C000000 		.4byte	.LFE69-.LFB69
 1817 0048 00000000 		.4byte	.LFB70
 1818 004c 0C000000 		.4byte	.LFE70-.LFB70
 1819 0050 00000000 		.4byte	.LFB71
 1820 0054 10000000 		.4byte	.LFE71-.LFB71
 1821 0058 00000000 		.4byte	.LFB72
 1822 005c 10000000 		.4byte	.LFE72-.LFB72
 1823 0060 00000000 		.4byte	.LFB73
ARM GAS  C:\Users\Tim\AppData\Local\Temp\ccA0nacM.s 			page 37


 1824 0064 0C000000 		.4byte	.LFE73-.LFB73
 1825 0068 00000000 		.4byte	.LFB74
 1826 006c 0C000000 		.4byte	.LFE74-.LFB74
 1827 0070 00000000 		.4byte	.LFB75
 1828 0074 3C000000 		.4byte	.LFE75-.LFB75
 1829 0078 00000000 		.4byte	0
 1830 007c 00000000 		.4byte	0
 1831              		.section	.debug_ranges,"",%progbits
 1832              	.Ldebug_ranges0:
 1833 0000 00000000 		.4byte	.LFB63
 1834 0004 6C000000 		.4byte	.LFE63
 1835 0008 00000000 		.4byte	.LFB64
 1836 000c 48000000 		.4byte	.LFE64
 1837 0010 00000000 		.4byte	.LFB65
 1838 0014 20000000 		.4byte	.LFE65
 1839 0018 00000000 		.4byte	.LFB66
 1840 001c 58000000 		.4byte	.LFE66
 1841 0020 00000000 		.4byte	.LFB67
 1842 0024 0C000000 		.4byte	.LFE67
 1843 0028 00000000 		.4byte	.LFB68
 1844 002c 0C000000 		.4byte	.LFE68
 1845 0030 00000000 		.4byte	.LFB69
 1846 0034 0C000000 		.4byte	.LFE69
 1847 0038 00000000 		.4byte	.LFB70
 1848 003c 0C000000 		.4byte	.LFE70
 1849 0040 00000000 		.4byte	.LFB71
 1850 0044 10000000 		.4byte	.LFE71
 1851 0048 00000000 		.4byte	.LFB72
 1852 004c 10000000 		.4byte	.LFE72
 1853 0050 00000000 		.4byte	.LFB73
 1854 0054 0C000000 		.4byte	.LFE73
 1855 0058 00000000 		.4byte	.LFB74
 1856 005c 0C000000 		.4byte	.LFE74
 1857 0060 00000000 		.4byte	.LFB75
 1858 0064 3C000000 		.4byte	.LFE75
 1859 0068 00000000 		.4byte	0
 1860 006c 00000000 		.4byte	0
 1861              		.section	.debug_line,"",%progbits
 1862              	.Ldebug_line0:
 1863 0000 C2020000 		.section	.debug_str,"MS",%progbits,1
 1863      0200A401 
 1863      00000201 
 1863      FB0E0D00 
 1863      01010101 
 1864              	.LASF60:
 1865 0000 456E636F 		.ascii	"Encoder_Init\000"
 1865      6465725F 
 1865      496E6974 
 1865      00
 1866              	.LASF27:
 1867 000d 64656C74 		.ascii	"delta_count\000"
 1867      615F636F 
 1867      756E7400 
 1868              	.LASF3:
 1869 0019 73686F72 		.ascii	"short int\000"
 1869      7420696E 
 1869      7400
ARM GAS  C:\Users\Tim\AppData\Local\Temp\ccA0nacM.s 			page 38


 1870              	.LASF33:
 1871 0023 72656164 		.ascii	"read_counter\000"
 1871      5F636F75 
 1871      6E746572 
 1871      00
 1872              	.LASF9:
 1873 0030 73697A65 		.ascii	"sizetype\000"
 1873      74797065 
 1873      00
 1874              	.LASF36:
 1875 0039 64656C74 		.ascii	"delta_time\000"
 1875      615F7469 
 1875      6D6500
 1876              	.LASF45:
 1877 0044 456E636F 		.ascii	"Encoder_LeftGetCount\000"
 1877      6465725F 
 1877      4C656674 
 1877      47657443 
 1877      6F756E74 
 1878              	.LASF47:
 1879 0059 456E636F 		.ascii	"Encoder_LeftGetDeltaCount\000"
 1879      6465725F 
 1879      4C656674 
 1879      47657444 
 1879      656C7461 
 1880              	.LASF42:
 1881 0073 456E636F 		.ascii	"Encoder_RightGetCntsPerSec\000"
 1881      6465725F 
 1881      52696768 
 1881      74476574 
 1881      436E7473 
 1882              	.LASF21:
 1883 008e 57524954 		.ascii	"WRITE_ENCODER_COUNTER_TYPE\000"
 1883      455F454E 
 1883      434F4445 
 1883      525F434F 
 1883      554E5445 
 1884              	.LASF16:
 1885 00a9 666C6F61 		.ascii	"float\000"
 1885      7400
 1886              	.LASF58:
 1887 00af 443A5C70 		.ascii	"D:\\projects\\ArloBot\\arlobot_freesoc\\freesoc.cyd"
 1887      726F6A65 
 1887      6374735C 
 1887      41726C6F 
 1887      426F745C 
 1888 00de 736E00   		.ascii	"sn\000"
 1889              	.LASF7:
 1890 00e1 6C6F6E67 		.ascii	"long long int\000"
 1890      206C6F6E 
 1890      6720696E 
 1890      7400
 1891              	.LASF48:
 1892 00ef 456E636F 		.ascii	"Encoder_RightGetDeltaCount\000"
 1892      6465725F 
 1892      52696768 
 1892      74476574 
ARM GAS  C:\Users\Tim\AppData\Local\Temp\ccA0nacM.s 			page 39


 1892      44656C74 
 1893              	.LASF5:
 1894 010a 6C6F6E67 		.ascii	"long int\000"
 1894      20696E74 
 1894      00
 1895              	.LASF62:
 1896 0113 6D696C6C 		.ascii	"millis\000"
 1896      697300
 1897              	.LASF22:
 1898 011a 5F6D6F76 		.ascii	"_moving_average_float_tag\000"
 1898      696E675F 
 1898      61766572 
 1898      6167655F 
 1898      666C6F61 
 1899              	.LASF20:
 1900 0134 52454144 		.ascii	"READ_ENCODER_COUNTER_TYPE\000"
 1900      5F454E43 
 1900      4F444552 
 1900      5F434F55 
 1900      4E544552 
 1901              	.LASF31:
 1902 014e 64656C74 		.ascii	"delta_count_ma\000"
 1902      615F636F 
 1902      756E745F 
 1902      6D6100
 1903              	.LASF46:
 1904 015d 456E636F 		.ascii	"Encoder_RightGetCount\000"
 1904      6465725F 
 1904      52696768 
 1904      74476574 
 1904      436F756E 
 1905              	.LASF13:
 1906 0173 75696E74 		.ascii	"uint8\000"
 1906      3800
 1907              	.LASF28:
 1908 0179 6176675F 		.ascii	"avg_delta_count\000"
 1908      64656C74 
 1908      615F636F 
 1908      756E7400 
 1909              	.LASF2:
 1910 0189 756E7369 		.ascii	"unsigned char\000"
 1910      676E6564 
 1910      20636861 
 1910      7200
 1911              	.LASF1:
 1912 0197 7369676E 		.ascii	"signed char\000"
 1912      65642063 
 1912      68617200 
 1913              	.LASF8:
 1914 01a3 6C6F6E67 		.ascii	"long long unsigned int\000"
 1914      206C6F6E 
 1914      6720756E 
 1914      7369676E 
 1914      65642069 
 1915              	.LASF59:
 1916 01ba 456E636F 		.ascii	"Encoder_Sample\000"
 1916      6465725F 
ARM GAS  C:\Users\Tim\AppData\Local\Temp\ccA0nacM.s 			page 40


 1916      53616D70 
 1916      6C6500
 1917              	.LASF35:
 1918 01c9 454E434F 		.ascii	"ENCODER_TYPE\000"
 1918      4445525F 
 1918      54595045 
 1918      00
 1919              	.LASF0:
 1920 01d6 756E7369 		.ascii	"unsigned int\000"
 1920      676E6564 
 1920      20696E74 
 1920      00
 1921              	.LASF18:
 1922 01e3 6C617374 		.ascii	"last\000"
 1922      00
 1923              	.LASF39:
 1924 01e8 6C617374 		.ascii	"last_update_time\000"
 1924      5F757064 
 1924      6174655F 
 1924      74696D65 
 1924      00
 1925              	.LASF4:
 1926 01f9 73686F72 		.ascii	"short unsigned int\000"
 1926      7420756E 
 1926      7369676E 
 1926      65642069 
 1926      6E7400
 1927              	.LASF41:
 1928 020c 456E636F 		.ascii	"Encoder_LeftGetCntsPerSec\000"
 1928      6465725F 
 1928      4C656674 
 1928      47657443 
 1928      6E747350 
 1929              	.LASF10:
 1930 0226 63686172 		.ascii	"char\000"
 1930      00
 1931              	.LASF56:
 1932 022b 474E5520 		.ascii	"GNU C 4.9.3 20150303 (release) [ARM/embedded-4_9-br"
 1932      4320342E 
 1932      392E3320 
 1932      32303135 
 1932      30333033 
 1933 025e 616E6368 		.ascii	"anch revision 221220] -mcpu=cortex-m3 -mthumb -g -O"
 1933      20726576 
 1933      6973696F 
 1933      6E203232 
 1933      31323230 
 1934 0291 67202D66 		.ascii	"g -ffunction-sections -ffat-lto-objects\000"
 1934      66756E63 
 1934      74696F6E 
 1934      2D736563 
 1934      74696F6E 
 1935              	.LASF12:
 1936 02b9 696E7433 		.ascii	"int32_t\000"
 1936      325F7400 
 1937              	.LASF37:
 1938 02c1 456E636F 		.ascii	"Encoder_Start\000"
ARM GAS  C:\Users\Tim\AppData\Local\Temp\ccA0nacM.s 			page 41


 1938      6465725F 
 1938      53746172 
 1938      7400
 1939              	.LASF26:
 1940 02cf 6C617374 		.ascii	"last_count\000"
 1940      5F636F75 
 1940      6E7400
 1941              	.LASF55:
 1942 02da 52696768 		.ascii	"Right_QuadDec_Start\000"
 1942      745F5175 
 1942      61644465 
 1942      635F5374 
 1942      61727400 
 1943              	.LASF23:
 1944 02ee 5F656E63 		.ascii	"_encoder_tag\000"
 1944      6F646572 
 1944      5F746167 
 1944      00
 1945              	.LASF19:
 1946 02fb 4D4F5649 		.ascii	"MOVING_AVERAGE_FLOAT_TYPE\000"
 1946      4E475F41 
 1946      56455241 
 1946      47455F46 
 1946      4C4F4154 
 1947              	.LASF14:
 1948 0315 75696E74 		.ascii	"uint32\000"
 1948      333200
 1949              	.LASF6:
 1950 031c 6C6F6E67 		.ascii	"long unsigned int\000"
 1950      20756E73 
 1950      69676E65 
 1950      6420696E 
 1950      7400
 1951              	.LASF32:
 1952 032e 6176675F 		.ascii	"avg_cps_ma\000"
 1952      6370735F 
 1952      6D6100
 1953              	.LASF15:
 1954 0339 696E7433 		.ascii	"int32\000"
 1954      3200
 1955              	.LASF50:
 1956 033f 6C656674 		.ascii	"left_enc\000"
 1956      5F656E63 
 1956      00
 1957              	.LASF61:
 1958 0348 4D6F7669 		.ascii	"MovingAverageFloat\000"
 1958      6E674176 
 1958      65726167 
 1958      65466C6F 
 1958      617400
 1959              	.LASF43:
 1960 035b 456E636F 		.ascii	"Encoder_LeftGetMeterPerSec\000"
 1960      6465725F 
 1960      4C656674 
 1960      4765744D 
 1960      65746572 
 1961              	.LASF25:
ARM GAS  C:\Users\Tim\AppData\Local\Temp\ccA0nacM.s 			page 42


 1962 0376 636F756E 		.ascii	"count\000"
 1962      7400
 1963              	.LASF30:
 1964 037c 6176675F 		.ascii	"avg_mps\000"
 1964      6D707300 
 1965              	.LASF38:
 1966 0384 456E636F 		.ascii	"Encoder_Update\000"
 1966      6465725F 
 1966      55706461 
 1966      746500
 1967              	.LASF11:
 1968 0393 5F5F696E 		.ascii	"__int32_t\000"
 1968      7433325F 
 1968      7400
 1969              	.LASF51:
 1970 039d 72696768 		.ascii	"right_enc\000"
 1970      745F656E 
 1970      6300
 1971              	.LASF54:
 1972 03a7 4C656674 		.ascii	"Left_QuadDec_Start\000"
 1972      5F517561 
 1972      64446563 
 1972      5F537461 
 1972      727400
 1973              	.LASF24:
 1974 03ba 6E616D65 		.ascii	"name\000"
 1974      00
 1975              	.LASF53:
 1976 03bf 666F726D 		.ascii	"formatted_string\000"
 1976      61747465 
 1976      645F7374 
 1976      72696E67 
 1976      00
 1977              	.LASF57:
 1978 03d0 2E2E5C73 		.ascii	"..\\source\\encoder.c\000"
 1978      6F757263 
 1978      655C656E 
 1978      636F6465 
 1978      722E6300 
 1979              	.LASF44:
 1980 03e4 456E636F 		.ascii	"Encoder_RightGetMeterPerSec\000"
 1980      6465725F 
 1980      52696768 
 1980      74476574 
 1980      4D657465 
 1981              	.LASF49:
 1982 0400 456E636F 		.ascii	"Encoder_Reset\000"
 1982      6465725F 
 1982      52657365 
 1982      7400
 1983              	.LASF17:
 1984 040e 646F7562 		.ascii	"double\000"
 1984      6C6500
 1985              	.LASF40:
 1986 0415 656E635F 		.ascii	"enc_sched_offset_applied\000"
 1986      73636865 
 1986      645F6F66 
ARM GAS  C:\Users\Tim\AppData\Local\Temp\ccA0nacM.s 			page 43


 1986      66736574 
 1986      5F617070 
 1987              	.LASF52:
 1988 042e 49544D5F 		.ascii	"ITM_RxBuffer\000"
 1988      52784275 
 1988      66666572 
 1988      00
 1989              	.LASF63:
 1990 043b 43794465 		.ascii	"CyDelay\000"
 1990      6C617900 
 1991              	.LASF29:
 1992 0443 6176675F 		.ascii	"avg_cps\000"
 1992      63707300 
 1993              	.LASF34:
 1994 044b 77726974 		.ascii	"write_counter\000"
 1994      655F636F 
 1994      756E7465 
 1994      7200
 1995              		.ident	"GCC: (GNU Tools for ARM Embedded Processors) 4.9.3 20150303 (release) [ARM/embedded-4_9-br
