ARM GAS  C:\Users\Tim\AppData\Local\Temp\ccRU8oS5.s 			page 1


   1              		.syntax unified
   2              		.cpu cortex-m3
   3              		.fpu softvfp
   4              		.eabi_attribute 20, 1
   5              		.eabi_attribute 21, 1
   6              		.eabi_attribute 23, 3
   7              		.eabi_attribute 24, 1
   8              		.eabi_attribute 25, 1
   9              		.eabi_attribute 26, 1
  10              		.eabi_attribute 30, 1
  11              		.eabi_attribute 34, 1
  12              		.eabi_attribute 18, 4
  13              		.thumb
  14              		.file	"EZI2C_Slave_PM.c"
  15              		.text
  16              	.Ltext0:
  17              		.cfi_sections	.debug_frame
  18              		.section	.text.EZI2C_Slave_SaveConfig,"ax",%progbits
  19              		.align	2
  20              		.global	EZI2C_Slave_SaveConfig
  21              		.thumb
  22              		.thumb_func
  23              		.type	EZI2C_Slave_SaveConfig, %function
  24              	EZI2C_Slave_SaveConfig:
  25              	.LFB0:
  26              		.file 1 ".\\Generated_Source\\PSoC5\\EZI2C_Slave_PM.c"
   1:.\Generated_Source\PSoC5/EZI2C_Slave_PM.c **** /*******************************************************************************
   2:.\Generated_Source\PSoC5/EZI2C_Slave_PM.c **** * File Name: EZI2C_Slave_PM.c
   3:.\Generated_Source\PSoC5/EZI2C_Slave_PM.c **** * Version 2.0
   4:.\Generated_Source\PSoC5/EZI2C_Slave_PM.c **** *
   5:.\Generated_Source\PSoC5/EZI2C_Slave_PM.c **** * Description:
   6:.\Generated_Source\PSoC5/EZI2C_Slave_PM.c **** *  This file contains the API for the proper switching to/from the low power
   7:.\Generated_Source\PSoC5/EZI2C_Slave_PM.c **** *  modes.
   8:.\Generated_Source\PSoC5/EZI2C_Slave_PM.c **** *
   9:.\Generated_Source\PSoC5/EZI2C_Slave_PM.c **** ********************************************************************************
  10:.\Generated_Source\PSoC5/EZI2C_Slave_PM.c **** * Copyright 2008-2015, Cypress Semiconductor Corporation.  All rights reserved.
  11:.\Generated_Source\PSoC5/EZI2C_Slave_PM.c **** * You may use this file only in accordance with the license, terms, conditions,
  12:.\Generated_Source\PSoC5/EZI2C_Slave_PM.c **** * disclaimers, and limitations in the end user license agreement accompanying
  13:.\Generated_Source\PSoC5/EZI2C_Slave_PM.c **** * the software package with which this file was provided.
  14:.\Generated_Source\PSoC5/EZI2C_Slave_PM.c **** *******************************************************************************/
  15:.\Generated_Source\PSoC5/EZI2C_Slave_PM.c **** 
  16:.\Generated_Source\PSoC5/EZI2C_Slave_PM.c **** #include "EZI2C_Slave_PVT.h"
  17:.\Generated_Source\PSoC5/EZI2C_Slave_PM.c **** 
  18:.\Generated_Source\PSoC5/EZI2C_Slave_PM.c **** EZI2C_Slave_BACKUP_STRUCT EZI2C_Slave_backup =
  19:.\Generated_Source\PSoC5/EZI2C_Slave_PM.c **** {
  20:.\Generated_Source\PSoC5/EZI2C_Slave_PM.c ****     EZI2C_Slave_DISABLED,
  21:.\Generated_Source\PSoC5/EZI2C_Slave_PM.c ****     EZI2C_Slave_DEFAULT_XCFG,
  22:.\Generated_Source\PSoC5/EZI2C_Slave_PM.c ****     EZI2C_Slave_DEFAULT_ADDR,
  23:.\Generated_Source\PSoC5/EZI2C_Slave_PM.c ****     EZI2C_Slave_DEFAULT_CFG,
  24:.\Generated_Source\PSoC5/EZI2C_Slave_PM.c ****     EZI2C_Slave_DEFAULT_CLKDIV1,
  25:.\Generated_Source\PSoC5/EZI2C_Slave_PM.c ****     EZI2C_Slave_DEFAULT_CLKDIV2
  26:.\Generated_Source\PSoC5/EZI2C_Slave_PM.c **** };
  27:.\Generated_Source\PSoC5/EZI2C_Slave_PM.c **** 
  28:.\Generated_Source\PSoC5/EZI2C_Slave_PM.c **** #if (EZI2C_Slave_WAKEUP_ENABLED)
  29:.\Generated_Source\PSoC5/EZI2C_Slave_PM.c ****     volatile uint8 EZI2C_Slave_wakeupSource;
  30:.\Generated_Source\PSoC5/EZI2C_Slave_PM.c **** #endif /* (EZI2C_Slave_WAKEUP_ENABLED) */
  31:.\Generated_Source\PSoC5/EZI2C_Slave_PM.c **** 
ARM GAS  C:\Users\Tim\AppData\Local\Temp\ccRU8oS5.s 			page 2


  32:.\Generated_Source\PSoC5/EZI2C_Slave_PM.c **** 
  33:.\Generated_Source\PSoC5/EZI2C_Slave_PM.c **** /*******************************************************************************
  34:.\Generated_Source\PSoC5/EZI2C_Slave_PM.c **** * Function Name: EZI2C_Slave_SaveConfig
  35:.\Generated_Source\PSoC5/EZI2C_Slave_PM.c **** ********************************************************************************
  36:.\Generated_Source\PSoC5/EZI2C_Slave_PM.c **** *
  37:.\Generated_Source\PSoC5/EZI2C_Slave_PM.c **** * Summary:
  38:.\Generated_Source\PSoC5/EZI2C_Slave_PM.c **** *  The Enable wakeup from Sleep Mode selection influences this function
  39:.\Generated_Source\PSoC5/EZI2C_Slave_PM.c **** *  implementation:
  40:.\Generated_Source\PSoC5/EZI2C_Slave_PM.c **** *   Unchecked: Stores the component non-retention configuration registers.
  41:.\Generated_Source\PSoC5/EZI2C_Slave_PM.c **** *   Checked:   Enables backup regulator of the I2C hardware. If a transaction
  42:.\Generated_Source\PSoC5/EZI2C_Slave_PM.c **** *              intended for component executes during this function call,
  43:.\Generated_Source\PSoC5/EZI2C_Slave_PM.c **** *              it waits until the current transaction is completed and
  44:.\Generated_Source\PSoC5/EZI2C_Slave_PM.c **** *              I2C hardware is ready to go to sleep mode. All subsequent
  45:.\Generated_Source\PSoC5/EZI2C_Slave_PM.c **** *              I2C traffic is NAKed until the device is put to sleep mode.
  46:.\Generated_Source\PSoC5/EZI2C_Slave_PM.c **** *
  47:.\Generated_Source\PSoC5/EZI2C_Slave_PM.c **** * Parameters:
  48:.\Generated_Source\PSoC5/EZI2C_Slave_PM.c **** *  None.
  49:.\Generated_Source\PSoC5/EZI2C_Slave_PM.c **** *
  50:.\Generated_Source\PSoC5/EZI2C_Slave_PM.c **** * Return:
  51:.\Generated_Source\PSoC5/EZI2C_Slave_PM.c **** *  None.
  52:.\Generated_Source\PSoC5/EZI2C_Slave_PM.c **** *
  53:.\Generated_Source\PSoC5/EZI2C_Slave_PM.c **** * Global variables:
  54:.\Generated_Source\PSoC5/EZI2C_Slave_PM.c **** *  EZI2C_Slave_backup - The non-retention registers are saved to.
  55:.\Generated_Source\PSoC5/EZI2C_Slave_PM.c **** *
  56:.\Generated_Source\PSoC5/EZI2C_Slave_PM.c **** * Reentrant:
  57:.\Generated_Source\PSoC5/EZI2C_Slave_PM.c **** *  No.
  58:.\Generated_Source\PSoC5/EZI2C_Slave_PM.c **** *
  59:.\Generated_Source\PSoC5/EZI2C_Slave_PM.c **** *******************************************************************************/
  60:.\Generated_Source\PSoC5/EZI2C_Slave_PM.c **** void EZI2C_Slave_SaveConfig(void) 
  61:.\Generated_Source\PSoC5/EZI2C_Slave_PM.c **** {
  27              		.loc 1 61 0
  28              		.cfi_startproc
  29              		@ args = 0, pretend = 0, frame = 0
  30              		@ frame_needed = 0, uses_anonymous_args = 0
  31              		@ link register save eliminated.
  62:.\Generated_Source\PSoC5/EZI2C_Slave_PM.c **** #if (EZI2C_Slave_WAKEUP_ENABLED)
  63:.\Generated_Source\PSoC5/EZI2C_Slave_PM.c ****     uint8 interruptState;
  64:.\Generated_Source\PSoC5/EZI2C_Slave_PM.c **** #endif /* (EZI2C_Slave_WAKEUP_ENABLED) */
  65:.\Generated_Source\PSoC5/EZI2C_Slave_PM.c **** 
  66:.\Generated_Source\PSoC5/EZI2C_Slave_PM.c ****     /* Store component configuration into backup structure */
  67:.\Generated_Source\PSoC5/EZI2C_Slave_PM.c ****     EZI2C_Slave_backup.cfg     = EZI2C_Slave_CFG_REG;
  32              		.loc 1 67 0
  33 0000 084B     		ldr	r3, .L2
  34 0002 1A78     		ldrb	r2, [r3]	@ zero_extendqisi2
  35 0004 084B     		ldr	r3, .L2+4
  36 0006 DA70     		strb	r2, [r3, #3]
  68:.\Generated_Source\PSoC5/EZI2C_Slave_PM.c ****     EZI2C_Slave_backup.xcfg    = EZI2C_Slave_XCFG_REG;
  37              		.loc 1 68 0
  38 0008 084A     		ldr	r2, .L2+8
  39 000a 1278     		ldrb	r2, [r2]	@ zero_extendqisi2
  40 000c 5A70     		strb	r2, [r3, #1]
  69:.\Generated_Source\PSoC5/EZI2C_Slave_PM.c ****     EZI2C_Slave_backup.adr     = EZI2C_Slave_ADDR_REG;
  41              		.loc 1 69 0
  42 000e 084A     		ldr	r2, .L2+12
  43 0010 1278     		ldrb	r2, [r2]	@ zero_extendqisi2
  44 0012 9A70     		strb	r2, [r3, #2]
  70:.\Generated_Source\PSoC5/EZI2C_Slave_PM.c ****     EZI2C_Slave_backup.clkDiv1 = EZI2C_Slave_CLKDIV1_REG;
ARM GAS  C:\Users\Tim\AppData\Local\Temp\ccRU8oS5.s 			page 3


  45              		.loc 1 70 0
  46 0014 074A     		ldr	r2, .L2+16
  47 0016 1278     		ldrb	r2, [r2]	@ zero_extendqisi2
  48 0018 1A71     		strb	r2, [r3, #4]
  71:.\Generated_Source\PSoC5/EZI2C_Slave_PM.c ****     EZI2C_Slave_backup.clkDiv2 = EZI2C_Slave_CLKDIV2_REG;
  49              		.loc 1 71 0
  50 001a 074A     		ldr	r2, .L2+20
  51 001c 1278     		ldrb	r2, [r2]	@ zero_extendqisi2
  52 001e 5A71     		strb	r2, [r3, #5]
  53 0020 7047     		bx	lr
  54              	.L3:
  55 0022 00BF     		.align	2
  56              	.L2:
  57 0024 D6490040 		.word	1073760726
  58 0028 00000000 		.word	.LANCHOR0
  59 002c C8490040 		.word	1073760712
  60 0030 CA490040 		.word	1073760714
  61 0034 DB490040 		.word	1073760731
  62 0038 DC490040 		.word	1073760732
  63              		.cfi_endproc
  64              	.LFE0:
  65              		.size	EZI2C_Slave_SaveConfig, .-EZI2C_Slave_SaveConfig
  66              		.section	.text.EZI2C_Slave_RestoreConfig,"ax",%progbits
  67              		.align	2
  68              		.global	EZI2C_Slave_RestoreConfig
  69              		.thumb
  70              		.thumb_func
  71              		.type	EZI2C_Slave_RestoreConfig, %function
  72              	EZI2C_Slave_RestoreConfig:
  73              	.LFB1:
  72:.\Generated_Source\PSoC5/EZI2C_Slave_PM.c **** 
  73:.\Generated_Source\PSoC5/EZI2C_Slave_PM.c **** #if (EZI2C_Slave_WAKEUP_ENABLED)
  74:.\Generated_Source\PSoC5/EZI2C_Slave_PM.c ****     /* Enable I2C backup regulator */
  75:.\Generated_Source\PSoC5/EZI2C_Slave_PM.c ****     interruptState = CyEnterCriticalSection();
  76:.\Generated_Source\PSoC5/EZI2C_Slave_PM.c ****     EZI2C_Slave_PWRSYS_CR1_REG |= EZI2C_Slave_PWRSYS_CR1_I2C_BACKUP;
  77:.\Generated_Source\PSoC5/EZI2C_Slave_PM.c ****     CyExitCriticalSection(interruptState);
  78:.\Generated_Source\PSoC5/EZI2C_Slave_PM.c **** 
  79:.\Generated_Source\PSoC5/EZI2C_Slave_PM.c ****     /* Wait for completion of the current transaction. The following
  80:.\Generated_Source\PSoC5/EZI2C_Slave_PM.c ****     * transactions have to be NACKed until the device enters the low power mode.
  81:.\Generated_Source\PSoC5/EZI2C_Slave_PM.c ****     * After a wakeup, the force NACK bit is cleared automatically.
  82:.\Generated_Source\PSoC5/EZI2C_Slave_PM.c ****     */
  83:.\Generated_Source\PSoC5/EZI2C_Slave_PM.c ****     EZI2C_Slave_XCFG_REG |= EZI2C_Slave_XCFG_FORCE_NACK;
  84:.\Generated_Source\PSoC5/EZI2C_Slave_PM.c ****     while (0u == (EZI2C_Slave_XCFG_REG & EZI2C_Slave_XCFG_SLEEP_READY))
  85:.\Generated_Source\PSoC5/EZI2C_Slave_PM.c ****     {
  86:.\Generated_Source\PSoC5/EZI2C_Slave_PM.c ****     }
  87:.\Generated_Source\PSoC5/EZI2C_Slave_PM.c **** 
  88:.\Generated_Source\PSoC5/EZI2C_Slave_PM.c ****      /* Setup wakeup interrupt */
  89:.\Generated_Source\PSoC5/EZI2C_Slave_PM.c ****     EZI2C_Slave_DisableInt();
  90:.\Generated_Source\PSoC5/EZI2C_Slave_PM.c ****     EZI2C_Slave_wakeupSource = 0u; /* Clear wakeup event */
  91:.\Generated_Source\PSoC5/EZI2C_Slave_PM.c ****     (void) CyIntSetVector(EZI2C_Slave_ISR_NUMBER, &EZI2C_Slave_WAKEUP_ISR);
  92:.\Generated_Source\PSoC5/EZI2C_Slave_PM.c ****     EZI2C_Slave_EnableInt();
  93:.\Generated_Source\PSoC5/EZI2C_Slave_PM.c **** #endif /* (EZI2C_Slave_WAKEUP_ENABLED) */
  94:.\Generated_Source\PSoC5/EZI2C_Slave_PM.c **** }
  95:.\Generated_Source\PSoC5/EZI2C_Slave_PM.c **** 
  96:.\Generated_Source\PSoC5/EZI2C_Slave_PM.c **** 
  97:.\Generated_Source\PSoC5/EZI2C_Slave_PM.c **** /*******************************************************************************
  98:.\Generated_Source\PSoC5/EZI2C_Slave_PM.c **** * Function Name: EZI2C_Slave_RestoreConfig
ARM GAS  C:\Users\Tim\AppData\Local\Temp\ccRU8oS5.s 			page 4


  99:.\Generated_Source\PSoC5/EZI2C_Slave_PM.c **** ********************************************************************************
 100:.\Generated_Source\PSoC5/EZI2C_Slave_PM.c **** *
 101:.\Generated_Source\PSoC5/EZI2C_Slave_PM.c **** * Summary:
 102:.\Generated_Source\PSoC5/EZI2C_Slave_PM.c **** *  The Enable wakeup from Sleep Mode selection influences this function
 103:.\Generated_Source\PSoC5/EZI2C_Slave_PM.c **** *  implementation:
 104:.\Generated_Source\PSoC5/EZI2C_Slave_PM.c **** *   Unchecked: Restores the component non-retention configuration registers
 105:.\Generated_Source\PSoC5/EZI2C_Slave_PM.c **** *              to the state they were in before I2C_Sleep() or I2C_SaveConfig()
 106:.\Generated_Source\PSoC5/EZI2C_Slave_PM.c **** *              was called.
 107:.\Generated_Source\PSoC5/EZI2C_Slave_PM.c **** *   Checked:   Disables the backup regulator of the I2C hardware. Sets up the
 108:.\Generated_Source\PSoC5/EZI2C_Slave_PM.c **** *              regular component interrupt handler and generates the component
 109:.\Generated_Source\PSoC5/EZI2C_Slave_PM.c **** *              interrupt if it was wake up source to release the bus and
 110:.\Generated_Source\PSoC5/EZI2C_Slave_PM.c **** *              continue in-coming I2C transaction.
 111:.\Generated_Source\PSoC5/EZI2C_Slave_PM.c **** *
 112:.\Generated_Source\PSoC5/EZI2C_Slave_PM.c **** * Parameters:
 113:.\Generated_Source\PSoC5/EZI2C_Slave_PM.c **** *  None.
 114:.\Generated_Source\PSoC5/EZI2C_Slave_PM.c **** *
 115:.\Generated_Source\PSoC5/EZI2C_Slave_PM.c **** * Return:
 116:.\Generated_Source\PSoC5/EZI2C_Slave_PM.c **** *  None.
 117:.\Generated_Source\PSoC5/EZI2C_Slave_PM.c **** *
 118:.\Generated_Source\PSoC5/EZI2C_Slave_PM.c **** * Global variables:
 119:.\Generated_Source\PSoC5/EZI2C_Slave_PM.c **** *  EZI2C_Slave_backup - the non-retention registers are restored from.
 120:.\Generated_Source\PSoC5/EZI2C_Slave_PM.c **** *
 121:.\Generated_Source\PSoC5/EZI2C_Slave_PM.c **** * Reentrant:
 122:.\Generated_Source\PSoC5/EZI2C_Slave_PM.c **** *  No.
 123:.\Generated_Source\PSoC5/EZI2C_Slave_PM.c **** *
 124:.\Generated_Source\PSoC5/EZI2C_Slave_PM.c **** * Side Effects:
 125:.\Generated_Source\PSoC5/EZI2C_Slave_PM.c **** *  Calling this function before EZI2C_Slave_SaveConfig() or
 126:.\Generated_Source\PSoC5/EZI2C_Slave_PM.c **** *  EZI2C_Slave_Sleep() may produce unexpected behavior.
 127:.\Generated_Source\PSoC5/EZI2C_Slave_PM.c **** *
 128:.\Generated_Source\PSoC5/EZI2C_Slave_PM.c **** *******************************************************************************/
 129:.\Generated_Source\PSoC5/EZI2C_Slave_PM.c **** void EZI2C_Slave_RestoreConfig(void) 
 130:.\Generated_Source\PSoC5/EZI2C_Slave_PM.c **** {
  74              		.loc 1 130 0
  75              		.cfi_startproc
  76              		@ args = 0, pretend = 0, frame = 0
  77              		@ frame_needed = 0, uses_anonymous_args = 0
  78 0000 08B5     		push	{r3, lr}
  79              		.cfi_def_cfa_offset 8
  80              		.cfi_offset 3, -8
  81              		.cfi_offset 14, -4
 131:.\Generated_Source\PSoC5/EZI2C_Slave_PM.c ****     uint8 intState;
 132:.\Generated_Source\PSoC5/EZI2C_Slave_PM.c **** 
 133:.\Generated_Source\PSoC5/EZI2C_Slave_PM.c ****     if (0u != (EZI2C_Slave_PWRSYS_CR1_I2C_BACKUP & EZI2C_Slave_PWRSYS_CR1_REG))
  82              		.loc 1 133 0
  83 0002 104B     		ldr	r3, .L8
  84 0004 1B78     		ldrb	r3, [r3]	@ zero_extendqisi2
  85 0006 13F0040F 		tst	r3, #4
  86 000a 09D0     		beq	.L5
 134:.\Generated_Source\PSoC5/EZI2C_Slave_PM.c ****     /* Exit from Sleep */
 135:.\Generated_Source\PSoC5/EZI2C_Slave_PM.c ****     {
 136:.\Generated_Source\PSoC5/EZI2C_Slave_PM.c ****         /* Disable I2C backup regulator */
 137:.\Generated_Source\PSoC5/EZI2C_Slave_PM.c ****         intState = CyEnterCriticalSection();
  87              		.loc 1 137 0
  88 000c FFF7FEFF 		bl	CyEnterCriticalSection
  89              	.LVL0:
 138:.\Generated_Source\PSoC5/EZI2C_Slave_PM.c ****         EZI2C_Slave_PWRSYS_CR1_REG &= (uint8) ~EZI2C_Slave_PWRSYS_CR1_I2C_BACKUP;
  90              		.loc 1 138 0
ARM GAS  C:\Users\Tim\AppData\Local\Temp\ccRU8oS5.s 			page 5


  91 0010 0C4A     		ldr	r2, .L8
  92 0012 1378     		ldrb	r3, [r2]	@ zero_extendqisi2
  93 0014 03F0FB03 		and	r3, r3, #251
  94 0018 1370     		strb	r3, [r2]
 139:.\Generated_Source\PSoC5/EZI2C_Slave_PM.c ****         CyExitCriticalSection(intState);
  95              		.loc 1 139 0
  96 001a FFF7FEFF 		bl	CyExitCriticalSection
  97              	.LVL1:
  98 001e 08BD     		pop	{r3, pc}
  99              	.L5:
 140:.\Generated_Source\PSoC5/EZI2C_Slave_PM.c ****     }
 141:.\Generated_Source\PSoC5/EZI2C_Slave_PM.c ****     else /* Exit from Hibernate (bit is cleared) or wakeup disabled */
 142:.\Generated_Source\PSoC5/EZI2C_Slave_PM.c ****     {
 143:.\Generated_Source\PSoC5/EZI2C_Slave_PM.c ****     #if (EZI2C_Slave_WAKEUP_ENABLED)
 144:.\Generated_Source\PSoC5/EZI2C_Slave_PM.c ****         /* Disable power to I2C block before register restore */
 145:.\Generated_Source\PSoC5/EZI2C_Slave_PM.c ****         intState = CyEnterCriticalSection();
 146:.\Generated_Source\PSoC5/EZI2C_Slave_PM.c ****         EZI2C_Slave_PM_ACT_CFG_REG  &= (uint8) ~EZI2C_Slave_ACT_PWR_EN;
 147:.\Generated_Source\PSoC5/EZI2C_Slave_PM.c ****         EZI2C_Slave_PM_STBY_CFG_REG &= (uint8) ~EZI2C_Slave_STBY_PWR_EN;
 148:.\Generated_Source\PSoC5/EZI2C_Slave_PM.c ****         CyExitCriticalSection(intState);
 149:.\Generated_Source\PSoC5/EZI2C_Slave_PM.c **** 
 150:.\Generated_Source\PSoC5/EZI2C_Slave_PM.c ****         /* Enable component after restore complete */
 151:.\Generated_Source\PSoC5/EZI2C_Slave_PM.c ****         EZI2C_Slave_backup.enableState = EZI2C_Slave_ENABLED;
 152:.\Generated_Source\PSoC5/EZI2C_Slave_PM.c ****     #endif /* (EZI2C_Slave_WAKEUP_ENABLED) */
 153:.\Generated_Source\PSoC5/EZI2C_Slave_PM.c **** 
 154:.\Generated_Source\PSoC5/EZI2C_Slave_PM.c ****         /* Restore component registers: Hibernate disable power */
 155:.\Generated_Source\PSoC5/EZI2C_Slave_PM.c ****         EZI2C_Slave_CFG_REG     = EZI2C_Slave_backup.cfg;
 100              		.loc 1 155 0
 101 0020 094B     		ldr	r3, .L8+4
 102 0022 D978     		ldrb	r1, [r3, #3]	@ zero_extendqisi2
 103 0024 094A     		ldr	r2, .L8+8
 104 0026 1170     		strb	r1, [r2]
 156:.\Generated_Source\PSoC5/EZI2C_Slave_PM.c ****         EZI2C_Slave_XCFG_REG    = EZI2C_Slave_backup.xcfg;
 105              		.loc 1 156 0
 106 0028 5978     		ldrb	r1, [r3, #1]	@ zero_extendqisi2
 107 002a 0E3A     		subs	r2, r2, #14
 108 002c 1170     		strb	r1, [r2]
 157:.\Generated_Source\PSoC5/EZI2C_Slave_PM.c ****         EZI2C_Slave_ADDR_REG    = EZI2C_Slave_backup.adr;
 109              		.loc 1 157 0
 110 002e 9978     		ldrb	r1, [r3, #2]	@ zero_extendqisi2
 111 0030 0232     		adds	r2, r2, #2
 112 0032 1170     		strb	r1, [r2]
 158:.\Generated_Source\PSoC5/EZI2C_Slave_PM.c ****         EZI2C_Slave_CLKDIV1_REG = EZI2C_Slave_backup.clkDiv1;
 113              		.loc 1 158 0
 114 0034 1979     		ldrb	r1, [r3, #4]	@ zero_extendqisi2
 115 0036 1132     		adds	r2, r2, #17
 116 0038 1170     		strb	r1, [r2]
 159:.\Generated_Source\PSoC5/EZI2C_Slave_PM.c ****         EZI2C_Slave_CLKDIV2_REG = EZI2C_Slave_backup.clkDiv2;
 117              		.loc 1 159 0
 118 003a 5A79     		ldrb	r2, [r3, #5]	@ zero_extendqisi2
 119 003c 044B     		ldr	r3, .L8+12
 120 003e 1A70     		strb	r2, [r3]
 121 0040 08BD     		pop	{r3, pc}
 122              	.L9:
 123 0042 00BF     		.align	2
 124              	.L8:
 125 0044 31430040 		.word	1073759025
 126 0048 00000000 		.word	.LANCHOR0
ARM GAS  C:\Users\Tim\AppData\Local\Temp\ccRU8oS5.s 			page 6


 127 004c D6490040 		.word	1073760726
 128 0050 DC490040 		.word	1073760732
 129              		.cfi_endproc
 130              	.LFE1:
 131              		.size	EZI2C_Slave_RestoreConfig, .-EZI2C_Slave_RestoreConfig
 132              		.section	.text.EZI2C_Slave_Sleep,"ax",%progbits
 133              		.align	2
 134              		.global	EZI2C_Slave_Sleep
 135              		.thumb
 136              		.thumb_func
 137              		.type	EZI2C_Slave_Sleep, %function
 138              	EZI2C_Slave_Sleep:
 139              	.LFB2:
 160:.\Generated_Source\PSoC5/EZI2C_Slave_PM.c ****     }
 161:.\Generated_Source\PSoC5/EZI2C_Slave_PM.c **** 
 162:.\Generated_Source\PSoC5/EZI2C_Slave_PM.c **** #if (EZI2C_Slave_WAKEUP_ENABLED)
 163:.\Generated_Source\PSoC5/EZI2C_Slave_PM.c ****     /* Set I2C interrupt to be pending if component is source of wake up */
 164:.\Generated_Source\PSoC5/EZI2C_Slave_PM.c ****     EZI2C_Slave_DisableInt();
 165:.\Generated_Source\PSoC5/EZI2C_Slave_PM.c ****     (void) CyIntSetVector(EZI2C_Slave_ISR_NUMBER, &EZI2C_Slave_ISR);
 166:.\Generated_Source\PSoC5/EZI2C_Slave_PM.c ****     if (0u != EZI2C_Slave_wakeupSource)
 167:.\Generated_Source\PSoC5/EZI2C_Slave_PM.c ****     {
 168:.\Generated_Source\PSoC5/EZI2C_Slave_PM.c ****         /* Generate interrupt to release I2C bus */
 169:.\Generated_Source\PSoC5/EZI2C_Slave_PM.c ****         (void) CyIntSetPending(EZI2C_Slave_ISR_NUMBER);
 170:.\Generated_Source\PSoC5/EZI2C_Slave_PM.c ****     }
 171:.\Generated_Source\PSoC5/EZI2C_Slave_PM.c ****     EZI2C_Slave_EnableInt();
 172:.\Generated_Source\PSoC5/EZI2C_Slave_PM.c **** #endif /* (EZI2C_Slave_WAKEUP_ENABLED) */
 173:.\Generated_Source\PSoC5/EZI2C_Slave_PM.c **** }
 174:.\Generated_Source\PSoC5/EZI2C_Slave_PM.c **** 
 175:.\Generated_Source\PSoC5/EZI2C_Slave_PM.c **** 
 176:.\Generated_Source\PSoC5/EZI2C_Slave_PM.c **** /*******************************************************************************
 177:.\Generated_Source\PSoC5/EZI2C_Slave_PM.c **** * Function Name: EZI2C_Slave_Sleep
 178:.\Generated_Source\PSoC5/EZI2C_Slave_PM.c **** ********************************************************************************
 179:.\Generated_Source\PSoC5/EZI2C_Slave_PM.c **** *
 180:.\Generated_Source\PSoC5/EZI2C_Slave_PM.c **** * Summary:
 181:.\Generated_Source\PSoC5/EZI2C_Slave_PM.c **** *  This is the preferred method to prepare the component before device enters
 182:.\Generated_Source\PSoC5/EZI2C_Slave_PM.c **** *  sleep mode.
 183:.\Generated_Source\PSoC5/EZI2C_Slave_PM.c **** *  The Enable wakeup from Sleep Mode selection influences this function
 184:.\Generated_Source\PSoC5/EZI2C_Slave_PM.c **** *  implementation:
 185:.\Generated_Source\PSoC5/EZI2C_Slave_PM.c **** *   Unchecked: Checks current EZI2C component state, saves it, and disables the
 186:.\Generated_Source\PSoC5/EZI2C_Slave_PM.c **** *              component by calling EZI2C_Stop() if it is currently enabled.
 187:.\Generated_Source\PSoC5/EZI2C_Slave_PM.c **** *              EZI2C_SaveConfig() is then called to save the component
 188:.\Generated_Source\PSoC5/EZI2C_Slave_PM.c **** *              non-retention configuration registers.
 189:.\Generated_Source\PSoC5/EZI2C_Slave_PM.c **** *   Checked:   If a transaction intended for component is in progress during
 190:.\Generated_Source\PSoC5/EZI2C_Slave_PM.c **** *              this function call, it waits until the current transaction is
 191:.\Generated_Source\PSoC5/EZI2C_Slave_PM.c **** *              completed. All subsequent I2C traffic intended for component is
 192:.\Generated_Source\PSoC5/EZI2C_Slave_PM.c **** *              NAKed until the device is put to sleep mode. The address match
 193:.\Generated_Source\PSoC5/EZI2C_Slave_PM.c **** *              event wakes up the device.
 194:.\Generated_Source\PSoC5/EZI2C_Slave_PM.c **** *
 195:.\Generated_Source\PSoC5/EZI2C_Slave_PM.c **** *  Call the EZI2C_Sleep() function before calling the CyPmSleep() or the
 196:.\Generated_Source\PSoC5/EZI2C_Slave_PM.c **** *  CyPmHibernate() function. Refer to the PSoC Creator System Reference Guide
 197:.\Generated_Source\PSoC5/EZI2C_Slave_PM.c **** *  for more information about power-management functions.
 198:.\Generated_Source\PSoC5/EZI2C_Slave_PM.c **** *
 199:.\Generated_Source\PSoC5/EZI2C_Slave_PM.c **** * Parameters:
 200:.\Generated_Source\PSoC5/EZI2C_Slave_PM.c **** *  None.
 201:.\Generated_Source\PSoC5/EZI2C_Slave_PM.c **** *
 202:.\Generated_Source\PSoC5/EZI2C_Slave_PM.c **** * Return:
 203:.\Generated_Source\PSoC5/EZI2C_Slave_PM.c **** *  None.
ARM GAS  C:\Users\Tim\AppData\Local\Temp\ccRU8oS5.s 			page 7


 204:.\Generated_Source\PSoC5/EZI2C_Slave_PM.c **** *
 205:.\Generated_Source\PSoC5/EZI2C_Slave_PM.c **** * Global variables:
 206:.\Generated_Source\PSoC5/EZI2C_Slave_PM.c **** *  EZI2C_Slave_backup - The non retention registers are saved to. Changed
 207:.\Generated_Source\PSoC5/EZI2C_Slave_PM.c **** *  by EZI2C_Slave_SaveConfig() function call.
 208:.\Generated_Source\PSoC5/EZI2C_Slave_PM.c **** *
 209:.\Generated_Source\PSoC5/EZI2C_Slave_PM.c **** * Reentrant:
 210:.\Generated_Source\PSoC5/EZI2C_Slave_PM.c **** *  No.
 211:.\Generated_Source\PSoC5/EZI2C_Slave_PM.c **** *
 212:.\Generated_Source\PSoC5/EZI2C_Slave_PM.c **** *******************************************************************************/
 213:.\Generated_Source\PSoC5/EZI2C_Slave_PM.c **** void EZI2C_Slave_Sleep(void) 
 214:.\Generated_Source\PSoC5/EZI2C_Slave_PM.c **** {
 140              		.loc 1 214 0
 141              		.cfi_startproc
 142              		@ args = 0, pretend = 0, frame = 0
 143              		@ frame_needed = 0, uses_anonymous_args = 0
 144 0000 08B5     		push	{r3, lr}
 145              		.cfi_def_cfa_offset 8
 146              		.cfi_offset 3, -8
 147              		.cfi_offset 14, -4
 215:.\Generated_Source\PSoC5/EZI2C_Slave_PM.c **** #if (EZI2C_Slave_WAKEUP_ENABLED)
 216:.\Generated_Source\PSoC5/EZI2C_Slave_PM.c ****     /* Do not re-enable component in EZI2C_Slave_Wakeup(). It remains enabled as it is wakeup sourc
 217:.\Generated_Source\PSoC5/EZI2C_Slave_PM.c ****     EZI2C_Slave_backup.enableState = EZI2C_Slave_DISABLED;
 218:.\Generated_Source\PSoC5/EZI2C_Slave_PM.c **** #else
 219:.\Generated_Source\PSoC5/EZI2C_Slave_PM.c ****     /* Store component state enabled or disable to restore after wakeup */
 220:.\Generated_Source\PSoC5/EZI2C_Slave_PM.c ****     EZI2C_Slave_backup.enableState = (EZI2C_Slave_PM_ACT_CFG_REG & EZI2C_Slave_ACT_PWR_EN);
 148              		.loc 1 220 0
 149 0002 064B     		ldr	r3, .L13
 150 0004 1B78     		ldrb	r3, [r3]	@ zero_extendqisi2
 151 0006 03F00403 		and	r3, r3, #4
 152 000a DBB2     		uxtb	r3, r3
 153 000c 044A     		ldr	r2, .L13+4
 154 000e 1370     		strb	r3, [r2]
 221:.\Generated_Source\PSoC5/EZI2C_Slave_PM.c **** 
 222:.\Generated_Source\PSoC5/EZI2C_Slave_PM.c ****     if (0u != EZI2C_Slave_backup.enableState)
 155              		.loc 1 222 0
 156 0010 0BB1     		cbz	r3, .L11
 223:.\Generated_Source\PSoC5/EZI2C_Slave_PM.c ****     {
 224:.\Generated_Source\PSoC5/EZI2C_Slave_PM.c ****         /* Disable component before enter Sleep */
 225:.\Generated_Source\PSoC5/EZI2C_Slave_PM.c ****         EZI2C_Slave_Stop();
 157              		.loc 1 225 0
 158 0012 FFF7FEFF 		bl	EZI2C_Slave_Stop
 159              	.LVL2:
 160              	.L11:
 226:.\Generated_Source\PSoC5/EZI2C_Slave_PM.c ****     }
 227:.\Generated_Source\PSoC5/EZI2C_Slave_PM.c **** #endif /* (EZI2C_Slave_WAKEUP_ENABLED) */
 228:.\Generated_Source\PSoC5/EZI2C_Slave_PM.c **** 
 229:.\Generated_Source\PSoC5/EZI2C_Slave_PM.c ****     EZI2C_Slave_SaveConfig();
 161              		.loc 1 229 0
 162 0016 FFF7FEFF 		bl	EZI2C_Slave_SaveConfig
 163              	.LVL3:
 164 001a 08BD     		pop	{r3, pc}
 165              	.L14:
 166              		.align	2
 167              	.L13:
 168 001c A5430040 		.word	1073759141
 169 0020 00000000 		.word	.LANCHOR0
 170              		.cfi_endproc
ARM GAS  C:\Users\Tim\AppData\Local\Temp\ccRU8oS5.s 			page 8


 171              	.LFE2:
 172              		.size	EZI2C_Slave_Sleep, .-EZI2C_Slave_Sleep
 173              		.section	.text.EZI2C_Slave_Wakeup,"ax",%progbits
 174              		.align	2
 175              		.global	EZI2C_Slave_Wakeup
 176              		.thumb
 177              		.thumb_func
 178              		.type	EZI2C_Slave_Wakeup, %function
 179              	EZI2C_Slave_Wakeup:
 180              	.LFB3:
 230:.\Generated_Source\PSoC5/EZI2C_Slave_PM.c **** }
 231:.\Generated_Source\PSoC5/EZI2C_Slave_PM.c **** 
 232:.\Generated_Source\PSoC5/EZI2C_Slave_PM.c **** 
 233:.\Generated_Source\PSoC5/EZI2C_Slave_PM.c **** /*******************************************************************************
 234:.\Generated_Source\PSoC5/EZI2C_Slave_PM.c **** * Function Name: EZI2C_Slave_Wakeup
 235:.\Generated_Source\PSoC5/EZI2C_Slave_PM.c **** ********************************************************************************
 236:.\Generated_Source\PSoC5/EZI2C_Slave_PM.c **** *
 237:.\Generated_Source\PSoC5/EZI2C_Slave_PM.c **** * Summary:
 238:.\Generated_Source\PSoC5/EZI2C_Slave_PM.c **** *  This is the preferred method to prepare the component for active mode
 239:.\Generated_Source\PSoC5/EZI2C_Slave_PM.c **** *  operation (when device exits sleep mode).
 240:.\Generated_Source\PSoC5/EZI2C_Slave_PM.c **** *  The Enable wakeup from Sleep Mode selection influences this function
 241:.\Generated_Source\PSoC5/EZI2C_Slave_PM.c **** *  implementation:
 242:.\Generated_Source\PSoC5/EZI2C_Slave_PM.c **** *   Unchecked: Restores the component non-retention configuration registers
 243:.\Generated_Source\PSoC5/EZI2C_Slave_PM.c **** *              by calling EZI2C_RestoreConfig(). If the component was enabled
 244:.\Generated_Source\PSoC5/EZI2C_Slave_PM.c **** *              before the EZI2C_Sleep() function was called, EZI2C_Wakeup()
 245:.\Generated_Source\PSoC5/EZI2C_Slave_PM.c **** *              re-enables it.
 246:.\Generated_Source\PSoC5/EZI2C_Slave_PM.c **** *   Checked:   Disables the backup regulator of I2C hardware. The incoming
 247:.\Generated_Source\PSoC5/EZI2C_Slave_PM.c **** *              transaction continues as soon as the regular EZI2C interrupt
 248:.\Generated_Source\PSoC5/EZI2C_Slave_PM.c **** *              handler is set up (global interrupts has to be  enabled to
 249:.\Generated_Source\PSoC5/EZI2C_Slave_PM.c **** *              service EZI2C component interrupt).
 250:.\Generated_Source\PSoC5/EZI2C_Slave_PM.c **** *
 251:.\Generated_Source\PSoC5/EZI2C_Slave_PM.c **** * Parameters:
 252:.\Generated_Source\PSoC5/EZI2C_Slave_PM.c **** *  None.
 253:.\Generated_Source\PSoC5/EZI2C_Slave_PM.c **** *
 254:.\Generated_Source\PSoC5/EZI2C_Slave_PM.c **** * Return:
 255:.\Generated_Source\PSoC5/EZI2C_Slave_PM.c **** *  None.
 256:.\Generated_Source\PSoC5/EZI2C_Slave_PM.c **** *
 257:.\Generated_Source\PSoC5/EZI2C_Slave_PM.c **** * Global variables:
 258:.\Generated_Source\PSoC5/EZI2C_Slave_PM.c **** *  EZI2C_Slave_backup - The non retention registers are restored from.
 259:.\Generated_Source\PSoC5/EZI2C_Slave_PM.c **** *
 260:.\Generated_Source\PSoC5/EZI2C_Slave_PM.c **** * Reentrant:
 261:.\Generated_Source\PSoC5/EZI2C_Slave_PM.c **** *  No.
 262:.\Generated_Source\PSoC5/EZI2C_Slave_PM.c **** *
 263:.\Generated_Source\PSoC5/EZI2C_Slave_PM.c **** * Side Effects:
 264:.\Generated_Source\PSoC5/EZI2C_Slave_PM.c **** *  Calling this function before EZI2C_Slave_SaveConfig() or
 265:.\Generated_Source\PSoC5/EZI2C_Slave_PM.c **** *  EZI2C_Slave_Sleep() will lead to unpredictable results.
 266:.\Generated_Source\PSoC5/EZI2C_Slave_PM.c **** *
 267:.\Generated_Source\PSoC5/EZI2C_Slave_PM.c **** *******************************************************************************/
 268:.\Generated_Source\PSoC5/EZI2C_Slave_PM.c **** void EZI2C_Slave_Wakeup(void) 
 269:.\Generated_Source\PSoC5/EZI2C_Slave_PM.c **** {
 181              		.loc 1 269 0
 182              		.cfi_startproc
 183              		@ args = 0, pretend = 0, frame = 0
 184              		@ frame_needed = 0, uses_anonymous_args = 0
 185 0000 08B5     		push	{r3, lr}
 186              		.cfi_def_cfa_offset 8
 187              		.cfi_offset 3, -8
ARM GAS  C:\Users\Tim\AppData\Local\Temp\ccRU8oS5.s 			page 9


 188              		.cfi_offset 14, -4
 270:.\Generated_Source\PSoC5/EZI2C_Slave_PM.c ****     EZI2C_Slave_RestoreConfig();
 189              		.loc 1 270 0
 190 0002 FFF7FEFF 		bl	EZI2C_Slave_RestoreConfig
 191              	.LVL4:
 271:.\Generated_Source\PSoC5/EZI2C_Slave_PM.c **** 
 272:.\Generated_Source\PSoC5/EZI2C_Slave_PM.c ****     if (0u != EZI2C_Slave_backup.enableState)
 192              		.loc 1 272 0
 193 0006 034B     		ldr	r3, .L18
 194 0008 1B78     		ldrb	r3, [r3]	@ zero_extendqisi2
 195 000a 0BB1     		cbz	r3, .L15
 273:.\Generated_Source\PSoC5/EZI2C_Slave_PM.c ****     {
 274:.\Generated_Source\PSoC5/EZI2C_Slave_PM.c ****         /* Enable component as it was enabled before Sleep */
 275:.\Generated_Source\PSoC5/EZI2C_Slave_PM.c ****         EZI2C_Slave_Enable();
 196              		.loc 1 275 0
 197 000c FFF7FEFF 		bl	EZI2C_Slave_Enable
 198              	.LVL5:
 199              	.L15:
 200 0010 08BD     		pop	{r3, pc}
 201              	.L19:
 202 0012 00BF     		.align	2
 203              	.L18:
 204 0014 00000000 		.word	.LANCHOR0
 205              		.cfi_endproc
 206              	.LFE3:
 207              		.size	EZI2C_Slave_Wakeup, .-EZI2C_Slave_Wakeup
 208              		.global	EZI2C_Slave_backup
 209              		.data
 210              		.align	2
 211              		.set	.LANCHOR0,. + 0
 212              		.type	EZI2C_Slave_backup, %object
 213              		.size	EZI2C_Slave_backup, 6
 214              	EZI2C_Slave_backup:
 215 0000 00       		.byte	0
 216 0001 81       		.byte	-127
 217 0002 08       		.byte	8
 218 0003 05       		.byte	5
 219 0004 0F       		.byte	15
 220 0005 00       		.byte	0
 221 0006 0000     		.text
 222              	.Letext0:
 223              		.file 2 ".\\Generated_Source\\PSoC5\\cytypes.h"
 224              		.file 3 ".\\Generated_Source\\PSoC5\\EZI2C_Slave.h"
 225              		.file 4 ".\\Generated_Source\\PSoC5\\CyLib.h"
 226              		.section	.debug_info,"",%progbits
 227              	.Ldebug_info0:
 228 0000 E9010000 		.4byte	0x1e9
 229 0004 0400     		.2byte	0x4
 230 0006 00000000 		.4byte	.Ldebug_abbrev0
 231 000a 04       		.byte	0x4
 232 000b 01       		.uleb128 0x1
 233 000c F1000000 		.4byte	.LASF27
 234 0010 01       		.byte	0x1
 235 0011 B9000000 		.4byte	.LASF28
 236 0015 13000000 		.4byte	.LASF29
 237 0019 00000000 		.4byte	.Ldebug_ranges0+0
 238 001d 00000000 		.4byte	0
ARM GAS  C:\Users\Tim\AppData\Local\Temp\ccRU8oS5.s 			page 10


 239 0021 00000000 		.4byte	.Ldebug_line0
 240 0025 02       		.uleb128 0x2
 241 0026 01       		.byte	0x1
 242 0027 06       		.byte	0x6
 243 0028 81020000 		.4byte	.LASF0
 244 002c 02       		.uleb128 0x2
 245 002d 01       		.byte	0x1
 246 002e 08       		.byte	0x8
 247 002f 75000000 		.4byte	.LASF1
 248 0033 02       		.uleb128 0x2
 249 0034 02       		.byte	0x2
 250 0035 05       		.byte	0x5
 251 0036 48020000 		.4byte	.LASF2
 252 003a 02       		.uleb128 0x2
 253 003b 02       		.byte	0x2
 254 003c 07       		.byte	0x7
 255 003d 00000000 		.4byte	.LASF3
 256 0041 02       		.uleb128 0x2
 257 0042 04       		.byte	0x4
 258 0043 05       		.byte	0x5
 259 0044 52020000 		.4byte	.LASF4
 260 0048 02       		.uleb128 0x2
 261 0049 04       		.byte	0x4
 262 004a 07       		.byte	0x7
 263 004b 88000000 		.4byte	.LASF5
 264 004f 02       		.uleb128 0x2
 265 0050 08       		.byte	0x8
 266 0051 05       		.byte	0x5
 267 0052 30020000 		.4byte	.LASF6
 268 0056 02       		.uleb128 0x2
 269 0057 08       		.byte	0x8
 270 0058 07       		.byte	0x7
 271 0059 5E000000 		.4byte	.LASF7
 272 005d 03       		.uleb128 0x3
 273 005e 04       		.byte	0x4
 274 005f 05       		.byte	0x5
 275 0060 696E7400 		.ascii	"int\000"
 276 0064 02       		.uleb128 0x2
 277 0065 04       		.byte	0x4
 278 0066 07       		.byte	0x7
 279 0067 88010000 		.4byte	.LASF8
 280 006b 04       		.uleb128 0x4
 281 006c 9A000000 		.4byte	.LASF9
 282 0070 02       		.byte	0x2
 283 0071 3801     		.2byte	0x138
 284 0073 2C000000 		.4byte	0x2c
 285 0077 04       		.uleb128 0x4
 286 0078 E3000000 		.4byte	.LASF10
 287 007c 02       		.byte	0x2
 288 007d 3901     		.2byte	0x139
 289 007f 3A000000 		.4byte	0x3a
 290 0083 04       		.uleb128 0x4
 291 0084 EA000000 		.4byte	.LASF11
 292 0088 02       		.byte	0x2
 293 0089 3A01     		.2byte	0x13a
 294 008b 48000000 		.4byte	0x48
 295 008f 02       		.uleb128 0x2
ARM GAS  C:\Users\Tim\AppData\Local\Temp\ccRU8oS5.s 			page 11


 296 0090 04       		.byte	0x4
 297 0091 04       		.byte	0x4
 298 0092 58000000 		.4byte	.LASF12
 299 0096 02       		.uleb128 0x2
 300 0097 08       		.byte	0x8
 301 0098 04       		.byte	0x4
 302 0099 A0000000 		.4byte	.LASF13
 303 009d 02       		.uleb128 0x2
 304 009e 01       		.byte	0x1
 305 009f 08       		.byte	0x8
 306 00a0 3E020000 		.4byte	.LASF14
 307 00a4 04       		.uleb128 0x4
 308 00a5 83000000 		.4byte	.LASF15
 309 00a9 02       		.byte	0x2
 310 00aa E201     		.2byte	0x1e2
 311 00ac B0000000 		.4byte	0xb0
 312 00b0 05       		.uleb128 0x5
 313 00b1 6B000000 		.4byte	0x6b
 314 00b5 02       		.uleb128 0x2
 315 00b6 04       		.byte	0x4
 316 00b7 07       		.byte	0x7
 317 00b8 0D020000 		.4byte	.LASF16
 318 00bc 06       		.uleb128 0x6
 319 00bd 06       		.byte	0x6
 320 00be 03       		.byte	0x3
 321 00bf 42       		.byte	0x42
 322 00c0 0D010000 		.4byte	0x10d
 323 00c4 07       		.uleb128 0x7
 324 00c5 5B020000 		.4byte	.LASF17
 325 00c9 03       		.byte	0x3
 326 00ca 44       		.byte	0x44
 327 00cb 6B000000 		.4byte	0x6b
 328 00cf 00       		.byte	0
 329 00d0 07       		.uleb128 0x7
 330 00d1 43020000 		.4byte	.LASF18
 331 00d5 03       		.byte	0x3
 332 00d6 45       		.byte	0x45
 333 00d7 6B000000 		.4byte	0x6b
 334 00db 01       		.byte	0x1
 335 00dc 08       		.uleb128 0x8
 336 00dd 61647200 		.ascii	"adr\000"
 337 00e1 03       		.byte	0x3
 338 00e2 46       		.byte	0x46
 339 00e3 6B000000 		.4byte	0x6b
 340 00e7 02       		.byte	0x2
 341 00e8 08       		.uleb128 0x8
 342 00e9 63666700 		.ascii	"cfg\000"
 343 00ed 03       		.byte	0x3
 344 00ee 47       		.byte	0x47
 345 00ef 6B000000 		.4byte	0x6b
 346 00f3 03       		.byte	0x3
 347 00f4 07       		.uleb128 0x7
 348 00f5 AB010000 		.4byte	.LASF19
 349 00f9 03       		.byte	0x3
 350 00fa 48       		.byte	0x48
 351 00fb 6B000000 		.4byte	0x6b
 352 00ff 04       		.byte	0x4
ARM GAS  C:\Users\Tim\AppData\Local\Temp\ccRU8oS5.s 			page 12


 353 0100 07       		.uleb128 0x7
 354 0101 B3010000 		.4byte	.LASF20
 355 0105 03       		.byte	0x3
 356 0106 49       		.byte	0x49
 357 0107 6B000000 		.4byte	0x6b
 358 010b 05       		.byte	0x5
 359 010c 00       		.byte	0
 360 010d 09       		.uleb128 0x9
 361 010e 16020000 		.4byte	.LASF21
 362 0112 03       		.byte	0x3
 363 0113 4B       		.byte	0x4b
 364 0114 BC000000 		.4byte	0xbc
 365 0118 0A       		.uleb128 0xa
 366 0119 E5010000 		.4byte	.LASF30
 367 011d 01       		.byte	0x1
 368 011e 3C       		.byte	0x3c
 369 011f 00000000 		.4byte	.LFB0
 370 0123 3C000000 		.4byte	.LFE0-.LFB0
 371 0127 01       		.uleb128 0x1
 372 0128 9C       		.byte	0x9c
 373 0129 0B       		.uleb128 0xb
 374 012a 67020000 		.4byte	.LASF22
 375 012e 01       		.byte	0x1
 376 012f 81       		.byte	0x81
 377 0130 00000000 		.4byte	.LFB1
 378 0134 54000000 		.4byte	.LFE1-.LFB1
 379 0138 01       		.uleb128 0x1
 380 0139 9C       		.byte	0x9c
 381 013a 60010000 		.4byte	0x160
 382 013e 0C       		.uleb128 0xc
 383 013f 7F010000 		.4byte	.LASF31
 384 0143 01       		.byte	0x1
 385 0144 83       		.byte	0x83
 386 0145 6B000000 		.4byte	0x6b
 387 0149 00000000 		.4byte	.LLST0
 388 014d 0D       		.uleb128 0xd
 389 014e 10000000 		.4byte	.LVL0
 390 0152 C2010000 		.4byte	0x1c2
 391 0156 0D       		.uleb128 0xd
 392 0157 1E000000 		.4byte	.LVL1
 393 015b CD010000 		.4byte	0x1cd
 394 015f 00       		.byte	0
 395 0160 0B       		.uleb128 0xb
 396 0161 A7000000 		.4byte	.LASF23
 397 0165 01       		.byte	0x1
 398 0166 D5       		.byte	0xd5
 399 0167 00000000 		.4byte	.LFB2
 400 016b 24000000 		.4byte	.LFE2-.LFB2
 401 016f 01       		.uleb128 0x1
 402 0170 9C       		.byte	0x9c
 403 0171 88010000 		.4byte	0x188
 404 0175 0D       		.uleb128 0xd
 405 0176 16000000 		.4byte	.LVL2
 406 017a DE010000 		.4byte	0x1de
 407 017e 0D       		.uleb128 0xd
 408 017f 1A000000 		.4byte	.LVL3
 409 0183 18010000 		.4byte	0x118
ARM GAS  C:\Users\Tim\AppData\Local\Temp\ccRU8oS5.s 			page 13


 410 0187 00       		.byte	0
 411 0188 0E       		.uleb128 0xe
 412 0189 45000000 		.4byte	.LASF24
 413 018d 01       		.byte	0x1
 414 018e 0C01     		.2byte	0x10c
 415 0190 00000000 		.4byte	.LFB3
 416 0194 18000000 		.4byte	.LFE3-.LFB3
 417 0198 01       		.uleb128 0x1
 418 0199 9C       		.byte	0x9c
 419 019a B1010000 		.4byte	0x1b1
 420 019e 0D       		.uleb128 0xd
 421 019f 06000000 		.4byte	.LVL4
 422 01a3 29010000 		.4byte	0x129
 423 01a7 0D       		.uleb128 0xd
 424 01a8 10000000 		.4byte	.LVL5
 425 01ac E5010000 		.4byte	0x1e5
 426 01b0 00       		.byte	0
 427 01b1 0F       		.uleb128 0xf
 428 01b2 8D020000 		.4byte	.LASF32
 429 01b6 01       		.byte	0x1
 430 01b7 12       		.byte	0x12
 431 01b8 0D010000 		.4byte	0x10d
 432 01bc 05       		.uleb128 0x5
 433 01bd 03       		.byte	0x3
 434 01be 00000000 		.4byte	EZI2C_Slave_backup
 435 01c2 10       		.uleb128 0x10
 436 01c3 BB010000 		.4byte	.LASF33
 437 01c7 04       		.byte	0x4
 438 01c8 7E       		.byte	0x7e
 439 01c9 6B000000 		.4byte	0x6b
 440 01cd 11       		.uleb128 0x11
 441 01ce 95010000 		.4byte	.LASF34
 442 01d2 04       		.byte	0x4
 443 01d3 7F       		.byte	0x7f
 444 01d4 DE010000 		.4byte	0x1de
 445 01d8 12       		.uleb128 0x12
 446 01d9 6B000000 		.4byte	0x6b
 447 01dd 00       		.byte	0
 448 01de 13       		.uleb128 0x13
 449 01df FC010000 		.4byte	.LASF25
 450 01e3 03       		.byte	0x3
 451 01e4 55       		.byte	0x55
 452 01e5 13       		.uleb128 0x13
 453 01e6 D2010000 		.4byte	.LASF26
 454 01ea 03       		.byte	0x3
 455 01eb 53       		.byte	0x53
 456 01ec 00       		.byte	0
 457              		.section	.debug_abbrev,"",%progbits
 458              	.Ldebug_abbrev0:
 459 0000 01       		.uleb128 0x1
 460 0001 11       		.uleb128 0x11
 461 0002 01       		.byte	0x1
 462 0003 25       		.uleb128 0x25
 463 0004 0E       		.uleb128 0xe
 464 0005 13       		.uleb128 0x13
 465 0006 0B       		.uleb128 0xb
 466 0007 03       		.uleb128 0x3
ARM GAS  C:\Users\Tim\AppData\Local\Temp\ccRU8oS5.s 			page 14


 467 0008 0E       		.uleb128 0xe
 468 0009 1B       		.uleb128 0x1b
 469 000a 0E       		.uleb128 0xe
 470 000b 55       		.uleb128 0x55
 471 000c 17       		.uleb128 0x17
 472 000d 11       		.uleb128 0x11
 473 000e 01       		.uleb128 0x1
 474 000f 10       		.uleb128 0x10
 475 0010 17       		.uleb128 0x17
 476 0011 00       		.byte	0
 477 0012 00       		.byte	0
 478 0013 02       		.uleb128 0x2
 479 0014 24       		.uleb128 0x24
 480 0015 00       		.byte	0
 481 0016 0B       		.uleb128 0xb
 482 0017 0B       		.uleb128 0xb
 483 0018 3E       		.uleb128 0x3e
 484 0019 0B       		.uleb128 0xb
 485 001a 03       		.uleb128 0x3
 486 001b 0E       		.uleb128 0xe
 487 001c 00       		.byte	0
 488 001d 00       		.byte	0
 489 001e 03       		.uleb128 0x3
 490 001f 24       		.uleb128 0x24
 491 0020 00       		.byte	0
 492 0021 0B       		.uleb128 0xb
 493 0022 0B       		.uleb128 0xb
 494 0023 3E       		.uleb128 0x3e
 495 0024 0B       		.uleb128 0xb
 496 0025 03       		.uleb128 0x3
 497 0026 08       		.uleb128 0x8
 498 0027 00       		.byte	0
 499 0028 00       		.byte	0
 500 0029 04       		.uleb128 0x4
 501 002a 16       		.uleb128 0x16
 502 002b 00       		.byte	0
 503 002c 03       		.uleb128 0x3
 504 002d 0E       		.uleb128 0xe
 505 002e 3A       		.uleb128 0x3a
 506 002f 0B       		.uleb128 0xb
 507 0030 3B       		.uleb128 0x3b
 508 0031 05       		.uleb128 0x5
 509 0032 49       		.uleb128 0x49
 510 0033 13       		.uleb128 0x13
 511 0034 00       		.byte	0
 512 0035 00       		.byte	0
 513 0036 05       		.uleb128 0x5
 514 0037 35       		.uleb128 0x35
 515 0038 00       		.byte	0
 516 0039 49       		.uleb128 0x49
 517 003a 13       		.uleb128 0x13
 518 003b 00       		.byte	0
 519 003c 00       		.byte	0
 520 003d 06       		.uleb128 0x6
 521 003e 13       		.uleb128 0x13
 522 003f 01       		.byte	0x1
 523 0040 0B       		.uleb128 0xb
ARM GAS  C:\Users\Tim\AppData\Local\Temp\ccRU8oS5.s 			page 15


 524 0041 0B       		.uleb128 0xb
 525 0042 3A       		.uleb128 0x3a
 526 0043 0B       		.uleb128 0xb
 527 0044 3B       		.uleb128 0x3b
 528 0045 0B       		.uleb128 0xb
 529 0046 01       		.uleb128 0x1
 530 0047 13       		.uleb128 0x13
 531 0048 00       		.byte	0
 532 0049 00       		.byte	0
 533 004a 07       		.uleb128 0x7
 534 004b 0D       		.uleb128 0xd
 535 004c 00       		.byte	0
 536 004d 03       		.uleb128 0x3
 537 004e 0E       		.uleb128 0xe
 538 004f 3A       		.uleb128 0x3a
 539 0050 0B       		.uleb128 0xb
 540 0051 3B       		.uleb128 0x3b
 541 0052 0B       		.uleb128 0xb
 542 0053 49       		.uleb128 0x49
 543 0054 13       		.uleb128 0x13
 544 0055 38       		.uleb128 0x38
 545 0056 0B       		.uleb128 0xb
 546 0057 00       		.byte	0
 547 0058 00       		.byte	0
 548 0059 08       		.uleb128 0x8
 549 005a 0D       		.uleb128 0xd
 550 005b 00       		.byte	0
 551 005c 03       		.uleb128 0x3
 552 005d 08       		.uleb128 0x8
 553 005e 3A       		.uleb128 0x3a
 554 005f 0B       		.uleb128 0xb
 555 0060 3B       		.uleb128 0x3b
 556 0061 0B       		.uleb128 0xb
 557 0062 49       		.uleb128 0x49
 558 0063 13       		.uleb128 0x13
 559 0064 38       		.uleb128 0x38
 560 0065 0B       		.uleb128 0xb
 561 0066 00       		.byte	0
 562 0067 00       		.byte	0
 563 0068 09       		.uleb128 0x9
 564 0069 16       		.uleb128 0x16
 565 006a 00       		.byte	0
 566 006b 03       		.uleb128 0x3
 567 006c 0E       		.uleb128 0xe
 568 006d 3A       		.uleb128 0x3a
 569 006e 0B       		.uleb128 0xb
 570 006f 3B       		.uleb128 0x3b
 571 0070 0B       		.uleb128 0xb
 572 0071 49       		.uleb128 0x49
 573 0072 13       		.uleb128 0x13
 574 0073 00       		.byte	0
 575 0074 00       		.byte	0
 576 0075 0A       		.uleb128 0xa
 577 0076 2E       		.uleb128 0x2e
 578 0077 00       		.byte	0
 579 0078 3F       		.uleb128 0x3f
 580 0079 19       		.uleb128 0x19
ARM GAS  C:\Users\Tim\AppData\Local\Temp\ccRU8oS5.s 			page 16


 581 007a 03       		.uleb128 0x3
 582 007b 0E       		.uleb128 0xe
 583 007c 3A       		.uleb128 0x3a
 584 007d 0B       		.uleb128 0xb
 585 007e 3B       		.uleb128 0x3b
 586 007f 0B       		.uleb128 0xb
 587 0080 27       		.uleb128 0x27
 588 0081 19       		.uleb128 0x19
 589 0082 11       		.uleb128 0x11
 590 0083 01       		.uleb128 0x1
 591 0084 12       		.uleb128 0x12
 592 0085 06       		.uleb128 0x6
 593 0086 40       		.uleb128 0x40
 594 0087 18       		.uleb128 0x18
 595 0088 9742     		.uleb128 0x2117
 596 008a 19       		.uleb128 0x19
 597 008b 00       		.byte	0
 598 008c 00       		.byte	0
 599 008d 0B       		.uleb128 0xb
 600 008e 2E       		.uleb128 0x2e
 601 008f 01       		.byte	0x1
 602 0090 3F       		.uleb128 0x3f
 603 0091 19       		.uleb128 0x19
 604 0092 03       		.uleb128 0x3
 605 0093 0E       		.uleb128 0xe
 606 0094 3A       		.uleb128 0x3a
 607 0095 0B       		.uleb128 0xb
 608 0096 3B       		.uleb128 0x3b
 609 0097 0B       		.uleb128 0xb
 610 0098 27       		.uleb128 0x27
 611 0099 19       		.uleb128 0x19
 612 009a 11       		.uleb128 0x11
 613 009b 01       		.uleb128 0x1
 614 009c 12       		.uleb128 0x12
 615 009d 06       		.uleb128 0x6
 616 009e 40       		.uleb128 0x40
 617 009f 18       		.uleb128 0x18
 618 00a0 9742     		.uleb128 0x2117
 619 00a2 19       		.uleb128 0x19
 620 00a3 01       		.uleb128 0x1
 621 00a4 13       		.uleb128 0x13
 622 00a5 00       		.byte	0
 623 00a6 00       		.byte	0
 624 00a7 0C       		.uleb128 0xc
 625 00a8 34       		.uleb128 0x34
 626 00a9 00       		.byte	0
 627 00aa 03       		.uleb128 0x3
 628 00ab 0E       		.uleb128 0xe
 629 00ac 3A       		.uleb128 0x3a
 630 00ad 0B       		.uleb128 0xb
 631 00ae 3B       		.uleb128 0x3b
 632 00af 0B       		.uleb128 0xb
 633 00b0 49       		.uleb128 0x49
 634 00b1 13       		.uleb128 0x13
 635 00b2 02       		.uleb128 0x2
 636 00b3 17       		.uleb128 0x17
 637 00b4 00       		.byte	0
ARM GAS  C:\Users\Tim\AppData\Local\Temp\ccRU8oS5.s 			page 17


 638 00b5 00       		.byte	0
 639 00b6 0D       		.uleb128 0xd
 640 00b7 898201   		.uleb128 0x4109
 641 00ba 00       		.byte	0
 642 00bb 11       		.uleb128 0x11
 643 00bc 01       		.uleb128 0x1
 644 00bd 31       		.uleb128 0x31
 645 00be 13       		.uleb128 0x13
 646 00bf 00       		.byte	0
 647 00c0 00       		.byte	0
 648 00c1 0E       		.uleb128 0xe
 649 00c2 2E       		.uleb128 0x2e
 650 00c3 01       		.byte	0x1
 651 00c4 3F       		.uleb128 0x3f
 652 00c5 19       		.uleb128 0x19
 653 00c6 03       		.uleb128 0x3
 654 00c7 0E       		.uleb128 0xe
 655 00c8 3A       		.uleb128 0x3a
 656 00c9 0B       		.uleb128 0xb
 657 00ca 3B       		.uleb128 0x3b
 658 00cb 05       		.uleb128 0x5
 659 00cc 27       		.uleb128 0x27
 660 00cd 19       		.uleb128 0x19
 661 00ce 11       		.uleb128 0x11
 662 00cf 01       		.uleb128 0x1
 663 00d0 12       		.uleb128 0x12
 664 00d1 06       		.uleb128 0x6
 665 00d2 40       		.uleb128 0x40
 666 00d3 18       		.uleb128 0x18
 667 00d4 9742     		.uleb128 0x2117
 668 00d6 19       		.uleb128 0x19
 669 00d7 01       		.uleb128 0x1
 670 00d8 13       		.uleb128 0x13
 671 00d9 00       		.byte	0
 672 00da 00       		.byte	0
 673 00db 0F       		.uleb128 0xf
 674 00dc 34       		.uleb128 0x34
 675 00dd 00       		.byte	0
 676 00de 03       		.uleb128 0x3
 677 00df 0E       		.uleb128 0xe
 678 00e0 3A       		.uleb128 0x3a
 679 00e1 0B       		.uleb128 0xb
 680 00e2 3B       		.uleb128 0x3b
 681 00e3 0B       		.uleb128 0xb
 682 00e4 49       		.uleb128 0x49
 683 00e5 13       		.uleb128 0x13
 684 00e6 3F       		.uleb128 0x3f
 685 00e7 19       		.uleb128 0x19
 686 00e8 02       		.uleb128 0x2
 687 00e9 18       		.uleb128 0x18
 688 00ea 00       		.byte	0
 689 00eb 00       		.byte	0
 690 00ec 10       		.uleb128 0x10
 691 00ed 2E       		.uleb128 0x2e
 692 00ee 00       		.byte	0
 693 00ef 3F       		.uleb128 0x3f
 694 00f0 19       		.uleb128 0x19
ARM GAS  C:\Users\Tim\AppData\Local\Temp\ccRU8oS5.s 			page 18


 695 00f1 03       		.uleb128 0x3
 696 00f2 0E       		.uleb128 0xe
 697 00f3 3A       		.uleb128 0x3a
 698 00f4 0B       		.uleb128 0xb
 699 00f5 3B       		.uleb128 0x3b
 700 00f6 0B       		.uleb128 0xb
 701 00f7 27       		.uleb128 0x27
 702 00f8 19       		.uleb128 0x19
 703 00f9 49       		.uleb128 0x49
 704 00fa 13       		.uleb128 0x13
 705 00fb 3C       		.uleb128 0x3c
 706 00fc 19       		.uleb128 0x19
 707 00fd 00       		.byte	0
 708 00fe 00       		.byte	0
 709 00ff 11       		.uleb128 0x11
 710 0100 2E       		.uleb128 0x2e
 711 0101 01       		.byte	0x1
 712 0102 3F       		.uleb128 0x3f
 713 0103 19       		.uleb128 0x19
 714 0104 03       		.uleb128 0x3
 715 0105 0E       		.uleb128 0xe
 716 0106 3A       		.uleb128 0x3a
 717 0107 0B       		.uleb128 0xb
 718 0108 3B       		.uleb128 0x3b
 719 0109 0B       		.uleb128 0xb
 720 010a 27       		.uleb128 0x27
 721 010b 19       		.uleb128 0x19
 722 010c 3C       		.uleb128 0x3c
 723 010d 19       		.uleb128 0x19
 724 010e 01       		.uleb128 0x1
 725 010f 13       		.uleb128 0x13
 726 0110 00       		.byte	0
 727 0111 00       		.byte	0
 728 0112 12       		.uleb128 0x12
 729 0113 05       		.uleb128 0x5
 730 0114 00       		.byte	0
 731 0115 49       		.uleb128 0x49
 732 0116 13       		.uleb128 0x13
 733 0117 00       		.byte	0
 734 0118 00       		.byte	0
 735 0119 13       		.uleb128 0x13
 736 011a 2E       		.uleb128 0x2e
 737 011b 00       		.byte	0
 738 011c 3F       		.uleb128 0x3f
 739 011d 19       		.uleb128 0x19
 740 011e 03       		.uleb128 0x3
 741 011f 0E       		.uleb128 0xe
 742 0120 3A       		.uleb128 0x3a
 743 0121 0B       		.uleb128 0xb
 744 0122 3B       		.uleb128 0x3b
 745 0123 0B       		.uleb128 0xb
 746 0124 27       		.uleb128 0x27
 747 0125 19       		.uleb128 0x19
 748 0126 3C       		.uleb128 0x3c
 749 0127 19       		.uleb128 0x19
 750 0128 00       		.byte	0
 751 0129 00       		.byte	0
ARM GAS  C:\Users\Tim\AppData\Local\Temp\ccRU8oS5.s 			page 19


 752 012a 00       		.byte	0
 753              		.section	.debug_loc,"",%progbits
 754              	.Ldebug_loc0:
 755              	.LLST0:
 756 0000 10000000 		.4byte	.LVL0
 757 0004 1D000000 		.4byte	.LVL1-1
 758 0008 0100     		.2byte	0x1
 759 000a 50       		.byte	0x50
 760 000b 00000000 		.4byte	0
 761 000f 00000000 		.4byte	0
 762              		.section	.debug_aranges,"",%progbits
 763 0000 34000000 		.4byte	0x34
 764 0004 0200     		.2byte	0x2
 765 0006 00000000 		.4byte	.Ldebug_info0
 766 000a 04       		.byte	0x4
 767 000b 00       		.byte	0
 768 000c 0000     		.2byte	0
 769 000e 0000     		.2byte	0
 770 0010 00000000 		.4byte	.LFB0
 771 0014 3C000000 		.4byte	.LFE0-.LFB0
 772 0018 00000000 		.4byte	.LFB1
 773 001c 54000000 		.4byte	.LFE1-.LFB1
 774 0020 00000000 		.4byte	.LFB2
 775 0024 24000000 		.4byte	.LFE2-.LFB2
 776 0028 00000000 		.4byte	.LFB3
 777 002c 18000000 		.4byte	.LFE3-.LFB3
 778 0030 00000000 		.4byte	0
 779 0034 00000000 		.4byte	0
 780              		.section	.debug_ranges,"",%progbits
 781              	.Ldebug_ranges0:
 782 0000 00000000 		.4byte	.LFB0
 783 0004 3C000000 		.4byte	.LFE0
 784 0008 00000000 		.4byte	.LFB1
 785 000c 54000000 		.4byte	.LFE1
 786 0010 00000000 		.4byte	.LFB2
 787 0014 24000000 		.4byte	.LFE2
 788 0018 00000000 		.4byte	.LFB3
 789 001c 18000000 		.4byte	.LFE3
 790 0020 00000000 		.4byte	0
 791 0024 00000000 		.4byte	0
 792              		.section	.debug_line,"",%progbits
 793              	.Ldebug_line0:
 794 0000 C4000000 		.section	.debug_str,"MS",%progbits,1
 794      02006900 
 794      00000201 
 794      FB0E0D00 
 794      01010101 
 795              	.LASF3:
 796 0000 73686F72 		.ascii	"short unsigned int\000"
 796      7420756E 
 796      7369676E 
 796      65642069 
 796      6E7400
 797              	.LASF29:
 798 0013 443A5C70 		.ascii	"D:\\projects\\ArloBot\\arlobot_freesoc\\freesoc.cyd"
 798      726F6A65 
 798      6374735C 
ARM GAS  C:\Users\Tim\AppData\Local\Temp\ccRU8oS5.s 			page 20


 798      41726C6F 
 798      426F745C 
 799 0042 736E00   		.ascii	"sn\000"
 800              	.LASF24:
 801 0045 455A4932 		.ascii	"EZI2C_Slave_Wakeup\000"
 801      435F536C 
 801      6176655F 
 801      57616B65 
 801      757000
 802              	.LASF12:
 803 0058 666C6F61 		.ascii	"float\000"
 803      7400
 804              	.LASF7:
 805 005e 6C6F6E67 		.ascii	"long long unsigned int\000"
 805      206C6F6E 
 805      6720756E 
 805      7369676E 
 805      65642069 
 806              	.LASF1:
 807 0075 756E7369 		.ascii	"unsigned char\000"
 807      676E6564 
 807      20636861 
 807      7200
 808              	.LASF15:
 809 0083 72656738 		.ascii	"reg8\000"
 809      00
 810              	.LASF5:
 811 0088 6C6F6E67 		.ascii	"long unsigned int\000"
 811      20756E73 
 811      69676E65 
 811      6420696E 
 811      7400
 812              	.LASF9:
 813 009a 75696E74 		.ascii	"uint8\000"
 813      3800
 814              	.LASF13:
 815 00a0 646F7562 		.ascii	"double\000"
 815      6C6500
 816              	.LASF23:
 817 00a7 455A4932 		.ascii	"EZI2C_Slave_Sleep\000"
 817      435F536C 
 817      6176655F 
 817      536C6565 
 817      7000
 818              	.LASF28:
 819 00b9 2E5C4765 		.ascii	".\\Generated_Source\\PSoC5\\EZI2C_Slave_PM.c\000"
 819      6E657261 
 819      7465645F 
 819      536F7572 
 819      63655C50 
 820              	.LASF10:
 821 00e3 75696E74 		.ascii	"uint16\000"
 821      313600
 822              	.LASF11:
 823 00ea 75696E74 		.ascii	"uint32\000"
 823      333200
 824              	.LASF27:
ARM GAS  C:\Users\Tim\AppData\Local\Temp\ccRU8oS5.s 			page 21


 825 00f1 474E5520 		.ascii	"GNU C 4.9.3 20150303 (release) [ARM/embedded-4_9-br"
 825      4320342E 
 825      392E3320 
 825      32303135 
 825      30333033 
 826 0124 616E6368 		.ascii	"anch revision 221220] -mcpu=cortex-m3 -mthumb -g -O"
 826      20726576 
 826      6973696F 
 826      6E203232 
 826      31323230 
 827 0157 67202D66 		.ascii	"g -ffunction-sections -ffat-lto-objects\000"
 827      66756E63 
 827      74696F6E 
 827      2D736563 
 827      74696F6E 
 828              	.LASF31:
 829 017f 696E7453 		.ascii	"intState\000"
 829      74617465 
 829      00
 830              	.LASF8:
 831 0188 756E7369 		.ascii	"unsigned int\000"
 831      676E6564 
 831      20696E74 
 831      00
 832              	.LASF34:
 833 0195 43794578 		.ascii	"CyExitCriticalSection\000"
 833      69744372 
 833      69746963 
 833      616C5365 
 833      6374696F 
 834              	.LASF19:
 835 01ab 636C6B44 		.ascii	"clkDiv1\000"
 835      69763100 
 836              	.LASF20:
 837 01b3 636C6B44 		.ascii	"clkDiv2\000"
 837      69763200 
 838              	.LASF33:
 839 01bb 4379456E 		.ascii	"CyEnterCriticalSection\000"
 839      74657243 
 839      72697469 
 839      63616C53 
 839      65637469 
 840              	.LASF26:
 841 01d2 455A4932 		.ascii	"EZI2C_Slave_Enable\000"
 841      435F536C 
 841      6176655F 
 841      456E6162 
 841      6C6500
 842              	.LASF30:
 843 01e5 455A4932 		.ascii	"EZI2C_Slave_SaveConfig\000"
 843      435F536C 
 843      6176655F 
 843      53617665 
 843      436F6E66 
 844              	.LASF25:
 845 01fc 455A4932 		.ascii	"EZI2C_Slave_Stop\000"
 845      435F536C 
ARM GAS  C:\Users\Tim\AppData\Local\Temp\ccRU8oS5.s 			page 22


 845      6176655F 
 845      53746F70 
 845      00
 846              	.LASF16:
 847 020d 73697A65 		.ascii	"sizetype\000"
 847      74797065 
 847      00
 848              	.LASF21:
 849 0216 455A4932 		.ascii	"EZI2C_Slave_BACKUP_STRUCT\000"
 849      435F536C 
 849      6176655F 
 849      4241434B 
 849      55505F53 
 850              	.LASF6:
 851 0230 6C6F6E67 		.ascii	"long long int\000"
 851      206C6F6E 
 851      6720696E 
 851      7400
 852              	.LASF14:
 853 023e 63686172 		.ascii	"char\000"
 853      00
 854              	.LASF18:
 855 0243 78636667 		.ascii	"xcfg\000"
 855      00
 856              	.LASF2:
 857 0248 73686F72 		.ascii	"short int\000"
 857      7420696E 
 857      7400
 858              	.LASF4:
 859 0252 6C6F6E67 		.ascii	"long int\000"
 859      20696E74 
 859      00
 860              	.LASF17:
 861 025b 656E6162 		.ascii	"enableState\000"
 861      6C655374 
 861      61746500 
 862              	.LASF22:
 863 0267 455A4932 		.ascii	"EZI2C_Slave_RestoreConfig\000"
 863      435F536C 
 863      6176655F 
 863      52657374 
 863      6F726543 
 864              	.LASF0:
 865 0281 7369676E 		.ascii	"signed char\000"
 865      65642063 
 865      68617200 
 866              	.LASF32:
 867 028d 455A4932 		.ascii	"EZI2C_Slave_backup\000"
 867      435F536C 
 867      6176655F 
 867      6261636B 
 867      757000
 868              		.ident	"GCC: (GNU Tools for ARM Embedded Processors) 4.9.3 20150303 (release) [ARM/embedded-4_9-br
