ARM GAS  C:\Users\Tim\AppData\Local\Temp\ccWk8nEO.s 			page 1


   1              		.syntax unified
   2              		.cpu cortex-m3
   3              		.fpu softvfp
   4              		.eabi_attribute 20, 1
   5              		.eabi_attribute 21, 1
   6              		.eabi_attribute 23, 3
   7              		.eabi_attribute 24, 1
   8              		.eabi_attribute 25, 1
   9              		.eabi_attribute 26, 1
  10              		.eabi_attribute 30, 1
  11              		.eabi_attribute 34, 1
  12              		.eabi_attribute 18, 4
  13              		.thumb
  14              		.file	"Front_AMuxSeq.c"
  15              		.text
  16              	.Ltext0:
  17              		.cfi_sections	.debug_frame
  18              		.section	.text.Front_AMuxSeq_Start,"ax",%progbits
  19              		.align	2
  20              		.global	Front_AMuxSeq_Start
  21              		.thumb
  22              		.thumb_func
  23              		.type	Front_AMuxSeq_Start, %function
  24              	Front_AMuxSeq_Start:
  25              	.LFB0:
  26              		.file 1 ".\\Generated_Source\\PSoC5\\Front_AMuxSeq.c"
   1:.\Generated_Source\PSoC5/Front_AMuxSeq.c **** /*******************************************************************************
   2:.\Generated_Source\PSoC5/Front_AMuxSeq.c **** * File Name: Front_AMuxSeq.c
   3:.\Generated_Source\PSoC5/Front_AMuxSeq.c **** * Version 1.80
   4:.\Generated_Source\PSoC5/Front_AMuxSeq.c **** *
   5:.\Generated_Source\PSoC5/Front_AMuxSeq.c **** *  Description:
   6:.\Generated_Source\PSoC5/Front_AMuxSeq.c **** *    This file contains functions for the AMuxSeq.
   7:.\Generated_Source\PSoC5/Front_AMuxSeq.c **** *
   8:.\Generated_Source\PSoC5/Front_AMuxSeq.c **** *   Note:
   9:.\Generated_Source\PSoC5/Front_AMuxSeq.c **** *
  10:.\Generated_Source\PSoC5/Front_AMuxSeq.c **** *******************************************************************************
  11:.\Generated_Source\PSoC5/Front_AMuxSeq.c **** * Copyright 2008-2010, Cypress Semiconductor Corporation.  All rights reserved.
  12:.\Generated_Source\PSoC5/Front_AMuxSeq.c **** * You may use this file only in accordance with the license, terms, conditions, 
  13:.\Generated_Source\PSoC5/Front_AMuxSeq.c **** * disclaimers, and limitations in the end user license agreement accompanying 
  14:.\Generated_Source\PSoC5/Front_AMuxSeq.c **** * the software package with which this file was provided.
  15:.\Generated_Source\PSoC5/Front_AMuxSeq.c **** ********************************************************************************/
  16:.\Generated_Source\PSoC5/Front_AMuxSeq.c **** 
  17:.\Generated_Source\PSoC5/Front_AMuxSeq.c **** #include "Front_AMuxSeq.h"
  18:.\Generated_Source\PSoC5/Front_AMuxSeq.c **** 
  19:.\Generated_Source\PSoC5/Front_AMuxSeq.c **** uint8 Front_AMuxSeq_initVar = 0u;
  20:.\Generated_Source\PSoC5/Front_AMuxSeq.c **** 
  21:.\Generated_Source\PSoC5/Front_AMuxSeq.c **** 
  22:.\Generated_Source\PSoC5/Front_AMuxSeq.c **** /*******************************************************************************
  23:.\Generated_Source\PSoC5/Front_AMuxSeq.c **** * Function Name: Front_AMuxSeq_Start
  24:.\Generated_Source\PSoC5/Front_AMuxSeq.c **** ********************************************************************************
  25:.\Generated_Source\PSoC5/Front_AMuxSeq.c **** * Summary:
  26:.\Generated_Source\PSoC5/Front_AMuxSeq.c **** *  Disconnect all channels. The next time Next is called, channel 0 will be
  27:.\Generated_Source\PSoC5/Front_AMuxSeq.c **** *  connected.
  28:.\Generated_Source\PSoC5/Front_AMuxSeq.c **** *
  29:.\Generated_Source\PSoC5/Front_AMuxSeq.c **** * Parameters:
  30:.\Generated_Source\PSoC5/Front_AMuxSeq.c **** *  void
  31:.\Generated_Source\PSoC5/Front_AMuxSeq.c **** *
ARM GAS  C:\Users\Tim\AppData\Local\Temp\ccWk8nEO.s 			page 2


  32:.\Generated_Source\PSoC5/Front_AMuxSeq.c **** * Return:
  33:.\Generated_Source\PSoC5/Front_AMuxSeq.c **** *  void
  34:.\Generated_Source\PSoC5/Front_AMuxSeq.c **** *
  35:.\Generated_Source\PSoC5/Front_AMuxSeq.c **** *******************************************************************************/
  36:.\Generated_Source\PSoC5/Front_AMuxSeq.c **** void Front_AMuxSeq_Start(void)
  37:.\Generated_Source\PSoC5/Front_AMuxSeq.c **** {
  27              		.loc 1 37 0
  28              		.cfi_startproc
  29              		@ args = 0, pretend = 0, frame = 0
  30              		@ frame_needed = 0, uses_anonymous_args = 0
  31 0000 08B5     		push	{r3, lr}
  32              		.cfi_def_cfa_offset 8
  33              		.cfi_offset 3, -8
  34              		.cfi_offset 14, -4
  38:.\Generated_Source\PSoC5/Front_AMuxSeq.c ****     Front_AMuxSeq_DisconnectAll();
  35              		.loc 1 38 0
  36 0002 FFF7FEFF 		bl	Front_AMuxSeq_DisconnectAll
  37              	.LVL0:
  39:.\Generated_Source\PSoC5/Front_AMuxSeq.c ****     Front_AMuxSeq_initVar = 1u;
  38              		.loc 1 39 0
  39 0006 0122     		movs	r2, #1
  40 0008 014B     		ldr	r3, .L3
  41 000a 1A70     		strb	r2, [r3]
  42 000c 08BD     		pop	{r3, pc}
  43              	.L4:
  44 000e 00BF     		.align	2
  45              	.L3:
  46 0010 00000000 		.word	.LANCHOR0
  47              		.cfi_endproc
  48              	.LFE0:
  49              		.size	Front_AMuxSeq_Start, .-Front_AMuxSeq_Start
  50              		.section	.text.Front_AMuxSeq_Init,"ax",%progbits
  51              		.align	2
  52              		.global	Front_AMuxSeq_Init
  53              		.thumb
  54              		.thumb_func
  55              		.type	Front_AMuxSeq_Init, %function
  56              	Front_AMuxSeq_Init:
  57              	.LFB1:
  40:.\Generated_Source\PSoC5/Front_AMuxSeq.c **** }
  41:.\Generated_Source\PSoC5/Front_AMuxSeq.c **** 
  42:.\Generated_Source\PSoC5/Front_AMuxSeq.c **** 
  43:.\Generated_Source\PSoC5/Front_AMuxSeq.c **** /*******************************************************************************
  44:.\Generated_Source\PSoC5/Front_AMuxSeq.c **** * Function Name: Front_AMuxSeq_Init
  45:.\Generated_Source\PSoC5/Front_AMuxSeq.c **** ********************************************************************************
  46:.\Generated_Source\PSoC5/Front_AMuxSeq.c **** * Summary:
  47:.\Generated_Source\PSoC5/Front_AMuxSeq.c **** *  Disconnect all channels. The next time Next is called, channel 0 will be
  48:.\Generated_Source\PSoC5/Front_AMuxSeq.c **** *  connected.
  49:.\Generated_Source\PSoC5/Front_AMuxSeq.c **** *
  50:.\Generated_Source\PSoC5/Front_AMuxSeq.c **** * Parameters:
  51:.\Generated_Source\PSoC5/Front_AMuxSeq.c **** *  void
  52:.\Generated_Source\PSoC5/Front_AMuxSeq.c **** *
  53:.\Generated_Source\PSoC5/Front_AMuxSeq.c **** * Return:
  54:.\Generated_Source\PSoC5/Front_AMuxSeq.c **** *  void
  55:.\Generated_Source\PSoC5/Front_AMuxSeq.c **** *
  56:.\Generated_Source\PSoC5/Front_AMuxSeq.c **** *******************************************************************************/
  57:.\Generated_Source\PSoC5/Front_AMuxSeq.c **** void Front_AMuxSeq_Init(void)
ARM GAS  C:\Users\Tim\AppData\Local\Temp\ccWk8nEO.s 			page 3


  58:.\Generated_Source\PSoC5/Front_AMuxSeq.c **** {
  58              		.loc 1 58 0
  59              		.cfi_startproc
  60              		@ args = 0, pretend = 0, frame = 0
  61              		@ frame_needed = 0, uses_anonymous_args = 0
  62 0000 08B5     		push	{r3, lr}
  63              		.cfi_def_cfa_offset 8
  64              		.cfi_offset 3, -8
  65              		.cfi_offset 14, -4
  59:.\Generated_Source\PSoC5/Front_AMuxSeq.c ****     Front_AMuxSeq_DisconnectAll();
  66              		.loc 1 59 0
  67 0002 FFF7FEFF 		bl	Front_AMuxSeq_DisconnectAll
  68              	.LVL1:
  69 0006 08BD     		pop	{r3, pc}
  70              		.cfi_endproc
  71              	.LFE1:
  72              		.size	Front_AMuxSeq_Init, .-Front_AMuxSeq_Init
  73              		.section	.text.Front_AMuxSeq_Stop,"ax",%progbits
  74              		.align	2
  75              		.global	Front_AMuxSeq_Stop
  76              		.thumb
  77              		.thumb_func
  78              		.type	Front_AMuxSeq_Stop, %function
  79              	Front_AMuxSeq_Stop:
  80              	.LFB2:
  60:.\Generated_Source\PSoC5/Front_AMuxSeq.c **** }
  61:.\Generated_Source\PSoC5/Front_AMuxSeq.c **** 
  62:.\Generated_Source\PSoC5/Front_AMuxSeq.c **** 
  63:.\Generated_Source\PSoC5/Front_AMuxSeq.c **** /*******************************************************************************
  64:.\Generated_Source\PSoC5/Front_AMuxSeq.c **** * Function Name: Front_AMuxSeq_Stop
  65:.\Generated_Source\PSoC5/Front_AMuxSeq.c **** ********************************************************************************
  66:.\Generated_Source\PSoC5/Front_AMuxSeq.c **** * Summary:
  67:.\Generated_Source\PSoC5/Front_AMuxSeq.c **** *  Disconnect all channels. The next time Next is called, channel 0 will be
  68:.\Generated_Source\PSoC5/Front_AMuxSeq.c **** *  connected.
  69:.\Generated_Source\PSoC5/Front_AMuxSeq.c **** *
  70:.\Generated_Source\PSoC5/Front_AMuxSeq.c **** * Parameters:
  71:.\Generated_Source\PSoC5/Front_AMuxSeq.c **** *  void
  72:.\Generated_Source\PSoC5/Front_AMuxSeq.c **** *
  73:.\Generated_Source\PSoC5/Front_AMuxSeq.c **** * Return:
  74:.\Generated_Source\PSoC5/Front_AMuxSeq.c **** *  void
  75:.\Generated_Source\PSoC5/Front_AMuxSeq.c **** *
  76:.\Generated_Source\PSoC5/Front_AMuxSeq.c **** *******************************************************************************/
  77:.\Generated_Source\PSoC5/Front_AMuxSeq.c **** void Front_AMuxSeq_Stop(void)
  78:.\Generated_Source\PSoC5/Front_AMuxSeq.c **** {
  81              		.loc 1 78 0
  82              		.cfi_startproc
  83              		@ args = 0, pretend = 0, frame = 0
  84              		@ frame_needed = 0, uses_anonymous_args = 0
  85 0000 08B5     		push	{r3, lr}
  86              		.cfi_def_cfa_offset 8
  87              		.cfi_offset 3, -8
  88              		.cfi_offset 14, -4
  79:.\Generated_Source\PSoC5/Front_AMuxSeq.c ****     Front_AMuxSeq_DisconnectAll();
  89              		.loc 1 79 0
  90 0002 FFF7FEFF 		bl	Front_AMuxSeq_DisconnectAll
  91              	.LVL2:
  92 0006 08BD     		pop	{r3, pc}
ARM GAS  C:\Users\Tim\AppData\Local\Temp\ccWk8nEO.s 			page 4


  93              		.cfi_endproc
  94              	.LFE2:
  95              		.size	Front_AMuxSeq_Stop, .-Front_AMuxSeq_Stop
  96              		.section	.text.Front_AMuxSeq_GetChannel,"ax",%progbits
  97              		.align	2
  98              		.global	Front_AMuxSeq_GetChannel
  99              		.thumb
 100              		.thumb_func
 101              		.type	Front_AMuxSeq_GetChannel, %function
 102              	Front_AMuxSeq_GetChannel:
 103              	.LFB3:
  80:.\Generated_Source\PSoC5/Front_AMuxSeq.c **** }
  81:.\Generated_Source\PSoC5/Front_AMuxSeq.c **** 
  82:.\Generated_Source\PSoC5/Front_AMuxSeq.c **** #if (Front_AMuxSeq_MUXTYPE == Front_AMuxSeq_MUX_DIFF)
  83:.\Generated_Source\PSoC5/Front_AMuxSeq.c **** 
  84:.\Generated_Source\PSoC5/Front_AMuxSeq.c **** /*******************************************************************************
  85:.\Generated_Source\PSoC5/Front_AMuxSeq.c **** * Function Name: Front_AMuxSeq_Next
  86:.\Generated_Source\PSoC5/Front_AMuxSeq.c **** ********************************************************************************
  87:.\Generated_Source\PSoC5/Front_AMuxSeq.c **** * Summary:
  88:.\Generated_Source\PSoC5/Front_AMuxSeq.c **** *  Disconnects the previous channel and connects the next one in the sequence.
  89:.\Generated_Source\PSoC5/Front_AMuxSeq.c **** *  When Next is called for the first time after Init, Start, Enable, Stop, or
  90:.\Generated_Source\PSoC5/Front_AMuxSeq.c **** *  DisconnectAll, it connects channel 0.
  91:.\Generated_Source\PSoC5/Front_AMuxSeq.c **** *
  92:.\Generated_Source\PSoC5/Front_AMuxSeq.c **** * Parameters:
  93:.\Generated_Source\PSoC5/Front_AMuxSeq.c **** *  void
  94:.\Generated_Source\PSoC5/Front_AMuxSeq.c **** *
  95:.\Generated_Source\PSoC5/Front_AMuxSeq.c **** * Return:
  96:.\Generated_Source\PSoC5/Front_AMuxSeq.c **** *  void
  97:.\Generated_Source\PSoC5/Front_AMuxSeq.c **** *
  98:.\Generated_Source\PSoC5/Front_AMuxSeq.c **** *******************************************************************************/
  99:.\Generated_Source\PSoC5/Front_AMuxSeq.c **** void Front_AMuxSeq_Next(void)
 100:.\Generated_Source\PSoC5/Front_AMuxSeq.c **** {
 101:.\Generated_Source\PSoC5/Front_AMuxSeq.c ****     Front_AMuxSeq_CYAMUXSIDE_A_Next();
 102:.\Generated_Source\PSoC5/Front_AMuxSeq.c ****     Front_AMuxSeq_CYAMUXSIDE_B_Next();
 103:.\Generated_Source\PSoC5/Front_AMuxSeq.c **** }
 104:.\Generated_Source\PSoC5/Front_AMuxSeq.c **** 
 105:.\Generated_Source\PSoC5/Front_AMuxSeq.c **** 
 106:.\Generated_Source\PSoC5/Front_AMuxSeq.c **** /*******************************************************************************
 107:.\Generated_Source\PSoC5/Front_AMuxSeq.c **** * Function Name: Front_AMuxSeq_DisconnectAll
 108:.\Generated_Source\PSoC5/Front_AMuxSeq.c **** ********************************************************************************
 109:.\Generated_Source\PSoC5/Front_AMuxSeq.c **** * Summary:
 110:.\Generated_Source\PSoC5/Front_AMuxSeq.c **** *  This function disconnects all channels. The next time Next is called, channel
 111:.\Generated_Source\PSoC5/Front_AMuxSeq.c **** *  0 will be connected.
 112:.\Generated_Source\PSoC5/Front_AMuxSeq.c **** *
 113:.\Generated_Source\PSoC5/Front_AMuxSeq.c **** * Parameters:
 114:.\Generated_Source\PSoC5/Front_AMuxSeq.c **** *  void
 115:.\Generated_Source\PSoC5/Front_AMuxSeq.c **** *
 116:.\Generated_Source\PSoC5/Front_AMuxSeq.c **** * Return:
 117:.\Generated_Source\PSoC5/Front_AMuxSeq.c **** *  void
 118:.\Generated_Source\PSoC5/Front_AMuxSeq.c **** *
 119:.\Generated_Source\PSoC5/Front_AMuxSeq.c **** *******************************************************************************/
 120:.\Generated_Source\PSoC5/Front_AMuxSeq.c **** void Front_AMuxSeq_DisconnectAll(void)
 121:.\Generated_Source\PSoC5/Front_AMuxSeq.c **** {
 122:.\Generated_Source\PSoC5/Front_AMuxSeq.c ****     Front_AMuxSeq_CYAMUXSIDE_A_DisconnectAll();
 123:.\Generated_Source\PSoC5/Front_AMuxSeq.c ****     Front_AMuxSeq_CYAMUXSIDE_B_DisconnectAll();
 124:.\Generated_Source\PSoC5/Front_AMuxSeq.c **** }
 125:.\Generated_Source\PSoC5/Front_AMuxSeq.c **** 
ARM GAS  C:\Users\Tim\AppData\Local\Temp\ccWk8nEO.s 			page 5


 126:.\Generated_Source\PSoC5/Front_AMuxSeq.c **** 
 127:.\Generated_Source\PSoC5/Front_AMuxSeq.c **** /*******************************************************************************
 128:.\Generated_Source\PSoC5/Front_AMuxSeq.c **** * Function Name: Front_AMuxSeq_GetChannel
 129:.\Generated_Source\PSoC5/Front_AMuxSeq.c **** ********************************************************************************
 130:.\Generated_Source\PSoC5/Front_AMuxSeq.c **** * Summary:
 131:.\Generated_Source\PSoC5/Front_AMuxSeq.c **** *  The currently connected channel is retuned. If no channel is connected
 132:.\Generated_Source\PSoC5/Front_AMuxSeq.c **** *  returns -1.
 133:.\Generated_Source\PSoC5/Front_AMuxSeq.c **** *
 134:.\Generated_Source\PSoC5/Front_AMuxSeq.c **** * Parameters:
 135:.\Generated_Source\PSoC5/Front_AMuxSeq.c **** *  void
 136:.\Generated_Source\PSoC5/Front_AMuxSeq.c **** *
 137:.\Generated_Source\PSoC5/Front_AMuxSeq.c **** * Return:
 138:.\Generated_Source\PSoC5/Front_AMuxSeq.c **** *  The current channel or -1.
 139:.\Generated_Source\PSoC5/Front_AMuxSeq.c **** *
 140:.\Generated_Source\PSoC5/Front_AMuxSeq.c **** *******************************************************************************/
 141:.\Generated_Source\PSoC5/Front_AMuxSeq.c **** int8 Front_AMuxSeq_GetChannel(void)
 142:.\Generated_Source\PSoC5/Front_AMuxSeq.c **** {
 143:.\Generated_Source\PSoC5/Front_AMuxSeq.c ****     return Front_AMuxSeq_CYAMUXSIDE_A_curChannel;
 144:.\Generated_Source\PSoC5/Front_AMuxSeq.c **** }
 145:.\Generated_Source\PSoC5/Front_AMuxSeq.c **** 
 146:.\Generated_Source\PSoC5/Front_AMuxSeq.c **** #else
 147:.\Generated_Source\PSoC5/Front_AMuxSeq.c **** 
 148:.\Generated_Source\PSoC5/Front_AMuxSeq.c **** /*******************************************************************************
 149:.\Generated_Source\PSoC5/Front_AMuxSeq.c **** * Function Name: Front_AMuxSeq_GetChannel
 150:.\Generated_Source\PSoC5/Front_AMuxSeq.c **** ********************************************************************************
 151:.\Generated_Source\PSoC5/Front_AMuxSeq.c **** * Summary:
 152:.\Generated_Source\PSoC5/Front_AMuxSeq.c **** *  The currently connected channel is retuned. If no channel is connected
 153:.\Generated_Source\PSoC5/Front_AMuxSeq.c **** *  returns -1.
 154:.\Generated_Source\PSoC5/Front_AMuxSeq.c **** *
 155:.\Generated_Source\PSoC5/Front_AMuxSeq.c **** * Parameters:
 156:.\Generated_Source\PSoC5/Front_AMuxSeq.c **** *  void
 157:.\Generated_Source\PSoC5/Front_AMuxSeq.c **** *
 158:.\Generated_Source\PSoC5/Front_AMuxSeq.c **** * Return:
 159:.\Generated_Source\PSoC5/Front_AMuxSeq.c **** *  The current channel or -1.
 160:.\Generated_Source\PSoC5/Front_AMuxSeq.c **** *
 161:.\Generated_Source\PSoC5/Front_AMuxSeq.c **** *******************************************************************************/
 162:.\Generated_Source\PSoC5/Front_AMuxSeq.c **** int8 Front_AMuxSeq_GetChannel(void)
 163:.\Generated_Source\PSoC5/Front_AMuxSeq.c **** {
 104              		.loc 1 163 0
 105              		.cfi_startproc
 106              		@ args = 0, pretend = 0, frame = 0
 107              		@ frame_needed = 0, uses_anonymous_args = 0
 108              		@ link register save eliminated.
 164:.\Generated_Source\PSoC5/Front_AMuxSeq.c ****     return Front_AMuxSeq_curChannel;
 165:.\Generated_Source\PSoC5/Front_AMuxSeq.c **** }
 109              		.loc 1 165 0
 110 0000 014B     		ldr	r3, .L10
 111 0002 93F90000 		ldrsb	r0, [r3]
 112 0006 7047     		bx	lr
 113              	.L11:
 114              		.align	2
 115              	.L10:
 116 0008 00000000 		.word	Front_AMuxSeq_curChannel
 117              		.cfi_endproc
 118              	.LFE3:
 119              		.size	Front_AMuxSeq_GetChannel, .-Front_AMuxSeq_GetChannel
 120              		.global	Front_AMuxSeq_initVar
ARM GAS  C:\Users\Tim\AppData\Local\Temp\ccWk8nEO.s 			page 6


 121              		.bss
 122              		.set	.LANCHOR0,. + 0
 123              		.type	Front_AMuxSeq_initVar, %object
 124              		.size	Front_AMuxSeq_initVar, 1
 125              	Front_AMuxSeq_initVar:
 126 0000 00       		.space	1
 127              		.text
 128              	.Letext0:
 129              		.file 2 ".\\Generated_Source\\PSoC5\\cytypes.h"
 130              		.file 3 ".\\Generated_Source\\PSoC5\\cyfitter_cfg.h"
 131              		.section	.debug_info,"",%progbits
 132              	.Ldebug_info0:
 133 0000 2A010000 		.4byte	0x12a
 134 0004 0400     		.2byte	0x4
 135 0006 00000000 		.4byte	.Ldebug_abbrev0
 136 000a 04       		.byte	0x4
 137 000b 01       		.uleb128 0x1
 138 000c A6000000 		.4byte	.LASF19
 139 0010 01       		.byte	0x1
 140 0011 7F010000 		.4byte	.LASF20
 141 0015 16000000 		.4byte	.LASF21
 142 0019 00000000 		.4byte	.Ldebug_ranges0+0
 143 001d 00000000 		.4byte	0
 144 0021 00000000 		.4byte	.Ldebug_line0
 145 0025 02       		.uleb128 0x2
 146 0026 01       		.byte	0x1
 147 0027 06       		.byte	0x6
 148 0028 09020000 		.4byte	.LASF0
 149 002c 02       		.uleb128 0x2
 150 002d 01       		.byte	0x1
 151 002e 08       		.byte	0x8
 152 002f 4E000000 		.4byte	.LASF1
 153 0033 02       		.uleb128 0x2
 154 0034 02       		.byte	0x2
 155 0035 05       		.byte	0x5
 156 0036 D7010000 		.4byte	.LASF2
 157 003a 02       		.uleb128 0x2
 158 003b 02       		.byte	0x2
 159 003c 07       		.byte	0x7
 160 003d 6E000000 		.4byte	.LASF3
 161 0041 02       		.uleb128 0x2
 162 0042 04       		.byte	0x4
 163 0043 05       		.byte	0x5
 164 0044 00020000 		.4byte	.LASF4
 165 0048 02       		.uleb128 0x2
 166 0049 04       		.byte	0x4
 167 004a 07       		.byte	0x7
 168 004b 5C000000 		.4byte	.LASF5
 169 004f 02       		.uleb128 0x2
 170 0050 08       		.byte	0x8
 171 0051 05       		.byte	0x5
 172 0052 A8010000 		.4byte	.LASF6
 173 0056 02       		.uleb128 0x2
 174 0057 08       		.byte	0x8
 175 0058 07       		.byte	0x7
 176 0059 55010000 		.4byte	.LASF7
 177 005d 03       		.uleb128 0x3
ARM GAS  C:\Users\Tim\AppData\Local\Temp\ccWk8nEO.s 			page 7


 178 005e 04       		.byte	0x4
 179 005f 05       		.byte	0x5
 180 0060 696E7400 		.ascii	"int\000"
 181 0064 02       		.uleb128 0x2
 182 0065 04       		.byte	0x4
 183 0066 07       		.byte	0x7
 184 0067 48010000 		.4byte	.LASF8
 185 006b 04       		.uleb128 0x4
 186 006c FA010000 		.4byte	.LASF9
 187 0070 02       		.byte	0x2
 188 0071 3801     		.2byte	0x138
 189 0073 2C000000 		.4byte	0x2c
 190 0077 04       		.uleb128 0x4
 191 0078 A1000000 		.4byte	.LASF10
 192 007c 02       		.byte	0x2
 193 007d 3B01     		.2byte	0x13b
 194 007f 25000000 		.4byte	0x25
 195 0083 02       		.uleb128 0x2
 196 0084 04       		.byte	0x4
 197 0085 04       		.byte	0x4
 198 0086 48000000 		.4byte	.LASF11
 199 008a 02       		.uleb128 0x2
 200 008b 08       		.byte	0x8
 201 008c 04       		.byte	0x4
 202 008d 9A000000 		.4byte	.LASF12
 203 0091 02       		.uleb128 0x2
 204 0092 01       		.byte	0x1
 205 0093 08       		.byte	0x8
 206 0094 B6010000 		.4byte	.LASF13
 207 0098 05       		.uleb128 0x5
 208 0099 34010000 		.4byte	.LASF14
 209 009d 01       		.byte	0x1
 210 009e 24       		.byte	0x24
 211 009f 00000000 		.4byte	.LFB0
 212 00a3 14000000 		.4byte	.LFE0-.LFB0
 213 00a7 01       		.uleb128 0x1
 214 00a8 9C       		.byte	0x9c
 215 00a9 B7000000 		.4byte	0xb7
 216 00ad 06       		.uleb128 0x6
 217 00ae 06000000 		.4byte	.LVL0
 218 00b2 26010000 		.4byte	0x126
 219 00b6 00       		.byte	0
 220 00b7 05       		.uleb128 0x5
 221 00b8 6C010000 		.4byte	.LASF15
 222 00bc 01       		.byte	0x1
 223 00bd 39       		.byte	0x39
 224 00be 00000000 		.4byte	.LFB1
 225 00c2 08000000 		.4byte	.LFE1-.LFB1
 226 00c6 01       		.uleb128 0x1
 227 00c7 9C       		.byte	0x9c
 228 00c8 D6000000 		.4byte	0xd6
 229 00cc 06       		.uleb128 0x6
 230 00cd 06000000 		.4byte	.LVL1
 231 00d1 26010000 		.4byte	0x126
 232 00d5 00       		.byte	0
 233 00d6 05       		.uleb128 0x5
 234 00d7 15020000 		.4byte	.LASF16
ARM GAS  C:\Users\Tim\AppData\Local\Temp\ccWk8nEO.s 			page 8


 235 00db 01       		.byte	0x1
 236 00dc 4D       		.byte	0x4d
 237 00dd 00000000 		.4byte	.LFB2
 238 00e1 08000000 		.4byte	.LFE2-.LFB2
 239 00e5 01       		.uleb128 0x1
 240 00e6 9C       		.byte	0x9c
 241 00e7 F5000000 		.4byte	0xf5
 242 00eb 06       		.uleb128 0x6
 243 00ec 06000000 		.4byte	.LVL2
 244 00f0 26010000 		.4byte	0x126
 245 00f4 00       		.byte	0
 246 00f5 07       		.uleb128 0x7
 247 00f6 E1010000 		.4byte	.LASF22
 248 00fa 01       		.byte	0x1
 249 00fb A2       		.byte	0xa2
 250 00fc 77000000 		.4byte	0x77
 251 0100 00000000 		.4byte	.LFB3
 252 0104 0C000000 		.4byte	.LFE3-.LFB3
 253 0108 01       		.uleb128 0x1
 254 0109 9C       		.byte	0x9c
 255 010a 08       		.uleb128 0x8
 256 010b 81000000 		.4byte	.LASF17
 257 010f 03       		.byte	0x3
 258 0110 1C       		.byte	0x1c
 259 0111 77000000 		.4byte	0x77
 260 0115 09       		.uleb128 0x9
 261 0116 00000000 		.4byte	.LASF18
 262 011a 01       		.byte	0x1
 263 011b 13       		.byte	0x13
 264 011c 6B000000 		.4byte	0x6b
 265 0120 05       		.uleb128 0x5
 266 0121 03       		.byte	0x3
 267 0122 00000000 		.4byte	Front_AMuxSeq_initVar
 268 0126 0A       		.uleb128 0xa
 269 0127 BB010000 		.4byte	.LASF23
 270 012b 03       		.byte	0x3
 271 012c 1A       		.byte	0x1a
 272 012d 00       		.byte	0
 273              		.section	.debug_abbrev,"",%progbits
 274              	.Ldebug_abbrev0:
 275 0000 01       		.uleb128 0x1
 276 0001 11       		.uleb128 0x11
 277 0002 01       		.byte	0x1
 278 0003 25       		.uleb128 0x25
 279 0004 0E       		.uleb128 0xe
 280 0005 13       		.uleb128 0x13
 281 0006 0B       		.uleb128 0xb
 282 0007 03       		.uleb128 0x3
 283 0008 0E       		.uleb128 0xe
 284 0009 1B       		.uleb128 0x1b
 285 000a 0E       		.uleb128 0xe
 286 000b 55       		.uleb128 0x55
 287 000c 17       		.uleb128 0x17
 288 000d 11       		.uleb128 0x11
 289 000e 01       		.uleb128 0x1
 290 000f 10       		.uleb128 0x10
 291 0010 17       		.uleb128 0x17
ARM GAS  C:\Users\Tim\AppData\Local\Temp\ccWk8nEO.s 			page 9


 292 0011 00       		.byte	0
 293 0012 00       		.byte	0
 294 0013 02       		.uleb128 0x2
 295 0014 24       		.uleb128 0x24
 296 0015 00       		.byte	0
 297 0016 0B       		.uleb128 0xb
 298 0017 0B       		.uleb128 0xb
 299 0018 3E       		.uleb128 0x3e
 300 0019 0B       		.uleb128 0xb
 301 001a 03       		.uleb128 0x3
 302 001b 0E       		.uleb128 0xe
 303 001c 00       		.byte	0
 304 001d 00       		.byte	0
 305 001e 03       		.uleb128 0x3
 306 001f 24       		.uleb128 0x24
 307 0020 00       		.byte	0
 308 0021 0B       		.uleb128 0xb
 309 0022 0B       		.uleb128 0xb
 310 0023 3E       		.uleb128 0x3e
 311 0024 0B       		.uleb128 0xb
 312 0025 03       		.uleb128 0x3
 313 0026 08       		.uleb128 0x8
 314 0027 00       		.byte	0
 315 0028 00       		.byte	0
 316 0029 04       		.uleb128 0x4
 317 002a 16       		.uleb128 0x16
 318 002b 00       		.byte	0
 319 002c 03       		.uleb128 0x3
 320 002d 0E       		.uleb128 0xe
 321 002e 3A       		.uleb128 0x3a
 322 002f 0B       		.uleb128 0xb
 323 0030 3B       		.uleb128 0x3b
 324 0031 05       		.uleb128 0x5
 325 0032 49       		.uleb128 0x49
 326 0033 13       		.uleb128 0x13
 327 0034 00       		.byte	0
 328 0035 00       		.byte	0
 329 0036 05       		.uleb128 0x5
 330 0037 2E       		.uleb128 0x2e
 331 0038 01       		.byte	0x1
 332 0039 3F       		.uleb128 0x3f
 333 003a 19       		.uleb128 0x19
 334 003b 03       		.uleb128 0x3
 335 003c 0E       		.uleb128 0xe
 336 003d 3A       		.uleb128 0x3a
 337 003e 0B       		.uleb128 0xb
 338 003f 3B       		.uleb128 0x3b
 339 0040 0B       		.uleb128 0xb
 340 0041 27       		.uleb128 0x27
 341 0042 19       		.uleb128 0x19
 342 0043 11       		.uleb128 0x11
 343 0044 01       		.uleb128 0x1
 344 0045 12       		.uleb128 0x12
 345 0046 06       		.uleb128 0x6
 346 0047 40       		.uleb128 0x40
 347 0048 18       		.uleb128 0x18
 348 0049 9742     		.uleb128 0x2117
ARM GAS  C:\Users\Tim\AppData\Local\Temp\ccWk8nEO.s 			page 10


 349 004b 19       		.uleb128 0x19
 350 004c 01       		.uleb128 0x1
 351 004d 13       		.uleb128 0x13
 352 004e 00       		.byte	0
 353 004f 00       		.byte	0
 354 0050 06       		.uleb128 0x6
 355 0051 898201   		.uleb128 0x4109
 356 0054 00       		.byte	0
 357 0055 11       		.uleb128 0x11
 358 0056 01       		.uleb128 0x1
 359 0057 31       		.uleb128 0x31
 360 0058 13       		.uleb128 0x13
 361 0059 00       		.byte	0
 362 005a 00       		.byte	0
 363 005b 07       		.uleb128 0x7
 364 005c 2E       		.uleb128 0x2e
 365 005d 00       		.byte	0
 366 005e 3F       		.uleb128 0x3f
 367 005f 19       		.uleb128 0x19
 368 0060 03       		.uleb128 0x3
 369 0061 0E       		.uleb128 0xe
 370 0062 3A       		.uleb128 0x3a
 371 0063 0B       		.uleb128 0xb
 372 0064 3B       		.uleb128 0x3b
 373 0065 0B       		.uleb128 0xb
 374 0066 27       		.uleb128 0x27
 375 0067 19       		.uleb128 0x19
 376 0068 49       		.uleb128 0x49
 377 0069 13       		.uleb128 0x13
 378 006a 11       		.uleb128 0x11
 379 006b 01       		.uleb128 0x1
 380 006c 12       		.uleb128 0x12
 381 006d 06       		.uleb128 0x6
 382 006e 40       		.uleb128 0x40
 383 006f 18       		.uleb128 0x18
 384 0070 9742     		.uleb128 0x2117
 385 0072 19       		.uleb128 0x19
 386 0073 00       		.byte	0
 387 0074 00       		.byte	0
 388 0075 08       		.uleb128 0x8
 389 0076 34       		.uleb128 0x34
 390 0077 00       		.byte	0
 391 0078 03       		.uleb128 0x3
 392 0079 0E       		.uleb128 0xe
 393 007a 3A       		.uleb128 0x3a
 394 007b 0B       		.uleb128 0xb
 395 007c 3B       		.uleb128 0x3b
 396 007d 0B       		.uleb128 0xb
 397 007e 49       		.uleb128 0x49
 398 007f 13       		.uleb128 0x13
 399 0080 3F       		.uleb128 0x3f
 400 0081 19       		.uleb128 0x19
 401 0082 3C       		.uleb128 0x3c
 402 0083 19       		.uleb128 0x19
 403 0084 00       		.byte	0
 404 0085 00       		.byte	0
 405 0086 09       		.uleb128 0x9
ARM GAS  C:\Users\Tim\AppData\Local\Temp\ccWk8nEO.s 			page 11


 406 0087 34       		.uleb128 0x34
 407 0088 00       		.byte	0
 408 0089 03       		.uleb128 0x3
 409 008a 0E       		.uleb128 0xe
 410 008b 3A       		.uleb128 0x3a
 411 008c 0B       		.uleb128 0xb
 412 008d 3B       		.uleb128 0x3b
 413 008e 0B       		.uleb128 0xb
 414 008f 49       		.uleb128 0x49
 415 0090 13       		.uleb128 0x13
 416 0091 3F       		.uleb128 0x3f
 417 0092 19       		.uleb128 0x19
 418 0093 02       		.uleb128 0x2
 419 0094 18       		.uleb128 0x18
 420 0095 00       		.byte	0
 421 0096 00       		.byte	0
 422 0097 0A       		.uleb128 0xa
 423 0098 2E       		.uleb128 0x2e
 424 0099 00       		.byte	0
 425 009a 3F       		.uleb128 0x3f
 426 009b 19       		.uleb128 0x19
 427 009c 03       		.uleb128 0x3
 428 009d 0E       		.uleb128 0xe
 429 009e 3A       		.uleb128 0x3a
 430 009f 0B       		.uleb128 0xb
 431 00a0 3B       		.uleb128 0x3b
 432 00a1 0B       		.uleb128 0xb
 433 00a2 27       		.uleb128 0x27
 434 00a3 19       		.uleb128 0x19
 435 00a4 3C       		.uleb128 0x3c
 436 00a5 19       		.uleb128 0x19
 437 00a6 00       		.byte	0
 438 00a7 00       		.byte	0
 439 00a8 00       		.byte	0
 440              		.section	.debug_aranges,"",%progbits
 441 0000 34000000 		.4byte	0x34
 442 0004 0200     		.2byte	0x2
 443 0006 00000000 		.4byte	.Ldebug_info0
 444 000a 04       		.byte	0x4
 445 000b 00       		.byte	0
 446 000c 0000     		.2byte	0
 447 000e 0000     		.2byte	0
 448 0010 00000000 		.4byte	.LFB0
 449 0014 14000000 		.4byte	.LFE0-.LFB0
 450 0018 00000000 		.4byte	.LFB1
 451 001c 08000000 		.4byte	.LFE1-.LFB1
 452 0020 00000000 		.4byte	.LFB2
 453 0024 08000000 		.4byte	.LFE2-.LFB2
 454 0028 00000000 		.4byte	.LFB3
 455 002c 0C000000 		.4byte	.LFE3-.LFB3
 456 0030 00000000 		.4byte	0
 457 0034 00000000 		.4byte	0
 458              		.section	.debug_ranges,"",%progbits
 459              	.Ldebug_ranges0:
 460 0000 00000000 		.4byte	.LFB0
 461 0004 14000000 		.4byte	.LFE0
 462 0008 00000000 		.4byte	.LFB1
ARM GAS  C:\Users\Tim\AppData\Local\Temp\ccWk8nEO.s 			page 12


 463 000c 08000000 		.4byte	.LFE1
 464 0010 00000000 		.4byte	.LFB2
 465 0014 08000000 		.4byte	.LFE2
 466 0018 00000000 		.4byte	.LFB3
 467 001c 0C000000 		.4byte	.LFE3
 468 0020 00000000 		.4byte	0
 469 0024 00000000 		.4byte	0
 470              		.section	.debug_line,"",%progbits
 471              	.Ldebug_line0:
 472 0000 A7000000 		.section	.debug_str,"MS",%progbits,1
 472      02005E00 
 472      00000201 
 472      FB0E0D00 
 472      01010101 
 473              	.LASF18:
 474 0000 46726F6E 		.ascii	"Front_AMuxSeq_initVar\000"
 474      745F414D 
 474      75785365 
 474      715F696E 
 474      69745661 
 475              	.LASF21:
 476 0016 443A5C70 		.ascii	"D:\\projects\\ArloBot\\arlobot_freesoc\\freesoc.cyd"
 476      726F6A65 
 476      6374735C 
 476      41726C6F 
 476      426F745C 
 477 0045 736E00   		.ascii	"sn\000"
 478              	.LASF11:
 479 0048 666C6F61 		.ascii	"float\000"
 479      7400
 480              	.LASF1:
 481 004e 756E7369 		.ascii	"unsigned char\000"
 481      676E6564 
 481      20636861 
 481      7200
 482              	.LASF5:
 483 005c 6C6F6E67 		.ascii	"long unsigned int\000"
 483      20756E73 
 483      69676E65 
 483      6420696E 
 483      7400
 484              	.LASF3:
 485 006e 73686F72 		.ascii	"short unsigned int\000"
 485      7420756E 
 485      7369676E 
 485      65642069 
 485      6E7400
 486              	.LASF17:
 487 0081 46726F6E 		.ascii	"Front_AMuxSeq_curChannel\000"
 487      745F414D 
 487      75785365 
 487      715F6375 
 487      72436861 
 488              	.LASF12:
 489 009a 646F7562 		.ascii	"double\000"
 489      6C6500
 490              	.LASF10:
ARM GAS  C:\Users\Tim\AppData\Local\Temp\ccWk8nEO.s 			page 13


 491 00a1 696E7438 		.ascii	"int8\000"
 491      00
 492              	.LASF19:
 493 00a6 474E5520 		.ascii	"GNU C 4.9.3 20150303 (release) [ARM/embedded-4_9-br"
 493      4320342E 
 493      392E3320 
 493      32303135 
 493      30333033 
 494 00d9 616E6368 		.ascii	"anch revision 221220] -mcpu=cortex-m3 -mthumb -g -O"
 494      20726576 
 494      6973696F 
 494      6E203232 
 494      31323230 
 495 010c 67202D66 		.ascii	"g -ffunction-sections -ffat-lto-objects\000"
 495      66756E63 
 495      74696F6E 
 495      2D736563 
 495      74696F6E 
 496              	.LASF14:
 497 0134 46726F6E 		.ascii	"Front_AMuxSeq_Start\000"
 497      745F414D 
 497      75785365 
 497      715F5374 
 497      61727400 
 498              	.LASF8:
 499 0148 756E7369 		.ascii	"unsigned int\000"
 499      676E6564 
 499      20696E74 
 499      00
 500              	.LASF7:
 501 0155 6C6F6E67 		.ascii	"long long unsigned int\000"
 501      206C6F6E 
 501      6720756E 
 501      7369676E 
 501      65642069 
 502              	.LASF15:
 503 016c 46726F6E 		.ascii	"Front_AMuxSeq_Init\000"
 503      745F414D 
 503      75785365 
 503      715F496E 
 503      697400
 504              	.LASF20:
 505 017f 2E5C4765 		.ascii	".\\Generated_Source\\PSoC5\\Front_AMuxSeq.c\000"
 505      6E657261 
 505      7465645F 
 505      536F7572 
 505      63655C50 
 506              	.LASF6:
 507 01a8 6C6F6E67 		.ascii	"long long int\000"
 507      206C6F6E 
 507      6720696E 
 507      7400
 508              	.LASF13:
 509 01b6 63686172 		.ascii	"char\000"
 509      00
 510              	.LASF23:
 511 01bb 46726F6E 		.ascii	"Front_AMuxSeq_DisconnectAll\000"
ARM GAS  C:\Users\Tim\AppData\Local\Temp\ccWk8nEO.s 			page 14


 511      745F414D 
 511      75785365 
 511      715F4469 
 511      73636F6E 
 512              	.LASF2:
 513 01d7 73686F72 		.ascii	"short int\000"
 513      7420696E 
 513      7400
 514              	.LASF22:
 515 01e1 46726F6E 		.ascii	"Front_AMuxSeq_GetChannel\000"
 515      745F414D 
 515      75785365 
 515      715F4765 
 515      74436861 
 516              	.LASF9:
 517 01fa 75696E74 		.ascii	"uint8\000"
 517      3800
 518              	.LASF4:
 519 0200 6C6F6E67 		.ascii	"long int\000"
 519      20696E74 
 519      00
 520              	.LASF0:
 521 0209 7369676E 		.ascii	"signed char\000"
 521      65642063 
 521      68617200 
 522              	.LASF16:
 523 0215 46726F6E 		.ascii	"Front_AMuxSeq_Stop\000"
 523      745F414D 
 523      75785365 
 523      715F5374 
 523      6F7000
 524              		.ident	"GCC: (GNU Tools for ARM Embedded Processors) 4.9.3 20150303 (release) [ARM/embedded-4_9-br
