ARM GAS  C:\Users\Tim\AppData\Local\Temp\ccfp3WyF.s 			page 1


   1              		.syntax unified
   2              		.cpu cortex-m3
   3              		.fpu softvfp
   4              		.eabi_attribute 20, 1
   5              		.eabi_attribute 21, 1
   6              		.eabi_attribute 23, 3
   7              		.eabi_attribute 24, 1
   8              		.eabi_attribute 25, 1
   9              		.eabi_attribute 26, 1
  10              		.eabi_attribute 30, 1
  11              		.eabi_attribute 34, 1
  12              		.eabi_attribute 18, 4
  13              		.thumb
  14              		.file	"infrared.c"
  15              		.text
  16              	.Ltext0:
  17              		.cfi_sections	.debug_frame
  18              		.section	.text.Rear_EOS_Interrupt,"ax",%progbits
  19              		.align	2
  20              		.thumb
  21              		.thumb_func
  22              		.type	Rear_EOS_Interrupt, %function
  23              	Rear_EOS_Interrupt:
  24              	.LFB66:
  25              		.file 1 "..\\source\\infrared.c"
   1:..\source/infrared.c **** /* ========================================
   2:..\source/infrared.c ****  *
   3:..\source/infrared.c ****  * Copyright YOUR COMPANY, THE YEAR
   4:..\source/infrared.c ****  * All Rights Reserved
   5:..\source/infrared.c ****  * UNPUBLISHED, LICENSED SOFTWARE.
   6:..\source/infrared.c ****  *
   7:..\source/infrared.c ****  * CONFIDENTIAL AND PROPRIETARY INFORMATION
   8:..\source/infrared.c ****  * WHICH IS THE PROPERTY OF your company.
   9:..\source/infrared.c ****  *
  10:..\source/infrared.c ****  * ========================================
  11:..\source/infrared.c **** */
  12:..\source/infrared.c **** 
  13:..\source/infrared.c **** #include <math.h>
  14:..\source/infrared.c **** #include <stdio.h>
  15:..\source/infrared.c **** #include "config.h"
  16:..\source/infrared.c **** #include "infrared.h"
  17:..\source/infrared.c **** #include "debug.h"
  18:..\source/infrared.c **** #include "time.h"
  19:..\source/infrared.c **** #include "i2c.h"
  20:..\source/infrared.c **** #include "utils.h"
  21:..\source/infrared.c **** 
  22:..\source/infrared.c **** /* The Sharp IR sensors have a range of 10 to 80 cm.  Working backward, this limits the ADC values 
  23:..\source/infrared.c **** 
  24:..\source/infrared.c **** ADC    Voltage        Pow          cm           mm
  25:..\source/infrared.c **** 327  0.399169922  2.875203044  80.10315682  801.0315682
  26:..\source/infrared.c **** 350  0.427246094  2.659011307  74.08005503  740.8005503
  27:..\source/infrared.c **** 375  0.457763672  2.456192932  68.42953508  684.2953508
  28:..\source/infrared.c **** ...
  29:..\source/infrared.c **** 1950 2.380371094  0.368857512  10.27637027  102.7637027
  30:..\source/infrared.c **** 1995 2.435302734  0.359305694  10.01025665  100.1025665
  31:..\source/infrared.c ****  */
  32:..\source/infrared.c **** #define ADC_MIN_VALUE (327)
ARM GAS  C:\Users\Tim\AppData\Local\Temp\ccfp3WyF.s 			page 2


  33:..\source/infrared.c **** #define ADC_MAX_VALUE (1995)
  34:..\source/infrared.c **** 
  35:..\source/infrared.c **** /* Interpolation equation and constants taken from here: 
  36:..\source/infrared.c ****        https://www.tindie.com/products/upgradeindustries/sharp-10-80cm-infrared-distance-sensor-gp2
  37:..\source/infrared.c ****  */
  38:..\source/infrared.c **** #define SHARP_IR_SENSOR_INTERPOLATION_CONST_1 (27.86)
  39:..\source/infrared.c **** #define SHARP_IR_SENSOR_INTERPOLATION_CONST_2 (-1.15)
  40:..\source/infrared.c **** 
  41:..\source/infrared.c **** #define CALCULATE_DISTANCE(voltage) ((uint8) (SHARP_IR_SENSOR_INTERPOLATION_CONST_1 * pow(voltage, 
  42:..\source/infrared.c **** 
  43:..\source/infrared.c **** /* Two interrupts are used: EOS (end-of-sampling) and EOC (end-of-conversion)
  44:..\source/infrared.c **** 
  45:..\source/infrared.c ****     - The EOS interrupt occurs before the EOC interrupt
  46:..\source/infrared.c ****     - The ADC sampling can be changed while the previous conversion is being performed
  47:..\source/infrared.c ****     - When the EOS interrupt occurs, the mux is switched to the next change for sampling which give
  48:..\source/infrared.c ****       overlap between sampling and conversion.
  49:..\source/infrared.c ****     - The EOS interrupt advanced the mux channel, so when the EOC interrupt occurs, it is necessary
  50:..\source/infrared.c ****       channel.
  51:..\source/infrared.c **** 
  52:..\source/infrared.c **** */
  53:..\source/infrared.c **** static uint8 rear_adc_last_channel;
  54:..\source/infrared.c **** static uint8 front_adc_last_channel;
  55:..\source/infrared.c **** 
  56:..\source/infrared.c **** static CY_ISR(Front_EOC_Interrupt)
  57:..\source/infrared.c **** /* This interrupt occurs when the ADC completes the conversion
  58:..\source/infrared.c ****        Clear the interrupt
  59:..\source/infrared.c ****        Read value from ADC
  60:..\source/infrared.c ****        Calculate distance
  61:..\source/infrared.c ****        Store distance
  62:..\source/infrared.c ****  */
  63:..\source/infrared.c **** {
  64:..\source/infrared.c ****     Front_ADC_SAR_IRQ_ClearPending();
  65:..\source/infrared.c ****     
  66:..\source/infrared.c ****     int16 counts = Front_ADC_SAR_GetResult16();
  67:..\source/infrared.c ****     float voltage = Front_ADC_SAR_CountsTo_Volts(counts);    
  68:..\source/infrared.c ****     voltage = constrain(voltage, ADC_MIN_VALUE, ADC_MAX_VALUE);
  69:..\source/infrared.c ****     uint8 distance = CALCULATE_DISTANCE(voltage);
  70:..\source/infrared.c ****     I2c_WriteFrontInfraredDistance(front_adc_last_channel, distance);    
  71:..\source/infrared.c **** }
  72:..\source/infrared.c **** 
  73:..\source/infrared.c **** static CY_ISR(Rear_EOC_Interrupt)
  74:..\source/infrared.c **** /* This interrupt occurs when the ADC completes the conversion
  75:..\source/infrared.c ****        Clear the interrupt
  76:..\source/infrared.c ****        Read value from ADC
  77:..\source/infrared.c ****        Calculate distance
  78:..\source/infrared.c ****        Store distance
  79:..\source/infrared.c ****  */
  80:..\source/infrared.c **** {
  81:..\source/infrared.c ****     Rear_ADC_SAR_IRQ_ClearPending();
  82:..\source/infrared.c ****     
  83:..\source/infrared.c ****     int16 counts = Rear_ADC_SAR_GetResult16();
  84:..\source/infrared.c ****     float voltage = Rear_ADC_SAR_CountsTo_Volts(counts);
  85:..\source/infrared.c ****     voltage = constrain(voltage, ADC_MIN_VALUE, ADC_MAX_VALUE);
  86:..\source/infrared.c ****     uint8 distance = CALCULATE_DISTANCE(voltage);
  87:..\source/infrared.c ****     I2c_WriteRearInfraredDistance(rear_adc_last_channel, distance);    
  88:..\source/infrared.c **** }
  89:..\source/infrared.c **** 
ARM GAS  C:\Users\Tim\AppData\Local\Temp\ccfp3WyF.s 			page 3


  90:..\source/infrared.c **** static CY_ISR(Front_EOS_Interrupt)
  91:..\source/infrared.c **** /* This interrupt occurs when the ADC finishes sampling the input
  92:..\source/infrared.c ****        Clear the interrupt
  93:..\source/infrared.c ****        Save the current channel so the EOC interrupt can read the correct channel
  94:..\source/infrared.c ****        Connect to the next channel
  95:..\source/infrared.c ****        Start ADC conversion
  96:..\source/infrared.c ****  */
  97:..\source/infrared.c **** {
  98:..\source/infrared.c ****     Front_EOS_Intr_ClearPending();
  99:..\source/infrared.c ****     front_adc_last_channel = Front_AMuxSeq_GetChannel();
 100:..\source/infrared.c ****     Front_AMuxSeq_Next();
 101:..\source/infrared.c ****     Front_ADC_SAR_StartConvert();
 102:..\source/infrared.c **** }
 103:..\source/infrared.c **** 
 104:..\source/infrared.c **** static CY_ISR(Rear_EOS_Interrupt)
 105:..\source/infrared.c **** /* This interrupt occurs when the ADC finishes sampling the input
 106:..\source/infrared.c ****        Clear the interrupt
 107:..\source/infrared.c ****        Save the current channel so the EOC interrupt can read the correct channel
 108:..\source/infrared.c ****        Connect to the next channel
 109:..\source/infrared.c ****        Start ADC conversion
 110:..\source/infrared.c ****  */
 111:..\source/infrared.c **** {
  26              		.loc 1 111 0
  27              		.cfi_startproc
  28              		@ args = 0, pretend = 0, frame = 0
  29              		@ frame_needed = 0, uses_anonymous_args = 0
  30 0000 08B5     		push	{r3, lr}
  31              		.cfi_def_cfa_offset 8
  32              		.cfi_offset 3, -8
  33              		.cfi_offset 14, -4
 112:..\source/infrared.c ****     Rear_EOS_Intr_ClearPending();
  34              		.loc 1 112 0
  35 0002 FFF7FEFF 		bl	Rear_EOS_Intr_ClearPending
  36              	.LVL0:
 113:..\source/infrared.c ****     rear_adc_last_channel = Rear_AMuxSeq_GetChannel();
  37              		.loc 1 113 0
  38 0006 FFF7FEFF 		bl	Rear_AMuxSeq_GetChannel
  39              	.LVL1:
  40 000a 034B     		ldr	r3, .L3
  41 000c 1870     		strb	r0, [r3]
 114:..\source/infrared.c ****     Rear_AMuxSeq_Next();
  42              		.loc 1 114 0
  43 000e FFF7FEFF 		bl	Rear_AMuxSeq_Next
  44              	.LVL2:
 115:..\source/infrared.c ****     Rear_ADC_SAR_StartConvert();
  45              		.loc 1 115 0
  46 0012 FFF7FEFF 		bl	Rear_ADC_SAR_StartConvert
  47              	.LVL3:
  48 0016 08BD     		pop	{r3, pc}
  49              	.L4:
  50              		.align	2
  51              	.L3:
  52 0018 00000000 		.word	.LANCHOR0
  53              		.cfi_endproc
  54              	.LFE66:
  55              		.size	Rear_EOS_Interrupt, .-Rear_EOS_Interrupt
  56              		.section	.text.Front_EOS_Interrupt,"ax",%progbits
ARM GAS  C:\Users\Tim\AppData\Local\Temp\ccfp3WyF.s 			page 4


  57              		.align	2
  58              		.thumb
  59              		.thumb_func
  60              		.type	Front_EOS_Interrupt, %function
  61              	Front_EOS_Interrupt:
  62              	.LFB65:
  97:..\source/infrared.c ****     Front_EOS_Intr_ClearPending();
  63              		.loc 1 97 0
  64              		.cfi_startproc
  65              		@ args = 0, pretend = 0, frame = 0
  66              		@ frame_needed = 0, uses_anonymous_args = 0
  67 0000 08B5     		push	{r3, lr}
  68              		.cfi_def_cfa_offset 8
  69              		.cfi_offset 3, -8
  70              		.cfi_offset 14, -4
  98:..\source/infrared.c ****     front_adc_last_channel = Front_AMuxSeq_GetChannel();
  71              		.loc 1 98 0
  72 0002 FFF7FEFF 		bl	Front_EOS_Intr_ClearPending
  73              	.LVL4:
  99:..\source/infrared.c ****     Front_AMuxSeq_Next();
  74              		.loc 1 99 0
  75 0006 FFF7FEFF 		bl	Front_AMuxSeq_GetChannel
  76              	.LVL5:
  77 000a 034B     		ldr	r3, .L7
  78 000c 5870     		strb	r0, [r3, #1]
 100:..\source/infrared.c ****     Front_ADC_SAR_StartConvert();
  79              		.loc 1 100 0
  80 000e FFF7FEFF 		bl	Front_AMuxSeq_Next
  81              	.LVL6:
 101:..\source/infrared.c **** }
  82              		.loc 1 101 0
  83 0012 FFF7FEFF 		bl	Front_ADC_SAR_StartConvert
  84              	.LVL7:
  85 0016 08BD     		pop	{r3, pc}
  86              	.L8:
  87              		.align	2
  88              	.L7:
  89 0018 00000000 		.word	.LANCHOR0
  90              		.cfi_endproc
  91              	.LFE65:
  92              		.size	Front_EOS_Interrupt, .-Front_EOS_Interrupt
  93              		.global	__aeabi_fcmpgt
  94              		.global	__aeabi_fcmplt
  95              		.global	__aeabi_f2d
  96              		.global	__aeabi_dmul
  97              		.global	__aeabi_d2uiz
  98              		.section	.text.Rear_EOC_Interrupt,"ax",%progbits
  99              		.align	2
 100              		.thumb
 101              		.thumb_func
 102              		.type	Rear_EOC_Interrupt, %function
 103              	Rear_EOC_Interrupt:
 104              	.LFB64:
  80:..\source/infrared.c ****     Rear_ADC_SAR_IRQ_ClearPending();
 105              		.loc 1 80 0
 106              		.cfi_startproc
 107              		@ args = 0, pretend = 0, frame = 0
ARM GAS  C:\Users\Tim\AppData\Local\Temp\ccfp3WyF.s 			page 5


 108              		@ frame_needed = 0, uses_anonymous_args = 0
 109 0000 38B5     		push	{r3, r4, r5, lr}
 110              		.cfi_def_cfa_offset 16
 111              		.cfi_offset 3, -16
 112              		.cfi_offset 4, -12
 113              		.cfi_offset 5, -8
 114              		.cfi_offset 14, -4
  81:..\source/infrared.c ****     
 115              		.loc 1 81 0
 116 0002 FFF7FEFF 		bl	Rear_ADC_SAR_IRQ_ClearPending
 117              	.LVL8:
  83:..\source/infrared.c ****     float voltage = Rear_ADC_SAR_CountsTo_Volts(counts);
 118              		.loc 1 83 0
 119 0006 FFF7FEFF 		bl	Rear_ADC_SAR_GetResult16
 120              	.LVL9:
  84:..\source/infrared.c ****     voltage = constrain(voltage, ADC_MIN_VALUE, ADC_MAX_VALUE);
 121              		.loc 1 84 0
 122 000a FFF7FEFF 		bl	Rear_ADC_SAR_CountsTo_Volts
 123              	.LVL10:
 124 000e 0446     		mov	r4, r0
 125              	.LVL11:
  85:..\source/infrared.c ****     uint8 distance = CALCULATE_DISTANCE(voltage);
 126              		.loc 1 85 0
 127 0010 1B49     		ldr	r1, .L20+16
 128 0012 FFF7FEFF 		bl	__aeabi_fcmpgt
 129              	.LVL12:
 130 0016 50B1     		cbz	r0, .L18
  85:..\source/infrared.c ****     uint8 distance = CALCULATE_DISTANCE(voltage);
 131              		.loc 1 85 0 is_stmt 0 discriminator 1
 132 0018 4FF00105 		mov	r5, #1
 133 001c 2046     		mov	r0, r4
 134 001e 1949     		ldr	r1, .L20+20
 135 0020 FFF7FEFF 		bl	__aeabi_fcmplt
 136              	.LVL13:
 137 0024 08B9     		cbnz	r0, .L12
 138 0026 4FF00005 		mov	r5, #0
 139              	.L12:
 140 002a EBB2     		uxtb	r3, r5
 141 002c 00E0     		b	.L10
 142              	.L18:
  85:..\source/infrared.c ****     uint8 distance = CALCULATE_DISTANCE(voltage);
 143              		.loc 1 85 0
 144 002e 0123     		movs	r3, #1
 145              	.L10:
  85:..\source/infrared.c ****     uint8 distance = CALCULATE_DISTANCE(voltage);
 146              		.loc 1 85 0 discriminator 4
 147 0030 33B1     		cbz	r3, .L16
  85:..\source/infrared.c ****     uint8 distance = CALCULATE_DISTANCE(voltage);
 148              		.loc 1 85 0 discriminator 5
 149 0032 2046     		mov	r0, r4
 150 0034 1249     		ldr	r1, .L20+16
 151 0036 FFF7FEFF 		bl	__aeabi_fcmpgt
 152              	.LVL14:
 153 003a 10B9     		cbnz	r0, .L13
  85:..\source/infrared.c ****     uint8 distance = CALCULATE_DISTANCE(voltage);
 154              		.loc 1 85 0
 155 003c 104C     		ldr	r4, .L20+16
ARM GAS  C:\Users\Tim\AppData\Local\Temp\ccfp3WyF.s 			page 6


 156              	.LVL15:
 157 003e 00E0     		b	.L13
 158              	.LVL16:
 159              	.L16:
 160 0040 104C     		ldr	r4, .L20+20
 161              	.LVL17:
 162              	.L13:
  86:..\source/infrared.c ****     I2c_WriteRearInfraredDistance(rear_adc_last_channel, distance);    
 163              		.loc 1 86 0 is_stmt 1 discriminator 12
 164 0042 2046     		mov	r0, r4
 165 0044 FFF7FEFF 		bl	__aeabi_f2d
 166              	.LVL18:
 167 0048 09A3     		adr	r3, .L20
 168 004a D3E90023 		ldrd	r2, [r3]
 169 004e FFF7FEFF 		bl	pow
 170              	.LVL19:
 171 0052 09A3     		adr	r3, .L20+8
 172 0054 D3E90023 		ldrd	r2, [r3]
 173 0058 FFF7FEFF 		bl	__aeabi_dmul
 174              	.LVL20:
 175 005c FFF7FEFF 		bl	__aeabi_d2uiz
 176              	.LVL21:
 177 0060 C1B2     		uxtb	r1, r0
 178              	.LVL22:
  87:..\source/infrared.c **** }
 179              		.loc 1 87 0 discriminator 12
 180 0062 094B     		ldr	r3, .L20+24
 181 0064 1878     		ldrb	r0, [r3]	@ zero_extendqisi2
 182 0066 FFF7FEFF 		bl	I2c_WriteRearInfraredDistance
 183              	.LVL23:
 184 006a 38BD     		pop	{r3, r4, r5, pc}
 185              	.LVL24:
 186              	.L21:
 187 006c AFF30080 		.align	3
 188              	.L20:
 189 0070 66666666 		.word	1717986918
 190 0074 6666F2BF 		.word	-1074633114
 191 0078 5C8FC2F5 		.word	-171798692
 192 007c 28DC3B40 		.word	1077664808
 193 0080 0080A343 		.word	1134788608
 194 0084 0060F944 		.word	1157193728
 195 0088 00000000 		.word	.LANCHOR0
 196              		.cfi_endproc
 197              	.LFE64:
 198              		.size	Rear_EOC_Interrupt, .-Rear_EOC_Interrupt
 199 008c AFF30080 		.section	.text.Front_EOC_Interrupt,"ax",%progbits
 200              		.align	2
 201              		.thumb
 202              		.thumb_func
 203              		.type	Front_EOC_Interrupt, %function
 204              	Front_EOC_Interrupt:
 205              	.LFB63:
  63:..\source/infrared.c ****     Front_ADC_SAR_IRQ_ClearPending();
 206              		.loc 1 63 0
 207              		.cfi_startproc
 208              		@ args = 0, pretend = 0, frame = 0
 209              		@ frame_needed = 0, uses_anonymous_args = 0
ARM GAS  C:\Users\Tim\AppData\Local\Temp\ccfp3WyF.s 			page 7


 210 0000 38B5     		push	{r3, r4, r5, lr}
 211              		.cfi_def_cfa_offset 16
 212              		.cfi_offset 3, -16
 213              		.cfi_offset 4, -12
 214              		.cfi_offset 5, -8
 215              		.cfi_offset 14, -4
  64:..\source/infrared.c ****     
 216              		.loc 1 64 0
 217 0002 FFF7FEFF 		bl	Front_ADC_SAR_IRQ_ClearPending
 218              	.LVL25:
  66:..\source/infrared.c ****     float voltage = Front_ADC_SAR_CountsTo_Volts(counts);    
 219              		.loc 1 66 0
 220 0006 FFF7FEFF 		bl	Front_ADC_SAR_GetResult16
 221              	.LVL26:
  67:..\source/infrared.c ****     voltage = constrain(voltage, ADC_MIN_VALUE, ADC_MAX_VALUE);
 222              		.loc 1 67 0
 223 000a FFF7FEFF 		bl	Front_ADC_SAR_CountsTo_Volts
 224              	.LVL27:
 225 000e 0446     		mov	r4, r0
 226              	.LVL28:
  68:..\source/infrared.c ****     uint8 distance = CALCULATE_DISTANCE(voltage);
 227              		.loc 1 68 0
 228 0010 1B49     		ldr	r1, .L33+16
 229 0012 FFF7FEFF 		bl	__aeabi_fcmpgt
 230              	.LVL29:
 231 0016 50B1     		cbz	r0, .L31
  68:..\source/infrared.c ****     uint8 distance = CALCULATE_DISTANCE(voltage);
 232              		.loc 1 68 0 is_stmt 0 discriminator 1
 233 0018 4FF00105 		mov	r5, #1
 234 001c 2046     		mov	r0, r4
 235 001e 1949     		ldr	r1, .L33+20
 236 0020 FFF7FEFF 		bl	__aeabi_fcmplt
 237              	.LVL30:
 238 0024 08B9     		cbnz	r0, .L25
 239 0026 4FF00005 		mov	r5, #0
 240              	.L25:
 241 002a EBB2     		uxtb	r3, r5
 242 002c 00E0     		b	.L23
 243              	.L31:
  68:..\source/infrared.c ****     uint8 distance = CALCULATE_DISTANCE(voltage);
 244              		.loc 1 68 0
 245 002e 0123     		movs	r3, #1
 246              	.L23:
  68:..\source/infrared.c ****     uint8 distance = CALCULATE_DISTANCE(voltage);
 247              		.loc 1 68 0 discriminator 4
 248 0030 33B1     		cbz	r3, .L29
  68:..\source/infrared.c ****     uint8 distance = CALCULATE_DISTANCE(voltage);
 249              		.loc 1 68 0 discriminator 5
 250 0032 2046     		mov	r0, r4
 251 0034 1249     		ldr	r1, .L33+16
 252 0036 FFF7FEFF 		bl	__aeabi_fcmpgt
 253              	.LVL31:
 254 003a 10B9     		cbnz	r0, .L26
  68:..\source/infrared.c ****     uint8 distance = CALCULATE_DISTANCE(voltage);
 255              		.loc 1 68 0
 256 003c 104C     		ldr	r4, .L33+16
 257              	.LVL32:
ARM GAS  C:\Users\Tim\AppData\Local\Temp\ccfp3WyF.s 			page 8


 258 003e 00E0     		b	.L26
 259              	.LVL33:
 260              	.L29:
 261 0040 104C     		ldr	r4, .L33+20
 262              	.LVL34:
 263              	.L26:
  69:..\source/infrared.c ****     I2c_WriteFrontInfraredDistance(front_adc_last_channel, distance);    
 264              		.loc 1 69 0 is_stmt 1 discriminator 12
 265 0042 2046     		mov	r0, r4
 266 0044 FFF7FEFF 		bl	__aeabi_f2d
 267              	.LVL35:
 268 0048 09A3     		adr	r3, .L33
 269 004a D3E90023 		ldrd	r2, [r3]
 270 004e FFF7FEFF 		bl	pow
 271              	.LVL36:
 272 0052 09A3     		adr	r3, .L33+8
 273 0054 D3E90023 		ldrd	r2, [r3]
 274 0058 FFF7FEFF 		bl	__aeabi_dmul
 275              	.LVL37:
 276 005c FFF7FEFF 		bl	__aeabi_d2uiz
 277              	.LVL38:
 278 0060 C1B2     		uxtb	r1, r0
 279              	.LVL39:
  70:..\source/infrared.c **** }
 280              		.loc 1 70 0 discriminator 12
 281 0062 094B     		ldr	r3, .L33+24
 282 0064 5878     		ldrb	r0, [r3, #1]	@ zero_extendqisi2
 283 0066 FFF7FEFF 		bl	I2c_WriteFrontInfraredDistance
 284              	.LVL40:
 285 006a 38BD     		pop	{r3, r4, r5, pc}
 286              	.LVL41:
 287              	.L34:
 288 006c AFF30080 		.align	3
 289              	.L33:
 290 0070 66666666 		.word	1717986918
 291 0074 6666F2BF 		.word	-1074633114
 292 0078 5C8FC2F5 		.word	-171798692
 293 007c 28DC3B40 		.word	1077664808
 294 0080 0080A343 		.word	1134788608
 295 0084 0060F944 		.word	1157193728
 296 0088 00000000 		.word	.LANCHOR0
 297              		.cfi_endproc
 298              	.LFE63:
 299              		.size	Front_EOC_Interrupt, .-Front_EOC_Interrupt
 300 008c AFF30080 		.section	.text.Infrared_Init,"ax",%progbits
 301              		.align	2
 302              		.global	Infrared_Init
 303              		.thumb
 304              		.thumb_func
 305              		.type	Infrared_Init, %function
 306              	Infrared_Init:
 307              	.LFB67:
 116:..\source/infrared.c **** }
 117:..\source/infrared.c **** 
 118:..\source/infrared.c **** void Infrared_Init()
 119:..\source/infrared.c **** {
 308              		.loc 1 119 0
ARM GAS  C:\Users\Tim\AppData\Local\Temp\ccfp3WyF.s 			page 9


 309              		.cfi_startproc
 310              		@ args = 0, pretend = 0, frame = 0
 311              		@ frame_needed = 0, uses_anonymous_args = 0
 312 0000 08B5     		push	{r3, lr}
 313              		.cfi_def_cfa_offset 8
 314              		.cfi_offset 3, -8
 315              		.cfi_offset 14, -4
 120:..\source/infrared.c ****     Front_AMuxSeq_DisconnectAll();
 316              		.loc 1 120 0
 317 0002 FFF7FEFF 		bl	Front_AMuxSeq_DisconnectAll
 318              	.LVL42:
 121:..\source/infrared.c ****     Rear_AMuxSeq_DisconnectAll();
 319              		.loc 1 121 0
 320 0006 FFF7FEFF 		bl	Rear_AMuxSeq_DisconnectAll
 321              	.LVL43:
 322 000a 08BD     		pop	{r3, pc}
 323              		.cfi_endproc
 324              	.LFE67:
 325              		.size	Infrared_Init, .-Infrared_Init
 326              		.section	.text.Infrared_Start,"ax",%progbits
 327              		.align	2
 328              		.global	Infrared_Start
 329              		.thumb
 330              		.thumb_func
 331              		.type	Infrared_Start, %function
 332              	Infrared_Start:
 333              	.LFB68:
 122:..\source/infrared.c **** }
 123:..\source/infrared.c **** 
 124:..\source/infrared.c **** void Infrared_Start()
 125:..\source/infrared.c **** {
 334              		.loc 1 125 0
 335              		.cfi_startproc
 336              		@ args = 0, pretend = 0, frame = 0
 337              		@ frame_needed = 0, uses_anonymous_args = 0
 338 0000 08B5     		push	{r3, lr}
 339              		.cfi_def_cfa_offset 8
 340              		.cfi_offset 3, -8
 341              		.cfi_offset 14, -4
 126:..\source/infrared.c ****     Front_ADC_SAR_IRQ_StartEx(Front_EOC_Interrupt);
 342              		.loc 1 126 0
 343 0002 0E48     		ldr	r0, .L39
 344 0004 FFF7FEFF 		bl	Front_ADC_SAR_IRQ_StartEx
 345              	.LVL44:
 127:..\source/infrared.c ****     Rear_ADC_SAR_IRQ_StartEx(Rear_EOC_Interrupt);
 346              		.loc 1 127 0
 347 0008 0D48     		ldr	r0, .L39+4
 348 000a FFF7FEFF 		bl	Rear_ADC_SAR_IRQ_StartEx
 349              	.LVL45:
 128:..\source/infrared.c ****     
 129:..\source/infrared.c ****     Front_EOS_Intr_StartEx(Front_EOS_Interrupt);
 350              		.loc 1 129 0
 351 000e 0D48     		ldr	r0, .L39+8
 352 0010 FFF7FEFF 		bl	Front_EOS_Intr_StartEx
 353              	.LVL46:
 130:..\source/infrared.c ****     Rear_EOS_Intr_StartEx(Rear_EOS_Interrupt);
 354              		.loc 1 130 0
ARM GAS  C:\Users\Tim\AppData\Local\Temp\ccfp3WyF.s 			page 10


 355 0014 0C48     		ldr	r0, .L39+12
 356 0016 FFF7FEFF 		bl	Rear_EOS_Intr_StartEx
 357              	.LVL47:
 131:..\source/infrared.c ****     
 132:..\source/infrared.c ****     Front_AMuxSeq_Start();
 358              		.loc 1 132 0
 359 001a FFF7FEFF 		bl	Front_AMuxSeq_Start
 360              	.LVL48:
 133:..\source/infrared.c ****     Rear_AMuxSeq_Start();
 361              		.loc 1 133 0
 362 001e FFF7FEFF 		bl	Rear_AMuxSeq_Start
 363              	.LVL49:
 134:..\source/infrared.c ****     
 135:..\source/infrared.c ****     /* Switching/connecting the Mux before starting the ADC gives additional time for settling.  Bu
 136:..\source/infrared.c ****        any difference either.
 137:..\source/infrared.c ****      */
 138:..\source/infrared.c ****     Front_AMuxSeq_Next();
 364              		.loc 1 138 0
 365 0022 FFF7FEFF 		bl	Front_AMuxSeq_Next
 366              	.LVL50:
 139:..\source/infrared.c ****     Rear_AMuxSeq_Next();
 367              		.loc 1 139 0
 368 0026 FFF7FEFF 		bl	Rear_AMuxSeq_Next
 369              	.LVL51:
 140:..\source/infrared.c ****     
 141:..\source/infrared.c ****     Front_ADC_SAR_Start();
 370              		.loc 1 141 0
 371 002a FFF7FEFF 		bl	Front_ADC_SAR_Start
 372              	.LVL52:
 142:..\source/infrared.c ****     Rear_ADC_SAR_Start();
 373              		.loc 1 142 0
 374 002e FFF7FEFF 		bl	Rear_ADC_SAR_Start
 375              	.LVL53:
 143:..\source/infrared.c ****     
 144:..\source/infrared.c ****     Front_ADC_SAR_StartConvert();
 376              		.loc 1 144 0
 377 0032 FFF7FEFF 		bl	Front_ADC_SAR_StartConvert
 378              	.LVL54:
 145:..\source/infrared.c ****     Rear_ADC_SAR_StartConvert();
 379              		.loc 1 145 0
 380 0036 FFF7FEFF 		bl	Rear_ADC_SAR_StartConvert
 381              	.LVL55:
 382 003a 08BD     		pop	{r3, pc}
 383              	.L40:
 384              		.align	2
 385              	.L39:
 386 003c 00000000 		.word	Front_EOC_Interrupt
 387 0040 00000000 		.word	Rear_EOC_Interrupt
 388 0044 00000000 		.word	Front_EOS_Interrupt
 389 0048 00000000 		.word	Rear_EOS_Interrupt
 390              		.cfi_endproc
 391              	.LFE68:
 392              		.size	Infrared_Start, .-Infrared_Start
 393              		.section	.text.Infrared_Test,"ax",%progbits
 394              		.align	2
 395              		.global	Infrared_Test
 396              		.thumb
ARM GAS  C:\Users\Tim\AppData\Local\Temp\ccfp3WyF.s 			page 11


 397              		.thumb_func
 398              		.type	Infrared_Test, %function
 399              	Infrared_Test:
 400              	.LFB69:
 146:..\source/infrared.c **** }
 147:..\source/infrared.c **** 
 148:..\source/infrared.c **** void Infrared_Test()
 149:..\source/infrared.c **** {
 401              		.loc 1 149 0
 402              		.cfi_startproc
 403              		@ args = 0, pretend = 0, frame = 0
 404              		@ frame_needed = 0, uses_anonymous_args = 0
 405              		@ link register save eliminated.
 406 0000 7047     		bx	lr
 407              		.cfi_endproc
 408              	.LFE69:
 409              		.size	Infrared_Test, .-Infrared_Test
 410              		.comm	formatted_string,256,4
 411 0002 00BF     		.bss
 412              		.set	.LANCHOR0,. + 0
 413              		.type	rear_adc_last_channel, %object
 414              		.size	rear_adc_last_channel, 1
 415              	rear_adc_last_channel:
 416 0000 00       		.space	1
 417              		.type	front_adc_last_channel, %object
 418              		.size	front_adc_last_channel, 1
 419              	front_adc_last_channel:
 420 0001 00       		.space	1
 421              		.text
 422              	.Letext0:
 423              		.file 2 "c:\\program files (x86)\\cypress\\psoc creator\\3.3\\psoc creator\\import\\gnu\\arm\\4.9.
 424              		.file 3 "c:\\program files (x86)\\cypress\\psoc creator\\3.3\\psoc creator\\import\\gnu\\arm\\4.9.
 425              		.file 4 "Generated_Source\\PSoC5/cytypes.h"
 426              		.file 5 "Generated_Source\\PSoC5/core_cm3.h"
 427              		.file 6 "..\\source\\debug.h"
 428              		.file 7 "Generated_Source\\PSoC5/Rear_EOS_Intr.h"
 429              		.file 8 "Generated_Source\\PSoC5/cyfitter_cfg.h"
 430              		.file 9 "Generated_Source\\PSoC5/Rear_ADC_SAR.h"
 431              		.file 10 "Generated_Source\\PSoC5/Front_EOS_Intr.h"
 432              		.file 11 "Generated_Source\\PSoC5/Rear_AMuxSeq.h"
 433              		.file 12 "Generated_Source\\PSoC5/Front_AMuxSeq.h"
 434              		.file 13 "Generated_Source\\PSoC5/Front_ADC_SAR.h"
 435              		.file 14 "Generated_Source\\PSoC5/Rear_ADC_SAR_IRQ.h"
 436              		.file 15 "Generated_Source\\PSoC5/Front_ADC_SAR_IRQ.h"
 437              		.file 16 "..\\source\\i2c.h"
 438              		.file 17 "c:\\program files (x86)\\cypress\\psoc creator\\3.3\\psoc creator\\import\\gnu\\arm\\4.9
 439              		.section	.debug_info,"",%progbits
 440              	.Ldebug_info0:
 441 0000 F3040000 		.4byte	0x4f3
 442 0004 0400     		.2byte	0x4
 443 0006 00000000 		.4byte	.Ldebug_abbrev0
 444 000a 04       		.byte	0x4
 445 000b 01       		.uleb128 0x1
 446 000c 70030000 		.4byte	.LASF60
 447 0010 01       		.byte	0x1
 448 0011 2B040000 		.4byte	.LASF61
 449 0015 98010000 		.4byte	.LASF62
ARM GAS  C:\Users\Tim\AppData\Local\Temp\ccfp3WyF.s 			page 12


 450 0019 00000000 		.4byte	.Ldebug_ranges0+0
 451 001d 00000000 		.4byte	0
 452 0021 00000000 		.4byte	.Ldebug_line0
 453 0025 02       		.uleb128 0x2
 454 0026 08       		.byte	0x8
 455 0027 04       		.byte	0x4
 456 0028 52040000 		.4byte	.LASF0
 457 002c 03       		.uleb128 0x3
 458 002d 04       		.byte	0x4
 459 002e 05       		.byte	0x5
 460 002f 696E7400 		.ascii	"int\000"
 461 0033 02       		.uleb128 0x2
 462 0034 04       		.byte	0x4
 463 0035 07       		.byte	0x7
 464 0036 27030000 		.4byte	.LASF1
 465 003a 02       		.uleb128 0x2
 466 003b 01       		.byte	0x1
 467 003c 06       		.byte	0x6
 468 003d 63040000 		.4byte	.LASF2
 469 0041 02       		.uleb128 0x2
 470 0042 01       		.byte	0x1
 471 0043 08       		.byte	0x8
 472 0044 4F020000 		.4byte	.LASF3
 473 0048 02       		.uleb128 0x2
 474 0049 02       		.byte	0x2
 475 004a 05       		.byte	0x5
 476 004b E1000000 		.4byte	.LASF4
 477 004f 02       		.uleb128 0x2
 478 0050 02       		.byte	0x2
 479 0051 07       		.byte	0x7
 480 0052 34030000 		.4byte	.LASF5
 481 0056 04       		.uleb128 0x4
 482 0057 59040000 		.4byte	.LASF14
 483 005b 02       		.byte	0x2
 484 005c 3F       		.byte	0x3f
 485 005d 61000000 		.4byte	0x61
 486 0061 02       		.uleb128 0x2
 487 0062 04       		.byte	0x4
 488 0063 05       		.byte	0x5
 489 0064 DD010000 		.4byte	.LASF6
 490 0068 02       		.uleb128 0x2
 491 0069 04       		.byte	0x4
 492 006a 07       		.byte	0x7
 493 006b 40040000 		.4byte	.LASF7
 494 006f 02       		.uleb128 0x2
 495 0070 08       		.byte	0x8
 496 0071 05       		.byte	0x5
 497 0072 CA010000 		.4byte	.LASF8
 498 0076 02       		.uleb128 0x2
 499 0077 08       		.byte	0x8
 500 0078 07       		.byte	0x7
 501 0079 10030000 		.4byte	.LASF9
 502 007d 02       		.uleb128 0x2
 503 007e 04       		.byte	0x4
 504 007f 07       		.byte	0x7
 505 0080 83000000 		.4byte	.LASF10
 506 0084 05       		.uleb128 0x5
ARM GAS  C:\Users\Tim\AppData\Local\Temp\ccfp3WyF.s 			page 13


 507 0085 04       		.byte	0x4
 508 0086 8A000000 		.4byte	0x8a
 509 008a 06       		.uleb128 0x6
 510 008b 02       		.uleb128 0x2
 511 008c 01       		.byte	0x1
 512 008d 08       		.byte	0x8
 513 008e 50030000 		.4byte	.LASF11
 514 0092 02       		.uleb128 0x2
 515 0093 04       		.byte	0x4
 516 0094 04       		.byte	0x4
 517 0095 7C010000 		.4byte	.LASF12
 518 0099 02       		.uleb128 0x2
 519 009a 08       		.byte	0x8
 520 009b 04       		.byte	0x4
 521 009c 7B020000 		.4byte	.LASF13
 522 00a0 04       		.uleb128 0x4
 523 00a1 08030000 		.4byte	.LASF15
 524 00a5 03       		.byte	0x3
 525 00a6 2C       		.byte	0x2c
 526 00a7 56000000 		.4byte	0x56
 527 00ab 07       		.uleb128 0x7
 528 00ac 25040000 		.4byte	.LASF16
 529 00b0 04       		.byte	0x4
 530 00b1 3801     		.2byte	0x138
 531 00b3 41000000 		.4byte	0x41
 532 00b7 07       		.uleb128 0x7
 533 00b8 D8010000 		.4byte	.LASF17
 534 00bc 04       		.byte	0x4
 535 00bd 3B01     		.2byte	0x13b
 536 00bf 3A000000 		.4byte	0x3a
 537 00c3 07       		.uleb128 0x7
 538 00c4 19010000 		.4byte	.LASF18
 539 00c8 04       		.byte	0x4
 540 00c9 3C01     		.2byte	0x13c
 541 00cb 48000000 		.4byte	0x48
 542 00cf 07       		.uleb128 0x7
 543 00d0 EE040000 		.4byte	.LASF19
 544 00d4 04       		.byte	0x4
 545 00d5 3E01     		.2byte	0x13e
 546 00d7 92000000 		.4byte	0x92
 547 00db 07       		.uleb128 0x7
 548 00dc C6020000 		.4byte	.LASF20
 549 00e0 04       		.byte	0x4
 550 00e1 F401     		.2byte	0x1f4
 551 00e3 84000000 		.4byte	0x84
 552 00e7 08       		.uleb128 0x8
 553 00e8 EE010000 		.4byte	.LASF21
 554 00ec 01       		.byte	0x1
 555 00ed 68       		.byte	0x68
 556 00ee 00000000 		.4byte	.LFB66
 557 00f2 1C000000 		.4byte	.LFE66-.LFB66
 558 00f6 01       		.uleb128 0x1
 559 00f7 9C       		.byte	0x9c
 560 00f8 21010000 		.4byte	0x121
 561 00fc 09       		.uleb128 0x9
 562 00fd 06000000 		.4byte	.LVL0
 563 0101 B4030000 		.4byte	0x3b4
ARM GAS  C:\Users\Tim\AppData\Local\Temp\ccfp3WyF.s 			page 14


 564 0105 09       		.uleb128 0x9
 565 0106 0A000000 		.4byte	.LVL1
 566 010a BB030000 		.4byte	0x3bb
 567 010e 09       		.uleb128 0x9
 568 010f 12000000 		.4byte	.LVL2
 569 0113 C6030000 		.4byte	0x3c6
 570 0117 09       		.uleb128 0x9
 571 0118 16000000 		.4byte	.LVL3
 572 011c CD030000 		.4byte	0x3cd
 573 0120 00       		.byte	0
 574 0121 08       		.uleb128 0x8
 575 0122 A6000000 		.4byte	.LASF22
 576 0126 01       		.byte	0x1
 577 0127 5A       		.byte	0x5a
 578 0128 00000000 		.4byte	.LFB65
 579 012c 1C000000 		.4byte	.LFE65-.LFB65
 580 0130 01       		.uleb128 0x1
 581 0131 9C       		.byte	0x9c
 582 0132 5B010000 		.4byte	0x15b
 583 0136 09       		.uleb128 0x9
 584 0137 06000000 		.4byte	.LVL4
 585 013b D4030000 		.4byte	0x3d4
 586 013f 09       		.uleb128 0x9
 587 0140 0A000000 		.4byte	.LVL5
 588 0144 DB030000 		.4byte	0x3db
 589 0148 09       		.uleb128 0x9
 590 0149 12000000 		.4byte	.LVL6
 591 014d E6030000 		.4byte	0x3e6
 592 0151 09       		.uleb128 0x9
 593 0152 16000000 		.4byte	.LVL7
 594 0156 ED030000 		.4byte	0x3ed
 595 015a 00       		.byte	0
 596 015b 0A       		.uleb128 0xa
 597 015c 3C020000 		.4byte	.LASF23
 598 0160 01       		.byte	0x1
 599 0161 49       		.byte	0x49
 600 0162 00000000 		.4byte	.LFB64
 601 0166 8C000000 		.4byte	.LFE64-.LFB64
 602 016a 01       		.uleb128 0x1
 603 016b 9C       		.byte	0x9c
 604 016c E4010000 		.4byte	0x1e4
 605 0170 0B       		.uleb128 0xb
 606 0171 63000000 		.4byte	.LASF24
 607 0175 01       		.byte	0x1
 608 0176 53       		.byte	0x53
 609 0177 C3000000 		.4byte	0xc3
 610 017b 00000000 		.4byte	.LLST0
 611 017f 0B       		.uleb128 0xb
 612 0180 E6010000 		.4byte	.LASF25
 613 0184 01       		.byte	0x1
 614 0185 54       		.byte	0x54
 615 0186 92000000 		.4byte	0x92
 616 018a 13000000 		.4byte	.LLST1
 617 018e 0B       		.uleb128 0xb
 618 018f 47030000 		.4byte	.LASF26
 619 0193 01       		.byte	0x1
 620 0194 56       		.byte	0x56
ARM GAS  C:\Users\Tim\AppData\Local\Temp\ccfp3WyF.s 			page 15


 621 0195 AB000000 		.4byte	0xab
 622 0199 3C000000 		.4byte	.LLST2
 623 019d 09       		.uleb128 0x9
 624 019e 06000000 		.4byte	.LVL8
 625 01a2 F4030000 		.4byte	0x3f4
 626 01a6 09       		.uleb128 0x9
 627 01a7 0A000000 		.4byte	.LVL9
 628 01ab FB030000 		.4byte	0x3fb
 629 01af 09       		.uleb128 0x9
 630 01b0 0E000000 		.4byte	.LVL10
 631 01b4 06040000 		.4byte	0x406
 632 01b8 0C       		.uleb128 0xc
 633 01b9 52000000 		.4byte	.LVL19
 634 01bd 1B040000 		.4byte	0x41b
 635 01c1 DA010000 		.4byte	0x1da
 636 01c5 0D       		.uleb128 0xd
 637 01c6 06       		.uleb128 0x6
 638 01c7 52       		.byte	0x52
 639 01c8 93       		.byte	0x93
 640 01c9 04       		.uleb128 0x4
 641 01ca 53       		.byte	0x53
 642 01cb 93       		.byte	0x93
 643 01cc 04       		.uleb128 0x4
 644 01cd 0B       		.uleb128 0xb
 645 01ce F4       		.byte	0xf4
 646 01cf 25       		.uleb128 0x25
 647 01d0 08       		.byte	0x8
 648 01d1 66666666 		.4byte	0x66666666
 649 01d5 6666F2BF 		.4byte	0xbff26666
 650 01d9 00       		.byte	0
 651 01da 09       		.uleb128 0x9
 652 01db 6A000000 		.4byte	.LVL23
 653 01df 35040000 		.4byte	0x435
 654 01e3 00       		.byte	0
 655 01e4 0A       		.uleb128 0xa
 656 01e5 BA000000 		.4byte	.LASF27
 657 01e9 01       		.byte	0x1
 658 01ea 38       		.byte	0x38
 659 01eb 00000000 		.4byte	.LFB63
 660 01ef 8C000000 		.4byte	.LFE63-.LFB63
 661 01f3 01       		.uleb128 0x1
 662 01f4 9C       		.byte	0x9c
 663 01f5 6D020000 		.4byte	0x26d
 664 01f9 0B       		.uleb128 0xb
 665 01fa 63000000 		.4byte	.LASF24
 666 01fe 01       		.byte	0x1
 667 01ff 42       		.byte	0x42
 668 0200 C3000000 		.4byte	0xc3
 669 0204 4F000000 		.4byte	.LLST3
 670 0208 0B       		.uleb128 0xb
 671 0209 E6010000 		.4byte	.LASF25
 672 020d 01       		.byte	0x1
 673 020e 43       		.byte	0x43
 674 020f 92000000 		.4byte	0x92
 675 0213 62000000 		.4byte	.LLST4
 676 0217 0B       		.uleb128 0xb
 677 0218 47030000 		.4byte	.LASF26
ARM GAS  C:\Users\Tim\AppData\Local\Temp\ccfp3WyF.s 			page 16


 678 021c 01       		.byte	0x1
 679 021d 45       		.byte	0x45
 680 021e AB000000 		.4byte	0xab
 681 0222 8B000000 		.4byte	.LLST5
 682 0226 09       		.uleb128 0x9
 683 0227 06000000 		.4byte	.LVL25
 684 022b 4B040000 		.4byte	0x44b
 685 022f 09       		.uleb128 0x9
 686 0230 0A000000 		.4byte	.LVL26
 687 0234 52040000 		.4byte	0x452
 688 0238 09       		.uleb128 0x9
 689 0239 0E000000 		.4byte	.LVL27
 690 023d 5D040000 		.4byte	0x45d
 691 0241 0C       		.uleb128 0xc
 692 0242 52000000 		.4byte	.LVL36
 693 0246 1B040000 		.4byte	0x41b
 694 024a 63020000 		.4byte	0x263
 695 024e 0D       		.uleb128 0xd
 696 024f 06       		.uleb128 0x6
 697 0250 52       		.byte	0x52
 698 0251 93       		.byte	0x93
 699 0252 04       		.uleb128 0x4
 700 0253 53       		.byte	0x53
 701 0254 93       		.byte	0x93
 702 0255 04       		.uleb128 0x4
 703 0256 0B       		.uleb128 0xb
 704 0257 F4       		.byte	0xf4
 705 0258 25       		.uleb128 0x25
 706 0259 08       		.byte	0x8
 707 025a 66666666 		.4byte	0x66666666
 708 025e 6666F2BF 		.4byte	0xbff26666
 709 0262 00       		.byte	0
 710 0263 09       		.uleb128 0x9
 711 0264 6A000000 		.4byte	.LVL40
 712 0268 72040000 		.4byte	0x472
 713 026c 00       		.byte	0
 714 026d 0E       		.uleb128 0xe
 715 026e 39000000 		.4byte	.LASF28
 716 0272 01       		.byte	0x1
 717 0273 76       		.byte	0x76
 718 0274 00000000 		.4byte	.LFB67
 719 0278 0C000000 		.4byte	.LFE67-.LFB67
 720 027c 01       		.uleb128 0x1
 721 027d 9C       		.byte	0x9c
 722 027e 95020000 		.4byte	0x295
 723 0282 09       		.uleb128 0x9
 724 0283 06000000 		.4byte	.LVL42
 725 0287 88040000 		.4byte	0x488
 726 028b 09       		.uleb128 0x9
 727 028c 0A000000 		.4byte	.LVL43
 728 0290 8F040000 		.4byte	0x48f
 729 0294 00       		.byte	0
 730 0295 0E       		.uleb128 0xe
 731 0296 B7020000 		.4byte	.LASF29
 732 029a 01       		.byte	0x1
 733 029b 7C       		.byte	0x7c
 734 029c 00000000 		.4byte	.LFB68
ARM GAS  C:\Users\Tim\AppData\Local\Temp\ccfp3WyF.s 			page 17


 735 02a0 4C000000 		.4byte	.LFE68-.LFB68
 736 02a4 01       		.uleb128 0x1
 737 02a5 9C       		.byte	0x9c
 738 02a6 4F030000 		.4byte	0x34f
 739 02aa 0C       		.uleb128 0xc
 740 02ab 08000000 		.4byte	.LVL44
 741 02af 96040000 		.4byte	0x496
 742 02b3 C1020000 		.4byte	0x2c1
 743 02b7 0D       		.uleb128 0xd
 744 02b8 01       		.uleb128 0x1
 745 02b9 50       		.byte	0x50
 746 02ba 05       		.uleb128 0x5
 747 02bb 03       		.byte	0x3
 748 02bc 00000000 		.4byte	Front_EOC_Interrupt
 749 02c0 00       		.byte	0
 750 02c1 0C       		.uleb128 0xc
 751 02c2 0E000000 		.4byte	.LVL45
 752 02c6 A7040000 		.4byte	0x4a7
 753 02ca D8020000 		.4byte	0x2d8
 754 02ce 0D       		.uleb128 0xd
 755 02cf 01       		.uleb128 0x1
 756 02d0 50       		.byte	0x50
 757 02d1 05       		.uleb128 0x5
 758 02d2 03       		.byte	0x3
 759 02d3 00000000 		.4byte	Rear_EOC_Interrupt
 760 02d7 00       		.byte	0
 761 02d8 0C       		.uleb128 0xc
 762 02d9 14000000 		.4byte	.LVL46
 763 02dd B8040000 		.4byte	0x4b8
 764 02e1 EF020000 		.4byte	0x2ef
 765 02e5 0D       		.uleb128 0xd
 766 02e6 01       		.uleb128 0x1
 767 02e7 50       		.byte	0x50
 768 02e8 05       		.uleb128 0x5
 769 02e9 03       		.byte	0x3
 770 02ea 00000000 		.4byte	Front_EOS_Interrupt
 771 02ee 00       		.byte	0
 772 02ef 0C       		.uleb128 0xc
 773 02f0 1A000000 		.4byte	.LVL47
 774 02f4 C9040000 		.4byte	0x4c9
 775 02f8 06030000 		.4byte	0x306
 776 02fc 0D       		.uleb128 0xd
 777 02fd 01       		.uleb128 0x1
 778 02fe 50       		.byte	0x50
 779 02ff 05       		.uleb128 0x5
 780 0300 03       		.byte	0x3
 781 0301 00000000 		.4byte	Rear_EOS_Interrupt
 782 0305 00       		.byte	0
 783 0306 09       		.uleb128 0x9
 784 0307 1E000000 		.4byte	.LVL48
 785 030b DA040000 		.4byte	0x4da
 786 030f 09       		.uleb128 0x9
 787 0310 22000000 		.4byte	.LVL49
 788 0314 E1040000 		.4byte	0x4e1
 789 0318 09       		.uleb128 0x9
 790 0319 26000000 		.4byte	.LVL50
 791 031d E6030000 		.4byte	0x3e6
ARM GAS  C:\Users\Tim\AppData\Local\Temp\ccfp3WyF.s 			page 18


 792 0321 09       		.uleb128 0x9
 793 0322 2A000000 		.4byte	.LVL51
 794 0326 C6030000 		.4byte	0x3c6
 795 032a 09       		.uleb128 0x9
 796 032b 2E000000 		.4byte	.LVL52
 797 032f E8040000 		.4byte	0x4e8
 798 0333 09       		.uleb128 0x9
 799 0334 32000000 		.4byte	.LVL53
 800 0338 EF040000 		.4byte	0x4ef
 801 033c 09       		.uleb128 0x9
 802 033d 36000000 		.4byte	.LVL54
 803 0341 ED030000 		.4byte	0x3ed
 804 0345 09       		.uleb128 0x9
 805 0346 3A000000 		.4byte	.LVL55
 806 034a CD030000 		.4byte	0x3cd
 807 034e 00       		.byte	0
 808 034f 0F       		.uleb128 0xf
 809 0350 17040000 		.4byte	.LASF63
 810 0354 01       		.byte	0x1
 811 0355 94       		.byte	0x94
 812 0356 00000000 		.4byte	.LFB69
 813 035a 02000000 		.4byte	.LFE69-.LFB69
 814 035e 01       		.uleb128 0x1
 815 035f 9C       		.byte	0x9c
 816 0360 10       		.uleb128 0x10
 817 0361 D3020000 		.4byte	.LASF30
 818 0365 01       		.byte	0x1
 819 0366 35       		.byte	0x35
 820 0367 AB000000 		.4byte	0xab
 821 036b 05       		.uleb128 0x5
 822 036c 03       		.byte	0x3
 823 036d 00000000 		.4byte	rear_adc_last_channel
 824 0371 10       		.uleb128 0x10
 825 0372 D7040000 		.4byte	.LASF31
 826 0376 01       		.byte	0x1
 827 0377 36       		.byte	0x36
 828 0378 AB000000 		.4byte	0xab
 829 037c 05       		.uleb128 0x5
 830 037d 03       		.byte	0x3
 831 037e 01000000 		.4byte	front_adc_last_channel
 832 0382 11       		.uleb128 0x11
 833 0383 CA040000 		.4byte	.LASF32
 834 0387 05       		.byte	0x5
 835 0388 5506     		.2byte	0x655
 836 038a 8E030000 		.4byte	0x38e
 837 038e 12       		.uleb128 0x12
 838 038f A0000000 		.4byte	0xa0
 839 0393 13       		.uleb128 0x13
 840 0394 8B000000 		.4byte	0x8b
 841 0398 A3030000 		.4byte	0x3a3
 842 039c 14       		.uleb128 0x14
 843 039d 7D000000 		.4byte	0x7d
 844 03a1 FF       		.byte	0xff
 845 03a2 00       		.byte	0
 846 03a3 15       		.uleb128 0x15
 847 03a4 8B040000 		.4byte	.LASF33
 848 03a8 06       		.byte	0x6
ARM GAS  C:\Users\Tim\AppData\Local\Temp\ccfp3WyF.s 			page 19


 849 03a9 15       		.byte	0x15
 850 03aa 93030000 		.4byte	0x393
 851 03ae 05       		.uleb128 0x5
 852 03af 03       		.byte	0x3
 853 03b0 00000000 		.4byte	formatted_string
 854 03b4 16       		.uleb128 0x16
 855 03b5 3C010000 		.4byte	.LASF34
 856 03b9 07       		.byte	0x7
 857 03ba 28       		.byte	0x28
 858 03bb 17       		.uleb128 0x17
 859 03bc 09050000 		.4byte	.LASF38
 860 03c0 0B       		.byte	0xb
 861 03c1 31       		.byte	0x31
 862 03c2 B7000000 		.4byte	0xb7
 863 03c6 16       		.uleb128 0x16
 864 03c7 57010000 		.4byte	.LASF35
 865 03cb 08       		.byte	0x8
 866 03cc 1E       		.byte	0x1e
 867 03cd 16       		.uleb128 0x16
 868 03ce FF000000 		.4byte	.LASF36
 869 03d2 09       		.byte	0x9
 870 03d3 D1       		.byte	0xd1
 871 03d4 16       		.uleb128 0x16
 872 03d5 01020000 		.4byte	.LASF37
 873 03d9 0A       		.byte	0xa
 874 03da 28       		.byte	0x28
 875 03db 17       		.uleb128 0x17
 876 03dc FE030000 		.4byte	.LASF39
 877 03e0 0C       		.byte	0xc
 878 03e1 31       		.byte	0x31
 879 03e2 B7000000 		.4byte	0xb7
 880 03e6 16       		.uleb128 0x16
 881 03e7 69010000 		.4byte	.LASF40
 882 03eb 08       		.byte	0x8
 883 03ec 1B       		.byte	0x1b
 884 03ed 16       		.uleb128 0x16
 885 03ee 1E000000 		.4byte	.LASF41
 886 03f2 0D       		.byte	0xd
 887 03f3 D1       		.byte	0xd1
 888 03f4 16       		.uleb128 0x16
 889 03f5 5D020000 		.4byte	.LASF42
 890 03f9 0E       		.byte	0xe
 891 03fa 28       		.byte	0x28
 892 03fb 17       		.uleb128 0x17
 893 03fc 9E020000 		.4byte	.LASF43
 894 0400 09       		.byte	0x9
 895 0401 3B       		.byte	0x3b
 896 0402 C3000000 		.4byte	0xc3
 897 0406 18       		.uleb128 0x18
 898 0407 47000000 		.4byte	.LASF44
 899 040b 09       		.byte	0x9
 900 040c 41       		.byte	0x41
 901 040d CF000000 		.4byte	0xcf
 902 0411 1B040000 		.4byte	0x41b
 903 0415 19       		.uleb128 0x19
 904 0416 C3000000 		.4byte	0xc3
 905 041a 00       		.byte	0
ARM GAS  C:\Users\Tim\AppData\Local\Temp\ccfp3WyF.s 			page 20


 906 041b 1A       		.uleb128 0x1a
 907 041c 706F7700 		.ascii	"pow\000"
 908 0420 11       		.byte	0x11
 909 0421 85       		.byte	0x85
 910 0422 25000000 		.4byte	0x25
 911 0426 35040000 		.4byte	0x435
 912 042a 19       		.uleb128 0x19
 913 042b 25000000 		.4byte	0x25
 914 042f 19       		.uleb128 0x19
 915 0430 25000000 		.4byte	0x25
 916 0434 00       		.byte	0
 917 0435 1B       		.uleb128 0x1b
 918 0436 00000000 		.4byte	.LASF48
 919 043a 10       		.byte	0x10
 920 043b 31       		.byte	0x31
 921 043c 4B040000 		.4byte	0x44b
 922 0440 19       		.uleb128 0x19
 923 0441 AB000000 		.4byte	0xab
 924 0445 19       		.uleb128 0x19
 925 0446 AB000000 		.4byte	0xab
 926 044a 00       		.byte	0
 927 044b 16       		.uleb128 0x16
 928 044c 1D020000 		.4byte	.LASF45
 929 0450 0F       		.byte	0xf
 930 0451 28       		.byte	0x28
 931 0452 17       		.uleb128 0x17
 932 0453 8C000000 		.4byte	.LASF46
 933 0457 0D       		.byte	0xd
 934 0458 3B       		.byte	0x3b
 935 0459 C3000000 		.4byte	0xc3
 936 045d 18       		.uleb128 0x18
 937 045e 1F010000 		.4byte	.LASF47
 938 0462 0D       		.byte	0xd
 939 0463 41       		.byte	0x41
 940 0464 CF000000 		.4byte	0xcf
 941 0468 72040000 		.4byte	0x472
 942 046c 19       		.uleb128 0x19
 943 046d C3000000 		.4byte	0xc3
 944 0471 00       		.byte	0
 945 0472 1B       		.uleb128 0x1b
 946 0473 E9020000 		.4byte	.LASF49
 947 0477 10       		.byte	0x10
 948 0478 30       		.byte	0x30
 949 0479 88040000 		.4byte	0x488
 950 047d 19       		.uleb128 0x19
 951 047e AB000000 		.4byte	0xab
 952 0482 19       		.uleb128 0x19
 953 0483 AB000000 		.4byte	0xab
 954 0487 00       		.byte	0
 955 0488 16       		.uleb128 0x16
 956 0489 6F040000 		.4byte	.LASF50
 957 048d 08       		.byte	0x8
 958 048e 1A       		.byte	0x1a
 959 048f 16       		.uleb128 0x16
 960 0490 55030000 		.4byte	.LASF51
 961 0494 08       		.byte	0x8
 962 0495 1D       		.byte	0x1d
ARM GAS  C:\Users\Tim\AppData\Local\Temp\ccfp3WyF.s 			page 21


 963 0496 1B       		.uleb128 0x1b
 964 0497 9C040000 		.4byte	.LASF52
 965 049b 0F       		.byte	0xf
 966 049c 18       		.byte	0x18
 967 049d A7040000 		.4byte	0x4a7
 968 04a1 19       		.uleb128 0x19
 969 04a2 DB000000 		.4byte	0xdb
 970 04a6 00       		.byte	0
 971 04a7 1B       		.uleb128 0x1b
 972 04a8 6A000000 		.4byte	.LASF53
 973 04ac 0E       		.byte	0xe
 974 04ad 18       		.byte	0x18
 975 04ae B8040000 		.4byte	0x4b8
 976 04b2 19       		.uleb128 0x19
 977 04b3 DB000000 		.4byte	0xdb
 978 04b7 00       		.byte	0
 979 04b8 1B       		.uleb128 0x1b
 980 04b9 87020000 		.4byte	.LASF54
 981 04bd 0A       		.byte	0xa
 982 04be 18       		.byte	0x18
 983 04bf C9040000 		.4byte	0x4c9
 984 04c3 19       		.uleb128 0x19
 985 04c4 DB000000 		.4byte	0xdb
 986 04c8 00       		.byte	0
 987 04c9 1B       		.uleb128 0x1b
 988 04ca 82010000 		.4byte	.LASF55
 989 04ce 07       		.byte	0x7
 990 04cf 18       		.byte	0x18
 991 04d0 DA040000 		.4byte	0x4da
 992 04d4 19       		.uleb128 0x19
 993 04d5 DB000000 		.4byte	0xdb
 994 04d9 00       		.byte	0
 995 04da 16       		.uleb128 0x16
 996 04db B6040000 		.4byte	.LASF56
 997 04df 0C       		.byte	0xc
 998 04e0 26       		.byte	0x26
 999 04e1 16       		.uleb128 0x16
 1000 04e2 CE000000 		.4byte	.LASF57
 1001 04e6 0B       		.byte	0xb
 1002 04e7 26       		.byte	0x26
 1003 04e8 16       		.uleb128 0x16
 1004 04e9 EB000000 		.4byte	.LASF58
 1005 04ed 0D       		.byte	0xd
 1006 04ee 34       		.byte	0x34
 1007 04ef 16       		.uleb128 0x16
 1008 04f0 F6040000 		.4byte	.LASF59
 1009 04f4 09       		.byte	0x9
 1010 04f5 34       		.byte	0x34
 1011 04f6 00       		.byte	0
 1012              		.section	.debug_abbrev,"",%progbits
 1013              	.Ldebug_abbrev0:
 1014 0000 01       		.uleb128 0x1
 1015 0001 11       		.uleb128 0x11
 1016 0002 01       		.byte	0x1
 1017 0003 25       		.uleb128 0x25
 1018 0004 0E       		.uleb128 0xe
 1019 0005 13       		.uleb128 0x13
ARM GAS  C:\Users\Tim\AppData\Local\Temp\ccfp3WyF.s 			page 22


 1020 0006 0B       		.uleb128 0xb
 1021 0007 03       		.uleb128 0x3
 1022 0008 0E       		.uleb128 0xe
 1023 0009 1B       		.uleb128 0x1b
 1024 000a 0E       		.uleb128 0xe
 1025 000b 55       		.uleb128 0x55
 1026 000c 17       		.uleb128 0x17
 1027 000d 11       		.uleb128 0x11
 1028 000e 01       		.uleb128 0x1
 1029 000f 10       		.uleb128 0x10
 1030 0010 17       		.uleb128 0x17
 1031 0011 00       		.byte	0
 1032 0012 00       		.byte	0
 1033 0013 02       		.uleb128 0x2
 1034 0014 24       		.uleb128 0x24
 1035 0015 00       		.byte	0
 1036 0016 0B       		.uleb128 0xb
 1037 0017 0B       		.uleb128 0xb
 1038 0018 3E       		.uleb128 0x3e
 1039 0019 0B       		.uleb128 0xb
 1040 001a 03       		.uleb128 0x3
 1041 001b 0E       		.uleb128 0xe
 1042 001c 00       		.byte	0
 1043 001d 00       		.byte	0
 1044 001e 03       		.uleb128 0x3
 1045 001f 24       		.uleb128 0x24
 1046 0020 00       		.byte	0
 1047 0021 0B       		.uleb128 0xb
 1048 0022 0B       		.uleb128 0xb
 1049 0023 3E       		.uleb128 0x3e
 1050 0024 0B       		.uleb128 0xb
 1051 0025 03       		.uleb128 0x3
 1052 0026 08       		.uleb128 0x8
 1053 0027 00       		.byte	0
 1054 0028 00       		.byte	0
 1055 0029 04       		.uleb128 0x4
 1056 002a 16       		.uleb128 0x16
 1057 002b 00       		.byte	0
 1058 002c 03       		.uleb128 0x3
 1059 002d 0E       		.uleb128 0xe
 1060 002e 3A       		.uleb128 0x3a
 1061 002f 0B       		.uleb128 0xb
 1062 0030 3B       		.uleb128 0x3b
 1063 0031 0B       		.uleb128 0xb
 1064 0032 49       		.uleb128 0x49
 1065 0033 13       		.uleb128 0x13
 1066 0034 00       		.byte	0
 1067 0035 00       		.byte	0
 1068 0036 05       		.uleb128 0x5
 1069 0037 0F       		.uleb128 0xf
 1070 0038 00       		.byte	0
 1071 0039 0B       		.uleb128 0xb
 1072 003a 0B       		.uleb128 0xb
 1073 003b 49       		.uleb128 0x49
 1074 003c 13       		.uleb128 0x13
 1075 003d 00       		.byte	0
 1076 003e 00       		.byte	0
ARM GAS  C:\Users\Tim\AppData\Local\Temp\ccfp3WyF.s 			page 23


 1077 003f 06       		.uleb128 0x6
 1078 0040 15       		.uleb128 0x15
 1079 0041 00       		.byte	0
 1080 0042 27       		.uleb128 0x27
 1081 0043 19       		.uleb128 0x19
 1082 0044 00       		.byte	0
 1083 0045 00       		.byte	0
 1084 0046 07       		.uleb128 0x7
 1085 0047 16       		.uleb128 0x16
 1086 0048 00       		.byte	0
 1087 0049 03       		.uleb128 0x3
 1088 004a 0E       		.uleb128 0xe
 1089 004b 3A       		.uleb128 0x3a
 1090 004c 0B       		.uleb128 0xb
 1091 004d 3B       		.uleb128 0x3b
 1092 004e 05       		.uleb128 0x5
 1093 004f 49       		.uleb128 0x49
 1094 0050 13       		.uleb128 0x13
 1095 0051 00       		.byte	0
 1096 0052 00       		.byte	0
 1097 0053 08       		.uleb128 0x8
 1098 0054 2E       		.uleb128 0x2e
 1099 0055 01       		.byte	0x1
 1100 0056 03       		.uleb128 0x3
 1101 0057 0E       		.uleb128 0xe
 1102 0058 3A       		.uleb128 0x3a
 1103 0059 0B       		.uleb128 0xb
 1104 005a 3B       		.uleb128 0x3b
 1105 005b 0B       		.uleb128 0xb
 1106 005c 27       		.uleb128 0x27
 1107 005d 19       		.uleb128 0x19
 1108 005e 11       		.uleb128 0x11
 1109 005f 01       		.uleb128 0x1
 1110 0060 12       		.uleb128 0x12
 1111 0061 06       		.uleb128 0x6
 1112 0062 40       		.uleb128 0x40
 1113 0063 18       		.uleb128 0x18
 1114 0064 9742     		.uleb128 0x2117
 1115 0066 19       		.uleb128 0x19
 1116 0067 01       		.uleb128 0x1
 1117 0068 13       		.uleb128 0x13
 1118 0069 00       		.byte	0
 1119 006a 00       		.byte	0
 1120 006b 09       		.uleb128 0x9
 1121 006c 898201   		.uleb128 0x4109
 1122 006f 00       		.byte	0
 1123 0070 11       		.uleb128 0x11
 1124 0071 01       		.uleb128 0x1
 1125 0072 31       		.uleb128 0x31
 1126 0073 13       		.uleb128 0x13
 1127 0074 00       		.byte	0
 1128 0075 00       		.byte	0
 1129 0076 0A       		.uleb128 0xa
 1130 0077 2E       		.uleb128 0x2e
 1131 0078 01       		.byte	0x1
 1132 0079 03       		.uleb128 0x3
 1133 007a 0E       		.uleb128 0xe
ARM GAS  C:\Users\Tim\AppData\Local\Temp\ccfp3WyF.s 			page 24


 1134 007b 3A       		.uleb128 0x3a
 1135 007c 0B       		.uleb128 0xb
 1136 007d 3B       		.uleb128 0x3b
 1137 007e 0B       		.uleb128 0xb
 1138 007f 27       		.uleb128 0x27
 1139 0080 19       		.uleb128 0x19
 1140 0081 11       		.uleb128 0x11
 1141 0082 01       		.uleb128 0x1
 1142 0083 12       		.uleb128 0x12
 1143 0084 06       		.uleb128 0x6
 1144 0085 40       		.uleb128 0x40
 1145 0086 18       		.uleb128 0x18
 1146 0087 9642     		.uleb128 0x2116
 1147 0089 19       		.uleb128 0x19
 1148 008a 01       		.uleb128 0x1
 1149 008b 13       		.uleb128 0x13
 1150 008c 00       		.byte	0
 1151 008d 00       		.byte	0
 1152 008e 0B       		.uleb128 0xb
 1153 008f 34       		.uleb128 0x34
 1154 0090 00       		.byte	0
 1155 0091 03       		.uleb128 0x3
 1156 0092 0E       		.uleb128 0xe
 1157 0093 3A       		.uleb128 0x3a
 1158 0094 0B       		.uleb128 0xb
 1159 0095 3B       		.uleb128 0x3b
 1160 0096 0B       		.uleb128 0xb
 1161 0097 49       		.uleb128 0x49
 1162 0098 13       		.uleb128 0x13
 1163 0099 02       		.uleb128 0x2
 1164 009a 17       		.uleb128 0x17
 1165 009b 00       		.byte	0
 1166 009c 00       		.byte	0
 1167 009d 0C       		.uleb128 0xc
 1168 009e 898201   		.uleb128 0x4109
 1169 00a1 01       		.byte	0x1
 1170 00a2 11       		.uleb128 0x11
 1171 00a3 01       		.uleb128 0x1
 1172 00a4 31       		.uleb128 0x31
 1173 00a5 13       		.uleb128 0x13
 1174 00a6 01       		.uleb128 0x1
 1175 00a7 13       		.uleb128 0x13
 1176 00a8 00       		.byte	0
 1177 00a9 00       		.byte	0
 1178 00aa 0D       		.uleb128 0xd
 1179 00ab 8A8201   		.uleb128 0x410a
 1180 00ae 00       		.byte	0
 1181 00af 02       		.uleb128 0x2
 1182 00b0 18       		.uleb128 0x18
 1183 00b1 9142     		.uleb128 0x2111
 1184 00b3 18       		.uleb128 0x18
 1185 00b4 00       		.byte	0
 1186 00b5 00       		.byte	0
 1187 00b6 0E       		.uleb128 0xe
 1188 00b7 2E       		.uleb128 0x2e
 1189 00b8 01       		.byte	0x1
 1190 00b9 3F       		.uleb128 0x3f
ARM GAS  C:\Users\Tim\AppData\Local\Temp\ccfp3WyF.s 			page 25


 1191 00ba 19       		.uleb128 0x19
 1192 00bb 03       		.uleb128 0x3
 1193 00bc 0E       		.uleb128 0xe
 1194 00bd 3A       		.uleb128 0x3a
 1195 00be 0B       		.uleb128 0xb
 1196 00bf 3B       		.uleb128 0x3b
 1197 00c0 0B       		.uleb128 0xb
 1198 00c1 11       		.uleb128 0x11
 1199 00c2 01       		.uleb128 0x1
 1200 00c3 12       		.uleb128 0x12
 1201 00c4 06       		.uleb128 0x6
 1202 00c5 40       		.uleb128 0x40
 1203 00c6 18       		.uleb128 0x18
 1204 00c7 9742     		.uleb128 0x2117
 1205 00c9 19       		.uleb128 0x19
 1206 00ca 01       		.uleb128 0x1
 1207 00cb 13       		.uleb128 0x13
 1208 00cc 00       		.byte	0
 1209 00cd 00       		.byte	0
 1210 00ce 0F       		.uleb128 0xf
 1211 00cf 2E       		.uleb128 0x2e
 1212 00d0 00       		.byte	0
 1213 00d1 3F       		.uleb128 0x3f
 1214 00d2 19       		.uleb128 0x19
 1215 00d3 03       		.uleb128 0x3
 1216 00d4 0E       		.uleb128 0xe
 1217 00d5 3A       		.uleb128 0x3a
 1218 00d6 0B       		.uleb128 0xb
 1219 00d7 3B       		.uleb128 0x3b
 1220 00d8 0B       		.uleb128 0xb
 1221 00d9 11       		.uleb128 0x11
 1222 00da 01       		.uleb128 0x1
 1223 00db 12       		.uleb128 0x12
 1224 00dc 06       		.uleb128 0x6
 1225 00dd 40       		.uleb128 0x40
 1226 00de 18       		.uleb128 0x18
 1227 00df 9742     		.uleb128 0x2117
 1228 00e1 19       		.uleb128 0x19
 1229 00e2 00       		.byte	0
 1230 00e3 00       		.byte	0
 1231 00e4 10       		.uleb128 0x10
 1232 00e5 34       		.uleb128 0x34
 1233 00e6 00       		.byte	0
 1234 00e7 03       		.uleb128 0x3
 1235 00e8 0E       		.uleb128 0xe
 1236 00e9 3A       		.uleb128 0x3a
 1237 00ea 0B       		.uleb128 0xb
 1238 00eb 3B       		.uleb128 0x3b
 1239 00ec 0B       		.uleb128 0xb
 1240 00ed 49       		.uleb128 0x49
 1241 00ee 13       		.uleb128 0x13
 1242 00ef 02       		.uleb128 0x2
 1243 00f0 18       		.uleb128 0x18
 1244 00f1 00       		.byte	0
 1245 00f2 00       		.byte	0
 1246 00f3 11       		.uleb128 0x11
 1247 00f4 34       		.uleb128 0x34
ARM GAS  C:\Users\Tim\AppData\Local\Temp\ccfp3WyF.s 			page 26


 1248 00f5 00       		.byte	0
 1249 00f6 03       		.uleb128 0x3
 1250 00f7 0E       		.uleb128 0xe
 1251 00f8 3A       		.uleb128 0x3a
 1252 00f9 0B       		.uleb128 0xb
 1253 00fa 3B       		.uleb128 0x3b
 1254 00fb 05       		.uleb128 0x5
 1255 00fc 49       		.uleb128 0x49
 1256 00fd 13       		.uleb128 0x13
 1257 00fe 3F       		.uleb128 0x3f
 1258 00ff 19       		.uleb128 0x19
 1259 0100 3C       		.uleb128 0x3c
 1260 0101 19       		.uleb128 0x19
 1261 0102 00       		.byte	0
 1262 0103 00       		.byte	0
 1263 0104 12       		.uleb128 0x12
 1264 0105 35       		.uleb128 0x35
 1265 0106 00       		.byte	0
 1266 0107 49       		.uleb128 0x49
 1267 0108 13       		.uleb128 0x13
 1268 0109 00       		.byte	0
 1269 010a 00       		.byte	0
 1270 010b 13       		.uleb128 0x13
 1271 010c 01       		.uleb128 0x1
 1272 010d 01       		.byte	0x1
 1273 010e 49       		.uleb128 0x49
 1274 010f 13       		.uleb128 0x13
 1275 0110 01       		.uleb128 0x1
 1276 0111 13       		.uleb128 0x13
 1277 0112 00       		.byte	0
 1278 0113 00       		.byte	0
 1279 0114 14       		.uleb128 0x14
 1280 0115 21       		.uleb128 0x21
 1281 0116 00       		.byte	0
 1282 0117 49       		.uleb128 0x49
 1283 0118 13       		.uleb128 0x13
 1284 0119 2F       		.uleb128 0x2f
 1285 011a 0B       		.uleb128 0xb
 1286 011b 00       		.byte	0
 1287 011c 00       		.byte	0
 1288 011d 15       		.uleb128 0x15
 1289 011e 34       		.uleb128 0x34
 1290 011f 00       		.byte	0
 1291 0120 03       		.uleb128 0x3
 1292 0121 0E       		.uleb128 0xe
 1293 0122 3A       		.uleb128 0x3a
 1294 0123 0B       		.uleb128 0xb
 1295 0124 3B       		.uleb128 0x3b
 1296 0125 0B       		.uleb128 0xb
 1297 0126 49       		.uleb128 0x49
 1298 0127 13       		.uleb128 0x13
 1299 0128 3F       		.uleb128 0x3f
 1300 0129 19       		.uleb128 0x19
 1301 012a 02       		.uleb128 0x2
 1302 012b 18       		.uleb128 0x18
 1303 012c 00       		.byte	0
 1304 012d 00       		.byte	0
ARM GAS  C:\Users\Tim\AppData\Local\Temp\ccfp3WyF.s 			page 27


 1305 012e 16       		.uleb128 0x16
 1306 012f 2E       		.uleb128 0x2e
 1307 0130 00       		.byte	0
 1308 0131 3F       		.uleb128 0x3f
 1309 0132 19       		.uleb128 0x19
 1310 0133 03       		.uleb128 0x3
 1311 0134 0E       		.uleb128 0xe
 1312 0135 3A       		.uleb128 0x3a
 1313 0136 0B       		.uleb128 0xb
 1314 0137 3B       		.uleb128 0x3b
 1315 0138 0B       		.uleb128 0xb
 1316 0139 27       		.uleb128 0x27
 1317 013a 19       		.uleb128 0x19
 1318 013b 3C       		.uleb128 0x3c
 1319 013c 19       		.uleb128 0x19
 1320 013d 00       		.byte	0
 1321 013e 00       		.byte	0
 1322 013f 17       		.uleb128 0x17
 1323 0140 2E       		.uleb128 0x2e
 1324 0141 00       		.byte	0
 1325 0142 3F       		.uleb128 0x3f
 1326 0143 19       		.uleb128 0x19
 1327 0144 03       		.uleb128 0x3
 1328 0145 0E       		.uleb128 0xe
 1329 0146 3A       		.uleb128 0x3a
 1330 0147 0B       		.uleb128 0xb
 1331 0148 3B       		.uleb128 0x3b
 1332 0149 0B       		.uleb128 0xb
 1333 014a 27       		.uleb128 0x27
 1334 014b 19       		.uleb128 0x19
 1335 014c 49       		.uleb128 0x49
 1336 014d 13       		.uleb128 0x13
 1337 014e 3C       		.uleb128 0x3c
 1338 014f 19       		.uleb128 0x19
 1339 0150 00       		.byte	0
 1340 0151 00       		.byte	0
 1341 0152 18       		.uleb128 0x18
 1342 0153 2E       		.uleb128 0x2e
 1343 0154 01       		.byte	0x1
 1344 0155 3F       		.uleb128 0x3f
 1345 0156 19       		.uleb128 0x19
 1346 0157 03       		.uleb128 0x3
 1347 0158 0E       		.uleb128 0xe
 1348 0159 3A       		.uleb128 0x3a
 1349 015a 0B       		.uleb128 0xb
 1350 015b 3B       		.uleb128 0x3b
 1351 015c 0B       		.uleb128 0xb
 1352 015d 27       		.uleb128 0x27
 1353 015e 19       		.uleb128 0x19
 1354 015f 49       		.uleb128 0x49
 1355 0160 13       		.uleb128 0x13
 1356 0161 3C       		.uleb128 0x3c
 1357 0162 19       		.uleb128 0x19
 1358 0163 01       		.uleb128 0x1
 1359 0164 13       		.uleb128 0x13
 1360 0165 00       		.byte	0
 1361 0166 00       		.byte	0
ARM GAS  C:\Users\Tim\AppData\Local\Temp\ccfp3WyF.s 			page 28


 1362 0167 19       		.uleb128 0x19
 1363 0168 05       		.uleb128 0x5
 1364 0169 00       		.byte	0
 1365 016a 49       		.uleb128 0x49
 1366 016b 13       		.uleb128 0x13
 1367 016c 00       		.byte	0
 1368 016d 00       		.byte	0
 1369 016e 1A       		.uleb128 0x1a
 1370 016f 2E       		.uleb128 0x2e
 1371 0170 01       		.byte	0x1
 1372 0171 3F       		.uleb128 0x3f
 1373 0172 19       		.uleb128 0x19
 1374 0173 03       		.uleb128 0x3
 1375 0174 08       		.uleb128 0x8
 1376 0175 3A       		.uleb128 0x3a
 1377 0176 0B       		.uleb128 0xb
 1378 0177 3B       		.uleb128 0x3b
 1379 0178 0B       		.uleb128 0xb
 1380 0179 27       		.uleb128 0x27
 1381 017a 19       		.uleb128 0x19
 1382 017b 49       		.uleb128 0x49
 1383 017c 13       		.uleb128 0x13
 1384 017d 3C       		.uleb128 0x3c
 1385 017e 19       		.uleb128 0x19
 1386 017f 01       		.uleb128 0x1
 1387 0180 13       		.uleb128 0x13
 1388 0181 00       		.byte	0
 1389 0182 00       		.byte	0
 1390 0183 1B       		.uleb128 0x1b
 1391 0184 2E       		.uleb128 0x2e
 1392 0185 01       		.byte	0x1
 1393 0186 3F       		.uleb128 0x3f
 1394 0187 19       		.uleb128 0x19
 1395 0188 03       		.uleb128 0x3
 1396 0189 0E       		.uleb128 0xe
 1397 018a 3A       		.uleb128 0x3a
 1398 018b 0B       		.uleb128 0xb
 1399 018c 3B       		.uleb128 0x3b
 1400 018d 0B       		.uleb128 0xb
 1401 018e 27       		.uleb128 0x27
 1402 018f 19       		.uleb128 0x19
 1403 0190 3C       		.uleb128 0x3c
 1404 0191 19       		.uleb128 0x19
 1405 0192 01       		.uleb128 0x1
 1406 0193 13       		.uleb128 0x13
 1407 0194 00       		.byte	0
 1408 0195 00       		.byte	0
 1409 0196 00       		.byte	0
 1410              		.section	.debug_loc,"",%progbits
 1411              	.Ldebug_loc0:
 1412              	.LLST0:
 1413 0000 0A000000 		.4byte	.LVL9
 1414 0004 0D000000 		.4byte	.LVL10-1
 1415 0008 0100     		.2byte	0x1
 1416 000a 50       		.byte	0x50
 1417 000b 00000000 		.4byte	0
 1418 000f 00000000 		.4byte	0
ARM GAS  C:\Users\Tim\AppData\Local\Temp\ccfp3WyF.s 			page 29


 1419              	.LLST1:
 1420 0013 10000000 		.4byte	.LVL11
 1421 0017 15000000 		.4byte	.LVL12-1
 1422 001b 0100     		.2byte	0x1
 1423 001d 50       		.byte	0x50
 1424 001e 15000000 		.4byte	.LVL12-1
 1425 0022 3E000000 		.4byte	.LVL15
 1426 0026 0100     		.2byte	0x1
 1427 0028 54       		.byte	0x54
 1428 0029 40000000 		.4byte	.LVL16
 1429 002d 6C000000 		.4byte	.LVL24
 1430 0031 0100     		.2byte	0x1
 1431 0033 54       		.byte	0x54
 1432 0034 00000000 		.4byte	0
 1433 0038 00000000 		.4byte	0
 1434              	.LLST2:
 1435 003c 62000000 		.4byte	.LVL22
 1436 0040 69000000 		.4byte	.LVL23-1
 1437 0044 0100     		.2byte	0x1
 1438 0046 51       		.byte	0x51
 1439 0047 00000000 		.4byte	0
 1440 004b 00000000 		.4byte	0
 1441              	.LLST3:
 1442 004f 0A000000 		.4byte	.LVL26
 1443 0053 0D000000 		.4byte	.LVL27-1
 1444 0057 0100     		.2byte	0x1
 1445 0059 50       		.byte	0x50
 1446 005a 00000000 		.4byte	0
 1447 005e 00000000 		.4byte	0
 1448              	.LLST4:
 1449 0062 10000000 		.4byte	.LVL28
 1450 0066 15000000 		.4byte	.LVL29-1
 1451 006a 0100     		.2byte	0x1
 1452 006c 50       		.byte	0x50
 1453 006d 15000000 		.4byte	.LVL29-1
 1454 0071 3E000000 		.4byte	.LVL32
 1455 0075 0100     		.2byte	0x1
 1456 0077 54       		.byte	0x54
 1457 0078 40000000 		.4byte	.LVL33
 1458 007c 6C000000 		.4byte	.LVL41
 1459 0080 0100     		.2byte	0x1
 1460 0082 54       		.byte	0x54
 1461 0083 00000000 		.4byte	0
 1462 0087 00000000 		.4byte	0
 1463              	.LLST5:
 1464 008b 62000000 		.4byte	.LVL39
 1465 008f 69000000 		.4byte	.LVL40-1
 1466 0093 0100     		.2byte	0x1
 1467 0095 51       		.byte	0x51
 1468 0096 00000000 		.4byte	0
 1469 009a 00000000 		.4byte	0
 1470              		.section	.debug_aranges,"",%progbits
 1471 0000 4C000000 		.4byte	0x4c
 1472 0004 0200     		.2byte	0x2
 1473 0006 00000000 		.4byte	.Ldebug_info0
 1474 000a 04       		.byte	0x4
 1475 000b 00       		.byte	0
ARM GAS  C:\Users\Tim\AppData\Local\Temp\ccfp3WyF.s 			page 30


 1476 000c 0000     		.2byte	0
 1477 000e 0000     		.2byte	0
 1478 0010 00000000 		.4byte	.LFB66
 1479 0014 1C000000 		.4byte	.LFE66-.LFB66
 1480 0018 00000000 		.4byte	.LFB65
 1481 001c 1C000000 		.4byte	.LFE65-.LFB65
 1482 0020 00000000 		.4byte	.LFB64
 1483 0024 8C000000 		.4byte	.LFE64-.LFB64
 1484 0028 00000000 		.4byte	.LFB63
 1485 002c 8C000000 		.4byte	.LFE63-.LFB63
 1486 0030 00000000 		.4byte	.LFB67
 1487 0034 0C000000 		.4byte	.LFE67-.LFB67
 1488 0038 00000000 		.4byte	.LFB68
 1489 003c 4C000000 		.4byte	.LFE68-.LFB68
 1490 0040 00000000 		.4byte	.LFB69
 1491 0044 02000000 		.4byte	.LFE69-.LFB69
 1492 0048 00000000 		.4byte	0
 1493 004c 00000000 		.4byte	0
 1494              		.section	.debug_ranges,"",%progbits
 1495              	.Ldebug_ranges0:
 1496 0000 00000000 		.4byte	.LFB66
 1497 0004 1C000000 		.4byte	.LFE66
 1498 0008 00000000 		.4byte	.LFB65
 1499 000c 1C000000 		.4byte	.LFE65
 1500 0010 00000000 		.4byte	.LFB64
 1501 0014 8C000000 		.4byte	.LFE64
 1502 0018 00000000 		.4byte	.LFB63
 1503 001c 8C000000 		.4byte	.LFE63
 1504 0020 00000000 		.4byte	.LFB67
 1505 0024 0C000000 		.4byte	.LFE67
 1506 0028 00000000 		.4byte	.LFB68
 1507 002c 4C000000 		.4byte	.LFE68
 1508 0030 00000000 		.4byte	.LFB69
 1509 0034 02000000 		.4byte	.LFE69
 1510 0038 00000000 		.4byte	0
 1511 003c 00000000 		.4byte	0
 1512              		.section	.debug_line,"",%progbits
 1513              	.Ldebug_line0:
 1514 0000 F0020000 		.section	.debug_str,"MS",%progbits,1
 1514      02002302 
 1514      00000201 
 1514      FB0E0D00 
 1514      01010101 
 1515              	.LASF48:
 1516 0000 4932635F 		.ascii	"I2c_WriteRearInfraredDistance\000"
 1516      57726974 
 1516      65526561 
 1516      72496E66 
 1516      72617265 
 1517              	.LASF41:
 1518 001e 46726F6E 		.ascii	"Front_ADC_SAR_StartConvert\000"
 1518      745F4144 
 1518      435F5341 
 1518      525F5374 
 1518      61727443 
 1519              	.LASF28:
 1520 0039 496E6672 		.ascii	"Infrared_Init\000"
ARM GAS  C:\Users\Tim\AppData\Local\Temp\ccfp3WyF.s 			page 31


 1520      61726564 
 1520      5F496E69 
 1520      7400
 1521              	.LASF44:
 1522 0047 52656172 		.ascii	"Rear_ADC_SAR_CountsTo_Volts\000"
 1522      5F414443 
 1522      5F534152 
 1522      5F436F75 
 1522      6E747354 
 1523              	.LASF24:
 1524 0063 636F756E 		.ascii	"counts\000"
 1524      747300
 1525              	.LASF53:
 1526 006a 52656172 		.ascii	"Rear_ADC_SAR_IRQ_StartEx\000"
 1526      5F414443 
 1526      5F534152 
 1526      5F495251 
 1526      5F537461 
 1527              	.LASF10:
 1528 0083 73697A65 		.ascii	"sizetype\000"
 1528      74797065 
 1528      00
 1529              	.LASF46:
 1530 008c 46726F6E 		.ascii	"Front_ADC_SAR_GetResult16\000"
 1530      745F4144 
 1530      435F5341 
 1530      525F4765 
 1530      74526573 
 1531              	.LASF22:
 1532 00a6 46726F6E 		.ascii	"Front_EOS_Interrupt\000"
 1532      745F454F 
 1532      535F496E 
 1532      74657272 
 1532      75707400 
 1533              	.LASF27:
 1534 00ba 46726F6E 		.ascii	"Front_EOC_Interrupt\000"
 1534      745F454F 
 1534      435F496E 
 1534      74657272 
 1534      75707400 
 1535              	.LASF57:
 1536 00ce 52656172 		.ascii	"Rear_AMuxSeq_Start\000"
 1536      5F414D75 
 1536      78536571 
 1536      5F537461 
 1536      727400
 1537              	.LASF4:
 1538 00e1 73686F72 		.ascii	"short int\000"
 1538      7420696E 
 1538      7400
 1539              	.LASF58:
 1540 00eb 46726F6E 		.ascii	"Front_ADC_SAR_Start\000"
 1540      745F4144 
 1540      435F5341 
 1540      525F5374 
 1540      61727400 
 1541              	.LASF36:
ARM GAS  C:\Users\Tim\AppData\Local\Temp\ccfp3WyF.s 			page 32


 1542 00ff 52656172 		.ascii	"Rear_ADC_SAR_StartConvert\000"
 1542      5F414443 
 1542      5F534152 
 1542      5F537461 
 1542      7274436F 
 1543              	.LASF18:
 1544 0119 696E7431 		.ascii	"int16\000"
 1544      3600
 1545              	.LASF47:
 1546 011f 46726F6E 		.ascii	"Front_ADC_SAR_CountsTo_Volts\000"
 1546      745F4144 
 1546      435F5341 
 1546      525F436F 
 1546      756E7473 
 1547              	.LASF34:
 1548 013c 52656172 		.ascii	"Rear_EOS_Intr_ClearPending\000"
 1548      5F454F53 
 1548      5F496E74 
 1548      725F436C 
 1548      65617250 
 1549              	.LASF35:
 1550 0157 52656172 		.ascii	"Rear_AMuxSeq_Next\000"
 1550      5F414D75 
 1550      78536571 
 1550      5F4E6578 
 1550      7400
 1551              	.LASF40:
 1552 0169 46726F6E 		.ascii	"Front_AMuxSeq_Next\000"
 1552      745F414D 
 1552      75785365 
 1552      715F4E65 
 1552      787400
 1553              	.LASF12:
 1554 017c 666C6F61 		.ascii	"float\000"
 1554      7400
 1555              	.LASF55:
 1556 0182 52656172 		.ascii	"Rear_EOS_Intr_StartEx\000"
 1556      5F454F53 
 1556      5F496E74 
 1556      725F5374 
 1556      61727445 
 1557              	.LASF62:
 1558 0198 443A5C70 		.ascii	"D:\\projects\\ArloBot\\arlobot_freesoc\\freesoc.cyd"
 1558      726F6A65 
 1558      6374735C 
 1558      41726C6F 
 1558      426F745C 
 1559 01c7 736E00   		.ascii	"sn\000"
 1560              	.LASF8:
 1561 01ca 6C6F6E67 		.ascii	"long long int\000"
 1561      206C6F6E 
 1561      6720696E 
 1561      7400
 1562              	.LASF17:
 1563 01d8 696E7438 		.ascii	"int8\000"
 1563      00
 1564              	.LASF6:
ARM GAS  C:\Users\Tim\AppData\Local\Temp\ccfp3WyF.s 			page 33


 1565 01dd 6C6F6E67 		.ascii	"long int\000"
 1565      20696E74 
 1565      00
 1566              	.LASF25:
 1567 01e6 766F6C74 		.ascii	"voltage\000"
 1567      61676500 
 1568              	.LASF21:
 1569 01ee 52656172 		.ascii	"Rear_EOS_Interrupt\000"
 1569      5F454F53 
 1569      5F496E74 
 1569      65727275 
 1569      707400
 1570              	.LASF37:
 1571 0201 46726F6E 		.ascii	"Front_EOS_Intr_ClearPending\000"
 1571      745F454F 
 1571      535F496E 
 1571      74725F43 
 1571      6C656172 
 1572              	.LASF45:
 1573 021d 46726F6E 		.ascii	"Front_ADC_SAR_IRQ_ClearPending\000"
 1573      745F4144 
 1573      435F5341 
 1573      525F4952 
 1573      515F436C 
 1574              	.LASF23:
 1575 023c 52656172 		.ascii	"Rear_EOC_Interrupt\000"
 1575      5F454F43 
 1575      5F496E74 
 1575      65727275 
 1575      707400
 1576              	.LASF3:
 1577 024f 756E7369 		.ascii	"unsigned char\000"
 1577      676E6564 
 1577      20636861 
 1577      7200
 1578              	.LASF42:
 1579 025d 52656172 		.ascii	"Rear_ADC_SAR_IRQ_ClearPending\000"
 1579      5F414443 
 1579      5F534152 
 1579      5F495251 
 1579      5F436C65 
 1580              	.LASF13:
 1581 027b 6C6F6E67 		.ascii	"long double\000"
 1581      20646F75 
 1581      626C6500 
 1582              	.LASF54:
 1583 0287 46726F6E 		.ascii	"Front_EOS_Intr_StartEx\000"
 1583      745F454F 
 1583      535F496E 
 1583      74725F53 
 1583      74617274 
 1584              	.LASF43:
 1585 029e 52656172 		.ascii	"Rear_ADC_SAR_GetResult16\000"
 1585      5F414443 
 1585      5F534152 
 1585      5F476574 
 1585      52657375 
ARM GAS  C:\Users\Tim\AppData\Local\Temp\ccfp3WyF.s 			page 34


 1586              	.LASF29:
 1587 02b7 496E6672 		.ascii	"Infrared_Start\000"
 1587      61726564 
 1587      5F537461 
 1587      727400
 1588              	.LASF20:
 1589 02c6 63796973 		.ascii	"cyisraddress\000"
 1589      72616464 
 1589      72657373 
 1589      00
 1590              	.LASF30:
 1591 02d3 72656172 		.ascii	"rear_adc_last_channel\000"
 1591      5F616463 
 1591      5F6C6173 
 1591      745F6368 
 1591      616E6E65 
 1592              	.LASF49:
 1593 02e9 4932635F 		.ascii	"I2c_WriteFrontInfraredDistance\000"
 1593      57726974 
 1593      6546726F 
 1593      6E74496E 
 1593      66726172 
 1594              	.LASF15:
 1595 0308 696E7433 		.ascii	"int32_t\000"
 1595      325F7400 
 1596              	.LASF9:
 1597 0310 6C6F6E67 		.ascii	"long long unsigned int\000"
 1597      206C6F6E 
 1597      6720756E 
 1597      7369676E 
 1597      65642069 
 1598              	.LASF1:
 1599 0327 756E7369 		.ascii	"unsigned int\000"
 1599      676E6564 
 1599      20696E74 
 1599      00
 1600              	.LASF5:
 1601 0334 73686F72 		.ascii	"short unsigned int\000"
 1601      7420756E 
 1601      7369676E 
 1601      65642069 
 1601      6E7400
 1602              	.LASF26:
 1603 0347 64697374 		.ascii	"distance\000"
 1603      616E6365 
 1603      00
 1604              	.LASF11:
 1605 0350 63686172 		.ascii	"char\000"
 1605      00
 1606              	.LASF51:
 1607 0355 52656172 		.ascii	"Rear_AMuxSeq_DisconnectAll\000"
 1607      5F414D75 
 1607      78536571 
 1607      5F446973 
 1607      636F6E6E 
 1608              	.LASF60:
 1609 0370 474E5520 		.ascii	"GNU C 4.9.3 20150303 (release) [ARM/embedded-4_9-br"
ARM GAS  C:\Users\Tim\AppData\Local\Temp\ccfp3WyF.s 			page 35


 1609      4320342E 
 1609      392E3320 
 1609      32303135 
 1609      30333033 
 1610 03a3 616E6368 		.ascii	"anch revision 221220] -mcpu=cortex-m3 -mthumb -g -O"
 1610      20726576 
 1610      6973696F 
 1610      6E203232 
 1610      31323230 
 1611 03d6 67202D66 		.ascii	"g -ffunction-sections -ffat-lto-objects\000"
 1611      66756E63 
 1611      74696F6E 
 1611      2D736563 
 1611      74696F6E 
 1612              	.LASF39:
 1613 03fe 46726F6E 		.ascii	"Front_AMuxSeq_GetChannel\000"
 1613      745F414D 
 1613      75785365 
 1613      715F4765 
 1613      74436861 
 1614              	.LASF63:
 1615 0417 496E6672 		.ascii	"Infrared_Test\000"
 1615      61726564 
 1615      5F546573 
 1615      7400
 1616              	.LASF16:
 1617 0425 75696E74 		.ascii	"uint8\000"
 1617      3800
 1618              	.LASF61:
 1619 042b 2E2E5C73 		.ascii	"..\\source\\infrared.c\000"
 1619      6F757263 
 1619      655C696E 
 1619      66726172 
 1619      65642E63 
 1620              	.LASF7:
 1621 0440 6C6F6E67 		.ascii	"long unsigned int\000"
 1621      20756E73 
 1621      69676E65 
 1621      6420696E 
 1621      7400
 1622              	.LASF0:
 1623 0452 646F7562 		.ascii	"double\000"
 1623      6C6500
 1624              	.LASF14:
 1625 0459 5F5F696E 		.ascii	"__int32_t\000"
 1625      7433325F 
 1625      7400
 1626              	.LASF2:
 1627 0463 7369676E 		.ascii	"signed char\000"
 1627      65642063 
 1627      68617200 
 1628              	.LASF50:
 1629 046f 46726F6E 		.ascii	"Front_AMuxSeq_DisconnectAll\000"
 1629      745F414D 
 1629      75785365 
 1629      715F4469 
 1629      73636F6E 
ARM GAS  C:\Users\Tim\AppData\Local\Temp\ccfp3WyF.s 			page 36


 1630              	.LASF33:
 1631 048b 666F726D 		.ascii	"formatted_string\000"
 1631      61747465 
 1631      645F7374 
 1631      72696E67 
 1631      00
 1632              	.LASF52:
 1633 049c 46726F6E 		.ascii	"Front_ADC_SAR_IRQ_StartEx\000"
 1633      745F4144 
 1633      435F5341 
 1633      525F4952 
 1633      515F5374 
 1634              	.LASF56:
 1635 04b6 46726F6E 		.ascii	"Front_AMuxSeq_Start\000"
 1635      745F414D 
 1635      75785365 
 1635      715F5374 
 1635      61727400 
 1636              	.LASF32:
 1637 04ca 49544D5F 		.ascii	"ITM_RxBuffer\000"
 1637      52784275 
 1637      66666572 
 1637      00
 1638              	.LASF31:
 1639 04d7 66726F6E 		.ascii	"front_adc_last_channel\000"
 1639      745F6164 
 1639      635F6C61 
 1639      73745F63 
 1639      68616E6E 
 1640              	.LASF19:
 1641 04ee 666C6F61 		.ascii	"float32\000"
 1641      74333200 
 1642              	.LASF59:
 1643 04f6 52656172 		.ascii	"Rear_ADC_SAR_Start\000"
 1643      5F414443 
 1643      5F534152 
 1643      5F537461 
 1643      727400
 1644              	.LASF38:
 1645 0509 52656172 		.ascii	"Rear_AMuxSeq_GetChannel\000"
 1645      5F414D75 
 1645      78536571 
 1645      5F476574 
 1645      4368616E 
 1646              		.ident	"GCC: (GNU Tools for ARM Embedded Processors) 4.9.3 20150303 (release) [ARM/embedded-4_9-br
