ARM GAS  C:\Users\Tim\AppData\Local\Temp\ccCzdgEb.s 			page 1


   1              		.syntax unified
   2              		.cpu cortex-m3
   3              		.fpu softvfp
   4              		.eabi_attribute 20, 1
   5              		.eabi_attribute 21, 1
   6              		.eabi_attribute 23, 3
   7              		.eabi_attribute 24, 1
   8              		.eabi_attribute 25, 1
   9              		.eabi_attribute 26, 1
  10              		.eabi_attribute 30, 1
  11              		.eabi_attribute 34, 1
  12              		.eabi_attribute 18, 4
  13              		.thumb
  14              		.file	"Left_Phase_Counter_PM.c"
  15              		.text
  16              	.Ltext0:
  17              		.cfi_sections	.debug_frame
  18              		.section	.text.Left_Phase_Counter_SaveConfig,"ax",%progbits
  19              		.align	2
  20              		.global	Left_Phase_Counter_SaveConfig
  21              		.thumb
  22              		.thumb_func
  23              		.type	Left_Phase_Counter_SaveConfig, %function
  24              	Left_Phase_Counter_SaveConfig:
  25              	.LFB0:
  26              		.file 1 ".\\Generated_Source\\PSoC5\\Left_Phase_Counter_PM.c"
   1:.\Generated_Source\PSoC5/Left_Phase_Counter_PM.c **** /*******************************************************************************
   2:.\Generated_Source\PSoC5/Left_Phase_Counter_PM.c **** * File Name: Left_Phase_Counter_PM.c  
   3:.\Generated_Source\PSoC5/Left_Phase_Counter_PM.c **** * Version 3.0
   4:.\Generated_Source\PSoC5/Left_Phase_Counter_PM.c **** *
   5:.\Generated_Source\PSoC5/Left_Phase_Counter_PM.c **** *  Description:
   6:.\Generated_Source\PSoC5/Left_Phase_Counter_PM.c **** *    This file provides the power management source code to API for the
   7:.\Generated_Source\PSoC5/Left_Phase_Counter_PM.c **** *    Counter.  
   8:.\Generated_Source\PSoC5/Left_Phase_Counter_PM.c **** *
   9:.\Generated_Source\PSoC5/Left_Phase_Counter_PM.c **** *   Note:
  10:.\Generated_Source\PSoC5/Left_Phase_Counter_PM.c **** *     None
  11:.\Generated_Source\PSoC5/Left_Phase_Counter_PM.c **** *
  12:.\Generated_Source\PSoC5/Left_Phase_Counter_PM.c **** ********************************************************************************
  13:.\Generated_Source\PSoC5/Left_Phase_Counter_PM.c **** * Copyright 2008-2012, Cypress Semiconductor Corporation.  All rights reserved.
  14:.\Generated_Source\PSoC5/Left_Phase_Counter_PM.c **** * You may use this file only in accordance with the license, terms, conditions, 
  15:.\Generated_Source\PSoC5/Left_Phase_Counter_PM.c **** * disclaimers, and limitations in the end user license agreement accompanying 
  16:.\Generated_Source\PSoC5/Left_Phase_Counter_PM.c **** * the software package with which this file was provided.
  17:.\Generated_Source\PSoC5/Left_Phase_Counter_PM.c **** *******************************************************************************/
  18:.\Generated_Source\PSoC5/Left_Phase_Counter_PM.c **** 
  19:.\Generated_Source\PSoC5/Left_Phase_Counter_PM.c **** #include "Left_Phase_Counter.h"
  20:.\Generated_Source\PSoC5/Left_Phase_Counter_PM.c **** 
  21:.\Generated_Source\PSoC5/Left_Phase_Counter_PM.c **** static Left_Phase_Counter_backupStruct Left_Phase_Counter_backup;
  22:.\Generated_Source\PSoC5/Left_Phase_Counter_PM.c **** 
  23:.\Generated_Source\PSoC5/Left_Phase_Counter_PM.c **** 
  24:.\Generated_Source\PSoC5/Left_Phase_Counter_PM.c **** /*******************************************************************************
  25:.\Generated_Source\PSoC5/Left_Phase_Counter_PM.c **** * Function Name: Left_Phase_Counter_SaveConfig
  26:.\Generated_Source\PSoC5/Left_Phase_Counter_PM.c **** ********************************************************************************
  27:.\Generated_Source\PSoC5/Left_Phase_Counter_PM.c **** * Summary:
  28:.\Generated_Source\PSoC5/Left_Phase_Counter_PM.c **** *     Save the current user configuration
  29:.\Generated_Source\PSoC5/Left_Phase_Counter_PM.c **** *
  30:.\Generated_Source\PSoC5/Left_Phase_Counter_PM.c **** * Parameters:  
  31:.\Generated_Source\PSoC5/Left_Phase_Counter_PM.c **** *  void
ARM GAS  C:\Users\Tim\AppData\Local\Temp\ccCzdgEb.s 			page 2


  32:.\Generated_Source\PSoC5/Left_Phase_Counter_PM.c **** *
  33:.\Generated_Source\PSoC5/Left_Phase_Counter_PM.c **** * Return: 
  34:.\Generated_Source\PSoC5/Left_Phase_Counter_PM.c **** *  void
  35:.\Generated_Source\PSoC5/Left_Phase_Counter_PM.c **** *
  36:.\Generated_Source\PSoC5/Left_Phase_Counter_PM.c **** * Global variables:
  37:.\Generated_Source\PSoC5/Left_Phase_Counter_PM.c **** *  Left_Phase_Counter_backup:  Variables of this global structure are modified to 
  38:.\Generated_Source\PSoC5/Left_Phase_Counter_PM.c **** *  store the values of non retention configuration registers when Sleep() API is 
  39:.\Generated_Source\PSoC5/Left_Phase_Counter_PM.c **** *  called.
  40:.\Generated_Source\PSoC5/Left_Phase_Counter_PM.c **** *
  41:.\Generated_Source\PSoC5/Left_Phase_Counter_PM.c **** *******************************************************************************/
  42:.\Generated_Source\PSoC5/Left_Phase_Counter_PM.c **** void Left_Phase_Counter_SaveConfig(void) 
  43:.\Generated_Source\PSoC5/Left_Phase_Counter_PM.c **** {
  27              		.loc 1 43 0
  28              		.cfi_startproc
  29              		@ args = 0, pretend = 0, frame = 0
  30              		@ frame_needed = 0, uses_anonymous_args = 0
  31 0000 08B5     		push	{r3, lr}
  32              		.cfi_def_cfa_offset 8
  33              		.cfi_offset 3, -8
  34              		.cfi_offset 14, -4
  44:.\Generated_Source\PSoC5/Left_Phase_Counter_PM.c ****     #if (!Left_Phase_Counter_UsingFixedFunction)
  45:.\Generated_Source\PSoC5/Left_Phase_Counter_PM.c **** 
  46:.\Generated_Source\PSoC5/Left_Phase_Counter_PM.c ****         Left_Phase_Counter_backup.CounterUdb = Left_Phase_Counter_ReadCounter();
  35              		.loc 1 46 0
  36 0002 FFF7FEFF 		bl	Left_Phase_Counter_ReadCounter
  37              	.LVL0:
  38 0006 014B     		ldr	r3, .L3
  39 0008 5860     		str	r0, [r3, #4]
  40 000a 08BD     		pop	{r3, pc}
  41              	.L4:
  42              		.align	2
  43              	.L3:
  44 000c 00000000 		.word	.LANCHOR0
  45              		.cfi_endproc
  46              	.LFE0:
  47              		.size	Left_Phase_Counter_SaveConfig, .-Left_Phase_Counter_SaveConfig
  48              		.section	.text.Left_Phase_Counter_RestoreConfig,"ax",%progbits
  49              		.align	2
  50              		.global	Left_Phase_Counter_RestoreConfig
  51              		.thumb
  52              		.thumb_func
  53              		.type	Left_Phase_Counter_RestoreConfig, %function
  54              	Left_Phase_Counter_RestoreConfig:
  55              	.LFB1:
  47:.\Generated_Source\PSoC5/Left_Phase_Counter_PM.c **** 
  48:.\Generated_Source\PSoC5/Left_Phase_Counter_PM.c ****         #if(!Left_Phase_Counter_ControlRegRemoved)
  49:.\Generated_Source\PSoC5/Left_Phase_Counter_PM.c ****             Left_Phase_Counter_backup.CounterControlRegister = Left_Phase_Counter_ReadControlRegist
  50:.\Generated_Source\PSoC5/Left_Phase_Counter_PM.c ****         #endif /* (!Left_Phase_Counter_ControlRegRemoved) */
  51:.\Generated_Source\PSoC5/Left_Phase_Counter_PM.c **** 
  52:.\Generated_Source\PSoC5/Left_Phase_Counter_PM.c ****     #endif /* (!Left_Phase_Counter_UsingFixedFunction) */
  53:.\Generated_Source\PSoC5/Left_Phase_Counter_PM.c **** }
  54:.\Generated_Source\PSoC5/Left_Phase_Counter_PM.c **** 
  55:.\Generated_Source\PSoC5/Left_Phase_Counter_PM.c **** 
  56:.\Generated_Source\PSoC5/Left_Phase_Counter_PM.c **** /*******************************************************************************
  57:.\Generated_Source\PSoC5/Left_Phase_Counter_PM.c **** * Function Name: Left_Phase_Counter_RestoreConfig
  58:.\Generated_Source\PSoC5/Left_Phase_Counter_PM.c **** ********************************************************************************
  59:.\Generated_Source\PSoC5/Left_Phase_Counter_PM.c **** *
ARM GAS  C:\Users\Tim\AppData\Local\Temp\ccCzdgEb.s 			page 3


  60:.\Generated_Source\PSoC5/Left_Phase_Counter_PM.c **** * Summary:
  61:.\Generated_Source\PSoC5/Left_Phase_Counter_PM.c **** *  Restores the current user configuration.
  62:.\Generated_Source\PSoC5/Left_Phase_Counter_PM.c **** *
  63:.\Generated_Source\PSoC5/Left_Phase_Counter_PM.c **** * Parameters:  
  64:.\Generated_Source\PSoC5/Left_Phase_Counter_PM.c **** *  void
  65:.\Generated_Source\PSoC5/Left_Phase_Counter_PM.c **** *
  66:.\Generated_Source\PSoC5/Left_Phase_Counter_PM.c **** * Return: 
  67:.\Generated_Source\PSoC5/Left_Phase_Counter_PM.c **** *  void
  68:.\Generated_Source\PSoC5/Left_Phase_Counter_PM.c **** *
  69:.\Generated_Source\PSoC5/Left_Phase_Counter_PM.c **** * Global variables:
  70:.\Generated_Source\PSoC5/Left_Phase_Counter_PM.c **** *  Left_Phase_Counter_backup:  Variables of this global structure are used to 
  71:.\Generated_Source\PSoC5/Left_Phase_Counter_PM.c **** *  restore the values of non retention registers on wakeup from sleep mode.
  72:.\Generated_Source\PSoC5/Left_Phase_Counter_PM.c **** *
  73:.\Generated_Source\PSoC5/Left_Phase_Counter_PM.c **** *******************************************************************************/
  74:.\Generated_Source\PSoC5/Left_Phase_Counter_PM.c **** void Left_Phase_Counter_RestoreConfig(void) 
  75:.\Generated_Source\PSoC5/Left_Phase_Counter_PM.c **** {      
  56              		.loc 1 75 0
  57              		.cfi_startproc
  58              		@ args = 0, pretend = 0, frame = 0
  59              		@ frame_needed = 0, uses_anonymous_args = 0
  60 0000 08B5     		push	{r3, lr}
  61              		.cfi_def_cfa_offset 8
  62              		.cfi_offset 3, -8
  63              		.cfi_offset 14, -4
  76:.\Generated_Source\PSoC5/Left_Phase_Counter_PM.c ****     #if (!Left_Phase_Counter_UsingFixedFunction)
  77:.\Generated_Source\PSoC5/Left_Phase_Counter_PM.c **** 
  78:.\Generated_Source\PSoC5/Left_Phase_Counter_PM.c ****        Left_Phase_Counter_WriteCounter(Left_Phase_Counter_backup.CounterUdb);
  64              		.loc 1 78 0
  65 0002 024B     		ldr	r3, .L7
  66 0004 5868     		ldr	r0, [r3, #4]
  67 0006 FFF7FEFF 		bl	Left_Phase_Counter_WriteCounter
  68              	.LVL1:
  69 000a 08BD     		pop	{r3, pc}
  70              	.L8:
  71              		.align	2
  72              	.L7:
  73 000c 00000000 		.word	.LANCHOR0
  74              		.cfi_endproc
  75              	.LFE1:
  76              		.size	Left_Phase_Counter_RestoreConfig, .-Left_Phase_Counter_RestoreConfig
  77              		.section	.text.Left_Phase_Counter_Sleep,"ax",%progbits
  78              		.align	2
  79              		.global	Left_Phase_Counter_Sleep
  80              		.thumb
  81              		.thumb_func
  82              		.type	Left_Phase_Counter_Sleep, %function
  83              	Left_Phase_Counter_Sleep:
  84              	.LFB2:
  79:.\Generated_Source\PSoC5/Left_Phase_Counter_PM.c **** 
  80:.\Generated_Source\PSoC5/Left_Phase_Counter_PM.c ****         #if(!Left_Phase_Counter_ControlRegRemoved)
  81:.\Generated_Source\PSoC5/Left_Phase_Counter_PM.c ****             Left_Phase_Counter_WriteControlRegister(Left_Phase_Counter_backup.CounterControlRegiste
  82:.\Generated_Source\PSoC5/Left_Phase_Counter_PM.c ****         #endif /* (!Left_Phase_Counter_ControlRegRemoved) */
  83:.\Generated_Source\PSoC5/Left_Phase_Counter_PM.c **** 
  84:.\Generated_Source\PSoC5/Left_Phase_Counter_PM.c ****     #endif /* (!Left_Phase_Counter_UsingFixedFunction) */
  85:.\Generated_Source\PSoC5/Left_Phase_Counter_PM.c **** }
  86:.\Generated_Source\PSoC5/Left_Phase_Counter_PM.c **** 
  87:.\Generated_Source\PSoC5/Left_Phase_Counter_PM.c **** 
ARM GAS  C:\Users\Tim\AppData\Local\Temp\ccCzdgEb.s 			page 4


  88:.\Generated_Source\PSoC5/Left_Phase_Counter_PM.c **** /*******************************************************************************
  89:.\Generated_Source\PSoC5/Left_Phase_Counter_PM.c **** * Function Name: Left_Phase_Counter_Sleep
  90:.\Generated_Source\PSoC5/Left_Phase_Counter_PM.c **** ********************************************************************************
  91:.\Generated_Source\PSoC5/Left_Phase_Counter_PM.c **** * Summary:
  92:.\Generated_Source\PSoC5/Left_Phase_Counter_PM.c **** *     Stop and Save the user configuration
  93:.\Generated_Source\PSoC5/Left_Phase_Counter_PM.c **** *
  94:.\Generated_Source\PSoC5/Left_Phase_Counter_PM.c **** * Parameters:  
  95:.\Generated_Source\PSoC5/Left_Phase_Counter_PM.c **** *  void
  96:.\Generated_Source\PSoC5/Left_Phase_Counter_PM.c **** *
  97:.\Generated_Source\PSoC5/Left_Phase_Counter_PM.c **** * Return: 
  98:.\Generated_Source\PSoC5/Left_Phase_Counter_PM.c **** *  void
  99:.\Generated_Source\PSoC5/Left_Phase_Counter_PM.c **** *
 100:.\Generated_Source\PSoC5/Left_Phase_Counter_PM.c **** * Global variables:
 101:.\Generated_Source\PSoC5/Left_Phase_Counter_PM.c **** *  Left_Phase_Counter_backup.enableState:  Is modified depending on the enable 
 102:.\Generated_Source\PSoC5/Left_Phase_Counter_PM.c **** *  state of the block before entering sleep mode.
 103:.\Generated_Source\PSoC5/Left_Phase_Counter_PM.c **** *
 104:.\Generated_Source\PSoC5/Left_Phase_Counter_PM.c **** *******************************************************************************/
 105:.\Generated_Source\PSoC5/Left_Phase_Counter_PM.c **** void Left_Phase_Counter_Sleep(void) 
 106:.\Generated_Source\PSoC5/Left_Phase_Counter_PM.c **** {
  85              		.loc 1 106 0
  86              		.cfi_startproc
  87              		@ args = 0, pretend = 0, frame = 0
  88              		@ frame_needed = 0, uses_anonymous_args = 0
  89 0000 08B5     		push	{r3, lr}
  90              		.cfi_def_cfa_offset 8
  91              		.cfi_offset 3, -8
  92              		.cfi_offset 14, -4
 107:.\Generated_Source\PSoC5/Left_Phase_Counter_PM.c ****     #if(!Left_Phase_Counter_ControlRegRemoved)
 108:.\Generated_Source\PSoC5/Left_Phase_Counter_PM.c ****         /* Save Counter's enable state */
 109:.\Generated_Source\PSoC5/Left_Phase_Counter_PM.c ****         if(Left_Phase_Counter_CTRL_ENABLE == (Left_Phase_Counter_CONTROL & Left_Phase_Counter_CTRL_
 110:.\Generated_Source\PSoC5/Left_Phase_Counter_PM.c ****         {
 111:.\Generated_Source\PSoC5/Left_Phase_Counter_PM.c ****             /* Counter is enabled */
 112:.\Generated_Source\PSoC5/Left_Phase_Counter_PM.c ****             Left_Phase_Counter_backup.CounterEnableState = 1u;
 113:.\Generated_Source\PSoC5/Left_Phase_Counter_PM.c ****         }
 114:.\Generated_Source\PSoC5/Left_Phase_Counter_PM.c ****         else
 115:.\Generated_Source\PSoC5/Left_Phase_Counter_PM.c ****         {
 116:.\Generated_Source\PSoC5/Left_Phase_Counter_PM.c ****             /* Counter is disabled */
 117:.\Generated_Source\PSoC5/Left_Phase_Counter_PM.c ****             Left_Phase_Counter_backup.CounterEnableState = 0u;
 118:.\Generated_Source\PSoC5/Left_Phase_Counter_PM.c ****         }
 119:.\Generated_Source\PSoC5/Left_Phase_Counter_PM.c ****     #else
 120:.\Generated_Source\PSoC5/Left_Phase_Counter_PM.c ****         Left_Phase_Counter_backup.CounterEnableState = 1u;
 121:.\Generated_Source\PSoC5/Left_Phase_Counter_PM.c ****         if(Left_Phase_Counter_backup.CounterEnableState != 0u)
 122:.\Generated_Source\PSoC5/Left_Phase_Counter_PM.c ****         {
 123:.\Generated_Source\PSoC5/Left_Phase_Counter_PM.c ****             Left_Phase_Counter_backup.CounterEnableState = 0u;
  93              		.loc 1 123 0
  94 0002 0022     		movs	r2, #0
  95 0004 034B     		ldr	r3, .L11
  96 0006 1A70     		strb	r2, [r3]
 124:.\Generated_Source\PSoC5/Left_Phase_Counter_PM.c ****         }
 125:.\Generated_Source\PSoC5/Left_Phase_Counter_PM.c ****     #endif /* (!Left_Phase_Counter_ControlRegRemoved) */
 126:.\Generated_Source\PSoC5/Left_Phase_Counter_PM.c ****     
 127:.\Generated_Source\PSoC5/Left_Phase_Counter_PM.c ****     Left_Phase_Counter_Stop();
  97              		.loc 1 127 0
  98 0008 FFF7FEFF 		bl	Left_Phase_Counter_Stop
  99              	.LVL2:
 128:.\Generated_Source\PSoC5/Left_Phase_Counter_PM.c ****     Left_Phase_Counter_SaveConfig();
 100              		.loc 1 128 0
ARM GAS  C:\Users\Tim\AppData\Local\Temp\ccCzdgEb.s 			page 5


 101 000c FFF7FEFF 		bl	Left_Phase_Counter_SaveConfig
 102              	.LVL3:
 103 0010 08BD     		pop	{r3, pc}
 104              	.L12:
 105 0012 00BF     		.align	2
 106              	.L11:
 107 0014 00000000 		.word	.LANCHOR0
 108              		.cfi_endproc
 109              	.LFE2:
 110              		.size	Left_Phase_Counter_Sleep, .-Left_Phase_Counter_Sleep
 111              		.section	.text.Left_Phase_Counter_Wakeup,"ax",%progbits
 112              		.align	2
 113              		.global	Left_Phase_Counter_Wakeup
 114              		.thumb
 115              		.thumb_func
 116              		.type	Left_Phase_Counter_Wakeup, %function
 117              	Left_Phase_Counter_Wakeup:
 118              	.LFB3:
 129:.\Generated_Source\PSoC5/Left_Phase_Counter_PM.c **** }
 130:.\Generated_Source\PSoC5/Left_Phase_Counter_PM.c **** 
 131:.\Generated_Source\PSoC5/Left_Phase_Counter_PM.c **** 
 132:.\Generated_Source\PSoC5/Left_Phase_Counter_PM.c **** /*******************************************************************************
 133:.\Generated_Source\PSoC5/Left_Phase_Counter_PM.c **** * Function Name: Left_Phase_Counter_Wakeup
 134:.\Generated_Source\PSoC5/Left_Phase_Counter_PM.c **** ********************************************************************************
 135:.\Generated_Source\PSoC5/Left_Phase_Counter_PM.c **** *
 136:.\Generated_Source\PSoC5/Left_Phase_Counter_PM.c **** * Summary:
 137:.\Generated_Source\PSoC5/Left_Phase_Counter_PM.c **** *  Restores and enables the user configuration
 138:.\Generated_Source\PSoC5/Left_Phase_Counter_PM.c **** *  
 139:.\Generated_Source\PSoC5/Left_Phase_Counter_PM.c **** * Parameters:  
 140:.\Generated_Source\PSoC5/Left_Phase_Counter_PM.c **** *  void
 141:.\Generated_Source\PSoC5/Left_Phase_Counter_PM.c **** *
 142:.\Generated_Source\PSoC5/Left_Phase_Counter_PM.c **** * Return: 
 143:.\Generated_Source\PSoC5/Left_Phase_Counter_PM.c **** *  void
 144:.\Generated_Source\PSoC5/Left_Phase_Counter_PM.c **** *
 145:.\Generated_Source\PSoC5/Left_Phase_Counter_PM.c **** * Global variables:
 146:.\Generated_Source\PSoC5/Left_Phase_Counter_PM.c **** *  Left_Phase_Counter_backup.enableState:  Is used to restore the enable state of 
 147:.\Generated_Source\PSoC5/Left_Phase_Counter_PM.c **** *  block on wakeup from sleep mode.
 148:.\Generated_Source\PSoC5/Left_Phase_Counter_PM.c **** *
 149:.\Generated_Source\PSoC5/Left_Phase_Counter_PM.c **** *******************************************************************************/
 150:.\Generated_Source\PSoC5/Left_Phase_Counter_PM.c **** void Left_Phase_Counter_Wakeup(void) 
 151:.\Generated_Source\PSoC5/Left_Phase_Counter_PM.c **** {
 119              		.loc 1 151 0
 120              		.cfi_startproc
 121              		@ args = 0, pretend = 0, frame = 0
 122              		@ frame_needed = 0, uses_anonymous_args = 0
 123 0000 08B5     		push	{r3, lr}
 124              		.cfi_def_cfa_offset 8
 125              		.cfi_offset 3, -8
 126              		.cfi_offset 14, -4
 152:.\Generated_Source\PSoC5/Left_Phase_Counter_PM.c ****     Left_Phase_Counter_RestoreConfig();
 127              		.loc 1 152 0
 128 0002 FFF7FEFF 		bl	Left_Phase_Counter_RestoreConfig
 129              	.LVL4:
 130 0006 08BD     		pop	{r3, pc}
 131              		.cfi_endproc
 132              	.LFE3:
 133              		.size	Left_Phase_Counter_Wakeup, .-Left_Phase_Counter_Wakeup
ARM GAS  C:\Users\Tim\AppData\Local\Temp\ccCzdgEb.s 			page 6


 134              		.bss
 135              		.align	2
 136              		.set	.LANCHOR0,. + 0
 137              		.type	Left_Phase_Counter_backup, %object
 138              		.size	Left_Phase_Counter_backup, 8
 139              	Left_Phase_Counter_backup:
 140 0000 00000000 		.space	8
 140      00000000 
 141              		.text
 142              	.Letext0:
 143              		.file 2 ".\\Generated_Source\\PSoC5\\cytypes.h"
 144              		.file 3 ".\\Generated_Source\\PSoC5\\Left_Phase_Counter.h"
 145              		.section	.debug_info,"",%progbits
 146              	.Ldebug_info0:
 147 0000 81010000 		.4byte	0x181
 148 0004 0400     		.2byte	0x4
 149 0006 00000000 		.4byte	.Ldebug_abbrev0
 150 000a 04       		.byte	0x4
 151 000b 01       		.uleb128 0x1
 152 000c EF000000 		.4byte	.LASF22
 153 0010 01       		.byte	0x1
 154 0011 3C000000 		.4byte	.LASF23
 155 0015 2A020000 		.4byte	.LASF24
 156 0019 00000000 		.4byte	.Ldebug_ranges0+0
 157 001d 00000000 		.4byte	0
 158 0021 00000000 		.4byte	.Ldebug_line0
 159 0025 02       		.uleb128 0x2
 160 0026 01       		.byte	0x1
 161 0027 06       		.byte	0x6
 162 0028 1E020000 		.4byte	.LASF0
 163 002c 02       		.uleb128 0x2
 164 002d 01       		.byte	0x1
 165 002e 08       		.byte	0x8
 166 002f 9E010000 		.4byte	.LASF1
 167 0033 02       		.uleb128 0x2
 168 0034 02       		.byte	0x2
 169 0035 05       		.byte	0x5
 170 0036 62020000 		.4byte	.LASF2
 171 003a 02       		.uleb128 0x2
 172 003b 02       		.byte	0x2
 173 003c 07       		.byte	0x7
 174 003d 0B020000 		.4byte	.LASF3
 175 0041 02       		.uleb128 0x2
 176 0042 04       		.byte	0x4
 177 0043 05       		.byte	0x5
 178 0044 C9010000 		.4byte	.LASF4
 179 0048 02       		.uleb128 0x2
 180 0049 04       		.byte	0x4
 181 004a 07       		.byte	0x7
 182 004b 8D000000 		.4byte	.LASF5
 183 004f 02       		.uleb128 0x2
 184 0050 08       		.byte	0x8
 185 0051 05       		.byte	0x5
 186 0052 00000000 		.4byte	.LASF6
 187 0056 02       		.uleb128 0x2
 188 0057 08       		.byte	0x8
 189 0058 07       		.byte	0x7
ARM GAS  C:\Users\Tim\AppData\Local\Temp\ccCzdgEb.s 			page 7


 190 0059 BF000000 		.4byte	.LASF7
 191 005d 03       		.uleb128 0x3
 192 005e 04       		.byte	0x4
 193 005f 05       		.byte	0x5
 194 0060 696E7400 		.ascii	"int\000"
 195 0064 02       		.uleb128 0x2
 196 0065 04       		.byte	0x4
 197 0066 07       		.byte	0x7
 198 0067 2F000000 		.4byte	.LASF8
 199 006b 04       		.uleb128 0x4
 200 006c 87000000 		.4byte	.LASF9
 201 0070 02       		.byte	0x2
 202 0071 3801     		.2byte	0x138
 203 0073 2C000000 		.4byte	0x2c
 204 0077 04       		.uleb128 0x4
 205 0078 0E000000 		.4byte	.LASF10
 206 007c 02       		.byte	0x2
 207 007d 3A01     		.2byte	0x13a
 208 007f 48000000 		.4byte	0x48
 209 0083 02       		.uleb128 0x2
 210 0084 04       		.byte	0x4
 211 0085 04       		.byte	0x4
 212 0086 5C020000 		.4byte	.LASF11
 213 008a 02       		.uleb128 0x2
 214 008b 08       		.byte	0x8
 215 008c 04       		.byte	0x4
 216 008d 04020000 		.4byte	.LASF12
 217 0091 02       		.uleb128 0x2
 218 0092 01       		.byte	0x1
 219 0093 08       		.byte	0x8
 220 0094 AC010000 		.4byte	.LASF13
 221 0098 02       		.uleb128 0x2
 222 0099 04       		.byte	0x4
 223 009a 07       		.byte	0x7
 224 009b 95020000 		.4byte	.LASF14
 225 009f 05       		.uleb128 0x5
 226 00a0 08       		.byte	0x8
 227 00a1 03       		.byte	0x3
 228 00a2 40       		.byte	0x40
 229 00a3 C0000000 		.4byte	0xc0
 230 00a7 06       		.uleb128 0x6
 231 00a8 F1010000 		.4byte	.LASF15
 232 00ac 03       		.byte	0x3
 233 00ad 42       		.byte	0x42
 234 00ae 6B000000 		.4byte	0x6b
 235 00b2 00       		.byte	0
 236 00b3 06       		.uleb128 0x6
 237 00b4 6C020000 		.4byte	.LASF16
 238 00b8 03       		.byte	0x3
 239 00b9 43       		.byte	0x43
 240 00ba 77000000 		.4byte	0x77
 241 00be 04       		.byte	0x4
 242 00bf 00       		.byte	0
 243 00c0 07       		.uleb128 0x7
 244 00c1 9E020000 		.4byte	.LASF17
 245 00c5 03       		.byte	0x3
 246 00c6 49       		.byte	0x49
ARM GAS  C:\Users\Tim\AppData\Local\Temp\ccCzdgEb.s 			page 8


 247 00c7 9F000000 		.4byte	0x9f
 248 00cb 08       		.uleb128 0x8
 249 00cc 77020000 		.4byte	.LASF18
 250 00d0 01       		.byte	0x1
 251 00d1 2A       		.byte	0x2a
 252 00d2 00000000 		.4byte	.LFB0
 253 00d6 10000000 		.4byte	.LFE0-.LFB0
 254 00da 01       		.uleb128 0x1
 255 00db 9C       		.byte	0x9c
 256 00dc EA000000 		.4byte	0xea
 257 00e0 09       		.uleb128 0x9
 258 00e1 06000000 		.4byte	.LVL0
 259 00e5 61010000 		.4byte	0x161
 260 00e9 00       		.byte	0
 261 00ea 08       		.uleb128 0x8
 262 00eb 7D010000 		.4byte	.LASF19
 263 00ef 01       		.byte	0x1
 264 00f0 4A       		.byte	0x4a
 265 00f1 00000000 		.4byte	.LFB1
 266 00f5 10000000 		.4byte	.LFE1-.LFB1
 267 00f9 01       		.uleb128 0x1
 268 00fa 9C       		.byte	0x9c
 269 00fb 09010000 		.4byte	0x109
 270 00ff 09       		.uleb128 0x9
 271 0100 0A000000 		.4byte	.LVL1
 272 0104 6C010000 		.4byte	0x16c
 273 0108 00       		.byte	0
 274 0109 08       		.uleb128 0x8
 275 010a D6000000 		.4byte	.LASF20
 276 010e 01       		.byte	0x1
 277 010f 69       		.byte	0x69
 278 0110 00000000 		.4byte	.LFB2
 279 0114 18000000 		.4byte	.LFE2-.LFB2
 280 0118 01       		.uleb128 0x1
 281 0119 9C       		.byte	0x9c
 282 011a 31010000 		.4byte	0x131
 283 011e 09       		.uleb128 0x9
 284 011f 0C000000 		.4byte	.LVL2
 285 0123 7D010000 		.4byte	0x17d
 286 0127 09       		.uleb128 0x9
 287 0128 10000000 		.4byte	.LVL3
 288 012c CB000000 		.4byte	0xcb
 289 0130 00       		.byte	0
 290 0131 08       		.uleb128 0x8
 291 0132 15000000 		.4byte	.LASF21
 292 0136 01       		.byte	0x1
 293 0137 96       		.byte	0x96
 294 0138 00000000 		.4byte	.LFB3
 295 013c 08000000 		.4byte	.LFE3-.LFB3
 296 0140 01       		.uleb128 0x1
 297 0141 9C       		.byte	0x9c
 298 0142 50010000 		.4byte	0x150
 299 0146 09       		.uleb128 0x9
 300 0147 06000000 		.4byte	.LVL4
 301 014b EA000000 		.4byte	0xea
 302 014f 00       		.byte	0
 303 0150 0A       		.uleb128 0xa
ARM GAS  C:\Users\Tim\AppData\Local\Temp\ccCzdgEb.s 			page 9


 304 0151 6D000000 		.4byte	.LASF25
 305 0155 01       		.byte	0x1
 306 0156 15       		.byte	0x15
 307 0157 C0000000 		.4byte	0xc0
 308 015b 05       		.uleb128 0x5
 309 015c 03       		.byte	0x3
 310 015d 00000000 		.4byte	Left_Phase_Counter_backup
 311 0161 0B       		.uleb128 0xb
 312 0162 D2010000 		.4byte	.LASF26
 313 0166 03       		.byte	0x3
 314 0167 5D       		.byte	0x5d
 315 0168 77000000 		.4byte	0x77
 316 016c 0C       		.uleb128 0xc
 317 016d 9F000000 		.4byte	.LASF27
 318 0171 03       		.byte	0x3
 319 0172 5A       		.byte	0x5a
 320 0173 7D010000 		.4byte	0x17d
 321 0177 0D       		.uleb128 0xd
 322 0178 77000000 		.4byte	0x77
 323 017c 00       		.byte	0
 324 017d 0E       		.uleb128 0xe
 325 017e B1010000 		.4byte	.LASF28
 326 0182 03       		.byte	0x3
 327 0183 50       		.byte	0x50
 328 0184 00       		.byte	0
 329              		.section	.debug_abbrev,"",%progbits
 330              	.Ldebug_abbrev0:
 331 0000 01       		.uleb128 0x1
 332 0001 11       		.uleb128 0x11
 333 0002 01       		.byte	0x1
 334 0003 25       		.uleb128 0x25
 335 0004 0E       		.uleb128 0xe
 336 0005 13       		.uleb128 0x13
 337 0006 0B       		.uleb128 0xb
 338 0007 03       		.uleb128 0x3
 339 0008 0E       		.uleb128 0xe
 340 0009 1B       		.uleb128 0x1b
 341 000a 0E       		.uleb128 0xe
 342 000b 55       		.uleb128 0x55
 343 000c 17       		.uleb128 0x17
 344 000d 11       		.uleb128 0x11
 345 000e 01       		.uleb128 0x1
 346 000f 10       		.uleb128 0x10
 347 0010 17       		.uleb128 0x17
 348 0011 00       		.byte	0
 349 0012 00       		.byte	0
 350 0013 02       		.uleb128 0x2
 351 0014 24       		.uleb128 0x24
 352 0015 00       		.byte	0
 353 0016 0B       		.uleb128 0xb
 354 0017 0B       		.uleb128 0xb
 355 0018 3E       		.uleb128 0x3e
 356 0019 0B       		.uleb128 0xb
 357 001a 03       		.uleb128 0x3
 358 001b 0E       		.uleb128 0xe
 359 001c 00       		.byte	0
 360 001d 00       		.byte	0
ARM GAS  C:\Users\Tim\AppData\Local\Temp\ccCzdgEb.s 			page 10


 361 001e 03       		.uleb128 0x3
 362 001f 24       		.uleb128 0x24
 363 0020 00       		.byte	0
 364 0021 0B       		.uleb128 0xb
 365 0022 0B       		.uleb128 0xb
 366 0023 3E       		.uleb128 0x3e
 367 0024 0B       		.uleb128 0xb
 368 0025 03       		.uleb128 0x3
 369 0026 08       		.uleb128 0x8
 370 0027 00       		.byte	0
 371 0028 00       		.byte	0
 372 0029 04       		.uleb128 0x4
 373 002a 16       		.uleb128 0x16
 374 002b 00       		.byte	0
 375 002c 03       		.uleb128 0x3
 376 002d 0E       		.uleb128 0xe
 377 002e 3A       		.uleb128 0x3a
 378 002f 0B       		.uleb128 0xb
 379 0030 3B       		.uleb128 0x3b
 380 0031 05       		.uleb128 0x5
 381 0032 49       		.uleb128 0x49
 382 0033 13       		.uleb128 0x13
 383 0034 00       		.byte	0
 384 0035 00       		.byte	0
 385 0036 05       		.uleb128 0x5
 386 0037 13       		.uleb128 0x13
 387 0038 01       		.byte	0x1
 388 0039 0B       		.uleb128 0xb
 389 003a 0B       		.uleb128 0xb
 390 003b 3A       		.uleb128 0x3a
 391 003c 0B       		.uleb128 0xb
 392 003d 3B       		.uleb128 0x3b
 393 003e 0B       		.uleb128 0xb
 394 003f 01       		.uleb128 0x1
 395 0040 13       		.uleb128 0x13
 396 0041 00       		.byte	0
 397 0042 00       		.byte	0
 398 0043 06       		.uleb128 0x6
 399 0044 0D       		.uleb128 0xd
 400 0045 00       		.byte	0
 401 0046 03       		.uleb128 0x3
 402 0047 0E       		.uleb128 0xe
 403 0048 3A       		.uleb128 0x3a
 404 0049 0B       		.uleb128 0xb
 405 004a 3B       		.uleb128 0x3b
 406 004b 0B       		.uleb128 0xb
 407 004c 49       		.uleb128 0x49
 408 004d 13       		.uleb128 0x13
 409 004e 38       		.uleb128 0x38
 410 004f 0B       		.uleb128 0xb
 411 0050 00       		.byte	0
 412 0051 00       		.byte	0
 413 0052 07       		.uleb128 0x7
 414 0053 16       		.uleb128 0x16
 415 0054 00       		.byte	0
 416 0055 03       		.uleb128 0x3
 417 0056 0E       		.uleb128 0xe
ARM GAS  C:\Users\Tim\AppData\Local\Temp\ccCzdgEb.s 			page 11


 418 0057 3A       		.uleb128 0x3a
 419 0058 0B       		.uleb128 0xb
 420 0059 3B       		.uleb128 0x3b
 421 005a 0B       		.uleb128 0xb
 422 005b 49       		.uleb128 0x49
 423 005c 13       		.uleb128 0x13
 424 005d 00       		.byte	0
 425 005e 00       		.byte	0
 426 005f 08       		.uleb128 0x8
 427 0060 2E       		.uleb128 0x2e
 428 0061 01       		.byte	0x1
 429 0062 3F       		.uleb128 0x3f
 430 0063 19       		.uleb128 0x19
 431 0064 03       		.uleb128 0x3
 432 0065 0E       		.uleb128 0xe
 433 0066 3A       		.uleb128 0x3a
 434 0067 0B       		.uleb128 0xb
 435 0068 3B       		.uleb128 0x3b
 436 0069 0B       		.uleb128 0xb
 437 006a 27       		.uleb128 0x27
 438 006b 19       		.uleb128 0x19
 439 006c 11       		.uleb128 0x11
 440 006d 01       		.uleb128 0x1
 441 006e 12       		.uleb128 0x12
 442 006f 06       		.uleb128 0x6
 443 0070 40       		.uleb128 0x40
 444 0071 18       		.uleb128 0x18
 445 0072 9742     		.uleb128 0x2117
 446 0074 19       		.uleb128 0x19
 447 0075 01       		.uleb128 0x1
 448 0076 13       		.uleb128 0x13
 449 0077 00       		.byte	0
 450 0078 00       		.byte	0
 451 0079 09       		.uleb128 0x9
 452 007a 898201   		.uleb128 0x4109
 453 007d 00       		.byte	0
 454 007e 11       		.uleb128 0x11
 455 007f 01       		.uleb128 0x1
 456 0080 31       		.uleb128 0x31
 457 0081 13       		.uleb128 0x13
 458 0082 00       		.byte	0
 459 0083 00       		.byte	0
 460 0084 0A       		.uleb128 0xa
 461 0085 34       		.uleb128 0x34
 462 0086 00       		.byte	0
 463 0087 03       		.uleb128 0x3
 464 0088 0E       		.uleb128 0xe
 465 0089 3A       		.uleb128 0x3a
 466 008a 0B       		.uleb128 0xb
 467 008b 3B       		.uleb128 0x3b
 468 008c 0B       		.uleb128 0xb
 469 008d 49       		.uleb128 0x49
 470 008e 13       		.uleb128 0x13
 471 008f 02       		.uleb128 0x2
 472 0090 18       		.uleb128 0x18
 473 0091 00       		.byte	0
 474 0092 00       		.byte	0
ARM GAS  C:\Users\Tim\AppData\Local\Temp\ccCzdgEb.s 			page 12


 475 0093 0B       		.uleb128 0xb
 476 0094 2E       		.uleb128 0x2e
 477 0095 00       		.byte	0
 478 0096 3F       		.uleb128 0x3f
 479 0097 19       		.uleb128 0x19
 480 0098 03       		.uleb128 0x3
 481 0099 0E       		.uleb128 0xe
 482 009a 3A       		.uleb128 0x3a
 483 009b 0B       		.uleb128 0xb
 484 009c 3B       		.uleb128 0x3b
 485 009d 0B       		.uleb128 0xb
 486 009e 27       		.uleb128 0x27
 487 009f 19       		.uleb128 0x19
 488 00a0 49       		.uleb128 0x49
 489 00a1 13       		.uleb128 0x13
 490 00a2 3C       		.uleb128 0x3c
 491 00a3 19       		.uleb128 0x19
 492 00a4 00       		.byte	0
 493 00a5 00       		.byte	0
 494 00a6 0C       		.uleb128 0xc
 495 00a7 2E       		.uleb128 0x2e
 496 00a8 01       		.byte	0x1
 497 00a9 3F       		.uleb128 0x3f
 498 00aa 19       		.uleb128 0x19
 499 00ab 03       		.uleb128 0x3
 500 00ac 0E       		.uleb128 0xe
 501 00ad 3A       		.uleb128 0x3a
 502 00ae 0B       		.uleb128 0xb
 503 00af 3B       		.uleb128 0x3b
 504 00b0 0B       		.uleb128 0xb
 505 00b1 27       		.uleb128 0x27
 506 00b2 19       		.uleb128 0x19
 507 00b3 3C       		.uleb128 0x3c
 508 00b4 19       		.uleb128 0x19
 509 00b5 01       		.uleb128 0x1
 510 00b6 13       		.uleb128 0x13
 511 00b7 00       		.byte	0
 512 00b8 00       		.byte	0
 513 00b9 0D       		.uleb128 0xd
 514 00ba 05       		.uleb128 0x5
 515 00bb 00       		.byte	0
 516 00bc 49       		.uleb128 0x49
 517 00bd 13       		.uleb128 0x13
 518 00be 00       		.byte	0
 519 00bf 00       		.byte	0
 520 00c0 0E       		.uleb128 0xe
 521 00c1 2E       		.uleb128 0x2e
 522 00c2 00       		.byte	0
 523 00c3 3F       		.uleb128 0x3f
 524 00c4 19       		.uleb128 0x19
 525 00c5 03       		.uleb128 0x3
 526 00c6 0E       		.uleb128 0xe
 527 00c7 3A       		.uleb128 0x3a
 528 00c8 0B       		.uleb128 0xb
 529 00c9 3B       		.uleb128 0x3b
 530 00ca 0B       		.uleb128 0xb
 531 00cb 27       		.uleb128 0x27
ARM GAS  C:\Users\Tim\AppData\Local\Temp\ccCzdgEb.s 			page 13


 532 00cc 19       		.uleb128 0x19
 533 00cd 3C       		.uleb128 0x3c
 534 00ce 19       		.uleb128 0x19
 535 00cf 00       		.byte	0
 536 00d0 00       		.byte	0
 537 00d1 00       		.byte	0
 538              		.section	.debug_aranges,"",%progbits
 539 0000 34000000 		.4byte	0x34
 540 0004 0200     		.2byte	0x2
 541 0006 00000000 		.4byte	.Ldebug_info0
 542 000a 04       		.byte	0x4
 543 000b 00       		.byte	0
 544 000c 0000     		.2byte	0
 545 000e 0000     		.2byte	0
 546 0010 00000000 		.4byte	.LFB0
 547 0014 10000000 		.4byte	.LFE0-.LFB0
 548 0018 00000000 		.4byte	.LFB1
 549 001c 10000000 		.4byte	.LFE1-.LFB1
 550 0020 00000000 		.4byte	.LFB2
 551 0024 18000000 		.4byte	.LFE2-.LFB2
 552 0028 00000000 		.4byte	.LFB3
 553 002c 08000000 		.4byte	.LFE3-.LFB3
 554 0030 00000000 		.4byte	0
 555 0034 00000000 		.4byte	0
 556              		.section	.debug_ranges,"",%progbits
 557              	.Ldebug_ranges0:
 558 0000 00000000 		.4byte	.LFB0
 559 0004 10000000 		.4byte	.LFE0
 560 0008 00000000 		.4byte	.LFB1
 561 000c 10000000 		.4byte	.LFE1
 562 0010 00000000 		.4byte	.LFB2
 563 0014 18000000 		.4byte	.LFE2
 564 0018 00000000 		.4byte	.LFB3
 565 001c 08000000 		.4byte	.LFE3
 566 0020 00000000 		.4byte	0
 567 0024 00000000 		.4byte	0
 568              		.section	.debug_line,"",%progbits
 569              	.Ldebug_line0:
 570 0000 B9000000 		.section	.debug_str,"MS",%progbits,1
 570      02006C00 
 570      00000201 
 570      FB0E0D00 
 570      01010101 
 571              	.LASF6:
 572 0000 6C6F6E67 		.ascii	"long long int\000"
 572      206C6F6E 
 572      6720696E 
 572      7400
 573              	.LASF10:
 574 000e 75696E74 		.ascii	"uint32\000"
 574      333200
 575              	.LASF21:
 576 0015 4C656674 		.ascii	"Left_Phase_Counter_Wakeup\000"
 576      5F506861 
 576      73655F43 
 576      6F756E74 
 576      65725F57 
ARM GAS  C:\Users\Tim\AppData\Local\Temp\ccCzdgEb.s 			page 14


 577              	.LASF8:
 578 002f 756E7369 		.ascii	"unsigned int\000"
 578      676E6564 
 578      20696E74 
 578      00
 579              	.LASF23:
 580 003c 2E5C4765 		.ascii	".\\Generated_Source\\PSoC5\\Left_Phase_Counter_PM.c"
 580      6E657261 
 580      7465645F 
 580      536F7572 
 580      63655C50 
 581 006c 00       		.ascii	"\000"
 582              	.LASF25:
 583 006d 4C656674 		.ascii	"Left_Phase_Counter_backup\000"
 583      5F506861 
 583      73655F43 
 583      6F756E74 
 583      65725F62 
 584              	.LASF9:
 585 0087 75696E74 		.ascii	"uint8\000"
 585      3800
 586              	.LASF5:
 587 008d 6C6F6E67 		.ascii	"long unsigned int\000"
 587      20756E73 
 587      69676E65 
 587      6420696E 
 587      7400
 588              	.LASF27:
 589 009f 4C656674 		.ascii	"Left_Phase_Counter_WriteCounter\000"
 589      5F506861 
 589      73655F43 
 589      6F756E74 
 589      65725F57 
 590              	.LASF7:
 591 00bf 6C6F6E67 		.ascii	"long long unsigned int\000"
 591      206C6F6E 
 591      6720756E 
 591      7369676E 
 591      65642069 
 592              	.LASF20:
 593 00d6 4C656674 		.ascii	"Left_Phase_Counter_Sleep\000"
 593      5F506861 
 593      73655F43 
 593      6F756E74 
 593      65725F53 
 594              	.LASF22:
 595 00ef 474E5520 		.ascii	"GNU C 4.9.3 20150303 (release) [ARM/embedded-4_9-br"
 595      4320342E 
 595      392E3320 
 595      32303135 
 595      30333033 
 596 0122 616E6368 		.ascii	"anch revision 221220] -mcpu=cortex-m3 -mthumb -g -O"
 596      20726576 
 596      6973696F 
 596      6E203232 
 596      31323230 
 597 0155 67202D66 		.ascii	"g -ffunction-sections -ffat-lto-objects\000"
ARM GAS  C:\Users\Tim\AppData\Local\Temp\ccCzdgEb.s 			page 15


 597      66756E63 
 597      74696F6E 
 597      2D736563 
 597      74696F6E 
 598              	.LASF19:
 599 017d 4C656674 		.ascii	"Left_Phase_Counter_RestoreConfig\000"
 599      5F506861 
 599      73655F43 
 599      6F756E74 
 599      65725F52 
 600              	.LASF1:
 601 019e 756E7369 		.ascii	"unsigned char\000"
 601      676E6564 
 601      20636861 
 601      7200
 602              	.LASF13:
 603 01ac 63686172 		.ascii	"char\000"
 603      00
 604              	.LASF28:
 605 01b1 4C656674 		.ascii	"Left_Phase_Counter_Stop\000"
 605      5F506861 
 605      73655F43 
 605      6F756E74 
 605      65725F53 
 606              	.LASF4:
 607 01c9 6C6F6E67 		.ascii	"long int\000"
 607      20696E74 
 607      00
 608              	.LASF26:
 609 01d2 4C656674 		.ascii	"Left_Phase_Counter_ReadCounter\000"
 609      5F506861 
 609      73655F43 
 609      6F756E74 
 609      65725F52 
 610              	.LASF15:
 611 01f1 436F756E 		.ascii	"CounterEnableState\000"
 611      74657245 
 611      6E61626C 
 611      65537461 
 611      746500
 612              	.LASF12:
 613 0204 646F7562 		.ascii	"double\000"
 613      6C6500
 614              	.LASF3:
 615 020b 73686F72 		.ascii	"short unsigned int\000"
 615      7420756E 
 615      7369676E 
 615      65642069 
 615      6E7400
 616              	.LASF0:
 617 021e 7369676E 		.ascii	"signed char\000"
 617      65642063 
 617      68617200 
 618              	.LASF24:
 619 022a 443A5C70 		.ascii	"D:\\projects\\ArloBot\\arlobot_freesoc\\freesoc.cyd"
 619      726F6A65 
 619      6374735C 
ARM GAS  C:\Users\Tim\AppData\Local\Temp\ccCzdgEb.s 			page 16


 619      41726C6F 
 619      426F745C 
 620 0259 736E00   		.ascii	"sn\000"
 621              	.LASF11:
 622 025c 666C6F61 		.ascii	"float\000"
 622      7400
 623              	.LASF2:
 624 0262 73686F72 		.ascii	"short int\000"
 624      7420696E 
 624      7400
 625              	.LASF16:
 626 026c 436F756E 		.ascii	"CounterUdb\000"
 626      74657255 
 626      646200
 627              	.LASF18:
 628 0277 4C656674 		.ascii	"Left_Phase_Counter_SaveConfig\000"
 628      5F506861 
 628      73655F43 
 628      6F756E74 
 628      65725F53 
 629              	.LASF14:
 630 0295 73697A65 		.ascii	"sizetype\000"
 630      74797065 
 630      00
 631              	.LASF17:
 632 029e 4C656674 		.ascii	"Left_Phase_Counter_backupStruct\000"
 632      5F506861 
 632      73655F43 
 632      6F756E74 
 632      65725F62 
 633              		.ident	"GCC: (GNU Tools for ARM Embedded Processors) 4.9.3 20150303 (release) [ARM/embedded-4_9-br
