ARM GAS  C:\Users\Tim\AppData\Local\Temp\ccpBe0bv.s 			page 1


   1              		.syntax unified
   2              		.cpu cortex-m3
   3              		.fpu softvfp
   4              		.eabi_attribute 20, 1
   5              		.eabi_attribute 21, 1
   6              		.eabi_attribute 23, 3
   7              		.eabi_attribute 24, 1
   8              		.eabi_attribute 25, 1
   9              		.eabi_attribute 26, 1
  10              		.eabi_attribute 30, 1
  11              		.eabi_attribute 34, 1
  12              		.eabi_attribute 18, 4
  13              		.thumb
  14              		.file	"Left_HB25_PWM_PM.c"
  15              		.text
  16              	.Ltext0:
  17              		.cfi_sections	.debug_frame
  18              		.section	.text.Left_HB25_PWM_SaveConfig,"ax",%progbits
  19              		.align	2
  20              		.global	Left_HB25_PWM_SaveConfig
  21              		.thumb
  22              		.thumb_func
  23              		.type	Left_HB25_PWM_SaveConfig, %function
  24              	Left_HB25_PWM_SaveConfig:
  25              	.LFB0:
  26              		.file 1 ".\\Generated_Source\\PSoC5\\Left_HB25_PWM_PM.c"
   1:.\Generated_Source\PSoC5/Left_HB25_PWM_PM.c **** /*******************************************************************************
   2:.\Generated_Source\PSoC5/Left_HB25_PWM_PM.c **** * File Name: Left_HB25_PWM_PM.c
   3:.\Generated_Source\PSoC5/Left_HB25_PWM_PM.c **** * Version 3.30
   4:.\Generated_Source\PSoC5/Left_HB25_PWM_PM.c **** *
   5:.\Generated_Source\PSoC5/Left_HB25_PWM_PM.c **** * Description:
   6:.\Generated_Source\PSoC5/Left_HB25_PWM_PM.c **** *  This file provides the power management source code to API for the
   7:.\Generated_Source\PSoC5/Left_HB25_PWM_PM.c **** *  PWM.
   8:.\Generated_Source\PSoC5/Left_HB25_PWM_PM.c **** *
   9:.\Generated_Source\PSoC5/Left_HB25_PWM_PM.c **** * Note:
  10:.\Generated_Source\PSoC5/Left_HB25_PWM_PM.c **** *
  11:.\Generated_Source\PSoC5/Left_HB25_PWM_PM.c **** ********************************************************************************
  12:.\Generated_Source\PSoC5/Left_HB25_PWM_PM.c **** * Copyright 2008-2014, Cypress Semiconductor Corporation.  All rights reserved.
  13:.\Generated_Source\PSoC5/Left_HB25_PWM_PM.c **** * You may use this file only in accordance with the license, terms, conditions,
  14:.\Generated_Source\PSoC5/Left_HB25_PWM_PM.c **** * disclaimers, and limitations in the end user license agreement accompanying
  15:.\Generated_Source\PSoC5/Left_HB25_PWM_PM.c **** * the software package with which this file was provided.
  16:.\Generated_Source\PSoC5/Left_HB25_PWM_PM.c **** *******************************************************************************/
  17:.\Generated_Source\PSoC5/Left_HB25_PWM_PM.c **** 
  18:.\Generated_Source\PSoC5/Left_HB25_PWM_PM.c **** #include "Left_HB25_PWM.h"
  19:.\Generated_Source\PSoC5/Left_HB25_PWM_PM.c **** 
  20:.\Generated_Source\PSoC5/Left_HB25_PWM_PM.c **** static Left_HB25_PWM_backupStruct Left_HB25_PWM_backup;
  21:.\Generated_Source\PSoC5/Left_HB25_PWM_PM.c **** 
  22:.\Generated_Source\PSoC5/Left_HB25_PWM_PM.c **** 
  23:.\Generated_Source\PSoC5/Left_HB25_PWM_PM.c **** /*******************************************************************************
  24:.\Generated_Source\PSoC5/Left_HB25_PWM_PM.c **** * Function Name: Left_HB25_PWM_SaveConfig
  25:.\Generated_Source\PSoC5/Left_HB25_PWM_PM.c **** ********************************************************************************
  26:.\Generated_Source\PSoC5/Left_HB25_PWM_PM.c **** *
  27:.\Generated_Source\PSoC5/Left_HB25_PWM_PM.c **** * Summary:
  28:.\Generated_Source\PSoC5/Left_HB25_PWM_PM.c **** *  Saves the current user configuration of the component.
  29:.\Generated_Source\PSoC5/Left_HB25_PWM_PM.c **** *
  30:.\Generated_Source\PSoC5/Left_HB25_PWM_PM.c **** * Parameters:
  31:.\Generated_Source\PSoC5/Left_HB25_PWM_PM.c **** *  None
ARM GAS  C:\Users\Tim\AppData\Local\Temp\ccpBe0bv.s 			page 2


  32:.\Generated_Source\PSoC5/Left_HB25_PWM_PM.c **** *
  33:.\Generated_Source\PSoC5/Left_HB25_PWM_PM.c **** * Return:
  34:.\Generated_Source\PSoC5/Left_HB25_PWM_PM.c **** *  None
  35:.\Generated_Source\PSoC5/Left_HB25_PWM_PM.c **** *
  36:.\Generated_Source\PSoC5/Left_HB25_PWM_PM.c **** * Global variables:
  37:.\Generated_Source\PSoC5/Left_HB25_PWM_PM.c **** *  Left_HB25_PWM_backup:  Variables of this global structure are modified to
  38:.\Generated_Source\PSoC5/Left_HB25_PWM_PM.c **** *  store the values of non retention configuration registers when Sleep() API is
  39:.\Generated_Source\PSoC5/Left_HB25_PWM_PM.c **** *  called.
  40:.\Generated_Source\PSoC5/Left_HB25_PWM_PM.c **** *
  41:.\Generated_Source\PSoC5/Left_HB25_PWM_PM.c **** *******************************************************************************/
  42:.\Generated_Source\PSoC5/Left_HB25_PWM_PM.c **** void Left_HB25_PWM_SaveConfig(void) 
  43:.\Generated_Source\PSoC5/Left_HB25_PWM_PM.c **** {
  27              		.loc 1 43 0
  28              		.cfi_startproc
  29              		@ args = 0, pretend = 0, frame = 0
  30              		@ frame_needed = 0, uses_anonymous_args = 0
  31 0000 10B5     		push	{r4, lr}
  32              		.cfi_def_cfa_offset 8
  33              		.cfi_offset 4, -8
  34              		.cfi_offset 14, -4
  44:.\Generated_Source\PSoC5/Left_HB25_PWM_PM.c **** 
  45:.\Generated_Source\PSoC5/Left_HB25_PWM_PM.c ****     #if(!Left_HB25_PWM_UsingFixedFunction)
  46:.\Generated_Source\PSoC5/Left_HB25_PWM_PM.c ****         #if(!Left_HB25_PWM_PWMModeIsCenterAligned)
  47:.\Generated_Source\PSoC5/Left_HB25_PWM_PM.c ****             Left_HB25_PWM_backup.PWMPeriod = Left_HB25_PWM_ReadPeriod();
  35              		.loc 1 47 0
  36 0002 FFF7FEFF 		bl	Left_HB25_PWM_ReadPeriod
  37              	.LVL0:
  38 0006 034C     		ldr	r4, .L3
  39 0008 A080     		strh	r0, [r4, #4]	@ movhi
  48:.\Generated_Source\PSoC5/Left_HB25_PWM_PM.c ****         #endif /* (!Left_HB25_PWM_PWMModeIsCenterAligned) */
  49:.\Generated_Source\PSoC5/Left_HB25_PWM_PM.c ****         Left_HB25_PWM_backup.PWMUdb = Left_HB25_PWM_ReadCounter();
  40              		.loc 1 49 0
  41 000a FFF7FEFF 		bl	Left_HB25_PWM_ReadCounter
  42              	.LVL1:
  43 000e 6080     		strh	r0, [r4, #2]	@ movhi
  44 0010 10BD     		pop	{r4, pc}
  45              	.L4:
  46 0012 00BF     		.align	2
  47              	.L3:
  48 0014 00000000 		.word	.LANCHOR0
  49              		.cfi_endproc
  50              	.LFE0:
  51              		.size	Left_HB25_PWM_SaveConfig, .-Left_HB25_PWM_SaveConfig
  52              		.section	.text.Left_HB25_PWM_RestoreConfig,"ax",%progbits
  53              		.align	2
  54              		.global	Left_HB25_PWM_RestoreConfig
  55              		.thumb
  56              		.thumb_func
  57              		.type	Left_HB25_PWM_RestoreConfig, %function
  58              	Left_HB25_PWM_RestoreConfig:
  59              	.LFB1:
  50:.\Generated_Source\PSoC5/Left_HB25_PWM_PM.c ****         #if (Left_HB25_PWM_UseStatus)
  51:.\Generated_Source\PSoC5/Left_HB25_PWM_PM.c ****             Left_HB25_PWM_backup.InterruptMaskValue = Left_HB25_PWM_STATUS_MASK;
  52:.\Generated_Source\PSoC5/Left_HB25_PWM_PM.c ****         #endif /* (Left_HB25_PWM_UseStatus) */
  53:.\Generated_Source\PSoC5/Left_HB25_PWM_PM.c **** 
  54:.\Generated_Source\PSoC5/Left_HB25_PWM_PM.c ****         #if(Left_HB25_PWM_DeadBandMode == Left_HB25_PWM__B_PWM__DBM_256_CLOCKS || \
  55:.\Generated_Source\PSoC5/Left_HB25_PWM_PM.c ****             Left_HB25_PWM_DeadBandMode == Left_HB25_PWM__B_PWM__DBM_2_4_CLOCKS)
ARM GAS  C:\Users\Tim\AppData\Local\Temp\ccpBe0bv.s 			page 3


  56:.\Generated_Source\PSoC5/Left_HB25_PWM_PM.c ****             Left_HB25_PWM_backup.PWMdeadBandValue = Left_HB25_PWM_ReadDeadTime();
  57:.\Generated_Source\PSoC5/Left_HB25_PWM_PM.c ****         #endif /*  deadband count is either 2-4 clocks or 256 clocks */
  58:.\Generated_Source\PSoC5/Left_HB25_PWM_PM.c **** 
  59:.\Generated_Source\PSoC5/Left_HB25_PWM_PM.c ****         #if(Left_HB25_PWM_KillModeMinTime)
  60:.\Generated_Source\PSoC5/Left_HB25_PWM_PM.c ****              Left_HB25_PWM_backup.PWMKillCounterPeriod = Left_HB25_PWM_ReadKillTime();
  61:.\Generated_Source\PSoC5/Left_HB25_PWM_PM.c ****         #endif /* (Left_HB25_PWM_KillModeMinTime) */
  62:.\Generated_Source\PSoC5/Left_HB25_PWM_PM.c **** 
  63:.\Generated_Source\PSoC5/Left_HB25_PWM_PM.c ****         #if(Left_HB25_PWM_UseControl)
  64:.\Generated_Source\PSoC5/Left_HB25_PWM_PM.c ****             Left_HB25_PWM_backup.PWMControlRegister = Left_HB25_PWM_ReadControlRegister();
  65:.\Generated_Source\PSoC5/Left_HB25_PWM_PM.c ****         #endif /* (Left_HB25_PWM_UseControl) */
  66:.\Generated_Source\PSoC5/Left_HB25_PWM_PM.c ****     #endif  /* (!Left_HB25_PWM_UsingFixedFunction) */
  67:.\Generated_Source\PSoC5/Left_HB25_PWM_PM.c **** }
  68:.\Generated_Source\PSoC5/Left_HB25_PWM_PM.c **** 
  69:.\Generated_Source\PSoC5/Left_HB25_PWM_PM.c **** 
  70:.\Generated_Source\PSoC5/Left_HB25_PWM_PM.c **** /*******************************************************************************
  71:.\Generated_Source\PSoC5/Left_HB25_PWM_PM.c **** * Function Name: Left_HB25_PWM_RestoreConfig
  72:.\Generated_Source\PSoC5/Left_HB25_PWM_PM.c **** ********************************************************************************
  73:.\Generated_Source\PSoC5/Left_HB25_PWM_PM.c **** *
  74:.\Generated_Source\PSoC5/Left_HB25_PWM_PM.c **** * Summary:
  75:.\Generated_Source\PSoC5/Left_HB25_PWM_PM.c **** *  Restores the current user configuration of the component.
  76:.\Generated_Source\PSoC5/Left_HB25_PWM_PM.c **** *
  77:.\Generated_Source\PSoC5/Left_HB25_PWM_PM.c **** * Parameters:
  78:.\Generated_Source\PSoC5/Left_HB25_PWM_PM.c **** *  None
  79:.\Generated_Source\PSoC5/Left_HB25_PWM_PM.c **** *
  80:.\Generated_Source\PSoC5/Left_HB25_PWM_PM.c **** * Return:
  81:.\Generated_Source\PSoC5/Left_HB25_PWM_PM.c **** *  None
  82:.\Generated_Source\PSoC5/Left_HB25_PWM_PM.c **** *
  83:.\Generated_Source\PSoC5/Left_HB25_PWM_PM.c **** * Global variables:
  84:.\Generated_Source\PSoC5/Left_HB25_PWM_PM.c **** *  Left_HB25_PWM_backup:  Variables of this global structure are used to
  85:.\Generated_Source\PSoC5/Left_HB25_PWM_PM.c **** *  restore the values of non retention registers on wakeup from sleep mode.
  86:.\Generated_Source\PSoC5/Left_HB25_PWM_PM.c **** *
  87:.\Generated_Source\PSoC5/Left_HB25_PWM_PM.c **** *******************************************************************************/
  88:.\Generated_Source\PSoC5/Left_HB25_PWM_PM.c **** void Left_HB25_PWM_RestoreConfig(void) 
  89:.\Generated_Source\PSoC5/Left_HB25_PWM_PM.c **** {
  60              		.loc 1 89 0
  61              		.cfi_startproc
  62              		@ args = 0, pretend = 0, frame = 0
  63              		@ frame_needed = 0, uses_anonymous_args = 0
  64 0000 10B5     		push	{r4, lr}
  65              		.cfi_def_cfa_offset 8
  66              		.cfi_offset 4, -8
  67              		.cfi_offset 14, -4
  90:.\Generated_Source\PSoC5/Left_HB25_PWM_PM.c ****         #if(!Left_HB25_PWM_UsingFixedFunction)
  91:.\Generated_Source\PSoC5/Left_HB25_PWM_PM.c ****             #if(!Left_HB25_PWM_PWMModeIsCenterAligned)
  92:.\Generated_Source\PSoC5/Left_HB25_PWM_PM.c ****                 Left_HB25_PWM_WritePeriod(Left_HB25_PWM_backup.PWMPeriod);
  68              		.loc 1 92 0
  69 0002 044C     		ldr	r4, .L7
  70 0004 A088     		ldrh	r0, [r4, #4]
  71 0006 FFF7FEFF 		bl	Left_HB25_PWM_WritePeriod
  72              	.LVL2:
  93:.\Generated_Source\PSoC5/Left_HB25_PWM_PM.c ****             #endif /* (!Left_HB25_PWM_PWMModeIsCenterAligned) */
  94:.\Generated_Source\PSoC5/Left_HB25_PWM_PM.c **** 
  95:.\Generated_Source\PSoC5/Left_HB25_PWM_PM.c ****             Left_HB25_PWM_WriteCounter(Left_HB25_PWM_backup.PWMUdb);
  73              		.loc 1 95 0
  74 000a 6088     		ldrh	r0, [r4, #2]
  75 000c FFF7FEFF 		bl	Left_HB25_PWM_WriteCounter
  76              	.LVL3:
ARM GAS  C:\Users\Tim\AppData\Local\Temp\ccpBe0bv.s 			page 4


  77 0010 10BD     		pop	{r4, pc}
  78              	.L8:
  79 0012 00BF     		.align	2
  80              	.L7:
  81 0014 00000000 		.word	.LANCHOR0
  82              		.cfi_endproc
  83              	.LFE1:
  84              		.size	Left_HB25_PWM_RestoreConfig, .-Left_HB25_PWM_RestoreConfig
  85              		.section	.text.Left_HB25_PWM_Sleep,"ax",%progbits
  86              		.align	2
  87              		.global	Left_HB25_PWM_Sleep
  88              		.thumb
  89              		.thumb_func
  90              		.type	Left_HB25_PWM_Sleep, %function
  91              	Left_HB25_PWM_Sleep:
  92              	.LFB2:
  96:.\Generated_Source\PSoC5/Left_HB25_PWM_PM.c **** 
  97:.\Generated_Source\PSoC5/Left_HB25_PWM_PM.c ****             #if (Left_HB25_PWM_UseStatus)
  98:.\Generated_Source\PSoC5/Left_HB25_PWM_PM.c ****                 Left_HB25_PWM_STATUS_MASK = Left_HB25_PWM_backup.InterruptMaskValue;
  99:.\Generated_Source\PSoC5/Left_HB25_PWM_PM.c ****             #endif /* (Left_HB25_PWM_UseStatus) */
 100:.\Generated_Source\PSoC5/Left_HB25_PWM_PM.c **** 
 101:.\Generated_Source\PSoC5/Left_HB25_PWM_PM.c ****             #if(Left_HB25_PWM_DeadBandMode == Left_HB25_PWM__B_PWM__DBM_256_CLOCKS || \
 102:.\Generated_Source\PSoC5/Left_HB25_PWM_PM.c ****                 Left_HB25_PWM_DeadBandMode == Left_HB25_PWM__B_PWM__DBM_2_4_CLOCKS)
 103:.\Generated_Source\PSoC5/Left_HB25_PWM_PM.c ****                 Left_HB25_PWM_WriteDeadTime(Left_HB25_PWM_backup.PWMdeadBandValue);
 104:.\Generated_Source\PSoC5/Left_HB25_PWM_PM.c ****             #endif /* deadband count is either 2-4 clocks or 256 clocks */
 105:.\Generated_Source\PSoC5/Left_HB25_PWM_PM.c **** 
 106:.\Generated_Source\PSoC5/Left_HB25_PWM_PM.c ****             #if(Left_HB25_PWM_KillModeMinTime)
 107:.\Generated_Source\PSoC5/Left_HB25_PWM_PM.c ****                 Left_HB25_PWM_WriteKillTime(Left_HB25_PWM_backup.PWMKillCounterPeriod);
 108:.\Generated_Source\PSoC5/Left_HB25_PWM_PM.c ****             #endif /* (Left_HB25_PWM_KillModeMinTime) */
 109:.\Generated_Source\PSoC5/Left_HB25_PWM_PM.c **** 
 110:.\Generated_Source\PSoC5/Left_HB25_PWM_PM.c ****             #if(Left_HB25_PWM_UseControl)
 111:.\Generated_Source\PSoC5/Left_HB25_PWM_PM.c ****                 Left_HB25_PWM_WriteControlRegister(Left_HB25_PWM_backup.PWMControlRegister);
 112:.\Generated_Source\PSoC5/Left_HB25_PWM_PM.c ****             #endif /* (Left_HB25_PWM_UseControl) */
 113:.\Generated_Source\PSoC5/Left_HB25_PWM_PM.c ****         #endif  /* (!Left_HB25_PWM_UsingFixedFunction) */
 114:.\Generated_Source\PSoC5/Left_HB25_PWM_PM.c ****     }
 115:.\Generated_Source\PSoC5/Left_HB25_PWM_PM.c **** 
 116:.\Generated_Source\PSoC5/Left_HB25_PWM_PM.c **** 
 117:.\Generated_Source\PSoC5/Left_HB25_PWM_PM.c **** /*******************************************************************************
 118:.\Generated_Source\PSoC5/Left_HB25_PWM_PM.c **** * Function Name: Left_HB25_PWM_Sleep
 119:.\Generated_Source\PSoC5/Left_HB25_PWM_PM.c **** ********************************************************************************
 120:.\Generated_Source\PSoC5/Left_HB25_PWM_PM.c **** *
 121:.\Generated_Source\PSoC5/Left_HB25_PWM_PM.c **** * Summary:
 122:.\Generated_Source\PSoC5/Left_HB25_PWM_PM.c **** *  Disables block's operation and saves the user configuration. Should be called
 123:.\Generated_Source\PSoC5/Left_HB25_PWM_PM.c **** *  just prior to entering sleep.
 124:.\Generated_Source\PSoC5/Left_HB25_PWM_PM.c **** *
 125:.\Generated_Source\PSoC5/Left_HB25_PWM_PM.c **** * Parameters:
 126:.\Generated_Source\PSoC5/Left_HB25_PWM_PM.c **** *  None
 127:.\Generated_Source\PSoC5/Left_HB25_PWM_PM.c **** *
 128:.\Generated_Source\PSoC5/Left_HB25_PWM_PM.c **** * Return:
 129:.\Generated_Source\PSoC5/Left_HB25_PWM_PM.c **** *  None
 130:.\Generated_Source\PSoC5/Left_HB25_PWM_PM.c **** *
 131:.\Generated_Source\PSoC5/Left_HB25_PWM_PM.c **** * Global variables:
 132:.\Generated_Source\PSoC5/Left_HB25_PWM_PM.c **** *  Left_HB25_PWM_backup.PWMEnableState:  Is modified depending on the enable
 133:.\Generated_Source\PSoC5/Left_HB25_PWM_PM.c **** *  state of the block before entering sleep mode.
 134:.\Generated_Source\PSoC5/Left_HB25_PWM_PM.c **** *
 135:.\Generated_Source\PSoC5/Left_HB25_PWM_PM.c **** *******************************************************************************/
 136:.\Generated_Source\PSoC5/Left_HB25_PWM_PM.c **** void Left_HB25_PWM_Sleep(void) 
ARM GAS  C:\Users\Tim\AppData\Local\Temp\ccpBe0bv.s 			page 5


 137:.\Generated_Source\PSoC5/Left_HB25_PWM_PM.c **** {
  93              		.loc 1 137 0
  94              		.cfi_startproc
  95              		@ args = 0, pretend = 0, frame = 0
  96              		@ frame_needed = 0, uses_anonymous_args = 0
  97 0000 08B5     		push	{r3, lr}
  98              		.cfi_def_cfa_offset 8
  99              		.cfi_offset 3, -8
 100              		.cfi_offset 14, -4
 138:.\Generated_Source\PSoC5/Left_HB25_PWM_PM.c ****     #if(Left_HB25_PWM_UseControl)
 139:.\Generated_Source\PSoC5/Left_HB25_PWM_PM.c ****         if(Left_HB25_PWM_CTRL_ENABLE == (Left_HB25_PWM_CONTROL & Left_HB25_PWM_CTRL_ENABLE))
 140:.\Generated_Source\PSoC5/Left_HB25_PWM_PM.c ****         {
 141:.\Generated_Source\PSoC5/Left_HB25_PWM_PM.c ****             /*Component is enabled */
 142:.\Generated_Source\PSoC5/Left_HB25_PWM_PM.c ****             Left_HB25_PWM_backup.PWMEnableState = 1u;
 143:.\Generated_Source\PSoC5/Left_HB25_PWM_PM.c ****         }
 144:.\Generated_Source\PSoC5/Left_HB25_PWM_PM.c ****         else
 145:.\Generated_Source\PSoC5/Left_HB25_PWM_PM.c ****         {
 146:.\Generated_Source\PSoC5/Left_HB25_PWM_PM.c ****             /* Component is disabled */
 147:.\Generated_Source\PSoC5/Left_HB25_PWM_PM.c ****             Left_HB25_PWM_backup.PWMEnableState = 0u;
 148:.\Generated_Source\PSoC5/Left_HB25_PWM_PM.c ****         }
 149:.\Generated_Source\PSoC5/Left_HB25_PWM_PM.c ****     #endif /* (Left_HB25_PWM_UseControl) */
 150:.\Generated_Source\PSoC5/Left_HB25_PWM_PM.c **** 
 151:.\Generated_Source\PSoC5/Left_HB25_PWM_PM.c ****     /* Stop component */
 152:.\Generated_Source\PSoC5/Left_HB25_PWM_PM.c ****     Left_HB25_PWM_Stop();
 101              		.loc 1 152 0
 102 0002 FFF7FEFF 		bl	Left_HB25_PWM_Stop
 103              	.LVL4:
 153:.\Generated_Source\PSoC5/Left_HB25_PWM_PM.c **** 
 154:.\Generated_Source\PSoC5/Left_HB25_PWM_PM.c ****     /* Save registers configuration */
 155:.\Generated_Source\PSoC5/Left_HB25_PWM_PM.c ****     Left_HB25_PWM_SaveConfig();
 104              		.loc 1 155 0
 105 0006 FFF7FEFF 		bl	Left_HB25_PWM_SaveConfig
 106              	.LVL5:
 107 000a 08BD     		pop	{r3, pc}
 108              		.cfi_endproc
 109              	.LFE2:
 110              		.size	Left_HB25_PWM_Sleep, .-Left_HB25_PWM_Sleep
 111              		.section	.text.Left_HB25_PWM_Wakeup,"ax",%progbits
 112              		.align	2
 113              		.global	Left_HB25_PWM_Wakeup
 114              		.thumb
 115              		.thumb_func
 116              		.type	Left_HB25_PWM_Wakeup, %function
 117              	Left_HB25_PWM_Wakeup:
 118              	.LFB3:
 156:.\Generated_Source\PSoC5/Left_HB25_PWM_PM.c **** }
 157:.\Generated_Source\PSoC5/Left_HB25_PWM_PM.c **** 
 158:.\Generated_Source\PSoC5/Left_HB25_PWM_PM.c **** 
 159:.\Generated_Source\PSoC5/Left_HB25_PWM_PM.c **** /*******************************************************************************
 160:.\Generated_Source\PSoC5/Left_HB25_PWM_PM.c **** * Function Name: Left_HB25_PWM_Wakeup
 161:.\Generated_Source\PSoC5/Left_HB25_PWM_PM.c **** ********************************************************************************
 162:.\Generated_Source\PSoC5/Left_HB25_PWM_PM.c **** *
 163:.\Generated_Source\PSoC5/Left_HB25_PWM_PM.c **** * Summary:
 164:.\Generated_Source\PSoC5/Left_HB25_PWM_PM.c **** *  Restores and enables the user configuration. Should be called just after
 165:.\Generated_Source\PSoC5/Left_HB25_PWM_PM.c **** *  awaking from sleep.
 166:.\Generated_Source\PSoC5/Left_HB25_PWM_PM.c **** *
 167:.\Generated_Source\PSoC5/Left_HB25_PWM_PM.c **** * Parameters:
ARM GAS  C:\Users\Tim\AppData\Local\Temp\ccpBe0bv.s 			page 6


 168:.\Generated_Source\PSoC5/Left_HB25_PWM_PM.c **** *  None
 169:.\Generated_Source\PSoC5/Left_HB25_PWM_PM.c **** *
 170:.\Generated_Source\PSoC5/Left_HB25_PWM_PM.c **** * Return:
 171:.\Generated_Source\PSoC5/Left_HB25_PWM_PM.c **** *  None
 172:.\Generated_Source\PSoC5/Left_HB25_PWM_PM.c **** *
 173:.\Generated_Source\PSoC5/Left_HB25_PWM_PM.c **** * Global variables:
 174:.\Generated_Source\PSoC5/Left_HB25_PWM_PM.c **** *  Left_HB25_PWM_backup.pwmEnable:  Is used to restore the enable state of
 175:.\Generated_Source\PSoC5/Left_HB25_PWM_PM.c **** *  block on wakeup from sleep mode.
 176:.\Generated_Source\PSoC5/Left_HB25_PWM_PM.c **** *
 177:.\Generated_Source\PSoC5/Left_HB25_PWM_PM.c **** *******************************************************************************/
 178:.\Generated_Source\PSoC5/Left_HB25_PWM_PM.c **** void Left_HB25_PWM_Wakeup(void) 
 179:.\Generated_Source\PSoC5/Left_HB25_PWM_PM.c **** {
 119              		.loc 1 179 0
 120              		.cfi_startproc
 121              		@ args = 0, pretend = 0, frame = 0
 122              		@ frame_needed = 0, uses_anonymous_args = 0
 123 0000 08B5     		push	{r3, lr}
 124              		.cfi_def_cfa_offset 8
 125              		.cfi_offset 3, -8
 126              		.cfi_offset 14, -4
 180:.\Generated_Source\PSoC5/Left_HB25_PWM_PM.c ****      /* Restore registers values */
 181:.\Generated_Source\PSoC5/Left_HB25_PWM_PM.c ****     Left_HB25_PWM_RestoreConfig();
 127              		.loc 1 181 0
 128 0002 FFF7FEFF 		bl	Left_HB25_PWM_RestoreConfig
 129              	.LVL6:
 182:.\Generated_Source\PSoC5/Left_HB25_PWM_PM.c **** 
 183:.\Generated_Source\PSoC5/Left_HB25_PWM_PM.c ****     if(Left_HB25_PWM_backup.PWMEnableState != 0u)
 130              		.loc 1 183 0
 131 0006 034B     		ldr	r3, .L14
 132 0008 1B78     		ldrb	r3, [r3]	@ zero_extendqisi2
 133 000a 0BB1     		cbz	r3, .L11
 184:.\Generated_Source\PSoC5/Left_HB25_PWM_PM.c ****     {
 185:.\Generated_Source\PSoC5/Left_HB25_PWM_PM.c ****         /* Enable component's operation */
 186:.\Generated_Source\PSoC5/Left_HB25_PWM_PM.c ****         Left_HB25_PWM_Enable();
 134              		.loc 1 186 0
 135 000c FFF7FEFF 		bl	Left_HB25_PWM_Enable
 136              	.LVL7:
 137              	.L11:
 138 0010 08BD     		pop	{r3, pc}
 139              	.L15:
 140 0012 00BF     		.align	2
 141              	.L14:
 142 0014 00000000 		.word	.LANCHOR0
 143              		.cfi_endproc
 144              	.LFE3:
 145              		.size	Left_HB25_PWM_Wakeup, .-Left_HB25_PWM_Wakeup
 146              		.bss
 147              		.align	2
 148              		.set	.LANCHOR0,. + 0
 149              		.type	Left_HB25_PWM_backup, %object
 150              		.size	Left_HB25_PWM_backup, 6
 151              	Left_HB25_PWM_backup:
 152 0000 00000000 		.space	6
 152      0000
 153 0006 0000     		.text
 154              	.Letext0:
 155              		.file 2 ".\\Generated_Source\\PSoC5\\cytypes.h"
ARM GAS  C:\Users\Tim\AppData\Local\Temp\ccpBe0bv.s 			page 7


 156              		.file 3 ".\\Generated_Source\\PSoC5\\Left_HB25_PWM.h"
 157              		.section	.debug_info,"",%progbits
 158              	.Ldebug_info0:
 159 0000 CB010000 		.4byte	0x1cb
 160 0004 0400     		.2byte	0x4
 161 0006 00000000 		.4byte	.Ldebug_abbrev0
 162 000a 04       		.byte	0x4
 163 000b 01       		.uleb128 0x1
 164 000c 82010000 		.4byte	.LASF29
 165 0010 01       		.byte	0x1
 166 0011 B2020000 		.4byte	.LASF30
 167 0015 D9000000 		.4byte	.LASF31
 168 0019 00000000 		.4byte	.Ldebug_ranges0+0
 169 001d 00000000 		.4byte	0
 170 0021 00000000 		.4byte	.Ldebug_line0
 171 0025 02       		.uleb128 0x2
 172 0026 01       		.byte	0x1
 173 0027 06       		.byte	0x6
 174 0028 8D020000 		.4byte	.LASF0
 175 002c 02       		.uleb128 0x2
 176 002d 01       		.byte	0x1
 177 002e 08       		.byte	0x8
 178 002f 3F000000 		.4byte	.LASF1
 179 0033 02       		.uleb128 0x2
 180 0034 02       		.byte	0x2
 181 0035 05       		.byte	0x5
 182 0036 5B020000 		.4byte	.LASF2
 183 003a 02       		.uleb128 0x2
 184 003b 02       		.byte	0x2
 185 003c 07       		.byte	0x7
 186 003d 26000000 		.4byte	.LASF3
 187 0041 02       		.uleb128 0x2
 188 0042 04       		.byte	0x4
 189 0043 05       		.byte	0x5
 190 0044 7F020000 		.4byte	.LASF4
 191 0048 02       		.uleb128 0x2
 192 0049 04       		.byte	0x4
 193 004a 07       		.byte	0x7
 194 004b 77000000 		.4byte	.LASF5
 195 004f 02       		.uleb128 0x2
 196 0050 08       		.byte	0x8
 197 0051 05       		.byte	0x5
 198 0052 32020000 		.4byte	.LASF6
 199 0056 02       		.uleb128 0x2
 200 0057 08       		.byte	0x8
 201 0058 07       		.byte	0x7
 202 0059 6B010000 		.4byte	.LASF7
 203 005d 03       		.uleb128 0x3
 204 005e 04       		.byte	0x4
 205 005f 05       		.byte	0x5
 206 0060 696E7400 		.ascii	"int\000"
 207 0064 02       		.uleb128 0x2
 208 0065 04       		.byte	0x4
 209 0066 07       		.byte	0x7
 210 0067 49010000 		.4byte	.LASF8
 211 006b 04       		.uleb128 0x4
 212 006c 89000000 		.4byte	.LASF9
ARM GAS  C:\Users\Tim\AppData\Local\Temp\ccpBe0bv.s 			page 8


 213 0070 02       		.byte	0x2
 214 0071 3801     		.2byte	0x138
 215 0073 2C000000 		.4byte	0x2c
 216 0077 04       		.uleb128 0x4
 217 0078 D2000000 		.4byte	.LASF10
 218 007c 02       		.byte	0x2
 219 007d 3901     		.2byte	0x139
 220 007f 3A000000 		.4byte	0x3a
 221 0083 02       		.uleb128 0x2
 222 0084 04       		.byte	0x4
 223 0085 04       		.byte	0x4
 224 0086 39000000 		.4byte	.LASF11
 225 008a 02       		.uleb128 0x2
 226 008b 08       		.byte	0x8
 227 008c 04       		.byte	0x4
 228 008d A3000000 		.4byte	.LASF12
 229 0091 02       		.uleb128 0x2
 230 0092 01       		.byte	0x1
 231 0093 08       		.byte	0x8
 232 0094 88020000 		.4byte	.LASF13
 233 0098 02       		.uleb128 0x2
 234 0099 04       		.byte	0x4
 235 009a 07       		.byte	0x7
 236 009b 29020000 		.4byte	.LASF14
 237 009f 05       		.uleb128 0x5
 238 00a0 06       		.byte	0x6
 239 00a1 03       		.byte	0x3
 240 00a2 6B       		.byte	0x6b
 241 00a3 CC000000 		.4byte	0xcc
 242 00a7 06       		.uleb128 0x6
 243 00a8 68000000 		.4byte	.LASF15
 244 00ac 03       		.byte	0x3
 245 00ad 6E       		.byte	0x6e
 246 00ae 6B000000 		.4byte	0x6b
 247 00b2 00       		.byte	0
 248 00b3 06       		.uleb128 0x6
 249 00b4 00000000 		.4byte	.LASF16
 250 00b8 03       		.byte	0x3
 251 00b9 71       		.byte	0x71
 252 00ba 77000000 		.4byte	0x77
 253 00be 02       		.byte	0x2
 254 00bf 06       		.uleb128 0x6
 255 00c0 07000000 		.4byte	.LASF17
 256 00c4 03       		.byte	0x3
 257 00c5 73       		.byte	0x73
 258 00c6 77000000 		.4byte	0x77
 259 00ca 04       		.byte	0x4
 260 00cb 00       		.byte	0
 261 00cc 07       		.uleb128 0x7
 262 00cd 40020000 		.4byte	.LASF18
 263 00d1 03       		.byte	0x3
 264 00d2 8B       		.byte	0x8b
 265 00d3 9F000000 		.4byte	0x9f
 266 00d7 08       		.uleb128 0x8
 267 00d8 10020000 		.4byte	.LASF19
 268 00dc 01       		.byte	0x1
 269 00dd 2A       		.byte	0x2a
ARM GAS  C:\Users\Tim\AppData\Local\Temp\ccpBe0bv.s 			page 9


 270 00de 00000000 		.4byte	.LFB0
 271 00e2 18000000 		.4byte	.LFE0-.LFB0
 272 00e6 01       		.uleb128 0x1
 273 00e7 9C       		.byte	0x9c
 274 00e8 FF000000 		.4byte	0xff
 275 00ec 09       		.uleb128 0x9
 276 00ed 06000000 		.4byte	.LVL0
 277 00f1 88010000 		.4byte	0x188
 278 00f5 09       		.uleb128 0x9
 279 00f6 0E000000 		.4byte	.LVL1
 280 00fa 93010000 		.4byte	0x193
 281 00fe 00       		.byte	0
 282 00ff 08       		.uleb128 0x8
 283 0100 13010000 		.4byte	.LASF20
 284 0104 01       		.byte	0x1
 285 0105 58       		.byte	0x58
 286 0106 00000000 		.4byte	.LFB1
 287 010a 18000000 		.4byte	.LFE1-.LFB1
 288 010e 01       		.uleb128 0x1
 289 010f 9C       		.byte	0x9c
 290 0110 27010000 		.4byte	0x127
 291 0114 09       		.uleb128 0x9
 292 0115 0A000000 		.4byte	.LVL2
 293 0119 9E010000 		.4byte	0x19e
 294 011d 09       		.uleb128 0x9
 295 011e 10000000 		.4byte	.LVL3
 296 0122 AF010000 		.4byte	0x1af
 297 0126 00       		.byte	0
 298 0127 08       		.uleb128 0x8
 299 0128 8F000000 		.4byte	.LASF21
 300 012c 01       		.byte	0x1
 301 012d 88       		.byte	0x88
 302 012e 00000000 		.4byte	.LFB2
 303 0132 0C000000 		.4byte	.LFE2-.LFB2
 304 0136 01       		.uleb128 0x1
 305 0137 9C       		.byte	0x9c
 306 0138 4F010000 		.4byte	0x14f
 307 013c 09       		.uleb128 0x9
 308 013d 06000000 		.4byte	.LVL4
 309 0141 C0010000 		.4byte	0x1c0
 310 0145 09       		.uleb128 0x9
 311 0146 0A000000 		.4byte	.LVL5
 312 014a D7000000 		.4byte	0xd7
 313 014e 00       		.byte	0
 314 014f 08       		.uleb128 0x8
 315 0150 56010000 		.4byte	.LASF22
 316 0154 01       		.byte	0x1
 317 0155 B2       		.byte	0xb2
 318 0156 00000000 		.4byte	.LFB3
 319 015a 18000000 		.4byte	.LFE3-.LFB3
 320 015e 01       		.uleb128 0x1
 321 015f 9C       		.byte	0x9c
 322 0160 77010000 		.4byte	0x177
 323 0164 09       		.uleb128 0x9
 324 0165 06000000 		.4byte	.LVL6
 325 0169 FF000000 		.4byte	0xff
 326 016d 09       		.uleb128 0x9
ARM GAS  C:\Users\Tim\AppData\Local\Temp\ccpBe0bv.s 			page 10


 327 016e 10000000 		.4byte	.LVL7
 328 0172 C7010000 		.4byte	0x1c7
 329 0176 00       		.byte	0
 330 0177 0A       		.uleb128 0xa
 331 0178 AA000000 		.4byte	.LASF32
 332 017c 01       		.byte	0x1
 333 017d 14       		.byte	0x14
 334 017e CC000000 		.4byte	0xcc
 335 0182 05       		.uleb128 0x5
 336 0183 03       		.byte	0x3
 337 0184 00000000 		.4byte	Left_HB25_PWM_backup
 338 0188 0B       		.uleb128 0xb
 339 0189 99020000 		.4byte	.LASF23
 340 018d 03       		.byte	0x3
 341 018e C0       		.byte	0xc0
 342 018f 77000000 		.4byte	0x77
 343 0193 0B       		.uleb128 0xb
 344 0194 2F010000 		.4byte	.LASF24
 345 0198 03       		.byte	0x3
 346 0199 B3       		.byte	0xb3
 347 019a 77000000 		.4byte	0x77
 348 019e 0C       		.uleb128 0xc
 349 019f 65020000 		.4byte	.LASF25
 350 01a3 03       		.byte	0x3
 351 01a4 BE       		.byte	0xbe
 352 01a5 AF010000 		.4byte	0x1af
 353 01a9 0D       		.uleb128 0xd
 354 01aa 77000000 		.4byte	0x77
 355 01ae 00       		.byte	0
 356 01af 0C       		.uleb128 0xc
 357 01b0 4D000000 		.4byte	.LASF26
 358 01b4 03       		.byte	0x3
 359 01b5 BA       		.byte	0xba
 360 01b6 C0010000 		.4byte	0x1c0
 361 01ba 0D       		.uleb128 0xd
 362 01bb 77000000 		.4byte	0x77
 363 01bf 00       		.byte	0
 364 01c0 0E       		.uleb128 0xe
 365 01c1 BF000000 		.4byte	.LASF27
 366 01c5 03       		.byte	0x3
 367 01c6 93       		.byte	0x93
 368 01c7 0E       		.uleb128 0xe
 369 01c8 11000000 		.4byte	.LASF28
 370 01cc 03       		.byte	0x3
 371 01cd DB       		.byte	0xdb
 372 01ce 00       		.byte	0
 373              		.section	.debug_abbrev,"",%progbits
 374              	.Ldebug_abbrev0:
 375 0000 01       		.uleb128 0x1
 376 0001 11       		.uleb128 0x11
 377 0002 01       		.byte	0x1
 378 0003 25       		.uleb128 0x25
 379 0004 0E       		.uleb128 0xe
 380 0005 13       		.uleb128 0x13
 381 0006 0B       		.uleb128 0xb
 382 0007 03       		.uleb128 0x3
 383 0008 0E       		.uleb128 0xe
ARM GAS  C:\Users\Tim\AppData\Local\Temp\ccpBe0bv.s 			page 11


 384 0009 1B       		.uleb128 0x1b
 385 000a 0E       		.uleb128 0xe
 386 000b 55       		.uleb128 0x55
 387 000c 17       		.uleb128 0x17
 388 000d 11       		.uleb128 0x11
 389 000e 01       		.uleb128 0x1
 390 000f 10       		.uleb128 0x10
 391 0010 17       		.uleb128 0x17
 392 0011 00       		.byte	0
 393 0012 00       		.byte	0
 394 0013 02       		.uleb128 0x2
 395 0014 24       		.uleb128 0x24
 396 0015 00       		.byte	0
 397 0016 0B       		.uleb128 0xb
 398 0017 0B       		.uleb128 0xb
 399 0018 3E       		.uleb128 0x3e
 400 0019 0B       		.uleb128 0xb
 401 001a 03       		.uleb128 0x3
 402 001b 0E       		.uleb128 0xe
 403 001c 00       		.byte	0
 404 001d 00       		.byte	0
 405 001e 03       		.uleb128 0x3
 406 001f 24       		.uleb128 0x24
 407 0020 00       		.byte	0
 408 0021 0B       		.uleb128 0xb
 409 0022 0B       		.uleb128 0xb
 410 0023 3E       		.uleb128 0x3e
 411 0024 0B       		.uleb128 0xb
 412 0025 03       		.uleb128 0x3
 413 0026 08       		.uleb128 0x8
 414 0027 00       		.byte	0
 415 0028 00       		.byte	0
 416 0029 04       		.uleb128 0x4
 417 002a 16       		.uleb128 0x16
 418 002b 00       		.byte	0
 419 002c 03       		.uleb128 0x3
 420 002d 0E       		.uleb128 0xe
 421 002e 3A       		.uleb128 0x3a
 422 002f 0B       		.uleb128 0xb
 423 0030 3B       		.uleb128 0x3b
 424 0031 05       		.uleb128 0x5
 425 0032 49       		.uleb128 0x49
 426 0033 13       		.uleb128 0x13
 427 0034 00       		.byte	0
 428 0035 00       		.byte	0
 429 0036 05       		.uleb128 0x5
 430 0037 13       		.uleb128 0x13
 431 0038 01       		.byte	0x1
 432 0039 0B       		.uleb128 0xb
 433 003a 0B       		.uleb128 0xb
 434 003b 3A       		.uleb128 0x3a
 435 003c 0B       		.uleb128 0xb
 436 003d 3B       		.uleb128 0x3b
 437 003e 0B       		.uleb128 0xb
 438 003f 01       		.uleb128 0x1
 439 0040 13       		.uleb128 0x13
 440 0041 00       		.byte	0
ARM GAS  C:\Users\Tim\AppData\Local\Temp\ccpBe0bv.s 			page 12


 441 0042 00       		.byte	0
 442 0043 06       		.uleb128 0x6
 443 0044 0D       		.uleb128 0xd
 444 0045 00       		.byte	0
 445 0046 03       		.uleb128 0x3
 446 0047 0E       		.uleb128 0xe
 447 0048 3A       		.uleb128 0x3a
 448 0049 0B       		.uleb128 0xb
 449 004a 3B       		.uleb128 0x3b
 450 004b 0B       		.uleb128 0xb
 451 004c 49       		.uleb128 0x49
 452 004d 13       		.uleb128 0x13
 453 004e 38       		.uleb128 0x38
 454 004f 0B       		.uleb128 0xb
 455 0050 00       		.byte	0
 456 0051 00       		.byte	0
 457 0052 07       		.uleb128 0x7
 458 0053 16       		.uleb128 0x16
 459 0054 00       		.byte	0
 460 0055 03       		.uleb128 0x3
 461 0056 0E       		.uleb128 0xe
 462 0057 3A       		.uleb128 0x3a
 463 0058 0B       		.uleb128 0xb
 464 0059 3B       		.uleb128 0x3b
 465 005a 0B       		.uleb128 0xb
 466 005b 49       		.uleb128 0x49
 467 005c 13       		.uleb128 0x13
 468 005d 00       		.byte	0
 469 005e 00       		.byte	0
 470 005f 08       		.uleb128 0x8
 471 0060 2E       		.uleb128 0x2e
 472 0061 01       		.byte	0x1
 473 0062 3F       		.uleb128 0x3f
 474 0063 19       		.uleb128 0x19
 475 0064 03       		.uleb128 0x3
 476 0065 0E       		.uleb128 0xe
 477 0066 3A       		.uleb128 0x3a
 478 0067 0B       		.uleb128 0xb
 479 0068 3B       		.uleb128 0x3b
 480 0069 0B       		.uleb128 0xb
 481 006a 27       		.uleb128 0x27
 482 006b 19       		.uleb128 0x19
 483 006c 11       		.uleb128 0x11
 484 006d 01       		.uleb128 0x1
 485 006e 12       		.uleb128 0x12
 486 006f 06       		.uleb128 0x6
 487 0070 40       		.uleb128 0x40
 488 0071 18       		.uleb128 0x18
 489 0072 9742     		.uleb128 0x2117
 490 0074 19       		.uleb128 0x19
 491 0075 01       		.uleb128 0x1
 492 0076 13       		.uleb128 0x13
 493 0077 00       		.byte	0
 494 0078 00       		.byte	0
 495 0079 09       		.uleb128 0x9
 496 007a 898201   		.uleb128 0x4109
 497 007d 00       		.byte	0
ARM GAS  C:\Users\Tim\AppData\Local\Temp\ccpBe0bv.s 			page 13


 498 007e 11       		.uleb128 0x11
 499 007f 01       		.uleb128 0x1
 500 0080 31       		.uleb128 0x31
 501 0081 13       		.uleb128 0x13
 502 0082 00       		.byte	0
 503 0083 00       		.byte	0
 504 0084 0A       		.uleb128 0xa
 505 0085 34       		.uleb128 0x34
 506 0086 00       		.byte	0
 507 0087 03       		.uleb128 0x3
 508 0088 0E       		.uleb128 0xe
 509 0089 3A       		.uleb128 0x3a
 510 008a 0B       		.uleb128 0xb
 511 008b 3B       		.uleb128 0x3b
 512 008c 0B       		.uleb128 0xb
 513 008d 49       		.uleb128 0x49
 514 008e 13       		.uleb128 0x13
 515 008f 02       		.uleb128 0x2
 516 0090 18       		.uleb128 0x18
 517 0091 00       		.byte	0
 518 0092 00       		.byte	0
 519 0093 0B       		.uleb128 0xb
 520 0094 2E       		.uleb128 0x2e
 521 0095 00       		.byte	0
 522 0096 3F       		.uleb128 0x3f
 523 0097 19       		.uleb128 0x19
 524 0098 03       		.uleb128 0x3
 525 0099 0E       		.uleb128 0xe
 526 009a 3A       		.uleb128 0x3a
 527 009b 0B       		.uleb128 0xb
 528 009c 3B       		.uleb128 0x3b
 529 009d 0B       		.uleb128 0xb
 530 009e 27       		.uleb128 0x27
 531 009f 19       		.uleb128 0x19
 532 00a0 49       		.uleb128 0x49
 533 00a1 13       		.uleb128 0x13
 534 00a2 3C       		.uleb128 0x3c
 535 00a3 19       		.uleb128 0x19
 536 00a4 00       		.byte	0
 537 00a5 00       		.byte	0
 538 00a6 0C       		.uleb128 0xc
 539 00a7 2E       		.uleb128 0x2e
 540 00a8 01       		.byte	0x1
 541 00a9 3F       		.uleb128 0x3f
 542 00aa 19       		.uleb128 0x19
 543 00ab 03       		.uleb128 0x3
 544 00ac 0E       		.uleb128 0xe
 545 00ad 3A       		.uleb128 0x3a
 546 00ae 0B       		.uleb128 0xb
 547 00af 3B       		.uleb128 0x3b
 548 00b0 0B       		.uleb128 0xb
 549 00b1 27       		.uleb128 0x27
 550 00b2 19       		.uleb128 0x19
 551 00b3 3C       		.uleb128 0x3c
 552 00b4 19       		.uleb128 0x19
 553 00b5 01       		.uleb128 0x1
 554 00b6 13       		.uleb128 0x13
ARM GAS  C:\Users\Tim\AppData\Local\Temp\ccpBe0bv.s 			page 14


 555 00b7 00       		.byte	0
 556 00b8 00       		.byte	0
 557 00b9 0D       		.uleb128 0xd
 558 00ba 05       		.uleb128 0x5
 559 00bb 00       		.byte	0
 560 00bc 49       		.uleb128 0x49
 561 00bd 13       		.uleb128 0x13
 562 00be 00       		.byte	0
 563 00bf 00       		.byte	0
 564 00c0 0E       		.uleb128 0xe
 565 00c1 2E       		.uleb128 0x2e
 566 00c2 00       		.byte	0
 567 00c3 3F       		.uleb128 0x3f
 568 00c4 19       		.uleb128 0x19
 569 00c5 03       		.uleb128 0x3
 570 00c6 0E       		.uleb128 0xe
 571 00c7 3A       		.uleb128 0x3a
 572 00c8 0B       		.uleb128 0xb
 573 00c9 3B       		.uleb128 0x3b
 574 00ca 0B       		.uleb128 0xb
 575 00cb 27       		.uleb128 0x27
 576 00cc 19       		.uleb128 0x19
 577 00cd 3C       		.uleb128 0x3c
 578 00ce 19       		.uleb128 0x19
 579 00cf 00       		.byte	0
 580 00d0 00       		.byte	0
 581 00d1 00       		.byte	0
 582              		.section	.debug_aranges,"",%progbits
 583 0000 34000000 		.4byte	0x34
 584 0004 0200     		.2byte	0x2
 585 0006 00000000 		.4byte	.Ldebug_info0
 586 000a 04       		.byte	0x4
 587 000b 00       		.byte	0
 588 000c 0000     		.2byte	0
 589 000e 0000     		.2byte	0
 590 0010 00000000 		.4byte	.LFB0
 591 0014 18000000 		.4byte	.LFE0-.LFB0
 592 0018 00000000 		.4byte	.LFB1
 593 001c 18000000 		.4byte	.LFE1-.LFB1
 594 0020 00000000 		.4byte	.LFB2
 595 0024 0C000000 		.4byte	.LFE2-.LFB2
 596 0028 00000000 		.4byte	.LFB3
 597 002c 18000000 		.4byte	.LFE3-.LFB3
 598 0030 00000000 		.4byte	0
 599 0034 00000000 		.4byte	0
 600              		.section	.debug_ranges,"",%progbits
 601              	.Ldebug_ranges0:
 602 0000 00000000 		.4byte	.LFB0
 603 0004 18000000 		.4byte	.LFE0
 604 0008 00000000 		.4byte	.LFB1
 605 000c 18000000 		.4byte	.LFE1
 606 0010 00000000 		.4byte	.LFB2
 607 0014 0C000000 		.4byte	.LFE2
 608 0018 00000000 		.4byte	.LFB3
 609 001c 18000000 		.4byte	.LFE3
 610 0020 00000000 		.4byte	0
 611 0024 00000000 		.4byte	0
ARM GAS  C:\Users\Tim\AppData\Local\Temp\ccpBe0bv.s 			page 15


 612              		.section	.debug_line,"",%progbits
 613              	.Ldebug_line0:
 614 0000 B2000000 		.section	.debug_str,"MS",%progbits,1
 614      02006200 
 614      00000201 
 614      FB0E0D00 
 614      01010101 
 615              	.LASF16:
 616 0000 50574D55 		.ascii	"PWMUdb\000"
 616      646200
 617              	.LASF17:
 618 0007 50574D50 		.ascii	"PWMPeriod\000"
 618      6572696F 
 618      6400
 619              	.LASF28:
 620 0011 4C656674 		.ascii	"Left_HB25_PWM_Enable\000"
 620      5F484232 
 620      355F5057 
 620      4D5F456E 
 620      61626C65 
 621              	.LASF3:
 622 0026 73686F72 		.ascii	"short unsigned int\000"
 622      7420756E 
 622      7369676E 
 622      65642069 
 622      6E7400
 623              	.LASF11:
 624 0039 666C6F61 		.ascii	"float\000"
 624      7400
 625              	.LASF1:
 626 003f 756E7369 		.ascii	"unsigned char\000"
 626      676E6564 
 626      20636861 
 626      7200
 627              	.LASF26:
 628 004d 4C656674 		.ascii	"Left_HB25_PWM_WriteCounter\000"
 628      5F484232 
 628      355F5057 
 628      4D5F5772 
 628      69746543 
 629              	.LASF15:
 630 0068 50574D45 		.ascii	"PWMEnableState\000"
 630      6E61626C 
 630      65537461 
 630      746500
 631              	.LASF5:
 632 0077 6C6F6E67 		.ascii	"long unsigned int\000"
 632      20756E73 
 632      69676E65 
 632      6420696E 
 632      7400
 633              	.LASF9:
 634 0089 75696E74 		.ascii	"uint8\000"
 634      3800
 635              	.LASF21:
 636 008f 4C656674 		.ascii	"Left_HB25_PWM_Sleep\000"
 636      5F484232 
ARM GAS  C:\Users\Tim\AppData\Local\Temp\ccpBe0bv.s 			page 16


 636      355F5057 
 636      4D5F536C 
 636      65657000 
 637              	.LASF12:
 638 00a3 646F7562 		.ascii	"double\000"
 638      6C6500
 639              	.LASF32:
 640 00aa 4C656674 		.ascii	"Left_HB25_PWM_backup\000"
 640      5F484232 
 640      355F5057 
 640      4D5F6261 
 640      636B7570 
 641              	.LASF27:
 642 00bf 4C656674 		.ascii	"Left_HB25_PWM_Stop\000"
 642      5F484232 
 642      355F5057 
 642      4D5F5374 
 642      6F7000
 643              	.LASF10:
 644 00d2 75696E74 		.ascii	"uint16\000"
 644      313600
 645              	.LASF31:
 646 00d9 463A5C64 		.ascii	"F:\\d_drive\\projects\\ArloBot\\arlobot_freesoc\\fr"
 646      5F647269 
 646      76655C70 
 646      726F6A65 
 646      6374735C 
 647 0107 6565736F 		.ascii	"eesoc.cydsn\000"
 647      632E6379 
 647      64736E00 
 648              	.LASF20:
 649 0113 4C656674 		.ascii	"Left_HB25_PWM_RestoreConfig\000"
 649      5F484232 
 649      355F5057 
 649      4D5F5265 
 649      73746F72 
 650              	.LASF24:
 651 012f 4C656674 		.ascii	"Left_HB25_PWM_ReadCounter\000"
 651      5F484232 
 651      355F5057 
 651      4D5F5265 
 651      6164436F 
 652              	.LASF8:
 653 0149 756E7369 		.ascii	"unsigned int\000"
 653      676E6564 
 653      20696E74 
 653      00
 654              	.LASF22:
 655 0156 4C656674 		.ascii	"Left_HB25_PWM_Wakeup\000"
 655      5F484232 
 655      355F5057 
 655      4D5F5761 
 655      6B657570 
 656              	.LASF7:
 657 016b 6C6F6E67 		.ascii	"long long unsigned int\000"
 657      206C6F6E 
 657      6720756E 
ARM GAS  C:\Users\Tim\AppData\Local\Temp\ccpBe0bv.s 			page 17


 657      7369676E 
 657      65642069 
 658              	.LASF29:
 659 0182 474E5520 		.ascii	"GNU C 4.9.3 20150303 (release) [ARM/embedded-4_9-br"
 659      4320342E 
 659      392E3320 
 659      32303135 
 659      30333033 
 660 01b5 616E6368 		.ascii	"anch revision 221220] -mcpu=cortex-m3 -mthumb -g -O"
 660      20726576 
 660      6973696F 
 660      6E203232 
 660      31323230 
 661 01e8 67202D66 		.ascii	"g -ffunction-sections -ffat-lto-objects\000"
 661      66756E63 
 661      74696F6E 
 661      2D736563 
 661      74696F6E 
 662              	.LASF19:
 663 0210 4C656674 		.ascii	"Left_HB25_PWM_SaveConfig\000"
 663      5F484232 
 663      355F5057 
 663      4D5F5361 
 663      7665436F 
 664              	.LASF14:
 665 0229 73697A65 		.ascii	"sizetype\000"
 665      74797065 
 665      00
 666              	.LASF6:
 667 0232 6C6F6E67 		.ascii	"long long int\000"
 667      206C6F6E 
 667      6720696E 
 667      7400
 668              	.LASF18:
 669 0240 4C656674 		.ascii	"Left_HB25_PWM_backupStruct\000"
 669      5F484232 
 669      355F5057 
 669      4D5F6261 
 669      636B7570 
 670              	.LASF2:
 671 025b 73686F72 		.ascii	"short int\000"
 671      7420696E 
 671      7400
 672              	.LASF25:
 673 0265 4C656674 		.ascii	"Left_HB25_PWM_WritePeriod\000"
 673      5F484232 
 673      355F5057 
 673      4D5F5772 
 673      69746550 
 674              	.LASF4:
 675 027f 6C6F6E67 		.ascii	"long int\000"
 675      20696E74 
 675      00
 676              	.LASF13:
 677 0288 63686172 		.ascii	"char\000"
 677      00
 678              	.LASF0:
ARM GAS  C:\Users\Tim\AppData\Local\Temp\ccpBe0bv.s 			page 18


 679 028d 7369676E 		.ascii	"signed char\000"
 679      65642063 
 679      68617200 
 680              	.LASF23:
 681 0299 4C656674 		.ascii	"Left_HB25_PWM_ReadPeriod\000"
 681      5F484232 
 681      355F5057 
 681      4D5F5265 
 681      61645065 
 682              	.LASF30:
 683 02b2 2E5C4765 		.ascii	".\\Generated_Source\\PSoC5\\Left_HB25_PWM_PM.c\000"
 683      6E657261 
 683      7465645F 
 683      536F7572 
 683      63655C50 
 684              		.ident	"GCC: (GNU Tools for ARM Embedded Processors) 4.9.3 20150303 (release) [ARM/embedded-4_9-br
