ARM GAS  C:\Users\Tim\AppData\Local\Temp\ccoU4pWd.s 			page 1


   1              		.syntax unified
   2              		.cpu cortex-m3
   3              		.fpu softvfp
   4              		.eabi_attribute 20, 1
   5              		.eabi_attribute 21, 1
   6              		.eabi_attribute 23, 3
   7              		.eabi_attribute 24, 1
   8              		.eabi_attribute 25, 1
   9              		.eabi_attribute 26, 1
  10              		.eabi_attribute 30, 1
  11              		.eabi_attribute 34, 1
  12              		.eabi_attribute 18, 4
  13              		.thumb
  14              		.file	"main.c"
  15              		.text
  16              	.Ltext0:
  17              		.cfi_sections	.debug_frame
  18              		.section	.text.main,"ax",%progbits
  19              		.align	2
  20              		.global	main
  21              		.thumb
  22              		.thumb_func
  23              		.type	main, %function
  24              	main:
  25              	.LFB64:
  26              		.file 1 "..\\source\\main.c"
   1:..\source/main.c **** /* ========================================
   2:..\source/main.c ****  *
   3:..\source/main.c ****  * Copyright YOUR COMPANY, THE YEAR
   4:..\source/main.c ****  * All Rights Reserved
   5:..\source/main.c ****  * UNPUBLISHED, LICENSED SOFTWARE.
   6:..\source/main.c ****  *
   7:..\source/main.c ****  * CONFIDENTIAL AND PROPRIETARY INFORMATION
   8:..\source/main.c ****  * WHICH IS THE PROPERTY OF your company.
   9:..\source/main.c ****  *
  10:..\source/main.c ****  * ========================================
  11:..\source/main.c **** */
  12:..\source/main.c **** #include <stdio.h>
  13:..\source/main.c **** #include <project.h>
  14:..\source/main.c **** #include "debug.h"
  15:..\source/main.c **** #include "diag.h"
  16:..\source/main.c **** #include "control.h"
  17:..\source/main.c **** #include "time.h"
  18:..\source/main.c **** #include "i2c.h"
  19:..\source/main.c **** #include "encoder.h"
  20:..\source/main.c **** #include "motor.h"
  21:..\source/main.c **** #include "pid.h"
  22:..\source/main.c **** #include "odom.h"
  23:..\source/main.c **** #include "ultrasonic.h"
  24:..\source/main.c **** #include "infrared.h"
  25:..\source/main.c **** #include "cal.h"
  26:..\source/main.c **** 
  27:..\source/main.c **** static void WriteValue(uint32 count)
  28:..\source/main.c **** {
  29:..\source/main.c ****     char buf[10];
  30:..\source/main.c ****     
  31:..\source/main.c ****     sprintf(buf, "%ld \r\n", count);
ARM GAS  C:\Users\Tim\AppData\Local\Temp\ccoU4pWd.s 			page 2


  32:..\source/main.c ****     UART_Debug_PutString(buf);
  33:..\source/main.c **** }
  34:..\source/main.c **** 
  35:..\source/main.c **** 
  36:..\source/main.c **** int main()
  37:..\source/main.c **** {       
  27              		.loc 1 37 0
  28              		.cfi_startproc
  29              		@ Volatile: function does not return.
  30              		@ args = 0, pretend = 0, frame = 0
  31              		@ frame_needed = 0, uses_anonymous_args = 0
  32 0000 08B5     		push	{r3, lr}
  33              		.cfi_def_cfa_offset 8
  34              		.cfi_offset 3, -8
  35              		.cfi_offset 14, -4
  38:..\source/main.c ****     CyGlobalIntEnable;      /* Enable global interrupts */
  36              		.loc 1 38 0
  37              	@ 38 "..\source\main.c" 1
  38 0002 62B6     		CPSIE   i
  39              	@ 0 "" 2
  39:..\source/main.c ****     
  40:..\source/main.c ****     /* Start this right away so that we debug as soon as possible */
  41:..\source/main.c ****     Debug_Init();
  40              		.loc 1 41 0
  41              		.thumb
  42 0004 FFF7FEFF 		bl	Debug_Init
  43              	.LVL0:
  42:..\source/main.c ****     Debug_Start();
  44              		.loc 1 42 0
  45 0008 FFF7FEFF 		bl	Debug_Start
  46              	.LVL1:
  43:..\source/main.c ****     
  44:..\source/main.c ****     Diag_Init();
  47              		.loc 1 44 0
  48 000c FFF7FEFF 		bl	Diag_Init
  49              	.LVL2:
  45:..\source/main.c ****     Diag_Start();
  50              		.loc 1 45 0
  51 0010 FFF7FEFF 		bl	Diag_Start
  52              	.LVL3:
  46:..\source/main.c ****         
  47:..\source/main.c ****     Control_Init();
  53              		.loc 1 47 0
  54 0014 FFF7FEFF 		bl	Control_Init
  55              	.LVL4:
  48:..\source/main.c ****     Time_Init();
  56              		.loc 1 48 0
  57 0018 FFF7FEFF 		bl	Time_Init
  58              	.LVL5:
  49:..\source/main.c ****     I2c_Init();
  59              		.loc 1 49 0
  60 001c FFF7FEFF 		bl	I2c_Init
  61              	.LVL6:
  50:..\source/main.c ****     Encoder_Init();
  62              		.loc 1 50 0
  63 0020 FFF7FEFF 		bl	Encoder_Init
  64              	.LVL7:
ARM GAS  C:\Users\Tim\AppData\Local\Temp\ccoU4pWd.s 			page 3


  51:..\source/main.c ****     Motor_Init();
  65              		.loc 1 51 0
  66 0024 FFF7FEFF 		bl	Motor_Init
  67              	.LVL8:
  52:..\source/main.c ****     Pid_Init(I2c_LeftReadCmdVelocity, I2c_RightReadCmdVelocity);
  68              		.loc 1 52 0
  69 0028 1C48     		ldr	r0, .L4
  70 002a 1D49     		ldr	r1, .L4+4
  71 002c FFF7FEFF 		bl	Pid_Init
  72              	.LVL9:
  53:..\source/main.c ****     Odom_Init();
  73              		.loc 1 53 0
  74 0030 FFF7FEFF 		bl	Odom_Init
  75              	.LVL10:
  54:..\source/main.c ****     Ultrasonic_Init();
  76              		.loc 1 54 0
  77 0034 FFF7FEFF 		bl	Ultrasonic_Init
  78              	.LVL11:
  55:..\source/main.c ****     Infrared_Init();
  79              		.loc 1 55 0
  80 0038 FFF7FEFF 		bl	Infrared_Init
  81              	.LVL12:
  56:..\source/main.c **** 
  57:..\source/main.c ****     Control_Start();
  82              		.loc 1 57 0
  83 003c FFF7FEFF 		bl	Control_Start
  84              	.LVL13:
  58:..\source/main.c ****     Time_Start();
  85              		.loc 1 58 0
  86 0040 FFF7FEFF 		bl	Time_Start
  87              	.LVL14:
  59:..\source/main.c ****     I2c_Start();
  88              		.loc 1 59 0
  89 0044 FFF7FEFF 		bl	I2c_Start
  90              	.LVL15:
  60:..\source/main.c ****     Encoder_Start();
  91              		.loc 1 60 0
  92 0048 FFF7FEFF 		bl	Encoder_Start
  93              	.LVL16:
  61:..\source/main.c ****     Motor_Start();
  94              		.loc 1 61 0
  95 004c FFF7FEFF 		bl	Motor_Start
  96              	.LVL17:
  62:..\source/main.c ****     Pid_Start();
  97              		.loc 1 62 0
  98 0050 FFF7FEFF 		bl	Pid_Start
  99              	.LVL18:
  63:..\source/main.c ****     Odom_Start();
 100              		.loc 1 63 0
 101 0054 FFF7FEFF 		bl	Odom_Start
 102              	.LVL19:
  64:..\source/main.c ****     Ultrasonic_Start();
 103              		.loc 1 64 0
 104 0058 FFF7FEFF 		bl	Ultrasonic_Start
 105              	.LVL20:
  65:..\source/main.c ****     Infrared_Start();
 106              		.loc 1 65 0
ARM GAS  C:\Users\Tim\AppData\Local\Temp\ccoU4pWd.s 			page 4


 107 005c FFF7FEFF 		bl	Infrared_Start
 108              	.LVL21:
  66:..\source/main.c **** 
  67:..\source/main.c ****     UART_Debug_PutString("Hello, my name is ArloSoc!  I am the microcontroller for Arlobot.\r\n");
 109              		.loc 1 67 0
 110 0060 1048     		ldr	r0, .L4+8
 111 0062 FFF7FEFF 		bl	UART_Debug_PutString
 112              	.LVL22:
  68:..\source/main.c ****     
  69:..\source/main.c ****     /* Read calibration data from the Raspberry Pi */
  70:..\source/main.c ****     UART_Debug_PutString("Please wait while I upload calibration data ...\r\n");
 113              		.loc 1 70 0
 114 0066 1048     		ldr	r0, .L4+12
 115 0068 FFF7FEFF 		bl	UART_Debug_PutString
 116              	.LVL23:
  71:..\source/main.c ****     
  72:..\source/main.c ****     UART_Debug_PutString("Calibration complete!\r\n");
 117              		.loc 1 72 0
 118 006c 0F48     		ldr	r0, .L4+16
 119 006e FFF7FEFF 		bl	UART_Debug_PutString
 120              	.LVL24:
  73:..\source/main.c ****     
  74:..\source/main.c ****     UART_Debug_PutString("I'm entering my main loop now!\r\n");
 121              		.loc 1 74 0
 122 0072 0F48     		ldr	r0, .L4+20
 123 0074 FFF7FEFF 		bl	UART_Debug_PutString
 124              	.LVL25:
 125              	.L2:
  75:..\source/main.c **** 
  76:..\source/main.c ****     
  77:..\source/main.c ****     //Cal_Update();
  78:..\source/main.c ****     
  79:..\source/main.c ****     for(;;)
  80:..\source/main.c ****     {
  81:..\source/main.c ****         LOOP_START();
 126              		.loc 1 81 0 discriminator 1
 127 0078 0120     		movs	r0, #1
 128 007a FFF7FEFF 		bl	Mainloop_Pin_Write
 129              	.LVL26:
  82:..\source/main.c ****         
  83:..\source/main.c ****         /* Update any control changes */
  84:..\source/main.c ****         Control_Update();
 130              		.loc 1 84 0 discriminator 1
 131 007e FFF7FEFF 		bl	Control_Update
 132              	.LVL27:
  85:..\source/main.c ****         /* Update encoder-related values */
  86:..\source/main.c ****         Encoder_Update();
 133              		.loc 1 86 0 discriminator 1
 134 0082 FFF7FEFF 		bl	Encoder_Update
 135              	.LVL28:
  87:..\source/main.c ****         /* Apply the velocity command to PID */
  88:..\source/main.c ****         Pid_Update();
 136              		.loc 1 88 0 discriminator 1
 137 0086 FFF7FEFF 		bl	Pid_Update
 138              	.LVL29:
  89:..\source/main.c ****         /* Update the odometry calculation */
  90:..\source/main.c ****         Odom_Update();
ARM GAS  C:\Users\Tim\AppData\Local\Temp\ccoU4pWd.s 			page 5


 139              		.loc 1 90 0 discriminator 1
 140 008a FFF7FEFF 		bl	Odom_Update
 141              	.LVL30:
  91:..\source/main.c ****         /* Diagnostic update */
  92:..\source/main.c ****         Diag_Update();
 142              		.loc 1 92 0 discriminator 1
 143 008e FFF7FEFF 		bl	Diag_Update
 144              	.LVL31:
  93:..\source/main.c ****         
  94:..\source/main.c ****         LOOP_END();
 145              		.loc 1 94 0 discriminator 1
 146 0092 0020     		movs	r0, #0
 147 0094 FFF7FEFF 		bl	Mainloop_Pin_Write
 148              	.LVL32:
  95:..\source/main.c ****     }
 149              		.loc 1 95 0 discriminator 1
 150 0098 EEE7     		b	.L2
 151              	.L5:
 152 009a 00BF     		.align	2
 153              	.L4:
 154 009c 00000000 		.word	I2c_LeftReadCmdVelocity
 155 00a0 00000000 		.word	I2c_RightReadCmdVelocity
 156 00a4 00000000 		.word	.LC0
 157 00a8 44000000 		.word	.LC1
 158 00ac 78000000 		.word	.LC2
 159 00b0 90000000 		.word	.LC3
 160              		.cfi_endproc
 161              	.LFE64:
 162              		.size	main, .-main
 163              		.comm	formatted_string,256,4
 164              		.section	.rodata.str1.4,"aMS",%progbits,1
 165              		.align	2
 166              	.LC0:
 167 0000 48656C6C 		.ascii	"Hello, my name is ArloSoc!  I am the microcontrolle"
 167      6F2C206D 
 167      79206E61 
 167      6D652069 
 167      73204172 
 168 0033 7220666F 		.ascii	"r for Arlobot.\015\012\000"
 168      72204172 
 168      6C6F626F 
 168      742E0D0A 
 168      00
 169              	.LC1:
 170 0044 506C6561 		.ascii	"Please wait while I upload calibration data ...\015"
 170      73652077 
 170      61697420 
 170      7768696C 
 170      65204920 
 171 0074 0A00     		.ascii	"\012\000"
 172 0076 0000     		.space	2
 173              	.LC2:
 174 0078 43616C69 		.ascii	"Calibration complete!\015\012\000"
 174      62726174 
 174      696F6E20 
 174      636F6D70 
 174      6C657465 
ARM GAS  C:\Users\Tim\AppData\Local\Temp\ccoU4pWd.s 			page 6


 175              	.LC3:
 176 0090 49276D20 		.ascii	"I'm entering my main loop now!\015\012\000"
 176      656E7465 
 176      72696E67 
 176      206D7920 
 176      6D61696E 
 177 00b1 000000   		.text
 178              	.Letext0:
 179              		.file 2 "c:\\program files (x86)\\cypress\\psoc creator\\3.3\\psoc creator\\import\\gnu\\arm\\4.9.
 180              		.file 3 "c:\\program files (x86)\\cypress\\psoc creator\\3.3\\psoc creator\\import\\gnu\\arm\\4.9.
 181              		.file 4 "Generated_Source\\PSoC5/cytypes.h"
 182              		.file 5 "..\\source\\config.h"
 183              		.file 6 "Generated_Source\\PSoC5/core_cm3.h"
 184              		.file 7 "..\\source\\debug.h"
 185              		.file 8 "..\\source\\diag.h"
 186              		.file 9 "..\\source\\control.h"
 187              		.file 10 "..\\source\\time.h"
 188              		.file 11 "..\\source\\i2c.h"
 189              		.file 12 "..\\source\\encoder.h"
 190              		.file 13 "..\\source\\motor.h"
 191              		.file 14 "..\\source\\odom.h"
 192              		.file 15 "..\\source\\ultrasonic.h"
 193              		.file 16 "..\\source\\infrared.h"
 194              		.file 17 "..\\source\\pid.h"
 195              		.file 18 "Generated_Source\\PSoC5/UART_Debug.h"
 196              		.file 19 "Generated_Source\\PSoC5/Mainloop_Pin.h"
 197              		.section	.debug_info,"",%progbits
 198              	.Ldebug_info0:
 199 0000 28040000 		.4byte	0x428
 200 0004 0400     		.2byte	0x4
 201 0006 00000000 		.4byte	.Ldebug_abbrev0
 202 000a 04       		.byte	0x4
 203 000b 01       		.uleb128 0x1
 204 000c FD010000 		.4byte	.LASF49
 205 0010 01       		.byte	0x1
 206 0011 DB010000 		.4byte	.LASF50
 207 0015 52000000 		.4byte	.LASF51
 208 0019 00000000 		.4byte	.Ldebug_ranges0+0
 209 001d 00000000 		.4byte	0
 210 0021 00000000 		.4byte	.Ldebug_line0
 211 0025 02       		.uleb128 0x2
 212 0026 01       		.byte	0x1
 213 0027 06       		.byte	0x6
 214 0028 00030000 		.4byte	.LASF0
 215 002c 02       		.uleb128 0x2
 216 002d 01       		.byte	0x1
 217 002e 08       		.byte	0x8
 218 002f AD000000 		.4byte	.LASF1
 219 0033 02       		.uleb128 0x2
 220 0034 02       		.byte	0x2
 221 0035 05       		.byte	0x5
 222 0036 ED020000 		.4byte	.LASF2
 223 003a 02       		.uleb128 0x2
 224 003b 02       		.byte	0x2
 225 003c 07       		.byte	0x7
 226 003d DF000000 		.4byte	.LASF3
 227 0041 03       		.uleb128 0x3
ARM GAS  C:\Users\Tim\AppData\Local\Temp\ccoU4pWd.s 			page 7


 228 0042 1B000000 		.4byte	.LASF11
 229 0046 02       		.byte	0x2
 230 0047 3F       		.byte	0x3f
 231 0048 4C000000 		.4byte	0x4c
 232 004c 02       		.uleb128 0x2
 233 004d 04       		.byte	0x4
 234 004e 05       		.byte	0x5
 235 004f F7020000 		.4byte	.LASF4
 236 0053 02       		.uleb128 0x2
 237 0054 04       		.byte	0x4
 238 0055 07       		.byte	0x7
 239 0056 2C010000 		.4byte	.LASF5
 240 005a 02       		.uleb128 0x2
 241 005b 08       		.byte	0x8
 242 005c 05       		.byte	0x5
 243 005d 8B020000 		.4byte	.LASF6
 244 0061 02       		.uleb128 0x2
 245 0062 08       		.byte	0x8
 246 0063 07       		.byte	0x7
 247 0064 AA010000 		.4byte	.LASF7
 248 0068 04       		.uleb128 0x4
 249 0069 04       		.byte	0x4
 250 006a 05       		.byte	0x5
 251 006b 696E7400 		.ascii	"int\000"
 252 006f 02       		.uleb128 0x2
 253 0070 04       		.byte	0x4
 254 0071 07       		.byte	0x7
 255 0072 93010000 		.4byte	.LASF8
 256 0076 02       		.uleb128 0x2
 257 0077 04       		.byte	0x4
 258 0078 07       		.byte	0x7
 259 0079 F4010000 		.4byte	.LASF9
 260 007d 02       		.uleb128 0x2
 261 007e 01       		.byte	0x1
 262 007f 08       		.byte	0x8
 263 0080 99020000 		.4byte	.LASF10
 264 0084 03       		.uleb128 0x3
 265 0085 EC010000 		.4byte	.LASF12
 266 0089 03       		.byte	0x3
 267 008a 2C       		.byte	0x2c
 268 008b 41000000 		.4byte	0x41
 269 008f 05       		.uleb128 0x5
 270 0090 E7020000 		.4byte	.LASF13
 271 0094 04       		.byte	0x4
 272 0095 3801     		.2byte	0x138
 273 0097 2C000000 		.4byte	0x2c
 274 009b 05       		.uleb128 0x5
 275 009c D0000000 		.4byte	.LASF14
 276 00a0 04       		.byte	0x4
 277 00a1 3C01     		.2byte	0x13c
 278 00a3 33000000 		.4byte	0x33
 279 00a7 02       		.uleb128 0x2
 280 00a8 04       		.byte	0x4
 281 00a9 04       		.byte	0x4
 282 00aa 9B000000 		.4byte	.LASF15
 283 00ae 02       		.uleb128 0x2
 284 00af 08       		.byte	0x8
ARM GAS  C:\Users\Tim\AppData\Local\Temp\ccoU4pWd.s 			page 8


 285 00b0 04       		.byte	0x4
 286 00b1 0C030000 		.4byte	.LASF16
 287 00b5 05       		.uleb128 0x5
 288 00b6 BB000000 		.4byte	.LASF17
 289 00ba 04       		.byte	0x4
 290 00bb 4901     		.2byte	0x149
 291 00bd 7D000000 		.4byte	0x7d
 292 00c1 03       		.uleb128 0x3
 293 00c2 5E010000 		.4byte	.LASF18
 294 00c6 05       		.byte	0x5
 295 00c7 13       		.byte	0x13
 296 00c8 CC000000 		.4byte	0xcc
 297 00cc 06       		.uleb128 0x6
 298 00cd 04       		.byte	0x4
 299 00ce D2000000 		.4byte	0xd2
 300 00d2 07       		.uleb128 0x7
 301 00d3 9B000000 		.4byte	0x9b
 302 00d7 DD000000 		.4byte	0xdd
 303 00db 08       		.uleb128 0x8
 304 00dc 00       		.byte	0
 305 00dd 09       		.uleb128 0x9
 306 00de D6010000 		.4byte	.LASF52
 307 00e2 01       		.byte	0x1
 308 00e3 24       		.byte	0x24
 309 00e4 68000000 		.4byte	0x68
 310 00e8 00000000 		.4byte	.LFB64
 311 00ec B4000000 		.4byte	.LFE64-.LFB64
 312 00f0 01       		.uleb128 0x1
 313 00f1 9C       		.byte	0x9c
 314 00f2 68020000 		.4byte	0x268
 315 00f6 0A       		.uleb128 0xa
 316 00f7 08000000 		.4byte	.LVL0
 317 00fb 9A020000 		.4byte	0x29a
 318 00ff 0A       		.uleb128 0xa
 319 0100 0C000000 		.4byte	.LVL1
 320 0104 A7020000 		.4byte	0x2a7
 321 0108 0A       		.uleb128 0xa
 322 0109 10000000 		.4byte	.LVL2
 323 010d B4020000 		.4byte	0x2b4
 324 0111 0A       		.uleb128 0xa
 325 0112 14000000 		.4byte	.LVL3
 326 0116 C1020000 		.4byte	0x2c1
 327 011a 0A       		.uleb128 0xa
 328 011b 18000000 		.4byte	.LVL4
 329 011f CE020000 		.4byte	0x2ce
 330 0123 0A       		.uleb128 0xa
 331 0124 1C000000 		.4byte	.LVL5
 332 0128 DB020000 		.4byte	0x2db
 333 012c 0A       		.uleb128 0xa
 334 012d 20000000 		.4byte	.LVL6
 335 0131 E8020000 		.4byte	0x2e8
 336 0135 0A       		.uleb128 0xa
 337 0136 24000000 		.4byte	.LVL7
 338 013a F5020000 		.4byte	0x2f5
 339 013e 0A       		.uleb128 0xa
 340 013f 28000000 		.4byte	.LVL8
 341 0143 02030000 		.4byte	0x302
ARM GAS  C:\Users\Tim\AppData\Local\Temp\ccoU4pWd.s 			page 9


 342 0147 0A       		.uleb128 0xa
 343 0148 30000000 		.4byte	.LVL9
 344 014c 0F030000 		.4byte	0x30f
 345 0150 0A       		.uleb128 0xa
 346 0151 34000000 		.4byte	.LVL10
 347 0155 25030000 		.4byte	0x325
 348 0159 0A       		.uleb128 0xa
 349 015a 38000000 		.4byte	.LVL11
 350 015e 32030000 		.4byte	0x332
 351 0162 0A       		.uleb128 0xa
 352 0163 3C000000 		.4byte	.LVL12
 353 0167 3F030000 		.4byte	0x33f
 354 016b 0A       		.uleb128 0xa
 355 016c 40000000 		.4byte	.LVL13
 356 0170 4C030000 		.4byte	0x34c
 357 0174 0A       		.uleb128 0xa
 358 0175 44000000 		.4byte	.LVL14
 359 0179 59030000 		.4byte	0x359
 360 017d 0A       		.uleb128 0xa
 361 017e 48000000 		.4byte	.LVL15
 362 0182 66030000 		.4byte	0x366
 363 0186 0A       		.uleb128 0xa
 364 0187 4C000000 		.4byte	.LVL16
 365 018b 73030000 		.4byte	0x373
 366 018f 0A       		.uleb128 0xa
 367 0190 50000000 		.4byte	.LVL17
 368 0194 80030000 		.4byte	0x380
 369 0198 0A       		.uleb128 0xa
 370 0199 54000000 		.4byte	.LVL18
 371 019d 8D030000 		.4byte	0x38d
 372 01a1 0A       		.uleb128 0xa
 373 01a2 58000000 		.4byte	.LVL19
 374 01a6 9A030000 		.4byte	0x39a
 375 01aa 0A       		.uleb128 0xa
 376 01ab 5C000000 		.4byte	.LVL20
 377 01af A7030000 		.4byte	0x3a7
 378 01b3 0A       		.uleb128 0xa
 379 01b4 60000000 		.4byte	.LVL21
 380 01b8 B4030000 		.4byte	0x3b4
 381 01bc 0B       		.uleb128 0xb
 382 01bd 66000000 		.4byte	.LVL22
 383 01c1 C1030000 		.4byte	0x3c1
 384 01c5 D3010000 		.4byte	0x1d3
 385 01c9 0C       		.uleb128 0xc
 386 01ca 01       		.uleb128 0x1
 387 01cb 50       		.byte	0x50
 388 01cc 05       		.uleb128 0x5
 389 01cd 03       		.byte	0x3
 390 01ce 00000000 		.4byte	.LC0
 391 01d2 00       		.byte	0
 392 01d3 0B       		.uleb128 0xb
 393 01d4 6C000000 		.4byte	.LVL23
 394 01d8 C1030000 		.4byte	0x3c1
 395 01dc EA010000 		.4byte	0x1ea
 396 01e0 0C       		.uleb128 0xc
 397 01e1 01       		.uleb128 0x1
 398 01e2 50       		.byte	0x50
ARM GAS  C:\Users\Tim\AppData\Local\Temp\ccoU4pWd.s 			page 10


 399 01e3 05       		.uleb128 0x5
 400 01e4 03       		.byte	0x3
 401 01e5 44000000 		.4byte	.LC1
 402 01e9 00       		.byte	0
 403 01ea 0B       		.uleb128 0xb
 404 01eb 72000000 		.4byte	.LVL24
 405 01ef C1030000 		.4byte	0x3c1
 406 01f3 01020000 		.4byte	0x201
 407 01f7 0C       		.uleb128 0xc
 408 01f8 01       		.uleb128 0x1
 409 01f9 50       		.byte	0x50
 410 01fa 05       		.uleb128 0x5
 411 01fb 03       		.byte	0x3
 412 01fc 78000000 		.4byte	.LC2
 413 0200 00       		.byte	0
 414 0201 0B       		.uleb128 0xb
 415 0202 78000000 		.4byte	.LVL25
 416 0206 C1030000 		.4byte	0x3c1
 417 020a 18020000 		.4byte	0x218
 418 020e 0C       		.uleb128 0xc
 419 020f 01       		.uleb128 0x1
 420 0210 50       		.byte	0x50
 421 0211 05       		.uleb128 0x5
 422 0212 03       		.byte	0x3
 423 0213 90000000 		.4byte	.LC3
 424 0217 00       		.byte	0
 425 0218 0B       		.uleb128 0xb
 426 0219 7E000000 		.4byte	.LVL26
 427 021d DD030000 		.4byte	0x3dd
 428 0221 2B020000 		.4byte	0x22b
 429 0225 0C       		.uleb128 0xc
 430 0226 01       		.uleb128 0x1
 431 0227 50       		.byte	0x50
 432 0228 01       		.uleb128 0x1
 433 0229 31       		.byte	0x31
 434 022a 00       		.byte	0
 435 022b 0A       		.uleb128 0xa
 436 022c 82000000 		.4byte	.LVL27
 437 0230 EE030000 		.4byte	0x3ee
 438 0234 0A       		.uleb128 0xa
 439 0235 86000000 		.4byte	.LVL28
 440 0239 FB030000 		.4byte	0x3fb
 441 023d 0A       		.uleb128 0xa
 442 023e 8A000000 		.4byte	.LVL29
 443 0242 08040000 		.4byte	0x408
 444 0246 0A       		.uleb128 0xa
 445 0247 8E000000 		.4byte	.LVL30
 446 024b 15040000 		.4byte	0x415
 447 024f 0A       		.uleb128 0xa
 448 0250 92000000 		.4byte	.LVL31
 449 0254 22040000 		.4byte	0x422
 450 0258 0D       		.uleb128 0xd
 451 0259 98000000 		.4byte	.LVL32
 452 025d DD030000 		.4byte	0x3dd
 453 0261 0C       		.uleb128 0xc
 454 0262 01       		.uleb128 0x1
 455 0263 50       		.byte	0x50
ARM GAS  C:\Users\Tim\AppData\Local\Temp\ccoU4pWd.s 			page 11


 456 0264 01       		.uleb128 0x1
 457 0265 30       		.byte	0x30
 458 0266 00       		.byte	0
 459 0267 00       		.byte	0
 460 0268 0E       		.uleb128 0xe
 461 0269 07010000 		.4byte	.LASF19
 462 026d 06       		.byte	0x6
 463 026e 5506     		.2byte	0x655
 464 0270 74020000 		.4byte	0x274
 465 0274 0F       		.uleb128 0xf
 466 0275 84000000 		.4byte	0x84
 467 0279 10       		.uleb128 0x10
 468 027a 7D000000 		.4byte	0x7d
 469 027e 89020000 		.4byte	0x289
 470 0282 11       		.uleb128 0x11
 471 0283 76000000 		.4byte	0x76
 472 0287 FF       		.byte	0xff
 473 0288 00       		.byte	0
 474 0289 12       		.uleb128 0x12
 475 028a 26030000 		.4byte	.LASF20
 476 028e 07       		.byte	0x7
 477 028f 14       		.byte	0x14
 478 0290 79020000 		.4byte	0x279
 479 0294 05       		.uleb128 0x5
 480 0295 03       		.byte	0x3
 481 0296 00000000 		.4byte	formatted_string
 482 029a 13       		.uleb128 0x13
 483 029b 6E010000 		.4byte	.LASF21
 484 029f 07       		.byte	0x7
 485 02a0 2E       		.byte	0x2e
 486 02a1 A7020000 		.4byte	0x2a7
 487 02a5 08       		.uleb128 0x8
 488 02a6 00       		.byte	0
 489 02a7 13       		.uleb128 0x13
 490 02a8 A9020000 		.4byte	.LASF22
 491 02ac 07       		.byte	0x7
 492 02ad 2F       		.byte	0x2f
 493 02ae B4020000 		.4byte	0x2b4
 494 02b2 08       		.uleb128 0x8
 495 02b3 00       		.byte	0
 496 02b4 13       		.uleb128 0x13
 497 02b5 A0010000 		.4byte	.LASF23
 498 02b9 08       		.byte	0x8
 499 02ba 1A       		.byte	0x1a
 500 02bb C1020000 		.4byte	0x2c1
 501 02bf 08       		.uleb128 0x8
 502 02c0 00       		.byte	0
 503 02c1 13       		.uleb128 0x13
 504 02c2 10000000 		.4byte	.LASF24
 505 02c6 08       		.byte	0x8
 506 02c7 1B       		.byte	0x1b
 507 02c8 CE020000 		.4byte	0x2ce
 508 02cc 08       		.uleb128 0x8
 509 02cd 00       		.byte	0
 510 02ce 13       		.uleb128 0x13
 511 02cf BF020000 		.4byte	.LASF25
 512 02d3 09       		.byte	0x9
ARM GAS  C:\Users\Tim\AppData\Local\Temp\ccoU4pWd.s 			page 12


 513 02d4 12       		.byte	0x12
 514 02d5 DB020000 		.4byte	0x2db
 515 02d9 08       		.uleb128 0x8
 516 02da 00       		.byte	0
 517 02db 13       		.uleb128 0x13
 518 02dc 84000000 		.4byte	.LASF26
 519 02e0 0A       		.byte	0xa
 520 02e1 16       		.byte	0x16
 521 02e2 E8020000 		.4byte	0x2e8
 522 02e6 08       		.uleb128 0x8
 523 02e7 00       		.byte	0
 524 02e8 13       		.uleb128 0x13
 525 02e9 CD010000 		.4byte	.LASF27
 526 02ed 0B       		.byte	0xb
 527 02ee 20       		.byte	0x20
 528 02ef F5020000 		.4byte	0x2f5
 529 02f3 08       		.uleb128 0x8
 530 02f4 00       		.byte	0
 531 02f5 13       		.uleb128 0x13
 532 02f6 8E000000 		.4byte	.LASF28
 533 02fa 0C       		.byte	0xc
 534 02fb 12       		.byte	0x12
 535 02fc 02030000 		.4byte	0x302
 536 0300 08       		.uleb128 0x8
 537 0301 00       		.byte	0
 538 0302 13       		.uleb128 0x13
 539 0303 9E020000 		.4byte	.LASF29
 540 0307 0D       		.byte	0xd
 541 0308 13       		.byte	0x13
 542 0309 0F030000 		.4byte	0x30f
 543 030d 08       		.uleb128 0x8
 544 030e 00       		.byte	0
 545 030f 14       		.uleb128 0x14
 546 0310 D6000000 		.4byte	.LASF42
 547 0314 11       		.byte	0x11
 548 0315 52       		.byte	0x52
 549 0316 25030000 		.4byte	0x325
 550 031a 15       		.uleb128 0x15
 551 031b C1000000 		.4byte	0xc1
 552 031f 15       		.uleb128 0x15
 553 0320 C1000000 		.4byte	0xc1
 554 0324 00       		.byte	0
 555 0325 13       		.uleb128 0x13
 556 0326 B5020000 		.4byte	.LASF30
 557 032a 0E       		.byte	0xe
 558 032b 11       		.byte	0x11
 559 032c 32030000 		.4byte	0x332
 560 0330 08       		.uleb128 0x8
 561 0331 00       		.byte	0
 562 0332 13       		.uleb128 0x13
 563 0333 00000000 		.4byte	.LASF31
 564 0337 0F       		.byte	0xf
 565 0338 12       		.byte	0x12
 566 0339 3F030000 		.4byte	0x33f
 567 033d 08       		.uleb128 0x8
 568 033e 00       		.byte	0
 569 033f 13       		.uleb128 0x13
ARM GAS  C:\Users\Tim\AppData\Local\Temp\ccoU4pWd.s 			page 13


 570 0340 25000000 		.4byte	.LASF32
 571 0344 10       		.byte	0x10
 572 0345 12       		.byte	0x12
 573 0346 4C030000 		.4byte	0x34c
 574 034a 08       		.uleb128 0x8
 575 034b 00       		.byte	0
 576 034c 13       		.uleb128 0x13
 577 034d 14010000 		.4byte	.LASF33
 578 0351 09       		.byte	0x9
 579 0352 13       		.byte	0x13
 580 0353 59030000 		.4byte	0x359
 581 0357 08       		.uleb128 0x8
 582 0358 00       		.byte	0
 583 0359 13       		.uleb128 0x13
 584 035a FC000000 		.4byte	.LASF34
 585 035e 0A       		.byte	0xa
 586 035f 17       		.byte	0x17
 587 0360 66030000 		.4byte	0x366
 588 0364 08       		.uleb128 0x8
 589 0365 00       		.byte	0
 590 0366 13       		.uleb128 0x13
 591 0367 22010000 		.4byte	.LASF35
 592 036b 0B       		.byte	0xb
 593 036c 21       		.byte	0x21
 594 036d 73030000 		.4byte	0x373
 595 0371 08       		.uleb128 0x8
 596 0372 00       		.byte	0
 597 0373 13       		.uleb128 0x13
 598 0374 44000000 		.4byte	.LASF36
 599 0378 0C       		.byte	0xc
 600 0379 13       		.byte	0x13
 601 037a 80030000 		.4byte	0x380
 602 037e 08       		.uleb128 0x8
 603 037f 00       		.byte	0
 604 0380 13       		.uleb128 0x13
 605 0381 C1010000 		.4byte	.LASF37
 606 0385 0D       		.byte	0xd
 607 0386 14       		.byte	0x14
 608 0387 8D030000 		.4byte	0x38d
 609 038b 08       		.uleb128 0x8
 610 038c 00       		.byte	0
 611 038d 13       		.uleb128 0x13
 612 038e F2000000 		.4byte	.LASF38
 613 0392 11       		.byte	0x11
 614 0393 59       		.byte	0x59
 615 0394 9A030000 		.4byte	0x39a
 616 0398 08       		.uleb128 0x8
 617 0399 00       		.byte	0
 618 039a 13       		.uleb128 0x13
 619 039b 53010000 		.4byte	.LASF39
 620 039f 0E       		.byte	0xe
 621 03a0 12       		.byte	0x12
 622 03a1 A7030000 		.4byte	0x3a7
 623 03a5 08       		.uleb128 0x8
 624 03a6 00       		.byte	0
 625 03a7 13       		.uleb128 0x13
 626 03a8 33000000 		.4byte	.LASF40
ARM GAS  C:\Users\Tim\AppData\Local\Temp\ccoU4pWd.s 			page 14


 627 03ac 0F       		.byte	0xf
 628 03ad 13       		.byte	0x13
 629 03ae B4030000 		.4byte	0x3b4
 630 03b2 08       		.uleb128 0x8
 631 03b3 00       		.byte	0
 632 03b4 13       		.uleb128 0x13
 633 03b5 D8020000 		.4byte	.LASF41
 634 03b9 10       		.byte	0x10
 635 03ba 13       		.byte	0x13
 636 03bb C1030000 		.4byte	0x3c1
 637 03bf 08       		.uleb128 0x8
 638 03c0 00       		.byte	0
 639 03c1 14       		.uleb128 0x14
 640 03c2 3E010000 		.4byte	.LASF43
 641 03c6 12       		.byte	0x12
 642 03c7 8B       		.byte	0x8b
 643 03c8 D2030000 		.4byte	0x3d2
 644 03cc 15       		.uleb128 0x15
 645 03cd D2030000 		.4byte	0x3d2
 646 03d1 00       		.byte	0
 647 03d2 06       		.uleb128 0x6
 648 03d3 04       		.byte	0x4
 649 03d4 D8030000 		.4byte	0x3d8
 650 03d8 16       		.uleb128 0x16
 651 03d9 B5000000 		.4byte	0xb5
 652 03dd 14       		.uleb128 0x14
 653 03de 13030000 		.4byte	.LASF44
 654 03e2 13       		.byte	0x13
 655 03e3 26       		.byte	0x26
 656 03e4 EE030000 		.4byte	0x3ee
 657 03e8 15       		.uleb128 0x15
 658 03e9 8F000000 		.4byte	0x8f
 659 03ed 00       		.byte	0
 660 03ee 13       		.uleb128 0x13
 661 03ef C1000000 		.4byte	.LASF45
 662 03f3 09       		.byte	0x9
 663 03f4 14       		.byte	0x14
 664 03f5 FB030000 		.4byte	0x3fb
 665 03f9 08       		.uleb128 0x8
 666 03fa 00       		.byte	0
 667 03fb 13       		.uleb128 0x13
 668 03fc 79010000 		.4byte	.LASF46
 669 0400 0C       		.byte	0xc
 670 0401 14       		.byte	0x14
 671 0402 08040000 		.4byte	0x408
 672 0406 08       		.uleb128 0x8
 673 0407 00       		.byte	0
 674 0408 13       		.uleb128 0x13
 675 0409 88010000 		.4byte	.LASF47
 676 040d 11       		.byte	0x11
 677 040e 60       		.byte	0x60
 678 040f 15040000 		.4byte	0x415
 679 0413 08       		.uleb128 0x8
 680 0414 00       		.byte	0
 681 0415 13       		.uleb128 0x13
 682 0416 CC020000 		.4byte	.LASF48
 683 041a 0E       		.byte	0xe
ARM GAS  C:\Users\Tim\AppData\Local\Temp\ccoU4pWd.s 			page 15


 684 041b 13       		.byte	0x13
 685 041c 22040000 		.4byte	0x422
 686 0420 08       		.uleb128 0x8
 687 0421 00       		.byte	0
 688 0422 17       		.uleb128 0x17
 689 0423 A1000000 		.4byte	.LASF53
 690 0427 08       		.byte	0x8
 691 0428 1C       		.byte	0x1c
 692 0429 08       		.uleb128 0x8
 693 042a 00       		.byte	0
 694 042b 00       		.byte	0
 695              		.section	.debug_abbrev,"",%progbits
 696              	.Ldebug_abbrev0:
 697 0000 01       		.uleb128 0x1
 698 0001 11       		.uleb128 0x11
 699 0002 01       		.byte	0x1
 700 0003 25       		.uleb128 0x25
 701 0004 0E       		.uleb128 0xe
 702 0005 13       		.uleb128 0x13
 703 0006 0B       		.uleb128 0xb
 704 0007 03       		.uleb128 0x3
 705 0008 0E       		.uleb128 0xe
 706 0009 1B       		.uleb128 0x1b
 707 000a 0E       		.uleb128 0xe
 708 000b 55       		.uleb128 0x55
 709 000c 17       		.uleb128 0x17
 710 000d 11       		.uleb128 0x11
 711 000e 01       		.uleb128 0x1
 712 000f 10       		.uleb128 0x10
 713 0010 17       		.uleb128 0x17
 714 0011 00       		.byte	0
 715 0012 00       		.byte	0
 716 0013 02       		.uleb128 0x2
 717 0014 24       		.uleb128 0x24
 718 0015 00       		.byte	0
 719 0016 0B       		.uleb128 0xb
 720 0017 0B       		.uleb128 0xb
 721 0018 3E       		.uleb128 0x3e
 722 0019 0B       		.uleb128 0xb
 723 001a 03       		.uleb128 0x3
 724 001b 0E       		.uleb128 0xe
 725 001c 00       		.byte	0
 726 001d 00       		.byte	0
 727 001e 03       		.uleb128 0x3
 728 001f 16       		.uleb128 0x16
 729 0020 00       		.byte	0
 730 0021 03       		.uleb128 0x3
 731 0022 0E       		.uleb128 0xe
 732 0023 3A       		.uleb128 0x3a
 733 0024 0B       		.uleb128 0xb
 734 0025 3B       		.uleb128 0x3b
 735 0026 0B       		.uleb128 0xb
 736 0027 49       		.uleb128 0x49
 737 0028 13       		.uleb128 0x13
 738 0029 00       		.byte	0
 739 002a 00       		.byte	0
 740 002b 04       		.uleb128 0x4
ARM GAS  C:\Users\Tim\AppData\Local\Temp\ccoU4pWd.s 			page 16


 741 002c 24       		.uleb128 0x24
 742 002d 00       		.byte	0
 743 002e 0B       		.uleb128 0xb
 744 002f 0B       		.uleb128 0xb
 745 0030 3E       		.uleb128 0x3e
 746 0031 0B       		.uleb128 0xb
 747 0032 03       		.uleb128 0x3
 748 0033 08       		.uleb128 0x8
 749 0034 00       		.byte	0
 750 0035 00       		.byte	0
 751 0036 05       		.uleb128 0x5
 752 0037 16       		.uleb128 0x16
 753 0038 00       		.byte	0
 754 0039 03       		.uleb128 0x3
 755 003a 0E       		.uleb128 0xe
 756 003b 3A       		.uleb128 0x3a
 757 003c 0B       		.uleb128 0xb
 758 003d 3B       		.uleb128 0x3b
 759 003e 05       		.uleb128 0x5
 760 003f 49       		.uleb128 0x49
 761 0040 13       		.uleb128 0x13
 762 0041 00       		.byte	0
 763 0042 00       		.byte	0
 764 0043 06       		.uleb128 0x6
 765 0044 0F       		.uleb128 0xf
 766 0045 00       		.byte	0
 767 0046 0B       		.uleb128 0xb
 768 0047 0B       		.uleb128 0xb
 769 0048 49       		.uleb128 0x49
 770 0049 13       		.uleb128 0x13
 771 004a 00       		.byte	0
 772 004b 00       		.byte	0
 773 004c 07       		.uleb128 0x7
 774 004d 15       		.uleb128 0x15
 775 004e 01       		.byte	0x1
 776 004f 49       		.uleb128 0x49
 777 0050 13       		.uleb128 0x13
 778 0051 01       		.uleb128 0x1
 779 0052 13       		.uleb128 0x13
 780 0053 00       		.byte	0
 781 0054 00       		.byte	0
 782 0055 08       		.uleb128 0x8
 783 0056 18       		.uleb128 0x18
 784 0057 00       		.byte	0
 785 0058 00       		.byte	0
 786 0059 00       		.byte	0
 787 005a 09       		.uleb128 0x9
 788 005b 2E       		.uleb128 0x2e
 789 005c 01       		.byte	0x1
 790 005d 3F       		.uleb128 0x3f
 791 005e 19       		.uleb128 0x19
 792 005f 03       		.uleb128 0x3
 793 0060 0E       		.uleb128 0xe
 794 0061 3A       		.uleb128 0x3a
 795 0062 0B       		.uleb128 0xb
 796 0063 3B       		.uleb128 0x3b
 797 0064 0B       		.uleb128 0xb
ARM GAS  C:\Users\Tim\AppData\Local\Temp\ccoU4pWd.s 			page 17


 798 0065 49       		.uleb128 0x49
 799 0066 13       		.uleb128 0x13
 800 0067 11       		.uleb128 0x11
 801 0068 01       		.uleb128 0x1
 802 0069 12       		.uleb128 0x12
 803 006a 06       		.uleb128 0x6
 804 006b 40       		.uleb128 0x40
 805 006c 18       		.uleb128 0x18
 806 006d 9742     		.uleb128 0x2117
 807 006f 19       		.uleb128 0x19
 808 0070 01       		.uleb128 0x1
 809 0071 13       		.uleb128 0x13
 810 0072 00       		.byte	0
 811 0073 00       		.byte	0
 812 0074 0A       		.uleb128 0xa
 813 0075 898201   		.uleb128 0x4109
 814 0078 00       		.byte	0
 815 0079 11       		.uleb128 0x11
 816 007a 01       		.uleb128 0x1
 817 007b 31       		.uleb128 0x31
 818 007c 13       		.uleb128 0x13
 819 007d 00       		.byte	0
 820 007e 00       		.byte	0
 821 007f 0B       		.uleb128 0xb
 822 0080 898201   		.uleb128 0x4109
 823 0083 01       		.byte	0x1
 824 0084 11       		.uleb128 0x11
 825 0085 01       		.uleb128 0x1
 826 0086 31       		.uleb128 0x31
 827 0087 13       		.uleb128 0x13
 828 0088 01       		.uleb128 0x1
 829 0089 13       		.uleb128 0x13
 830 008a 00       		.byte	0
 831 008b 00       		.byte	0
 832 008c 0C       		.uleb128 0xc
 833 008d 8A8201   		.uleb128 0x410a
 834 0090 00       		.byte	0
 835 0091 02       		.uleb128 0x2
 836 0092 18       		.uleb128 0x18
 837 0093 9142     		.uleb128 0x2111
 838 0095 18       		.uleb128 0x18
 839 0096 00       		.byte	0
 840 0097 00       		.byte	0
 841 0098 0D       		.uleb128 0xd
 842 0099 898201   		.uleb128 0x4109
 843 009c 01       		.byte	0x1
 844 009d 11       		.uleb128 0x11
 845 009e 01       		.uleb128 0x1
 846 009f 31       		.uleb128 0x31
 847 00a0 13       		.uleb128 0x13
 848 00a1 00       		.byte	0
 849 00a2 00       		.byte	0
 850 00a3 0E       		.uleb128 0xe
 851 00a4 34       		.uleb128 0x34
 852 00a5 00       		.byte	0
 853 00a6 03       		.uleb128 0x3
 854 00a7 0E       		.uleb128 0xe
ARM GAS  C:\Users\Tim\AppData\Local\Temp\ccoU4pWd.s 			page 18


 855 00a8 3A       		.uleb128 0x3a
 856 00a9 0B       		.uleb128 0xb
 857 00aa 3B       		.uleb128 0x3b
 858 00ab 05       		.uleb128 0x5
 859 00ac 49       		.uleb128 0x49
 860 00ad 13       		.uleb128 0x13
 861 00ae 3F       		.uleb128 0x3f
 862 00af 19       		.uleb128 0x19
 863 00b0 3C       		.uleb128 0x3c
 864 00b1 19       		.uleb128 0x19
 865 00b2 00       		.byte	0
 866 00b3 00       		.byte	0
 867 00b4 0F       		.uleb128 0xf
 868 00b5 35       		.uleb128 0x35
 869 00b6 00       		.byte	0
 870 00b7 49       		.uleb128 0x49
 871 00b8 13       		.uleb128 0x13
 872 00b9 00       		.byte	0
 873 00ba 00       		.byte	0
 874 00bb 10       		.uleb128 0x10
 875 00bc 01       		.uleb128 0x1
 876 00bd 01       		.byte	0x1
 877 00be 49       		.uleb128 0x49
 878 00bf 13       		.uleb128 0x13
 879 00c0 01       		.uleb128 0x1
 880 00c1 13       		.uleb128 0x13
 881 00c2 00       		.byte	0
 882 00c3 00       		.byte	0
 883 00c4 11       		.uleb128 0x11
 884 00c5 21       		.uleb128 0x21
 885 00c6 00       		.byte	0
 886 00c7 49       		.uleb128 0x49
 887 00c8 13       		.uleb128 0x13
 888 00c9 2F       		.uleb128 0x2f
 889 00ca 0B       		.uleb128 0xb
 890 00cb 00       		.byte	0
 891 00cc 00       		.byte	0
 892 00cd 12       		.uleb128 0x12
 893 00ce 34       		.uleb128 0x34
 894 00cf 00       		.byte	0
 895 00d0 03       		.uleb128 0x3
 896 00d1 0E       		.uleb128 0xe
 897 00d2 3A       		.uleb128 0x3a
 898 00d3 0B       		.uleb128 0xb
 899 00d4 3B       		.uleb128 0x3b
 900 00d5 0B       		.uleb128 0xb
 901 00d6 49       		.uleb128 0x49
 902 00d7 13       		.uleb128 0x13
 903 00d8 3F       		.uleb128 0x3f
 904 00d9 19       		.uleb128 0x19
 905 00da 02       		.uleb128 0x2
 906 00db 18       		.uleb128 0x18
 907 00dc 00       		.byte	0
 908 00dd 00       		.byte	0
 909 00de 13       		.uleb128 0x13
 910 00df 2E       		.uleb128 0x2e
 911 00e0 01       		.byte	0x1
ARM GAS  C:\Users\Tim\AppData\Local\Temp\ccoU4pWd.s 			page 19


 912 00e1 3F       		.uleb128 0x3f
 913 00e2 19       		.uleb128 0x19
 914 00e3 03       		.uleb128 0x3
 915 00e4 0E       		.uleb128 0xe
 916 00e5 3A       		.uleb128 0x3a
 917 00e6 0B       		.uleb128 0xb
 918 00e7 3B       		.uleb128 0x3b
 919 00e8 0B       		.uleb128 0xb
 920 00e9 3C       		.uleb128 0x3c
 921 00ea 19       		.uleb128 0x19
 922 00eb 01       		.uleb128 0x1
 923 00ec 13       		.uleb128 0x13
 924 00ed 00       		.byte	0
 925 00ee 00       		.byte	0
 926 00ef 14       		.uleb128 0x14
 927 00f0 2E       		.uleb128 0x2e
 928 00f1 01       		.byte	0x1
 929 00f2 3F       		.uleb128 0x3f
 930 00f3 19       		.uleb128 0x19
 931 00f4 03       		.uleb128 0x3
 932 00f5 0E       		.uleb128 0xe
 933 00f6 3A       		.uleb128 0x3a
 934 00f7 0B       		.uleb128 0xb
 935 00f8 3B       		.uleb128 0x3b
 936 00f9 0B       		.uleb128 0xb
 937 00fa 27       		.uleb128 0x27
 938 00fb 19       		.uleb128 0x19
 939 00fc 3C       		.uleb128 0x3c
 940 00fd 19       		.uleb128 0x19
 941 00fe 01       		.uleb128 0x1
 942 00ff 13       		.uleb128 0x13
 943 0100 00       		.byte	0
 944 0101 00       		.byte	0
 945 0102 15       		.uleb128 0x15
 946 0103 05       		.uleb128 0x5
 947 0104 00       		.byte	0
 948 0105 49       		.uleb128 0x49
 949 0106 13       		.uleb128 0x13
 950 0107 00       		.byte	0
 951 0108 00       		.byte	0
 952 0109 16       		.uleb128 0x16
 953 010a 26       		.uleb128 0x26
 954 010b 00       		.byte	0
 955 010c 49       		.uleb128 0x49
 956 010d 13       		.uleb128 0x13
 957 010e 00       		.byte	0
 958 010f 00       		.byte	0
 959 0110 17       		.uleb128 0x17
 960 0111 2E       		.uleb128 0x2e
 961 0112 01       		.byte	0x1
 962 0113 3F       		.uleb128 0x3f
 963 0114 19       		.uleb128 0x19
 964 0115 03       		.uleb128 0x3
 965 0116 0E       		.uleb128 0xe
 966 0117 3A       		.uleb128 0x3a
 967 0118 0B       		.uleb128 0xb
 968 0119 3B       		.uleb128 0x3b
ARM GAS  C:\Users\Tim\AppData\Local\Temp\ccoU4pWd.s 			page 20


 969 011a 0B       		.uleb128 0xb
 970 011b 3C       		.uleb128 0x3c
 971 011c 19       		.uleb128 0x19
 972 011d 00       		.byte	0
 973 011e 00       		.byte	0
 974 011f 00       		.byte	0
 975              		.section	.debug_aranges,"",%progbits
 976 0000 1C000000 		.4byte	0x1c
 977 0004 0200     		.2byte	0x2
 978 0006 00000000 		.4byte	.Ldebug_info0
 979 000a 04       		.byte	0x4
 980 000b 00       		.byte	0
 981 000c 0000     		.2byte	0
 982 000e 0000     		.2byte	0
 983 0010 00000000 		.4byte	.LFB64
 984 0014 B4000000 		.4byte	.LFE64-.LFB64
 985 0018 00000000 		.4byte	0
 986 001c 00000000 		.4byte	0
 987              		.section	.debug_ranges,"",%progbits
 988              	.Ldebug_ranges0:
 989 0000 00000000 		.4byte	.LFB64
 990 0004 B4000000 		.4byte	.LFE64
 991 0008 00000000 		.4byte	0
 992 000c 00000000 		.4byte	0
 993              		.section	.debug_line,"",%progbits
 994              	.Ldebug_line0:
 995 0000 55020000 		.section	.debug_str,"MS",%progbits,1
 995      0200FD01 
 995      00000201 
 995      FB0E0D00 
 995      01010101 
 996              	.LASF31:
 997 0000 556C7472 		.ascii	"Ultrasonic_Init\000"
 997      61736F6E 
 997      69635F49 
 997      6E697400 
 998              	.LASF24:
 999 0010 44696167 		.ascii	"Diag_Start\000"
 999      5F537461 
 999      727400
 1000              	.LASF11:
 1001 001b 5F5F696E 		.ascii	"__int32_t\000"
 1001      7433325F 
 1001      7400
 1002              	.LASF32:
 1003 0025 496E6672 		.ascii	"Infrared_Init\000"
 1003      61726564 
 1003      5F496E69 
 1003      7400
 1004              	.LASF40:
 1005 0033 556C7472 		.ascii	"Ultrasonic_Start\000"
 1005      61736F6E 
 1005      69635F53 
 1005      74617274 
 1005      00
 1006              	.LASF36:
 1007 0044 456E636F 		.ascii	"Encoder_Start\000"
ARM GAS  C:\Users\Tim\AppData\Local\Temp\ccoU4pWd.s 			page 21


 1007      6465725F 
 1007      53746172 
 1007      7400
 1008              	.LASF51:
 1009 0052 443A5C70 		.ascii	"D:\\projects\\ArloBot\\arlobot_freesoc\\freesoc.cyd"
 1009      726F6A65 
 1009      6374735C 
 1009      41726C6F 
 1009      426F745C 
 1010 0081 736E00   		.ascii	"sn\000"
 1011              	.LASF26:
 1012 0084 54696D65 		.ascii	"Time_Init\000"
 1012      5F496E69 
 1012      7400
 1013              	.LASF28:
 1014 008e 456E636F 		.ascii	"Encoder_Init\000"
 1014      6465725F 
 1014      496E6974 
 1014      00
 1015              	.LASF15:
 1016 009b 666C6F61 		.ascii	"float\000"
 1016      7400
 1017              	.LASF53:
 1018 00a1 44696167 		.ascii	"Diag_Update\000"
 1018      5F557064 
 1018      61746500 
 1019              	.LASF1:
 1020 00ad 756E7369 		.ascii	"unsigned char\000"
 1020      676E6564 
 1020      20636861 
 1020      7200
 1021              	.LASF17:
 1022 00bb 63686172 		.ascii	"char8\000"
 1022      3800
 1023              	.LASF45:
 1024 00c1 436F6E74 		.ascii	"Control_Update\000"
 1024      726F6C5F 
 1024      55706461 
 1024      746500
 1025              	.LASF14:
 1026 00d0 696E7431 		.ascii	"int16\000"
 1026      3600
 1027              	.LASF42:
 1028 00d6 5069645F 		.ascii	"Pid_Init\000"
 1028      496E6974 
 1028      00
 1029              	.LASF3:
 1030 00df 73686F72 		.ascii	"short unsigned int\000"
 1030      7420756E 
 1030      7369676E 
 1030      65642069 
 1030      6E7400
 1031              	.LASF38:
 1032 00f2 5069645F 		.ascii	"Pid_Start\000"
 1032      53746172 
 1032      7400
 1033              	.LASF34:
ARM GAS  C:\Users\Tim\AppData\Local\Temp\ccoU4pWd.s 			page 22


 1034 00fc 54696D65 		.ascii	"Time_Start\000"
 1034      5F537461 
 1034      727400
 1035              	.LASF19:
 1036 0107 49544D5F 		.ascii	"ITM_RxBuffer\000"
 1036      52784275 
 1036      66666572 
 1036      00
 1037              	.LASF33:
 1038 0114 436F6E74 		.ascii	"Control_Start\000"
 1038      726F6C5F 
 1038      53746172 
 1038      7400
 1039              	.LASF35:
 1040 0122 4932635F 		.ascii	"I2c_Start\000"
 1040      53746172 
 1040      7400
 1041              	.LASF5:
 1042 012c 6C6F6E67 		.ascii	"long unsigned int\000"
 1042      20756E73 
 1042      69676E65 
 1042      6420696E 
 1042      7400
 1043              	.LASF43:
 1044 013e 55415254 		.ascii	"UART_Debug_PutString\000"
 1044      5F446562 
 1044      75675F50 
 1044      75745374 
 1044      72696E67 
 1045              	.LASF39:
 1046 0153 4F646F6D 		.ascii	"Odom_Start\000"
 1046      5F537461 
 1046      727400
 1047              	.LASF18:
 1048 015e 4745545F 		.ascii	"GET_TARGET_TYPE\000"
 1048      54415247 
 1048      45545F54 
 1048      59504500 
 1049              	.LASF21:
 1050 016e 44656275 		.ascii	"Debug_Init\000"
 1050      675F496E 
 1050      697400
 1051              	.LASF46:
 1052 0179 456E636F 		.ascii	"Encoder_Update\000"
 1052      6465725F 
 1052      55706461 
 1052      746500
 1053              	.LASF47:
 1054 0188 5069645F 		.ascii	"Pid_Update\000"
 1054      55706461 
 1054      746500
 1055              	.LASF8:
 1056 0193 756E7369 		.ascii	"unsigned int\000"
 1056      676E6564 
 1056      20696E74 
 1056      00
 1057              	.LASF23:
ARM GAS  C:\Users\Tim\AppData\Local\Temp\ccoU4pWd.s 			page 23


 1058 01a0 44696167 		.ascii	"Diag_Init\000"
 1058      5F496E69 
 1058      7400
 1059              	.LASF7:
 1060 01aa 6C6F6E67 		.ascii	"long long unsigned int\000"
 1060      206C6F6E 
 1060      6720756E 
 1060      7369676E 
 1060      65642069 
 1061              	.LASF37:
 1062 01c1 4D6F746F 		.ascii	"Motor_Start\000"
 1062      725F5374 
 1062      61727400 
 1063              	.LASF27:
 1064 01cd 4932635F 		.ascii	"I2c_Init\000"
 1064      496E6974 
 1064      00
 1065              	.LASF52:
 1066 01d6 6D61696E 		.ascii	"main\000"
 1066      00
 1067              	.LASF50:
 1068 01db 2E2E5C73 		.ascii	"..\\source\\main.c\000"
 1068      6F757263 
 1068      655C6D61 
 1068      696E2E63 
 1068      00
 1069              	.LASF12:
 1070 01ec 696E7433 		.ascii	"int32_t\000"
 1070      325F7400 
 1071              	.LASF9:
 1072 01f4 73697A65 		.ascii	"sizetype\000"
 1072      74797065 
 1072      00
 1073              	.LASF49:
 1074 01fd 474E5520 		.ascii	"GNU C 4.9.3 20150303 (release) [ARM/embedded-4_9-br"
 1074      4320342E 
 1074      392E3320 
 1074      32303135 
 1074      30333033 
 1075 0230 616E6368 		.ascii	"anch revision 221220] -mcpu=cortex-m3 -mthumb -g -O"
 1075      20726576 
 1075      6973696F 
 1075      6E203232 
 1075      31323230 
 1076 0263 67202D66 		.ascii	"g -ffunction-sections -ffat-lto-objects\000"
 1076      66756E63 
 1076      74696F6E 
 1076      2D736563 
 1076      74696F6E 
 1077              	.LASF6:
 1078 028b 6C6F6E67 		.ascii	"long long int\000"
 1078      206C6F6E 
 1078      6720696E 
 1078      7400
 1079              	.LASF10:
 1080 0299 63686172 		.ascii	"char\000"
 1080      00
ARM GAS  C:\Users\Tim\AppData\Local\Temp\ccoU4pWd.s 			page 24


 1081              	.LASF29:
 1082 029e 4D6F746F 		.ascii	"Motor_Init\000"
 1082      725F496E 
 1082      697400
 1083              	.LASF22:
 1084 02a9 44656275 		.ascii	"Debug_Start\000"
 1084      675F5374 
 1084      61727400 
 1085              	.LASF30:
 1086 02b5 4F646F6D 		.ascii	"Odom_Init\000"
 1086      5F496E69 
 1086      7400
 1087              	.LASF25:
 1088 02bf 436F6E74 		.ascii	"Control_Init\000"
 1088      726F6C5F 
 1088      496E6974 
 1088      00
 1089              	.LASF48:
 1090 02cc 4F646F6D 		.ascii	"Odom_Update\000"
 1090      5F557064 
 1090      61746500 
 1091              	.LASF41:
 1092 02d8 496E6672 		.ascii	"Infrared_Start\000"
 1092      61726564 
 1092      5F537461 
 1092      727400
 1093              	.LASF13:
 1094 02e7 75696E74 		.ascii	"uint8\000"
 1094      3800
 1095              	.LASF2:
 1096 02ed 73686F72 		.ascii	"short int\000"
 1096      7420696E 
 1096      7400
 1097              	.LASF4:
 1098 02f7 6C6F6E67 		.ascii	"long int\000"
 1098      20696E74 
 1098      00
 1099              	.LASF0:
 1100 0300 7369676E 		.ascii	"signed char\000"
 1100      65642063 
 1100      68617200 
 1101              	.LASF16:
 1102 030c 646F7562 		.ascii	"double\000"
 1102      6C6500
 1103              	.LASF44:
 1104 0313 4D61696E 		.ascii	"Mainloop_Pin_Write\000"
 1104      6C6F6F70 
 1104      5F50696E 
 1104      5F577269 
 1104      746500
 1105              	.LASF20:
 1106 0326 666F726D 		.ascii	"formatted_string\000"
 1106      61747465 
 1106      645F7374 
 1106      72696E67 
 1106      00
 1107              		.ident	"GCC: (GNU Tools for ARM Embedded Processors) 4.9.3 20150303 (release) [ARM/embedded-4_9-br
ARM GAS  C:\Users\Tim\AppData\Local\Temp\ccoU4pWd.s 			page 25


