ARM GAS  C:\Users\Tim\AppData\Local\Temp\ccM5w3Zz.s 			page 1


   1              		.syntax unified
   2              		.cpu cortex-m3
   3              		.fpu softvfp
   4              		.eabi_attribute 20, 1
   5              		.eabi_attribute 21, 1
   6              		.eabi_attribute 23, 3
   7              		.eabi_attribute 24, 1
   8              		.eabi_attribute 25, 1
   9              		.eabi_attribute 26, 1
  10              		.eabi_attribute 30, 1
  11              		.eabi_attribute 34, 1
  12              		.eabi_attribute 18, 4
  13              		.thumb
  14              		.file	"nvstore.c"
  15              		.text
  16              	.Ltext0:
  17              		.cfi_sections	.debug_frame
  18              		.section	.text.Nvstore_Init,"ax",%progbits
  19              		.align	2
  20              		.global	Nvstore_Init
  21              		.thumb
  22              		.thumb_func
  23              		.type	Nvstore_Init, %function
  24              	Nvstore_Init:
  25              	.LFB63:
  26              		.file 1 "..\\source\\nvstore.c"
   1:..\source/nvstore.c **** /* ========================================
   2:..\source/nvstore.c ****  *
   3:..\source/nvstore.c ****  * Copyright YOUR COMPANY, THE YEAR
   4:..\source/nvstore.c ****  * All Rights Reserved
   5:..\source/nvstore.c ****  * UNPUBLISHED, LICENSED SOFTWARE.
   6:..\source/nvstore.c ****  *
   7:..\source/nvstore.c ****  * CONFIDENTIAL AND PROPRIETARY INFORMATION
   8:..\source/nvstore.c ****  * WHICH IS THE PROPERTY OF your company.
   9:..\source/nvstore.c ****  *
  10:..\source/nvstore.c ****  * ========================================
  11:..\source/nvstore.c **** */
  12:..\source/nvstore.c **** 
  13:..\source/nvstore.c **** 
  14:..\source/nvstore.c **** /*-------------------------------------------------------------------------------------------------
  15:..\source/nvstore.c ****  * Includes
  16:..\source/nvstore.c ****  *-------------------------------------------------------------------------------------------------
  17:..\source/nvstore.c **** #include "nvstore.h"
  18:..\source/nvstore.c **** #include "assert.h"
  19:..\source/nvstore.c **** #include "utils.h"
  20:..\source/nvstore.c **** 
  21:..\source/nvstore.c **** 
  22:..\source/nvstore.c **** /*-------------------------------------------------------------------------------------------------
  23:..\source/nvstore.c ****  * Functions
  24:..\source/nvstore.c ****  *-------------------------------------------------------------------------------------------------
  25:..\source/nvstore.c **** 
  26:..\source/nvstore.c **** /*-------------------------------------------------------------------------------------------------
  27:..\source/nvstore.c ****  * Name: Nvstore_Init
  28:..\source/nvstore.c ****  * Description: Initializes module variables
  29:..\source/nvstore.c ****  * Parameters: None
  30:..\source/nvstore.c ****  * Return: None
  31:..\source/nvstore.c ****  * 
ARM GAS  C:\Users\Tim\AppData\Local\Temp\ccM5w3Zz.s 			page 2


  32:..\source/nvstore.c ****  *-------------------------------------------------------------------------------------------------
  33:..\source/nvstore.c **** void Nvstore_Init()
  34:..\source/nvstore.c **** {
  27              		.loc 1 34 0
  28              		.cfi_startproc
  29              		@ args = 0, pretend = 0, frame = 0
  30              		@ frame_needed = 0, uses_anonymous_args = 0
  31              		@ link register save eliminated.
  32 0000 7047     		bx	lr
  33              		.cfi_endproc
  34              	.LFE63:
  35              		.size	Nvstore_Init, .-Nvstore_Init
  36 0002 00BF     		.section	.text.Nvstore_Start,"ax",%progbits
  37              		.align	2
  38              		.global	Nvstore_Start
  39              		.thumb
  40              		.thumb_func
  41              		.type	Nvstore_Start, %function
  42              	Nvstore_Start:
  43              	.LFB64:
  35:..\source/nvstore.c **** }
  36:..\source/nvstore.c **** 
  37:..\source/nvstore.c **** /*-------------------------------------------------------------------------------------------------
  38:..\source/nvstore.c ****  * Name: Nvstore_Start
  39:..\source/nvstore.c ****  * Description: Starts the EEPROM component used for storing calibration information.
  40:..\source/nvstore.c ****  * Parameters: None
  41:..\source/nvstore.c ****  * Return: None
  42:..\source/nvstore.c ****  * 
  43:..\source/nvstore.c ****  *-------------------------------------------------------------------------------------------------
  44:..\source/nvstore.c **** void Nvstore_Start()
  45:..\source/nvstore.c **** {
  44              		.loc 1 45 0
  45              		.cfi_startproc
  46              		@ args = 0, pretend = 0, frame = 0
  47              		@ frame_needed = 0, uses_anonymous_args = 0
  48              		.loc 1 45 0
  49 0000 08B5     		push	{r3, lr}
  50              		.cfi_def_cfa_offset 8
  51              		.cfi_offset 3, -8
  52              		.cfi_offset 14, -4
  46:..\source/nvstore.c ****     EEPROM_Start();
  53              		.loc 1 46 0
  54 0002 FFF7FEFF 		bl	EEPROM_Start
  55              	.LVL0:
  56 0006 08BD     		pop	{r3, pc}
  57              		.cfi_endproc
  58              	.LFE64:
  59              		.size	Nvstore_Start, .-Nvstore_Start
  60              		.section	.text.Nvstore_WriteBytes,"ax",%progbits
  61              		.align	2
  62              		.global	Nvstore_WriteBytes
  63              		.thumb
  64              		.thumb_func
  65              		.type	Nvstore_WriteBytes, %function
  66              	Nvstore_WriteBytes:
  67              	.LFB65:
  47:..\source/nvstore.c ****     
ARM GAS  C:\Users\Tim\AppData\Local\Temp\ccM5w3Zz.s 			page 3


  48:..\source/nvstore.c ****     //EEPROM_EraseSector(0);
  49:..\source/nvstore.c ****     //EEPROM_EraseSector(1);
  50:..\source/nvstore.c **** }
  51:..\source/nvstore.c **** 
  52:..\source/nvstore.c **** /*-------------------------------------------------------------------------------------------------
  53:..\source/nvstore.c ****  * Name: Nvstore_WriteBytes
  54:..\source/nvstore.c ****  * Description: Writes the specified number of bytes to the location given in offset.  
  55:..\source/nvstore.c ****  *              Note: paging is handled within this routine.
  56:..\source/nvstore.c ****  * Parameters: bytes - pointer to array of bytes to be written
  57:..\source/nvstore.c ****  *             num_bytes - the number of bytes to be written
  58:..\source/nvstore.c ****  *             offset - the offset from the base address of non-volatile storage
  59:..\source/nvstore.c ****  * Return: None
  60:..\source/nvstore.c ****  * 
  61:..\source/nvstore.c ****  *-------------------------------------------------------------------------------------------------
  62:..\source/nvstore.c **** void Nvstore_WriteBytes(uint8 *bytes, uint16 num_bytes, uint16 offset)
  63:..\source/nvstore.c **** {
  68              		.loc 1 63 0
  69              		.cfi_startproc
  70              		@ args = 0, pretend = 0, frame = 0
  71              		@ frame_needed = 0, uses_anonymous_args = 0
  72              	.LVL1:
  73 0000 2DE9F047 		push	{r4, r5, r6, r7, r8, r9, r10, lr}
  74              		.cfi_def_cfa_offset 32
  75              		.cfi_offset 4, -32
  76              		.cfi_offset 5, -28
  77              		.cfi_offset 6, -24
  78              		.cfi_offset 7, -20
  79              		.cfi_offset 8, -16
  80              		.cfi_offset 9, -12
  81              		.cfi_offset 10, -8
  82              		.cfi_offset 14, -4
  83 0004 8046     		mov	r8, r0
  84 0006 0D46     		mov	r5, r1
  85              	.LVL2:
  64:..\source/nvstore.c ****     uint16 ii;
  65:..\source/nvstore.c ****     
  66:..\source/nvstore.c ****     // Need to calculate rowoffset from offset provided
  67:..\source/nvstore.c ****     //
  68:..\source/nvstore.c ****     //   Use EEPROM_WriteByte to write bytes that occur before the first complete row
  69:..\source/nvstore.c ****     //   Use EEPROM_Write to a full row of bytes
  70:..\source/nvstore.c ****     //   Use EEPROM_WriteByte to write remaining bytes that are less than a complete row
  71:..\source/nvstore.c ****     
  72:..\source/nvstore.c ****     uint16 index = 0;
  73:..\source/nvstore.c ****     uint16 row_offset = offset / CYDEV_EEPROM_ROW_SIZE;
  86              		.loc 1 73 0
  87 0008 1709     		lsrs	r7, r2, #4
  88              	.LVL3:
  74:..\source/nvstore.c ****     uint16 byte_offset = offset % CYDEV_EEPROM_ROW_SIZE;
  75:..\source/nvstore.c ****     
  76:..\source/nvstore.c ****     uint16 first_partial_row_start = byte_offset;
  77:..\source/nvstore.c ****     
  78:..\source/nvstore.c ****     if (first_partial_row_start)
  89              		.loc 1 78 0
  90 000a 12F00F02 		ands	r2, r2, #15
  91              	.LVL4:
  92 000e 1CD0     		beq	.L15
  93              	.LBB2:
ARM GAS  C:\Users\Tim\AppData\Local\Temp\ccM5w3Zz.s 			page 4


  79:..\source/nvstore.c ****     {
  80:..\source/nvstore.c ****         // write all the bytes up to the next row using EEPROM_WriteByte
  81:..\source/nvstore.c ****         
  82:..\source/nvstore.c ****         uint16 partial_row_num_bytes = CYDEV_EEPROM_ROW_SIZE - first_partial_row_start;
  94              		.loc 1 82 0
  95 0010 C2F1100A 		rsb	r10, r2, #16
  96 0014 1FFA8AFA 		uxth	r10, r10
  97              	.LVL5:
  83:..\source/nvstore.c ****         uint16 start = (row_offset * CYDEV_EEPROM_ROW_SIZE) + first_partial_row_start;
  98              		.loc 1 83 0
  99 0018 02EB0712 		add	r2, r2, r7, lsl #4
 100 001c 1FFA82F9 		uxth	r9, r2
 101              	.LVL6:
 102              	.LBE2:
  72:..\source/nvstore.c ****     uint16 row_offset = offset / CYDEV_EEPROM_ROW_SIZE;
 103              		.loc 1 72 0
 104 0020 0024     		movs	r4, #0
 105              	.LBB3:
  84:..\source/nvstore.c ****         for (ii = 0; ii < partial_row_num_bytes; ++ii)
 106              		.loc 1 84 0
 107 0022 2646     		mov	r6, r4
 108 0024 0CE0     		b	.L6
 109              	.LVL7:
 110              	.L7:
  85:..\source/nvstore.c ****         {
  86:..\source/nvstore.c ****             EEPROM_WriteByte(bytes[index], start + ii);
 111              		.loc 1 86 0 discriminator 3
 112 0026 09EB0601 		add	r1, r9, r6
 113 002a 18F80400 		ldrb	r0, [r8, r4]	@ zero_extendqisi2
 114 002e 89B2     		uxth	r1, r1
 115 0030 FFF7FEFF 		bl	EEPROM_WriteByte
 116              	.LVL8:
  87:..\source/nvstore.c ****             index++;
 117              		.loc 1 87 0 discriminator 3
 118 0034 0134     		adds	r4, r4, #1
 119              	.LVL9:
 120 0036 A4B2     		uxth	r4, r4
 121              	.LVL10:
  88:..\source/nvstore.c ****             num_bytes--;
 122              		.loc 1 88 0 discriminator 3
 123 0038 013D     		subs	r5, r5, #1
 124              	.LVL11:
 125 003a ADB2     		uxth	r5, r5
 126              	.LVL12:
  84:..\source/nvstore.c ****         {
 127              		.loc 1 84 0 discriminator 3
 128 003c 0136     		adds	r6, r6, #1
 129              	.LVL13:
 130 003e B6B2     		uxth	r6, r6
 131              	.LVL14:
 132              	.L6:
  84:..\source/nvstore.c ****         {
 133              		.loc 1 84 0 is_stmt 0 discriminator 1
 134 0040 5645     		cmp	r6, r10
 135 0042 F0D3     		bcc	.L7
  89:..\source/nvstore.c ****         }
  90:..\source/nvstore.c ****         row_offset++;
ARM GAS  C:\Users\Tim\AppData\Local\Temp\ccM5w3Zz.s 			page 5


 136              		.loc 1 90 0 is_stmt 1
 137 0044 0137     		adds	r7, r7, #1
 138              	.LVL15:
 139 0046 BFB2     		uxth	r7, r7
 140              	.LVL16:
 141 0048 00E0     		b	.L5
 142              	.LVL17:
 143              	.L15:
 144              	.LBE3:
  72:..\source/nvstore.c ****     uint16 row_offset = offset / CYDEV_EEPROM_ROW_SIZE;
 145              		.loc 1 72 0
 146 004a 0024     		movs	r4, #0
 147              	.LVL18:
 148              	.L5:
  91:..\source/nvstore.c ****     }
  92:..\source/nvstore.c **** 
  93:..\source/nvstore.c ****     uint16 num_full_rows = num_bytes / CYDEV_EEPROM_ROW_SIZE;
 149              		.loc 1 93 0
 150 004c C5F30F19 		ubfx	r9, r5, #4, #16
 151              	.LVL19:
  94:..\source/nvstore.c ****     
  95:..\source/nvstore.c ****     if (num_full_rows)
 152              		.loc 1 95 0
 153 0050 B9F1000F 		cmp	r9, #0
 154 0054 0ED1     		bne	.L16
 155 0056 10E0     		b	.L9
 156              	.LVL20:
 157              	.L10:
  96:..\source/nvstore.c ****     {
  97:..\source/nvstore.c ****         // Write out all of the full rows
  98:..\source/nvstore.c ****         for (ii = 0; ii < num_full_rows; ++ii)
  99:..\source/nvstore.c ****         {
 100:..\source/nvstore.c ****             EEPROM_Write(&bytes[index], row_offset);
 158              		.loc 1 100 0 discriminator 3
 159 0058 08EB0400 		add	r0, r8, r4
 160 005c F9B2     		uxtb	r1, r7
 161 005e FFF7FEFF 		bl	EEPROM_Write
 162              	.LVL21:
 101:..\source/nvstore.c ****             index += CYDEV_EEPROM_ROW_SIZE;
 163              		.loc 1 101 0 discriminator 3
 164 0062 1034     		adds	r4, r4, #16
 165              	.LVL22:
 166 0064 A4B2     		uxth	r4, r4
 167              	.LVL23:
 102:..\source/nvstore.c ****             num_bytes -= CYDEV_EEPROM_ROW_SIZE;
 168              		.loc 1 102 0 discriminator 3
 169 0066 103D     		subs	r5, r5, #16
 170              	.LVL24:
 171 0068 ADB2     		uxth	r5, r5
 172              	.LVL25:
 103:..\source/nvstore.c ****             row_offset++;
 173              		.loc 1 103 0 discriminator 3
 174 006a 0137     		adds	r7, r7, #1
 175              	.LVL26:
 176 006c BFB2     		uxth	r7, r7
 177              	.LVL27:
  98:..\source/nvstore.c ****         {
ARM GAS  C:\Users\Tim\AppData\Local\Temp\ccM5w3Zz.s 			page 6


 178              		.loc 1 98 0 discriminator 3
 179 006e 0136     		adds	r6, r6, #1
 180              	.LVL28:
 181 0070 B6B2     		uxth	r6, r6
 182              	.LVL29:
 183 0072 00E0     		b	.L8
 184              	.LVL30:
 185              	.L16:
 186 0074 0026     		movs	r6, #0
 187              	.L8:
 188              	.LVL31:
  98:..\source/nvstore.c ****         {
 189              		.loc 1 98 0 is_stmt 0 discriminator 1
 190 0076 4E45     		cmp	r6, r9
 191 0078 EED3     		bcc	.L10
 192              	.LVL32:
 193              	.L9:
 104:..\source/nvstore.c ****         }        
 105:..\source/nvstore.c ****     }
 106:..\source/nvstore.c ****     
 107:..\source/nvstore.c ****     uint16 num_remaining = num_bytes;
 108:..\source/nvstore.c ****     
 109:..\source/nvstore.c ****     if (num_remaining)
 194              		.loc 1 109 0 is_stmt 1
 195 007a ADB1     		cbz	r5, .L11
 196              	.LBB4:
 110:..\source/nvstore.c ****     {
 111:..\source/nvstore.c ****         // write all the bytes up to the next row using EEPROM_WriteByte
 112:..\source/nvstore.c ****         
 113:..\source/nvstore.c ****         uint16 start = row_offset * CYDEV_EEPROM_ROW_SIZE;
 197              		.loc 1 113 0
 198 007c 3F01     		lsls	r7, r7, #4
 199              	.LVL33:
 200 007e BFB2     		uxth	r7, r7
 201              	.LVL34:
 114:..\source/nvstore.c ****         for (ii = 0; ii < num_remaining; ++ii)
 202              		.loc 1 114 0
 203 0080 A946     		mov	r9, r5
 204              	.LVL35:
 205 0082 0026     		movs	r6, #0
 206 0084 0DE0     		b	.L12
 207              	.LVL36:
 208              	.L13:
 115:..\source/nvstore.c ****         {
 116:..\source/nvstore.c ****             EEPROM_WriteByte(bytes[index], start + ii);
 209              		.loc 1 116 0 discriminator 3
 210 0086 B919     		adds	r1, r7, r6
 211 0088 18F80400 		ldrb	r0, [r8, r4]	@ zero_extendqisi2
 212 008c 89B2     		uxth	r1, r1
 213 008e FFF7FEFF 		bl	EEPROM_WriteByte
 214              	.LVL37:
 117:..\source/nvstore.c ****             index++;
 215              		.loc 1 117 0 discriminator 3
 216 0092 0134     		adds	r4, r4, #1
 217              	.LVL38:
 218 0094 A4B2     		uxth	r4, r4
 219              	.LVL39:
ARM GAS  C:\Users\Tim\AppData\Local\Temp\ccM5w3Zz.s 			page 7


 118:..\source/nvstore.c ****             num_bytes--;
 220              		.loc 1 118 0 discriminator 3
 221 0096 09F1FF39 		add	r9, r9, #-1
 222              	.LVL40:
 223 009a 1FFA89F9 		uxth	r9, r9
 224              	.LVL41:
 114:..\source/nvstore.c ****         {
 225              		.loc 1 114 0 discriminator 3
 226 009e 0136     		adds	r6, r6, #1
 227              	.LVL42:
 228 00a0 B6B2     		uxth	r6, r6
 229              	.LVL43:
 230              	.L12:
 114:..\source/nvstore.c ****         {
 231              		.loc 1 114 0 is_stmt 0 discriminator 1
 232 00a2 B542     		cmp	r5, r6
 233 00a4 EFD8     		bhi	.L13
 234 00a6 4D46     		mov	r5, r9
 235              	.LVL44:
 236              	.L11:
 237              	.LBE4:
 119:..\source/nvstore.c ****         }
 120:..\source/nvstore.c ****     }
 121:..\source/nvstore.c ****     
 122:..\source/nvstore.c ****     assert(num_bytes == 0);    
 238              		.loc 1 122 0 is_stmt 1
 239 00a8 2DB1     		cbz	r5, .L4
 240              		.loc 1 122 0 is_stmt 0 discriminator 1
 241 00aa 0448     		ldr	r0, .L18
 242 00ac 7A21     		movs	r1, #122
 243 00ae 044A     		ldr	r2, .L18+4
 244 00b0 044B     		ldr	r3, .L18+8
 245 00b2 FFF7FEFF 		bl	__assert_func
 246              	.LVL45:
 247              	.L4:
 248 00b6 BDE8F087 		pop	{r4, r5, r6, r7, r8, r9, r10, pc}
 249              	.LVL46:
 250              	.L19:
 251 00ba 00BF     		.align	2
 252              	.L18:
 253 00bc 00000000 		.word	.LC0
 254 00c0 00000000 		.word	.LANCHOR0
 255 00c4 14000000 		.word	.LC1
 256              		.cfi_endproc
 257              	.LFE65:
 258              		.size	Nvstore_WriteBytes, .-Nvstore_WriteBytes
 259              		.section	.text.Nvstore_WriteUint16,"ax",%progbits
 260              		.align	2
 261              		.global	Nvstore_WriteUint16
 262              		.thumb
 263              		.thumb_func
 264              		.type	Nvstore_WriteUint16, %function
 265              	Nvstore_WriteUint16:
 266              	.LFB66:
 123:..\source/nvstore.c **** }
 124:..\source/nvstore.c **** 
 125:..\source/nvstore.c **** /*-------------------------------------------------------------------------------------------------
ARM GAS  C:\Users\Tim\AppData\Local\Temp\ccM5w3Zz.s 			page 8


 126:..\source/nvstore.c ****  * Name: Nvstore_WriteUint16
 127:..\source/nvstore.c ****  * Description: Writes the specified 16-bit value to the location given in offset.
 128:..\source/nvstore.c ****  * Parameters: value - a 16-bit value to be written
 129:..\source/nvstore.c ****  *             offset - the offset from the base address of non-volatile storage
 130:..\source/nvstore.c ****  * Return: None
 131:..\source/nvstore.c ****  * 
 132:..\source/nvstore.c ****  *-------------------------------------------------------------------------------------------------
 133:..\source/nvstore.c **** void Nvstore_WriteUint16(uint16 value, uint16 offset)
 134:..\source/nvstore.c **** {
 267              		.loc 1 134 0 is_stmt 1
 268              		.cfi_startproc
 269              		@ args = 0, pretend = 0, frame = 8
 270              		@ frame_needed = 0, uses_anonymous_args = 0
 271              	.LVL47:
 272 0000 30B5     		push	{r4, r5, lr}
 273              		.cfi_def_cfa_offset 12
 274              		.cfi_offset 4, -12
 275              		.cfi_offset 5, -8
 276              		.cfi_offset 14, -4
 277 0002 83B0     		sub	sp, sp, #12
 278              		.cfi_def_cfa_offset 24
 279 0004 0D46     		mov	r5, r1
 135:..\source/nvstore.c ****     uint8 ii;
 136:..\source/nvstore.c ****     uint8 bytes[sizeof(uint16)];
 137:..\source/nvstore.c ****     
 138:..\source/nvstore.c ****     Uint16ToTwoBytes(value, bytes);
 280              		.loc 1 138 0
 281 0006 01A9     		add	r1, sp, #4
 282              	.LVL48:
 283 0008 FFF7FEFF 		bl	Uint16ToTwoBytes
 284              	.LVL49:
 139:..\source/nvstore.c ****     for (ii = 0; ii < sizeof(uint16); ++ii)
 285              		.loc 1 139 0
 286 000c 0024     		movs	r4, #0
 287 000e 09E0     		b	.L21
 288              	.LVL50:
 289              	.L22:
 140:..\source/nvstore.c ****     {
 141:..\source/nvstore.c ****         EEPROM_WriteByte(bytes[ii], offset +ii);
 290              		.loc 1 141 0 discriminator 3
 291 0010 02AB     		add	r3, sp, #8
 292 0012 2344     		add	r3, r3, r4
 293 0014 2919     		adds	r1, r5, r4
 294 0016 13F8040C 		ldrb	r0, [r3, #-4]	@ zero_extendqisi2
 295 001a 89B2     		uxth	r1, r1
 296 001c FFF7FEFF 		bl	EEPROM_WriteByte
 297              	.LVL51:
 139:..\source/nvstore.c ****     for (ii = 0; ii < sizeof(uint16); ++ii)
 298              		.loc 1 139 0 discriminator 3
 299 0020 0134     		adds	r4, r4, #1
 300              	.LVL52:
 301 0022 E4B2     		uxtb	r4, r4
 302              	.LVL53:
 303              	.L21:
 139:..\source/nvstore.c ****     for (ii = 0; ii < sizeof(uint16); ++ii)
 304              		.loc 1 139 0 is_stmt 0 discriminator 1
 305 0024 012C     		cmp	r4, #1
ARM GAS  C:\Users\Tim\AppData\Local\Temp\ccM5w3Zz.s 			page 9


 306 0026 F3D9     		bls	.L22
 142:..\source/nvstore.c ****     }
 143:..\source/nvstore.c **** }
 307              		.loc 1 143 0 is_stmt 1
 308 0028 03B0     		add	sp, sp, #12
 309              		.cfi_def_cfa_offset 12
 310              		@ sp needed
 311 002a 30BD     		pop	{r4, r5, pc}
 312              		.cfi_endproc
 313              	.LFE66:
 314              		.size	Nvstore_WriteUint16, .-Nvstore_WriteUint16
 315              		.section	.text.Nvstore_WriteFloat,"ax",%progbits
 316              		.align	2
 317              		.global	Nvstore_WriteFloat
 318              		.thumb
 319              		.thumb_func
 320              		.type	Nvstore_WriteFloat, %function
 321              	Nvstore_WriteFloat:
 322              	.LFB67:
 144:..\source/nvstore.c **** 
 145:..\source/nvstore.c **** /*-------------------------------------------------------------------------------------------------
 146:..\source/nvstore.c ****  * Name: Nvstore_WriteFloat
 147:..\source/nvstore.c ****  * Description: Writes the specified float value to the location given in offset.
 148:..\source/nvstore.c ****  * Parameters: value - a floating point value to be written
 149:..\source/nvstore.c ****  *             offset - the offset from the base address of non-volatile storage
 150:..\source/nvstore.c ****  * Return: None
 151:..\source/nvstore.c ****  * 
 152:..\source/nvstore.c ****  *-------------------------------------------------------------------------------------------------
 153:..\source/nvstore.c **** void Nvstore_WriteFloat(float value, uint16 offset)
 154:..\source/nvstore.c **** {
 323              		.loc 1 154 0
 324              		.cfi_startproc
 325              		@ args = 0, pretend = 0, frame = 8
 326              		@ frame_needed = 0, uses_anonymous_args = 0
 327              	.LVL54:
 328 0000 30B5     		push	{r4, r5, lr}
 329              		.cfi_def_cfa_offset 12
 330              		.cfi_offset 4, -12
 331              		.cfi_offset 5, -8
 332              		.cfi_offset 14, -4
 333 0002 83B0     		sub	sp, sp, #12
 334              		.cfi_def_cfa_offset 24
 335 0004 0D46     		mov	r5, r1
 155:..\source/nvstore.c ****     uint8 ii;
 156:..\source/nvstore.c ****     uint8 bytes[sizeof(float)];
 157:..\source/nvstore.c ****     
 158:..\source/nvstore.c ****     FloatToFourBytes(value, bytes);
 336              		.loc 1 158 0
 337 0006 01A9     		add	r1, sp, #4
 338              	.LVL55:
 339 0008 FFF7FEFF 		bl	FloatToFourBytes
 340              	.LVL56:
 159:..\source/nvstore.c ****     for (ii = 0; ii < sizeof(float); ++ii)
 341              		.loc 1 159 0
 342 000c 0024     		movs	r4, #0
 343 000e 09E0     		b	.L25
 344              	.LVL57:
ARM GAS  C:\Users\Tim\AppData\Local\Temp\ccM5w3Zz.s 			page 10


 345              	.L26:
 160:..\source/nvstore.c ****     {
 161:..\source/nvstore.c ****         EEPROM_WriteByte(bytes[ii], offset + ii); 
 346              		.loc 1 161 0 discriminator 3
 347 0010 02AB     		add	r3, sp, #8
 348 0012 2344     		add	r3, r3, r4
 349 0014 2919     		adds	r1, r5, r4
 350 0016 13F8040C 		ldrb	r0, [r3, #-4]	@ zero_extendqisi2
 351 001a 89B2     		uxth	r1, r1
 352 001c FFF7FEFF 		bl	EEPROM_WriteByte
 353              	.LVL58:
 159:..\source/nvstore.c ****     for (ii = 0; ii < sizeof(float); ++ii)
 354              		.loc 1 159 0 discriminator 3
 355 0020 0134     		adds	r4, r4, #1
 356              	.LVL59:
 357 0022 E4B2     		uxtb	r4, r4
 358              	.LVL60:
 359              	.L25:
 159:..\source/nvstore.c ****     for (ii = 0; ii < sizeof(float); ++ii)
 360              		.loc 1 159 0 is_stmt 0 discriminator 1
 361 0024 032C     		cmp	r4, #3
 362 0026 F3D9     		bls	.L26
 162:..\source/nvstore.c ****     }
 163:..\source/nvstore.c **** }
 363              		.loc 1 163 0 is_stmt 1
 364 0028 03B0     		add	sp, sp, #12
 365              		.cfi_def_cfa_offset 12
 366              		@ sp needed
 367 002a 30BD     		pop	{r4, r5, pc}
 368              		.cfi_endproc
 369              	.LFE67:
 370              		.size	Nvstore_WriteFloat, .-Nvstore_WriteFloat
 371              		.section	.rodata
 372              		.align	2
 373              		.set	.LANCHOR0,. + 0
 374              		.type	__FUNCTION__.6674, %object
 375              		.size	__FUNCTION__.6674, 19
 376              	__FUNCTION__.6674:
 377 0000 4E767374 		.ascii	"Nvstore_WriteBytes\000"
 377      6F72655F 
 377      57726974 
 377      65427974 
 377      657300
 378 0013 00       		.section	.rodata.str1.4,"aMS",%progbits,1
 379              		.align	2
 380              	.LC0:
 381 0000 2E2E5C73 		.ascii	"..\\source\\nvstore.c\000"
 381      6F757263 
 381      655C6E76 
 381      73746F72 
 381      652E6300 
 382              	.LC1:
 383 0014 6E756D5F 		.ascii	"num_bytes == 0\000"
 383      62797465 
 383      73203D3D 
 383      203000
 384 0023 00       		.text
ARM GAS  C:\Users\Tim\AppData\Local\Temp\ccM5w3Zz.s 			page 11


 385              	.Letext0:
 386              		.file 2 "c:\\program files (x86)\\cypress\\psoc creator\\3.3\\psoc creator\\import\\gnu\\arm\\4.9.
 387              		.file 3 "c:\\program files (x86)\\cypress\\psoc creator\\3.3\\psoc creator\\import\\gnu\\arm\\4.9.
 388              		.file 4 "Generated_Source\\PSoC5/cytypes.h"
 389              		.file 5 "Generated_Source\\PSoC5/EEPROM.h"
 390              		.file 6 "c:\\program files (x86)\\cypress\\psoc creator\\3.3\\psoc creator\\import\\gnu\\arm\\4.9.
 391              		.file 7 "..\\source\\utils.h"
 392              		.file 8 "Generated_Source\\PSoC5/core_cm3.h"
 393              		.section	.debug_info,"",%progbits
 394              	.Ldebug_info0:
 395 0000 37040000 		.4byte	0x437
 396 0004 0400     		.2byte	0x4
 397 0006 00000000 		.4byte	.Ldebug_abbrev0
 398 000a 04       		.byte	0x4
 399 000b 01       		.uleb128 0x1
 400 000c 53010000 		.4byte	.LASF37
 401 0010 01       		.byte	0x1
 402 0011 D0020000 		.4byte	.LASF38
 403 0015 0B010000 		.4byte	.LASF39
 404 0019 18000000 		.4byte	.Ldebug_ranges0+0x18
 405 001d 00000000 		.4byte	0
 406 0021 00000000 		.4byte	.Ldebug_line0
 407 0025 02       		.uleb128 0x2
 408 0026 04       		.byte	0x4
 409 0027 04       		.byte	0x4
 410 0028 77000000 		.4byte	.LASF0
 411 002c 02       		.uleb128 0x2
 412 002d 01       		.byte	0x1
 413 002e 06       		.byte	0x6
 414 002f 7D000000 		.4byte	.LASF1
 415 0033 02       		.uleb128 0x2
 416 0034 01       		.byte	0x1
 417 0035 08       		.byte	0x8
 418 0036 9A000000 		.4byte	.LASF2
 419 003a 02       		.uleb128 0x2
 420 003b 02       		.byte	0x2
 421 003c 05       		.byte	0x5
 422 003d F4000000 		.4byte	.LASF3
 423 0041 02       		.uleb128 0x2
 424 0042 02       		.byte	0x2
 425 0043 07       		.byte	0x7
 426 0044 44000000 		.4byte	.LASF4
 427 0048 03       		.uleb128 0x3
 428 0049 20000000 		.4byte	.LASF10
 429 004d 02       		.byte	0x2
 430 004e 3F       		.byte	0x3f
 431 004f 53000000 		.4byte	0x53
 432 0053 02       		.uleb128 0x2
 433 0054 04       		.byte	0x4
 434 0055 05       		.byte	0x5
 435 0056 B7020000 		.4byte	.LASF5
 436 005a 02       		.uleb128 0x2
 437 005b 04       		.byte	0x4
 438 005c 07       		.byte	0x7
 439 005d D5000000 		.4byte	.LASF6
 440 0061 02       		.uleb128 0x2
 441 0062 08       		.byte	0x8
ARM GAS  C:\Users\Tim\AppData\Local\Temp\ccM5w3Zz.s 			page 12


 442 0063 05       		.byte	0x5
 443 0064 62020000 		.4byte	.LASF7
 444 0068 02       		.uleb128 0x2
 445 0069 08       		.byte	0x8
 446 006a 07       		.byte	0x7
 447 006b 13020000 		.4byte	.LASF8
 448 006f 04       		.uleb128 0x4
 449 0070 04       		.byte	0x4
 450 0071 05       		.byte	0x5
 451 0072 696E7400 		.ascii	"int\000"
 452 0076 02       		.uleb128 0x2
 453 0077 04       		.byte	0x4
 454 0078 07       		.byte	0x7
 455 0079 E1010000 		.4byte	.LASF9
 456 007d 03       		.uleb128 0x3
 457 007e 51020000 		.4byte	.LASF11
 458 0082 03       		.byte	0x3
 459 0083 2C       		.byte	0x2c
 460 0084 48000000 		.4byte	0x48
 461 0088 05       		.uleb128 0x5
 462 0089 A4020000 		.4byte	.LASF12
 463 008d 04       		.byte	0x4
 464 008e 3801     		.2byte	0x138
 465 0090 33000000 		.4byte	0x33
 466 0094 05       		.uleb128 0x5
 467 0095 CE000000 		.4byte	.LASF13
 468 0099 04       		.byte	0x4
 469 009a 3901     		.2byte	0x139
 470 009c 41000000 		.4byte	0x41
 471 00a0 02       		.uleb128 0x2
 472 00a1 08       		.byte	0x8
 473 00a2 04       		.byte	0x4
 474 00a3 57000000 		.4byte	.LASF14
 475 00a7 02       		.uleb128 0x2
 476 00a8 01       		.byte	0x1
 477 00a9 08       		.byte	0x8
 478 00aa 70020000 		.4byte	.LASF15
 479 00ae 05       		.uleb128 0x5
 480 00af 11000000 		.4byte	.LASF16
 481 00b3 04       		.byte	0x4
 482 00b4 DA01     		.2byte	0x1da
 483 00b6 5A000000 		.4byte	0x5a
 484 00ba 02       		.uleb128 0x2
 485 00bb 04       		.byte	0x4
 486 00bc 07       		.byte	0x7
 487 00bd 59020000 		.4byte	.LASF17
 488 00c1 06       		.uleb128 0x6
 489 00c2 04       		.byte	0x4
 490 00c3 C7000000 		.4byte	0xc7
 491 00c7 07       		.uleb128 0x7
 492 00c8 A7000000 		.4byte	0xa7
 493 00cc 08       		.uleb128 0x8
 494 00cd 88000000 		.4byte	0x88
 495 00d1 DC000000 		.4byte	0xdc
 496 00d5 09       		.uleb128 0x9
 497 00d6 BA000000 		.4byte	0xba
 498 00da 03       		.byte	0x3
ARM GAS  C:\Users\Tim\AppData\Local\Temp\ccM5w3Zz.s 			page 13


 499 00db 00       		.byte	0
 500 00dc 0A       		.uleb128 0xa
 501 00dd E7000000 		.4byte	.LASF40
 502 00e1 01       		.byte	0x1
 503 00e2 21       		.byte	0x21
 504 00e3 00000000 		.4byte	.LFB63
 505 00e7 02000000 		.4byte	.LFE63-.LFB63
 506 00eb 01       		.uleb128 0x1
 507 00ec 9C       		.byte	0x9c
 508 00ed 0B       		.uleb128 0xb
 509 00ee 2A000000 		.4byte	.LASF41
 510 00f2 01       		.byte	0x1
 511 00f3 2C       		.byte	0x2c
 512 00f4 00000000 		.4byte	.LFB64
 513 00f8 08000000 		.4byte	.LFE64-.LFB64
 514 00fc 01       		.uleb128 0x1
 515 00fd 9C       		.byte	0x9c
 516 00fe 0C010000 		.4byte	0x10c
 517 0102 0C       		.uleb128 0xc
 518 0103 06000000 		.4byte	.LVL0
 519 0107 AC030000 		.4byte	0x3ac
 520 010b 00       		.byte	0
 521 010c 0D       		.uleb128 0xd
 522 010d E4020000 		.4byte	.LASF29
 523 0111 01       		.byte	0x1
 524 0112 3E       		.byte	0x3e
 525 0113 00000000 		.4byte	.LFB65
 526 0117 C8000000 		.4byte	.LFE65-.LFB65
 527 011b 01       		.uleb128 0x1
 528 011c 9C       		.byte	0x9c
 529 011d 79020000 		.4byte	0x279
 530 0121 0E       		.uleb128 0xe
 531 0122 C0020000 		.4byte	.LASF18
 532 0126 01       		.byte	0x1
 533 0127 3E       		.byte	0x3e
 534 0128 79020000 		.4byte	0x279
 535 012c 00000000 		.4byte	.LLST0
 536 0130 0E       		.uleb128 0xe
 537 0131 C6020000 		.4byte	.LASF19
 538 0135 01       		.byte	0x1
 539 0136 3E       		.byte	0x3e
 540 0137 94000000 		.4byte	0x94
 541 013b 42000000 		.4byte	.LLST1
 542 013f 0E       		.uleb128 0xe
 543 0140 7B020000 		.4byte	.LASF20
 544 0144 01       		.byte	0x1
 545 0145 3E       		.byte	0x3e
 546 0146 94000000 		.4byte	0x94
 547 014a AD000000 		.4byte	.LLST2
 548 014e 0F       		.uleb128 0xf
 549 014f 696900   		.ascii	"ii\000"
 550 0152 01       		.byte	0x1
 551 0153 40       		.byte	0x40
 552 0154 94000000 		.4byte	0x94
 553 0158 CE000000 		.4byte	.LLST3
 554 015c 10       		.uleb128 0x10
 555 015d 75020000 		.4byte	.LASF21
ARM GAS  C:\Users\Tim\AppData\Local\Temp\ccM5w3Zz.s 			page 14


 556 0161 01       		.byte	0x1
 557 0162 48       		.byte	0x48
 558 0163 94000000 		.4byte	0x94
 559 0167 3B010000 		.4byte	.LLST4
 560 016b 10       		.uleb128 0x10
 561 016c 6C000000 		.4byte	.LASF22
 562 0170 01       		.byte	0x1
 563 0171 49       		.byte	0x49
 564 0172 94000000 		.4byte	0x94
 565 0176 92010000 		.4byte	.LLST5
 566 017a 10       		.uleb128 0x10
 567 017b 38000000 		.4byte	.LASF23
 568 017f 01       		.byte	0x1
 569 0180 4A       		.byte	0x4a
 570 0181 94000000 		.4byte	0x94
 571 0185 C8010000 		.4byte	.LLST6
 572 0189 10       		.uleb128 0x10
 573 018a EE010000 		.4byte	.LASF24
 574 018e 01       		.byte	0x1
 575 018f 4C       		.byte	0x4c
 576 0190 94000000 		.4byte	0x94
 577 0194 C8010000 		.4byte	.LLST6
 578 0198 10       		.uleb128 0x10
 579 0199 5E000000 		.4byte	.LASF25
 580 019d 01       		.byte	0x1
 581 019e 5D       		.byte	0x5d
 582 019f 94000000 		.4byte	0x94
 583 01a3 DF010000 		.4byte	.LLST8
 584 01a7 10       		.uleb128 0x10
 585 01a8 82020000 		.4byte	.LASF26
 586 01ac 01       		.byte	0x1
 587 01ad 6B       		.byte	0x6b
 588 01ae 94000000 		.4byte	0x94
 589 01b2 F2010000 		.4byte	.LLST9
 590 01b6 11       		.uleb128 0x11
 591 01b7 FE000000 		.4byte	.LASF42
 592 01bb 8F020000 		.4byte	0x28f
 593 01bf 05       		.uleb128 0x5
 594 01c0 03       		.byte	0x3
 595 01c1 00000000 		.4byte	__FUNCTION__.6674
 596 01c5 12       		.uleb128 0x12
 597 01c6 00000000 		.4byte	.Ldebug_ranges0+0
 598 01ca 00020000 		.4byte	0x200
 599 01ce 10       		.uleb128 0x10
 600 01cf 3B020000 		.4byte	.LASF27
 601 01d3 01       		.byte	0x1
 602 01d4 52       		.byte	0x52
 603 01d5 94000000 		.4byte	0x94
 604 01d9 05020000 		.4byte	.LLST10
 605 01dd 10       		.uleb128 0x10
 606 01de A8000000 		.4byte	.LASF28
 607 01e2 01       		.byte	0x1
 608 01e3 53       		.byte	0x53
 609 01e4 94000000 		.4byte	0x94
 610 01e8 18020000 		.4byte	.LLST11
 611 01ec 13       		.uleb128 0x13
 612 01ed 34000000 		.4byte	.LVL8
ARM GAS  C:\Users\Tim\AppData\Local\Temp\ccM5w3Zz.s 			page 15


 613 01f1 B3030000 		.4byte	0x3b3
 614 01f5 14       		.uleb128 0x14
 615 01f6 01       		.uleb128 0x1
 616 01f7 51       		.byte	0x51
 617 01f8 05       		.uleb128 0x5
 618 01f9 79       		.byte	0x79
 619 01fa 00       		.sleb128 0
 620 01fb 76       		.byte	0x76
 621 01fc 00       		.sleb128 0
 622 01fd 22       		.byte	0x22
 623 01fe 00       		.byte	0
 624 01ff 00       		.byte	0
 625 0200 15       		.uleb128 0x15
 626 0201 7C000000 		.4byte	.LBB4
 627 0205 2C000000 		.4byte	.LBE4-.LBB4
 628 0209 30020000 		.4byte	0x230
 629 020d 10       		.uleb128 0x10
 630 020e A8000000 		.4byte	.LASF28
 631 0212 01       		.byte	0x1
 632 0213 71       		.byte	0x71
 633 0214 94000000 		.4byte	0x94
 634 0218 2B020000 		.4byte	.LLST12
 635 021c 13       		.uleb128 0x13
 636 021d 92000000 		.4byte	.LVL37
 637 0221 B3030000 		.4byte	0x3b3
 638 0225 14       		.uleb128 0x14
 639 0226 01       		.uleb128 0x1
 640 0227 51       		.byte	0x51
 641 0228 05       		.uleb128 0x5
 642 0229 77       		.byte	0x77
 643 022a 00       		.sleb128 0
 644 022b 76       		.byte	0x76
 645 022c 00       		.sleb128 0
 646 022d 22       		.byte	0x22
 647 022e 00       		.byte	0
 648 022f 00       		.byte	0
 649 0230 16       		.uleb128 0x16
 650 0231 62000000 		.4byte	.LVL21
 651 0235 CD030000 		.4byte	0x3cd
 652 0239 4D020000 		.4byte	0x24d
 653 023d 14       		.uleb128 0x14
 654 023e 01       		.uleb128 0x1
 655 023f 51       		.byte	0x51
 656 0240 02       		.uleb128 0x2
 657 0241 77       		.byte	0x77
 658 0242 00       		.sleb128 0
 659 0243 14       		.uleb128 0x14
 660 0244 01       		.uleb128 0x1
 661 0245 50       		.byte	0x50
 662 0246 05       		.uleb128 0x5
 663 0247 78       		.byte	0x78
 664 0248 00       		.sleb128 0
 665 0249 74       		.byte	0x74
 666 024a 00       		.sleb128 0
 667 024b 22       		.byte	0x22
 668 024c 00       		.byte	0
 669 024d 13       		.uleb128 0x13
ARM GAS  C:\Users\Tim\AppData\Local\Temp\ccM5w3Zz.s 			page 16


 670 024e B6000000 		.4byte	.LVL45
 671 0252 F2030000 		.4byte	0x3f2
 672 0256 14       		.uleb128 0x14
 673 0257 01       		.uleb128 0x1
 674 0258 53       		.byte	0x53
 675 0259 05       		.uleb128 0x5
 676 025a 03       		.byte	0x3
 677 025b 14000000 		.4byte	.LC1
 678 025f 14       		.uleb128 0x14
 679 0260 01       		.uleb128 0x1
 680 0261 52       		.byte	0x52
 681 0262 05       		.uleb128 0x5
 682 0263 03       		.byte	0x3
 683 0264 00000000 		.4byte	.LANCHOR0
 684 0268 14       		.uleb128 0x14
 685 0269 01       		.uleb128 0x1
 686 026a 51       		.byte	0x51
 687 026b 02       		.uleb128 0x2
 688 026c 08       		.byte	0x8
 689 026d 7A       		.byte	0x7a
 690 026e 14       		.uleb128 0x14
 691 026f 01       		.uleb128 0x1
 692 0270 50       		.byte	0x50
 693 0271 05       		.uleb128 0x5
 694 0272 03       		.byte	0x3
 695 0273 00000000 		.4byte	.LC0
 696 0277 00       		.byte	0
 697 0278 00       		.byte	0
 698 0279 06       		.uleb128 0x6
 699 027a 04       		.byte	0x4
 700 027b 88000000 		.4byte	0x88
 701 027f 08       		.uleb128 0x8
 702 0280 A7000000 		.4byte	0xa7
 703 0284 8F020000 		.4byte	0x28f
 704 0288 09       		.uleb128 0x9
 705 0289 BA000000 		.4byte	0xba
 706 028d 12       		.byte	0x12
 707 028e 00       		.byte	0
 708 028f 07       		.uleb128 0x7
 709 0290 7F020000 		.4byte	0x27f
 710 0294 0D       		.uleb128 0xd
 711 0295 90020000 		.4byte	.LASF30
 712 0299 01       		.byte	0x1
 713 029a 85       		.byte	0x85
 714 029b 00000000 		.4byte	.LFB66
 715 029f 2C000000 		.4byte	.LFE66-.LFB66
 716 02a3 01       		.uleb128 0x1
 717 02a4 9C       		.byte	0x9c
 718 02a5 0B030000 		.4byte	0x30b
 719 02a9 0E       		.uleb128 0xe
 720 02aa 1A000000 		.4byte	.LASF31
 721 02ae 01       		.byte	0x1
 722 02af 85       		.byte	0x85
 723 02b0 94000000 		.4byte	0x94
 724 02b4 3E020000 		.4byte	.LLST13
 725 02b8 0E       		.uleb128 0xe
 726 02b9 7B020000 		.4byte	.LASF20
ARM GAS  C:\Users\Tim\AppData\Local\Temp\ccM5w3Zz.s 			page 17


 727 02bd 01       		.byte	0x1
 728 02be 85       		.byte	0x85
 729 02bf 94000000 		.4byte	0x94
 730 02c3 5F020000 		.4byte	.LLST14
 731 02c7 0F       		.uleb128 0xf
 732 02c8 696900   		.ascii	"ii\000"
 733 02cb 01       		.byte	0x1
 734 02cc 87       		.byte	0x87
 735 02cd 88000000 		.4byte	0x88
 736 02d1 80020000 		.4byte	.LLST15
 737 02d5 17       		.uleb128 0x17
 738 02d6 C0020000 		.4byte	.LASF18
 739 02da 01       		.byte	0x1
 740 02db 88       		.byte	0x88
 741 02dc 0B030000 		.4byte	0x30b
 742 02e0 02       		.uleb128 0x2
 743 02e1 91       		.byte	0x91
 744 02e2 6C       		.sleb128 -20
 745 02e3 16       		.uleb128 0x16
 746 02e4 0C000000 		.4byte	.LVL49
 747 02e8 12040000 		.4byte	0x412
 748 02ec F7020000 		.4byte	0x2f7
 749 02f0 14       		.uleb128 0x14
 750 02f1 01       		.uleb128 0x1
 751 02f2 51       		.byte	0x51
 752 02f3 02       		.uleb128 0x2
 753 02f4 91       		.byte	0x91
 754 02f5 6C       		.sleb128 -20
 755 02f6 00       		.byte	0
 756 02f7 13       		.uleb128 0x13
 757 02f8 20000000 		.4byte	.LVL51
 758 02fc B3030000 		.4byte	0x3b3
 759 0300 14       		.uleb128 0x14
 760 0301 01       		.uleb128 0x1
 761 0302 51       		.byte	0x51
 762 0303 05       		.uleb128 0x5
 763 0304 75       		.byte	0x75
 764 0305 00       		.sleb128 0
 765 0306 74       		.byte	0x74
 766 0307 00       		.sleb128 0
 767 0308 22       		.byte	0x22
 768 0309 00       		.byte	0
 769 030a 00       		.byte	0
 770 030b 08       		.uleb128 0x8
 771 030c 88000000 		.4byte	0x88
 772 0310 1B030000 		.4byte	0x31b
 773 0314 09       		.uleb128 0x9
 774 0315 BA000000 		.4byte	0xba
 775 0319 01       		.byte	0x1
 776 031a 00       		.byte	0
 777 031b 0D       		.uleb128 0xd
 778 031c AE000000 		.4byte	.LASF32
 779 0320 01       		.byte	0x1
 780 0321 99       		.byte	0x99
 781 0322 00000000 		.4byte	.LFB67
 782 0326 2C000000 		.4byte	.LFE67-.LFB67
 783 032a 01       		.uleb128 0x1
ARM GAS  C:\Users\Tim\AppData\Local\Temp\ccM5w3Zz.s 			page 18


 784 032b 9C       		.byte	0x9c
 785 032c 9B030000 		.4byte	0x39b
 786 0330 0E       		.uleb128 0xe
 787 0331 1A000000 		.4byte	.LASF31
 788 0335 01       		.byte	0x1
 789 0336 99       		.byte	0x99
 790 0337 25000000 		.4byte	0x25
 791 033b AA020000 		.4byte	.LLST16
 792 033f 0E       		.uleb128 0xe
 793 0340 7B020000 		.4byte	.LASF20
 794 0344 01       		.byte	0x1
 795 0345 99       		.byte	0x99
 796 0346 94000000 		.4byte	0x94
 797 034a CD020000 		.4byte	.LLST17
 798 034e 0F       		.uleb128 0xf
 799 034f 696900   		.ascii	"ii\000"
 800 0352 01       		.byte	0x1
 801 0353 9B       		.byte	0x9b
 802 0354 88000000 		.4byte	0x88
 803 0358 EE020000 		.4byte	.LLST18
 804 035c 17       		.uleb128 0x17
 805 035d C0020000 		.4byte	.LASF18
 806 0361 01       		.byte	0x1
 807 0362 9C       		.byte	0x9c
 808 0363 CC000000 		.4byte	0xcc
 809 0367 02       		.uleb128 0x2
 810 0368 91       		.byte	0x91
 811 0369 6C       		.sleb128 -20
 812 036a 16       		.uleb128 0x16
 813 036b 0C000000 		.4byte	.LVL56
 814 036f 28040000 		.4byte	0x428
 815 0373 87030000 		.4byte	0x387
 816 0377 14       		.uleb128 0x14
 817 0378 01       		.uleb128 0x1
 818 0379 51       		.byte	0x51
 819 037a 02       		.uleb128 0x2
 820 037b 91       		.byte	0x91
 821 037c 6C       		.sleb128 -20
 822 037d 14       		.uleb128 0x14
 823 037e 01       		.uleb128 0x1
 824 037f 50       		.byte	0x50
 825 0380 05       		.uleb128 0x5
 826 0381 F3       		.byte	0xf3
 827 0382 03       		.uleb128 0x3
 828 0383 F5       		.byte	0xf5
 829 0384 00       		.uleb128 0
 830 0385 25       		.uleb128 0x25
 831 0386 00       		.byte	0
 832 0387 13       		.uleb128 0x13
 833 0388 20000000 		.4byte	.LVL58
 834 038c B3030000 		.4byte	0x3b3
 835 0390 14       		.uleb128 0x14
 836 0391 01       		.uleb128 0x1
 837 0392 51       		.byte	0x51
 838 0393 05       		.uleb128 0x5
 839 0394 75       		.byte	0x75
 840 0395 00       		.sleb128 0
ARM GAS  C:\Users\Tim\AppData\Local\Temp\ccM5w3Zz.s 			page 19


 841 0396 74       		.byte	0x74
 842 0397 00       		.sleb128 0
 843 0398 22       		.byte	0x22
 844 0399 00       		.byte	0
 845 039a 00       		.byte	0
 846 039b 18       		.uleb128 0x18
 847 039c C1000000 		.4byte	.LASF43
 848 03a0 08       		.byte	0x8
 849 03a1 5506     		.2byte	0x655
 850 03a3 A7030000 		.4byte	0x3a7
 851 03a7 19       		.uleb128 0x19
 852 03a8 7D000000 		.4byte	0x7d
 853 03ac 1A       		.uleb128 0x1a
 854 03ad 06020000 		.4byte	.LASF44
 855 03b1 05       		.byte	0x5
 856 03b2 1F       		.byte	0x1f
 857 03b3 1B       		.uleb128 0x1b
 858 03b4 2A020000 		.4byte	.LASF33
 859 03b8 05       		.byte	0x5
 860 03b9 21       		.byte	0x21
 861 03ba AE000000 		.4byte	0xae
 862 03be CD030000 		.4byte	0x3cd
 863 03c2 1C       		.uleb128 0x1c
 864 03c3 88000000 		.4byte	0x88
 865 03c7 1C       		.uleb128 0x1c
 866 03c8 94000000 		.4byte	0x94
 867 03cc 00       		.byte	0
 868 03cd 1B       		.uleb128 0x1b
 869 03ce AA020000 		.4byte	.LASF34
 870 03d2 05       		.byte	0x5
 871 03d3 26       		.byte	0x26
 872 03d4 AE000000 		.4byte	0xae
 873 03d8 E7030000 		.4byte	0x3e7
 874 03dc 1C       		.uleb128 0x1c
 875 03dd E7030000 		.4byte	0x3e7
 876 03e1 1C       		.uleb128 0x1c
 877 03e2 88000000 		.4byte	0x88
 878 03e6 00       		.byte	0
 879 03e7 06       		.uleb128 0x6
 880 03e8 04       		.byte	0x4
 881 03e9 ED030000 		.4byte	0x3ed
 882 03ed 07       		.uleb128 0x7
 883 03ee 88000000 		.4byte	0x88
 884 03f2 1D       		.uleb128 0x1d
 885 03f3 45010000 		.4byte	.LASF35
 886 03f7 06       		.byte	0x6
 887 03f8 29       		.byte	0x29
 888 03f9 12040000 		.4byte	0x412
 889 03fd 1C       		.uleb128 0x1c
 890 03fe C1000000 		.4byte	0xc1
 891 0402 1C       		.uleb128 0x1c
 892 0403 6F000000 		.4byte	0x6f
 893 0407 1C       		.uleb128 0x1c
 894 0408 C1000000 		.4byte	0xc1
 895 040c 1C       		.uleb128 0x1c
 896 040d C1000000 		.4byte	0xc1
 897 0411 00       		.byte	0
ARM GAS  C:\Users\Tim\AppData\Local\Temp\ccM5w3Zz.s 			page 20


 898 0412 1D       		.uleb128 0x1d
 899 0413 89000000 		.4byte	.LASF36
 900 0417 07       		.byte	0x7
 901 0418 5A       		.byte	0x5a
 902 0419 28040000 		.4byte	0x428
 903 041d 1C       		.uleb128 0x1c
 904 041e 94000000 		.4byte	0x94
 905 0422 1C       		.uleb128 0x1c
 906 0423 79020000 		.4byte	0x279
 907 0427 00       		.byte	0
 908 0428 1E       		.uleb128 0x1e
 909 0429 00000000 		.4byte	.LASF45
 910 042d 07       		.byte	0x7
 911 042e 5B       		.byte	0x5b
 912 042f 1C       		.uleb128 0x1c
 913 0430 25000000 		.4byte	0x25
 914 0434 1C       		.uleb128 0x1c
 915 0435 79020000 		.4byte	0x279
 916 0439 00       		.byte	0
 917 043a 00       		.byte	0
 918              		.section	.debug_abbrev,"",%progbits
 919              	.Ldebug_abbrev0:
 920 0000 01       		.uleb128 0x1
 921 0001 11       		.uleb128 0x11
 922 0002 01       		.byte	0x1
 923 0003 25       		.uleb128 0x25
 924 0004 0E       		.uleb128 0xe
 925 0005 13       		.uleb128 0x13
 926 0006 0B       		.uleb128 0xb
 927 0007 03       		.uleb128 0x3
 928 0008 0E       		.uleb128 0xe
 929 0009 1B       		.uleb128 0x1b
 930 000a 0E       		.uleb128 0xe
 931 000b 55       		.uleb128 0x55
 932 000c 17       		.uleb128 0x17
 933 000d 11       		.uleb128 0x11
 934 000e 01       		.uleb128 0x1
 935 000f 10       		.uleb128 0x10
 936 0010 17       		.uleb128 0x17
 937 0011 00       		.byte	0
 938 0012 00       		.byte	0
 939 0013 02       		.uleb128 0x2
 940 0014 24       		.uleb128 0x24
 941 0015 00       		.byte	0
 942 0016 0B       		.uleb128 0xb
 943 0017 0B       		.uleb128 0xb
 944 0018 3E       		.uleb128 0x3e
 945 0019 0B       		.uleb128 0xb
 946 001a 03       		.uleb128 0x3
 947 001b 0E       		.uleb128 0xe
 948 001c 00       		.byte	0
 949 001d 00       		.byte	0
 950 001e 03       		.uleb128 0x3
 951 001f 16       		.uleb128 0x16
 952 0020 00       		.byte	0
 953 0021 03       		.uleb128 0x3
 954 0022 0E       		.uleb128 0xe
ARM GAS  C:\Users\Tim\AppData\Local\Temp\ccM5w3Zz.s 			page 21


 955 0023 3A       		.uleb128 0x3a
 956 0024 0B       		.uleb128 0xb
 957 0025 3B       		.uleb128 0x3b
 958 0026 0B       		.uleb128 0xb
 959 0027 49       		.uleb128 0x49
 960 0028 13       		.uleb128 0x13
 961 0029 00       		.byte	0
 962 002a 00       		.byte	0
 963 002b 04       		.uleb128 0x4
 964 002c 24       		.uleb128 0x24
 965 002d 00       		.byte	0
 966 002e 0B       		.uleb128 0xb
 967 002f 0B       		.uleb128 0xb
 968 0030 3E       		.uleb128 0x3e
 969 0031 0B       		.uleb128 0xb
 970 0032 03       		.uleb128 0x3
 971 0033 08       		.uleb128 0x8
 972 0034 00       		.byte	0
 973 0035 00       		.byte	0
 974 0036 05       		.uleb128 0x5
 975 0037 16       		.uleb128 0x16
 976 0038 00       		.byte	0
 977 0039 03       		.uleb128 0x3
 978 003a 0E       		.uleb128 0xe
 979 003b 3A       		.uleb128 0x3a
 980 003c 0B       		.uleb128 0xb
 981 003d 3B       		.uleb128 0x3b
 982 003e 05       		.uleb128 0x5
 983 003f 49       		.uleb128 0x49
 984 0040 13       		.uleb128 0x13
 985 0041 00       		.byte	0
 986 0042 00       		.byte	0
 987 0043 06       		.uleb128 0x6
 988 0044 0F       		.uleb128 0xf
 989 0045 00       		.byte	0
 990 0046 0B       		.uleb128 0xb
 991 0047 0B       		.uleb128 0xb
 992 0048 49       		.uleb128 0x49
 993 0049 13       		.uleb128 0x13
 994 004a 00       		.byte	0
 995 004b 00       		.byte	0
 996 004c 07       		.uleb128 0x7
 997 004d 26       		.uleb128 0x26
 998 004e 00       		.byte	0
 999 004f 49       		.uleb128 0x49
 1000 0050 13       		.uleb128 0x13
 1001 0051 00       		.byte	0
 1002 0052 00       		.byte	0
 1003 0053 08       		.uleb128 0x8
 1004 0054 01       		.uleb128 0x1
 1005 0055 01       		.byte	0x1
 1006 0056 49       		.uleb128 0x49
 1007 0057 13       		.uleb128 0x13
 1008 0058 01       		.uleb128 0x1
 1009 0059 13       		.uleb128 0x13
 1010 005a 00       		.byte	0
 1011 005b 00       		.byte	0
ARM GAS  C:\Users\Tim\AppData\Local\Temp\ccM5w3Zz.s 			page 22


 1012 005c 09       		.uleb128 0x9
 1013 005d 21       		.uleb128 0x21
 1014 005e 00       		.byte	0
 1015 005f 49       		.uleb128 0x49
 1016 0060 13       		.uleb128 0x13
 1017 0061 2F       		.uleb128 0x2f
 1018 0062 0B       		.uleb128 0xb
 1019 0063 00       		.byte	0
 1020 0064 00       		.byte	0
 1021 0065 0A       		.uleb128 0xa
 1022 0066 2E       		.uleb128 0x2e
 1023 0067 00       		.byte	0
 1024 0068 3F       		.uleb128 0x3f
 1025 0069 19       		.uleb128 0x19
 1026 006a 03       		.uleb128 0x3
 1027 006b 0E       		.uleb128 0xe
 1028 006c 3A       		.uleb128 0x3a
 1029 006d 0B       		.uleb128 0xb
 1030 006e 3B       		.uleb128 0x3b
 1031 006f 0B       		.uleb128 0xb
 1032 0070 11       		.uleb128 0x11
 1033 0071 01       		.uleb128 0x1
 1034 0072 12       		.uleb128 0x12
 1035 0073 06       		.uleb128 0x6
 1036 0074 40       		.uleb128 0x40
 1037 0075 18       		.uleb128 0x18
 1038 0076 9742     		.uleb128 0x2117
 1039 0078 19       		.uleb128 0x19
 1040 0079 00       		.byte	0
 1041 007a 00       		.byte	0
 1042 007b 0B       		.uleb128 0xb
 1043 007c 2E       		.uleb128 0x2e
 1044 007d 01       		.byte	0x1
 1045 007e 3F       		.uleb128 0x3f
 1046 007f 19       		.uleb128 0x19
 1047 0080 03       		.uleb128 0x3
 1048 0081 0E       		.uleb128 0xe
 1049 0082 3A       		.uleb128 0x3a
 1050 0083 0B       		.uleb128 0xb
 1051 0084 3B       		.uleb128 0x3b
 1052 0085 0B       		.uleb128 0xb
 1053 0086 11       		.uleb128 0x11
 1054 0087 01       		.uleb128 0x1
 1055 0088 12       		.uleb128 0x12
 1056 0089 06       		.uleb128 0x6
 1057 008a 40       		.uleb128 0x40
 1058 008b 18       		.uleb128 0x18
 1059 008c 9742     		.uleb128 0x2117
 1060 008e 19       		.uleb128 0x19
 1061 008f 01       		.uleb128 0x1
 1062 0090 13       		.uleb128 0x13
 1063 0091 00       		.byte	0
 1064 0092 00       		.byte	0
 1065 0093 0C       		.uleb128 0xc
 1066 0094 898201   		.uleb128 0x4109
 1067 0097 00       		.byte	0
 1068 0098 11       		.uleb128 0x11
ARM GAS  C:\Users\Tim\AppData\Local\Temp\ccM5w3Zz.s 			page 23


 1069 0099 01       		.uleb128 0x1
 1070 009a 31       		.uleb128 0x31
 1071 009b 13       		.uleb128 0x13
 1072 009c 00       		.byte	0
 1073 009d 00       		.byte	0
 1074 009e 0D       		.uleb128 0xd
 1075 009f 2E       		.uleb128 0x2e
 1076 00a0 01       		.byte	0x1
 1077 00a1 3F       		.uleb128 0x3f
 1078 00a2 19       		.uleb128 0x19
 1079 00a3 03       		.uleb128 0x3
 1080 00a4 0E       		.uleb128 0xe
 1081 00a5 3A       		.uleb128 0x3a
 1082 00a6 0B       		.uleb128 0xb
 1083 00a7 3B       		.uleb128 0x3b
 1084 00a8 0B       		.uleb128 0xb
 1085 00a9 27       		.uleb128 0x27
 1086 00aa 19       		.uleb128 0x19
 1087 00ab 11       		.uleb128 0x11
 1088 00ac 01       		.uleb128 0x1
 1089 00ad 12       		.uleb128 0x12
 1090 00ae 06       		.uleb128 0x6
 1091 00af 40       		.uleb128 0x40
 1092 00b0 18       		.uleb128 0x18
 1093 00b1 9742     		.uleb128 0x2117
 1094 00b3 19       		.uleb128 0x19
 1095 00b4 01       		.uleb128 0x1
 1096 00b5 13       		.uleb128 0x13
 1097 00b6 00       		.byte	0
 1098 00b7 00       		.byte	0
 1099 00b8 0E       		.uleb128 0xe
 1100 00b9 05       		.uleb128 0x5
 1101 00ba 00       		.byte	0
 1102 00bb 03       		.uleb128 0x3
 1103 00bc 0E       		.uleb128 0xe
 1104 00bd 3A       		.uleb128 0x3a
 1105 00be 0B       		.uleb128 0xb
 1106 00bf 3B       		.uleb128 0x3b
 1107 00c0 0B       		.uleb128 0xb
 1108 00c1 49       		.uleb128 0x49
 1109 00c2 13       		.uleb128 0x13
 1110 00c3 02       		.uleb128 0x2
 1111 00c4 17       		.uleb128 0x17
 1112 00c5 00       		.byte	0
 1113 00c6 00       		.byte	0
 1114 00c7 0F       		.uleb128 0xf
 1115 00c8 34       		.uleb128 0x34
 1116 00c9 00       		.byte	0
 1117 00ca 03       		.uleb128 0x3
 1118 00cb 08       		.uleb128 0x8
 1119 00cc 3A       		.uleb128 0x3a
 1120 00cd 0B       		.uleb128 0xb
 1121 00ce 3B       		.uleb128 0x3b
 1122 00cf 0B       		.uleb128 0xb
 1123 00d0 49       		.uleb128 0x49
 1124 00d1 13       		.uleb128 0x13
 1125 00d2 02       		.uleb128 0x2
ARM GAS  C:\Users\Tim\AppData\Local\Temp\ccM5w3Zz.s 			page 24


 1126 00d3 17       		.uleb128 0x17
 1127 00d4 00       		.byte	0
 1128 00d5 00       		.byte	0
 1129 00d6 10       		.uleb128 0x10
 1130 00d7 34       		.uleb128 0x34
 1131 00d8 00       		.byte	0
 1132 00d9 03       		.uleb128 0x3
 1133 00da 0E       		.uleb128 0xe
 1134 00db 3A       		.uleb128 0x3a
 1135 00dc 0B       		.uleb128 0xb
 1136 00dd 3B       		.uleb128 0x3b
 1137 00de 0B       		.uleb128 0xb
 1138 00df 49       		.uleb128 0x49
 1139 00e0 13       		.uleb128 0x13
 1140 00e1 02       		.uleb128 0x2
 1141 00e2 17       		.uleb128 0x17
 1142 00e3 00       		.byte	0
 1143 00e4 00       		.byte	0
 1144 00e5 11       		.uleb128 0x11
 1145 00e6 34       		.uleb128 0x34
 1146 00e7 00       		.byte	0
 1147 00e8 03       		.uleb128 0x3
 1148 00e9 0E       		.uleb128 0xe
 1149 00ea 49       		.uleb128 0x49
 1150 00eb 13       		.uleb128 0x13
 1151 00ec 34       		.uleb128 0x34
 1152 00ed 19       		.uleb128 0x19
 1153 00ee 02       		.uleb128 0x2
 1154 00ef 18       		.uleb128 0x18
 1155 00f0 00       		.byte	0
 1156 00f1 00       		.byte	0
 1157 00f2 12       		.uleb128 0x12
 1158 00f3 0B       		.uleb128 0xb
 1159 00f4 01       		.byte	0x1
 1160 00f5 55       		.uleb128 0x55
 1161 00f6 17       		.uleb128 0x17
 1162 00f7 01       		.uleb128 0x1
 1163 00f8 13       		.uleb128 0x13
 1164 00f9 00       		.byte	0
 1165 00fa 00       		.byte	0
 1166 00fb 13       		.uleb128 0x13
 1167 00fc 898201   		.uleb128 0x4109
 1168 00ff 01       		.byte	0x1
 1169 0100 11       		.uleb128 0x11
 1170 0101 01       		.uleb128 0x1
 1171 0102 31       		.uleb128 0x31
 1172 0103 13       		.uleb128 0x13
 1173 0104 00       		.byte	0
 1174 0105 00       		.byte	0
 1175 0106 14       		.uleb128 0x14
 1176 0107 8A8201   		.uleb128 0x410a
 1177 010a 00       		.byte	0
 1178 010b 02       		.uleb128 0x2
 1179 010c 18       		.uleb128 0x18
 1180 010d 9142     		.uleb128 0x2111
 1181 010f 18       		.uleb128 0x18
 1182 0110 00       		.byte	0
ARM GAS  C:\Users\Tim\AppData\Local\Temp\ccM5w3Zz.s 			page 25


 1183 0111 00       		.byte	0
 1184 0112 15       		.uleb128 0x15
 1185 0113 0B       		.uleb128 0xb
 1186 0114 01       		.byte	0x1
 1187 0115 11       		.uleb128 0x11
 1188 0116 01       		.uleb128 0x1
 1189 0117 12       		.uleb128 0x12
 1190 0118 06       		.uleb128 0x6
 1191 0119 01       		.uleb128 0x1
 1192 011a 13       		.uleb128 0x13
 1193 011b 00       		.byte	0
 1194 011c 00       		.byte	0
 1195 011d 16       		.uleb128 0x16
 1196 011e 898201   		.uleb128 0x4109
 1197 0121 01       		.byte	0x1
 1198 0122 11       		.uleb128 0x11
 1199 0123 01       		.uleb128 0x1
 1200 0124 31       		.uleb128 0x31
 1201 0125 13       		.uleb128 0x13
 1202 0126 01       		.uleb128 0x1
 1203 0127 13       		.uleb128 0x13
 1204 0128 00       		.byte	0
 1205 0129 00       		.byte	0
 1206 012a 17       		.uleb128 0x17
 1207 012b 34       		.uleb128 0x34
 1208 012c 00       		.byte	0
 1209 012d 03       		.uleb128 0x3
 1210 012e 0E       		.uleb128 0xe
 1211 012f 3A       		.uleb128 0x3a
 1212 0130 0B       		.uleb128 0xb
 1213 0131 3B       		.uleb128 0x3b
 1214 0132 0B       		.uleb128 0xb
 1215 0133 49       		.uleb128 0x49
 1216 0134 13       		.uleb128 0x13
 1217 0135 02       		.uleb128 0x2
 1218 0136 18       		.uleb128 0x18
 1219 0137 00       		.byte	0
 1220 0138 00       		.byte	0
 1221 0139 18       		.uleb128 0x18
 1222 013a 34       		.uleb128 0x34
 1223 013b 00       		.byte	0
 1224 013c 03       		.uleb128 0x3
 1225 013d 0E       		.uleb128 0xe
 1226 013e 3A       		.uleb128 0x3a
 1227 013f 0B       		.uleb128 0xb
 1228 0140 3B       		.uleb128 0x3b
 1229 0141 05       		.uleb128 0x5
 1230 0142 49       		.uleb128 0x49
 1231 0143 13       		.uleb128 0x13
 1232 0144 3F       		.uleb128 0x3f
 1233 0145 19       		.uleb128 0x19
 1234 0146 3C       		.uleb128 0x3c
 1235 0147 19       		.uleb128 0x19
 1236 0148 00       		.byte	0
 1237 0149 00       		.byte	0
 1238 014a 19       		.uleb128 0x19
 1239 014b 35       		.uleb128 0x35
ARM GAS  C:\Users\Tim\AppData\Local\Temp\ccM5w3Zz.s 			page 26


 1240 014c 00       		.byte	0
 1241 014d 49       		.uleb128 0x49
 1242 014e 13       		.uleb128 0x13
 1243 014f 00       		.byte	0
 1244 0150 00       		.byte	0
 1245 0151 1A       		.uleb128 0x1a
 1246 0152 2E       		.uleb128 0x2e
 1247 0153 00       		.byte	0
 1248 0154 3F       		.uleb128 0x3f
 1249 0155 19       		.uleb128 0x19
 1250 0156 03       		.uleb128 0x3
 1251 0157 0E       		.uleb128 0xe
 1252 0158 3A       		.uleb128 0x3a
 1253 0159 0B       		.uleb128 0xb
 1254 015a 3B       		.uleb128 0x3b
 1255 015b 0B       		.uleb128 0xb
 1256 015c 27       		.uleb128 0x27
 1257 015d 19       		.uleb128 0x19
 1258 015e 3C       		.uleb128 0x3c
 1259 015f 19       		.uleb128 0x19
 1260 0160 00       		.byte	0
 1261 0161 00       		.byte	0
 1262 0162 1B       		.uleb128 0x1b
 1263 0163 2E       		.uleb128 0x2e
 1264 0164 01       		.byte	0x1
 1265 0165 3F       		.uleb128 0x3f
 1266 0166 19       		.uleb128 0x19
 1267 0167 03       		.uleb128 0x3
 1268 0168 0E       		.uleb128 0xe
 1269 0169 3A       		.uleb128 0x3a
 1270 016a 0B       		.uleb128 0xb
 1271 016b 3B       		.uleb128 0x3b
 1272 016c 0B       		.uleb128 0xb
 1273 016d 27       		.uleb128 0x27
 1274 016e 19       		.uleb128 0x19
 1275 016f 49       		.uleb128 0x49
 1276 0170 13       		.uleb128 0x13
 1277 0171 3C       		.uleb128 0x3c
 1278 0172 19       		.uleb128 0x19
 1279 0173 01       		.uleb128 0x1
 1280 0174 13       		.uleb128 0x13
 1281 0175 00       		.byte	0
 1282 0176 00       		.byte	0
 1283 0177 1C       		.uleb128 0x1c
 1284 0178 05       		.uleb128 0x5
 1285 0179 00       		.byte	0
 1286 017a 49       		.uleb128 0x49
 1287 017b 13       		.uleb128 0x13
 1288 017c 00       		.byte	0
 1289 017d 00       		.byte	0
 1290 017e 1D       		.uleb128 0x1d
 1291 017f 2E       		.uleb128 0x2e
 1292 0180 01       		.byte	0x1
 1293 0181 3F       		.uleb128 0x3f
 1294 0182 19       		.uleb128 0x19
 1295 0183 03       		.uleb128 0x3
 1296 0184 0E       		.uleb128 0xe
ARM GAS  C:\Users\Tim\AppData\Local\Temp\ccM5w3Zz.s 			page 27


 1297 0185 3A       		.uleb128 0x3a
 1298 0186 0B       		.uleb128 0xb
 1299 0187 3B       		.uleb128 0x3b
 1300 0188 0B       		.uleb128 0xb
 1301 0189 27       		.uleb128 0x27
 1302 018a 19       		.uleb128 0x19
 1303 018b 3C       		.uleb128 0x3c
 1304 018c 19       		.uleb128 0x19
 1305 018d 01       		.uleb128 0x1
 1306 018e 13       		.uleb128 0x13
 1307 018f 00       		.byte	0
 1308 0190 00       		.byte	0
 1309 0191 1E       		.uleb128 0x1e
 1310 0192 2E       		.uleb128 0x2e
 1311 0193 01       		.byte	0x1
 1312 0194 3F       		.uleb128 0x3f
 1313 0195 19       		.uleb128 0x19
 1314 0196 03       		.uleb128 0x3
 1315 0197 0E       		.uleb128 0xe
 1316 0198 3A       		.uleb128 0x3a
 1317 0199 0B       		.uleb128 0xb
 1318 019a 3B       		.uleb128 0x3b
 1319 019b 0B       		.uleb128 0xb
 1320 019c 27       		.uleb128 0x27
 1321 019d 19       		.uleb128 0x19
 1322 019e 3C       		.uleb128 0x3c
 1323 019f 19       		.uleb128 0x19
 1324 01a0 00       		.byte	0
 1325 01a1 00       		.byte	0
 1326 01a2 00       		.byte	0
 1327              		.section	.debug_loc,"",%progbits
 1328              	.Ldebug_loc0:
 1329              	.LLST0:
 1330 0000 00000000 		.4byte	.LVL1
 1331 0004 26000000 		.4byte	.LVL7
 1332 0008 0100     		.2byte	0x1
 1333 000a 50       		.byte	0x50
 1334 000b 26000000 		.4byte	.LVL7
 1335 000f 4A000000 		.4byte	.LVL17
 1336 0013 0100     		.2byte	0x1
 1337 0015 58       		.byte	0x58
 1338 0016 4A000000 		.4byte	.LVL17
 1339 001a 4C000000 		.4byte	.LVL18
 1340 001e 0100     		.2byte	0x1
 1341 0020 50       		.byte	0x50
 1342 0021 4C000000 		.4byte	.LVL18
 1343 0025 BA000000 		.4byte	.LVL46
 1344 0029 0100     		.2byte	0x1
 1345 002b 58       		.byte	0x58
 1346 002c BA000000 		.4byte	.LVL46
 1347 0030 C8000000 		.4byte	.LFE65
 1348 0034 0400     		.2byte	0x4
 1349 0036 F3       		.byte	0xf3
 1350 0037 01       		.uleb128 0x1
 1351 0038 50       		.byte	0x50
 1352 0039 9F       		.byte	0x9f
 1353 003a 00000000 		.4byte	0
ARM GAS  C:\Users\Tim\AppData\Local\Temp\ccM5w3Zz.s 			page 28


 1354 003e 00000000 		.4byte	0
 1355              	.LLST1:
 1356 0042 00000000 		.4byte	.LVL1
 1357 0046 26000000 		.4byte	.LVL7
 1358 004a 0100     		.2byte	0x1
 1359 004c 51       		.byte	0x51
 1360 004d 26000000 		.4byte	.LVL7
 1361 0051 3A000000 		.4byte	.LVL11
 1362 0055 0100     		.2byte	0x1
 1363 0057 55       		.byte	0x55
 1364 0058 3C000000 		.4byte	.LVL12
 1365 005c 4A000000 		.4byte	.LVL17
 1366 0060 0100     		.2byte	0x1
 1367 0062 55       		.byte	0x55
 1368 0063 4A000000 		.4byte	.LVL17
 1369 0067 4C000000 		.4byte	.LVL18
 1370 006b 0100     		.2byte	0x1
 1371 006d 51       		.byte	0x51
 1372 006e 4C000000 		.4byte	.LVL18
 1373 0072 68000000 		.4byte	.LVL24
 1374 0076 0100     		.2byte	0x1
 1375 0078 55       		.byte	0x55
 1376 0079 6A000000 		.4byte	.LVL25
 1377 007d 86000000 		.4byte	.LVL36
 1378 0081 0100     		.2byte	0x1
 1379 0083 55       		.byte	0x55
 1380 0084 86000000 		.4byte	.LVL36
 1381 0088 9A000000 		.4byte	.LVL40
 1382 008c 0100     		.2byte	0x1
 1383 008e 59       		.byte	0x59
 1384 008f 9E000000 		.4byte	.LVL41
 1385 0093 A8000000 		.4byte	.LVL44
 1386 0097 0100     		.2byte	0x1
 1387 0099 59       		.byte	0x59
 1388 009a A8000000 		.4byte	.LVL44
 1389 009e BA000000 		.4byte	.LVL46
 1390 00a2 0100     		.2byte	0x1
 1391 00a4 55       		.byte	0x55
 1392 00a5 00000000 		.4byte	0
 1393 00a9 00000000 		.4byte	0
 1394              	.LLST2:
 1395 00ad 00000000 		.4byte	.LVL1
 1396 00b1 0E000000 		.4byte	.LVL4
 1397 00b5 0100     		.2byte	0x1
 1398 00b7 52       		.byte	0x52
 1399 00b8 0E000000 		.4byte	.LVL4
 1400 00bc C8000000 		.4byte	.LFE65
 1401 00c0 0400     		.2byte	0x4
 1402 00c2 F3       		.byte	0xf3
 1403 00c3 01       		.uleb128 0x1
 1404 00c4 52       		.byte	0x52
 1405 00c5 9F       		.byte	0x9f
 1406 00c6 00000000 		.4byte	0
 1407 00ca 00000000 		.4byte	0
 1408              	.LLST3:
 1409 00ce 20000000 		.4byte	.LVL6
 1410 00d2 26000000 		.4byte	.LVL7
ARM GAS  C:\Users\Tim\AppData\Local\Temp\ccM5w3Zz.s 			page 29


 1411 00d6 0200     		.2byte	0x2
 1412 00d8 30       		.byte	0x30
 1413 00d9 9F       		.byte	0x9f
 1414 00da 26000000 		.4byte	.LVL7
 1415 00de 3E000000 		.4byte	.LVL13
 1416 00e2 0100     		.2byte	0x1
 1417 00e4 56       		.byte	0x56
 1418 00e5 40000000 		.4byte	.LVL14
 1419 00e9 4A000000 		.4byte	.LVL17
 1420 00ed 0100     		.2byte	0x1
 1421 00ef 56       		.byte	0x56
 1422 00f0 58000000 		.4byte	.LVL20
 1423 00f4 70000000 		.4byte	.LVL28
 1424 00f8 0100     		.2byte	0x1
 1425 00fa 56       		.byte	0x56
 1426 00fb 72000000 		.4byte	.LVL29
 1427 00ff 74000000 		.4byte	.LVL30
 1428 0103 0100     		.2byte	0x1
 1429 0105 56       		.byte	0x56
 1430 0106 76000000 		.4byte	.LVL31
 1431 010a 7A000000 		.4byte	.LVL32
 1432 010e 0100     		.2byte	0x1
 1433 0110 56       		.byte	0x56
 1434 0111 80000000 		.4byte	.LVL34
 1435 0115 86000000 		.4byte	.LVL36
 1436 0119 0200     		.2byte	0x2
 1437 011b 30       		.byte	0x30
 1438 011c 9F       		.byte	0x9f
 1439 011d 86000000 		.4byte	.LVL36
 1440 0121 A0000000 		.4byte	.LVL42
 1441 0125 0100     		.2byte	0x1
 1442 0127 56       		.byte	0x56
 1443 0128 A2000000 		.4byte	.LVL43
 1444 012c A8000000 		.4byte	.LVL44
 1445 0130 0100     		.2byte	0x1
 1446 0132 56       		.byte	0x56
 1447 0133 00000000 		.4byte	0
 1448 0137 00000000 		.4byte	0
 1449              	.LLST4:
 1450 013b 08000000 		.4byte	.LVL2
 1451 013f 26000000 		.4byte	.LVL7
 1452 0143 0200     		.2byte	0x2
 1453 0145 30       		.byte	0x30
 1454 0146 9F       		.byte	0x9f
 1455 0147 26000000 		.4byte	.LVL7
 1456 014b 36000000 		.4byte	.LVL9
 1457 014f 0100     		.2byte	0x1
 1458 0151 54       		.byte	0x54
 1459 0152 38000000 		.4byte	.LVL10
 1460 0156 4A000000 		.4byte	.LVL17
 1461 015a 0100     		.2byte	0x1
 1462 015c 54       		.byte	0x54
 1463 015d 4A000000 		.4byte	.LVL17
 1464 0161 4C000000 		.4byte	.LVL18
 1465 0165 0200     		.2byte	0x2
 1466 0167 30       		.byte	0x30
 1467 0168 9F       		.byte	0x9f
ARM GAS  C:\Users\Tim\AppData\Local\Temp\ccM5w3Zz.s 			page 30


 1468 0169 4C000000 		.4byte	.LVL18
 1469 016d 64000000 		.4byte	.LVL22
 1470 0171 0100     		.2byte	0x1
 1471 0173 54       		.byte	0x54
 1472 0174 66000000 		.4byte	.LVL23
 1473 0178 94000000 		.4byte	.LVL38
 1474 017c 0100     		.2byte	0x1
 1475 017e 54       		.byte	0x54
 1476 017f 96000000 		.4byte	.LVL39
 1477 0183 BA000000 		.4byte	.LVL46
 1478 0187 0100     		.2byte	0x1
 1479 0189 54       		.byte	0x54
 1480 018a 00000000 		.4byte	0
 1481 018e 00000000 		.4byte	0
 1482              	.LLST5:
 1483 0192 0A000000 		.4byte	.LVL3
 1484 0196 46000000 		.4byte	.LVL15
 1485 019a 0100     		.2byte	0x1
 1486 019c 57       		.byte	0x57
 1487 019d 46000000 		.4byte	.LVL15
 1488 01a1 48000000 		.4byte	.LVL16
 1489 01a5 0300     		.2byte	0x3
 1490 01a7 77       		.byte	0x77
 1491 01a8 7F       		.sleb128 -1
 1492 01a9 9F       		.byte	0x9f
 1493 01aa 48000000 		.4byte	.LVL16
 1494 01ae 6C000000 		.4byte	.LVL26
 1495 01b2 0100     		.2byte	0x1
 1496 01b4 57       		.byte	0x57
 1497 01b5 6E000000 		.4byte	.LVL27
 1498 01b9 7E000000 		.4byte	.LVL33
 1499 01bd 0100     		.2byte	0x1
 1500 01bf 57       		.byte	0x57
 1501 01c0 00000000 		.4byte	0
 1502 01c4 00000000 		.4byte	0
 1503              	.LLST6:
 1504 01c8 0A000000 		.4byte	.LVL3
 1505 01cc 0E000000 		.4byte	.LVL4
 1506 01d0 0500     		.2byte	0x5
 1507 01d2 72       		.byte	0x72
 1508 01d3 00       		.sleb128 0
 1509 01d4 3F       		.byte	0x3f
 1510 01d5 1A       		.byte	0x1a
 1511 01d6 9F       		.byte	0x9f
 1512 01d7 00000000 		.4byte	0
 1513 01db 00000000 		.4byte	0
 1514              	.LLST8:
 1515 01df 50000000 		.4byte	.LVL19
 1516 01e3 82000000 		.4byte	.LVL35
 1517 01e7 0100     		.2byte	0x1
 1518 01e9 59       		.byte	0x59
 1519 01ea 00000000 		.4byte	0
 1520 01ee 00000000 		.4byte	0
 1521              	.LLST9:
 1522 01f2 7A000000 		.4byte	.LVL32
 1523 01f6 A8000000 		.4byte	.LVL44
 1524 01fa 0100     		.2byte	0x1
ARM GAS  C:\Users\Tim\AppData\Local\Temp\ccM5w3Zz.s 			page 31


 1525 01fc 55       		.byte	0x55
 1526 01fd 00000000 		.4byte	0
 1527 0201 00000000 		.4byte	0
 1528              	.LLST10:
 1529 0205 18000000 		.4byte	.LVL5
 1530 0209 4A000000 		.4byte	.LVL17
 1531 020d 0100     		.2byte	0x1
 1532 020f 5A       		.byte	0x5a
 1533 0210 00000000 		.4byte	0
 1534 0214 00000000 		.4byte	0
 1535              	.LLST11:
 1536 0218 20000000 		.4byte	.LVL6
 1537 021c 4A000000 		.4byte	.LVL17
 1538 0220 0100     		.2byte	0x1
 1539 0222 59       		.byte	0x59
 1540 0223 00000000 		.4byte	0
 1541 0227 00000000 		.4byte	0
 1542              	.LLST12:
 1543 022b 80000000 		.4byte	.LVL34
 1544 022f A8000000 		.4byte	.LVL44
 1545 0233 0100     		.2byte	0x1
 1546 0235 57       		.byte	0x57
 1547 0236 00000000 		.4byte	0
 1548 023a 00000000 		.4byte	0
 1549              	.LLST13:
 1550 023e 00000000 		.4byte	.LVL47
 1551 0242 0B000000 		.4byte	.LVL49-1
 1552 0246 0100     		.2byte	0x1
 1553 0248 50       		.byte	0x50
 1554 0249 0B000000 		.4byte	.LVL49-1
 1555 024d 2C000000 		.4byte	.LFE66
 1556 0251 0400     		.2byte	0x4
 1557 0253 F3       		.byte	0xf3
 1558 0254 01       		.uleb128 0x1
 1559 0255 50       		.byte	0x50
 1560 0256 9F       		.byte	0x9f
 1561 0257 00000000 		.4byte	0
 1562 025b 00000000 		.4byte	0
 1563              	.LLST14:
 1564 025f 00000000 		.4byte	.LVL47
 1565 0263 08000000 		.4byte	.LVL48
 1566 0267 0100     		.2byte	0x1
 1567 0269 51       		.byte	0x51
 1568 026a 08000000 		.4byte	.LVL48
 1569 026e 2C000000 		.4byte	.LFE66
 1570 0272 0400     		.2byte	0x4
 1571 0274 F3       		.byte	0xf3
 1572 0275 01       		.uleb128 0x1
 1573 0276 51       		.byte	0x51
 1574 0277 9F       		.byte	0x9f
 1575 0278 00000000 		.4byte	0
 1576 027c 00000000 		.4byte	0
 1577              	.LLST15:
 1578 0280 0C000000 		.4byte	.LVL49
 1579 0284 10000000 		.4byte	.LVL50
 1580 0288 0200     		.2byte	0x2
 1581 028a 30       		.byte	0x30
ARM GAS  C:\Users\Tim\AppData\Local\Temp\ccM5w3Zz.s 			page 32


 1582 028b 9F       		.byte	0x9f
 1583 028c 10000000 		.4byte	.LVL50
 1584 0290 22000000 		.4byte	.LVL52
 1585 0294 0100     		.2byte	0x1
 1586 0296 54       		.byte	0x54
 1587 0297 24000000 		.4byte	.LVL53
 1588 029b 2C000000 		.4byte	.LFE66
 1589 029f 0100     		.2byte	0x1
 1590 02a1 54       		.byte	0x54
 1591 02a2 00000000 		.4byte	0
 1592 02a6 00000000 		.4byte	0
 1593              	.LLST16:
 1594 02aa 00000000 		.4byte	.LVL54
 1595 02ae 0B000000 		.4byte	.LVL56-1
 1596 02b2 0100     		.2byte	0x1
 1597 02b4 50       		.byte	0x50
 1598 02b5 0B000000 		.4byte	.LVL56-1
 1599 02b9 2C000000 		.4byte	.LFE67
 1600 02bd 0600     		.2byte	0x6
 1601 02bf F3       		.byte	0xf3
 1602 02c0 03       		.uleb128 0x3
 1603 02c1 F5       		.byte	0xf5
 1604 02c2 00       		.uleb128 0
 1605 02c3 25       		.uleb128 0x25
 1606 02c4 9F       		.byte	0x9f
 1607 02c5 00000000 		.4byte	0
 1608 02c9 00000000 		.4byte	0
 1609              	.LLST17:
 1610 02cd 00000000 		.4byte	.LVL54
 1611 02d1 08000000 		.4byte	.LVL55
 1612 02d5 0100     		.2byte	0x1
 1613 02d7 51       		.byte	0x51
 1614 02d8 08000000 		.4byte	.LVL55
 1615 02dc 2C000000 		.4byte	.LFE67
 1616 02e0 0400     		.2byte	0x4
 1617 02e2 F3       		.byte	0xf3
 1618 02e3 01       		.uleb128 0x1
 1619 02e4 51       		.byte	0x51
 1620 02e5 9F       		.byte	0x9f
 1621 02e6 00000000 		.4byte	0
 1622 02ea 00000000 		.4byte	0
 1623              	.LLST18:
 1624 02ee 0C000000 		.4byte	.LVL56
 1625 02f2 10000000 		.4byte	.LVL57
 1626 02f6 0200     		.2byte	0x2
 1627 02f8 30       		.byte	0x30
 1628 02f9 9F       		.byte	0x9f
 1629 02fa 10000000 		.4byte	.LVL57
 1630 02fe 22000000 		.4byte	.LVL59
 1631 0302 0100     		.2byte	0x1
 1632 0304 54       		.byte	0x54
 1633 0305 24000000 		.4byte	.LVL60
 1634 0309 2C000000 		.4byte	.LFE67
 1635 030d 0100     		.2byte	0x1
 1636 030f 54       		.byte	0x54
 1637 0310 00000000 		.4byte	0
 1638 0314 00000000 		.4byte	0
ARM GAS  C:\Users\Tim\AppData\Local\Temp\ccM5w3Zz.s 			page 33


 1639              		.section	.debug_aranges,"",%progbits
 1640 0000 3C000000 		.4byte	0x3c
 1641 0004 0200     		.2byte	0x2
 1642 0006 00000000 		.4byte	.Ldebug_info0
 1643 000a 04       		.byte	0x4
 1644 000b 00       		.byte	0
 1645 000c 0000     		.2byte	0
 1646 000e 0000     		.2byte	0
 1647 0010 00000000 		.4byte	.LFB63
 1648 0014 02000000 		.4byte	.LFE63-.LFB63
 1649 0018 00000000 		.4byte	.LFB64
 1650 001c 08000000 		.4byte	.LFE64-.LFB64
 1651 0020 00000000 		.4byte	.LFB65
 1652 0024 C8000000 		.4byte	.LFE65-.LFB65
 1653 0028 00000000 		.4byte	.LFB66
 1654 002c 2C000000 		.4byte	.LFE66-.LFB66
 1655 0030 00000000 		.4byte	.LFB67
 1656 0034 2C000000 		.4byte	.LFE67-.LFB67
 1657 0038 00000000 		.4byte	0
 1658 003c 00000000 		.4byte	0
 1659              		.section	.debug_ranges,"",%progbits
 1660              	.Ldebug_ranges0:
 1661 0000 10000000 		.4byte	.LBB2
 1662 0004 20000000 		.4byte	.LBE2
 1663 0008 22000000 		.4byte	.LBB3
 1664 000c 4A000000 		.4byte	.LBE3
 1665 0010 00000000 		.4byte	0
 1666 0014 00000000 		.4byte	0
 1667 0018 00000000 		.4byte	.LFB63
 1668 001c 02000000 		.4byte	.LFE63
 1669 0020 00000000 		.4byte	.LFB64
 1670 0024 08000000 		.4byte	.LFE64
 1671 0028 00000000 		.4byte	.LFB65
 1672 002c C8000000 		.4byte	.LFE65
 1673 0030 00000000 		.4byte	.LFB66
 1674 0034 2C000000 		.4byte	.LFE66
 1675 0038 00000000 		.4byte	.LFB67
 1676 003c 2C000000 		.4byte	.LFE67
 1677 0040 00000000 		.4byte	0
 1678 0044 00000000 		.4byte	0
 1679              		.section	.debug_line,"",%progbits
 1680              	.Ldebug_line0:
 1681 0000 6A020000 		.section	.debug_str,"MS",%progbits,1
 1681      02007701 
 1681      00000201 
 1681      FB0E0D00 
 1681      01010101 
 1682              	.LASF45:
 1683 0000 466C6F61 		.ascii	"FloatToFourBytes\000"
 1683      74546F46 
 1683      6F757242 
 1683      79746573 
 1683      00
 1684              	.LASF16:
 1685 0011 63797374 		.ascii	"cystatus\000"
 1685      61747573 
 1685      00
ARM GAS  C:\Users\Tim\AppData\Local\Temp\ccM5w3Zz.s 			page 34


 1686              	.LASF31:
 1687 001a 76616C75 		.ascii	"value\000"
 1687      6500
 1688              	.LASF10:
 1689 0020 5F5F696E 		.ascii	"__int32_t\000"
 1689      7433325F 
 1689      7400
 1690              	.LASF41:
 1691 002a 4E767374 		.ascii	"Nvstore_Start\000"
 1691      6F72655F 
 1691      53746172 
 1691      7400
 1692              	.LASF23:
 1693 0038 62797465 		.ascii	"byte_offset\000"
 1693      5F6F6666 
 1693      73657400 
 1694              	.LASF4:
 1695 0044 73686F72 		.ascii	"short unsigned int\000"
 1695      7420756E 
 1695      7369676E 
 1695      65642069 
 1695      6E7400
 1696              	.LASF14:
 1697 0057 646F7562 		.ascii	"double\000"
 1697      6C6500
 1698              	.LASF25:
 1699 005e 6E756D5F 		.ascii	"num_full_rows\000"
 1699      66756C6C 
 1699      5F726F77 
 1699      7300
 1700              	.LASF22:
 1701 006c 726F775F 		.ascii	"row_offset\000"
 1701      6F666673 
 1701      657400
 1702              	.LASF0:
 1703 0077 666C6F61 		.ascii	"float\000"
 1703      7400
 1704              	.LASF1:
 1705 007d 7369676E 		.ascii	"signed char\000"
 1705      65642063 
 1705      68617200 
 1706              	.LASF36:
 1707 0089 55696E74 		.ascii	"Uint16ToTwoBytes\000"
 1707      3136546F 
 1707      54776F42 
 1707      79746573 
 1707      00
 1708              	.LASF2:
 1709 009a 756E7369 		.ascii	"unsigned char\000"
 1709      676E6564 
 1709      20636861 
 1709      7200
 1710              	.LASF28:
 1711 00a8 73746172 		.ascii	"start\000"
 1711      7400
 1712              	.LASF32:
 1713 00ae 4E767374 		.ascii	"Nvstore_WriteFloat\000"
ARM GAS  C:\Users\Tim\AppData\Local\Temp\ccM5w3Zz.s 			page 35


 1713      6F72655F 
 1713      57726974 
 1713      65466C6F 
 1713      617400
 1714              	.LASF43:
 1715 00c1 49544D5F 		.ascii	"ITM_RxBuffer\000"
 1715      52784275 
 1715      66666572 
 1715      00
 1716              	.LASF13:
 1717 00ce 75696E74 		.ascii	"uint16\000"
 1717      313600
 1718              	.LASF6:
 1719 00d5 6C6F6E67 		.ascii	"long unsigned int\000"
 1719      20756E73 
 1719      69676E65 
 1719      6420696E 
 1719      7400
 1720              	.LASF40:
 1721 00e7 4E767374 		.ascii	"Nvstore_Init\000"
 1721      6F72655F 
 1721      496E6974 
 1721      00
 1722              	.LASF3:
 1723 00f4 73686F72 		.ascii	"short int\000"
 1723      7420696E 
 1723      7400
 1724              	.LASF42:
 1725 00fe 5F5F4655 		.ascii	"__FUNCTION__\000"
 1725      4E435449 
 1725      4F4E5F5F 
 1725      00
 1726              	.LASF39:
 1727 010b 463A5C64 		.ascii	"F:\\d_drive\\projects\\ArloBot\\arlobot_freesoc\\fr"
 1727      5F647269 
 1727      76655C70 
 1727      726F6A65 
 1727      6374735C 
 1728 0139 6565736F 		.ascii	"eesoc.cydsn\000"
 1728      632E6379 
 1728      64736E00 
 1729              	.LASF35:
 1730 0145 5F5F6173 		.ascii	"__assert_func\000"
 1730      73657274 
 1730      5F66756E 
 1730      6300
 1731              	.LASF37:
 1732 0153 474E5520 		.ascii	"GNU C 4.9.3 20150303 (release) [ARM/embedded-4_9-br"
 1732      4320342E 
 1732      392E3320 
 1732      32303135 
 1732      30333033 
 1733 0186 616E6368 		.ascii	"anch revision 221220] -mcpu=cortex-m3 -mthumb -g -O"
 1733      20726576 
 1733      6973696F 
 1733      6E203232 
 1733      31323230 
ARM GAS  C:\Users\Tim\AppData\Local\Temp\ccM5w3Zz.s 			page 36


 1734 01b9 67202D66 		.ascii	"g -ffunction-sections -ffat-lto-objects\000"
 1734      66756E63 
 1734      74696F6E 
 1734      2D736563 
 1734      74696F6E 
 1735              	.LASF9:
 1736 01e1 756E7369 		.ascii	"unsigned int\000"
 1736      676E6564 
 1736      20696E74 
 1736      00
 1737              	.LASF24:
 1738 01ee 66697273 		.ascii	"first_partial_row_start\000"
 1738      745F7061 
 1738      72746961 
 1738      6C5F726F 
 1738      775F7374 
 1739              	.LASF44:
 1740 0206 45455052 		.ascii	"EEPROM_Start\000"
 1740      4F4D5F53 
 1740      74617274 
 1740      00
 1741              	.LASF8:
 1742 0213 6C6F6E67 		.ascii	"long long unsigned int\000"
 1742      206C6F6E 
 1742      6720756E 
 1742      7369676E 
 1742      65642069 
 1743              	.LASF33:
 1744 022a 45455052 		.ascii	"EEPROM_WriteByte\000"
 1744      4F4D5F57 
 1744      72697465 
 1744      42797465 
 1744      00
 1745              	.LASF27:
 1746 023b 70617274 		.ascii	"partial_row_num_bytes\000"
 1746      69616C5F 
 1746      726F775F 
 1746      6E756D5F 
 1746      62797465 
 1747              	.LASF11:
 1748 0251 696E7433 		.ascii	"int32_t\000"
 1748      325F7400 
 1749              	.LASF17:
 1750 0259 73697A65 		.ascii	"sizetype\000"
 1750      74797065 
 1750      00
 1751              	.LASF7:
 1752 0262 6C6F6E67 		.ascii	"long long int\000"
 1752      206C6F6E 
 1752      6720696E 
 1752      7400
 1753              	.LASF15:
 1754 0270 63686172 		.ascii	"char\000"
 1754      00
 1755              	.LASF21:
 1756 0275 696E6465 		.ascii	"index\000"
 1756      7800
ARM GAS  C:\Users\Tim\AppData\Local\Temp\ccM5w3Zz.s 			page 37


 1757              	.LASF20:
 1758 027b 6F666673 		.ascii	"offset\000"
 1758      657400
 1759              	.LASF26:
 1760 0282 6E756D5F 		.ascii	"num_remaining\000"
 1760      72656D61 
 1760      696E696E 
 1760      6700
 1761              	.LASF30:
 1762 0290 4E767374 		.ascii	"Nvstore_WriteUint16\000"
 1762      6F72655F 
 1762      57726974 
 1762      6555696E 
 1762      74313600 
 1763              	.LASF12:
 1764 02a4 75696E74 		.ascii	"uint8\000"
 1764      3800
 1765              	.LASF34:
 1766 02aa 45455052 		.ascii	"EEPROM_Write\000"
 1766      4F4D5F57 
 1766      72697465 
 1766      00
 1767              	.LASF5:
 1768 02b7 6C6F6E67 		.ascii	"long int\000"
 1768      20696E74 
 1768      00
 1769              	.LASF18:
 1770 02c0 62797465 		.ascii	"bytes\000"
 1770      7300
 1771              	.LASF19:
 1772 02c6 6E756D5F 		.ascii	"num_bytes\000"
 1772      62797465 
 1772      7300
 1773              	.LASF38:
 1774 02d0 2E2E5C73 		.ascii	"..\\source\\nvstore.c\000"
 1774      6F757263 
 1774      655C6E76 
 1774      73746F72 
 1774      652E6300 
 1775              	.LASF29:
 1776 02e4 4E767374 		.ascii	"Nvstore_WriteBytes\000"
 1776      6F72655F 
 1776      57726974 
 1776      65427974 
 1776      657300
 1777              		.ident	"GCC: (GNU Tools for ARM Embedded Processors) 4.9.3 20150303 (release) [ARM/embedded-4_9-br
