ARM GAS  C:\Users\Tim\AppData\Local\Temp\ccRw8GHf.s 			page 1


   1              		.syntax unified
   2              		.cpu cortex-m3
   3              		.fpu softvfp
   4              		.eabi_attribute 20, 1
   5              		.eabi_attribute 21, 1
   6              		.eabi_attribute 23, 3
   7              		.eabi_attribute 24, 1
   8              		.eabi_attribute 25, 1
   9              		.eabi_attribute 26, 1
  10              		.eabi_attribute 30, 1
  11              		.eabi_attribute 34, 1
  12              		.eabi_attribute 18, 4
  13              		.thumb
  14              		.file	"odom.c"
  15              		.text
  16              	.Ltext0:
  17              		.cfi_sections	.debug_frame
  18              		.section	.text.Odom_Init,"ax",%progbits
  19              		.align	2
  20              		.global	Odom_Init
  21              		.thumb
  22              		.thumb_func
  23              		.type	Odom_Init, %function
  24              	Odom_Init:
  25              	.LFB63:
  26              		.file 1 "..\\source\\odom.c"
   1:..\source/odom.c **** /* ========================================
   2:..\source/odom.c ****  *
   3:..\source/odom.c ****  * Copyright YOUR COMPANY, THE YEAR
   4:..\source/odom.c ****  * All Rights Reserved
   5:..\source/odom.c ****  * UNPUBLISHED, LICENSED SOFTWARE.
   6:..\source/odom.c ****  *
   7:..\source/odom.c ****  * CONFIDENTIAL AND PROPRIETARY INFORMATION
   8:..\source/odom.c ****  * WHICH IS THE PROPERTY OF your company.
   9:..\source/odom.c ****  *
  10:..\source/odom.c ****  * ========================================
  11:..\source/odom.c **** */
  12:..\source/odom.c **** 
  13:..\source/odom.c **** #include "odom.h"
  14:..\source/odom.c **** #include "config.h"
  15:..\source/odom.c **** #include "encoder.h"
  16:..\source/odom.c **** #include "math.h"
  17:..\source/odom.c **** #include "time.h"
  18:..\source/odom.c **** #include "i2c.h"
  19:..\source/odom.c **** #include "utils.h"
  20:..\source/odom.c **** #include "diag.h"
  21:..\source/odom.c **** 
  22:..\source/odom.c **** #ifdef ODOM_UPDATE_DELTA_ENABLED
  23:..\source/odom.c **** #define ODOM_DEBUG_DELTA(delta) DEBUG_DELTA_TIME("odom", delta)
  24:..\source/odom.c **** #else
  25:..\source/odom.c **** #define ODOM_DEBUG_DELTA(delta)
  26:..\source/odom.c **** #endif    
  27:..\source/odom.c **** 
  28:..\source/odom.c **** #define ODOM_SAMPLE_TIME_MS  SAMPLE_TIME_MS(ODOM_SAMPLE_RATE)
  29:..\source/odom.c **** 
  30:..\source/odom.c **** #define MILLIMETER_COUNT_SAMPLE_MILLIMETER (MILLIMETER_PER_COUNT / TRACK_WIDTH)
  31:..\source/odom.c **** 
ARM GAS  C:\Users\Tim\AppData\Local\Temp\ccRw8GHf.s 			page 2


  32:..\source/odom.c **** static int32 last_left_count;
  33:..\source/odom.c **** static int32 last_right_count;
  34:..\source/odom.c **** static float heading;
  35:..\source/odom.c **** static float x_dist;
  36:..\source/odom.c **** static float y_dist;
  37:..\source/odom.c **** static float linear_speed;
  38:..\source/odom.c **** static float angular_speed;
  39:..\source/odom.c **** static float left_speed;
  40:..\source/odom.c **** static float right_speed;
  41:..\source/odom.c **** 
  42:..\source/odom.c **** void Odom_Init()
  43:..\source/odom.c **** {
  27              		.loc 1 43 0
  28              		.cfi_startproc
  29              		@ args = 0, pretend = 0, frame = 0
  30              		@ frame_needed = 0, uses_anonymous_args = 0
  31              		@ link register save eliminated.
  44:..\source/odom.c ****     last_left_count = 0;
  32              		.loc 1 44 0
  33 0000 064B     		ldr	r3, .L2
  34 0002 0022     		movs	r2, #0
  35 0004 1A60     		str	r2, [r3]
  45:..\source/odom.c ****     last_right_count = 0;
  36              		.loc 1 45 0
  37 0006 5A60     		str	r2, [r3, #4]
  46:..\source/odom.c ****     heading = 0;
  38              		.loc 1 46 0
  39 0008 0022     		movs	r2, #0
  40 000a 9A60     		str	r2, [r3, #8]	@ float
  47:..\source/odom.c ****     x_dist = 0;
  41              		.loc 1 47 0
  42 000c DA60     		str	r2, [r3, #12]	@ float
  48:..\source/odom.c ****     y_dist = 0;
  43              		.loc 1 48 0
  44 000e 1A61     		str	r2, [r3, #16]	@ float
  49:..\source/odom.c ****     linear_speed = 0;
  45              		.loc 1 49 0
  46 0010 5A61     		str	r2, [r3, #20]	@ float
  50:..\source/odom.c ****     angular_speed = 0;
  47              		.loc 1 50 0
  48 0012 9A61     		str	r2, [r3, #24]	@ float
  51:..\source/odom.c ****     left_speed = 0;
  49              		.loc 1 51 0
  50 0014 DA61     		str	r2, [r3, #28]	@ float
  52:..\source/odom.c ****     right_speed = 0;
  51              		.loc 1 52 0
  52 0016 1A62     		str	r2, [r3, #32]	@ float
  53 0018 7047     		bx	lr
  54              	.L3:
  55 001a 00BF     		.align	2
  56              	.L2:
  57 001c 00000000 		.word	.LANCHOR0
  58              		.cfi_endproc
  59              	.LFE63:
  60              		.size	Odom_Init, .-Odom_Init
  61              		.section	.text.Odom_Start,"ax",%progbits
  62              		.align	2
ARM GAS  C:\Users\Tim\AppData\Local\Temp\ccRw8GHf.s 			page 3


  63              		.global	Odom_Start
  64              		.thumb
  65              		.thumb_func
  66              		.type	Odom_Start, %function
  67              	Odom_Start:
  68              	.LFB64:
  53:..\source/odom.c **** }
  54:..\source/odom.c **** 
  55:..\source/odom.c **** void Odom_Start()
  56:..\source/odom.c **** {
  69              		.loc 1 56 0
  70              		.cfi_startproc
  71              		@ args = 0, pretend = 0, frame = 0
  72              		@ frame_needed = 0, uses_anonymous_args = 0
  73              		@ link register save eliminated.
  74 0000 7047     		bx	lr
  75              		.cfi_endproc
  76              	.LFE64:
  77              		.size	Odom_Start, .-Odom_Start
  78              		.global	__aeabi_i2d
  79              		.global	__aeabi_dmul
  80              		.global	__aeabi_d2f
  81              		.global	__aeabi_fadd
  82              		.global	__aeabi_f2d
  83              		.global	__aeabi_fmul
  84              		.global	__aeabi_fsub
  85              		.global	__aeabi_fdiv
  86 0002 00BF     		.section	.text.calc_odom,"ax",%progbits
  87              		.align	2
  88              		.global	calc_odom
  89              		.thumb
  90              		.thumb_func
  91              		.type	calc_odom, %function
  92              	calc_odom:
  93              	.LFB65:
  57:..\source/odom.c **** }
  58:..\source/odom.c **** 
  59:..\source/odom.c **** void calc_odom()
  60:..\source/odom.c **** /*
  61:..\source/odom.c ****     Calculate the following:
  62:..\source/odom.c ****         heading
  63:..\source/odom.c ****             Requires: left/right delta count
  64:..\source/odom.c ****         x/y distance
  65:..\source/odom.c ****             Requires: heading and dist per count
  66:..\source/odom.c ****         linear/angular velocity
  67:..\source/odom.c ****             Requires: left/right delta count, left/right speed and track width
  68:..\source/odom.c ****  */
  69:..\source/odom.c **** {
  94              		.loc 1 69 0
  95              		.cfi_startproc
  96              		@ args = 0, pretend = 0, frame = 0
  97              		@ frame_needed = 0, uses_anonymous_args = 0
  98              		.loc 1 69 0
  99 0000 2DE9F84F 		push	{r3, r4, r5, r6, r7, r8, r9, r10, fp, lr}
 100              		.cfi_def_cfa_offset 40
 101              		.cfi_offset 3, -40
 102              		.cfi_offset 4, -36
ARM GAS  C:\Users\Tim\AppData\Local\Temp\ccRw8GHf.s 			page 4


 103              		.cfi_offset 5, -32
 104              		.cfi_offset 6, -28
 105              		.cfi_offset 7, -24
 106              		.cfi_offset 8, -20
 107              		.cfi_offset 9, -16
 108              		.cfi_offset 10, -12
 109              		.cfi_offset 11, -8
 110              		.cfi_offset 14, -4
  70:..\source/odom.c ****     float left_speed;
  71:..\source/odom.c ****     float right_speed;
  72:..\source/odom.c ****     int32 left_count;
  73:..\source/odom.c ****     int32 right_count;
  74:..\source/odom.c ****     int32 delta_left_count;
  75:..\source/odom.c ****     int32 delta_right_count;
  76:..\source/odom.c ****     float delta_heading;
  77:..\source/odom.c ****     float delta_dist;
  78:..\source/odom.c ****     float delta_x_dist;
  79:..\source/odom.c ****     float delta_y_dist;
  80:..\source/odom.c ****     
  81:..\source/odom.c ****     left_speed = Encoder_LeftGetMmPerSec();
 111              		.loc 1 81 0
 112 0004 FFF7FEFF 		bl	Encoder_LeftGetMmPerSec
 113              	.LVL0:
 114 0008 8246     		mov	r10, r0
 115              	.LVL1:
  82:..\source/odom.c ****     right_speed = Encoder_RightGetMmPerSec();
 116              		.loc 1 82 0
 117 000a FFF7FEFF 		bl	Encoder_RightGetMmPerSec
 118              	.LVL2:
 119 000e 8346     		mov	fp, r0
 120              	.LVL3:
  83:..\source/odom.c ****     
  84:..\source/odom.c ****     left_count = Encoder_LeftGetCount();
 121              		.loc 1 84 0
 122 0010 FFF7FEFF 		bl	Encoder_LeftGetCount
 123              	.LVL4:
 124 0014 0746     		mov	r7, r0
 125              	.LVL5:
  85:..\source/odom.c ****     right_count = Encoder_RightGetCount();
 126              		.loc 1 85 0
 127 0016 FFF7FEFF 		bl	Encoder_RightGetCount
 128              	.LVL6:
  86:..\source/odom.c ****     delta_left_count = left_count - last_left_count;
 129              		.loc 1 86 0
 130 001a 354C     		ldr	r4, .L7+16
 131 001c 2668     		ldr	r6, [r4]
 132 001e BE1B     		subs	r6, r7, r6
 133              	.LVL7:
  87:..\source/odom.c ****     delta_right_count = right_count - last_right_count;
 134              		.loc 1 87 0
 135 0020 6568     		ldr	r5, [r4, #4]
 136 0022 451B     		subs	r5, r0, r5
 137              	.LVL8:
  88:..\source/odom.c ****     last_left_count = left_count;
 138              		.loc 1 88 0
 139 0024 2760     		str	r7, [r4]
  89:..\source/odom.c ****     last_right_count = right_count;
ARM GAS  C:\Users\Tim\AppData\Local\Temp\ccRw8GHf.s 			page 5


 140              		.loc 1 89 0
 141 0026 6060     		str	r0, [r4, #4]
  90:..\source/odom.c ****     
  91:..\source/odom.c ****     /* Calculate heading, limit heading to -Pi <= heading < Pi, and update
  92:..\source/odom.c ****                        delta count diff   meter   sample
  93:..\source/odom.c ****        delta heading = ----------------- X ----- X ------
  94:..\source/odom.c ****                           sample           count   meter
  95:..\source/odom.c ****     */
  96:..\source/odom.c ****     delta_heading = (delta_right_count - delta_left_count) * MILLIMETER_COUNT_SAMPLE_MILLIMETER;
 142              		.loc 1 96 0
 143 0028 A81B     		subs	r0, r5, r6
 144              	.LVL9:
 145 002a FFF7FEFF 		bl	__aeabi_i2d
 146              	.LVL10:
 147 002e 2CA3     		adr	r3, .L7
 148 0030 D3E90023 		ldrd	r2, [r3]
 149 0034 FFF7FEFF 		bl	__aeabi_dmul
 150              	.LVL11:
 151 0038 FFF7FEFF 		bl	__aeabi_d2f
 152              	.LVL12:
  97:..\source/odom.c ****     heading += delta_heading;
 153              		.loc 1 97 0
 154 003c A168     		ldr	r1, [r4, #8]	@ float
 155 003e FFF7FEFF 		bl	__aeabi_fadd
 156              	.LVL13:
 157 0042 8046     		mov	r8, r0
 158 0044 A060     		str	r0, [r4, #8]	@ float
  98:..\source/odom.c **** 
  99:..\source/odom.c ****     // Calculate x/y distance and update
 100:..\source/odom.c ****     delta_dist = 0.5 * (delta_left_count + delta_right_count) * MILLIMETER_PER_COUNT;
 159              		.loc 1 100 0
 160 0046 7019     		adds	r0, r6, r5
 161 0048 FFF7FEFF 		bl	__aeabi_i2d
 162              	.LVL14:
 163 004c 0022     		movs	r2, #0
 164 004e 294B     		ldr	r3, .L7+20
 165 0050 FFF7FEFF 		bl	__aeabi_dmul
 166              	.LVL15:
 167 0054 24A3     		adr	r3, .L7+8
 168 0056 D3E90023 		ldrd	r2, [r3]
 169 005a FFF7FEFF 		bl	__aeabi_dmul
 170              	.LVL16:
 171 005e FFF7FEFF 		bl	__aeabi_d2f
 172              	.LVL17:
 101:..\source/odom.c ****     delta_x_dist = delta_dist * cos(heading);
 173              		.loc 1 101 0
 174 0062 FFF7FEFF 		bl	__aeabi_f2d
 175              	.LVL18:
 176 0066 0646     		mov	r6, r0
 177              	.LVL19:
 178 0068 0F46     		mov	r7, r1
 179              	.LVL20:
 180 006a 4046     		mov	r0, r8
 181 006c FFF7FEFF 		bl	__aeabi_f2d
 182              	.LVL21:
 183 0070 8046     		mov	r8, r0
 184 0072 8946     		mov	r9, r1
ARM GAS  C:\Users\Tim\AppData\Local\Temp\ccRw8GHf.s 			page 6


 185 0074 FFF7FEFF 		bl	cos
 186              	.LVL22:
 187 0078 0246     		mov	r2, r0
 188 007a 0B46     		mov	r3, r1
 189 007c 3046     		mov	r0, r6
 190 007e 3946     		mov	r1, r7
 191 0080 FFF7FEFF 		bl	__aeabi_dmul
 192              	.LVL23:
 193 0084 FFF7FEFF 		bl	__aeabi_d2f
 194              	.LVL24:
 195 0088 0546     		mov	r5, r0
 196              	.LVL25:
 102:..\source/odom.c ****     delta_y_dist = delta_dist * sin(heading);
 197              		.loc 1 102 0
 198 008a 4046     		mov	r0, r8
 199              	.LVL26:
 200 008c 4946     		mov	r1, r9
 201 008e FFF7FEFF 		bl	sin
 202              	.LVL27:
 203 0092 0246     		mov	r2, r0
 204 0094 0B46     		mov	r3, r1
 205 0096 3046     		mov	r0, r6
 206 0098 3946     		mov	r1, r7
 207 009a FFF7FEFF 		bl	__aeabi_dmul
 208              	.LVL28:
 209 009e FFF7FEFF 		bl	__aeabi_d2f
 210              	.LVL29:
 211 00a2 0646     		mov	r6, r0
 212              	.LVL30:
 103:..\source/odom.c **** 
 104:..\source/odom.c ****     x_dist += delta_x_dist;
 213              		.loc 1 104 0
 214 00a4 E068     		ldr	r0, [r4, #12]	@ float
 215              	.LVL31:
 216 00a6 2946     		mov	r1, r5
 217 00a8 FFF7FEFF 		bl	__aeabi_fadd
 218              	.LVL32:
 219 00ac E060     		str	r0, [r4, #12]	@ float
 105:..\source/odom.c ****     y_dist += delta_y_dist;
 220              		.loc 1 105 0
 221 00ae 2069     		ldr	r0, [r4, #16]	@ float
 222 00b0 3146     		mov	r1, r6
 223 00b2 FFF7FEFF 		bl	__aeabi_fadd
 224              	.LVL33:
 225 00b6 2061     		str	r0, [r4, #16]	@ float
 106:..\source/odom.c ****     
 107:..\source/odom.c ****     linear_speed = (right_speed + left_speed) / 2;
 226              		.loc 1 107 0
 227 00b8 5846     		mov	r0, fp
 228 00ba 5146     		mov	r1, r10
 229 00bc FFF7FEFF 		bl	__aeabi_fadd
 230              	.LVL34:
 231 00c0 4FF07C51 		mov	r1, #1056964608
 232 00c4 FFF7FEFF 		bl	__aeabi_fmul
 233              	.LVL35:
 234 00c8 6061     		str	r0, [r4, #20]	@ float
 108:..\source/odom.c ****     angular_speed = (right_speed - left_speed) / TRACK_WIDTH;
ARM GAS  C:\Users\Tim\AppData\Local\Temp\ccRw8GHf.s 			page 7


 235              		.loc 1 108 0
 236 00ca 5846     		mov	r0, fp
 237 00cc 5146     		mov	r1, r10
 238 00ce FFF7FEFF 		bl	__aeabi_fsub
 239              	.LVL36:
 240 00d2 0949     		ldr	r1, .L7+24
 241 00d4 FFF7FEFF 		bl	__aeabi_fdiv
 242              	.LVL37:
 243 00d8 A061     		str	r0, [r4, #24]	@ float
 244 00da BDE8F88F 		pop	{r3, r4, r5, r6, r7, r8, r9, r10, fp, pc}
 245              	.LVL38:
 246              	.L8:
 247 00de 00BF     		.align	3
 248              	.L7:
 249 00e0 578A0815 		.word	352881239
 250 00e4 82E7803F 		.word	1065412482
 251 00e8 C7711CC7 		.word	-954437177
 252 00ec 719C0A40 		.word	1074437233
 253 00f0 00000000 		.word	.LANCHOR0
 254 00f4 0000E03F 		.word	1071644672
 255 00f8 0080C943 		.word	1137278976
 256              		.cfi_endproc
 257              	.LFE65:
 258              		.size	calc_odom, .-calc_odom
 259              		.global	__aeabi_ui2d
 260              		.global	__aeabi_dcmpgt
 261 00fc AFF30080 		.section	.text.Odom_Update,"ax",%progbits
 262              		.align	2
 263              		.global	Odom_Update
 264              		.thumb
 265              		.thumb_func
 266              		.type	Odom_Update, %function
 267              	Odom_Update:
 268              	.LFB66:
 109:..\source/odom.c ****     
 110:..\source/odom.c **** }
 111:..\source/odom.c **** 
 112:..\source/odom.c **** void Odom_Update()
 113:..\source/odom.c **** {
 269              		.loc 1 113 0
 270              		.cfi_startproc
 271              		@ args = 0, pretend = 0, frame = 104
 272              		@ frame_needed = 0, uses_anonymous_args = 0
 273 0000 10B5     		push	{r4, lr}
 274              		.cfi_def_cfa_offset 8
 275              		.cfi_offset 4, -8
 276              		.cfi_offset 14, -4
 277 0002 9CB0     		sub	sp, sp, #112
 278              		.cfi_def_cfa_offset 120
 114:..\source/odom.c ****     static uint32 last_odom_time = 0;
 115:..\source/odom.c ****     static uint8 odom_sched_offset_applied = 0;
 116:..\source/odom.c ****     uint32 delta_time;
 117:..\source/odom.c ****         
 118:..\source/odom.c ****     delta_time = millis() - last_odom_time;
 279              		.loc 1 118 0
 280 0004 FFF7FEFF 		bl	millis
 281              	.LVL39:
ARM GAS  C:\Users\Tim\AppData\Local\Temp\ccRw8GHf.s 			page 8


 282 0008 174B     		ldr	r3, .L15
 283 000a 5C6A     		ldr	r4, [r3, #36]
 284 000c 041B     		subs	r4, r0, r4
 285              	.LVL40:
 286              	.LBB2:
 119:..\source/odom.c ****     ODOM_DEBUG_DELTA(delta_time);
 287              		.loc 1 119 0
 288 000e 03A8     		add	r0, sp, #12
 289 0010 1649     		ldr	r1, .L15+4
 290 0012 174A     		ldr	r2, .L15+8
 291 0014 2346     		mov	r3, r4
 292 0016 FFF7FEFF 		bl	sprintf
 293              	.LVL41:
 294 001a 03A8     		add	r0, sp, #12
 295 001c FFF7FEFF 		bl	UART_Debug_PutString
 296              	.LVL42:
 297              	.LBE2:
 120:..\source/odom.c ****     if (delta_time > ODOM_SAMPLE_TIME_MS)
 298              		.loc 1 120 0
 299 0020 2046     		mov	r0, r4
 300 0022 FFF7FEFF 		bl	__aeabi_ui2d
 301              	.LVL43:
 302 0026 0022     		movs	r2, #0
 303 0028 124B     		ldr	r3, .L15+12
 304 002a FFF7FEFF 		bl	__aeabi_dcmpgt
 305              	.LVL44:
 306 002e C0B1     		cbz	r0, .L9
 121:..\source/odom.c ****     {
 122:..\source/odom.c ****         last_odom_time = millis();
 307              		.loc 1 122 0
 308 0030 FFF7FEFF 		bl	millis
 309              	.LVL45:
 310 0034 0C4B     		ldr	r3, .L15
 311 0036 5862     		str	r0, [r3, #36]
 123:..\source/odom.c ****         
 124:..\source/odom.c ****         APPLY_SCHED_OFFSET(ODOM_SCHED_OFFSET, odom_sched_offset_applied);
 312              		.loc 1 124 0
 313 0038 93F82830 		ldrb	r3, [r3, #40]	@ zero_extendqisi2
 314 003c 33B9     		cbnz	r3, .L12
 315              		.loc 1 124 0 is_stmt 0 discriminator 1
 316 003e 0122     		movs	r2, #1
 317 0040 094B     		ldr	r3, .L15
 318 0042 83F82820 		strb	r2, [r3, #40]
 319 0046 0F20     		movs	r0, #15
 320 0048 FFF7FEFF 		bl	CyDelay
 321              	.LVL46:
 322              	.L12:
 125:..\source/odom.c ****         
 126:..\source/odom.c ****         calc_odom();
 323              		.loc 1 126 0 is_stmt 1
 324 004c FFF7FEFF 		bl	calc_odom
 325              	.LVL47:
 127:..\source/odom.c ****         I2c_WriteOdom(x_dist, y_dist, heading, linear_speed, angular_speed);
 326              		.loc 1 127 0
 327 0050 054C     		ldr	r4, .L15
 328              	.LVL48:
 329 0052 E068     		ldr	r0, [r4, #12]	@ float
ARM GAS  C:\Users\Tim\AppData\Local\Temp\ccRw8GHf.s 			page 9


 330 0054 2169     		ldr	r1, [r4, #16]	@ float
 331 0056 A268     		ldr	r2, [r4, #8]	@ float
 332 0058 6369     		ldr	r3, [r4, #20]	@ float
 333 005a A469     		ldr	r4, [r4, #24]	@ float
 334 005c 0094     		str	r4, [sp]	@ float
 335 005e FFF7FEFF 		bl	I2c_WriteOdom
 336              	.LVL49:
 337              	.L9:
 128:..\source/odom.c ****     }
 129:..\source/odom.c **** }
 338              		.loc 1 129 0
 339 0062 1CB0     		add	sp, sp, #112
 340              		.cfi_def_cfa_offset 8
 341              		@ sp needed
 342 0064 10BD     		pop	{r4, pc}
 343              	.L16:
 344 0066 00BF     		.align	2
 345              	.L15:
 346 0068 00000000 		.word	.LANCHOR0
 347 006c 00000000 		.word	.LC0
 348 0070 0C000000 		.word	.LC1
 349 0074 00005940 		.word	1079574528
 350              		.cfi_endproc
 351              	.LFE66:
 352              		.size	Odom_Update, .-Odom_Update
 353              		.section	.rodata.str1.4,"aMS",%progbits,1
 354              		.align	2
 355              	.LC0:
 356 0000 25733A20 		.ascii	"%s: %ld \015\012\000"
 356      256C6420 
 356      0D0A00
 357 000b 00       		.space	1
 358              	.LC1:
 359 000c 6F646F6D 		.ascii	"odom\000"
 359      00
 360 0011 000000   		.bss
 361              		.align	2
 362              		.set	.LANCHOR0,. + 0
 363              		.type	last_left_count, %object
 364              		.size	last_left_count, 4
 365              	last_left_count:
 366 0000 00000000 		.space	4
 367              		.type	last_right_count, %object
 368              		.size	last_right_count, 4
 369              	last_right_count:
 370 0004 00000000 		.space	4
 371              		.type	heading, %object
 372              		.size	heading, 4
 373              	heading:
 374 0008 00000000 		.space	4
 375              		.type	x_dist, %object
 376              		.size	x_dist, 4
 377              	x_dist:
 378 000c 00000000 		.space	4
 379              		.type	y_dist, %object
 380              		.size	y_dist, 4
 381              	y_dist:
ARM GAS  C:\Users\Tim\AppData\Local\Temp\ccRw8GHf.s 			page 10


 382 0010 00000000 		.space	4
 383              		.type	linear_speed, %object
 384              		.size	linear_speed, 4
 385              	linear_speed:
 386 0014 00000000 		.space	4
 387              		.type	angular_speed, %object
 388              		.size	angular_speed, 4
 389              	angular_speed:
 390 0018 00000000 		.space	4
 391              		.type	left_speed, %object
 392              		.size	left_speed, 4
 393              	left_speed:
 394 001c 00000000 		.space	4
 395              		.type	right_speed, %object
 396              		.size	right_speed, 4
 397              	right_speed:
 398 0020 00000000 		.space	4
 399              		.type	last_odom_time.8581, %object
 400              		.size	last_odom_time.8581, 4
 401              	last_odom_time.8581:
 402 0024 00000000 		.space	4
 403              		.type	odom_sched_offset_applied.8582, %object
 404              		.size	odom_sched_offset_applied.8582, 1
 405              	odom_sched_offset_applied.8582:
 406 0028 00       		.space	1
 407 0029 000000   		.text
 408              	.Letext0:
 409              		.file 2 "c:\\program files (x86)\\cypress\\psoc creator\\3.3\\psoc creator\\import\\gnu\\arm\\4.9.
 410              		.file 3 "c:\\program files (x86)\\cypress\\psoc creator\\3.3\\psoc creator\\import\\gnu\\arm\\4.9.
 411              		.file 4 "Generated_Source\\PSoC5/cytypes.h"
 412              		.file 5 "..\\source\\encoder.h"
 413              		.file 6 "c:\\program files (x86)\\cypress\\psoc creator\\3.3\\psoc creator\\import\\gnu\\arm\\4.9.
 414              		.file 7 "Generated_Source\\PSoC5/UART_Debug.h"
 415              		.file 8 "..\\source\\time.h"
 416              		.file 9 "Generated_Source\\PSoC5/CyLib.h"
 417              		.file 10 "Generated_Source\\PSoC5/core_cm3.h"
 418              		.file 11 "c:\\program files (x86)\\cypress\\psoc creator\\3.3\\psoc creator\\import\\gnu\\arm\\4.9
 419              		.file 12 "..\\source\\i2c.h"
 420              		.section	.debug_info,"",%progbits
 421              	.Ldebug_info0:
 422 0000 6A040000 		.4byte	0x46a
 423 0004 0400     		.2byte	0x4
 424 0006 00000000 		.4byte	.Ldebug_abbrev0
 425 000a 04       		.byte	0x4
 426 000b 01       		.uleb128 0x1
 427 000c 9D010000 		.4byte	.LASF52
 428 0010 01       		.byte	0x1
 429 0011 31030000 		.4byte	.LASF53
 430 0015 77000000 		.4byte	.LASF54
 431 0019 00000000 		.4byte	.Ldebug_ranges0+0
 432 001d 00000000 		.4byte	0
 433 0021 00000000 		.4byte	.Ldebug_line0
 434 0025 02       		.uleb128 0x2
 435 0026 04       		.byte	0x4
 436 0027 04       		.byte	0x4
 437 0028 CE000000 		.4byte	.LASF0
 438 002c 02       		.uleb128 0x2
ARM GAS  C:\Users\Tim\AppData\Local\Temp\ccRw8GHf.s 			page 11


 439 002d 01       		.byte	0x1
 440 002e 06       		.byte	0x6
 441 002f 42030000 		.4byte	.LASF1
 442 0033 02       		.uleb128 0x2
 443 0034 01       		.byte	0x1
 444 0035 08       		.byte	0x8
 445 0036 FA000000 		.4byte	.LASF2
 446 003a 02       		.uleb128 0x2
 447 003b 02       		.byte	0x2
 448 003c 05       		.byte	0x5
 449 003d 0B030000 		.4byte	.LASF3
 450 0041 02       		.uleb128 0x2
 451 0042 02       		.byte	0x2
 452 0043 07       		.byte	0x7
 453 0044 4C000000 		.4byte	.LASF4
 454 0048 03       		.uleb128 0x3
 455 0049 42000000 		.4byte	.LASF10
 456 004d 02       		.byte	0x2
 457 004e 3F       		.byte	0x3f
 458 004f 53000000 		.4byte	0x53
 459 0053 02       		.uleb128 0x2
 460 0054 04       		.byte	0x4
 461 0055 05       		.byte	0x5
 462 0056 15030000 		.4byte	.LASF5
 463 005a 02       		.uleb128 0x2
 464 005b 04       		.byte	0x4
 465 005c 07       		.byte	0x7
 466 005d 40010000 		.4byte	.LASF6
 467 0061 02       		.uleb128 0x2
 468 0062 08       		.byte	0x8
 469 0063 05       		.byte	0x5
 470 0064 B1020000 		.4byte	.LASF7
 471 0068 02       		.uleb128 0x2
 472 0069 08       		.byte	0x8
 473 006a 07       		.byte	0x7
 474 006b 63020000 		.4byte	.LASF8
 475 006f 04       		.uleb128 0x4
 476 0070 04       		.byte	0x4
 477 0071 05       		.byte	0x5
 478 0072 696E7400 		.ascii	"int\000"
 479 0076 02       		.uleb128 0x2
 480 0077 04       		.byte	0x4
 481 0078 07       		.byte	0x7
 482 0079 2B020000 		.4byte	.LASF9
 483 007d 03       		.uleb128 0x3
 484 007e 95020000 		.4byte	.LASF11
 485 0082 03       		.byte	0x3
 486 0083 2C       		.byte	0x2c
 487 0084 48000000 		.4byte	0x48
 488 0088 05       		.uleb128 0x5
 489 0089 05030000 		.4byte	.LASF12
 490 008d 04       		.byte	0x4
 491 008e 3801     		.2byte	0x138
 492 0090 33000000 		.4byte	0x33
 493 0094 05       		.uleb128 0x5
 494 0095 96010000 		.4byte	.LASF13
 495 0099 04       		.byte	0x4
ARM GAS  C:\Users\Tim\AppData\Local\Temp\ccRw8GHf.s 			page 12


 496 009a 3A01     		.2byte	0x13a
 497 009c 5A000000 		.4byte	0x5a
 498 00a0 05       		.uleb128 0x5
 499 00a1 1E010000 		.4byte	.LASF14
 500 00a5 04       		.byte	0x4
 501 00a6 3D01     		.2byte	0x13d
 502 00a8 53000000 		.4byte	0x53
 503 00ac 02       		.uleb128 0x2
 504 00ad 08       		.byte	0x8
 505 00ae 04       		.byte	0x4
 506 00af B6000000 		.4byte	.LASF15
 507 00b3 05       		.uleb128 0x5
 508 00b4 08010000 		.4byte	.LASF16
 509 00b8 04       		.byte	0x4
 510 00b9 4901     		.2byte	0x149
 511 00bb BF000000 		.4byte	0xbf
 512 00bf 02       		.uleb128 0x2
 513 00c0 01       		.byte	0x1
 514 00c1 08       		.byte	0x8
 515 00c2 C6020000 		.4byte	.LASF17
 516 00c6 02       		.uleb128 0x2
 517 00c7 04       		.byte	0x4
 518 00c8 07       		.byte	0x7
 519 00c9 A8020000 		.4byte	.LASF18
 520 00cd 06       		.uleb128 0x6
 521 00ce 04       		.byte	0x4
 522 00cf BF000000 		.4byte	0xbf
 523 00d3 06       		.uleb128 0x6
 524 00d4 04       		.byte	0x4
 525 00d5 D9000000 		.4byte	0xd9
 526 00d9 07       		.uleb128 0x7
 527 00da BF000000 		.4byte	0xbf
 528 00de 02       		.uleb128 0x2
 529 00df 08       		.byte	0x8
 530 00e0 04       		.byte	0x4
 531 00e1 25030000 		.4byte	.LASF19
 532 00e5 08       		.uleb128 0x8
 533 00e6 CB020000 		.4byte	.LASF20
 534 00ea 01       		.byte	0x1
 535 00eb 2A       		.byte	0x2a
 536 00ec 00000000 		.4byte	.LFB63
 537 00f0 20000000 		.4byte	.LFE63-.LFB63
 538 00f4 01       		.uleb128 0x1
 539 00f5 9C       		.byte	0x9c
 540 00f6 08       		.uleb128 0x8
 541 00f7 76010000 		.4byte	.LASF21
 542 00fb 01       		.byte	0x1
 543 00fc 37       		.byte	0x37
 544 00fd 00000000 		.4byte	.LFB64
 545 0101 02000000 		.4byte	.LFE64-.LFB64
 546 0105 01       		.uleb128 0x1
 547 0106 9C       		.byte	0x9c
 548 0107 09       		.uleb128 0x9
 549 0108 8C010000 		.4byte	.LASF32
 550 010c 01       		.byte	0x1
 551 010d 3B       		.byte	0x3b
 552 010e 00000000 		.4byte	.LFB65
ARM GAS  C:\Users\Tim\AppData\Local\Temp\ccRw8GHf.s 			page 13


 553 0112 FC000000 		.4byte	.LFE65-.LFB65
 554 0116 01       		.uleb128 0x1
 555 0117 9C       		.byte	0x9c
 556 0118 E9010000 		.4byte	0x1e9
 557 011c 0A       		.uleb128 0xa
 558 011d 81010000 		.4byte	.LASF22
 559 0121 01       		.byte	0x1
 560 0122 46       		.byte	0x46
 561 0123 25000000 		.4byte	0x25
 562 0127 00000000 		.4byte	.LLST0
 563 012b 0A       		.uleb128 0xa
 564 012c 5E030000 		.4byte	.LASF23
 565 0130 01       		.byte	0x1
 566 0131 47       		.byte	0x47
 567 0132 25000000 		.4byte	0x25
 568 0136 1E000000 		.4byte	.LLST1
 569 013a 0A       		.uleb128 0xa
 570 013b EE020000 		.4byte	.LASF24
 571 013f 01       		.byte	0x1
 572 0140 48       		.byte	0x48
 573 0141 A0000000 		.4byte	0xa0
 574 0145 3C000000 		.4byte	.LLST2
 575 0149 0A       		.uleb128 0xa
 576 014a D4000000 		.4byte	.LASF25
 577 014e 01       		.byte	0x1
 578 014f 49       		.byte	0x49
 579 0150 A0000000 		.4byte	0xa0
 580 0154 5A000000 		.4byte	.LLST3
 581 0158 0A       		.uleb128 0xa
 582 0159 31000000 		.4byte	.LASF26
 583 015d 01       		.byte	0x1
 584 015e 4A       		.byte	0x4a
 585 015f A0000000 		.4byte	0xa0
 586 0163 7C000000 		.4byte	.LLST4
 587 0167 0A       		.uleb128 0xa
 588 0168 43020000 		.4byte	.LASF27
 589 016c 01       		.byte	0x1
 590 016d 4B       		.byte	0x4b
 591 016e A0000000 		.4byte	0xa0
 592 0172 8F000000 		.4byte	.LLST5
 593 0176 0A       		.uleb128 0xa
 594 0177 55020000 		.4byte	.LASF28
 595 017b 01       		.byte	0x1
 596 017c 4C       		.byte	0x4c
 597 017d 25000000 		.4byte	0x25
 598 0181 A2000000 		.4byte	.LLST6
 599 0185 0A       		.uleb128 0xa
 600 0186 38020000 		.4byte	.LASF29
 601 018a 01       		.byte	0x1
 602 018b 4D       		.byte	0x4d
 603 018c 25000000 		.4byte	0x25
 604 0190 B5000000 		.4byte	.LLST7
 605 0194 0A       		.uleb128 0xa
 606 0195 88020000 		.4byte	.LASF30
 607 0199 01       		.byte	0x1
 608 019a 4E       		.byte	0x4e
 609 019b 25000000 		.4byte	0x25
ARM GAS  C:\Users\Tim\AppData\Local\Temp\ccRw8GHf.s 			page 14


 610 019f C8000000 		.4byte	.LLST8
 611 01a3 0A       		.uleb128 0xa
 612 01a4 00000000 		.4byte	.LASF31
 613 01a8 01       		.byte	0x1
 614 01a9 4F       		.byte	0x4f
 615 01aa 25000000 		.4byte	0x25
 616 01ae E6000000 		.4byte	.LLST9
 617 01b2 0B       		.uleb128 0xb
 618 01b3 08000000 		.4byte	.LVL0
 619 01b7 85030000 		.4byte	0x385
 620 01bb 0B       		.uleb128 0xb
 621 01bc 0E000000 		.4byte	.LVL2
 622 01c0 96030000 		.4byte	0x396
 623 01c4 0B       		.uleb128 0xb
 624 01c5 14000000 		.4byte	.LVL4
 625 01c9 A7030000 		.4byte	0x3a7
 626 01cd 0B       		.uleb128 0xb
 627 01ce 1A000000 		.4byte	.LVL6
 628 01d2 B8030000 		.4byte	0x3b8
 629 01d6 0B       		.uleb128 0xb
 630 01d7 78000000 		.4byte	.LVL22
 631 01db C9030000 		.4byte	0x3c9
 632 01df 0B       		.uleb128 0xb
 633 01e0 92000000 		.4byte	.LVL27
 634 01e4 DE030000 		.4byte	0x3de
 635 01e8 00       		.byte	0
 636 01e9 09       		.uleb128 0x9
 637 01ea F9020000 		.4byte	.LASF33
 638 01ee 01       		.byte	0x1
 639 01ef 70       		.byte	0x70
 640 01f0 00000000 		.4byte	.LFB66
 641 01f4 78000000 		.4byte	.LFE66-.LFB66
 642 01f8 01       		.uleb128 0x1
 643 01f9 9C       		.byte	0x9c
 644 01fa CB020000 		.4byte	0x2cb
 645 01fe 0C       		.uleb128 0xc
 646 01ff 67010000 		.4byte	.LASF34
 647 0203 01       		.byte	0x1
 648 0204 72       		.byte	0x72
 649 0205 94000000 		.4byte	0x94
 650 0209 05       		.uleb128 0x5
 651 020a 03       		.byte	0x3
 652 020b 24000000 		.4byte	last_odom_time.8581
 653 020f 0C       		.uleb128 0xc
 654 0210 E0000000 		.4byte	.LASF35
 655 0214 01       		.byte	0x1
 656 0215 73       		.byte	0x73
 657 0216 88000000 		.4byte	0x88
 658 021a 05       		.uleb128 0x5
 659 021b 03       		.byte	0x3
 660 021c 28000000 		.4byte	odom_sched_offset_applied.8582
 661 0220 0A       		.uleb128 0xa
 662 0221 9D020000 		.4byte	.LASF36
 663 0225 01       		.byte	0x1
 664 0226 74       		.byte	0x74
 665 0227 94000000 		.4byte	0x94
 666 022b 04010000 		.4byte	.LLST10
ARM GAS  C:\Users\Tim\AppData\Local\Temp\ccRw8GHf.s 			page 15


 667 022f 0D       		.uleb128 0xd
 668 0230 0E000000 		.4byte	.LBB2
 669 0234 12000000 		.4byte	.LBE2-.LBB2
 670 0238 8A020000 		.4byte	0x28a
 671 023c 0E       		.uleb128 0xe
 672 023d 62756600 		.ascii	"buf\000"
 673 0241 01       		.byte	0x1
 674 0242 77       		.byte	0x77
 675 0243 CB020000 		.4byte	0x2cb
 676 0247 03       		.uleb128 0x3
 677 0248 91       		.byte	0x91
 678 0249 947F     		.sleb128 -108
 679 024b 0F       		.uleb128 0xf
 680 024c 1A000000 		.4byte	.LVL41
 681 0250 F3030000 		.4byte	0x3f3
 682 0254 78020000 		.4byte	0x278
 683 0258 10       		.uleb128 0x10
 684 0259 01       		.uleb128 0x1
 685 025a 53       		.byte	0x53
 686 025b 02       		.uleb128 0x2
 687 025c 74       		.byte	0x74
 688 025d 00       		.sleb128 0
 689 025e 10       		.uleb128 0x10
 690 025f 01       		.uleb128 0x1
 691 0260 52       		.byte	0x52
 692 0261 05       		.uleb128 0x5
 693 0262 03       		.byte	0x3
 694 0263 0C000000 		.4byte	.LC1
 695 0267 10       		.uleb128 0x10
 696 0268 01       		.uleb128 0x1
 697 0269 51       		.byte	0x51
 698 026a 05       		.uleb128 0x5
 699 026b 03       		.byte	0x3
 700 026c 00000000 		.4byte	.LC0
 701 0270 10       		.uleb128 0x10
 702 0271 01       		.uleb128 0x1
 703 0272 50       		.byte	0x50
 704 0273 03       		.uleb128 0x3
 705 0274 91       		.byte	0x91
 706 0275 947F     		.sleb128 -108
 707 0277 00       		.byte	0
 708 0278 11       		.uleb128 0x11
 709 0279 20000000 		.4byte	.LVL42
 710 027d 0E040000 		.4byte	0x40e
 711 0281 10       		.uleb128 0x10
 712 0282 01       		.uleb128 0x1
 713 0283 50       		.byte	0x50
 714 0284 03       		.uleb128 0x3
 715 0285 91       		.byte	0x91
 716 0286 947F     		.sleb128 -108
 717 0288 00       		.byte	0
 718 0289 00       		.byte	0
 719 028a 0B       		.uleb128 0xb
 720 028b 08000000 		.4byte	.LVL39
 721 028f 2A040000 		.4byte	0x42a
 722 0293 0B       		.uleb128 0xb
 723 0294 34000000 		.4byte	.LVL45
ARM GAS  C:\Users\Tim\AppData\Local\Temp\ccRw8GHf.s 			page 16


 724 0298 2A040000 		.4byte	0x42a
 725 029c 0F       		.uleb128 0xf
 726 029d 4C000000 		.4byte	.LVL46
 727 02a1 3B040000 		.4byte	0x43b
 728 02a5 AF020000 		.4byte	0x2af
 729 02a9 10       		.uleb128 0x10
 730 02aa 01       		.uleb128 0x1
 731 02ab 50       		.byte	0x50
 732 02ac 01       		.uleb128 0x1
 733 02ad 3F       		.byte	0x3f
 734 02ae 00       		.byte	0
 735 02af 0B       		.uleb128 0xb
 736 02b0 50000000 		.4byte	.LVL47
 737 02b4 07010000 		.4byte	0x107
 738 02b8 11       		.uleb128 0x11
 739 02b9 62000000 		.4byte	.LVL49
 740 02bd 4C040000 		.4byte	0x44c
 741 02c1 10       		.uleb128 0x10
 742 02c2 02       		.uleb128 0x2
 743 02c3 7D       		.byte	0x7d
 744 02c4 00       		.sleb128 0
 745 02c5 03       		.uleb128 0x3
 746 02c6 F5       		.byte	0xf5
 747 02c7 04       		.uleb128 0x4
 748 02c8 25       		.uleb128 0x25
 749 02c9 00       		.byte	0
 750 02ca 00       		.byte	0
 751 02cb 12       		.uleb128 0x12
 752 02cc BF000000 		.4byte	0xbf
 753 02d0 DB020000 		.4byte	0x2db
 754 02d4 13       		.uleb128 0x13
 755 02d5 C6000000 		.4byte	0xc6
 756 02d9 63       		.byte	0x63
 757 02da 00       		.byte	0
 758 02db 0C       		.uleb128 0xc
 759 02dc 0E010000 		.4byte	.LASF37
 760 02e0 01       		.byte	0x1
 761 02e1 20       		.byte	0x20
 762 02e2 A0000000 		.4byte	0xa0
 763 02e6 05       		.uleb128 0x5
 764 02e7 03       		.byte	0x3
 765 02e8 00000000 		.4byte	last_left_count
 766 02ec 0C       		.uleb128 0xc
 767 02ed BD000000 		.4byte	.LASF38
 768 02f1 01       		.byte	0x1
 769 02f2 21       		.byte	0x21
 770 02f3 A0000000 		.4byte	0xa0
 771 02f7 05       		.uleb128 0x5
 772 02f8 03       		.byte	0x3
 773 02f9 04000000 		.4byte	last_right_count
 774 02fd 0C       		.uleb128 0xc
 775 02fe 38010000 		.4byte	.LASF39
 776 0302 01       		.byte	0x1
 777 0303 22       		.byte	0x22
 778 0304 25000000 		.4byte	0x25
 779 0308 05       		.uleb128 0x5
 780 0309 03       		.byte	0x3
ARM GAS  C:\Users\Tim\AppData\Local\Temp\ccRw8GHf.s 			page 17


 781 030a 08000000 		.4byte	heading
 782 030e 0C       		.uleb128 0xc
 783 030f 24010000 		.4byte	.LASF40
 784 0313 01       		.byte	0x1
 785 0314 23       		.byte	0x23
 786 0315 25000000 		.4byte	0x25
 787 0319 05       		.uleb128 0x5
 788 031a 03       		.byte	0x3
 789 031b 0C000000 		.4byte	x_dist
 790 031f 0C       		.uleb128 0xc
 791 0320 BF020000 		.4byte	.LASF41
 792 0324 01       		.byte	0x1
 793 0325 24       		.byte	0x24
 794 0326 25000000 		.4byte	0x25
 795 032a 05       		.uleb128 0x5
 796 032b 03       		.byte	0x3
 797 032c 10000000 		.4byte	y_dist
 798 0330 0C       		.uleb128 0xc
 799 0331 A9000000 		.4byte	.LASF42
 800 0335 01       		.byte	0x1
 801 0336 25       		.byte	0x25
 802 0337 25000000 		.4byte	0x25
 803 033b 05       		.uleb128 0x5
 804 033c 03       		.byte	0x3
 805 033d 14000000 		.4byte	linear_speed
 806 0341 0C       		.uleb128 0xc
 807 0342 7A020000 		.4byte	.LASF43
 808 0346 01       		.byte	0x1
 809 0347 26       		.byte	0x26
 810 0348 25000000 		.4byte	0x25
 811 034c 05       		.uleb128 0x5
 812 034d 03       		.byte	0x3
 813 034e 18000000 		.4byte	angular_speed
 814 0352 0C       		.uleb128 0xc
 815 0353 81010000 		.4byte	.LASF22
 816 0357 01       		.byte	0x1
 817 0358 27       		.byte	0x27
 818 0359 25000000 		.4byte	0x25
 819 035d 05       		.uleb128 0x5
 820 035e 03       		.byte	0x3
 821 035f 1C000000 		.4byte	left_speed
 822 0363 0C       		.uleb128 0xc
 823 0364 5E030000 		.4byte	.LASF23
 824 0368 01       		.byte	0x1
 825 0369 28       		.byte	0x28
 826 036a 25000000 		.4byte	0x25
 827 036e 05       		.uleb128 0x5
 828 036f 03       		.byte	0x3
 829 0370 20000000 		.4byte	right_speed
 830 0374 14       		.uleb128 0x14
 831 0375 2B010000 		.4byte	.LASF55
 832 0379 0A       		.byte	0xa
 833 037a 5506     		.2byte	0x655
 834 037c 80030000 		.4byte	0x380
 835 0380 15       		.uleb128 0x15
 836 0381 7D000000 		.4byte	0x7d
 837 0385 16       		.uleb128 0x16
ARM GAS  C:\Users\Tim\AppData\Local\Temp\ccRw8GHf.s 			page 18


 838 0386 5F000000 		.4byte	.LASF44
 839 038a 05       		.byte	0x5
 840 038b 19       		.byte	0x19
 841 038c 25000000 		.4byte	0x25
 842 0390 96030000 		.4byte	0x396
 843 0394 17       		.uleb128 0x17
 844 0395 00       		.byte	0
 845 0396 16       		.uleb128 0x16
 846 0397 D5020000 		.4byte	.LASF45
 847 039b 05       		.byte	0x5
 848 039c 1A       		.byte	0x1a
 849 039d 25000000 		.4byte	0x25
 850 03a1 A7030000 		.4byte	0x3a7
 851 03a5 17       		.uleb128 0x17
 852 03a6 00       		.byte	0
 853 03a7 16       		.uleb128 0x16
 854 03a8 6A030000 		.4byte	.LASF46
 855 03ac 05       		.byte	0x5
 856 03ad 1C       		.byte	0x1c
 857 03ae A0000000 		.4byte	0xa0
 858 03b2 B8030000 		.4byte	0x3b8
 859 03b6 17       		.uleb128 0x17
 860 03b7 00       		.byte	0
 861 03b8 16       		.uleb128 0x16
 862 03b9 1B000000 		.4byte	.LASF47
 863 03bd 05       		.byte	0x5
 864 03be 1D       		.byte	0x1d
 865 03bf A0000000 		.4byte	0xa0
 866 03c3 C9030000 		.4byte	0x3c9
 867 03c7 17       		.uleb128 0x17
 868 03c8 00       		.byte	0
 869 03c9 18       		.uleb128 0x18
 870 03ca 636F7300 		.ascii	"cos\000"
 871 03ce 06       		.byte	0x6
 872 03cf 6D       		.byte	0x6d
 873 03d0 AC000000 		.4byte	0xac
 874 03d4 DE030000 		.4byte	0x3de
 875 03d8 19       		.uleb128 0x19
 876 03d9 AC000000 		.4byte	0xac
 877 03dd 00       		.byte	0
 878 03de 18       		.uleb128 0x18
 879 03df 73696E00 		.ascii	"sin\000"
 880 03e3 06       		.byte	0x6
 881 03e4 6E       		.byte	0x6e
 882 03e5 AC000000 		.4byte	0xac
 883 03e9 F3030000 		.4byte	0x3f3
 884 03ed 19       		.uleb128 0x19
 885 03ee AC000000 		.4byte	0xac
 886 03f2 00       		.byte	0
 887 03f3 1A       		.uleb128 0x1a
 888 03f4 4E030000 		.4byte	.LASF48
 889 03f8 0B       		.byte	0xb
 890 03f9 DE       		.byte	0xde
 891 03fa 6F000000 		.4byte	0x6f
 892 03fe 0E040000 		.4byte	0x40e
 893 0402 19       		.uleb128 0x19
 894 0403 CD000000 		.4byte	0xcd
ARM GAS  C:\Users\Tim\AppData\Local\Temp\ccRw8GHf.s 			page 19


 895 0407 19       		.uleb128 0x19
 896 0408 D3000000 		.4byte	0xd3
 897 040c 17       		.uleb128 0x17
 898 040d 00       		.byte	0
 899 040e 1B       		.uleb128 0x1b
 900 040f 52010000 		.4byte	.LASF49
 901 0413 07       		.byte	0x7
 902 0414 8B       		.byte	0x8b
 903 0415 1F040000 		.4byte	0x41f
 904 0419 19       		.uleb128 0x19
 905 041a 1F040000 		.4byte	0x41f
 906 041e 00       		.byte	0
 907 041f 06       		.uleb128 0x6
 908 0420 04       		.byte	0x4
 909 0421 25040000 		.4byte	0x425
 910 0425 07       		.uleb128 0x7
 911 0426 B3000000 		.4byte	0xb3
 912 042a 16       		.uleb128 0x16
 913 042b 1E030000 		.4byte	.LASF50
 914 042f 08       		.byte	0x8
 915 0430 18       		.byte	0x18
 916 0431 94000000 		.4byte	0x94
 917 0435 3B040000 		.4byte	0x43b
 918 0439 17       		.uleb128 0x17
 919 043a 00       		.byte	0
 920 043b 1B       		.uleb128 0x1b
 921 043c 56030000 		.4byte	.LASF51
 922 0440 09       		.byte	0x9
 923 0441 77       		.byte	0x77
 924 0442 4C040000 		.4byte	0x44c
 925 0446 19       		.uleb128 0x19
 926 0447 94000000 		.4byte	0x94
 927 044b 00       		.byte	0
 928 044c 1C       		.uleb128 0x1c
 929 044d 0D000000 		.4byte	.LASF56
 930 0451 0C       		.byte	0xc
 931 0452 32       		.byte	0x32
 932 0453 19       		.uleb128 0x19
 933 0454 25000000 		.4byte	0x25
 934 0458 19       		.uleb128 0x19
 935 0459 25000000 		.4byte	0x25
 936 045d 19       		.uleb128 0x19
 937 045e 25000000 		.4byte	0x25
 938 0462 19       		.uleb128 0x19
 939 0463 25000000 		.4byte	0x25
 940 0467 19       		.uleb128 0x19
 941 0468 25000000 		.4byte	0x25
 942 046c 00       		.byte	0
 943 046d 00       		.byte	0
 944              		.section	.debug_abbrev,"",%progbits
 945              	.Ldebug_abbrev0:
 946 0000 01       		.uleb128 0x1
 947 0001 11       		.uleb128 0x11
 948 0002 01       		.byte	0x1
 949 0003 25       		.uleb128 0x25
 950 0004 0E       		.uleb128 0xe
 951 0005 13       		.uleb128 0x13
ARM GAS  C:\Users\Tim\AppData\Local\Temp\ccRw8GHf.s 			page 20


 952 0006 0B       		.uleb128 0xb
 953 0007 03       		.uleb128 0x3
 954 0008 0E       		.uleb128 0xe
 955 0009 1B       		.uleb128 0x1b
 956 000a 0E       		.uleb128 0xe
 957 000b 55       		.uleb128 0x55
 958 000c 17       		.uleb128 0x17
 959 000d 11       		.uleb128 0x11
 960 000e 01       		.uleb128 0x1
 961 000f 10       		.uleb128 0x10
 962 0010 17       		.uleb128 0x17
 963 0011 00       		.byte	0
 964 0012 00       		.byte	0
 965 0013 02       		.uleb128 0x2
 966 0014 24       		.uleb128 0x24
 967 0015 00       		.byte	0
 968 0016 0B       		.uleb128 0xb
 969 0017 0B       		.uleb128 0xb
 970 0018 3E       		.uleb128 0x3e
 971 0019 0B       		.uleb128 0xb
 972 001a 03       		.uleb128 0x3
 973 001b 0E       		.uleb128 0xe
 974 001c 00       		.byte	0
 975 001d 00       		.byte	0
 976 001e 03       		.uleb128 0x3
 977 001f 16       		.uleb128 0x16
 978 0020 00       		.byte	0
 979 0021 03       		.uleb128 0x3
 980 0022 0E       		.uleb128 0xe
 981 0023 3A       		.uleb128 0x3a
 982 0024 0B       		.uleb128 0xb
 983 0025 3B       		.uleb128 0x3b
 984 0026 0B       		.uleb128 0xb
 985 0027 49       		.uleb128 0x49
 986 0028 13       		.uleb128 0x13
 987 0029 00       		.byte	0
 988 002a 00       		.byte	0
 989 002b 04       		.uleb128 0x4
 990 002c 24       		.uleb128 0x24
 991 002d 00       		.byte	0
 992 002e 0B       		.uleb128 0xb
 993 002f 0B       		.uleb128 0xb
 994 0030 3E       		.uleb128 0x3e
 995 0031 0B       		.uleb128 0xb
 996 0032 03       		.uleb128 0x3
 997 0033 08       		.uleb128 0x8
 998 0034 00       		.byte	0
 999 0035 00       		.byte	0
 1000 0036 05       		.uleb128 0x5
 1001 0037 16       		.uleb128 0x16
 1002 0038 00       		.byte	0
 1003 0039 03       		.uleb128 0x3
 1004 003a 0E       		.uleb128 0xe
 1005 003b 3A       		.uleb128 0x3a
 1006 003c 0B       		.uleb128 0xb
 1007 003d 3B       		.uleb128 0x3b
 1008 003e 05       		.uleb128 0x5
ARM GAS  C:\Users\Tim\AppData\Local\Temp\ccRw8GHf.s 			page 21


 1009 003f 49       		.uleb128 0x49
 1010 0040 13       		.uleb128 0x13
 1011 0041 00       		.byte	0
 1012 0042 00       		.byte	0
 1013 0043 06       		.uleb128 0x6
 1014 0044 0F       		.uleb128 0xf
 1015 0045 00       		.byte	0
 1016 0046 0B       		.uleb128 0xb
 1017 0047 0B       		.uleb128 0xb
 1018 0048 49       		.uleb128 0x49
 1019 0049 13       		.uleb128 0x13
 1020 004a 00       		.byte	0
 1021 004b 00       		.byte	0
 1022 004c 07       		.uleb128 0x7
 1023 004d 26       		.uleb128 0x26
 1024 004e 00       		.byte	0
 1025 004f 49       		.uleb128 0x49
 1026 0050 13       		.uleb128 0x13
 1027 0051 00       		.byte	0
 1028 0052 00       		.byte	0
 1029 0053 08       		.uleb128 0x8
 1030 0054 2E       		.uleb128 0x2e
 1031 0055 00       		.byte	0
 1032 0056 3F       		.uleb128 0x3f
 1033 0057 19       		.uleb128 0x19
 1034 0058 03       		.uleb128 0x3
 1035 0059 0E       		.uleb128 0xe
 1036 005a 3A       		.uleb128 0x3a
 1037 005b 0B       		.uleb128 0xb
 1038 005c 3B       		.uleb128 0x3b
 1039 005d 0B       		.uleb128 0xb
 1040 005e 11       		.uleb128 0x11
 1041 005f 01       		.uleb128 0x1
 1042 0060 12       		.uleb128 0x12
 1043 0061 06       		.uleb128 0x6
 1044 0062 40       		.uleb128 0x40
 1045 0063 18       		.uleb128 0x18
 1046 0064 9742     		.uleb128 0x2117
 1047 0066 19       		.uleb128 0x19
 1048 0067 00       		.byte	0
 1049 0068 00       		.byte	0
 1050 0069 09       		.uleb128 0x9
 1051 006a 2E       		.uleb128 0x2e
 1052 006b 01       		.byte	0x1
 1053 006c 3F       		.uleb128 0x3f
 1054 006d 19       		.uleb128 0x19
 1055 006e 03       		.uleb128 0x3
 1056 006f 0E       		.uleb128 0xe
 1057 0070 3A       		.uleb128 0x3a
 1058 0071 0B       		.uleb128 0xb
 1059 0072 3B       		.uleb128 0x3b
 1060 0073 0B       		.uleb128 0xb
 1061 0074 11       		.uleb128 0x11
 1062 0075 01       		.uleb128 0x1
 1063 0076 12       		.uleb128 0x12
 1064 0077 06       		.uleb128 0x6
 1065 0078 40       		.uleb128 0x40
ARM GAS  C:\Users\Tim\AppData\Local\Temp\ccRw8GHf.s 			page 22


 1066 0079 18       		.uleb128 0x18
 1067 007a 9642     		.uleb128 0x2116
 1068 007c 19       		.uleb128 0x19
 1069 007d 01       		.uleb128 0x1
 1070 007e 13       		.uleb128 0x13
 1071 007f 00       		.byte	0
 1072 0080 00       		.byte	0
 1073 0081 0A       		.uleb128 0xa
 1074 0082 34       		.uleb128 0x34
 1075 0083 00       		.byte	0
 1076 0084 03       		.uleb128 0x3
 1077 0085 0E       		.uleb128 0xe
 1078 0086 3A       		.uleb128 0x3a
 1079 0087 0B       		.uleb128 0xb
 1080 0088 3B       		.uleb128 0x3b
 1081 0089 0B       		.uleb128 0xb
 1082 008a 49       		.uleb128 0x49
 1083 008b 13       		.uleb128 0x13
 1084 008c 02       		.uleb128 0x2
 1085 008d 17       		.uleb128 0x17
 1086 008e 00       		.byte	0
 1087 008f 00       		.byte	0
 1088 0090 0B       		.uleb128 0xb
 1089 0091 898201   		.uleb128 0x4109
 1090 0094 00       		.byte	0
 1091 0095 11       		.uleb128 0x11
 1092 0096 01       		.uleb128 0x1
 1093 0097 31       		.uleb128 0x31
 1094 0098 13       		.uleb128 0x13
 1095 0099 00       		.byte	0
 1096 009a 00       		.byte	0
 1097 009b 0C       		.uleb128 0xc
 1098 009c 34       		.uleb128 0x34
 1099 009d 00       		.byte	0
 1100 009e 03       		.uleb128 0x3
 1101 009f 0E       		.uleb128 0xe
 1102 00a0 3A       		.uleb128 0x3a
 1103 00a1 0B       		.uleb128 0xb
 1104 00a2 3B       		.uleb128 0x3b
 1105 00a3 0B       		.uleb128 0xb
 1106 00a4 49       		.uleb128 0x49
 1107 00a5 13       		.uleb128 0x13
 1108 00a6 02       		.uleb128 0x2
 1109 00a7 18       		.uleb128 0x18
 1110 00a8 00       		.byte	0
 1111 00a9 00       		.byte	0
 1112 00aa 0D       		.uleb128 0xd
 1113 00ab 0B       		.uleb128 0xb
 1114 00ac 01       		.byte	0x1
 1115 00ad 11       		.uleb128 0x11
 1116 00ae 01       		.uleb128 0x1
 1117 00af 12       		.uleb128 0x12
 1118 00b0 06       		.uleb128 0x6
 1119 00b1 01       		.uleb128 0x1
 1120 00b2 13       		.uleb128 0x13
 1121 00b3 00       		.byte	0
 1122 00b4 00       		.byte	0
ARM GAS  C:\Users\Tim\AppData\Local\Temp\ccRw8GHf.s 			page 23


 1123 00b5 0E       		.uleb128 0xe
 1124 00b6 34       		.uleb128 0x34
 1125 00b7 00       		.byte	0
 1126 00b8 03       		.uleb128 0x3
 1127 00b9 08       		.uleb128 0x8
 1128 00ba 3A       		.uleb128 0x3a
 1129 00bb 0B       		.uleb128 0xb
 1130 00bc 3B       		.uleb128 0x3b
 1131 00bd 0B       		.uleb128 0xb
 1132 00be 49       		.uleb128 0x49
 1133 00bf 13       		.uleb128 0x13
 1134 00c0 02       		.uleb128 0x2
 1135 00c1 18       		.uleb128 0x18
 1136 00c2 00       		.byte	0
 1137 00c3 00       		.byte	0
 1138 00c4 0F       		.uleb128 0xf
 1139 00c5 898201   		.uleb128 0x4109
 1140 00c8 01       		.byte	0x1
 1141 00c9 11       		.uleb128 0x11
 1142 00ca 01       		.uleb128 0x1
 1143 00cb 31       		.uleb128 0x31
 1144 00cc 13       		.uleb128 0x13
 1145 00cd 01       		.uleb128 0x1
 1146 00ce 13       		.uleb128 0x13
 1147 00cf 00       		.byte	0
 1148 00d0 00       		.byte	0
 1149 00d1 10       		.uleb128 0x10
 1150 00d2 8A8201   		.uleb128 0x410a
 1151 00d5 00       		.byte	0
 1152 00d6 02       		.uleb128 0x2
 1153 00d7 18       		.uleb128 0x18
 1154 00d8 9142     		.uleb128 0x2111
 1155 00da 18       		.uleb128 0x18
 1156 00db 00       		.byte	0
 1157 00dc 00       		.byte	0
 1158 00dd 11       		.uleb128 0x11
 1159 00de 898201   		.uleb128 0x4109
 1160 00e1 01       		.byte	0x1
 1161 00e2 11       		.uleb128 0x11
 1162 00e3 01       		.uleb128 0x1
 1163 00e4 31       		.uleb128 0x31
 1164 00e5 13       		.uleb128 0x13
 1165 00e6 00       		.byte	0
 1166 00e7 00       		.byte	0
 1167 00e8 12       		.uleb128 0x12
 1168 00e9 01       		.uleb128 0x1
 1169 00ea 01       		.byte	0x1
 1170 00eb 49       		.uleb128 0x49
 1171 00ec 13       		.uleb128 0x13
 1172 00ed 01       		.uleb128 0x1
 1173 00ee 13       		.uleb128 0x13
 1174 00ef 00       		.byte	0
 1175 00f0 00       		.byte	0
 1176 00f1 13       		.uleb128 0x13
 1177 00f2 21       		.uleb128 0x21
 1178 00f3 00       		.byte	0
 1179 00f4 49       		.uleb128 0x49
ARM GAS  C:\Users\Tim\AppData\Local\Temp\ccRw8GHf.s 			page 24


 1180 00f5 13       		.uleb128 0x13
 1181 00f6 2F       		.uleb128 0x2f
 1182 00f7 0B       		.uleb128 0xb
 1183 00f8 00       		.byte	0
 1184 00f9 00       		.byte	0
 1185 00fa 14       		.uleb128 0x14
 1186 00fb 34       		.uleb128 0x34
 1187 00fc 00       		.byte	0
 1188 00fd 03       		.uleb128 0x3
 1189 00fe 0E       		.uleb128 0xe
 1190 00ff 3A       		.uleb128 0x3a
 1191 0100 0B       		.uleb128 0xb
 1192 0101 3B       		.uleb128 0x3b
 1193 0102 05       		.uleb128 0x5
 1194 0103 49       		.uleb128 0x49
 1195 0104 13       		.uleb128 0x13
 1196 0105 3F       		.uleb128 0x3f
 1197 0106 19       		.uleb128 0x19
 1198 0107 3C       		.uleb128 0x3c
 1199 0108 19       		.uleb128 0x19
 1200 0109 00       		.byte	0
 1201 010a 00       		.byte	0
 1202 010b 15       		.uleb128 0x15
 1203 010c 35       		.uleb128 0x35
 1204 010d 00       		.byte	0
 1205 010e 49       		.uleb128 0x49
 1206 010f 13       		.uleb128 0x13
 1207 0110 00       		.byte	0
 1208 0111 00       		.byte	0
 1209 0112 16       		.uleb128 0x16
 1210 0113 2E       		.uleb128 0x2e
 1211 0114 01       		.byte	0x1
 1212 0115 3F       		.uleb128 0x3f
 1213 0116 19       		.uleb128 0x19
 1214 0117 03       		.uleb128 0x3
 1215 0118 0E       		.uleb128 0xe
 1216 0119 3A       		.uleb128 0x3a
 1217 011a 0B       		.uleb128 0xb
 1218 011b 3B       		.uleb128 0x3b
 1219 011c 0B       		.uleb128 0xb
 1220 011d 49       		.uleb128 0x49
 1221 011e 13       		.uleb128 0x13
 1222 011f 3C       		.uleb128 0x3c
 1223 0120 19       		.uleb128 0x19
 1224 0121 01       		.uleb128 0x1
 1225 0122 13       		.uleb128 0x13
 1226 0123 00       		.byte	0
 1227 0124 00       		.byte	0
 1228 0125 17       		.uleb128 0x17
 1229 0126 18       		.uleb128 0x18
 1230 0127 00       		.byte	0
 1231 0128 00       		.byte	0
 1232 0129 00       		.byte	0
 1233 012a 18       		.uleb128 0x18
 1234 012b 2E       		.uleb128 0x2e
 1235 012c 01       		.byte	0x1
 1236 012d 3F       		.uleb128 0x3f
ARM GAS  C:\Users\Tim\AppData\Local\Temp\ccRw8GHf.s 			page 25


 1237 012e 19       		.uleb128 0x19
 1238 012f 03       		.uleb128 0x3
 1239 0130 08       		.uleb128 0x8
 1240 0131 3A       		.uleb128 0x3a
 1241 0132 0B       		.uleb128 0xb
 1242 0133 3B       		.uleb128 0x3b
 1243 0134 0B       		.uleb128 0xb
 1244 0135 27       		.uleb128 0x27
 1245 0136 19       		.uleb128 0x19
 1246 0137 49       		.uleb128 0x49
 1247 0138 13       		.uleb128 0x13
 1248 0139 3C       		.uleb128 0x3c
 1249 013a 19       		.uleb128 0x19
 1250 013b 01       		.uleb128 0x1
 1251 013c 13       		.uleb128 0x13
 1252 013d 00       		.byte	0
 1253 013e 00       		.byte	0
 1254 013f 19       		.uleb128 0x19
 1255 0140 05       		.uleb128 0x5
 1256 0141 00       		.byte	0
 1257 0142 49       		.uleb128 0x49
 1258 0143 13       		.uleb128 0x13
 1259 0144 00       		.byte	0
 1260 0145 00       		.byte	0
 1261 0146 1A       		.uleb128 0x1a
 1262 0147 2E       		.uleb128 0x2e
 1263 0148 01       		.byte	0x1
 1264 0149 3F       		.uleb128 0x3f
 1265 014a 19       		.uleb128 0x19
 1266 014b 03       		.uleb128 0x3
 1267 014c 0E       		.uleb128 0xe
 1268 014d 3A       		.uleb128 0x3a
 1269 014e 0B       		.uleb128 0xb
 1270 014f 3B       		.uleb128 0x3b
 1271 0150 0B       		.uleb128 0xb
 1272 0151 27       		.uleb128 0x27
 1273 0152 19       		.uleb128 0x19
 1274 0153 49       		.uleb128 0x49
 1275 0154 13       		.uleb128 0x13
 1276 0155 3C       		.uleb128 0x3c
 1277 0156 19       		.uleb128 0x19
 1278 0157 01       		.uleb128 0x1
 1279 0158 13       		.uleb128 0x13
 1280 0159 00       		.byte	0
 1281 015a 00       		.byte	0
 1282 015b 1B       		.uleb128 0x1b
 1283 015c 2E       		.uleb128 0x2e
 1284 015d 01       		.byte	0x1
 1285 015e 3F       		.uleb128 0x3f
 1286 015f 19       		.uleb128 0x19
 1287 0160 03       		.uleb128 0x3
 1288 0161 0E       		.uleb128 0xe
 1289 0162 3A       		.uleb128 0x3a
 1290 0163 0B       		.uleb128 0xb
 1291 0164 3B       		.uleb128 0x3b
 1292 0165 0B       		.uleb128 0xb
 1293 0166 27       		.uleb128 0x27
ARM GAS  C:\Users\Tim\AppData\Local\Temp\ccRw8GHf.s 			page 26


 1294 0167 19       		.uleb128 0x19
 1295 0168 3C       		.uleb128 0x3c
 1296 0169 19       		.uleb128 0x19
 1297 016a 01       		.uleb128 0x1
 1298 016b 13       		.uleb128 0x13
 1299 016c 00       		.byte	0
 1300 016d 00       		.byte	0
 1301 016e 1C       		.uleb128 0x1c
 1302 016f 2E       		.uleb128 0x2e
 1303 0170 01       		.byte	0x1
 1304 0171 3F       		.uleb128 0x3f
 1305 0172 19       		.uleb128 0x19
 1306 0173 03       		.uleb128 0x3
 1307 0174 0E       		.uleb128 0xe
 1308 0175 3A       		.uleb128 0x3a
 1309 0176 0B       		.uleb128 0xb
 1310 0177 3B       		.uleb128 0x3b
 1311 0178 0B       		.uleb128 0xb
 1312 0179 27       		.uleb128 0x27
 1313 017a 19       		.uleb128 0x19
 1314 017b 3C       		.uleb128 0x3c
 1315 017c 19       		.uleb128 0x19
 1316 017d 00       		.byte	0
 1317 017e 00       		.byte	0
 1318 017f 00       		.byte	0
 1319              		.section	.debug_loc,"",%progbits
 1320              	.Ldebug_loc0:
 1321              	.LLST0:
 1322 0000 0A000000 		.4byte	.LVL1
 1323 0004 0D000000 		.4byte	.LVL2-1
 1324 0008 0100     		.2byte	0x1
 1325 000a 50       		.byte	0x50
 1326 000b 0D000000 		.4byte	.LVL2-1
 1327 000f DE000000 		.4byte	.LVL38
 1328 0013 0100     		.2byte	0x1
 1329 0015 5A       		.byte	0x5a
 1330 0016 00000000 		.4byte	0
 1331 001a 00000000 		.4byte	0
 1332              	.LLST1:
 1333 001e 10000000 		.4byte	.LVL3
 1334 0022 13000000 		.4byte	.LVL4-1
 1335 0026 0100     		.2byte	0x1
 1336 0028 50       		.byte	0x50
 1337 0029 13000000 		.4byte	.LVL4-1
 1338 002d DE000000 		.4byte	.LVL38
 1339 0031 0100     		.2byte	0x1
 1340 0033 5B       		.byte	0x5b
 1341 0034 00000000 		.4byte	0
 1342 0038 00000000 		.4byte	0
 1343              	.LLST2:
 1344 003c 16000000 		.4byte	.LVL5
 1345 0040 19000000 		.4byte	.LVL6-1
 1346 0044 0100     		.2byte	0x1
 1347 0046 50       		.byte	0x50
 1348 0047 19000000 		.4byte	.LVL6-1
 1349 004b 6A000000 		.4byte	.LVL20
 1350 004f 0100     		.2byte	0x1
ARM GAS  C:\Users\Tim\AppData\Local\Temp\ccRw8GHf.s 			page 27


 1351 0051 57       		.byte	0x57
 1352 0052 00000000 		.4byte	0
 1353 0056 00000000 		.4byte	0
 1354              	.LLST3:
 1355 005a 1A000000 		.4byte	.LVL6
 1356 005e 2A000000 		.4byte	.LVL9
 1357 0062 0100     		.2byte	0x1
 1358 0064 50       		.byte	0x50
 1359 0065 2A000000 		.4byte	.LVL9
 1360 0069 2D000000 		.4byte	.LVL10-1
 1361 006d 0500     		.2byte	0x5
 1362 006f 03       		.byte	0x3
 1363 0070 04000000 		.4byte	last_right_count
 1364 0074 00000000 		.4byte	0
 1365 0078 00000000 		.4byte	0
 1366              	.LLST4:
 1367 007c 20000000 		.4byte	.LVL7
 1368 0080 68000000 		.4byte	.LVL19
 1369 0084 0100     		.2byte	0x1
 1370 0086 56       		.byte	0x56
 1371 0087 00000000 		.4byte	0
 1372 008b 00000000 		.4byte	0
 1373              	.LLST5:
 1374 008f 24000000 		.4byte	.LVL8
 1375 0093 8A000000 		.4byte	.LVL25
 1376 0097 0100     		.2byte	0x1
 1377 0099 55       		.byte	0x55
 1378 009a 00000000 		.4byte	0
 1379 009e 00000000 		.4byte	0
 1380              	.LLST6:
 1381 00a2 3C000000 		.4byte	.LVL12
 1382 00a6 41000000 		.4byte	.LVL13-1
 1383 00aa 0100     		.2byte	0x1
 1384 00ac 50       		.byte	0x50
 1385 00ad 00000000 		.4byte	0
 1386 00b1 00000000 		.4byte	0
 1387              	.LLST7:
 1388 00b5 62000000 		.4byte	.LVL17
 1389 00b9 65000000 		.4byte	.LVL18-1
 1390 00bd 0100     		.2byte	0x1
 1391 00bf 50       		.byte	0x50
 1392 00c0 00000000 		.4byte	0
 1393 00c4 00000000 		.4byte	0
 1394              	.LLST8:
 1395 00c8 8A000000 		.4byte	.LVL25
 1396 00cc 8C000000 		.4byte	.LVL26
 1397 00d0 0100     		.2byte	0x1
 1398 00d2 50       		.byte	0x50
 1399 00d3 8C000000 		.4byte	.LVL26
 1400 00d7 DE000000 		.4byte	.LVL38
 1401 00db 0100     		.2byte	0x1
 1402 00dd 55       		.byte	0x55
 1403 00de 00000000 		.4byte	0
 1404 00e2 00000000 		.4byte	0
 1405              	.LLST9:
 1406 00e6 A4000000 		.4byte	.LVL30
 1407 00ea A6000000 		.4byte	.LVL31
ARM GAS  C:\Users\Tim\AppData\Local\Temp\ccRw8GHf.s 			page 28


 1408 00ee 0100     		.2byte	0x1
 1409 00f0 50       		.byte	0x50
 1410 00f1 A6000000 		.4byte	.LVL31
 1411 00f5 DE000000 		.4byte	.LVL38
 1412 00f9 0100     		.2byte	0x1
 1413 00fb 56       		.byte	0x56
 1414 00fc 00000000 		.4byte	0
 1415 0100 00000000 		.4byte	0
 1416              	.LLST10:
 1417 0104 0E000000 		.4byte	.LVL40
 1418 0108 52000000 		.4byte	.LVL48
 1419 010c 0100     		.2byte	0x1
 1420 010e 54       		.byte	0x54
 1421 010f 00000000 		.4byte	0
 1422 0113 00000000 		.4byte	0
 1423              		.section	.debug_aranges,"",%progbits
 1424 0000 34000000 		.4byte	0x34
 1425 0004 0200     		.2byte	0x2
 1426 0006 00000000 		.4byte	.Ldebug_info0
 1427 000a 04       		.byte	0x4
 1428 000b 00       		.byte	0
 1429 000c 0000     		.2byte	0
 1430 000e 0000     		.2byte	0
 1431 0010 00000000 		.4byte	.LFB63
 1432 0014 20000000 		.4byte	.LFE63-.LFB63
 1433 0018 00000000 		.4byte	.LFB64
 1434 001c 02000000 		.4byte	.LFE64-.LFB64
 1435 0020 00000000 		.4byte	.LFB65
 1436 0024 FC000000 		.4byte	.LFE65-.LFB65
 1437 0028 00000000 		.4byte	.LFB66
 1438 002c 78000000 		.4byte	.LFE66-.LFB66
 1439 0030 00000000 		.4byte	0
 1440 0034 00000000 		.4byte	0
 1441              		.section	.debug_ranges,"",%progbits
 1442              	.Ldebug_ranges0:
 1443 0000 00000000 		.4byte	.LFB63
 1444 0004 20000000 		.4byte	.LFE63
 1445 0008 00000000 		.4byte	.LFB64
 1446 000c 02000000 		.4byte	.LFE64
 1447 0010 00000000 		.4byte	.LFB65
 1448 0014 FC000000 		.4byte	.LFE65
 1449 0018 00000000 		.4byte	.LFB66
 1450 001c 78000000 		.4byte	.LFE66
 1451 0020 00000000 		.4byte	0
 1452 0024 00000000 		.4byte	0
 1453              		.section	.debug_line,"",%progbits
 1454              	.Ldebug_line0:
 1455 0000 12020000 		.section	.debug_str,"MS",%progbits,1
 1455      0200A101 
 1455      00000201 
 1455      FB0E0D00 
 1455      01010101 
 1456              	.LASF31:
 1457 0000 64656C74 		.ascii	"delta_y_dist\000"
 1457      615F795F 
 1457      64697374 
 1457      00
ARM GAS  C:\Users\Tim\AppData\Local\Temp\ccRw8GHf.s 			page 29


 1458              	.LASF56:
 1459 000d 4932635F 		.ascii	"I2c_WriteOdom\000"
 1459      57726974 
 1459      654F646F 
 1459      6D00
 1460              	.LASF47:
 1461 001b 456E636F 		.ascii	"Encoder_RightGetCount\000"
 1461      6465725F 
 1461      52696768 
 1461      74476574 
 1461      436F756E 
 1462              	.LASF26:
 1463 0031 64656C74 		.ascii	"delta_left_count\000"
 1463      615F6C65 
 1463      66745F63 
 1463      6F756E74 
 1463      00
 1464              	.LASF10:
 1465 0042 5F5F696E 		.ascii	"__int32_t\000"
 1465      7433325F 
 1465      7400
 1466              	.LASF4:
 1467 004c 73686F72 		.ascii	"short unsigned int\000"
 1467      7420756E 
 1467      7369676E 
 1467      65642069 
 1467      6E7400
 1468              	.LASF44:
 1469 005f 456E636F 		.ascii	"Encoder_LeftGetMmPerSec\000"
 1469      6465725F 
 1469      4C656674 
 1469      4765744D 
 1469      6D506572 
 1470              	.LASF54:
 1471 0077 443A5C70 		.ascii	"D:\\projects\\ArloBot\\arlobot_freesoc\\freesoc.cyd"
 1471      726F6A65 
 1471      6374735C 
 1471      41726C6F 
 1471      426F745C 
 1472 00a6 736E00   		.ascii	"sn\000"
 1473              	.LASF42:
 1474 00a9 6C696E65 		.ascii	"linear_speed\000"
 1474      61725F73 
 1474      70656564 
 1474      00
 1475              	.LASF15:
 1476 00b6 646F7562 		.ascii	"double\000"
 1476      6C6500
 1477              	.LASF38:
 1478 00bd 6C617374 		.ascii	"last_right_count\000"
 1478      5F726967 
 1478      68745F63 
 1478      6F756E74 
 1478      00
 1479              	.LASF0:
 1480 00ce 666C6F61 		.ascii	"float\000"
 1480      7400
ARM GAS  C:\Users\Tim\AppData\Local\Temp\ccRw8GHf.s 			page 30


 1481              	.LASF25:
 1482 00d4 72696768 		.ascii	"right_count\000"
 1482      745F636F 
 1482      756E7400 
 1483              	.LASF35:
 1484 00e0 6F646F6D 		.ascii	"odom_sched_offset_applied\000"
 1484      5F736368 
 1484      65645F6F 
 1484      66667365 
 1484      745F6170 
 1485              	.LASF2:
 1486 00fa 756E7369 		.ascii	"unsigned char\000"
 1486      676E6564 
 1486      20636861 
 1486      7200
 1487              	.LASF16:
 1488 0108 63686172 		.ascii	"char8\000"
 1488      3800
 1489              	.LASF37:
 1490 010e 6C617374 		.ascii	"last_left_count\000"
 1490      5F6C6566 
 1490      745F636F 
 1490      756E7400 
 1491              	.LASF14:
 1492 011e 696E7433 		.ascii	"int32\000"
 1492      3200
 1493              	.LASF40:
 1494 0124 785F6469 		.ascii	"x_dist\000"
 1494      737400
 1495              	.LASF55:
 1496 012b 49544D5F 		.ascii	"ITM_RxBuffer\000"
 1496      52784275 
 1496      66666572 
 1496      00
 1497              	.LASF39:
 1498 0138 68656164 		.ascii	"heading\000"
 1498      696E6700 
 1499              	.LASF6:
 1500 0140 6C6F6E67 		.ascii	"long unsigned int\000"
 1500      20756E73 
 1500      69676E65 
 1500      6420696E 
 1500      7400
 1501              	.LASF49:
 1502 0152 55415254 		.ascii	"UART_Debug_PutString\000"
 1502      5F446562 
 1502      75675F50 
 1502      75745374 
 1502      72696E67 
 1503              	.LASF34:
 1504 0167 6C617374 		.ascii	"last_odom_time\000"
 1504      5F6F646F 
 1504      6D5F7469 
 1504      6D6500
 1505              	.LASF21:
 1506 0176 4F646F6D 		.ascii	"Odom_Start\000"
 1506      5F537461 
ARM GAS  C:\Users\Tim\AppData\Local\Temp\ccRw8GHf.s 			page 31


 1506      727400
 1507              	.LASF22:
 1508 0181 6C656674 		.ascii	"left_speed\000"
 1508      5F737065 
 1508      656400
 1509              	.LASF32:
 1510 018c 63616C63 		.ascii	"calc_odom\000"
 1510      5F6F646F 
 1510      6D00
 1511              	.LASF13:
 1512 0196 75696E74 		.ascii	"uint32\000"
 1512      333200
 1513              	.LASF52:
 1514 019d 474E5520 		.ascii	"GNU C 4.9.3 20150303 (release) [ARM/embedded-4_9-br"
 1514      4320342E 
 1514      392E3320 
 1514      32303135 
 1514      30333033 
 1515 01d0 616E6368 		.ascii	"anch revision 221220] -mcpu=cortex-m3 -mthumb -g -O"
 1515      20726576 
 1515      6973696F 
 1515      6E203232 
 1515      31323230 
 1516 0203 67202D66 		.ascii	"g -ffunction-sections -ffat-lto-objects\000"
 1516      66756E63 
 1516      74696F6E 
 1516      2D736563 
 1516      74696F6E 
 1517              	.LASF9:
 1518 022b 756E7369 		.ascii	"unsigned int\000"
 1518      676E6564 
 1518      20696E74 
 1518      00
 1519              	.LASF29:
 1520 0238 64656C74 		.ascii	"delta_dist\000"
 1520      615F6469 
 1520      737400
 1521              	.LASF27:
 1522 0243 64656C74 		.ascii	"delta_right_count\000"
 1522      615F7269 
 1522      6768745F 
 1522      636F756E 
 1522      7400
 1523              	.LASF28:
 1524 0255 64656C74 		.ascii	"delta_heading\000"
 1524      615F6865 
 1524      6164696E 
 1524      6700
 1525              	.LASF8:
 1526 0263 6C6F6E67 		.ascii	"long long unsigned int\000"
 1526      206C6F6E 
 1526      6720756E 
 1526      7369676E 
 1526      65642069 
 1527              	.LASF43:
 1528 027a 616E6775 		.ascii	"angular_speed\000"
 1528      6C61725F 
ARM GAS  C:\Users\Tim\AppData\Local\Temp\ccRw8GHf.s 			page 32


 1528      73706565 
 1528      6400
 1529              	.LASF30:
 1530 0288 64656C74 		.ascii	"delta_x_dist\000"
 1530      615F785F 
 1530      64697374 
 1530      00
 1531              	.LASF11:
 1532 0295 696E7433 		.ascii	"int32_t\000"
 1532      325F7400 
 1533              	.LASF36:
 1534 029d 64656C74 		.ascii	"delta_time\000"
 1534      615F7469 
 1534      6D6500
 1535              	.LASF18:
 1536 02a8 73697A65 		.ascii	"sizetype\000"
 1536      74797065 
 1536      00
 1537              	.LASF7:
 1538 02b1 6C6F6E67 		.ascii	"long long int\000"
 1538      206C6F6E 
 1538      6720696E 
 1538      7400
 1539              	.LASF41:
 1540 02bf 795F6469 		.ascii	"y_dist\000"
 1540      737400
 1541              	.LASF17:
 1542 02c6 63686172 		.ascii	"char\000"
 1542      00
 1543              	.LASF20:
 1544 02cb 4F646F6D 		.ascii	"Odom_Init\000"
 1544      5F496E69 
 1544      7400
 1545              	.LASF45:
 1546 02d5 456E636F 		.ascii	"Encoder_RightGetMmPerSec\000"
 1546      6465725F 
 1546      52696768 
 1546      74476574 
 1546      4D6D5065 
 1547              	.LASF24:
 1548 02ee 6C656674 		.ascii	"left_count\000"
 1548      5F636F75 
 1548      6E7400
 1549              	.LASF33:
 1550 02f9 4F646F6D 		.ascii	"Odom_Update\000"
 1550      5F557064 
 1550      61746500 
 1551              	.LASF12:
 1552 0305 75696E74 		.ascii	"uint8\000"
 1552      3800
 1553              	.LASF3:
 1554 030b 73686F72 		.ascii	"short int\000"
 1554      7420696E 
 1554      7400
 1555              	.LASF5:
 1556 0315 6C6F6E67 		.ascii	"long int\000"
 1556      20696E74 
ARM GAS  C:\Users\Tim\AppData\Local\Temp\ccRw8GHf.s 			page 33


 1556      00
 1557              	.LASF50:
 1558 031e 6D696C6C 		.ascii	"millis\000"
 1558      697300
 1559              	.LASF19:
 1560 0325 6C6F6E67 		.ascii	"long double\000"
 1560      20646F75 
 1560      626C6500 
 1561              	.LASF53:
 1562 0331 2E2E5C73 		.ascii	"..\\source\\odom.c\000"
 1562      6F757263 
 1562      655C6F64 
 1562      6F6D2E63 
 1562      00
 1563              	.LASF1:
 1564 0342 7369676E 		.ascii	"signed char\000"
 1564      65642063 
 1564      68617200 
 1565              	.LASF48:
 1566 034e 73707269 		.ascii	"sprintf\000"
 1566      6E746600 
 1567              	.LASF51:
 1568 0356 43794465 		.ascii	"CyDelay\000"
 1568      6C617900 
 1569              	.LASF23:
 1570 035e 72696768 		.ascii	"right_speed\000"
 1570      745F7370 
 1570      65656400 
 1571              	.LASF46:
 1572 036a 456E636F 		.ascii	"Encoder_LeftGetCount\000"
 1572      6465725F 
 1572      4C656674 
 1572      47657443 
 1572      6F756E74 
 1573              		.ident	"GCC: (GNU Tools for ARM Embedded Processors) 4.9.3 20150303 (release) [ARM/embedded-4_9-br
