ARM GAS  C:\Users\Tim\AppData\Local\Temp\ccfwfD1c.s 			page 1


   1              		.syntax unified
   2              		.cpu cortex-m3
   3              		.fpu softvfp
   4              		.eabi_attribute 20, 1
   5              		.eabi_attribute 21, 1
   6              		.eabi_attribute 23, 3
   7              		.eabi_attribute 24, 1
   8              		.eabi_attribute 25, 1
   9              		.eabi_attribute 26, 1
  10              		.eabi_attribute 30, 1
  11              		.eabi_attribute 34, 1
  12              		.eabi_attribute 18, 4
  13              		.thumb
  14              		.file	"pid.c"
  15              		.text
  16              	.Ltext0:
  17              		.cfi_sections	.debug_frame
  18              		.global	__aeabi_fcmpgt
  19              		.global	__aeabi_f2d
  20              		.global	__aeabi_ddiv
  21              		.global	__aeabi_dcmplt
  22              		.global	__aeabi_d2f
  23              		.global	__aeabi_fcmplt
  24              		.global	__aeabi_i2f
  25              		.global	__aeabi_fmul
  26              		.section	.text.ProcessPid,"ax",%progbits
  27              		.align	2
  28              		.thumb
  29              		.thumb_func
  30              		.type	ProcessPid, %function
  31              	ProcessPid:
  32              	.LFB65:
  33              		.file 1 "..\\source\\pid.c"
   1:..\source/pid.c **** /* ========================================
   2:..\source/pid.c ****  *
   3:..\source/pid.c ****  * Copyright YOUR COMPANY, THE YEAR
   4:..\source/pid.c ****  * All Rights Reserved
   5:..\source/pid.c ****  * UNPUBLISHED, LICENSED SOFTWARE.
   6:..\source/pid.c ****  *
   7:..\source/pid.c ****  * CONFIDENTIAL AND PROPRIETARY INFORMATION
   8:..\source/pid.c ****  * WHICH IS THE PROPERTY OF your company.
   9:..\source/pid.c ****  *
  10:..\source/pid.c ****  * ========================================
  11:..\source/pid.c **** */
  12:..\source/pid.c **** 
  13:..\source/pid.c **** #include <stdio.h>
  14:..\source/pid.c **** #include "config.h"
  15:..\source/pid.c **** #include "pid.h"
  16:..\source/pid.c **** #include "time.h"
  17:..\source/pid.c **** #include "utils.h"
  18:..\source/pid.c **** #include "encoder.h"
  19:..\source/pid.c **** #include "motor.h"
  20:..\source/pid.c **** #include "pid_controller.h"
  21:..\source/pid.c **** #include "diag.h"
  22:..\source/pid.c **** #include "debug.h"
  23:..\source/pid.c **** 
  24:..\source/pid.c **** #ifdef LEFT_PID_DUMP_ENABLED
ARM GAS  C:\Users\Tim\AppData\Local\Temp\ccfwfD1c.s 			page 2


  25:..\source/pid.c **** #define LEFT_DUMP_PID(pid)  DumpPid(pid)
  26:..\source/pid.c **** #else
  27:..\source/pid.c **** #define LEFT_DUMP_PID(pid)
  28:..\source/pid.c **** #endif
  29:..\source/pid.c **** 
  30:..\source/pid.c **** #ifdef RIGHT_PID_DUMP_ENABLED
  31:..\source/pid.c **** #define RIGHT_DUMP_PID(pid)  DumpPid(pid)
  32:..\source/pid.c **** #else
  33:..\source/pid.c **** #define RIGHT_DUMP_PID(pid)
  34:..\source/pid.c **** #endif
  35:..\source/pid.c **** 
  36:..\source/pid.c **** #ifdef PID_UPDATE_DELTA_ENABLED
  37:..\source/pid.c **** #define PID_DEBUG_DELTA(delta)  DEBUG_DELTA_TIME("pid", delta)
  38:..\source/pid.c **** #else
  39:..\source/pid.c **** #define PID_DEBUG_DELTA(delta)
  40:..\source/pid.c **** #endif
  41:..\source/pid.c **** 
  42:..\source/pid.c **** 
  43:..\source/pid.c **** 
  44:..\source/pid.c **** #define PID_SAMPLE_TIME_MS  SAMPLE_TIME_MS(PID_SAMPLE_RATE)
  45:..\source/pid.c **** #define PID_SAMPLE_TIME_SEC SAMPLE_TIME_SEC(PID_SAMPLE_RATE)
  46:..\source/pid.c **** 
  47:..\source/pid.c **** #define PID_MIN (0)
  48:..\source/pid.c **** #define PID_MAX (300)
  49:..\source/pid.c **** 
  50:..\source/pid.c **** typedef struct _pid_tag
  51:..\source/pid.c **** {
  52:..\source/pid.c ****     char name[6];
  53:..\source/pid.c ****     PIDControl pid;
  54:..\source/pid.c ****     GET_TARGET_TYPE get_target;
  55:..\source/pid.c ****     GET_ENCODER_TYPE get_encoder;
  56:..\source/pid.c ****     SET_MOTOR_TYPE set_motor;
  57:..\source/pid.c ****     GET_MOTOR_PWM_TYPE get_pwm;
  58:..\source/pid.c **** } PID_TYPE;
  59:..\source/pid.c **** 
  60:..\source/pid.c **** #define DEFAULT_KP (5)
  61:..\source/pid.c **** #define DEFAULT_KI (2.2)
  62:..\source/pid.c **** #define DEFAULT_KD (0.67)
  63:..\source/pid.c **** 
  64:..\source/pid.c **** 
  65:..\source/pid.c **** #define TUNE_KP (6.0)
  66:..\source/pid.c **** #define TUNE_KI (2.2)
  67:..\source/pid.c **** #define TUNE_KD (0.65)
  68:..\source/pid.c **** 
  69:..\source/pid.c **** #define left_kp (TUNE_KP)
  70:..\source/pid.c **** #define left_ki (TUNE_KI)
  71:..\source/pid.c **** #define left_kd (TUNE_KD)
  72:..\source/pid.c **** 
  73:..\source/pid.c **** #define right_kp (TUNE_KP)
  74:..\source/pid.c **** #define right_ki (TUNE_KI)
  75:..\source/pid.c **** #define right_kd (TUNE_KD)
  76:..\source/pid.c **** 
  77:..\source/pid.c **** static PID_TYPE left_pid = { 
  78:..\source/pid.c ****     /* name */          "left",
  79:..\source/pid.c ****     /* pid */           {0, 0, 0, 0, 0, 0, 0, 0, 0, 0, 0, 0, 0, 0, DIRECT, AUTOMATIC},
  80:..\source/pid.c ****     /* get_target */    0,
  81:..\source/pid.c ****     /* get_encoder */   Encoder_LeftGetCntsPerSec,
ARM GAS  C:\Users\Tim\AppData\Local\Temp\ccfwfD1c.s 			page 3


  82:..\source/pid.c ****     /* set_motor */     Motor_LeftSetCntsPerSec,
  83:..\source/pid.c ****     /* get_pwm */       Motor_LeftGetPwm
  84:..\source/pid.c **** };
  85:..\source/pid.c **** 
  86:..\source/pid.c **** static PID_TYPE right_pid = { 
  87:..\source/pid.c ****     /* name */          "right",
  88:..\source/pid.c ****     /* pid */           {0, 0, 0, 0, 0, 0, 0, 0, 0, 0, 0, 0, 0, 0, DIRECT, AUTOMATIC},
  89:..\source/pid.c ****     /* get_target */    0,    
  90:..\source/pid.c ****     /* get_encoder */   Encoder_RightGetCntsPerSec,
  91:..\source/pid.c ****     /* set_motor */     Motor_RightSetCntsPerSec,
  92:..\source/pid.c ****     /* get_pwm */       Motor_RightGetPwm
  93:..\source/pid.c **** };
  94:..\source/pid.c **** 
  95:..\source/pid.c **** #if defined (LEFT_PID_DUMP_ENABLED) || defined(RIGHT_PID_DUMP_ENABLED)
  96:..\source/pid.c **** static void DumpPid(PID_TYPE *pid)
  97:..\source/pid.c **** {
  98:..\source/pid.c ****     char set_point_str[10];
  99:..\source/pid.c ****     char input_str[10];
 100:..\source/pid.c ****     char error_str[10];
 101:..\source/pid.c ****     char last_input_str[10];
 102:..\source/pid.c ****     char iterm_str[10];
 103:..\source/pid.c ****     char output_str[10];
 104:..\source/pid.c **** 
 105:..\source/pid.c ****     ftoa(pid->pid.setpoint, set_point_str, 3);
 106:..\source/pid.c ****     ftoa(pid->pid.input, input_str, 3);
 107:..\source/pid.c ****     ftoa(pid->pid.setpoint - pid->pid.input, error_str, 6);
 108:..\source/pid.c ****     ftoa(pid->pid.lastInput, last_input_str, 3);
 109:..\source/pid.c ****     ftoa(pid->pid.iTerm, iterm_str, 6);
 110:..\source/pid.c ****     ftoa(pid->pid.output, output_str, 6);
 111:..\source/pid.c **** 
 112:..\source/pid.c ****     DEBUG_PRINT_STR("%s pid: %s %s %s %s %s %s %d \r\n", pid->name, set_point_str, input_str, error
 113:..\source/pid.c **** }
 114:..\source/pid.c **** #endif
 115:..\source/pid.c **** 
 116:..\source/pid.c **** void Pid_Init(GET_TARGET_TYPE left_target, GET_TARGET_TYPE right_target)
 117:..\source/pid.c **** {
 118:..\source/pid.c ****     left_pid.get_target = left_target;
 119:..\source/pid.c ****     right_pid.get_target = right_target;
 120:..\source/pid.c ****     
 121:..\source/pid.c ****     PIDInit(&left_pid.pid, left_kp, left_ki, left_kd, PID_SAMPLE_TIME_SEC, PID_MIN, PID_MAX, AUTOMA
 122:..\source/pid.c ****     PIDInit(&right_pid.pid, right_kp, right_ki, right_kd, PID_SAMPLE_TIME_SEC, PID_MIN, PID_MAX, AU
 123:..\source/pid.c **** }
 124:..\source/pid.c ****     
 125:..\source/pid.c **** void Pid_Start()
 126:..\source/pid.c **** {
 127:..\source/pid.c **** }
 128:..\source/pid.c **** 
 129:..\source/pid.c **** static void ProcessPid(PID_TYPE *pid)
 130:..\source/pid.c **** {
  34              		.loc 1 130 0
  35              		.cfi_startproc
  36              		@ args = 0, pretend = 0, frame = 0
  37              		@ frame_needed = 0, uses_anonymous_args = 0
  38              	.LVL0:
  39 0000 2DE9F047 		push	{r4, r5, r6, r7, r8, r9, r10, lr}
  40              		.cfi_def_cfa_offset 32
  41              		.cfi_offset 4, -32
ARM GAS  C:\Users\Tim\AppData\Local\Temp\ccfwfD1c.s 			page 4


  42              		.cfi_offset 5, -28
  43              		.cfi_offset 6, -24
  44              		.cfi_offset 7, -20
  45              		.cfi_offset 8, -16
  46              		.cfi_offset 9, -12
  47              		.cfi_offset 10, -8
  48              		.cfi_offset 14, -4
  49 0004 0546     		mov	r5, r0
 131:..\source/pid.c ****     float tgt_speed;
 132:..\source/pid.c ****     int8 dir;
 133:..\source/pid.c ****     float enc_speed;
 134:..\source/pid.c ****     
 135:..\source/pid.c ****     tgt_speed = pid->get_target();
  50              		.loc 1 135 0
  51 0006 436C     		ldr	r3, [r0, #68]
  52 0008 9847     		blx	r3
  53              	.LVL1:
  54 000a 8146     		mov	r9, r0
  55              	.LVL2:
 136:..\source/pid.c ****     dir = tgt_speed > 0 ? 1 : -1;
  56              		.loc 1 136 0
  57 000c 0021     		movs	r1, #0
  58 000e FFF7FEFF 		bl	__aeabi_fcmpgt
  59              	.LVL3:
  60 0012 10B1     		cbz	r0, .L14
  61 0014 4FF0010A 		mov	r10, #1
  62 0018 01E0     		b	.L2
  63              	.L14:
  64 001a 4FF0FF0A 		mov	r10, #255
  65              	.L2:
  66              	.LVL4:
 137:..\source/pid.c ****     
 138:..\source/pid.c ****     enc_speed = pid->get_encoder();
  67              		.loc 1 138 0 discriminator 4
  68 001e AB6C     		ldr	r3, [r5, #72]
  69 0020 9847     		blx	r3
  70              	.LVL5:
  71 0022 0446     		mov	r4, r0
  72              	.LVL6:
 139:..\source/pid.c ****     
 140:..\source/pid.c ****     PIDSetpointSet(&pid->pid, abs(tgt_speed / METER_PER_COUNT));
  73              		.loc 1 140 0 discriminator 4
  74 0024 05F10808 		add	r8, r5, #8
  75 0028 4846     		mov	r0, r9
  76              	.LVL7:
  77 002a FFF7FEFF 		bl	__aeabi_f2d
  78              	.LVL8:
  79 002e 1EA3     		adr	r3, .L17
  80 0030 D3E90023 		ldrd	r2, [r3]
  81 0034 FFF7FEFF 		bl	__aeabi_ddiv
  82              	.LVL9:
  83 0038 0646     		mov	r6, r0
  84 003a 0F46     		mov	r7, r1
  85 003c 0022     		movs	r2, #0
  86 003e 0023     		movs	r3, #0
  87 0040 FFF7FEFF 		bl	__aeabi_dcmplt
  88              	.LVL10:
ARM GAS  C:\Users\Tim\AppData\Local\Temp\ccfwfD1c.s 			page 5


  89 0044 50B1     		cbz	r0, .L4
  90              		.loc 1 140 0 is_stmt 0 discriminator 1
  91 0046 09F10040 		add	r0, r9, #-2147483648
  92 004a FFF7FEFF 		bl	__aeabi_f2d
  93              	.LVL11:
  94 004e 16A3     		adr	r3, .L17
  95 0050 D3E90023 		ldrd	r2, [r3]
  96 0054 FFF7FEFF 		bl	__aeabi_ddiv
  97              	.LVL12:
  98 0058 0646     		mov	r6, r0
  99 005a 0F46     		mov	r7, r1
 100              	.L4:
 101              		.loc 1 140 0 discriminator 4
 102 005c 3046     		mov	r0, r6
 103 005e 3946     		mov	r1, r7
 104 0060 FFF7FEFF 		bl	__aeabi_d2f
 105              	.LVL13:
 106 0064 0146     		mov	r1, r0
 107 0066 4046     		mov	r0, r8
 108 0068 FFF7FEFF 		bl	PIDSetpointSet
 109              	.LVL14:
 141:..\source/pid.c ****     PIDInputSet(&pid->pid, abs(enc_speed));
 110              		.loc 1 141 0 is_stmt 1 discriminator 4
 111 006c 2046     		mov	r0, r4
 112 006e 0021     		movs	r1, #0
 113 0070 FFF7FEFF 		bl	__aeabi_fcmplt
 114              	.LVL15:
 115 0074 10B1     		cbz	r0, .L15
 116              		.loc 1 141 0 is_stmt 0 discriminator 1
 117 0076 04F10041 		add	r1, r4, #-2147483648
 118 007a 00E0     		b	.L6
 119              	.L15:
 120              		.loc 1 141 0
 121 007c 2146     		mov	r1, r4
 122              	.L6:
 123              		.loc 1 141 0 discriminator 4
 124 007e 4046     		mov	r0, r8
 125 0080 FFF7FEFF 		bl	PIDInputSet
 126              	.LVL16:
 142:..\source/pid.c ****     
 143:..\source/pid.c ****     if (PIDCompute(&pid->pid))
 127              		.loc 1 143 0 is_stmt 1 discriminator 4
 128 0084 4046     		mov	r0, r8
 129 0086 FFF7FEFF 		bl	PIDCompute
 130              	.LVL17:
 131 008a 50B1     		cbz	r0, .L1
 144:..\source/pid.c ****     {
 145:..\source/pid.c ****         pid->set_motor(pid->pid.output * dir);
 132              		.loc 1 145 0
 133 008c EC6C     		ldr	r4, [r5, #76]
 134              	.LVL18:
 135 008e 2D69     		ldr	r5, [r5, #16]	@ float
 136              	.LVL19:
 137 0090 4FFA8AF0 		sxtb	r0, r10
 138 0094 FFF7FEFF 		bl	__aeabi_i2f
 139              	.LVL20:
 140 0098 0146     		mov	r1, r0
ARM GAS  C:\Users\Tim\AppData\Local\Temp\ccfwfD1c.s 			page 6


 141 009a 2846     		mov	r0, r5
 142 009c FFF7FEFF 		bl	__aeabi_fmul
 143              	.LVL21:
 144 00a0 A047     		blx	r4
 145              	.LVL22:
 146              	.L1:
 147 00a2 BDE8F087 		pop	{r4, r5, r6, r7, r8, r9, r10, pc}
 148              	.LVL23:
 149              	.L18:
 150 00a6 00BF     		.align	3
 151              	.L17:
 152 00a8 57A393F4 		.word	-191650985
 153 00ac 923B6B3F 		.word	1063992210
 154              		.cfi_endproc
 155              	.LFE65:
 156              		.size	ProcessPid, .-ProcessPid
 157              		.section	.text.Pid_Init,"ax",%progbits
 158              		.align	2
 159              		.global	Pid_Init
 160              		.thumb
 161              		.thumb_func
 162              		.type	Pid_Init, %function
 163              	Pid_Init:
 164              	.LFB63:
 117:..\source/pid.c ****     left_pid.get_target = left_target;
 165              		.loc 1 117 0
 166              		.cfi_startproc
 167              		@ args = 0, pretend = 0, frame = 0
 168              		@ frame_needed = 0, uses_anonymous_args = 0
 169              	.LVL24:
 170 0000 2DE9F04F 		push	{r4, r5, r6, r7, r8, r9, r10, fp, lr}
 171              		.cfi_def_cfa_offset 36
 172              		.cfi_offset 4, -36
 173              		.cfi_offset 5, -32
 174              		.cfi_offset 6, -28
 175              		.cfi_offset 7, -24
 176              		.cfi_offset 8, -20
 177              		.cfi_offset 9, -16
 178              		.cfi_offset 10, -12
 179              		.cfi_offset 11, -8
 180              		.cfi_offset 14, -4
 181 0004 87B0     		sub	sp, sp, #28
 182              		.cfi_def_cfa_offset 64
 118:..\source/pid.c ****     right_pid.get_target = right_target;
 183              		.loc 1 118 0
 184 0006 194C     		ldr	r4, .L21
 185 0008 6064     		str	r0, [r4, #68]
 119:..\source/pid.c ****     
 186              		.loc 1 119 0
 187 000a C4F89810 		str	r1, [r4, #152]
 121:..\source/pid.c ****     PIDInit(&right_pid.pid, right_kp, right_ki, right_kd, PID_SAMPLE_TIME_SEC, PID_MIN, PID_MAX, AU
 188              		.loc 1 121 0
 189 000e 184E     		ldr	r6, .L21+4
 190 0010 184D     		ldr	r5, .L21+8
 191 0012 DFF868B0 		ldr	fp, .L21+16
 192 0016 CDF800B0 		str	fp, [sp]	@ float
 193 001a 4FF0000A 		mov	r10, #0
ARM GAS  C:\Users\Tim\AppData\Local\Temp\ccfwfD1c.s 			page 7


 194 001e CDF804A0 		str	r10, [sp, #4]	@ float
 195 0022 DFF85C90 		ldr	r9, .L21+20
 196 0026 CDF80890 		str	r9, [sp, #8]	@ float
 197 002a 4FF00108 		mov	r8, #1
 198 002e CDF80C80 		str	r8, [sp, #12]
 199 0032 0027     		movs	r7, #0
 200 0034 0497     		str	r7, [sp, #16]
 201 0036 04F10800 		add	r0, r4, #8
 202              	.LVL25:
 203 003a 3146     		mov	r1, r6
 204              	.LVL26:
 205 003c 2A46     		mov	r2, r5
 206 003e 0E4B     		ldr	r3, .L21+12
 207 0040 FFF7FEFF 		bl	PIDInit
 208              	.LVL27:
 122:..\source/pid.c **** }
 209              		.loc 1 122 0
 210 0044 CDF800B0 		str	fp, [sp]	@ float
 211 0048 CDF804A0 		str	r10, [sp, #4]	@ float
 212 004c CDF80890 		str	r9, [sp, #8]	@ float
 213 0050 CDF80C80 		str	r8, [sp, #12]
 214 0054 0497     		str	r7, [sp, #16]
 215 0056 04F15C00 		add	r0, r4, #92
 216 005a 3146     		mov	r1, r6
 217 005c 2A46     		mov	r2, r5
 218 005e 064B     		ldr	r3, .L21+12
 219 0060 FFF7FEFF 		bl	PIDInit
 220              	.LVL28:
 123:..\source/pid.c ****     
 221              		.loc 1 123 0
 222 0064 07B0     		add	sp, sp, #28
 223              		.cfi_def_cfa_offset 36
 224              		@ sp needed
 225 0066 BDE8F08F 		pop	{r4, r5, r6, r7, r8, r9, r10, fp, pc}
 226              	.L22:
 227 006a 00BF     		.align	2
 228              	.L21:
 229 006c 00000000 		.word	.LANCHOR0
 230 0070 0000C040 		.word	1086324736
 231 0074 CDCC0C40 		.word	1074580685
 232 0078 6666263F 		.word	1059481190
 233 007c CDCC4C3D 		.word	1028443341
 234 0080 00009643 		.word	1133903872
 235              		.cfi_endproc
 236              	.LFE63:
 237              		.size	Pid_Init, .-Pid_Init
 238              		.section	.text.Pid_Start,"ax",%progbits
 239              		.align	2
 240              		.global	Pid_Start
 241              		.thumb
 242              		.thumb_func
 243              		.type	Pid_Start, %function
 244              	Pid_Start:
 245              	.LFB64:
 126:..\source/pid.c **** }
 246              		.loc 1 126 0
 247              		.cfi_startproc
ARM GAS  C:\Users\Tim\AppData\Local\Temp\ccfwfD1c.s 			page 8


 248              		@ args = 0, pretend = 0, frame = 0
 249              		@ frame_needed = 0, uses_anonymous_args = 0
 250              		@ link register save eliminated.
 251 0000 7047     		bx	lr
 252              		.cfi_endproc
 253              	.LFE64:
 254              		.size	Pid_Start, .-Pid_Start
 255              		.global	__aeabi_ui2d
 256              		.global	__aeabi_dcmpge
 257 0002 00BF     		.section	.text.Pid_Update,"ax",%progbits
 258              		.align	2
 259              		.global	Pid_Update
 260              		.thumb
 261              		.thumb_func
 262              		.type	Pid_Update, %function
 263              	Pid_Update:
 264              	.LFB66:
 146:..\source/pid.c ****     }
 147:..\source/pid.c **** }
 148:..\source/pid.c **** 
 149:..\source/pid.c **** void Pid_Update()
 150:..\source/pid.c **** {
 265              		.loc 1 150 0
 266              		.cfi_startproc
 267              		@ args = 0, pretend = 0, frame = 0
 268              		@ frame_needed = 0, uses_anonymous_args = 0
 269              		.loc 1 150 0
 270 0000 10B5     		push	{r4, lr}
 271              		.cfi_def_cfa_offset 8
 272              		.cfi_offset 4, -8
 273              		.cfi_offset 14, -4
 151:..\source/pid.c ****     static uint32 last_update_time = 0;
 152:..\source/pid.c ****     static uint8 pid_sched_offset_applied = 0;
 153:..\source/pid.c ****     uint32 delta_time;
 154:..\source/pid.c ****     
 155:..\source/pid.c ****     delta_time = millis() - last_update_time;
 274              		.loc 1 155 0
 275 0002 FFF7FEFF 		bl	millis
 276              	.LVL29:
 277 0006 0F4B     		ldr	r3, .L30
 278 0008 1B68     		ldr	r3, [r3]
 279              	.LVL30:
 156:..\source/pid.c ****     PID_DEBUG_DELTA(delta_time);
 157:..\source/pid.c ****     if (delta_time >= PID_SAMPLE_TIME_MS)
 280              		.loc 1 157 0
 281 000a C01A     		subs	r0, r0, r3
 282              	.LVL31:
 283 000c FFF7FEFF 		bl	__aeabi_ui2d
 284              	.LVL32:
 285 0010 0022     		movs	r2, #0
 286 0012 0D4B     		ldr	r3, .L30+4
 287 0014 FFF7FEFF 		bl	__aeabi_dcmpge
 288              	.LVL33:
 289 0018 98B1     		cbz	r0, .L24
 158:..\source/pid.c ****     {    
 159:..\source/pid.c ****         last_update_time = millis();
 290              		.loc 1 159 0
ARM GAS  C:\Users\Tim\AppData\Local\Temp\ccfwfD1c.s 			page 9


 291 001a FFF7FEFF 		bl	millis
 292              	.LVL34:
 293 001e 094B     		ldr	r3, .L30
 294 0020 1860     		str	r0, [r3]
 160:..\source/pid.c ****         
 161:..\source/pid.c ****         APPLY_SCHED_OFFSET(PID_SCHED_OFFSET, pid_sched_offset_applied);
 295              		.loc 1 161 0
 296 0022 1B79     		ldrb	r3, [r3, #4]	@ zero_extendqisi2
 297 0024 2BB9     		cbnz	r3, .L27
 298              		.loc 1 161 0 is_stmt 0 discriminator 1
 299 0026 0122     		movs	r2, #1
 300 0028 064B     		ldr	r3, .L30
 301 002a 1A71     		strb	r2, [r3, #4]
 302 002c 1320     		movs	r0, #19
 303 002e FFF7FEFF 		bl	CyDelay
 304              	.LVL35:
 305              	.L27:
 162:..\source/pid.c ****         
 163:..\source/pid.c ****         ProcessPid(&left_pid);
 306              		.loc 1 163 0 is_stmt 1
 307 0032 064C     		ldr	r4, .L30+8
 308 0034 2046     		mov	r0, r4
 309 0036 FFF7FEFF 		bl	ProcessPid
 310              	.LVL36:
 164:..\source/pid.c ****         ProcessPid(&right_pid);
 311              		.loc 1 164 0
 312 003a 04F15400 		add	r0, r4, #84
 313 003e FFF7FEFF 		bl	ProcessPid
 314              	.LVL37:
 315              	.L24:
 316 0042 10BD     		pop	{r4, pc}
 317              	.L31:
 318              		.align	2
 319              	.L30:
 320 0044 00000000 		.word	.LANCHOR1
 321 0048 00004940 		.word	1078525952
 322 004c 00000000 		.word	.LANCHOR0
 323              		.cfi_endproc
 324              	.LFE66:
 325              		.size	Pid_Update, .-Pid_Update
 326              		.comm	formatted_string,256,4
 327              		.data
 328              		.align	2
 329              		.set	.LANCHOR0,. + 0
 330              		.type	left_pid, %object
 331              		.size	left_pid, 84
 332              	left_pid:
 333 0000 6C656674 		.ascii	"left\000"
 333      00
 334 0005 00       		.space	1
 335 0006 0000     		.space	2
 336 0008 00000000 		.word	0
 337 000c 00000000 		.word	0
 338 0010 00000000 		.word	0
 339 0014 00000000 		.word	0
 340 0018 00000000 		.word	0
 341 001c 00000000 		.word	0
ARM GAS  C:\Users\Tim\AppData\Local\Temp\ccfwfD1c.s 			page 10


 342 0020 00000000 		.word	0
 343 0024 00000000 		.word	0
 344 0028 00000000 		.word	0
 345 002c 00000000 		.word	0
 346 0030 00000000 		.word	0
 347 0034 00000000 		.word	0
 348 0038 00000000 		.word	0
 349 003c 00000000 		.word	0
 350 0040 00       		.byte	0
 351 0041 01       		.byte	1
 352 0042 0000     		.space	2
 353 0044 00000000 		.word	0
 354 0048 00000000 		.word	Encoder_LeftGetCntsPerSec
 355 004c 00000000 		.word	Motor_LeftSetCntsPerSec
 356 0050 00000000 		.word	Motor_LeftGetPwm
 357              		.type	right_pid, %object
 358              		.size	right_pid, 84
 359              	right_pid:
 360 0054 72696768 		.ascii	"right\000"
 360      7400
 361 005a 0000     		.space	2
 362 005c 00000000 		.word	0
 363 0060 00000000 		.word	0
 364 0064 00000000 		.word	0
 365 0068 00000000 		.word	0
 366 006c 00000000 		.word	0
 367 0070 00000000 		.word	0
 368 0074 00000000 		.word	0
 369 0078 00000000 		.word	0
 370 007c 00000000 		.word	0
 371 0080 00000000 		.word	0
 372 0084 00000000 		.word	0
 373 0088 00000000 		.word	0
 374 008c 00000000 		.word	0
 375 0090 00000000 		.word	0
 376 0094 00       		.byte	0
 377 0095 01       		.byte	1
 378 0096 0000     		.space	2
 379 0098 00000000 		.word	0
 380 009c 00000000 		.word	Encoder_RightGetCntsPerSec
 381 00a0 00000000 		.word	Motor_RightSetCntsPerSec
 382 00a4 00000000 		.word	Motor_RightGetPwm
 383              		.bss
 384              		.align	2
 385              		.set	.LANCHOR1,. + 0
 386              		.type	last_update_time.8409, %object
 387              		.size	last_update_time.8409, 4
 388              	last_update_time.8409:
 389 0000 00000000 		.space	4
 390              		.type	pid_sched_offset_applied.8410, %object
 391              		.size	pid_sched_offset_applied.8410, 1
 392              	pid_sched_offset_applied.8410:
 393 0004 00       		.space	1
 394 0005 000000   		.text
 395              	.Letext0:
 396              		.file 2 "c:\\program files (x86)\\cypress\\psoc creator\\3.3\\psoc creator\\import\\gnu\\arm\\4.9.
 397              		.file 3 "c:\\program files (x86)\\cypress\\psoc creator\\3.3\\psoc creator\\import\\gnu\\arm\\4.9.
ARM GAS  C:\Users\Tim\AppData\Local\Temp\ccfwfD1c.s 			page 11


 398              		.file 4 "Generated_Source\\PSoC5/cytypes.h"
 399              		.file 5 "..\\source\\config.h"
 400              		.file 6 "..\\source\\pid_controller.h"
 401              		.file 7 "Generated_Source\\PSoC5/core_cm3.h"
 402              		.file 8 "..\\source\\debug.h"
 403              		.file 9 "..\\source\\time.h"
 404              		.file 10 "Generated_Source\\PSoC5/CyLib.h"
 405              		.section	.debug_info,"",%progbits
 406              	.Ldebug_info0:
 407 0000 A7050000 		.4byte	0x5a7
 408 0004 0400     		.2byte	0x4
 409 0006 00000000 		.4byte	.Ldebug_abbrev0
 410 000a 04       		.byte	0x4
 411 000b 01       		.uleb128 0x1
 412 000c 28020000 		.4byte	.LASF68
 413 0010 01       		.byte	0x1
 414 0011 23030000 		.4byte	.LASF69
 415 0015 B1000000 		.4byte	.LASF70
 416 0019 00000000 		.4byte	.Ldebug_ranges0+0
 417 001d 00000000 		.4byte	0
 418 0021 00000000 		.4byte	.Ldebug_line0
 419 0025 02       		.uleb128 0x2
 420 0026 04       		.byte	0x4
 421 0027 04       		.byte	0x4
 422 0028 AB000000 		.4byte	.LASF0
 423 002c 02       		.uleb128 0x2
 424 002d 01       		.byte	0x1
 425 002e 06       		.byte	0x6
 426 002f 77010000 		.4byte	.LASF1
 427 0033 02       		.uleb128 0x2
 428 0034 01       		.byte	0x1
 429 0035 08       		.byte	0x8
 430 0036 4B010000 		.4byte	.LASF2
 431 003a 02       		.uleb128 0x2
 432 003b 02       		.byte	0x2
 433 003c 05       		.byte	0x5
 434 003d 08000000 		.4byte	.LASF3
 435 0041 02       		.uleb128 0x2
 436 0042 02       		.byte	0x2
 437 0043 07       		.byte	0x7
 438 0044 F9010000 		.4byte	.LASF4
 439 0048 03       		.uleb128 0x3
 440 0049 44030000 		.4byte	.LASF12
 441 004d 02       		.byte	0x2
 442 004e 3F       		.byte	0x3f
 443 004f 53000000 		.4byte	0x53
 444 0053 02       		.uleb128 0x2
 445 0054 04       		.byte	0x4
 446 0055 05       		.byte	0x5
 447 0056 F6000000 		.4byte	.LASF5
 448 005a 02       		.uleb128 0x2
 449 005b 04       		.byte	0x4
 450 005c 07       		.byte	0x7
 451 005d FA020000 		.4byte	.LASF6
 452 0061 02       		.uleb128 0x2
 453 0062 08       		.byte	0x8
 454 0063 05       		.byte	0x5
ARM GAS  C:\Users\Tim\AppData\Local\Temp\ccfwfD1c.s 			page 12


 455 0064 E3000000 		.4byte	.LASF7
 456 0068 02       		.uleb128 0x2
 457 0069 08       		.byte	0x8
 458 006a 07       		.byte	0x7
 459 006b 83010000 		.4byte	.LASF8
 460 006f 04       		.uleb128 0x4
 461 0070 04       		.byte	0x4
 462 0071 05       		.byte	0x5
 463 0072 696E7400 		.ascii	"int\000"
 464 0076 02       		.uleb128 0x2
 465 0077 04       		.byte	0x4
 466 0078 07       		.byte	0x7
 467 0079 A5010000 		.4byte	.LASF9
 468 007d 02       		.uleb128 0x2
 469 007e 04       		.byte	0x4
 470 007f 07       		.byte	0x7
 471 0080 18000000 		.4byte	.LASF10
 472 0084 02       		.uleb128 0x2
 473 0085 01       		.byte	0x1
 474 0086 08       		.byte	0x8
 475 0087 23020000 		.4byte	.LASF11
 476 008b 03       		.uleb128 0x3
 477 008c C3020000 		.4byte	.LASF13
 478 0090 03       		.byte	0x3
 479 0091 2C       		.byte	0x2c
 480 0092 48000000 		.4byte	0x48
 481 0096 05       		.uleb128 0x5
 482 0097 87000000 		.4byte	.LASF14
 483 009b 04       		.byte	0x4
 484 009c 3801     		.2byte	0x138
 485 009e 33000000 		.4byte	0x33
 486 00a2 05       		.uleb128 0x5
 487 00a3 65000000 		.4byte	.LASF15
 488 00a7 04       		.byte	0x4
 489 00a8 3901     		.2byte	0x139
 490 00aa 41000000 		.4byte	0x41
 491 00ae 05       		.uleb128 0x5
 492 00af F3020000 		.4byte	.LASF16
 493 00b3 04       		.byte	0x4
 494 00b4 3A01     		.2byte	0x13a
 495 00b6 5A000000 		.4byte	0x5a
 496 00ba 05       		.uleb128 0x5
 497 00bb F1000000 		.4byte	.LASF17
 498 00bf 04       		.byte	0x4
 499 00c0 3B01     		.2byte	0x13b
 500 00c2 2C000000 		.4byte	0x2c
 501 00c6 02       		.uleb128 0x2
 502 00c7 08       		.byte	0x8
 503 00c8 04       		.byte	0x4
 504 00c9 13030000 		.4byte	.LASF18
 505 00cd 03       		.uleb128 0x3
 506 00ce 0C020000 		.4byte	.LASF19
 507 00d2 05       		.byte	0x5
 508 00d3 18       		.byte	0x18
 509 00d4 D8000000 		.4byte	0xd8
 510 00d8 06       		.uleb128 0x6
 511 00d9 04       		.byte	0x4
ARM GAS  C:\Users\Tim\AppData\Local\Temp\ccfwfD1c.s 			page 13


 512 00da DE000000 		.4byte	0xde
 513 00de 07       		.uleb128 0x7
 514 00df 25000000 		.4byte	0x25
 515 00e3 E9000000 		.4byte	0xe9
 516 00e7 08       		.uleb128 0x8
 517 00e8 00       		.byte	0
 518 00e9 03       		.uleb128 0x3
 519 00ea 98030000 		.4byte	.LASF20
 520 00ee 05       		.byte	0x5
 521 00ef 19       		.byte	0x19
 522 00f0 D8000000 		.4byte	0xd8
 523 00f4 03       		.uleb128 0x3
 524 00f5 D8030000 		.4byte	.LASF21
 525 00f9 05       		.byte	0x5
 526 00fa 1B       		.byte	0x1b
 527 00fb FF000000 		.4byte	0xff
 528 00ff 06       		.uleb128 0x6
 529 0100 04       		.byte	0x4
 530 0101 05010000 		.4byte	0x105
 531 0105 09       		.uleb128 0x9
 532 0106 10010000 		.4byte	0x110
 533 010a 0A       		.uleb128 0xa
 534 010b 25000000 		.4byte	0x25
 535 010f 00       		.byte	0
 536 0110 03       		.uleb128 0x3
 537 0111 C5030000 		.4byte	.LASF22
 538 0115 05       		.byte	0x5
 539 0116 1C       		.byte	0x1c
 540 0117 1B010000 		.4byte	0x11b
 541 011b 06       		.uleb128 0x6
 542 011c 04       		.byte	0x4
 543 011d 21010000 		.4byte	0x121
 544 0121 07       		.uleb128 0x7
 545 0122 A2000000 		.4byte	0xa2
 546 0126 2C010000 		.4byte	0x12c
 547 012a 08       		.uleb128 0x8
 548 012b 00       		.byte	0
 549 012c 0B       		.uleb128 0xb
 550 012d 01       		.byte	0x1
 551 012e 06       		.byte	0x6
 552 012f 3D       		.byte	0x3d
 553 0130 41010000 		.4byte	0x141
 554 0134 0C       		.uleb128 0xc
 555 0135 1C020000 		.4byte	.LASF23
 556 0139 00       		.sleb128 0
 557 013a 0C       		.uleb128 0xc
 558 013b D7010000 		.4byte	.LASF24
 559 013f 01       		.sleb128 1
 560 0140 00       		.byte	0
 561 0141 03       		.uleb128 0x3
 562 0142 43010000 		.4byte	.LASF25
 563 0146 06       		.byte	0x6
 564 0147 41       		.byte	0x41
 565 0148 2C010000 		.4byte	0x12c
 566 014c 0B       		.uleb128 0xb
 567 014d 01       		.byte	0x1
 568 014e 06       		.byte	0x6
ARM GAS  C:\Users\Tim\AppData\Local\Temp\ccfwfD1c.s 			page 14


 569 014f 44       		.byte	0x44
 570 0150 61010000 		.4byte	0x161
 571 0154 0C       		.uleb128 0xc
 572 0155 89030000 		.4byte	.LASF26
 573 0159 00       		.sleb128 0
 574 015a 0C       		.uleb128 0xc
 575 015b 00000000 		.4byte	.LASF27
 576 015f 01       		.sleb128 1
 577 0160 00       		.byte	0
 578 0161 03       		.uleb128 0x3
 579 0162 CB020000 		.4byte	.LASF28
 580 0166 06       		.byte	0x6
 581 0167 48       		.byte	0x48
 582 0168 4C010000 		.4byte	0x14c
 583 016c 0D       		.uleb128 0xd
 584 016d 3C       		.byte	0x3c
 585 016e 06       		.byte	0x6
 586 016f 4A       		.byte	0x4a
 587 0170 35020000 		.4byte	0x235
 588 0174 0E       		.uleb128 0xe
 589 0175 12000000 		.4byte	.LASF29
 590 0179 06       		.byte	0x6
 591 017a 4F       		.byte	0x4f
 592 017b 25000000 		.4byte	0x25
 593 017f 00       		.byte	0
 594 0180 0E       		.uleb128 0xe
 595 0181 8D000000 		.4byte	.LASF30
 596 0185 06       		.byte	0x6
 597 0186 54       		.byte	0x54
 598 0187 25000000 		.4byte	0x25
 599 018b 04       		.byte	0x4
 600 018c 0E       		.uleb128 0xe
 601 018d 5F030000 		.4byte	.LASF31
 602 0191 06       		.byte	0x6
 603 0192 59       		.byte	0x59
 604 0193 25000000 		.4byte	0x25
 605 0197 08       		.byte	0x8
 606 0198 0E       		.uleb128 0xe
 607 0199 0C030000 		.4byte	.LASF32
 608 019d 06       		.byte	0x6
 609 019e 5F       		.byte	0x5f
 610 019f 25000000 		.4byte	0x25
 611 01a3 0C       		.byte	0xc
 612 01a4 0E       		.uleb128 0xe
 613 01a5 EC020000 		.4byte	.LASF33
 614 01a9 06       		.byte	0x6
 615 01aa 60       		.byte	0x60
 616 01ab 25000000 		.4byte	0x25
 617 01af 10       		.byte	0x10
 618 01b0 0E       		.uleb128 0xe
 619 01b1 E5020000 		.4byte	.LASF34
 620 01b5 06       		.byte	0x6
 621 01b6 61       		.byte	0x61
 622 01b7 25000000 		.4byte	0x25
 623 01bb 14       		.byte	0x14
 624 01bc 0E       		.uleb128 0xe
 625 01bd 63010000 		.4byte	.LASF35
ARM GAS  C:\Users\Tim\AppData\Local\Temp\ccfwfD1c.s 			page 15


 626 01c1 06       		.byte	0x6
 627 01c2 67       		.byte	0x67
 628 01c3 25000000 		.4byte	0x25
 629 01c7 18       		.byte	0x18
 630 01c8 0E       		.uleb128 0xe
 631 01c9 39010000 		.4byte	.LASF36
 632 01cd 06       		.byte	0x6
 633 01ce 68       		.byte	0x68
 634 01cf 25000000 		.4byte	0x25
 635 01d3 1C       		.byte	0x1c
 636 01d4 0E       		.uleb128 0xe
 637 01d5 2F010000 		.4byte	.LASF37
 638 01d9 06       		.byte	0x6
 639 01da 69       		.byte	0x69
 640 01db 25000000 		.4byte	0x25
 641 01df 20       		.byte	0x20
 642 01e0 0E       		.uleb128 0xe
 643 01e1 3E030000 		.4byte	.LASF38
 644 01e5 06       		.byte	0x6
 645 01e6 6E       		.byte	0x6e
 646 01e7 25000000 		.4byte	0x25
 647 01eb 24       		.byte	0x24
 648 01ec 0E       		.uleb128 0xe
 649 01ed 1F010000 		.4byte	.LASF39
 650 01f1 06       		.byte	0x6
 651 01f2 74       		.byte	0x74
 652 01f3 25000000 		.4byte	0x25
 653 01f7 28       		.byte	0x28
 654 01f8 0E       		.uleb128 0xe
 655 01f9 DE020000 		.4byte	.LASF40
 656 01fd 06       		.byte	0x6
 657 01fe 79       		.byte	0x79
 658 01ff 25000000 		.4byte	0x25
 659 0203 2C       		.byte	0x2c
 660 0204 0E       		.uleb128 0xe
 661 0205 F2010000 		.4byte	.LASF41
 662 0209 06       		.byte	0x6
 663 020a 7A       		.byte	0x7a
 664 020b 25000000 		.4byte	0x25
 665 020f 30       		.byte	0x30
 666 0210 0E       		.uleb128 0xe
 667 0211 4E000000 		.4byte	.LASF42
 668 0215 06       		.byte	0x6
 669 0216 7F       		.byte	0x7f
 670 0217 25000000 		.4byte	0x25
 671 021b 34       		.byte	0x34
 672 021c 0E       		.uleb128 0xe
 673 021d 97000000 		.4byte	.LASF43
 674 0221 06       		.byte	0x6
 675 0222 86       		.byte	0x86
 676 0223 61010000 		.4byte	0x161
 677 0227 38       		.byte	0x38
 678 0228 0E       		.uleb128 0xe
 679 0229 60000000 		.4byte	.LASF44
 680 022d 06       		.byte	0x6
 681 022e 8E       		.byte	0x8e
 682 022f 41010000 		.4byte	0x141
ARM GAS  C:\Users\Tim\AppData\Local\Temp\ccfwfD1c.s 			page 16


 683 0233 39       		.byte	0x39
 684 0234 00       		.byte	0
 685 0235 03       		.uleb128 0x3
 686 0236 BA030000 		.4byte	.LASF45
 687 023a 06       		.byte	0x6
 688 023b 90       		.byte	0x90
 689 023c 6C010000 		.4byte	0x16c
 690 0240 0F       		.uleb128 0xf
 691 0241 1A030000 		.4byte	.LASF71
 692 0245 54       		.byte	0x54
 693 0246 01       		.byte	0x1
 694 0247 32       		.byte	0x32
 695 0248 95020000 		.4byte	0x295
 696 024c 0E       		.uleb128 0xe
 697 024d 2A010000 		.4byte	.LASF46
 698 0251 01       		.byte	0x1
 699 0252 34       		.byte	0x34
 700 0253 95020000 		.4byte	0x295
 701 0257 00       		.byte	0
 702 0258 10       		.uleb128 0x10
 703 0259 70696400 		.ascii	"pid\000"
 704 025d 01       		.byte	0x1
 705 025e 35       		.byte	0x35
 706 025f 35020000 		.4byte	0x235
 707 0263 08       		.byte	0x8
 708 0264 0E       		.uleb128 0xe
 709 0265 66030000 		.4byte	.LASF47
 710 0269 01       		.byte	0x1
 711 026a 36       		.byte	0x36
 712 026b CD000000 		.4byte	0xcd
 713 026f 44       		.byte	0x44
 714 0270 0E       		.uleb128 0xe
 715 0271 2D000000 		.4byte	.LASF48
 716 0275 01       		.byte	0x1
 717 0276 37       		.byte	0x37
 718 0277 E9000000 		.4byte	0xe9
 719 027b 48       		.byte	0x48
 720 027c 0E       		.uleb128 0xe
 721 027d 06010000 		.4byte	.LASF49
 722 0281 01       		.byte	0x1
 723 0282 38       		.byte	0x38
 724 0283 F4000000 		.4byte	0xf4
 725 0287 4C       		.byte	0x4c
 726 0288 0E       		.uleb128 0xe
 727 0289 7F000000 		.4byte	.LASF50
 728 028d 01       		.byte	0x1
 729 028e 39       		.byte	0x39
 730 028f 10010000 		.4byte	0x110
 731 0293 50       		.byte	0x50
 732 0294 00       		.byte	0
 733 0295 11       		.uleb128 0x11
 734 0296 84000000 		.4byte	0x84
 735 029a A5020000 		.4byte	0x2a5
 736 029e 12       		.uleb128 0x12
 737 029f 7D000000 		.4byte	0x7d
 738 02a3 05       		.byte	0x5
 739 02a4 00       		.byte	0
ARM GAS  C:\Users\Tim\AppData\Local\Temp\ccfwfD1c.s 			page 17


 740 02a5 03       		.uleb128 0x3
 741 02a6 6C000000 		.4byte	.LASF51
 742 02aa 01       		.byte	0x1
 743 02ab 3A       		.byte	0x3a
 744 02ac 40020000 		.4byte	0x240
 745 02b0 13       		.uleb128 0x13
 746 02b1 71030000 		.4byte	.LASF72
 747 02b5 01       		.byte	0x1
 748 02b6 81       		.byte	0x81
 749 02b7 00000000 		.4byte	.LFB65
 750 02bb B0000000 		.4byte	.LFE65-.LFB65
 751 02bf 01       		.uleb128 0x1
 752 02c0 9C       		.byte	0x9c
 753 02c1 46030000 		.4byte	0x346
 754 02c5 14       		.uleb128 0x14
 755 02c6 70696400 		.ascii	"pid\000"
 756 02ca 01       		.byte	0x1
 757 02cb 81       		.byte	0x81
 758 02cc 46030000 		.4byte	0x346
 759 02d0 00000000 		.4byte	.LLST0
 760 02d4 15       		.uleb128 0x15
 761 02d5 59010000 		.4byte	.LASF52
 762 02d9 01       		.byte	0x1
 763 02da 83       		.byte	0x83
 764 02db 25000000 		.4byte	0x25
 765 02df 39000000 		.4byte	.LLST1
 766 02e3 16       		.uleb128 0x16
 767 02e4 64697200 		.ascii	"dir\000"
 768 02e8 01       		.byte	0x1
 769 02e9 84       		.byte	0x84
 770 02ea BA000000 		.4byte	0xba
 771 02ee 57000000 		.4byte	.LLST2
 772 02f2 15       		.uleb128 0x15
 773 02f3 44000000 		.4byte	.LASF53
 774 02f7 01       		.byte	0x1
 775 02f8 85       		.byte	0x85
 776 02f9 25000000 		.4byte	0x25
 777 02fd 6A000000 		.4byte	.LLST3
 778 0301 17       		.uleb128 0x17
 779 0302 6C000000 		.4byte	.LVL14
 780 0306 03050000 		.4byte	0x503
 781 030a 15030000 		.4byte	0x315
 782 030e 18       		.uleb128 0x18
 783 030f 01       		.uleb128 0x1
 784 0310 50       		.byte	0x50
 785 0311 02       		.uleb128 0x2
 786 0312 78       		.byte	0x78
 787 0313 00       		.sleb128 0
 788 0314 00       		.byte	0
 789 0315 17       		.uleb128 0x17
 790 0316 84000000 		.4byte	.LVL16
 791 031a 20050000 		.4byte	0x520
 792 031e 29030000 		.4byte	0x329
 793 0322 18       		.uleb128 0x18
 794 0323 01       		.uleb128 0x1
 795 0324 50       		.byte	0x50
 796 0325 02       		.uleb128 0x2
ARM GAS  C:\Users\Tim\AppData\Local\Temp\ccfwfD1c.s 			page 18


 797 0326 78       		.byte	0x78
 798 0327 00       		.sleb128 0
 799 0328 00       		.byte	0
 800 0329 17       		.uleb128 0x17
 801 032a 8A000000 		.4byte	.LVL17
 802 032e 37050000 		.4byte	0x537
 803 0332 3D030000 		.4byte	0x33d
 804 0336 18       		.uleb128 0x18
 805 0337 01       		.uleb128 0x1
 806 0338 50       		.byte	0x50
 807 0339 02       		.uleb128 0x2
 808 033a 78       		.byte	0x78
 809 033b 00       		.sleb128 0
 810 033c 00       		.byte	0
 811 033d 19       		.uleb128 0x19
 812 033e A2000000 		.4byte	.LVL22
 813 0342 02       		.uleb128 0x2
 814 0343 74       		.byte	0x74
 815 0344 00       		.sleb128 0
 816 0345 00       		.byte	0
 817 0346 06       		.uleb128 0x6
 818 0347 04       		.byte	0x4
 819 0348 A5020000 		.4byte	0x2a5
 820 034c 1A       		.uleb128 0x1a
 821 034d A9030000 		.4byte	.LASF73
 822 0351 01       		.byte	0x1
 823 0352 74       		.byte	0x74
 824 0353 00000000 		.4byte	.LFB63
 825 0357 84000000 		.4byte	.LFE63-.LFB63
 826 035b 01       		.uleb128 0x1
 827 035c 9C       		.byte	0x9c
 828 035d 0D040000 		.4byte	0x40d
 829 0361 1B       		.uleb128 0x1b
 830 0362 21000000 		.4byte	.LASF54
 831 0366 01       		.byte	0x1
 832 0367 74       		.byte	0x74
 833 0368 CD000000 		.4byte	0xcd
 834 036c 88000000 		.4byte	.LLST4
 835 0370 1B       		.uleb128 0x1b
 836 0371 B6020000 		.4byte	.LASF55
 837 0375 01       		.byte	0x1
 838 0376 74       		.byte	0x74
 839 0377 CD000000 		.4byte	0xcd
 840 037b B8000000 		.4byte	.LLST5
 841 037f 17       		.uleb128 0x17
 842 0380 44000000 		.4byte	.LVL27
 843 0384 53050000 		.4byte	0x553
 844 0388 C7030000 		.4byte	0x3c7
 845 038c 18       		.uleb128 0x18
 846 038d 01       		.uleb128 0x1
 847 038e 52       		.byte	0x52
 848 038f 03       		.uleb128 0x3
 849 0390 F5       		.byte	0xf5
 850 0391 05       		.uleb128 0x5
 851 0392 25       		.uleb128 0x25
 852 0393 18       		.uleb128 0x18
 853 0394 01       		.uleb128 0x1
ARM GAS  C:\Users\Tim\AppData\Local\Temp\ccfwfD1c.s 			page 19


 854 0395 51       		.byte	0x51
 855 0396 03       		.uleb128 0x3
 856 0397 F5       		.byte	0xf5
 857 0398 06       		.uleb128 0x6
 858 0399 25       		.uleb128 0x25
 859 039a 18       		.uleb128 0x18
 860 039b 01       		.uleb128 0x1
 861 039c 50       		.byte	0x50
 862 039d 02       		.uleb128 0x2
 863 039e 74       		.byte	0x74
 864 039f 08       		.sleb128 8
 865 03a0 18       		.uleb128 0x18
 866 03a1 02       		.uleb128 0x2
 867 03a2 7D       		.byte	0x7d
 868 03a3 10       		.sleb128 16
 869 03a4 02       		.uleb128 0x2
 870 03a5 77       		.byte	0x77
 871 03a6 00       		.sleb128 0
 872 03a7 18       		.uleb128 0x18
 873 03a8 02       		.uleb128 0x2
 874 03a9 7D       		.byte	0x7d
 875 03aa 0C       		.sleb128 12
 876 03ab 02       		.uleb128 0x2
 877 03ac 78       		.byte	0x78
 878 03ad 00       		.sleb128 0
 879 03ae 18       		.uleb128 0x18
 880 03af 02       		.uleb128 0x2
 881 03b0 7D       		.byte	0x7d
 882 03b1 08       		.sleb128 8
 883 03b2 03       		.uleb128 0x3
 884 03b3 F5       		.byte	0xf5
 885 03b4 09       		.uleb128 0x9
 886 03b5 25       		.uleb128 0x25
 887 03b6 18       		.uleb128 0x18
 888 03b7 02       		.uleb128 0x2
 889 03b8 7D       		.byte	0x7d
 890 03b9 04       		.sleb128 4
 891 03ba 03       		.uleb128 0x3
 892 03bb F5       		.byte	0xf5
 893 03bc 0A       		.uleb128 0xa
 894 03bd 25       		.uleb128 0x25
 895 03be 18       		.uleb128 0x18
 896 03bf 02       		.uleb128 0x2
 897 03c0 7D       		.byte	0x7d
 898 03c1 00       		.sleb128 0
 899 03c2 03       		.uleb128 0x3
 900 03c3 F5       		.byte	0xf5
 901 03c4 0B       		.uleb128 0xb
 902 03c5 25       		.uleb128 0x25
 903 03c6 00       		.byte	0
 904 03c7 1C       		.uleb128 0x1c
 905 03c8 64000000 		.4byte	.LVL28
 906 03cc 53050000 		.4byte	0x553
 907 03d0 18       		.uleb128 0x18
 908 03d1 01       		.uleb128 0x1
 909 03d2 52       		.byte	0x52
 910 03d3 03       		.uleb128 0x3
ARM GAS  C:\Users\Tim\AppData\Local\Temp\ccfwfD1c.s 			page 20


 911 03d4 F5       		.byte	0xf5
 912 03d5 05       		.uleb128 0x5
 913 03d6 25       		.uleb128 0x25
 914 03d7 18       		.uleb128 0x18
 915 03d8 01       		.uleb128 0x1
 916 03d9 51       		.byte	0x51
 917 03da 03       		.uleb128 0x3
 918 03db F5       		.byte	0xf5
 919 03dc 06       		.uleb128 0x6
 920 03dd 25       		.uleb128 0x25
 921 03de 18       		.uleb128 0x18
 922 03df 01       		.uleb128 0x1
 923 03e0 50       		.byte	0x50
 924 03e1 03       		.uleb128 0x3
 925 03e2 74       		.byte	0x74
 926 03e3 DC00     		.sleb128 92
 927 03e5 18       		.uleb128 0x18
 928 03e6 02       		.uleb128 0x2
 929 03e7 7D       		.byte	0x7d
 930 03e8 10       		.sleb128 16
 931 03e9 02       		.uleb128 0x2
 932 03ea 77       		.byte	0x77
 933 03eb 00       		.sleb128 0
 934 03ec 18       		.uleb128 0x18
 935 03ed 02       		.uleb128 0x2
 936 03ee 7D       		.byte	0x7d
 937 03ef 0C       		.sleb128 12
 938 03f0 02       		.uleb128 0x2
 939 03f1 78       		.byte	0x78
 940 03f2 00       		.sleb128 0
 941 03f3 18       		.uleb128 0x18
 942 03f4 02       		.uleb128 0x2
 943 03f5 7D       		.byte	0x7d
 944 03f6 08       		.sleb128 8
 945 03f7 03       		.uleb128 0x3
 946 03f8 F5       		.byte	0xf5
 947 03f9 09       		.uleb128 0x9
 948 03fa 25       		.uleb128 0x25
 949 03fb 18       		.uleb128 0x18
 950 03fc 02       		.uleb128 0x2
 951 03fd 7D       		.byte	0x7d
 952 03fe 04       		.sleb128 4
 953 03ff 03       		.uleb128 0x3
 954 0400 F5       		.byte	0xf5
 955 0401 0A       		.uleb128 0xa
 956 0402 25       		.uleb128 0x25
 957 0403 18       		.uleb128 0x18
 958 0404 02       		.uleb128 0x2
 959 0405 7D       		.byte	0x7d
 960 0406 00       		.sleb128 0
 961 0407 03       		.uleb128 0x3
 962 0408 F5       		.byte	0xf5
 963 0409 0B       		.uleb128 0xb
 964 040a 25       		.uleb128 0x25
 965 040b 00       		.byte	0
 966 040c 00       		.byte	0
 967 040d 1D       		.uleb128 0x1d
ARM GAS  C:\Users\Tim\AppData\Local\Temp\ccfwfD1c.s 			page 21


 968 040e 6D010000 		.4byte	.LASF74
 969 0412 01       		.byte	0x1
 970 0413 7D       		.byte	0x7d
 971 0414 00000000 		.4byte	.LFB64
 972 0418 02000000 		.4byte	.LFE64-.LFB64
 973 041c 01       		.uleb128 0x1
 974 041d 9C       		.byte	0x9c
 975 041e 1E       		.uleb128 0x1e
 976 041f 33030000 		.4byte	.LASF75
 977 0423 01       		.byte	0x1
 978 0424 95       		.byte	0x95
 979 0425 00000000 		.4byte	.LFB66
 980 0429 50000000 		.4byte	.LFE66-.LFB66
 981 042d 01       		.uleb128 0x1
 982 042e 9C       		.byte	0x9c
 983 042f AF040000 		.4byte	0x4af
 984 0433 1F       		.uleb128 0x1f
 985 0434 E1010000 		.4byte	.LASF56
 986 0438 01       		.byte	0x1
 987 0439 97       		.byte	0x97
 988 043a AE000000 		.4byte	0xae
 989 043e 05       		.uleb128 0x5
 990 043f 03       		.byte	0x3
 991 0440 00000000 		.4byte	last_update_time.8409
 992 0444 1F       		.uleb128 0x1f
 993 0445 B2010000 		.4byte	.LASF57
 994 0449 01       		.byte	0x1
 995 044a 98       		.byte	0x98
 996 044b 96000000 		.4byte	0x96
 997 044f 05       		.uleb128 0x5
 998 0450 03       		.byte	0x3
 999 0451 04000000 		.4byte	pid_sched_offset_applied.8410
 1000 0455 15       		.uleb128 0x15
 1001 0456 39000000 		.4byte	.LASF58
 1002 045a 01       		.byte	0x1
 1003 045b 99       		.byte	0x99
 1004 045c AE000000 		.4byte	0xae
 1005 0460 E8000000 		.4byte	.LLST6
 1006 0464 20       		.uleb128 0x20
 1007 0465 06000000 		.4byte	.LVL29
 1008 0469 8C050000 		.4byte	0x58c
 1009 046d 20       		.uleb128 0x20
 1010 046e 1E000000 		.4byte	.LVL34
 1011 0472 8C050000 		.4byte	0x58c
 1012 0476 17       		.uleb128 0x17
 1013 0477 32000000 		.4byte	.LVL35
 1014 047b 9D050000 		.4byte	0x59d
 1015 047f 89040000 		.4byte	0x489
 1016 0483 18       		.uleb128 0x18
 1017 0484 01       		.uleb128 0x1
 1018 0485 50       		.byte	0x50
 1019 0486 01       		.uleb128 0x1
 1020 0487 43       		.byte	0x43
 1021 0488 00       		.byte	0
 1022 0489 17       		.uleb128 0x17
 1023 048a 3A000000 		.4byte	.LVL36
 1024 048e B0020000 		.4byte	0x2b0
ARM GAS  C:\Users\Tim\AppData\Local\Temp\ccfwfD1c.s 			page 22


 1025 0492 9D040000 		.4byte	0x49d
 1026 0496 18       		.uleb128 0x18
 1027 0497 01       		.uleb128 0x1
 1028 0498 50       		.byte	0x50
 1029 0499 02       		.uleb128 0x2
 1030 049a 74       		.byte	0x74
 1031 049b 00       		.sleb128 0
 1032 049c 00       		.byte	0
 1033 049d 1C       		.uleb128 0x1c
 1034 049e 42000000 		.4byte	.LVL37
 1035 04a2 B0020000 		.4byte	0x2b0
 1036 04a6 18       		.uleb128 0x18
 1037 04a7 01       		.uleb128 0x1
 1038 04a8 50       		.byte	0x50
 1039 04a9 03       		.uleb128 0x3
 1040 04aa 74       		.byte	0x74
 1041 04ab D400     		.sleb128 84
 1042 04ad 00       		.byte	0
 1043 04ae 00       		.byte	0
 1044 04af 1F       		.uleb128 0x1f
 1045 04b0 57000000 		.4byte	.LASF59
 1046 04b4 01       		.byte	0x1
 1047 04b5 4D       		.byte	0x4d
 1048 04b6 A5020000 		.4byte	0x2a5
 1049 04ba 05       		.uleb128 0x5
 1050 04bb 03       		.byte	0x3
 1051 04bc 00000000 		.4byte	left_pid
 1052 04c0 1F       		.uleb128 0x1f
 1053 04c1 75000000 		.4byte	.LASF60
 1054 04c5 01       		.byte	0x1
 1055 04c6 56       		.byte	0x56
 1056 04c7 A5020000 		.4byte	0x2a5
 1057 04cb 05       		.uleb128 0x5
 1058 04cc 03       		.byte	0x3
 1059 04cd 54000000 		.4byte	right_pid
 1060 04d1 21       		.uleb128 0x21
 1061 04d2 7C030000 		.4byte	.LASF61
 1062 04d6 07       		.byte	0x7
 1063 04d7 5506     		.2byte	0x655
 1064 04d9 DD040000 		.4byte	0x4dd
 1065 04dd 22       		.uleb128 0x22
 1066 04de 8B000000 		.4byte	0x8b
 1067 04e2 11       		.uleb128 0x11
 1068 04e3 84000000 		.4byte	0x84
 1069 04e7 F2040000 		.4byte	0x4f2
 1070 04eb 12       		.uleb128 0x12
 1071 04ec 7D000000 		.4byte	0x7d
 1072 04f0 FF       		.byte	0xff
 1073 04f1 00       		.byte	0
 1074 04f2 23       		.uleb128 0x23
 1075 04f3 4E030000 		.4byte	.LASF62
 1076 04f7 08       		.byte	0x8
 1077 04f8 15       		.byte	0x15
 1078 04f9 E2040000 		.4byte	0x4e2
 1079 04fd 05       		.uleb128 0x5
 1080 04fe 03       		.byte	0x3
 1081 04ff 00000000 		.4byte	formatted_string
ARM GAS  C:\Users\Tim\AppData\Local\Temp\ccfwfD1c.s 			page 23


 1082 0503 24       		.uleb128 0x24
 1083 0504 10010000 		.4byte	.LASF63
 1084 0508 06       		.byte	0x6
 1085 0509 3801     		.2byte	0x138
 1086 050b 1A050000 		.4byte	0x51a
 1087 050f 0A       		.uleb128 0xa
 1088 0510 1A050000 		.4byte	0x51a
 1089 0514 0A       		.uleb128 0xa
 1090 0515 25000000 		.4byte	0x25
 1091 0519 00       		.byte	0
 1092 051a 06       		.uleb128 0x6
 1093 051b 04       		.byte	0x4
 1094 051c 35020000 		.4byte	0x235
 1095 0520 24       		.uleb128 0x24
 1096 0521 CB010000 		.4byte	.LASF64
 1097 0525 06       		.byte	0x6
 1098 0526 4501     		.2byte	0x145
 1099 0528 37050000 		.4byte	0x537
 1100 052c 0A       		.uleb128 0xa
 1101 052d 1A050000 		.4byte	0x51a
 1102 0531 0A       		.uleb128 0xa
 1103 0532 25000000 		.4byte	0x25
 1104 0536 00       		.byte	0
 1105 0537 25       		.uleb128 0x25
 1106 0538 9A010000 		.4byte	.LASF76
 1107 053c 06       		.byte	0x6
 1108 053d BD       		.byte	0xbd
 1109 053e 4C050000 		.4byte	0x54c
 1110 0542 4C050000 		.4byte	0x54c
 1111 0546 0A       		.uleb128 0xa
 1112 0547 1A050000 		.4byte	0x51a
 1113 054b 00       		.byte	0
 1114 054c 02       		.uleb128 0x2
 1115 054d 01       		.byte	0x1
 1116 054e 02       		.byte	0x2
 1117 054f D8020000 		.4byte	.LASF65
 1118 0553 26       		.uleb128 0x26
 1119 0554 B2030000 		.4byte	.LASF66
 1120 0558 06       		.byte	0x6
 1121 0559 AE       		.byte	0xae
 1122 055a 8C050000 		.4byte	0x58c
 1123 055e 0A       		.uleb128 0xa
 1124 055f 1A050000 		.4byte	0x51a
 1125 0563 0A       		.uleb128 0xa
 1126 0564 25000000 		.4byte	0x25
 1127 0568 0A       		.uleb128 0xa
 1128 0569 25000000 		.4byte	0x25
 1129 056d 0A       		.uleb128 0xa
 1130 056e 25000000 		.4byte	0x25
 1131 0572 0A       		.uleb128 0xa
 1132 0573 25000000 		.4byte	0x25
 1133 0577 0A       		.uleb128 0xa
 1134 0578 25000000 		.4byte	0x25
 1135 057c 0A       		.uleb128 0xa
 1136 057d 25000000 		.4byte	0x25
 1137 0581 0A       		.uleb128 0xa
 1138 0582 41010000 		.4byte	0x141
ARM GAS  C:\Users\Tim\AppData\Local\Temp\ccfwfD1c.s 			page 24


 1139 0586 0A       		.uleb128 0xa
 1140 0587 61010000 		.4byte	0x161
 1141 058b 00       		.byte	0
 1142 058c 27       		.uleb128 0x27
 1143 058d FF000000 		.4byte	.LASF67
 1144 0591 09       		.byte	0x9
 1145 0592 18       		.byte	0x18
 1146 0593 AE000000 		.4byte	0xae
 1147 0597 9D050000 		.4byte	0x59d
 1148 059b 08       		.uleb128 0x8
 1149 059c 00       		.byte	0
 1150 059d 28       		.uleb128 0x28
 1151 059e 90030000 		.4byte	.LASF77
 1152 05a2 0A       		.byte	0xa
 1153 05a3 77       		.byte	0x77
 1154 05a4 0A       		.uleb128 0xa
 1155 05a5 AE000000 		.4byte	0xae
 1156 05a9 00       		.byte	0
 1157 05aa 00       		.byte	0
 1158              		.section	.debug_abbrev,"",%progbits
 1159              	.Ldebug_abbrev0:
 1160 0000 01       		.uleb128 0x1
 1161 0001 11       		.uleb128 0x11
 1162 0002 01       		.byte	0x1
 1163 0003 25       		.uleb128 0x25
 1164 0004 0E       		.uleb128 0xe
 1165 0005 13       		.uleb128 0x13
 1166 0006 0B       		.uleb128 0xb
 1167 0007 03       		.uleb128 0x3
 1168 0008 0E       		.uleb128 0xe
 1169 0009 1B       		.uleb128 0x1b
 1170 000a 0E       		.uleb128 0xe
 1171 000b 55       		.uleb128 0x55
 1172 000c 17       		.uleb128 0x17
 1173 000d 11       		.uleb128 0x11
 1174 000e 01       		.uleb128 0x1
 1175 000f 10       		.uleb128 0x10
 1176 0010 17       		.uleb128 0x17
 1177 0011 00       		.byte	0
 1178 0012 00       		.byte	0
 1179 0013 02       		.uleb128 0x2
 1180 0014 24       		.uleb128 0x24
 1181 0015 00       		.byte	0
 1182 0016 0B       		.uleb128 0xb
 1183 0017 0B       		.uleb128 0xb
 1184 0018 3E       		.uleb128 0x3e
 1185 0019 0B       		.uleb128 0xb
 1186 001a 03       		.uleb128 0x3
 1187 001b 0E       		.uleb128 0xe
 1188 001c 00       		.byte	0
 1189 001d 00       		.byte	0
 1190 001e 03       		.uleb128 0x3
 1191 001f 16       		.uleb128 0x16
 1192 0020 00       		.byte	0
 1193 0021 03       		.uleb128 0x3
 1194 0022 0E       		.uleb128 0xe
 1195 0023 3A       		.uleb128 0x3a
ARM GAS  C:\Users\Tim\AppData\Local\Temp\ccfwfD1c.s 			page 25


 1196 0024 0B       		.uleb128 0xb
 1197 0025 3B       		.uleb128 0x3b
 1198 0026 0B       		.uleb128 0xb
 1199 0027 49       		.uleb128 0x49
 1200 0028 13       		.uleb128 0x13
 1201 0029 00       		.byte	0
 1202 002a 00       		.byte	0
 1203 002b 04       		.uleb128 0x4
 1204 002c 24       		.uleb128 0x24
 1205 002d 00       		.byte	0
 1206 002e 0B       		.uleb128 0xb
 1207 002f 0B       		.uleb128 0xb
 1208 0030 3E       		.uleb128 0x3e
 1209 0031 0B       		.uleb128 0xb
 1210 0032 03       		.uleb128 0x3
 1211 0033 08       		.uleb128 0x8
 1212 0034 00       		.byte	0
 1213 0035 00       		.byte	0
 1214 0036 05       		.uleb128 0x5
 1215 0037 16       		.uleb128 0x16
 1216 0038 00       		.byte	0
 1217 0039 03       		.uleb128 0x3
 1218 003a 0E       		.uleb128 0xe
 1219 003b 3A       		.uleb128 0x3a
 1220 003c 0B       		.uleb128 0xb
 1221 003d 3B       		.uleb128 0x3b
 1222 003e 05       		.uleb128 0x5
 1223 003f 49       		.uleb128 0x49
 1224 0040 13       		.uleb128 0x13
 1225 0041 00       		.byte	0
 1226 0042 00       		.byte	0
 1227 0043 06       		.uleb128 0x6
 1228 0044 0F       		.uleb128 0xf
 1229 0045 00       		.byte	0
 1230 0046 0B       		.uleb128 0xb
 1231 0047 0B       		.uleb128 0xb
 1232 0048 49       		.uleb128 0x49
 1233 0049 13       		.uleb128 0x13
 1234 004a 00       		.byte	0
 1235 004b 00       		.byte	0
 1236 004c 07       		.uleb128 0x7
 1237 004d 15       		.uleb128 0x15
 1238 004e 01       		.byte	0x1
 1239 004f 49       		.uleb128 0x49
 1240 0050 13       		.uleb128 0x13
 1241 0051 01       		.uleb128 0x1
 1242 0052 13       		.uleb128 0x13
 1243 0053 00       		.byte	0
 1244 0054 00       		.byte	0
 1245 0055 08       		.uleb128 0x8
 1246 0056 18       		.uleb128 0x18
 1247 0057 00       		.byte	0
 1248 0058 00       		.byte	0
 1249 0059 00       		.byte	0
 1250 005a 09       		.uleb128 0x9
 1251 005b 15       		.uleb128 0x15
 1252 005c 01       		.byte	0x1
ARM GAS  C:\Users\Tim\AppData\Local\Temp\ccfwfD1c.s 			page 26


 1253 005d 27       		.uleb128 0x27
 1254 005e 19       		.uleb128 0x19
 1255 005f 01       		.uleb128 0x1
 1256 0060 13       		.uleb128 0x13
 1257 0061 00       		.byte	0
 1258 0062 00       		.byte	0
 1259 0063 0A       		.uleb128 0xa
 1260 0064 05       		.uleb128 0x5
 1261 0065 00       		.byte	0
 1262 0066 49       		.uleb128 0x49
 1263 0067 13       		.uleb128 0x13
 1264 0068 00       		.byte	0
 1265 0069 00       		.byte	0
 1266 006a 0B       		.uleb128 0xb
 1267 006b 04       		.uleb128 0x4
 1268 006c 01       		.byte	0x1
 1269 006d 0B       		.uleb128 0xb
 1270 006e 0B       		.uleb128 0xb
 1271 006f 3A       		.uleb128 0x3a
 1272 0070 0B       		.uleb128 0xb
 1273 0071 3B       		.uleb128 0x3b
 1274 0072 0B       		.uleb128 0xb
 1275 0073 01       		.uleb128 0x1
 1276 0074 13       		.uleb128 0x13
 1277 0075 00       		.byte	0
 1278 0076 00       		.byte	0
 1279 0077 0C       		.uleb128 0xc
 1280 0078 28       		.uleb128 0x28
 1281 0079 00       		.byte	0
 1282 007a 03       		.uleb128 0x3
 1283 007b 0E       		.uleb128 0xe
 1284 007c 1C       		.uleb128 0x1c
 1285 007d 0D       		.uleb128 0xd
 1286 007e 00       		.byte	0
 1287 007f 00       		.byte	0
 1288 0080 0D       		.uleb128 0xd
 1289 0081 13       		.uleb128 0x13
 1290 0082 01       		.byte	0x1
 1291 0083 0B       		.uleb128 0xb
 1292 0084 0B       		.uleb128 0xb
 1293 0085 3A       		.uleb128 0x3a
 1294 0086 0B       		.uleb128 0xb
 1295 0087 3B       		.uleb128 0x3b
 1296 0088 0B       		.uleb128 0xb
 1297 0089 01       		.uleb128 0x1
 1298 008a 13       		.uleb128 0x13
 1299 008b 00       		.byte	0
 1300 008c 00       		.byte	0
 1301 008d 0E       		.uleb128 0xe
 1302 008e 0D       		.uleb128 0xd
 1303 008f 00       		.byte	0
 1304 0090 03       		.uleb128 0x3
 1305 0091 0E       		.uleb128 0xe
 1306 0092 3A       		.uleb128 0x3a
 1307 0093 0B       		.uleb128 0xb
 1308 0094 3B       		.uleb128 0x3b
 1309 0095 0B       		.uleb128 0xb
ARM GAS  C:\Users\Tim\AppData\Local\Temp\ccfwfD1c.s 			page 27


 1310 0096 49       		.uleb128 0x49
 1311 0097 13       		.uleb128 0x13
 1312 0098 38       		.uleb128 0x38
 1313 0099 0B       		.uleb128 0xb
 1314 009a 00       		.byte	0
 1315 009b 00       		.byte	0
 1316 009c 0F       		.uleb128 0xf
 1317 009d 13       		.uleb128 0x13
 1318 009e 01       		.byte	0x1
 1319 009f 03       		.uleb128 0x3
 1320 00a0 0E       		.uleb128 0xe
 1321 00a1 0B       		.uleb128 0xb
 1322 00a2 0B       		.uleb128 0xb
 1323 00a3 3A       		.uleb128 0x3a
 1324 00a4 0B       		.uleb128 0xb
 1325 00a5 3B       		.uleb128 0x3b
 1326 00a6 0B       		.uleb128 0xb
 1327 00a7 01       		.uleb128 0x1
 1328 00a8 13       		.uleb128 0x13
 1329 00a9 00       		.byte	0
 1330 00aa 00       		.byte	0
 1331 00ab 10       		.uleb128 0x10
 1332 00ac 0D       		.uleb128 0xd
 1333 00ad 00       		.byte	0
 1334 00ae 03       		.uleb128 0x3
 1335 00af 08       		.uleb128 0x8
 1336 00b0 3A       		.uleb128 0x3a
 1337 00b1 0B       		.uleb128 0xb
 1338 00b2 3B       		.uleb128 0x3b
 1339 00b3 0B       		.uleb128 0xb
 1340 00b4 49       		.uleb128 0x49
 1341 00b5 13       		.uleb128 0x13
 1342 00b6 38       		.uleb128 0x38
 1343 00b7 0B       		.uleb128 0xb
 1344 00b8 00       		.byte	0
 1345 00b9 00       		.byte	0
 1346 00ba 11       		.uleb128 0x11
 1347 00bb 01       		.uleb128 0x1
 1348 00bc 01       		.byte	0x1
 1349 00bd 49       		.uleb128 0x49
 1350 00be 13       		.uleb128 0x13
 1351 00bf 01       		.uleb128 0x1
 1352 00c0 13       		.uleb128 0x13
 1353 00c1 00       		.byte	0
 1354 00c2 00       		.byte	0
 1355 00c3 12       		.uleb128 0x12
 1356 00c4 21       		.uleb128 0x21
 1357 00c5 00       		.byte	0
 1358 00c6 49       		.uleb128 0x49
 1359 00c7 13       		.uleb128 0x13
 1360 00c8 2F       		.uleb128 0x2f
 1361 00c9 0B       		.uleb128 0xb
 1362 00ca 00       		.byte	0
 1363 00cb 00       		.byte	0
 1364 00cc 13       		.uleb128 0x13
 1365 00cd 2E       		.uleb128 0x2e
 1366 00ce 01       		.byte	0x1
ARM GAS  C:\Users\Tim\AppData\Local\Temp\ccfwfD1c.s 			page 28


 1367 00cf 03       		.uleb128 0x3
 1368 00d0 0E       		.uleb128 0xe
 1369 00d1 3A       		.uleb128 0x3a
 1370 00d2 0B       		.uleb128 0xb
 1371 00d3 3B       		.uleb128 0x3b
 1372 00d4 0B       		.uleb128 0xb
 1373 00d5 27       		.uleb128 0x27
 1374 00d6 19       		.uleb128 0x19
 1375 00d7 11       		.uleb128 0x11
 1376 00d8 01       		.uleb128 0x1
 1377 00d9 12       		.uleb128 0x12
 1378 00da 06       		.uleb128 0x6
 1379 00db 40       		.uleb128 0x40
 1380 00dc 18       		.uleb128 0x18
 1381 00dd 9642     		.uleb128 0x2116
 1382 00df 19       		.uleb128 0x19
 1383 00e0 01       		.uleb128 0x1
 1384 00e1 13       		.uleb128 0x13
 1385 00e2 00       		.byte	0
 1386 00e3 00       		.byte	0
 1387 00e4 14       		.uleb128 0x14
 1388 00e5 05       		.uleb128 0x5
 1389 00e6 00       		.byte	0
 1390 00e7 03       		.uleb128 0x3
 1391 00e8 08       		.uleb128 0x8
 1392 00e9 3A       		.uleb128 0x3a
 1393 00ea 0B       		.uleb128 0xb
 1394 00eb 3B       		.uleb128 0x3b
 1395 00ec 0B       		.uleb128 0xb
 1396 00ed 49       		.uleb128 0x49
 1397 00ee 13       		.uleb128 0x13
 1398 00ef 02       		.uleb128 0x2
 1399 00f0 17       		.uleb128 0x17
 1400 00f1 00       		.byte	0
 1401 00f2 00       		.byte	0
 1402 00f3 15       		.uleb128 0x15
 1403 00f4 34       		.uleb128 0x34
 1404 00f5 00       		.byte	0
 1405 00f6 03       		.uleb128 0x3
 1406 00f7 0E       		.uleb128 0xe
 1407 00f8 3A       		.uleb128 0x3a
 1408 00f9 0B       		.uleb128 0xb
 1409 00fa 3B       		.uleb128 0x3b
 1410 00fb 0B       		.uleb128 0xb
 1411 00fc 49       		.uleb128 0x49
 1412 00fd 13       		.uleb128 0x13
 1413 00fe 02       		.uleb128 0x2
 1414 00ff 17       		.uleb128 0x17
 1415 0100 00       		.byte	0
 1416 0101 00       		.byte	0
 1417 0102 16       		.uleb128 0x16
 1418 0103 34       		.uleb128 0x34
 1419 0104 00       		.byte	0
 1420 0105 03       		.uleb128 0x3
 1421 0106 08       		.uleb128 0x8
 1422 0107 3A       		.uleb128 0x3a
 1423 0108 0B       		.uleb128 0xb
ARM GAS  C:\Users\Tim\AppData\Local\Temp\ccfwfD1c.s 			page 29


 1424 0109 3B       		.uleb128 0x3b
 1425 010a 0B       		.uleb128 0xb
 1426 010b 49       		.uleb128 0x49
 1427 010c 13       		.uleb128 0x13
 1428 010d 02       		.uleb128 0x2
 1429 010e 17       		.uleb128 0x17
 1430 010f 00       		.byte	0
 1431 0110 00       		.byte	0
 1432 0111 17       		.uleb128 0x17
 1433 0112 898201   		.uleb128 0x4109
 1434 0115 01       		.byte	0x1
 1435 0116 11       		.uleb128 0x11
 1436 0117 01       		.uleb128 0x1
 1437 0118 31       		.uleb128 0x31
 1438 0119 13       		.uleb128 0x13
 1439 011a 01       		.uleb128 0x1
 1440 011b 13       		.uleb128 0x13
 1441 011c 00       		.byte	0
 1442 011d 00       		.byte	0
 1443 011e 18       		.uleb128 0x18
 1444 011f 8A8201   		.uleb128 0x410a
 1445 0122 00       		.byte	0
 1446 0123 02       		.uleb128 0x2
 1447 0124 18       		.uleb128 0x18
 1448 0125 9142     		.uleb128 0x2111
 1449 0127 18       		.uleb128 0x18
 1450 0128 00       		.byte	0
 1451 0129 00       		.byte	0
 1452 012a 19       		.uleb128 0x19
 1453 012b 898201   		.uleb128 0x4109
 1454 012e 00       		.byte	0
 1455 012f 11       		.uleb128 0x11
 1456 0130 01       		.uleb128 0x1
 1457 0131 9342     		.uleb128 0x2113
 1458 0133 18       		.uleb128 0x18
 1459 0134 00       		.byte	0
 1460 0135 00       		.byte	0
 1461 0136 1A       		.uleb128 0x1a
 1462 0137 2E       		.uleb128 0x2e
 1463 0138 01       		.byte	0x1
 1464 0139 3F       		.uleb128 0x3f
 1465 013a 19       		.uleb128 0x19
 1466 013b 03       		.uleb128 0x3
 1467 013c 0E       		.uleb128 0xe
 1468 013d 3A       		.uleb128 0x3a
 1469 013e 0B       		.uleb128 0xb
 1470 013f 3B       		.uleb128 0x3b
 1471 0140 0B       		.uleb128 0xb
 1472 0141 27       		.uleb128 0x27
 1473 0142 19       		.uleb128 0x19
 1474 0143 11       		.uleb128 0x11
 1475 0144 01       		.uleb128 0x1
 1476 0145 12       		.uleb128 0x12
 1477 0146 06       		.uleb128 0x6
 1478 0147 40       		.uleb128 0x40
 1479 0148 18       		.uleb128 0x18
 1480 0149 9742     		.uleb128 0x2117
ARM GAS  C:\Users\Tim\AppData\Local\Temp\ccfwfD1c.s 			page 30


 1481 014b 19       		.uleb128 0x19
 1482 014c 01       		.uleb128 0x1
 1483 014d 13       		.uleb128 0x13
 1484 014e 00       		.byte	0
 1485 014f 00       		.byte	0
 1486 0150 1B       		.uleb128 0x1b
 1487 0151 05       		.uleb128 0x5
 1488 0152 00       		.byte	0
 1489 0153 03       		.uleb128 0x3
 1490 0154 0E       		.uleb128 0xe
 1491 0155 3A       		.uleb128 0x3a
 1492 0156 0B       		.uleb128 0xb
 1493 0157 3B       		.uleb128 0x3b
 1494 0158 0B       		.uleb128 0xb
 1495 0159 49       		.uleb128 0x49
 1496 015a 13       		.uleb128 0x13
 1497 015b 02       		.uleb128 0x2
 1498 015c 17       		.uleb128 0x17
 1499 015d 00       		.byte	0
 1500 015e 00       		.byte	0
 1501 015f 1C       		.uleb128 0x1c
 1502 0160 898201   		.uleb128 0x4109
 1503 0163 01       		.byte	0x1
 1504 0164 11       		.uleb128 0x11
 1505 0165 01       		.uleb128 0x1
 1506 0166 31       		.uleb128 0x31
 1507 0167 13       		.uleb128 0x13
 1508 0168 00       		.byte	0
 1509 0169 00       		.byte	0
 1510 016a 1D       		.uleb128 0x1d
 1511 016b 2E       		.uleb128 0x2e
 1512 016c 00       		.byte	0
 1513 016d 3F       		.uleb128 0x3f
 1514 016e 19       		.uleb128 0x19
 1515 016f 03       		.uleb128 0x3
 1516 0170 0E       		.uleb128 0xe
 1517 0171 3A       		.uleb128 0x3a
 1518 0172 0B       		.uleb128 0xb
 1519 0173 3B       		.uleb128 0x3b
 1520 0174 0B       		.uleb128 0xb
 1521 0175 11       		.uleb128 0x11
 1522 0176 01       		.uleb128 0x1
 1523 0177 12       		.uleb128 0x12
 1524 0178 06       		.uleb128 0x6
 1525 0179 40       		.uleb128 0x40
 1526 017a 18       		.uleb128 0x18
 1527 017b 9742     		.uleb128 0x2117
 1528 017d 19       		.uleb128 0x19
 1529 017e 00       		.byte	0
 1530 017f 00       		.byte	0
 1531 0180 1E       		.uleb128 0x1e
 1532 0181 2E       		.uleb128 0x2e
 1533 0182 01       		.byte	0x1
 1534 0183 3F       		.uleb128 0x3f
 1535 0184 19       		.uleb128 0x19
 1536 0185 03       		.uleb128 0x3
 1537 0186 0E       		.uleb128 0xe
ARM GAS  C:\Users\Tim\AppData\Local\Temp\ccfwfD1c.s 			page 31


 1538 0187 3A       		.uleb128 0x3a
 1539 0188 0B       		.uleb128 0xb
 1540 0189 3B       		.uleb128 0x3b
 1541 018a 0B       		.uleb128 0xb
 1542 018b 11       		.uleb128 0x11
 1543 018c 01       		.uleb128 0x1
 1544 018d 12       		.uleb128 0x12
 1545 018e 06       		.uleb128 0x6
 1546 018f 40       		.uleb128 0x40
 1547 0190 18       		.uleb128 0x18
 1548 0191 9642     		.uleb128 0x2116
 1549 0193 19       		.uleb128 0x19
 1550 0194 01       		.uleb128 0x1
 1551 0195 13       		.uleb128 0x13
 1552 0196 00       		.byte	0
 1553 0197 00       		.byte	0
 1554 0198 1F       		.uleb128 0x1f
 1555 0199 34       		.uleb128 0x34
 1556 019a 00       		.byte	0
 1557 019b 03       		.uleb128 0x3
 1558 019c 0E       		.uleb128 0xe
 1559 019d 3A       		.uleb128 0x3a
 1560 019e 0B       		.uleb128 0xb
 1561 019f 3B       		.uleb128 0x3b
 1562 01a0 0B       		.uleb128 0xb
 1563 01a1 49       		.uleb128 0x49
 1564 01a2 13       		.uleb128 0x13
 1565 01a3 02       		.uleb128 0x2
 1566 01a4 18       		.uleb128 0x18
 1567 01a5 00       		.byte	0
 1568 01a6 00       		.byte	0
 1569 01a7 20       		.uleb128 0x20
 1570 01a8 898201   		.uleb128 0x4109
 1571 01ab 00       		.byte	0
 1572 01ac 11       		.uleb128 0x11
 1573 01ad 01       		.uleb128 0x1
 1574 01ae 31       		.uleb128 0x31
 1575 01af 13       		.uleb128 0x13
 1576 01b0 00       		.byte	0
 1577 01b1 00       		.byte	0
 1578 01b2 21       		.uleb128 0x21
 1579 01b3 34       		.uleb128 0x34
 1580 01b4 00       		.byte	0
 1581 01b5 03       		.uleb128 0x3
 1582 01b6 0E       		.uleb128 0xe
 1583 01b7 3A       		.uleb128 0x3a
 1584 01b8 0B       		.uleb128 0xb
 1585 01b9 3B       		.uleb128 0x3b
 1586 01ba 05       		.uleb128 0x5
 1587 01bb 49       		.uleb128 0x49
 1588 01bc 13       		.uleb128 0x13
 1589 01bd 3F       		.uleb128 0x3f
 1590 01be 19       		.uleb128 0x19
 1591 01bf 3C       		.uleb128 0x3c
 1592 01c0 19       		.uleb128 0x19
 1593 01c1 00       		.byte	0
 1594 01c2 00       		.byte	0
ARM GAS  C:\Users\Tim\AppData\Local\Temp\ccfwfD1c.s 			page 32


 1595 01c3 22       		.uleb128 0x22
 1596 01c4 35       		.uleb128 0x35
 1597 01c5 00       		.byte	0
 1598 01c6 49       		.uleb128 0x49
 1599 01c7 13       		.uleb128 0x13
 1600 01c8 00       		.byte	0
 1601 01c9 00       		.byte	0
 1602 01ca 23       		.uleb128 0x23
 1603 01cb 34       		.uleb128 0x34
 1604 01cc 00       		.byte	0
 1605 01cd 03       		.uleb128 0x3
 1606 01ce 0E       		.uleb128 0xe
 1607 01cf 3A       		.uleb128 0x3a
 1608 01d0 0B       		.uleb128 0xb
 1609 01d1 3B       		.uleb128 0x3b
 1610 01d2 0B       		.uleb128 0xb
 1611 01d3 49       		.uleb128 0x49
 1612 01d4 13       		.uleb128 0x13
 1613 01d5 3F       		.uleb128 0x3f
 1614 01d6 19       		.uleb128 0x19
 1615 01d7 02       		.uleb128 0x2
 1616 01d8 18       		.uleb128 0x18
 1617 01d9 00       		.byte	0
 1618 01da 00       		.byte	0
 1619 01db 24       		.uleb128 0x24
 1620 01dc 2E       		.uleb128 0x2e
 1621 01dd 01       		.byte	0x1
 1622 01de 3F       		.uleb128 0x3f
 1623 01df 19       		.uleb128 0x19
 1624 01e0 03       		.uleb128 0x3
 1625 01e1 0E       		.uleb128 0xe
 1626 01e2 3A       		.uleb128 0x3a
 1627 01e3 0B       		.uleb128 0xb
 1628 01e4 3B       		.uleb128 0x3b
 1629 01e5 05       		.uleb128 0x5
 1630 01e6 27       		.uleb128 0x27
 1631 01e7 19       		.uleb128 0x19
 1632 01e8 3C       		.uleb128 0x3c
 1633 01e9 19       		.uleb128 0x19
 1634 01ea 01       		.uleb128 0x1
 1635 01eb 13       		.uleb128 0x13
 1636 01ec 00       		.byte	0
 1637 01ed 00       		.byte	0
 1638 01ee 25       		.uleb128 0x25
 1639 01ef 2E       		.uleb128 0x2e
 1640 01f0 01       		.byte	0x1
 1641 01f1 3F       		.uleb128 0x3f
 1642 01f2 19       		.uleb128 0x19
 1643 01f3 03       		.uleb128 0x3
 1644 01f4 0E       		.uleb128 0xe
 1645 01f5 3A       		.uleb128 0x3a
 1646 01f6 0B       		.uleb128 0xb
 1647 01f7 3B       		.uleb128 0x3b
 1648 01f8 0B       		.uleb128 0xb
 1649 01f9 27       		.uleb128 0x27
 1650 01fa 19       		.uleb128 0x19
 1651 01fb 49       		.uleb128 0x49
ARM GAS  C:\Users\Tim\AppData\Local\Temp\ccfwfD1c.s 			page 33


 1652 01fc 13       		.uleb128 0x13
 1653 01fd 3C       		.uleb128 0x3c
 1654 01fe 19       		.uleb128 0x19
 1655 01ff 01       		.uleb128 0x1
 1656 0200 13       		.uleb128 0x13
 1657 0201 00       		.byte	0
 1658 0202 00       		.byte	0
 1659 0203 26       		.uleb128 0x26
 1660 0204 2E       		.uleb128 0x2e
 1661 0205 01       		.byte	0x1
 1662 0206 3F       		.uleb128 0x3f
 1663 0207 19       		.uleb128 0x19
 1664 0208 03       		.uleb128 0x3
 1665 0209 0E       		.uleb128 0xe
 1666 020a 3A       		.uleb128 0x3a
 1667 020b 0B       		.uleb128 0xb
 1668 020c 3B       		.uleb128 0x3b
 1669 020d 0B       		.uleb128 0xb
 1670 020e 27       		.uleb128 0x27
 1671 020f 19       		.uleb128 0x19
 1672 0210 3C       		.uleb128 0x3c
 1673 0211 19       		.uleb128 0x19
 1674 0212 01       		.uleb128 0x1
 1675 0213 13       		.uleb128 0x13
 1676 0214 00       		.byte	0
 1677 0215 00       		.byte	0
 1678 0216 27       		.uleb128 0x27
 1679 0217 2E       		.uleb128 0x2e
 1680 0218 01       		.byte	0x1
 1681 0219 3F       		.uleb128 0x3f
 1682 021a 19       		.uleb128 0x19
 1683 021b 03       		.uleb128 0x3
 1684 021c 0E       		.uleb128 0xe
 1685 021d 3A       		.uleb128 0x3a
 1686 021e 0B       		.uleb128 0xb
 1687 021f 3B       		.uleb128 0x3b
 1688 0220 0B       		.uleb128 0xb
 1689 0221 49       		.uleb128 0x49
 1690 0222 13       		.uleb128 0x13
 1691 0223 3C       		.uleb128 0x3c
 1692 0224 19       		.uleb128 0x19
 1693 0225 01       		.uleb128 0x1
 1694 0226 13       		.uleb128 0x13
 1695 0227 00       		.byte	0
 1696 0228 00       		.byte	0
 1697 0229 28       		.uleb128 0x28
 1698 022a 2E       		.uleb128 0x2e
 1699 022b 01       		.byte	0x1
 1700 022c 3F       		.uleb128 0x3f
 1701 022d 19       		.uleb128 0x19
 1702 022e 03       		.uleb128 0x3
 1703 022f 0E       		.uleb128 0xe
 1704 0230 3A       		.uleb128 0x3a
 1705 0231 0B       		.uleb128 0xb
 1706 0232 3B       		.uleb128 0x3b
 1707 0233 0B       		.uleb128 0xb
 1708 0234 27       		.uleb128 0x27
ARM GAS  C:\Users\Tim\AppData\Local\Temp\ccfwfD1c.s 			page 34


 1709 0235 19       		.uleb128 0x19
 1710 0236 3C       		.uleb128 0x3c
 1711 0237 19       		.uleb128 0x19
 1712 0238 00       		.byte	0
 1713 0239 00       		.byte	0
 1714 023a 00       		.byte	0
 1715              		.section	.debug_loc,"",%progbits
 1716              	.Ldebug_loc0:
 1717              	.LLST0:
 1718 0000 00000000 		.4byte	.LVL0
 1719 0004 09000000 		.4byte	.LVL1-1
 1720 0008 0100     		.2byte	0x1
 1721 000a 50       		.byte	0x50
 1722 000b 09000000 		.4byte	.LVL1-1
 1723 000f 90000000 		.4byte	.LVL19
 1724 0013 0100     		.2byte	0x1
 1725 0015 55       		.byte	0x55
 1726 0016 90000000 		.4byte	.LVL19
 1727 001a A6000000 		.4byte	.LVL23
 1728 001e 0300     		.2byte	0x3
 1729 0020 78       		.byte	0x78
 1730 0021 78       		.sleb128 -8
 1731 0022 9F       		.byte	0x9f
 1732 0023 A6000000 		.4byte	.LVL23
 1733 0027 B0000000 		.4byte	.LFE65
 1734 002b 0400     		.2byte	0x4
 1735 002d F3       		.byte	0xf3
 1736 002e 01       		.uleb128 0x1
 1737 002f 50       		.byte	0x50
 1738 0030 9F       		.byte	0x9f
 1739 0031 00000000 		.4byte	0
 1740 0035 00000000 		.4byte	0
 1741              	.LLST1:
 1742 0039 0C000000 		.4byte	.LVL2
 1743 003d 11000000 		.4byte	.LVL3-1
 1744 0041 0100     		.2byte	0x1
 1745 0043 50       		.byte	0x50
 1746 0044 11000000 		.4byte	.LVL3-1
 1747 0048 A6000000 		.4byte	.LVL23
 1748 004c 0100     		.2byte	0x1
 1749 004e 59       		.byte	0x59
 1750 004f 00000000 		.4byte	0
 1751 0053 00000000 		.4byte	0
 1752              	.LLST2:
 1753 0057 1E000000 		.4byte	.LVL4
 1754 005b A6000000 		.4byte	.LVL23
 1755 005f 0100     		.2byte	0x1
 1756 0061 5A       		.byte	0x5a
 1757 0062 00000000 		.4byte	0
 1758 0066 00000000 		.4byte	0
 1759              	.LLST3:
 1760 006a 24000000 		.4byte	.LVL6
 1761 006e 2A000000 		.4byte	.LVL7
 1762 0072 0100     		.2byte	0x1
 1763 0074 50       		.byte	0x50
 1764 0075 2A000000 		.4byte	.LVL7
 1765 0079 8E000000 		.4byte	.LVL18
ARM GAS  C:\Users\Tim\AppData\Local\Temp\ccfwfD1c.s 			page 35


 1766 007d 0100     		.2byte	0x1
 1767 007f 54       		.byte	0x54
 1768 0080 00000000 		.4byte	0
 1769 0084 00000000 		.4byte	0
 1770              	.LLST4:
 1771 0088 00000000 		.4byte	.LVL24
 1772 008c 3A000000 		.4byte	.LVL25
 1773 0090 0100     		.2byte	0x1
 1774 0092 50       		.byte	0x50
 1775 0093 3A000000 		.4byte	.LVL25
 1776 0097 43000000 		.4byte	.LVL27-1
 1777 009b 0500     		.2byte	0x5
 1778 009d 03       		.byte	0x3
 1779 009e 44000000 		.4byte	left_pid+68
 1780 00a2 43000000 		.4byte	.LVL27-1
 1781 00a6 84000000 		.4byte	.LFE63
 1782 00aa 0400     		.2byte	0x4
 1783 00ac F3       		.byte	0xf3
 1784 00ad 01       		.uleb128 0x1
 1785 00ae 50       		.byte	0x50
 1786 00af 9F       		.byte	0x9f
 1787 00b0 00000000 		.4byte	0
 1788 00b4 00000000 		.4byte	0
 1789              	.LLST5:
 1790 00b8 00000000 		.4byte	.LVL24
 1791 00bc 3C000000 		.4byte	.LVL26
 1792 00c0 0100     		.2byte	0x1
 1793 00c2 51       		.byte	0x51
 1794 00c3 3C000000 		.4byte	.LVL26
 1795 00c7 43000000 		.4byte	.LVL27-1
 1796 00cb 0500     		.2byte	0x5
 1797 00cd 03       		.byte	0x3
 1798 00ce 98000000 		.4byte	right_pid+68
 1799 00d2 43000000 		.4byte	.LVL27-1
 1800 00d6 84000000 		.4byte	.LFE63
 1801 00da 0400     		.2byte	0x4
 1802 00dc F3       		.byte	0xf3
 1803 00dd 01       		.uleb128 0x1
 1804 00de 51       		.byte	0x51
 1805 00df 9F       		.byte	0x9f
 1806 00e0 00000000 		.4byte	0
 1807 00e4 00000000 		.4byte	0
 1808              	.LLST6:
 1809 00e8 0A000000 		.4byte	.LVL30
 1810 00ec 0C000000 		.4byte	.LVL31
 1811 00f0 0600     		.2byte	0x6
 1812 00f2 70       		.byte	0x70
 1813 00f3 00       		.sleb128 0
 1814 00f4 73       		.byte	0x73
 1815 00f5 00       		.sleb128 0
 1816 00f6 1C       		.byte	0x1c
 1817 00f7 9F       		.byte	0x9f
 1818 00f8 0C000000 		.4byte	.LVL31
 1819 00fc 0F000000 		.4byte	.LVL32-1
 1820 0100 0100     		.2byte	0x1
 1821 0102 50       		.byte	0x50
 1822 0103 00000000 		.4byte	0
ARM GAS  C:\Users\Tim\AppData\Local\Temp\ccfwfD1c.s 			page 36


 1823 0107 00000000 		.4byte	0
 1824              		.section	.debug_aranges,"",%progbits
 1825 0000 34000000 		.4byte	0x34
 1826 0004 0200     		.2byte	0x2
 1827 0006 00000000 		.4byte	.Ldebug_info0
 1828 000a 04       		.byte	0x4
 1829 000b 00       		.byte	0
 1830 000c 0000     		.2byte	0
 1831 000e 0000     		.2byte	0
 1832 0010 00000000 		.4byte	.LFB65
 1833 0014 B0000000 		.4byte	.LFE65-.LFB65
 1834 0018 00000000 		.4byte	.LFB63
 1835 001c 84000000 		.4byte	.LFE63-.LFB63
 1836 0020 00000000 		.4byte	.LFB64
 1837 0024 02000000 		.4byte	.LFE64-.LFB64
 1838 0028 00000000 		.4byte	.LFB66
 1839 002c 50000000 		.4byte	.LFE66-.LFB66
 1840 0030 00000000 		.4byte	0
 1841 0034 00000000 		.4byte	0
 1842              		.section	.debug_ranges,"",%progbits
 1843              	.Ldebug_ranges0:
 1844 0000 00000000 		.4byte	.LFB65
 1845 0004 B0000000 		.4byte	.LFE65
 1846 0008 00000000 		.4byte	.LFB63
 1847 000c 84000000 		.4byte	.LFE63
 1848 0010 00000000 		.4byte	.LFB64
 1849 0014 02000000 		.4byte	.LFE64
 1850 0018 00000000 		.4byte	.LFB66
 1851 001c 50000000 		.4byte	.LFE66
 1852 0020 00000000 		.4byte	0
 1853 0024 00000000 		.4byte	0
 1854              		.section	.debug_line,"",%progbits
 1855              	.Ldebug_line0:
 1856 0000 1B020000 		.section	.debug_str,"MS",%progbits,1
 1856      02009001 
 1856      00000201 
 1856      FB0E0D00 
 1856      01010101 
 1857              	.LASF27:
 1858 0000 52455645 		.ascii	"REVERSE\000"
 1858      52534500 
 1859              	.LASF3:
 1860 0008 73686F72 		.ascii	"short int\000"
 1860      7420696E 
 1860      7400
 1861              	.LASF29:
 1862 0012 696E7075 		.ascii	"input\000"
 1862      7400
 1863              	.LASF10:
 1864 0018 73697A65 		.ascii	"sizetype\000"
 1864      74797065 
 1864      00
 1865              	.LASF54:
 1866 0021 6C656674 		.ascii	"left_target\000"
 1866      5F746172 
 1866      67657400 
 1867              	.LASF48:
ARM GAS  C:\Users\Tim\AppData\Local\Temp\ccfwfD1c.s 			page 37


 1868 002d 6765745F 		.ascii	"get_encoder\000"
 1868      656E636F 
 1868      64657200 
 1869              	.LASF58:
 1870 0039 64656C74 		.ascii	"delta_time\000"
 1870      615F7469 
 1870      6D6500
 1871              	.LASF53:
 1872 0044 656E635F 		.ascii	"enc_speed\000"
 1872      73706565 
 1872      6400
 1873              	.LASF42:
 1874 004e 73657470 		.ascii	"setpoint\000"
 1874      6F696E74 
 1874      00
 1875              	.LASF59:
 1876 0057 6C656674 		.ascii	"left_pid\000"
 1876      5F706964 
 1876      00
 1877              	.LASF44:
 1878 0060 6D6F6465 		.ascii	"mode\000"
 1878      00
 1879              	.LASF15:
 1880 0065 75696E74 		.ascii	"uint16\000"
 1880      313600
 1881              	.LASF51:
 1882 006c 5049445F 		.ascii	"PID_TYPE\000"
 1882      54595045 
 1882      00
 1883              	.LASF60:
 1884 0075 72696768 		.ascii	"right_pid\000"
 1884      745F7069 
 1884      6400
 1885              	.LASF50:
 1886 007f 6765745F 		.ascii	"get_pwm\000"
 1886      70776D00 
 1887              	.LASF14:
 1888 0087 75696E74 		.ascii	"uint8\000"
 1888      3800
 1889              	.LASF30:
 1890 008d 6C617374 		.ascii	"lastInput\000"
 1890      496E7075 
 1890      7400
 1891              	.LASF43:
 1892 0097 636F6E74 		.ascii	"controllerDirection\000"
 1892      726F6C6C 
 1892      65724469 
 1892      72656374 
 1892      696F6E00 
 1893              	.LASF0:
 1894 00ab 666C6F61 		.ascii	"float\000"
 1894      7400
 1895              	.LASF70:
 1896 00b1 443A5C70 		.ascii	"D:\\projects\\ArloBot\\arlobot_freesoc\\freesoc.cyd"
 1896      726F6A65 
 1896      6374735C 
 1896      41726C6F 
ARM GAS  C:\Users\Tim\AppData\Local\Temp\ccfwfD1c.s 			page 38


 1896      426F745C 
 1897 00e0 736E00   		.ascii	"sn\000"
 1898              	.LASF7:
 1899 00e3 6C6F6E67 		.ascii	"long long int\000"
 1899      206C6F6E 
 1899      6720696E 
 1899      7400
 1900              	.LASF17:
 1901 00f1 696E7438 		.ascii	"int8\000"
 1901      00
 1902              	.LASF5:
 1903 00f6 6C6F6E67 		.ascii	"long int\000"
 1903      20696E74 
 1903      00
 1904              	.LASF67:
 1905 00ff 6D696C6C 		.ascii	"millis\000"
 1905      697300
 1906              	.LASF49:
 1907 0106 7365745F 		.ascii	"set_motor\000"
 1907      6D6F746F 
 1907      7200
 1908              	.LASF63:
 1909 0110 50494453 		.ascii	"PIDSetpointSet\000"
 1909      6574706F 
 1909      696E7453 
 1909      657400
 1910              	.LASF39:
 1911 011f 73616D70 		.ascii	"sampleTime\000"
 1911      6C655469 
 1911      6D6500
 1912              	.LASF46:
 1913 012a 6E616D65 		.ascii	"name\000"
 1913      00
 1914              	.LASF37:
 1915 012f 616C7465 		.ascii	"alteredKd\000"
 1915      7265644B 
 1915      6400
 1916              	.LASF36:
 1917 0139 616C7465 		.ascii	"alteredKi\000"
 1917      7265644B 
 1917      6900
 1918              	.LASF25:
 1919 0143 5049444D 		.ascii	"PIDMode\000"
 1919      6F646500 
 1920              	.LASF2:
 1921 014b 756E7369 		.ascii	"unsigned char\000"
 1921      676E6564 
 1921      20636861 
 1921      7200
 1922              	.LASF52:
 1923 0159 7467745F 		.ascii	"tgt_speed\000"
 1923      73706565 
 1923      6400
 1924              	.LASF35:
 1925 0163 616C7465 		.ascii	"alteredKp\000"
 1925      7265644B 
 1925      7000
ARM GAS  C:\Users\Tim\AppData\Local\Temp\ccfwfD1c.s 			page 39


 1926              	.LASF74:
 1927 016d 5069645F 		.ascii	"Pid_Start\000"
 1927      53746172 
 1927      7400
 1928              	.LASF1:
 1929 0177 7369676E 		.ascii	"signed char\000"
 1929      65642063 
 1929      68617200 
 1930              	.LASF8:
 1931 0183 6C6F6E67 		.ascii	"long long unsigned int\000"
 1931      206C6F6E 
 1931      6720756E 
 1931      7369676E 
 1931      65642069 
 1932              	.LASF76:
 1933 019a 50494443 		.ascii	"PIDCompute\000"
 1933      6F6D7075 
 1933      746500
 1934              	.LASF9:
 1935 01a5 756E7369 		.ascii	"unsigned int\000"
 1935      676E6564 
 1935      20696E74 
 1935      00
 1936              	.LASF57:
 1937 01b2 7069645F 		.ascii	"pid_sched_offset_applied\000"
 1937      73636865 
 1937      645F6F66 
 1937      66736574 
 1937      5F617070 
 1938              	.LASF64:
 1939 01cb 50494449 		.ascii	"PIDInputSet\000"
 1939      6E707574 
 1939      53657400 
 1940              	.LASF24:
 1941 01d7 4155544F 		.ascii	"AUTOMATIC\000"
 1941      4D415449 
 1941      4300
 1942              	.LASF56:
 1943 01e1 6C617374 		.ascii	"last_update_time\000"
 1943      5F757064 
 1943      6174655F 
 1943      74696D65 
 1943      00
 1944              	.LASF41:
 1945 01f2 6F75744D 		.ascii	"outMax\000"
 1945      617800
 1946              	.LASF4:
 1947 01f9 73686F72 		.ascii	"short unsigned int\000"
 1947      7420756E 
 1947      7369676E 
 1947      65642069 
 1947      6E7400
 1948              	.LASF19:
 1949 020c 4745545F 		.ascii	"GET_TARGET_TYPE\000"
 1949      54415247 
 1949      45545F54 
 1949      59504500 
ARM GAS  C:\Users\Tim\AppData\Local\Temp\ccfwfD1c.s 			page 40


 1950              	.LASF23:
 1951 021c 4D414E55 		.ascii	"MANUAL\000"
 1951      414C00
 1952              	.LASF11:
 1953 0223 63686172 		.ascii	"char\000"
 1953      00
 1954              	.LASF68:
 1955 0228 474E5520 		.ascii	"GNU C 4.9.3 20150303 (release) [ARM/embedded-4_9-br"
 1955      4320342E 
 1955      392E3320 
 1955      32303135 
 1955      30333033 
 1956 025b 616E6368 		.ascii	"anch revision 221220] -mcpu=cortex-m3 -mthumb -g -O"
 1956      20726576 
 1956      6973696F 
 1956      6E203232 
 1956      31323230 
 1957 028e 67202D66 		.ascii	"g -ffunction-sections -ffat-lto-objects\000"
 1957      66756E63 
 1957      74696F6E 
 1957      2D736563 
 1957      74696F6E 
 1958              	.LASF55:
 1959 02b6 72696768 		.ascii	"right_target\000"
 1959      745F7461 
 1959      72676574 
 1959      00
 1960              	.LASF13:
 1961 02c3 696E7433 		.ascii	"int32_t\000"
 1961      325F7400 
 1962              	.LASF28:
 1963 02cb 50494444 		.ascii	"PIDDirection\000"
 1963      69726563 
 1963      74696F6E 
 1963      00
 1964              	.LASF65:
 1965 02d8 5F426F6F 		.ascii	"_Bool\000"
 1965      6C00
 1966              	.LASF40:
 1967 02de 6F75744D 		.ascii	"outMin\000"
 1967      696E00
 1968              	.LASF34:
 1969 02e5 64697370 		.ascii	"dispKd\000"
 1969      4B6400
 1970              	.LASF33:
 1971 02ec 64697370 		.ascii	"dispKi\000"
 1971      4B6900
 1972              	.LASF16:
 1973 02f3 75696E74 		.ascii	"uint32\000"
 1973      333200
 1974              	.LASF6:
 1975 02fa 6C6F6E67 		.ascii	"long unsigned int\000"
 1975      20756E73 
 1975      69676E65 
 1975      6420696E 
 1975      7400
 1976              	.LASF32:
ARM GAS  C:\Users\Tim\AppData\Local\Temp\ccfwfD1c.s 			page 41


 1977 030c 64697370 		.ascii	"dispKp\000"
 1977      4B7000
 1978              	.LASF18:
 1979 0313 646F7562 		.ascii	"double\000"
 1979      6C6500
 1980              	.LASF71:
 1981 031a 5F706964 		.ascii	"_pid_tag\000"
 1981      5F746167 
 1981      00
 1982              	.LASF69:
 1983 0323 2E2E5C73 		.ascii	"..\\source\\pid.c\000"
 1983      6F757263 
 1983      655C7069 
 1983      642E6300 
 1984              	.LASF75:
 1985 0333 5069645F 		.ascii	"Pid_Update\000"
 1985      55706461 
 1985      746500
 1986              	.LASF38:
 1987 033e 69546572 		.ascii	"iTerm\000"
 1987      6D00
 1988              	.LASF12:
 1989 0344 5F5F696E 		.ascii	"__int32_t\000"
 1989      7433325F 
 1989      7400
 1990              	.LASF62:
 1991 034e 666F726D 		.ascii	"formatted_string\000"
 1991      61747465 
 1991      645F7374 
 1991      72696E67 
 1991      00
 1992              	.LASF31:
 1993 035f 6F757470 		.ascii	"output\000"
 1993      757400
 1994              	.LASF47:
 1995 0366 6765745F 		.ascii	"get_target\000"
 1995      74617267 
 1995      657400
 1996              	.LASF72:
 1997 0371 50726F63 		.ascii	"ProcessPid\000"
 1997      65737350 
 1997      696400
 1998              	.LASF61:
 1999 037c 49544D5F 		.ascii	"ITM_RxBuffer\000"
 1999      52784275 
 1999      66666572 
 1999      00
 2000              	.LASF26:
 2001 0389 44495245 		.ascii	"DIRECT\000"
 2001      435400
 2002              	.LASF77:
 2003 0390 43794465 		.ascii	"CyDelay\000"
 2003      6C617900 
 2004              	.LASF20:
 2005 0398 4745545F 		.ascii	"GET_ENCODER_TYPE\000"
 2005      454E434F 
 2005      4445525F 
ARM GAS  C:\Users\Tim\AppData\Local\Temp\ccfwfD1c.s 			page 42


 2005      54595045 
 2005      00
 2006              	.LASF73:
 2007 03a9 5069645F 		.ascii	"Pid_Init\000"
 2007      496E6974 
 2007      00
 2008              	.LASF66:
 2009 03b2 50494449 		.ascii	"PIDInit\000"
 2009      6E697400 
 2010              	.LASF45:
 2011 03ba 50494443 		.ascii	"PIDControl\000"
 2011      6F6E7472 
 2011      6F6C00
 2012              	.LASF22:
 2013 03c5 4745545F 		.ascii	"GET_MOTOR_PWM_TYPE\000"
 2013      4D4F544F 
 2013      525F5057 
 2013      4D5F5459 
 2013      504500
 2014              	.LASF21:
 2015 03d8 5345545F 		.ascii	"SET_MOTOR_TYPE\000"
 2015      4D4F544F 
 2015      525F5459 
 2015      504500
 2016              		.ident	"GCC: (GNU Tools for ARM Embedded Processors) 4.9.3 20150303 (release) [ARM/embedded-4_9-br
