--------------- Rebuild Started: 07/25/2016 10:00:18 Project: calpid.c, Configuration: ARM GCC 4.9-2015-q1-update Debug ---------------
arm-none-eabi-gcc.exe -mcpu=cortex-m3 -mthumb -Wno-main -I. -IGenerated_Source\PSoC5 -Wa,-alh=.\CortexM3\ARM_GCC_493\Debug/calpid.lst -g -D DEBUG -Wall -ffunction-sections -Og -ffat-lto-objects -c ..\source\calpid.c -o .\CortexM3\ARM_GCC_493\Debug\calpid.o
..\source\calpid.c: In function 'Start':
..\source\calpid.c:151:21: warning: unused variable 'p_pid_params' [-Wunused-variable]
     CAL_PID_PARAMS *p_pid_params = (CAL_PID_PARAMS *)params;
                     ^
..\source\calpid.c:150:11: warning: variable 'gains' set but not used [-Wunused-but-set-variable]
     float gains[3];
           ^
..\source\calpid.c: At top level:
..\source\calpid.c:28:15: warning: 'old_debug_control_enabled' defined but not used [-Wunused-variable]
 static uint16 old_debug_control_enabled;
               ^
..\source\calpid.c:74:13: warning: 'OutputGains' defined but not used [-Wunused-function]
 static void OutputGains(char *label, float *gains)
             ^
..\source\calpid.c:89:13: warning: 'StoreLeftGains' defined but not used [-Wunused-function]
 static void StoreLeftGains(float *gains)
             ^
..\source\calpid.c:96:13: warning: 'StoreRightGains' defined but not used [-Wunused-function]
 static void StoreRightGains(float *gains)
             ^
..\source\calpid.c:103:14: warning: 'GetStepVelocity' defined but not used [-Wunused-function]
 static float GetStepVelocity()
              ^
--------------- Rebuild Succeeded: 07/25/2016 10:00:19 ---------------
