ARM GAS  C:\Users\tslator\AppData\Local\Temp\cc0BPPik.s 			page 1


   1              		.syntax unified
   2              		.cpu cortex-m3
   3              		.fpu softvfp
   4              		.eabi_attribute 20, 1
   5              		.eabi_attribute 21, 1
   6              		.eabi_attribute 23, 3
   7              		.eabi_attribute 24, 1
   8              		.eabi_attribute 25, 1
   9              		.eabi_attribute 26, 1
  10              		.eabi_attribute 30, 1
  11              		.eabi_attribute 34, 1
  12              		.eabi_attribute 18, 4
  13              		.thumb
  14              		.file	"Right_QuadDec_INT.c"
  15              		.text
  16              	.Ltext0:
  17              		.cfi_sections	.debug_frame
  18              		.section	.text.Right_QuadDec_ISR,"ax",%progbits
  19              		.align	2
  20              		.global	Right_QuadDec_ISR
  21              		.thumb
  22              		.thumb_func
  23              		.type	Right_QuadDec_ISR, %function
  24              	Right_QuadDec_ISR:
  25              	.LFB0:
  26              		.file 1 ".\\Generated_Source\\PSoC5\\Right_QuadDec_INT.c"
   1:.\Generated_Source\PSoC5/Right_QuadDec_INT.c **** /*******************************************************************************
   2:.\Generated_Source\PSoC5/Right_QuadDec_INT.c **** * File Name: Right_QuadDec_INT.c
   3:.\Generated_Source\PSoC5/Right_QuadDec_INT.c **** * Version 3.0
   4:.\Generated_Source\PSoC5/Right_QuadDec_INT.c **** *
   5:.\Generated_Source\PSoC5/Right_QuadDec_INT.c **** * Description:
   6:.\Generated_Source\PSoC5/Right_QuadDec_INT.c **** *  This file contains the Interrupt Service Routine (ISR) for the Quadrature
   7:.\Generated_Source\PSoC5/Right_QuadDec_INT.c **** *  Decoder component.
   8:.\Generated_Source\PSoC5/Right_QuadDec_INT.c **** *
   9:.\Generated_Source\PSoC5/Right_QuadDec_INT.c **** * Note:
  10:.\Generated_Source\PSoC5/Right_QuadDec_INT.c **** *  None.
  11:.\Generated_Source\PSoC5/Right_QuadDec_INT.c **** *
  12:.\Generated_Source\PSoC5/Right_QuadDec_INT.c **** ********************************************************************************
  13:.\Generated_Source\PSoC5/Right_QuadDec_INT.c **** * Copyright 2008-2014, Cypress Semiconductor Corporation.  All rights reserved.
  14:.\Generated_Source\PSoC5/Right_QuadDec_INT.c **** * You may use this file only in accordance with the license, terms, conditions, 
  15:.\Generated_Source\PSoC5/Right_QuadDec_INT.c **** * disclaimers, and limitations in the end user license agreement accompanying
  16:.\Generated_Source\PSoC5/Right_QuadDec_INT.c **** * the software package with which this file was provided.
  17:.\Generated_Source\PSoC5/Right_QuadDec_INT.c **** *******************************************************************************/
  18:.\Generated_Source\PSoC5/Right_QuadDec_INT.c **** 
  19:.\Generated_Source\PSoC5/Right_QuadDec_INT.c **** #include "Right_QuadDec.h"
  20:.\Generated_Source\PSoC5/Right_QuadDec_INT.c **** #include "Right_QuadDec_PVT.h"
  21:.\Generated_Source\PSoC5/Right_QuadDec_INT.c **** #include "cyapicallbacks.h"
  22:.\Generated_Source\PSoC5/Right_QuadDec_INT.c **** 
  23:.\Generated_Source\PSoC5/Right_QuadDec_INT.c **** volatile int32 Right_QuadDec_count32SoftPart = 0;
  24:.\Generated_Source\PSoC5/Right_QuadDec_INT.c **** 
  25:.\Generated_Source\PSoC5/Right_QuadDec_INT.c **** 
  26:.\Generated_Source\PSoC5/Right_QuadDec_INT.c **** /*******************************************************************************
  27:.\Generated_Source\PSoC5/Right_QuadDec_INT.c **** * FUNCTION NAME: void Right_QuadDec_ISR
  28:.\Generated_Source\PSoC5/Right_QuadDec_INT.c **** ********************************************************************************
  29:.\Generated_Source\PSoC5/Right_QuadDec_INT.c **** *
  30:.\Generated_Source\PSoC5/Right_QuadDec_INT.c **** * Summary:
  31:.\Generated_Source\PSoC5/Right_QuadDec_INT.c **** *  Interrupt Service Routine for Quadrature Decoder Component.
ARM GAS  C:\Users\tslator\AppData\Local\Temp\cc0BPPik.s 			page 2


  32:.\Generated_Source\PSoC5/Right_QuadDec_INT.c **** *
  33:.\Generated_Source\PSoC5/Right_QuadDec_INT.c **** * Parameters:
  34:.\Generated_Source\PSoC5/Right_QuadDec_INT.c **** *  None.
  35:.\Generated_Source\PSoC5/Right_QuadDec_INT.c **** *
  36:.\Generated_Source\PSoC5/Right_QuadDec_INT.c **** * Return:
  37:.\Generated_Source\PSoC5/Right_QuadDec_INT.c **** *  None.
  38:.\Generated_Source\PSoC5/Right_QuadDec_INT.c **** *
  39:.\Generated_Source\PSoC5/Right_QuadDec_INT.c **** * Global variables:
  40:.\Generated_Source\PSoC5/Right_QuadDec_INT.c **** *  Right_QuadDec_count32SoftPart - modified to update hi 16 bit for current
  41:.\Generated_Source\PSoC5/Right_QuadDec_INT.c **** *  value of the 32-bit counter, when Counter size equal 32-bit.
  42:.\Generated_Source\PSoC5/Right_QuadDec_INT.c **** *  Right_QuadDec_swStatus - modified with the updated values of STATUS
  43:.\Generated_Source\PSoC5/Right_QuadDec_INT.c **** *  register.
  44:.\Generated_Source\PSoC5/Right_QuadDec_INT.c **** *
  45:.\Generated_Source\PSoC5/Right_QuadDec_INT.c **** *******************************************************************************/
  46:.\Generated_Source\PSoC5/Right_QuadDec_INT.c **** CY_ISR( Right_QuadDec_ISR )
  47:.\Generated_Source\PSoC5/Right_QuadDec_INT.c **** {
  27              		.loc 1 47 0
  28              		.cfi_startproc
  29              		@ args = 0, pretend = 0, frame = 0
  30              		@ frame_needed = 0, uses_anonymous_args = 0
  31              		@ link register save eliminated.
  48:.\Generated_Source\PSoC5/Right_QuadDec_INT.c ****    uint8 Right_QuadDec_swStatus;
  49:.\Generated_Source\PSoC5/Right_QuadDec_INT.c **** 
  50:.\Generated_Source\PSoC5/Right_QuadDec_INT.c ****    Right_QuadDec_swStatus = Right_QuadDec_STATUS_REG;
  32              		.loc 1 50 0
  33 0000 0D4B     		ldr	r3, .L5
  34 0002 1B78     		ldrb	r3, [r3]	@ zero_extendqisi2
  35 0004 DBB2     		uxtb	r3, r3
  36              	.LVL0:
  51:.\Generated_Source\PSoC5/Right_QuadDec_INT.c **** 
  52:.\Generated_Source\PSoC5/Right_QuadDec_INT.c ****     #ifdef Right_QuadDec_ISR_ENTRY_CALLBACK
  53:.\Generated_Source\PSoC5/Right_QuadDec_INT.c ****         Right_QuadDec_ISR_EntryCallback();
  54:.\Generated_Source\PSoC5/Right_QuadDec_INT.c ****     #endif /* Right_QuadDec_ISR_ENTRY_CALLBACK */
  55:.\Generated_Source\PSoC5/Right_QuadDec_INT.c **** 
  56:.\Generated_Source\PSoC5/Right_QuadDec_INT.c ****     /* User code required at start of ISR */
  57:.\Generated_Source\PSoC5/Right_QuadDec_INT.c ****     /* `#START Right_QuadDec_ISR_START` */
  58:.\Generated_Source\PSoC5/Right_QuadDec_INT.c **** 
  59:.\Generated_Source\PSoC5/Right_QuadDec_INT.c ****     /* `#END` */
  60:.\Generated_Source\PSoC5/Right_QuadDec_INT.c **** 
  61:.\Generated_Source\PSoC5/Right_QuadDec_INT.c ****     if (0u != (Right_QuadDec_swStatus & Right_QuadDec_COUNTER_OVERFLOW))
  37              		.loc 1 61 0
  38 0006 13F0010F 		tst	r3, #1
  39 000a 06D0     		beq	.L2
  62:.\Generated_Source\PSoC5/Right_QuadDec_INT.c ****     {
  63:.\Generated_Source\PSoC5/Right_QuadDec_INT.c ****         Right_QuadDec_count32SoftPart += (int32) Right_QuadDec_COUNTER_MAX_VALUE;
  40              		.loc 1 63 0
  41 000c 0B49     		ldr	r1, .L5+4
  42 000e 0A68     		ldr	r2, [r1]
  43 0010 02F5FF42 		add	r2, r2, #32640
  44 0014 7F32     		adds	r2, r2, #127
  45 0016 0A60     		str	r2, [r1]
  46 0018 07E0     		b	.L3
  47              	.L2:
  64:.\Generated_Source\PSoC5/Right_QuadDec_INT.c ****     }
  65:.\Generated_Source\PSoC5/Right_QuadDec_INT.c ****     else if (0u != (Right_QuadDec_swStatus & Right_QuadDec_COUNTER_UNDERFLOW))
  48              		.loc 1 65 0
  49 001a 13F0020F 		tst	r3, #2
ARM GAS  C:\Users\tslator\AppData\Local\Temp\cc0BPPik.s 			page 3


  50 001e 04D0     		beq	.L3
  66:.\Generated_Source\PSoC5/Right_QuadDec_INT.c ****     {
  67:.\Generated_Source\PSoC5/Right_QuadDec_INT.c ****         Right_QuadDec_count32SoftPart -= (int32) Right_QuadDec_COUNTER_INIT_VALUE;
  51              		.loc 1 67 0
  52 0020 0649     		ldr	r1, .L5+4
  53 0022 0A68     		ldr	r2, [r1]
  54 0024 A2F50042 		sub	r2, r2, #32768
  55 0028 0A60     		str	r2, [r1]
  56              	.L3:
  68:.\Generated_Source\PSoC5/Right_QuadDec_INT.c ****     }
  69:.\Generated_Source\PSoC5/Right_QuadDec_INT.c ****     else
  70:.\Generated_Source\PSoC5/Right_QuadDec_INT.c ****     {
  71:.\Generated_Source\PSoC5/Right_QuadDec_INT.c ****         /* Nothing to do here */
  72:.\Generated_Source\PSoC5/Right_QuadDec_INT.c ****     }
  73:.\Generated_Source\PSoC5/Right_QuadDec_INT.c ****     
  74:.\Generated_Source\PSoC5/Right_QuadDec_INT.c ****     if (0u != (Right_QuadDec_swStatus & Right_QuadDec_COUNTER_RESET))
  57              		.loc 1 74 0
  58 002a 13F0040F 		tst	r3, #4
  59 002e 02D0     		beq	.L1
  75:.\Generated_Source\PSoC5/Right_QuadDec_INT.c ****     {
  76:.\Generated_Source\PSoC5/Right_QuadDec_INT.c ****         Right_QuadDec_count32SoftPart = 0;
  60              		.loc 1 76 0
  61 0030 0022     		movs	r2, #0
  62 0032 024B     		ldr	r3, .L5+4
  63              	.LVL1:
  64 0034 1A60     		str	r2, [r3]
  65              	.L1:
  66 0036 7047     		bx	lr
  67              	.L6:
  68              		.align	2
  69              	.L5:
  70 0038 66640040 		.word	1073767526
  71 003c 00000000 		.word	.LANCHOR0
  72              		.cfi_endproc
  73              	.LFE0:
  74              		.size	Right_QuadDec_ISR, .-Right_QuadDec_ISR
  75              		.global	Right_QuadDec_count32SoftPart
  76              		.bss
  77              		.align	2
  78              		.set	.LANCHOR0,. + 0
  79              		.type	Right_QuadDec_count32SoftPart, %object
  80              		.size	Right_QuadDec_count32SoftPart, 4
  81              	Right_QuadDec_count32SoftPart:
  82 0000 00000000 		.space	4
  83              		.text
  84              	.Letext0:
  85              		.file 2 ".\\Generated_Source\\PSoC5\\cytypes.h"
  86              		.section	.debug_info,"",%progbits
  87              	.Ldebug_info0:
  88 0000 E8000000 		.4byte	0xe8
  89 0004 0400     		.2byte	0x4
  90 0006 00000000 		.4byte	.Ldebug_abbrev0
  91 000a 04       		.byte	0x4
  92 000b 01       		.uleb128 0x1
  93 000c C4000000 		.4byte	.LASF16
  94 0010 01       		.byte	0x1
  95 0011 80000000 		.4byte	.LASF17
ARM GAS  C:\Users\tslator\AppData\Local\Temp\cc0BPPik.s 			page 4


  96 0015 3E000000 		.4byte	.LASF18
  97 0019 00000000 		.4byte	.Ldebug_ranges0+0
  98 001d 00000000 		.4byte	0
  99 0021 00000000 		.4byte	.Ldebug_line0
 100 0025 02       		.uleb128 0x2
 101 0026 04       		.byte	0x4
 102 0027 05       		.byte	0x5
 103 0028 696E7400 		.ascii	"int\000"
 104 002c 03       		.uleb128 0x3
 105 002d 04       		.byte	0x4
 106 002e 07       		.byte	0x7
 107 002f C0010000 		.4byte	.LASF0
 108 0033 03       		.uleb128 0x3
 109 0034 01       		.byte	0x1
 110 0035 06       		.byte	0x6
 111 0036 9F010000 		.4byte	.LASF1
 112 003a 03       		.uleb128 0x3
 113 003b 01       		.byte	0x1
 114 003c 08       		.byte	0x8
 115 003d 57010000 		.4byte	.LASF2
 116 0041 03       		.uleb128 0x3
 117 0042 02       		.byte	0x2
 118 0043 05       		.byte	0x5
 119 0044 B1010000 		.4byte	.LASF3
 120 0048 03       		.uleb128 0x3
 121 0049 02       		.byte	0x2
 122 004a 07       		.byte	0x7
 123 004b 8C010000 		.4byte	.LASF4
 124 004f 03       		.uleb128 0x3
 125 0050 04       		.byte	0x4
 126 0051 05       		.byte	0x5
 127 0052 7C010000 		.4byte	.LASF5
 128 0056 03       		.uleb128 0x3
 129 0057 04       		.byte	0x4
 130 0058 07       		.byte	0x7
 131 0059 6E000000 		.4byte	.LASF6
 132 005d 03       		.uleb128 0x3
 133 005e 08       		.byte	0x8
 134 005f 05       		.byte	0x5
 135 0060 00000000 		.4byte	.LASF7
 136 0064 03       		.uleb128 0x3
 137 0065 08       		.byte	0x8
 138 0066 07       		.byte	0x7
 139 0067 AD000000 		.4byte	.LASF8
 140 006b 03       		.uleb128 0x3
 141 006c 04       		.byte	0x4
 142 006d 07       		.byte	0x7
 143 006e CD010000 		.4byte	.LASF9
 144 0072 03       		.uleb128 0x3
 145 0073 01       		.byte	0x1
 146 0074 08       		.byte	0x8
 147 0075 52010000 		.4byte	.LASF10
 148 0079 04       		.uleb128 0x4
 149 007a 68000000 		.4byte	.LASF11
 150 007e 02       		.byte	0x2
 151 007f 3801     		.2byte	0x138
 152 0081 3A000000 		.4byte	0x3a
ARM GAS  C:\Users\tslator\AppData\Local\Temp\cc0BPPik.s 			page 5


 153 0085 04       		.uleb128 0x4
 154 0086 D6010000 		.4byte	.LASF12
 155 008a 02       		.byte	0x2
 156 008b 3D01     		.2byte	0x13d
 157 008d 4F000000 		.4byte	0x4f
 158 0091 03       		.uleb128 0x3
 159 0092 04       		.byte	0x4
 160 0093 04       		.byte	0x4
 161 0094 AB010000 		.4byte	.LASF13
 162 0098 03       		.uleb128 0x3
 163 0099 08       		.byte	0x8
 164 009a 04       		.byte	0x4
 165 009b 85010000 		.4byte	.LASF14
 166 009f 04       		.uleb128 0x4
 167 00a0 BB010000 		.4byte	.LASF15
 168 00a4 02       		.byte	0x2
 169 00a5 E201     		.2byte	0x1e2
 170 00a7 AB000000 		.4byte	0xab
 171 00ab 05       		.uleb128 0x5
 172 00ac 79000000 		.4byte	0x79
 173 00b0 06       		.uleb128 0x6
 174 00b1 0E000000 		.4byte	.LASF19
 175 00b5 01       		.byte	0x1
 176 00b6 2E       		.byte	0x2e
 177 00b7 00000000 		.4byte	.LFB0
 178 00bb 40000000 		.4byte	.LFE0-.LFB0
 179 00bf 01       		.uleb128 0x1
 180 00c0 9C       		.byte	0x9c
 181 00c1 D5000000 		.4byte	0xd5
 182 00c5 07       		.uleb128 0x7
 183 00c6 65010000 		.4byte	.LASF20
 184 00ca 01       		.byte	0x1
 185 00cb 30       		.byte	0x30
 186 00cc 79000000 		.4byte	0x79
 187 00d0 00000000 		.4byte	.LLST0
 188 00d4 00       		.byte	0
 189 00d5 08       		.uleb128 0x8
 190 00d6 20000000 		.4byte	.LASF21
 191 00da 01       		.byte	0x1
 192 00db 17       		.byte	0x17
 193 00dc E6000000 		.4byte	0xe6
 194 00e0 05       		.uleb128 0x5
 195 00e1 03       		.byte	0x3
 196 00e2 00000000 		.4byte	Right_QuadDec_count32SoftPart
 197 00e6 05       		.uleb128 0x5
 198 00e7 85000000 		.4byte	0x85
 199 00eb 00       		.byte	0
 200              		.section	.debug_abbrev,"",%progbits
 201              	.Ldebug_abbrev0:
 202 0000 01       		.uleb128 0x1
 203 0001 11       		.uleb128 0x11
 204 0002 01       		.byte	0x1
 205 0003 25       		.uleb128 0x25
 206 0004 0E       		.uleb128 0xe
 207 0005 13       		.uleb128 0x13
 208 0006 0B       		.uleb128 0xb
 209 0007 03       		.uleb128 0x3
ARM GAS  C:\Users\tslator\AppData\Local\Temp\cc0BPPik.s 			page 6


 210 0008 0E       		.uleb128 0xe
 211 0009 1B       		.uleb128 0x1b
 212 000a 0E       		.uleb128 0xe
 213 000b 55       		.uleb128 0x55
 214 000c 17       		.uleb128 0x17
 215 000d 11       		.uleb128 0x11
 216 000e 01       		.uleb128 0x1
 217 000f 10       		.uleb128 0x10
 218 0010 17       		.uleb128 0x17
 219 0011 00       		.byte	0
 220 0012 00       		.byte	0
 221 0013 02       		.uleb128 0x2
 222 0014 24       		.uleb128 0x24
 223 0015 00       		.byte	0
 224 0016 0B       		.uleb128 0xb
 225 0017 0B       		.uleb128 0xb
 226 0018 3E       		.uleb128 0x3e
 227 0019 0B       		.uleb128 0xb
 228 001a 03       		.uleb128 0x3
 229 001b 08       		.uleb128 0x8
 230 001c 00       		.byte	0
 231 001d 00       		.byte	0
 232 001e 03       		.uleb128 0x3
 233 001f 24       		.uleb128 0x24
 234 0020 00       		.byte	0
 235 0021 0B       		.uleb128 0xb
 236 0022 0B       		.uleb128 0xb
 237 0023 3E       		.uleb128 0x3e
 238 0024 0B       		.uleb128 0xb
 239 0025 03       		.uleb128 0x3
 240 0026 0E       		.uleb128 0xe
 241 0027 00       		.byte	0
 242 0028 00       		.byte	0
 243 0029 04       		.uleb128 0x4
 244 002a 16       		.uleb128 0x16
 245 002b 00       		.byte	0
 246 002c 03       		.uleb128 0x3
 247 002d 0E       		.uleb128 0xe
 248 002e 3A       		.uleb128 0x3a
 249 002f 0B       		.uleb128 0xb
 250 0030 3B       		.uleb128 0x3b
 251 0031 05       		.uleb128 0x5
 252 0032 49       		.uleb128 0x49
 253 0033 13       		.uleb128 0x13
 254 0034 00       		.byte	0
 255 0035 00       		.byte	0
 256 0036 05       		.uleb128 0x5
 257 0037 35       		.uleb128 0x35
 258 0038 00       		.byte	0
 259 0039 49       		.uleb128 0x49
 260 003a 13       		.uleb128 0x13
 261 003b 00       		.byte	0
 262 003c 00       		.byte	0
 263 003d 06       		.uleb128 0x6
 264 003e 2E       		.uleb128 0x2e
 265 003f 01       		.byte	0x1
 266 0040 3F       		.uleb128 0x3f
ARM GAS  C:\Users\tslator\AppData\Local\Temp\cc0BPPik.s 			page 7


 267 0041 19       		.uleb128 0x19
 268 0042 03       		.uleb128 0x3
 269 0043 0E       		.uleb128 0xe
 270 0044 3A       		.uleb128 0x3a
 271 0045 0B       		.uleb128 0xb
 272 0046 3B       		.uleb128 0x3b
 273 0047 0B       		.uleb128 0xb
 274 0048 27       		.uleb128 0x27
 275 0049 19       		.uleb128 0x19
 276 004a 11       		.uleb128 0x11
 277 004b 01       		.uleb128 0x1
 278 004c 12       		.uleb128 0x12
 279 004d 06       		.uleb128 0x6
 280 004e 40       		.uleb128 0x40
 281 004f 18       		.uleb128 0x18
 282 0050 9742     		.uleb128 0x2117
 283 0052 19       		.uleb128 0x19
 284 0053 01       		.uleb128 0x1
 285 0054 13       		.uleb128 0x13
 286 0055 00       		.byte	0
 287 0056 00       		.byte	0
 288 0057 07       		.uleb128 0x7
 289 0058 34       		.uleb128 0x34
 290 0059 00       		.byte	0
 291 005a 03       		.uleb128 0x3
 292 005b 0E       		.uleb128 0xe
 293 005c 3A       		.uleb128 0x3a
 294 005d 0B       		.uleb128 0xb
 295 005e 3B       		.uleb128 0x3b
 296 005f 0B       		.uleb128 0xb
 297 0060 49       		.uleb128 0x49
 298 0061 13       		.uleb128 0x13
 299 0062 02       		.uleb128 0x2
 300 0063 17       		.uleb128 0x17
 301 0064 00       		.byte	0
 302 0065 00       		.byte	0
 303 0066 08       		.uleb128 0x8
 304 0067 34       		.uleb128 0x34
 305 0068 00       		.byte	0
 306 0069 03       		.uleb128 0x3
 307 006a 0E       		.uleb128 0xe
 308 006b 3A       		.uleb128 0x3a
 309 006c 0B       		.uleb128 0xb
 310 006d 3B       		.uleb128 0x3b
 311 006e 0B       		.uleb128 0xb
 312 006f 49       		.uleb128 0x49
 313 0070 13       		.uleb128 0x13
 314 0071 3F       		.uleb128 0x3f
 315 0072 19       		.uleb128 0x19
 316 0073 02       		.uleb128 0x2
 317 0074 18       		.uleb128 0x18
 318 0075 00       		.byte	0
 319 0076 00       		.byte	0
 320 0077 00       		.byte	0
 321              		.section	.debug_loc,"",%progbits
 322              	.Ldebug_loc0:
 323              	.LLST0:
ARM GAS  C:\Users\tslator\AppData\Local\Temp\cc0BPPik.s 			page 8


 324 0000 06000000 		.4byte	.LVL0
 325 0004 34000000 		.4byte	.LVL1
 326 0008 0100     		.2byte	0x1
 327 000a 53       		.byte	0x53
 328 000b 00000000 		.4byte	0
 329 000f 00000000 		.4byte	0
 330              		.section	.debug_aranges,"",%progbits
 331 0000 1C000000 		.4byte	0x1c
 332 0004 0200     		.2byte	0x2
 333 0006 00000000 		.4byte	.Ldebug_info0
 334 000a 04       		.byte	0x4
 335 000b 00       		.byte	0
 336 000c 0000     		.2byte	0
 337 000e 0000     		.2byte	0
 338 0010 00000000 		.4byte	.LFB0
 339 0014 40000000 		.4byte	.LFE0-.LFB0
 340 0018 00000000 		.4byte	0
 341 001c 00000000 		.4byte	0
 342              		.section	.debug_ranges,"",%progbits
 343              	.Ldebug_ranges0:
 344 0000 00000000 		.4byte	.LFB0
 345 0004 40000000 		.4byte	.LFE0
 346 0008 00000000 		.4byte	0
 347 000c 00000000 		.4byte	0
 348              		.section	.debug_line,"",%progbits
 349              	.Ldebug_line0:
 350 0000 6E000000 		.section	.debug_str,"MS",%progbits,1
 350      02005000 
 350      00000201 
 350      FB0E0D00 
 350      01010101 
 351              	.LASF7:
 352 0000 6C6F6E67 		.ascii	"long long int\000"
 352      206C6F6E 
 352      6720696E 
 352      7400
 353              	.LASF19:
 354 000e 52696768 		.ascii	"Right_QuadDec_ISR\000"
 354      745F5175 
 354      61644465 
 354      635F4953 
 354      5200
 355              	.LASF21:
 356 0020 52696768 		.ascii	"Right_QuadDec_count32SoftPart\000"
 356      745F5175 
 356      61644465 
 356      635F636F 
 356      756E7433 
 357              	.LASF18:
 358 003e 443A5C70 		.ascii	"D:\\projects\\arlobot_freesoc\\freesoc.cydsn\000"
 358      726F6A65 
 358      6374735C 
 358      61726C6F 
 358      626F745F 
 359              	.LASF11:
 360 0068 75696E74 		.ascii	"uint8\000"
 360      3800
ARM GAS  C:\Users\tslator\AppData\Local\Temp\cc0BPPik.s 			page 9


 361              	.LASF6:
 362 006e 6C6F6E67 		.ascii	"long unsigned int\000"
 362      20756E73 
 362      69676E65 
 362      6420696E 
 362      7400
 363              	.LASF17:
 364 0080 2E5C4765 		.ascii	".\\Generated_Source\\PSoC5\\Right_QuadDec_INT.c\000"
 364      6E657261 
 364      7465645F 
 364      536F7572 
 364      63655C50 
 365              	.LASF8:
 366 00ad 6C6F6E67 		.ascii	"long long unsigned int\000"
 366      206C6F6E 
 366      6720756E 
 366      7369676E 
 366      65642069 
 367              	.LASF16:
 368 00c4 474E5520 		.ascii	"GNU C 4.9.3 20150303 (release) [ARM/embedded-4_9-br"
 368      4320342E 
 368      392E3320 
 368      32303135 
 368      30333033 
 369 00f7 616E6368 		.ascii	"anch revision 221220] -mcpu=cortex-m3 -mthumb -g -O"
 369      20726576 
 369      6973696F 
 369      6E203232 
 369      31323230 
 370 012a 67202D66 		.ascii	"g -ffunction-sections -ffat-lto-objects\000"
 370      66756E63 
 370      74696F6E 
 370      2D736563 
 370      74696F6E 
 371              	.LASF10:
 372 0152 63686172 		.ascii	"char\000"
 372      00
 373              	.LASF2:
 374 0157 756E7369 		.ascii	"unsigned char\000"
 374      676E6564 
 374      20636861 
 374      7200
 375              	.LASF20:
 376 0165 52696768 		.ascii	"Right_QuadDec_swStatus\000"
 376      745F5175 
 376      61644465 
 376      635F7377 
 376      53746174 
 377              	.LASF5:
 378 017c 6C6F6E67 		.ascii	"long int\000"
 378      20696E74 
 378      00
 379              	.LASF14:
 380 0185 646F7562 		.ascii	"double\000"
 380      6C6500
 381              	.LASF4:
 382 018c 73686F72 		.ascii	"short unsigned int\000"
ARM GAS  C:\Users\tslator\AppData\Local\Temp\cc0BPPik.s 			page 10


 382      7420756E 
 382      7369676E 
 382      65642069 
 382      6E7400
 383              	.LASF1:
 384 019f 7369676E 		.ascii	"signed char\000"
 384      65642063 
 384      68617200 
 385              	.LASF13:
 386 01ab 666C6F61 		.ascii	"float\000"
 386      7400
 387              	.LASF3:
 388 01b1 73686F72 		.ascii	"short int\000"
 388      7420696E 
 388      7400
 389              	.LASF15:
 390 01bb 72656738 		.ascii	"reg8\000"
 390      00
 391              	.LASF0:
 392 01c0 756E7369 		.ascii	"unsigned int\000"
 392      676E6564 
 392      20696E74 
 392      00
 393              	.LASF9:
 394 01cd 73697A65 		.ascii	"sizetype\000"
 394      74797065 
 394      00
 395              	.LASF12:
 396 01d6 696E7433 		.ascii	"int32\000"
 396      3200
 397              		.ident	"GCC: (GNU Tools for ARM Embedded Processors) 4.9.3 20150303 (release) [ARM/embedded-4_9-br
