ARM GAS  C:\Users\Tim\AppData\Local\Temp\cchzDBWa.s 			page 1


   1              		.syntax unified
   2              		.cpu cortex-m3
   3              		.fpu softvfp
   4              		.eabi_attribute 20, 1
   5              		.eabi_attribute 21, 1
   6              		.eabi_attribute 23, 3
   7              		.eabi_attribute 24, 1
   8              		.eabi_attribute 25, 1
   9              		.eabi_attribute 26, 1
  10              		.eabi_attribute 30, 1
  11              		.eabi_attribute 34, 1
  12              		.eabi_attribute 18, 4
  13              		.thumb
  14              		.file	"Right_QuadDec.c"
  15              		.text
  16              	.Ltext0:
  17              		.cfi_sections	.debug_frame
  18              		.section	.text.Right_QuadDec_Init,"ax",%progbits
  19              		.align	2
  20              		.global	Right_QuadDec_Init
  21              		.thumb
  22              		.thumb_func
  23              		.type	Right_QuadDec_Init, %function
  24              	Right_QuadDec_Init:
  25              	.LFB0:
  26              		.file 1 ".\\Generated_Source\\PSoC5\\Right_QuadDec.c"
   1:.\Generated_Source\PSoC5/Right_QuadDec.c **** /*******************************************************************************
   2:.\Generated_Source\PSoC5/Right_QuadDec.c **** * File Name: Right_QuadDec.c  
   3:.\Generated_Source\PSoC5/Right_QuadDec.c **** * Version 3.0
   4:.\Generated_Source\PSoC5/Right_QuadDec.c **** *
   5:.\Generated_Source\PSoC5/Right_QuadDec.c **** * Description:
   6:.\Generated_Source\PSoC5/Right_QuadDec.c **** *  This file provides the source code to the API for the Quadrature Decoder
   7:.\Generated_Source\PSoC5/Right_QuadDec.c **** *  component.
   8:.\Generated_Source\PSoC5/Right_QuadDec.c **** *
   9:.\Generated_Source\PSoC5/Right_QuadDec.c **** * Note:
  10:.\Generated_Source\PSoC5/Right_QuadDec.c **** *  None.
  11:.\Generated_Source\PSoC5/Right_QuadDec.c **** *   
  12:.\Generated_Source\PSoC5/Right_QuadDec.c **** ********************************************************************************
  13:.\Generated_Source\PSoC5/Right_QuadDec.c **** * Copyright 2008-2014, Cypress Semiconductor Corporation.  All rights reserved.
  14:.\Generated_Source\PSoC5/Right_QuadDec.c **** * You may use this file only in accordance with the license, terms, conditions, 
  15:.\Generated_Source\PSoC5/Right_QuadDec.c **** * disclaimers, and limitations in the end user license agreement accompanying 
  16:.\Generated_Source\PSoC5/Right_QuadDec.c **** * the software package with which this file was provided.
  17:.\Generated_Source\PSoC5/Right_QuadDec.c **** *******************************************************************************/
  18:.\Generated_Source\PSoC5/Right_QuadDec.c **** 
  19:.\Generated_Source\PSoC5/Right_QuadDec.c **** #include "Right_QuadDec.h"
  20:.\Generated_Source\PSoC5/Right_QuadDec.c **** 
  21:.\Generated_Source\PSoC5/Right_QuadDec.c **** #if (Right_QuadDec_COUNTER_SIZE == Right_QuadDec_COUNTER_SIZE_32_BIT)
  22:.\Generated_Source\PSoC5/Right_QuadDec.c ****     #include "Right_QuadDec_PVT.h"
  23:.\Generated_Source\PSoC5/Right_QuadDec.c **** #endif /* Right_QuadDec_COUNTER_SIZE == Right_QuadDec_COUNTER_SIZE_32_BIT */
  24:.\Generated_Source\PSoC5/Right_QuadDec.c **** 
  25:.\Generated_Source\PSoC5/Right_QuadDec.c **** uint8 Right_QuadDec_initVar = 0u;
  26:.\Generated_Source\PSoC5/Right_QuadDec.c **** 
  27:.\Generated_Source\PSoC5/Right_QuadDec.c **** 
  28:.\Generated_Source\PSoC5/Right_QuadDec.c **** /*******************************************************************************
  29:.\Generated_Source\PSoC5/Right_QuadDec.c **** * Function Name: Right_QuadDec_Init
  30:.\Generated_Source\PSoC5/Right_QuadDec.c **** ********************************************************************************
  31:.\Generated_Source\PSoC5/Right_QuadDec.c **** *
ARM GAS  C:\Users\Tim\AppData\Local\Temp\cchzDBWa.s 			page 2


  32:.\Generated_Source\PSoC5/Right_QuadDec.c **** * Summary:
  33:.\Generated_Source\PSoC5/Right_QuadDec.c **** *  Inits/Restores default QuadDec configuration provided with customizer.
  34:.\Generated_Source\PSoC5/Right_QuadDec.c **** *
  35:.\Generated_Source\PSoC5/Right_QuadDec.c **** * Parameters:
  36:.\Generated_Source\PSoC5/Right_QuadDec.c **** *  None.
  37:.\Generated_Source\PSoC5/Right_QuadDec.c **** *
  38:.\Generated_Source\PSoC5/Right_QuadDec.c **** * Return:
  39:.\Generated_Source\PSoC5/Right_QuadDec.c **** *  None.
  40:.\Generated_Source\PSoC5/Right_QuadDec.c **** *
  41:.\Generated_Source\PSoC5/Right_QuadDec.c **** *******************************************************************************/
  42:.\Generated_Source\PSoC5/Right_QuadDec.c **** void Right_QuadDec_Init(void) 
  43:.\Generated_Source\PSoC5/Right_QuadDec.c **** {
  27              		.loc 1 43 0
  28              		.cfi_startproc
  29              		@ args = 0, pretend = 0, frame = 0
  30              		@ frame_needed = 0, uses_anonymous_args = 0
  31 0000 08B5     		push	{r3, lr}
  32              		.cfi_def_cfa_offset 8
  33              		.cfi_offset 3, -8
  34              		.cfi_offset 14, -4
  44:.\Generated_Source\PSoC5/Right_QuadDec.c ****     #if (Right_QuadDec_COUNTER_SIZE == Right_QuadDec_COUNTER_SIZE_32_BIT)
  45:.\Generated_Source\PSoC5/Right_QuadDec.c ****         /* Disable Interrupt. */
  46:.\Generated_Source\PSoC5/Right_QuadDec.c ****         CyIntDisable(Right_QuadDec_ISR_NUMBER);
  35              		.loc 1 46 0
  36 0002 0222     		movs	r2, #2
  37 0004 054B     		ldr	r3, .L3
  38 0006 1A60     		str	r2, [r3]
  47:.\Generated_Source\PSoC5/Right_QuadDec.c ****         /* Set the ISR to point to the Right_QuadDec_isr Interrupt. */
  48:.\Generated_Source\PSoC5/Right_QuadDec.c ****         (void) CyIntSetVector(Right_QuadDec_ISR_NUMBER, & Right_QuadDec_ISR);
  39              		.loc 1 48 0
  40 0008 0120     		movs	r0, #1
  41 000a 0549     		ldr	r1, .L3+4
  42 000c FFF7FEFF 		bl	CyIntSetVector
  43              	.LVL0:
  49:.\Generated_Source\PSoC5/Right_QuadDec.c ****         /* Set the priority. */
  50:.\Generated_Source\PSoC5/Right_QuadDec.c ****         CyIntSetPriority(Right_QuadDec_ISR_NUMBER, Right_QuadDec_ISR_PRIORITY);
  44              		.loc 1 50 0
  45 0010 0120     		movs	r0, #1
  46 0012 0721     		movs	r1, #7
  47 0014 FFF7FEFF 		bl	CyIntSetPriority
  48              	.LVL1:
  49 0018 08BD     		pop	{r3, pc}
  50              	.L4:
  51 001a 00BF     		.align	2
  52              	.L3:
  53 001c 80E100E0 		.word	-536813184
  54 0020 00000000 		.word	Right_QuadDec_ISR
  55              		.cfi_endproc
  56              	.LFE0:
  57              		.size	Right_QuadDec_Init, .-Right_QuadDec_Init
  58              		.section	.text.Right_QuadDec_Stop,"ax",%progbits
  59              		.align	2
  60              		.global	Right_QuadDec_Stop
  61              		.thumb
  62              		.thumb_func
  63              		.type	Right_QuadDec_Stop, %function
  64              	Right_QuadDec_Stop:
ARM GAS  C:\Users\Tim\AppData\Local\Temp\cchzDBWa.s 			page 3


  65              	.LFB3:
  51:.\Generated_Source\PSoC5/Right_QuadDec.c ****     #endif /* Right_QuadDec_COUNTER_SIZE == Right_QuadDec_COUNTER_SIZE_32_BIT */
  52:.\Generated_Source\PSoC5/Right_QuadDec.c **** }
  53:.\Generated_Source\PSoC5/Right_QuadDec.c **** 
  54:.\Generated_Source\PSoC5/Right_QuadDec.c **** 
  55:.\Generated_Source\PSoC5/Right_QuadDec.c **** /*******************************************************************************
  56:.\Generated_Source\PSoC5/Right_QuadDec.c **** * Function Name: Right_QuadDec_Enable
  57:.\Generated_Source\PSoC5/Right_QuadDec.c **** ********************************************************************************
  58:.\Generated_Source\PSoC5/Right_QuadDec.c **** *
  59:.\Generated_Source\PSoC5/Right_QuadDec.c **** * Summary:
  60:.\Generated_Source\PSoC5/Right_QuadDec.c **** *  This function enable interrupts from Component and also enable Component's
  61:.\Generated_Source\PSoC5/Right_QuadDec.c **** *  ISR in case of 32-bit counter.
  62:.\Generated_Source\PSoC5/Right_QuadDec.c **** *
  63:.\Generated_Source\PSoC5/Right_QuadDec.c **** * Parameters:
  64:.\Generated_Source\PSoC5/Right_QuadDec.c **** *  None.
  65:.\Generated_Source\PSoC5/Right_QuadDec.c **** *
  66:.\Generated_Source\PSoC5/Right_QuadDec.c **** * Return:
  67:.\Generated_Source\PSoC5/Right_QuadDec.c **** *  None.
  68:.\Generated_Source\PSoC5/Right_QuadDec.c **** *
  69:.\Generated_Source\PSoC5/Right_QuadDec.c **** *******************************************************************************/
  70:.\Generated_Source\PSoC5/Right_QuadDec.c **** void Right_QuadDec_Enable(void) 
  71:.\Generated_Source\PSoC5/Right_QuadDec.c **** {
  72:.\Generated_Source\PSoC5/Right_QuadDec.c ****     uint8 enableInterrupts;
  73:.\Generated_Source\PSoC5/Right_QuadDec.c **** 
  74:.\Generated_Source\PSoC5/Right_QuadDec.c ****     Right_QuadDec_SetInterruptMask(Right_QuadDec_INIT_INT_MASK);
  75:.\Generated_Source\PSoC5/Right_QuadDec.c **** 
  76:.\Generated_Source\PSoC5/Right_QuadDec.c ****     /* Clear pending interrupts. */
  77:.\Generated_Source\PSoC5/Right_QuadDec.c ****     (void) Right_QuadDec_GetEvents();
  78:.\Generated_Source\PSoC5/Right_QuadDec.c ****     
  79:.\Generated_Source\PSoC5/Right_QuadDec.c ****     enableInterrupts = CyEnterCriticalSection();
  80:.\Generated_Source\PSoC5/Right_QuadDec.c **** 
  81:.\Generated_Source\PSoC5/Right_QuadDec.c ****     /* Enable interrupts from Statusi register */
  82:.\Generated_Source\PSoC5/Right_QuadDec.c ****     Right_QuadDec_SR_AUX_CONTROL |= Right_QuadDec_INTERRUPTS_ENABLE;
  83:.\Generated_Source\PSoC5/Right_QuadDec.c **** 
  84:.\Generated_Source\PSoC5/Right_QuadDec.c ****     CyExitCriticalSection(enableInterrupts);        
  85:.\Generated_Source\PSoC5/Right_QuadDec.c **** 
  86:.\Generated_Source\PSoC5/Right_QuadDec.c ****     #if (Right_QuadDec_COUNTER_SIZE == Right_QuadDec_COUNTER_SIZE_32_BIT)
  87:.\Generated_Source\PSoC5/Right_QuadDec.c ****         /* Enable Component interrupts */
  88:.\Generated_Source\PSoC5/Right_QuadDec.c ****         CyIntEnable(Right_QuadDec_ISR_NUMBER);
  89:.\Generated_Source\PSoC5/Right_QuadDec.c ****     #endif /* Right_QuadDec_COUNTER_SIZE == Right_QuadDec_COUNTER_SIZE_32_BIT */
  90:.\Generated_Source\PSoC5/Right_QuadDec.c **** }
  91:.\Generated_Source\PSoC5/Right_QuadDec.c **** 
  92:.\Generated_Source\PSoC5/Right_QuadDec.c **** 
  93:.\Generated_Source\PSoC5/Right_QuadDec.c **** /*******************************************************************************
  94:.\Generated_Source\PSoC5/Right_QuadDec.c **** * Function Name: Right_QuadDec_Start
  95:.\Generated_Source\PSoC5/Right_QuadDec.c **** ********************************************************************************
  96:.\Generated_Source\PSoC5/Right_QuadDec.c **** *
  97:.\Generated_Source\PSoC5/Right_QuadDec.c **** * Summary:
  98:.\Generated_Source\PSoC5/Right_QuadDec.c **** *  Initializes UDBs and other relevant hardware.
  99:.\Generated_Source\PSoC5/Right_QuadDec.c **** *  Resets counter, enables or disables all relevant interrupts.
 100:.\Generated_Source\PSoC5/Right_QuadDec.c **** *  Starts monitoring the inputs and counting.
 101:.\Generated_Source\PSoC5/Right_QuadDec.c **** *
 102:.\Generated_Source\PSoC5/Right_QuadDec.c **** * Parameters:
 103:.\Generated_Source\PSoC5/Right_QuadDec.c **** *  None.
 104:.\Generated_Source\PSoC5/Right_QuadDec.c **** *
 105:.\Generated_Source\PSoC5/Right_QuadDec.c **** * Return:
 106:.\Generated_Source\PSoC5/Right_QuadDec.c **** *  None.
ARM GAS  C:\Users\Tim\AppData\Local\Temp\cchzDBWa.s 			page 4


 107:.\Generated_Source\PSoC5/Right_QuadDec.c **** *
 108:.\Generated_Source\PSoC5/Right_QuadDec.c **** * Global variables:
 109:.\Generated_Source\PSoC5/Right_QuadDec.c **** *  Right_QuadDec_initVar - used to check initial configuration, modified on
 110:.\Generated_Source\PSoC5/Right_QuadDec.c **** *  first function call.
 111:.\Generated_Source\PSoC5/Right_QuadDec.c **** *
 112:.\Generated_Source\PSoC5/Right_QuadDec.c **** * Reentrant:
 113:.\Generated_Source\PSoC5/Right_QuadDec.c **** *  No.
 114:.\Generated_Source\PSoC5/Right_QuadDec.c **** *
 115:.\Generated_Source\PSoC5/Right_QuadDec.c **** *******************************************************************************/
 116:.\Generated_Source\PSoC5/Right_QuadDec.c **** void Right_QuadDec_Start(void) 
 117:.\Generated_Source\PSoC5/Right_QuadDec.c **** {
 118:.\Generated_Source\PSoC5/Right_QuadDec.c ****     #if (Right_QuadDec_COUNTER_SIZE == Right_QuadDec_COUNTER_SIZE_8_BIT)
 119:.\Generated_Source\PSoC5/Right_QuadDec.c ****         Right_QuadDec_Cnt8_Start();
 120:.\Generated_Source\PSoC5/Right_QuadDec.c ****         Right_QuadDec_Cnt8_WriteCounter(Right_QuadDec_COUNTER_INIT_VALUE);
 121:.\Generated_Source\PSoC5/Right_QuadDec.c ****     #else
 122:.\Generated_Source\PSoC5/Right_QuadDec.c ****         /* (Right_QuadDec_COUNTER_SIZE == Right_QuadDec_COUNTER_SIZE_16_BIT) || 
 123:.\Generated_Source\PSoC5/Right_QuadDec.c ****         *  (Right_QuadDec_COUNTER_SIZE == Right_QuadDec_COUNTER_SIZE_32_BIT) 
 124:.\Generated_Source\PSoC5/Right_QuadDec.c ****         */
 125:.\Generated_Source\PSoC5/Right_QuadDec.c ****         Right_QuadDec_Cnt16_Start();
 126:.\Generated_Source\PSoC5/Right_QuadDec.c ****         Right_QuadDec_Cnt16_WriteCounter(Right_QuadDec_COUNTER_INIT_VALUE);
 127:.\Generated_Source\PSoC5/Right_QuadDec.c ****     #endif /* Right_QuadDec_COUNTER_SIZE == Right_QuadDec_COUNTER_SIZE_8_BIT */
 128:.\Generated_Source\PSoC5/Right_QuadDec.c ****     
 129:.\Generated_Source\PSoC5/Right_QuadDec.c ****     #if (Right_QuadDec_COUNTER_SIZE == Right_QuadDec_COUNTER_SIZE_32_BIT)        
 130:.\Generated_Source\PSoC5/Right_QuadDec.c ****        Right_QuadDec_count32SoftPart = 0;
 131:.\Generated_Source\PSoC5/Right_QuadDec.c ****     #endif /* Right_QuadDec_COUNTER_SIZE == Right_QuadDec_COUNTER_SIZE_32_BIT */
 132:.\Generated_Source\PSoC5/Right_QuadDec.c **** 
 133:.\Generated_Source\PSoC5/Right_QuadDec.c ****     if (Right_QuadDec_initVar == 0u)
 134:.\Generated_Source\PSoC5/Right_QuadDec.c ****     {
 135:.\Generated_Source\PSoC5/Right_QuadDec.c ****         Right_QuadDec_Init();
 136:.\Generated_Source\PSoC5/Right_QuadDec.c ****         Right_QuadDec_initVar = 1u;
 137:.\Generated_Source\PSoC5/Right_QuadDec.c ****     }
 138:.\Generated_Source\PSoC5/Right_QuadDec.c **** 
 139:.\Generated_Source\PSoC5/Right_QuadDec.c ****     Right_QuadDec_Enable();
 140:.\Generated_Source\PSoC5/Right_QuadDec.c **** }
 141:.\Generated_Source\PSoC5/Right_QuadDec.c **** 
 142:.\Generated_Source\PSoC5/Right_QuadDec.c **** 
 143:.\Generated_Source\PSoC5/Right_QuadDec.c **** /*******************************************************************************
 144:.\Generated_Source\PSoC5/Right_QuadDec.c **** * Function Name: Right_QuadDec_Stop
 145:.\Generated_Source\PSoC5/Right_QuadDec.c **** ********************************************************************************
 146:.\Generated_Source\PSoC5/Right_QuadDec.c **** *
 147:.\Generated_Source\PSoC5/Right_QuadDec.c **** * Summary:
 148:.\Generated_Source\PSoC5/Right_QuadDec.c **** *  Turns off UDBs and other relevant hardware.
 149:.\Generated_Source\PSoC5/Right_QuadDec.c **** *
 150:.\Generated_Source\PSoC5/Right_QuadDec.c **** * Parameters:
 151:.\Generated_Source\PSoC5/Right_QuadDec.c **** *  None.
 152:.\Generated_Source\PSoC5/Right_QuadDec.c **** *
 153:.\Generated_Source\PSoC5/Right_QuadDec.c **** * Return:
 154:.\Generated_Source\PSoC5/Right_QuadDec.c **** *  None.
 155:.\Generated_Source\PSoC5/Right_QuadDec.c **** *
 156:.\Generated_Source\PSoC5/Right_QuadDec.c **** *******************************************************************************/
 157:.\Generated_Source\PSoC5/Right_QuadDec.c **** void Right_QuadDec_Stop(void) 
 158:.\Generated_Source\PSoC5/Right_QuadDec.c **** {
  66              		.loc 1 158 0
  67              		.cfi_startproc
  68              		@ args = 0, pretend = 0, frame = 0
  69              		@ frame_needed = 0, uses_anonymous_args = 0
  70 0000 08B5     		push	{r3, lr}
ARM GAS  C:\Users\Tim\AppData\Local\Temp\cchzDBWa.s 			page 5


  71              		.cfi_def_cfa_offset 8
  72              		.cfi_offset 3, -8
  73              		.cfi_offset 14, -4
 159:.\Generated_Source\PSoC5/Right_QuadDec.c ****     uint8 enableInterrupts;
 160:.\Generated_Source\PSoC5/Right_QuadDec.c **** 
 161:.\Generated_Source\PSoC5/Right_QuadDec.c ****     #if (Right_QuadDec_COUNTER_SIZE == Right_QuadDec_COUNTER_SIZE_8_BIT)
 162:.\Generated_Source\PSoC5/Right_QuadDec.c ****         Right_QuadDec_Cnt8_Stop();
 163:.\Generated_Source\PSoC5/Right_QuadDec.c ****     #else 
 164:.\Generated_Source\PSoC5/Right_QuadDec.c ****         /* (Right_QuadDec_COUNTER_SIZE == Right_QuadDec_COUNTER_SIZE_16_BIT) ||
 165:.\Generated_Source\PSoC5/Right_QuadDec.c ****         *  (Right_QuadDec_COUNTER_SIZE == Right_QuadDec_COUNTER_SIZE_32_BIT)
 166:.\Generated_Source\PSoC5/Right_QuadDec.c ****         */
 167:.\Generated_Source\PSoC5/Right_QuadDec.c ****         Right_QuadDec_Cnt16_Stop();    /* counter disable */
  74              		.loc 1 167 0
  75 0002 FFF7FEFF 		bl	Right_QuadDec_Cnt16_Stop
  76              	.LVL2:
 168:.\Generated_Source\PSoC5/Right_QuadDec.c ****     #endif /* (Right_QuadDec_COUNTER_SIZE == Right_QuadDec_COUNTER_SIZE_8_BIT) */
 169:.\Generated_Source\PSoC5/Right_QuadDec.c ****  
 170:.\Generated_Source\PSoC5/Right_QuadDec.c ****     enableInterrupts = CyEnterCriticalSection();
  77              		.loc 1 170 0
  78 0006 FFF7FEFF 		bl	CyEnterCriticalSection
  79              	.LVL3:
 171:.\Generated_Source\PSoC5/Right_QuadDec.c **** 
 172:.\Generated_Source\PSoC5/Right_QuadDec.c ****     /* Disable interrupts interrupts from Statusi register */
 173:.\Generated_Source\PSoC5/Right_QuadDec.c ****     Right_QuadDec_SR_AUX_CONTROL &= (uint8) (~Right_QuadDec_INTERRUPTS_ENABLE);
  80              		.loc 1 173 0
  81 000a 054A     		ldr	r2, .L7
  82 000c 1378     		ldrb	r3, [r2]	@ zero_extendqisi2
  83 000e 03F0EF03 		and	r3, r3, #239
  84 0012 1370     		strb	r3, [r2]
 174:.\Generated_Source\PSoC5/Right_QuadDec.c **** 
 175:.\Generated_Source\PSoC5/Right_QuadDec.c ****     CyExitCriticalSection(enableInterrupts);
  85              		.loc 1 175 0
  86 0014 FFF7FEFF 		bl	CyExitCriticalSection
  87              	.LVL4:
 176:.\Generated_Source\PSoC5/Right_QuadDec.c **** 
 177:.\Generated_Source\PSoC5/Right_QuadDec.c ****     #if (Right_QuadDec_COUNTER_SIZE == Right_QuadDec_COUNTER_SIZE_32_BIT)
 178:.\Generated_Source\PSoC5/Right_QuadDec.c ****         CyIntDisable(Right_QuadDec_ISR_NUMBER);    /* interrupt disable */
  88              		.loc 1 178 0
  89 0018 0222     		movs	r2, #2
  90 001a 024B     		ldr	r3, .L7+4
  91 001c 1A60     		str	r2, [r3]
  92 001e 08BD     		pop	{r3, pc}
  93              	.L8:
  94              		.align	2
  95              	.L7:
  96 0020 9C640040 		.word	1073767580
  97 0024 80E100E0 		.word	-536813184
  98              		.cfi_endproc
  99              	.LFE3:
 100              		.size	Right_QuadDec_Stop, .-Right_QuadDec_Stop
 101              		.section	.text.Right_QuadDec_GetCounter,"ax",%progbits
 102              		.align	2
 103              		.global	Right_QuadDec_GetCounter
 104              		.thumb
 105              		.thumb_func
 106              		.type	Right_QuadDec_GetCounter, %function
 107              	Right_QuadDec_GetCounter:
ARM GAS  C:\Users\Tim\AppData\Local\Temp\cchzDBWa.s 			page 6


 108              	.LFB4:
 179:.\Generated_Source\PSoC5/Right_QuadDec.c ****     #endif /* Right_QuadDec_COUNTER_SIZE == Right_QuadDec_COUNTER_SIZE_32_BIT */
 180:.\Generated_Source\PSoC5/Right_QuadDec.c **** }
 181:.\Generated_Source\PSoC5/Right_QuadDec.c **** 
 182:.\Generated_Source\PSoC5/Right_QuadDec.c **** 
 183:.\Generated_Source\PSoC5/Right_QuadDec.c **** /*******************************************************************************
 184:.\Generated_Source\PSoC5/Right_QuadDec.c **** * Function Name: Right_QuadDec_GetCounter
 185:.\Generated_Source\PSoC5/Right_QuadDec.c **** ********************************************************************************
 186:.\Generated_Source\PSoC5/Right_QuadDec.c **** *
 187:.\Generated_Source\PSoC5/Right_QuadDec.c **** * Summary:
 188:.\Generated_Source\PSoC5/Right_QuadDec.c **** *  Reports the current value of the counter.
 189:.\Generated_Source\PSoC5/Right_QuadDec.c **** *
 190:.\Generated_Source\PSoC5/Right_QuadDec.c **** * Parameters:
 191:.\Generated_Source\PSoC5/Right_QuadDec.c **** *  None.
 192:.\Generated_Source\PSoC5/Right_QuadDec.c **** *
 193:.\Generated_Source\PSoC5/Right_QuadDec.c **** * Return:
 194:.\Generated_Source\PSoC5/Right_QuadDec.c **** *  The counter value. Return type is signed and per the counter size setting.
 195:.\Generated_Source\PSoC5/Right_QuadDec.c **** *  A positive value indicates clockwise movement (B before A).
 196:.\Generated_Source\PSoC5/Right_QuadDec.c **** *
 197:.\Generated_Source\PSoC5/Right_QuadDec.c **** * Global variables:
 198:.\Generated_Source\PSoC5/Right_QuadDec.c **** *  Right_QuadDec_count32SoftPart - used to get hi 16 bit for current value
 199:.\Generated_Source\PSoC5/Right_QuadDec.c **** *  of the 32-bit counter, when Counter size equal 32-bit.
 200:.\Generated_Source\PSoC5/Right_QuadDec.c **** *
 201:.\Generated_Source\PSoC5/Right_QuadDec.c **** *******************************************************************************/
 202:.\Generated_Source\PSoC5/Right_QuadDec.c **** int32 Right_QuadDec_GetCounter(void) 
 203:.\Generated_Source\PSoC5/Right_QuadDec.c **** {
 109              		.loc 1 203 0
 110              		.cfi_startproc
 111              		@ args = 0, pretend = 0, frame = 0
 112              		@ frame_needed = 0, uses_anonymous_args = 0
 113 0000 10B5     		push	{r4, lr}
 114              		.cfi_def_cfa_offset 8
 115              		.cfi_offset 4, -8
 116              		.cfi_offset 14, -4
 204:.\Generated_Source\PSoC5/Right_QuadDec.c ****     int32 count;
 205:.\Generated_Source\PSoC5/Right_QuadDec.c ****     uint16 tmpCnt;
 206:.\Generated_Source\PSoC5/Right_QuadDec.c **** 
 207:.\Generated_Source\PSoC5/Right_QuadDec.c ****     #if (Right_QuadDec_COUNTER_SIZE == Right_QuadDec_COUNTER_SIZE_32_BIT)
 208:.\Generated_Source\PSoC5/Right_QuadDec.c ****         int16 hwCount;
 209:.\Generated_Source\PSoC5/Right_QuadDec.c **** 
 210:.\Generated_Source\PSoC5/Right_QuadDec.c ****         CyIntDisable(Right_QuadDec_ISR_NUMBER);
 117              		.loc 1 210 0
 118 0002 0224     		movs	r4, #2
 119 0004 064B     		ldr	r3, .L11
 120 0006 1C60     		str	r4, [r3]
 211:.\Generated_Source\PSoC5/Right_QuadDec.c **** 
 212:.\Generated_Source\PSoC5/Right_QuadDec.c ****         tmpCnt = Right_QuadDec_Cnt16_ReadCounter();
 121              		.loc 1 212 0
 122 0008 FFF7FEFF 		bl	Right_QuadDec_Cnt16_ReadCounter
 123              	.LVL5:
 213:.\Generated_Source\PSoC5/Right_QuadDec.c ****         hwCount = (int16) ((int32) tmpCnt - (int32) Right_QuadDec_COUNTER_INIT_VALUE);
 124              		.loc 1 213 0
 125 000c A0F50040 		sub	r0, r0, #32768
 126              	.LVL6:
 214:.\Generated_Source\PSoC5/Right_QuadDec.c ****         count = Right_QuadDec_count32SoftPart + hwCount;
 127              		.loc 1 214 0
 128 0010 00B2     		sxth	r0, r0
ARM GAS  C:\Users\Tim\AppData\Local\Temp\cchzDBWa.s 			page 7


 129 0012 044B     		ldr	r3, .L11+4
 130 0014 1B68     		ldr	r3, [r3]
 131              	.LVL7:
 215:.\Generated_Source\PSoC5/Right_QuadDec.c **** 
 216:.\Generated_Source\PSoC5/Right_QuadDec.c ****         CyIntEnable(Right_QuadDec_ISR_NUMBER);
 132              		.loc 1 216 0
 133 0016 044A     		ldr	r2, .L11+8
 134 0018 1460     		str	r4, [r2]
 217:.\Generated_Source\PSoC5/Right_QuadDec.c ****     #else 
 218:.\Generated_Source\PSoC5/Right_QuadDec.c ****         /* (Right_QuadDec_COUNTER_SIZE == Right_QuadDec_COUNTER_SIZE_8_BIT) || 
 219:.\Generated_Source\PSoC5/Right_QuadDec.c ****         *  (Right_QuadDec_COUNTER_SIZE == Right_QuadDec_COUNTER_SIZE_16_BIT)
 220:.\Generated_Source\PSoC5/Right_QuadDec.c ****         */
 221:.\Generated_Source\PSoC5/Right_QuadDec.c ****         #if (Right_QuadDec_COUNTER_SIZE == Right_QuadDec_COUNTER_SIZE_8_BIT)
 222:.\Generated_Source\PSoC5/Right_QuadDec.c ****             tmpCnt = Right_QuadDec_Cnt8_ReadCounter();
 223:.\Generated_Source\PSoC5/Right_QuadDec.c ****         #else /* (Right_QuadDec_COUNTER_SIZE == Right_QuadDec_COUNTER_SIZE_16_BIT) */
 224:.\Generated_Source\PSoC5/Right_QuadDec.c ****             tmpCnt = Right_QuadDec_Cnt16_ReadCounter();
 225:.\Generated_Source\PSoC5/Right_QuadDec.c ****         #endif  /* Right_QuadDec_COUNTER_SIZE == Right_QuadDec_COUNTER_SIZE_8_BIT */
 226:.\Generated_Source\PSoC5/Right_QuadDec.c **** 
 227:.\Generated_Source\PSoC5/Right_QuadDec.c ****         count = (int32) ((int32) tmpCnt -
 228:.\Generated_Source\PSoC5/Right_QuadDec.c ****                 (int32) Right_QuadDec_COUNTER_INIT_VALUE);
 229:.\Generated_Source\PSoC5/Right_QuadDec.c **** 
 230:.\Generated_Source\PSoC5/Right_QuadDec.c ****     #endif /* Right_QuadDec_COUNTER_SIZE == Right_QuadDec_COUNTER_SIZE_32_BIT */ 
 231:.\Generated_Source\PSoC5/Right_QuadDec.c **** 
 232:.\Generated_Source\PSoC5/Right_QuadDec.c ****     return (count);
 233:.\Generated_Source\PSoC5/Right_QuadDec.c **** }
 135              		.loc 1 233 0
 136 001a 1844     		add	r0, r0, r3
 137              	.LVL8:
 138 001c 10BD     		pop	{r4, pc}
 139              	.L12:
 140 001e 00BF     		.align	2
 141              	.L11:
 142 0020 80E100E0 		.word	-536813184
 143 0024 00000000 		.word	Right_QuadDec_count32SoftPart
 144 0028 00E100E0 		.word	-536813312
 145              		.cfi_endproc
 146              	.LFE4:
 147              		.size	Right_QuadDec_GetCounter, .-Right_QuadDec_GetCounter
 148              		.section	.text.Right_QuadDec_SetCounter,"ax",%progbits
 149              		.align	2
 150              		.global	Right_QuadDec_SetCounter
 151              		.thumb
 152              		.thumb_func
 153              		.type	Right_QuadDec_SetCounter, %function
 154              	Right_QuadDec_SetCounter:
 155              	.LFB5:
 234:.\Generated_Source\PSoC5/Right_QuadDec.c **** 
 235:.\Generated_Source\PSoC5/Right_QuadDec.c **** 
 236:.\Generated_Source\PSoC5/Right_QuadDec.c **** /*******************************************************************************
 237:.\Generated_Source\PSoC5/Right_QuadDec.c **** * Function Name: Right_QuadDec_SetCounter
 238:.\Generated_Source\PSoC5/Right_QuadDec.c **** ********************************************************************************
 239:.\Generated_Source\PSoC5/Right_QuadDec.c **** *
 240:.\Generated_Source\PSoC5/Right_QuadDec.c **** * Summary:
 241:.\Generated_Source\PSoC5/Right_QuadDec.c **** *  Sets the current value of the counter.
 242:.\Generated_Source\PSoC5/Right_QuadDec.c **** *
 243:.\Generated_Source\PSoC5/Right_QuadDec.c **** * Parameters:
 244:.\Generated_Source\PSoC5/Right_QuadDec.c **** *  value:  The new value. Parameter type is signed and per the counter size
ARM GAS  C:\Users\Tim\AppData\Local\Temp\cchzDBWa.s 			page 8


 245:.\Generated_Source\PSoC5/Right_QuadDec.c **** *  setting.
 246:.\Generated_Source\PSoC5/Right_QuadDec.c **** *
 247:.\Generated_Source\PSoC5/Right_QuadDec.c **** * Return:
 248:.\Generated_Source\PSoC5/Right_QuadDec.c **** *  None.
 249:.\Generated_Source\PSoC5/Right_QuadDec.c **** *
 250:.\Generated_Source\PSoC5/Right_QuadDec.c **** * Global variables:
 251:.\Generated_Source\PSoC5/Right_QuadDec.c **** *  Right_QuadDec_count32SoftPart - modified to set hi 16 bit for current
 252:.\Generated_Source\PSoC5/Right_QuadDec.c **** *  value of the 32-bit counter, when Counter size equal 32-bit.
 253:.\Generated_Source\PSoC5/Right_QuadDec.c **** *
 254:.\Generated_Source\PSoC5/Right_QuadDec.c **** * Reentrant:
 255:.\Generated_Source\PSoC5/Right_QuadDec.c **** *  No.
 256:.\Generated_Source\PSoC5/Right_QuadDec.c **** *
 257:.\Generated_Source\PSoC5/Right_QuadDec.c **** *******************************************************************************/
 258:.\Generated_Source\PSoC5/Right_QuadDec.c **** void Right_QuadDec_SetCounter(int32 value) 
 259:.\Generated_Source\PSoC5/Right_QuadDec.c **** {
 156              		.loc 1 259 0
 157              		.cfi_startproc
 158              		@ args = 0, pretend = 0, frame = 0
 159              		@ frame_needed = 0, uses_anonymous_args = 0
 160              	.LVL9:
 161 0000 38B5     		push	{r3, r4, r5, lr}
 162              		.cfi_def_cfa_offset 16
 163              		.cfi_offset 3, -16
 164              		.cfi_offset 4, -12
 165              		.cfi_offset 5, -8
 166              		.cfi_offset 14, -4
 167 0002 0546     		mov	r5, r0
 260:.\Generated_Source\PSoC5/Right_QuadDec.c ****     #if ((Right_QuadDec_COUNTER_SIZE == Right_QuadDec_COUNTER_SIZE_8_BIT) || \
 261:.\Generated_Source\PSoC5/Right_QuadDec.c ****          (Right_QuadDec_COUNTER_SIZE == Right_QuadDec_COUNTER_SIZE_16_BIT))
 262:.\Generated_Source\PSoC5/Right_QuadDec.c ****         uint16 count;
 263:.\Generated_Source\PSoC5/Right_QuadDec.c ****         
 264:.\Generated_Source\PSoC5/Right_QuadDec.c ****         if (value >= 0)
 265:.\Generated_Source\PSoC5/Right_QuadDec.c ****         {
 266:.\Generated_Source\PSoC5/Right_QuadDec.c ****             count = (uint16) value + Right_QuadDec_COUNTER_INIT_VALUE;
 267:.\Generated_Source\PSoC5/Right_QuadDec.c ****         }
 268:.\Generated_Source\PSoC5/Right_QuadDec.c ****         else
 269:.\Generated_Source\PSoC5/Right_QuadDec.c ****         {
 270:.\Generated_Source\PSoC5/Right_QuadDec.c ****             count = Right_QuadDec_COUNTER_INIT_VALUE - (uint16)(-value);
 271:.\Generated_Source\PSoC5/Right_QuadDec.c ****         }
 272:.\Generated_Source\PSoC5/Right_QuadDec.c ****         #if (Right_QuadDec_COUNTER_SIZE == Right_QuadDec_COUNTER_SIZE_8_BIT)
 273:.\Generated_Source\PSoC5/Right_QuadDec.c ****             Right_QuadDec_Cnt8_WriteCounter(count);
 274:.\Generated_Source\PSoC5/Right_QuadDec.c ****         #else /* (Right_QuadDec_COUNTER_SIZE == Right_QuadDec_COUNTER_SIZE_16_BIT) */
 275:.\Generated_Source\PSoC5/Right_QuadDec.c ****             Right_QuadDec_Cnt16_WriteCounter(count);
 276:.\Generated_Source\PSoC5/Right_QuadDec.c ****         #endif  /* Right_QuadDec_COUNTER_SIZE == Right_QuadDec_COUNTER_SIZE_8_BIT */
 277:.\Generated_Source\PSoC5/Right_QuadDec.c ****     #else /* (Right_QuadDec_COUNTER_SIZE == Right_QuadDec_COUNTER_SIZE_32_BIT) */
 278:.\Generated_Source\PSoC5/Right_QuadDec.c ****         CyIntDisable(Right_QuadDec_ISR_NUMBER);
 168              		.loc 1 278 0
 169 0004 0224     		movs	r4, #2
 170 0006 054B     		ldr	r3, .L15
 171 0008 1C60     		str	r4, [r3]
 279:.\Generated_Source\PSoC5/Right_QuadDec.c **** 
 280:.\Generated_Source\PSoC5/Right_QuadDec.c ****         Right_QuadDec_Cnt16_WriteCounter(Right_QuadDec_COUNTER_INIT_VALUE);
 172              		.loc 1 280 0
 173 000a 4FF40040 		mov	r0, #32768
 174              	.LVL10:
 175 000e FFF7FEFF 		bl	Right_QuadDec_Cnt16_WriteCounter
 176              	.LVL11:
ARM GAS  C:\Users\Tim\AppData\Local\Temp\cchzDBWa.s 			page 9


 281:.\Generated_Source\PSoC5/Right_QuadDec.c ****         Right_QuadDec_count32SoftPart = value;
 177              		.loc 1 281 0
 178 0012 034B     		ldr	r3, .L15+4
 179 0014 1D60     		str	r5, [r3]
 282:.\Generated_Source\PSoC5/Right_QuadDec.c **** 
 283:.\Generated_Source\PSoC5/Right_QuadDec.c ****         CyIntEnable(Right_QuadDec_ISR_NUMBER);
 180              		.loc 1 283 0
 181 0016 034B     		ldr	r3, .L15+8
 182 0018 1C60     		str	r4, [r3]
 183 001a 38BD     		pop	{r3, r4, r5, pc}
 184              	.LVL12:
 185              	.L16:
 186              		.align	2
 187              	.L15:
 188 001c 80E100E0 		.word	-536813184
 189 0020 00000000 		.word	Right_QuadDec_count32SoftPart
 190 0024 00E100E0 		.word	-536813312
 191              		.cfi_endproc
 192              	.LFE5:
 193              		.size	Right_QuadDec_SetCounter, .-Right_QuadDec_SetCounter
 194              		.section	.text.Right_QuadDec_GetEvents,"ax",%progbits
 195              		.align	2
 196              		.global	Right_QuadDec_GetEvents
 197              		.thumb
 198              		.thumb_func
 199              		.type	Right_QuadDec_GetEvents, %function
 200              	Right_QuadDec_GetEvents:
 201              	.LFB6:
 284:.\Generated_Source\PSoC5/Right_QuadDec.c ****     #endif  /* (Right_QuadDec_COUNTER_SIZE == Right_QuadDec_COUNTER_SIZE_8_BIT) ||
 285:.\Generated_Source\PSoC5/Right_QuadDec.c ****              * (Right_QuadDec_COUNTER_SIZE == Right_QuadDec_COUNTER_SIZE_16_BIT)
 286:.\Generated_Source\PSoC5/Right_QuadDec.c ****              */
 287:.\Generated_Source\PSoC5/Right_QuadDec.c **** }
 288:.\Generated_Source\PSoC5/Right_QuadDec.c **** 
 289:.\Generated_Source\PSoC5/Right_QuadDec.c **** 
 290:.\Generated_Source\PSoC5/Right_QuadDec.c **** /*******************************************************************************
 291:.\Generated_Source\PSoC5/Right_QuadDec.c **** * Function Name: Right_QuadDec_GetEvents
 292:.\Generated_Source\PSoC5/Right_QuadDec.c **** ********************************************************************************
 293:.\Generated_Source\PSoC5/Right_QuadDec.c **** * 
 294:.\Generated_Source\PSoC5/Right_QuadDec.c **** * Summary:
 295:.\Generated_Source\PSoC5/Right_QuadDec.c **** *   Reports the current status of events. This function clears the bits of the 
 296:.\Generated_Source\PSoC5/Right_QuadDec.c **** *   status register.
 297:.\Generated_Source\PSoC5/Right_QuadDec.c **** *
 298:.\Generated_Source\PSoC5/Right_QuadDec.c **** * Parameters:
 299:.\Generated_Source\PSoC5/Right_QuadDec.c **** *  None.
 300:.\Generated_Source\PSoC5/Right_QuadDec.c **** *
 301:.\Generated_Source\PSoC5/Right_QuadDec.c **** * Return:
 302:.\Generated_Source\PSoC5/Right_QuadDec.c **** *  The events, as bits in an unsigned 8-bit value:
 303:.\Generated_Source\PSoC5/Right_QuadDec.c **** *    Bit      Description
 304:.\Generated_Source\PSoC5/Right_QuadDec.c **** *     0        Counter overflow.
 305:.\Generated_Source\PSoC5/Right_QuadDec.c **** *     1        Counter underflow.
 306:.\Generated_Source\PSoC5/Right_QuadDec.c **** *     2        Counter reset due to index, if index input is used.
 307:.\Generated_Source\PSoC5/Right_QuadDec.c **** *     3        Invalid A, B inputs state transition.
 308:.\Generated_Source\PSoC5/Right_QuadDec.c **** *
 309:.\Generated_Source\PSoC5/Right_QuadDec.c **** *******************************************************************************/
 310:.\Generated_Source\PSoC5/Right_QuadDec.c **** uint8 Right_QuadDec_GetEvents(void) 
 311:.\Generated_Source\PSoC5/Right_QuadDec.c **** {
 202              		.loc 1 311 0
ARM GAS  C:\Users\Tim\AppData\Local\Temp\cchzDBWa.s 			page 10


 203              		.cfi_startproc
 204              		@ args = 0, pretend = 0, frame = 0
 205              		@ frame_needed = 0, uses_anonymous_args = 0
 206              		@ link register save eliminated.
 312:.\Generated_Source\PSoC5/Right_QuadDec.c ****     return (Right_QuadDec_STATUS_REG & Right_QuadDec_INIT_INT_MASK);
 207              		.loc 1 312 0
 208 0000 024B     		ldr	r3, .L18
 209 0002 1878     		ldrb	r0, [r3]	@ zero_extendqisi2
 313:.\Generated_Source\PSoC5/Right_QuadDec.c **** }
 210              		.loc 1 313 0
 211 0004 00F00F00 		and	r0, r0, #15
 212 0008 7047     		bx	lr
 213              	.L19:
 214 000a 00BF     		.align	2
 215              	.L18:
 216 000c 6C640040 		.word	1073767532
 217              		.cfi_endproc
 218              	.LFE6:
 219              		.size	Right_QuadDec_GetEvents, .-Right_QuadDec_GetEvents
 220              		.section	.text.Right_QuadDec_SetInterruptMask,"ax",%progbits
 221              		.align	2
 222              		.global	Right_QuadDec_SetInterruptMask
 223              		.thumb
 224              		.thumb_func
 225              		.type	Right_QuadDec_SetInterruptMask, %function
 226              	Right_QuadDec_SetInterruptMask:
 227              	.LFB7:
 314:.\Generated_Source\PSoC5/Right_QuadDec.c **** 
 315:.\Generated_Source\PSoC5/Right_QuadDec.c **** 
 316:.\Generated_Source\PSoC5/Right_QuadDec.c **** /*******************************************************************************
 317:.\Generated_Source\PSoC5/Right_QuadDec.c **** * Function Name: Right_QuadDec_SetInterruptMask
 318:.\Generated_Source\PSoC5/Right_QuadDec.c **** ********************************************************************************
 319:.\Generated_Source\PSoC5/Right_QuadDec.c **** *
 320:.\Generated_Source\PSoC5/Right_QuadDec.c **** * Summary:
 321:.\Generated_Source\PSoC5/Right_QuadDec.c **** *  Enables / disables interrupts due to the events.
 322:.\Generated_Source\PSoC5/Right_QuadDec.c **** *  For the 32-bit counter, the overflow, underflow and reset interrupts cannot
 323:.\Generated_Source\PSoC5/Right_QuadDec.c **** *  be disabled, these bits are ignored.
 324:.\Generated_Source\PSoC5/Right_QuadDec.c **** *
 325:.\Generated_Source\PSoC5/Right_QuadDec.c **** * Parameters:
 326:.\Generated_Source\PSoC5/Right_QuadDec.c **** *  mask: Enable / disable bits in an 8-bit value, where 1 enables the interrupt.
 327:.\Generated_Source\PSoC5/Right_QuadDec.c **** *
 328:.\Generated_Source\PSoC5/Right_QuadDec.c **** * Return:
 329:.\Generated_Source\PSoC5/Right_QuadDec.c **** *  None.
 330:.\Generated_Source\PSoC5/Right_QuadDec.c **** *
 331:.\Generated_Source\PSoC5/Right_QuadDec.c **** *******************************************************************************/
 332:.\Generated_Source\PSoC5/Right_QuadDec.c **** void Right_QuadDec_SetInterruptMask(uint8 mask) 
 333:.\Generated_Source\PSoC5/Right_QuadDec.c **** {
 228              		.loc 1 333 0
 229              		.cfi_startproc
 230              		@ args = 0, pretend = 0, frame = 0
 231              		@ frame_needed = 0, uses_anonymous_args = 0
 232              		@ link register save eliminated.
 233              	.LVL13:
 334:.\Generated_Source\PSoC5/Right_QuadDec.c ****     #if (Right_QuadDec_COUNTER_SIZE == Right_QuadDec_COUNTER_SIZE_32_BIT)
 335:.\Generated_Source\PSoC5/Right_QuadDec.c ****         /* Underflow, Overflow and Reset interrupts for 32-bit Counter are always enable */
 336:.\Generated_Source\PSoC5/Right_QuadDec.c ****         mask |= (Right_QuadDec_COUNTER_OVERFLOW | Right_QuadDec_COUNTER_UNDERFLOW |
 234              		.loc 1 336 0
ARM GAS  C:\Users\Tim\AppData\Local\Temp\cchzDBWa.s 			page 11


 235 0000 40F00700 		orr	r0, r0, #7
 236              	.LVL14:
 337:.\Generated_Source\PSoC5/Right_QuadDec.c ****                  Right_QuadDec_COUNTER_RESET);
 338:.\Generated_Source\PSoC5/Right_QuadDec.c ****     #endif /* Right_QuadDec_COUNTER_SIZE == Right_QuadDec_COUNTER_SIZE_32_BIT */
 339:.\Generated_Source\PSoC5/Right_QuadDec.c **** 
 340:.\Generated_Source\PSoC5/Right_QuadDec.c ****     Right_QuadDec_STATUS_MASK = mask;
 237              		.loc 1 340 0
 238 0004 014B     		ldr	r3, .L21
 239 0006 1870     		strb	r0, [r3]
 240 0008 7047     		bx	lr
 241              	.L22:
 242 000a 00BF     		.align	2
 243              	.L21:
 244 000c 8C640040 		.word	1073767564
 245              		.cfi_endproc
 246              	.LFE7:
 247              		.size	Right_QuadDec_SetInterruptMask, .-Right_QuadDec_SetInterruptMask
 248              		.section	.text.Right_QuadDec_Enable,"ax",%progbits
 249              		.align	2
 250              		.global	Right_QuadDec_Enable
 251              		.thumb
 252              		.thumb_func
 253              		.type	Right_QuadDec_Enable, %function
 254              	Right_QuadDec_Enable:
 255              	.LFB1:
  71:.\Generated_Source\PSoC5/Right_QuadDec.c ****     uint8 enableInterrupts;
 256              		.loc 1 71 0
 257              		.cfi_startproc
 258              		@ args = 0, pretend = 0, frame = 0
 259              		@ frame_needed = 0, uses_anonymous_args = 0
 260 0000 08B5     		push	{r3, lr}
 261              		.cfi_def_cfa_offset 8
 262              		.cfi_offset 3, -8
 263              		.cfi_offset 14, -4
  74:.\Generated_Source\PSoC5/Right_QuadDec.c **** 
 264              		.loc 1 74 0
 265 0002 0F20     		movs	r0, #15
 266 0004 FFF7FEFF 		bl	Right_QuadDec_SetInterruptMask
 267              	.LVL15:
  77:.\Generated_Source\PSoC5/Right_QuadDec.c ****     
 268              		.loc 1 77 0
 269 0008 FFF7FEFF 		bl	Right_QuadDec_GetEvents
 270              	.LVL16:
  79:.\Generated_Source\PSoC5/Right_QuadDec.c **** 
 271              		.loc 1 79 0
 272 000c FFF7FEFF 		bl	CyEnterCriticalSection
 273              	.LVL17:
  82:.\Generated_Source\PSoC5/Right_QuadDec.c **** 
 274              		.loc 1 82 0
 275 0010 054A     		ldr	r2, .L25
 276 0012 1378     		ldrb	r3, [r2]	@ zero_extendqisi2
 277 0014 43F01003 		orr	r3, r3, #16
 278 0018 1370     		strb	r3, [r2]
  84:.\Generated_Source\PSoC5/Right_QuadDec.c **** 
 279              		.loc 1 84 0
 280 001a FFF7FEFF 		bl	CyExitCriticalSection
 281              	.LVL18:
ARM GAS  C:\Users\Tim\AppData\Local\Temp\cchzDBWa.s 			page 12


  88:.\Generated_Source\PSoC5/Right_QuadDec.c ****     #endif /* Right_QuadDec_COUNTER_SIZE == Right_QuadDec_COUNTER_SIZE_32_BIT */
 282              		.loc 1 88 0
 283 001e 0222     		movs	r2, #2
 284 0020 024B     		ldr	r3, .L25+4
 285 0022 1A60     		str	r2, [r3]
 286 0024 08BD     		pop	{r3, pc}
 287              	.L26:
 288 0026 00BF     		.align	2
 289              	.L25:
 290 0028 9C640040 		.word	1073767580
 291 002c 00E100E0 		.word	-536813312
 292              		.cfi_endproc
 293              	.LFE1:
 294              		.size	Right_QuadDec_Enable, .-Right_QuadDec_Enable
 295              		.section	.text.Right_QuadDec_Start,"ax",%progbits
 296              		.align	2
 297              		.global	Right_QuadDec_Start
 298              		.thumb
 299              		.thumb_func
 300              		.type	Right_QuadDec_Start, %function
 301              	Right_QuadDec_Start:
 302              	.LFB2:
 117:.\Generated_Source\PSoC5/Right_QuadDec.c ****     #if (Right_QuadDec_COUNTER_SIZE == Right_QuadDec_COUNTER_SIZE_8_BIT)
 303              		.loc 1 117 0
 304              		.cfi_startproc
 305              		@ args = 0, pretend = 0, frame = 0
 306              		@ frame_needed = 0, uses_anonymous_args = 0
 307 0000 08B5     		push	{r3, lr}
 308              		.cfi_def_cfa_offset 8
 309              		.cfi_offset 3, -8
 310              		.cfi_offset 14, -4
 125:.\Generated_Source\PSoC5/Right_QuadDec.c ****         Right_QuadDec_Cnt16_WriteCounter(Right_QuadDec_COUNTER_INIT_VALUE);
 311              		.loc 1 125 0
 312 0002 FFF7FEFF 		bl	Right_QuadDec_Cnt16_Start
 313              	.LVL19:
 126:.\Generated_Source\PSoC5/Right_QuadDec.c ****     #endif /* Right_QuadDec_COUNTER_SIZE == Right_QuadDec_COUNTER_SIZE_8_BIT */
 314              		.loc 1 126 0
 315 0006 4FF40040 		mov	r0, #32768
 316 000a FFF7FEFF 		bl	Right_QuadDec_Cnt16_WriteCounter
 317              	.LVL20:
 130:.\Generated_Source\PSoC5/Right_QuadDec.c ****     #endif /* Right_QuadDec_COUNTER_SIZE == Right_QuadDec_COUNTER_SIZE_32_BIT */
 318              		.loc 1 130 0
 319 000e 0022     		movs	r2, #0
 320 0010 064B     		ldr	r3, .L30
 321 0012 1A60     		str	r2, [r3]
 133:.\Generated_Source\PSoC5/Right_QuadDec.c ****     {
 322              		.loc 1 133 0
 323 0014 064B     		ldr	r3, .L30+4
 324 0016 1B78     		ldrb	r3, [r3]	@ zero_extendqisi2
 325 0018 23B9     		cbnz	r3, .L28
 135:.\Generated_Source\PSoC5/Right_QuadDec.c ****         Right_QuadDec_initVar = 1u;
 326              		.loc 1 135 0
 327 001a FFF7FEFF 		bl	Right_QuadDec_Init
 328              	.LVL21:
 136:.\Generated_Source\PSoC5/Right_QuadDec.c ****     }
 329              		.loc 1 136 0
 330 001e 0122     		movs	r2, #1
ARM GAS  C:\Users\Tim\AppData\Local\Temp\cchzDBWa.s 			page 13


 331 0020 034B     		ldr	r3, .L30+4
 332 0022 1A70     		strb	r2, [r3]
 333              	.L28:
 139:.\Generated_Source\PSoC5/Right_QuadDec.c **** }
 334              		.loc 1 139 0
 335 0024 FFF7FEFF 		bl	Right_QuadDec_Enable
 336              	.LVL22:
 337 0028 08BD     		pop	{r3, pc}
 338              	.L31:
 339 002a 00BF     		.align	2
 340              	.L30:
 341 002c 00000000 		.word	Right_QuadDec_count32SoftPart
 342 0030 00000000 		.word	.LANCHOR0
 343              		.cfi_endproc
 344              	.LFE2:
 345              		.size	Right_QuadDec_Start, .-Right_QuadDec_Start
 346              		.section	.text.Right_QuadDec_GetInterruptMask,"ax",%progbits
 347              		.align	2
 348              		.global	Right_QuadDec_GetInterruptMask
 349              		.thumb
 350              		.thumb_func
 351              		.type	Right_QuadDec_GetInterruptMask, %function
 352              	Right_QuadDec_GetInterruptMask:
 353              	.LFB8:
 341:.\Generated_Source\PSoC5/Right_QuadDec.c **** }
 342:.\Generated_Source\PSoC5/Right_QuadDec.c **** 
 343:.\Generated_Source\PSoC5/Right_QuadDec.c **** 
 344:.\Generated_Source\PSoC5/Right_QuadDec.c **** /*******************************************************************************
 345:.\Generated_Source\PSoC5/Right_QuadDec.c **** * Function Name: Right_QuadDec_GetInterruptMask
 346:.\Generated_Source\PSoC5/Right_QuadDec.c **** ********************************************************************************
 347:.\Generated_Source\PSoC5/Right_QuadDec.c **** *
 348:.\Generated_Source\PSoC5/Right_QuadDec.c **** * Summary:
 349:.\Generated_Source\PSoC5/Right_QuadDec.c **** *  Reports the current interrupt mask settings.
 350:.\Generated_Source\PSoC5/Right_QuadDec.c **** *
 351:.\Generated_Source\PSoC5/Right_QuadDec.c **** * Parameters:
 352:.\Generated_Source\PSoC5/Right_QuadDec.c **** *  None.
 353:.\Generated_Source\PSoC5/Right_QuadDec.c **** *
 354:.\Generated_Source\PSoC5/Right_QuadDec.c **** * Return:
 355:.\Generated_Source\PSoC5/Right_QuadDec.c **** *  Enable / disable bits in an 8-bit value, where 1 enables the interrupt.
 356:.\Generated_Source\PSoC5/Right_QuadDec.c **** *  For the 32-bit counter, the overflow, underflow and reset enable bits are
 357:.\Generated_Source\PSoC5/Right_QuadDec.c **** *  always set.
 358:.\Generated_Source\PSoC5/Right_QuadDec.c **** *
 359:.\Generated_Source\PSoC5/Right_QuadDec.c **** *******************************************************************************/
 360:.\Generated_Source\PSoC5/Right_QuadDec.c **** uint8 Right_QuadDec_GetInterruptMask(void) 
 361:.\Generated_Source\PSoC5/Right_QuadDec.c **** {
 354              		.loc 1 361 0
 355              		.cfi_startproc
 356              		@ args = 0, pretend = 0, frame = 0
 357              		@ frame_needed = 0, uses_anonymous_args = 0
 358              		@ link register save eliminated.
 362:.\Generated_Source\PSoC5/Right_QuadDec.c ****     return (Right_QuadDec_STATUS_MASK & Right_QuadDec_INIT_INT_MASK);
 359              		.loc 1 362 0
 360 0000 024B     		ldr	r3, .L33
 361 0002 1878     		ldrb	r0, [r3]	@ zero_extendqisi2
 363:.\Generated_Source\PSoC5/Right_QuadDec.c **** }
 362              		.loc 1 363 0
 363 0004 00F00F00 		and	r0, r0, #15
ARM GAS  C:\Users\Tim\AppData\Local\Temp\cchzDBWa.s 			page 14


 364 0008 7047     		bx	lr
 365              	.L34:
 366 000a 00BF     		.align	2
 367              	.L33:
 368 000c 8C640040 		.word	1073767564
 369              		.cfi_endproc
 370              	.LFE8:
 371              		.size	Right_QuadDec_GetInterruptMask, .-Right_QuadDec_GetInterruptMask
 372              		.global	Right_QuadDec_initVar
 373              		.bss
 374              		.set	.LANCHOR0,. + 0
 375              		.type	Right_QuadDec_initVar, %object
 376              		.size	Right_QuadDec_initVar, 1
 377              	Right_QuadDec_initVar:
 378 0000 00       		.space	1
 379              		.text
 380              	.Letext0:
 381              		.file 2 ".\\Generated_Source\\PSoC5\\cytypes.h"
 382              		.file 3 ".\\Generated_Source\\PSoC5\\Right_QuadDec_PVT.h"
 383              		.file 4 ".\\Generated_Source\\PSoC5\\CyLib.h"
 384              		.file 5 ".\\Generated_Source\\PSoC5\\Right_QuadDec_Cnt16.h"
 385              		.section	.debug_info,"",%progbits
 386              	.Ldebug_info0:
 387 0000 7D030000 		.4byte	0x37d
 388 0004 0400     		.2byte	0x4
 389 0006 00000000 		.4byte	.Ldebug_abbrev0
 390 000a 04       		.byte	0x4
 391 000b 01       		.uleb128 0x1
 392 000c D1010000 		.4byte	.LASF44
 393 0010 01       		.byte	0x1
 394 0011 78030000 		.4byte	.LASF45
 395 0015 90010000 		.4byte	.LASF46
 396 0019 00000000 		.4byte	.Ldebug_ranges0+0
 397 001d 00000000 		.4byte	0
 398 0021 00000000 		.4byte	.Ldebug_line0
 399 0025 02       		.uleb128 0x2
 400 0026 04       		.byte	0x4
 401 0027 05       		.byte	0x5
 402 0028 696E7400 		.ascii	"int\000"
 403 002c 03       		.uleb128 0x3
 404 002d 04       		.byte	0x4
 405 002e 07       		.byte	0x7
 406 002f 76020000 		.4byte	.LASF0
 407 0033 03       		.uleb128 0x3
 408 0034 01       		.byte	0x1
 409 0035 06       		.byte	0x6
 410 0036 A1030000 		.4byte	.LASF1
 411 003a 03       		.uleb128 0x3
 412 003b 01       		.byte	0x1
 413 003c 08       		.byte	0x8
 414 003d B0000000 		.4byte	.LASF2
 415 0041 03       		.uleb128 0x3
 416 0042 02       		.byte	0x2
 417 0043 05       		.byte	0x5
 418 0044 39030000 		.4byte	.LASF3
 419 0048 03       		.uleb128 0x3
 420 0049 02       		.byte	0x2
ARM GAS  C:\Users\Tim\AppData\Local\Temp\cchzDBWa.s 			page 15


 421 004a 07       		.byte	0x7
 422 004b 50000000 		.4byte	.LASF4
 423 004f 03       		.uleb128 0x3
 424 0050 04       		.byte	0x4
 425 0051 05       		.byte	0x5
 426 0052 6A030000 		.4byte	.LASF5
 427 0056 03       		.uleb128 0x3
 428 0057 04       		.byte	0x4
 429 0058 07       		.byte	0x7
 430 0059 19010000 		.4byte	.LASF6
 431 005d 03       		.uleb128 0x3
 432 005e 08       		.byte	0x8
 433 005f 05       		.byte	0x5
 434 0060 F2020000 		.4byte	.LASF7
 435 0064 03       		.uleb128 0x3
 436 0065 08       		.byte	0x8
 437 0066 07       		.byte	0x7
 438 0067 83020000 		.4byte	.LASF8
 439 006b 03       		.uleb128 0x3
 440 006c 04       		.byte	0x4
 441 006d 07       		.byte	0x7
 442 006e E9020000 		.4byte	.LASF9
 443 0072 04       		.uleb128 0x4
 444 0073 04       		.byte	0x4
 445 0074 78000000 		.4byte	0x78
 446 0078 05       		.uleb128 0x5
 447 0079 03       		.uleb128 0x3
 448 007a 01       		.byte	0x1
 449 007b 08       		.byte	0x8
 450 007c 73030000 		.4byte	.LASF10
 451 0080 06       		.uleb128 0x6
 452 0081 43030000 		.4byte	.LASF11
 453 0085 02       		.byte	0x2
 454 0086 3801     		.2byte	0x138
 455 0088 3A000000 		.4byte	0x3a
 456 008c 06       		.uleb128 0x6
 457 008d 89010000 		.4byte	.LASF12
 458 0091 02       		.byte	0x2
 459 0092 3901     		.2byte	0x139
 460 0094 48000000 		.4byte	0x48
 461 0098 06       		.uleb128 0x6
 462 0099 CA010000 		.4byte	.LASF13
 463 009d 02       		.byte	0x2
 464 009e 3A01     		.2byte	0x13a
 465 00a0 56000000 		.4byte	0x56
 466 00a4 06       		.uleb128 0x6
 467 00a5 13010000 		.4byte	.LASF14
 468 00a9 02       		.byte	0x2
 469 00aa 3C01     		.2byte	0x13c
 470 00ac 41000000 		.4byte	0x41
 471 00b0 06       		.uleb128 0x6
 472 00b1 45010000 		.4byte	.LASF15
 473 00b5 02       		.byte	0x2
 474 00b6 3D01     		.2byte	0x13d
 475 00b8 4F000000 		.4byte	0x4f
 476 00bc 03       		.uleb128 0x3
 477 00bd 04       		.byte	0x4
ARM GAS  C:\Users\Tim\AppData\Local\Temp\cchzDBWa.s 			page 16


 478 00be 04       		.byte	0x4
 479 00bf 97000000 		.4byte	.LASF16
 480 00c3 03       		.uleb128 0x3
 481 00c4 08       		.byte	0x8
 482 00c5 04       		.byte	0x4
 483 00c6 63010000 		.4byte	.LASF17
 484 00ca 06       		.uleb128 0x6
 485 00cb E4020000 		.4byte	.LASF18
 486 00cf 02       		.byte	0x2
 487 00d0 E201     		.2byte	0x1e2
 488 00d2 D6000000 		.4byte	0xd6
 489 00d6 07       		.uleb128 0x7
 490 00d7 80000000 		.4byte	0x80
 491 00db 06       		.uleb128 0x6
 492 00dc 00000000 		.4byte	.LASF19
 493 00e0 02       		.byte	0x2
 494 00e1 E401     		.2byte	0x1e4
 495 00e3 E7000000 		.4byte	0xe7
 496 00e7 07       		.uleb128 0x7
 497 00e8 98000000 		.4byte	0x98
 498 00ec 06       		.uleb128 0x6
 499 00ed BE020000 		.4byte	.LASF20
 500 00f1 02       		.byte	0x2
 501 00f2 F401     		.2byte	0x1f4
 502 00f4 72000000 		.4byte	0x72
 503 00f8 08       		.uleb128 0x8
 504 00f9 9D000000 		.4byte	.LASF21
 505 00fd 01       		.byte	0x1
 506 00fe 2A       		.byte	0x2a
 507 00ff 00000000 		.4byte	.LFB0
 508 0103 24000000 		.4byte	.LFE0-.LFB0
 509 0107 01       		.uleb128 0x1
 510 0108 9C       		.byte	0x9c
 511 0109 35010000 		.4byte	0x135
 512 010d 09       		.uleb128 0x9
 513 010e 10000000 		.4byte	.LVL0
 514 0112 0A030000 		.4byte	0x30a
 515 0116 20010000 		.4byte	0x120
 516 011a 0A       		.uleb128 0xa
 517 011b 01       		.uleb128 0x1
 518 011c 50       		.byte	0x50
 519 011d 01       		.uleb128 0x1
 520 011e 31       		.byte	0x31
 521 011f 00       		.byte	0
 522 0120 0B       		.uleb128 0xb
 523 0121 18000000 		.4byte	.LVL1
 524 0125 24030000 		.4byte	0x324
 525 0129 0A       		.uleb128 0xa
 526 012a 01       		.uleb128 0x1
 527 012b 51       		.byte	0x51
 528 012c 01       		.uleb128 0x1
 529 012d 37       		.byte	0x37
 530 012e 0A       		.uleb128 0xa
 531 012f 01       		.uleb128 0x1
 532 0130 50       		.byte	0x50
 533 0131 01       		.uleb128 0x1
 534 0132 31       		.byte	0x31
ARM GAS  C:\Users\Tim\AppData\Local\Temp\cchzDBWa.s 			page 17


 535 0133 00       		.byte	0
 536 0134 00       		.byte	0
 537 0135 08       		.uleb128 0x8
 538 0136 AB020000 		.4byte	.LASF22
 539 013a 01       		.byte	0x1
 540 013b 9D       		.byte	0x9d
 541 013c 00000000 		.4byte	.LFB3
 542 0140 28000000 		.4byte	.LFE3-.LFB3
 543 0144 01       		.uleb128 0x1
 544 0145 9C       		.byte	0x9c
 545 0146 75010000 		.4byte	0x175
 546 014a 0C       		.uleb128 0xc
 547 014b 52010000 		.4byte	.LASF23
 548 014f 01       		.byte	0x1
 549 0150 9F       		.byte	0x9f
 550 0151 80000000 		.4byte	0x80
 551 0155 00000000 		.4byte	.LLST0
 552 0159 0D       		.uleb128 0xd
 553 015a 06000000 		.4byte	.LVL2
 554 015e 3A030000 		.4byte	0x33a
 555 0162 0D       		.uleb128 0xd
 556 0163 0A000000 		.4byte	.LVL3
 557 0167 41030000 		.4byte	0x341
 558 016b 0D       		.uleb128 0xd
 559 016c 18000000 		.4byte	.LVL4
 560 0170 4C030000 		.4byte	0x34c
 561 0174 00       		.byte	0
 562 0175 0E       		.uleb128 0xe
 563 0176 FA000000 		.4byte	.LASF47
 564 017a 01       		.byte	0x1
 565 017b CA       		.byte	0xca
 566 017c B0000000 		.4byte	0xb0
 567 0180 00000000 		.4byte	.LFB4
 568 0184 2C000000 		.4byte	.LFE4-.LFB4
 569 0188 01       		.uleb128 0x1
 570 0189 9C       		.byte	0x9c
 571 018a C5010000 		.4byte	0x1c5
 572 018e 0C       		.uleb128 0xc
 573 018f 4A000000 		.4byte	.LASF24
 574 0193 01       		.byte	0x1
 575 0194 CC       		.byte	0xcc
 576 0195 B0000000 		.4byte	0xb0
 577 0199 13000000 		.4byte	.LLST1
 578 019d 0C       		.uleb128 0xc
 579 019e 4B010000 		.4byte	.LASF25
 580 01a2 01       		.byte	0x1
 581 01a3 CD       		.byte	0xcd
 582 01a4 8C000000 		.4byte	0x8c
 583 01a8 36000000 		.4byte	.LLST2
 584 01ac 0C       		.uleb128 0xc
 585 01ad DC000000 		.4byte	.LASF26
 586 01b1 01       		.byte	0x1
 587 01b2 D0       		.byte	0xd0
 588 01b3 A4000000 		.4byte	0xa4
 589 01b7 49000000 		.4byte	.LLST3
 590 01bb 0D       		.uleb128 0xd
 591 01bc 0C000000 		.4byte	.LVL5
ARM GAS  C:\Users\Tim\AppData\Local\Temp\cchzDBWa.s 			page 18


 592 01c0 5D030000 		.4byte	0x35d
 593 01c4 00       		.byte	0
 594 01c5 0F       		.uleb128 0xf
 595 01c6 CB020000 		.4byte	.LASF27
 596 01ca 01       		.byte	0x1
 597 01cb 0201     		.2byte	0x102
 598 01cd 00000000 		.4byte	.LFB5
 599 01d1 28000000 		.4byte	.LFE5-.LFB5
 600 01d5 01       		.uleb128 0x1
 601 01d6 9C       		.byte	0x9c
 602 01d7 FD010000 		.4byte	0x1fd
 603 01db 10       		.uleb128 0x10
 604 01dc 44000000 		.4byte	.LASF29
 605 01e0 01       		.byte	0x1
 606 01e1 0201     		.2byte	0x102
 607 01e3 B0000000 		.4byte	0xb0
 608 01e7 5C000000 		.4byte	.LLST4
 609 01eb 0B       		.uleb128 0xb
 610 01ec 12000000 		.4byte	.LVL11
 611 01f0 68030000 		.4byte	0x368
 612 01f4 0A       		.uleb128 0xa
 613 01f5 01       		.uleb128 0x1
 614 01f6 50       		.byte	0x50
 615 01f7 03       		.uleb128 0x3
 616 01f8 0B       		.byte	0xb
 617 01f9 0080     		.2byte	0x8000
 618 01fb 00       		.byte	0
 619 01fc 00       		.byte	0
 620 01fd 11       		.uleb128 0x11
 621 01fe AD030000 		.4byte	.LASF33
 622 0202 01       		.byte	0x1
 623 0203 3601     		.2byte	0x136
 624 0205 80000000 		.4byte	0x80
 625 0209 00000000 		.4byte	.LFB6
 626 020d 10000000 		.4byte	.LFE6-.LFB6
 627 0211 01       		.uleb128 0x1
 628 0212 9C       		.byte	0x9c
 629 0213 0F       		.uleb128 0xf
 630 0214 6A010000 		.4byte	.LASF28
 631 0218 01       		.byte	0x1
 632 0219 4C01     		.2byte	0x14c
 633 021b 00000000 		.4byte	.LFB7
 634 021f 10000000 		.4byte	.LFE7-.LFB7
 635 0223 01       		.uleb128 0x1
 636 0224 9C       		.byte	0x9c
 637 0225 3A020000 		.4byte	0x23a
 638 0229 10       		.uleb128 0x10
 639 022a 00030000 		.4byte	.LASF30
 640 022e 01       		.byte	0x1
 641 022f 4C01     		.2byte	0x14c
 642 0231 80000000 		.4byte	0x80
 643 0235 88000000 		.4byte	.LLST5
 644 0239 00       		.byte	0
 645 023a 08       		.uleb128 0x8
 646 023b 24030000 		.4byte	.LASF31
 647 023f 01       		.byte	0x1
 648 0240 46       		.byte	0x46
ARM GAS  C:\Users\Tim\AppData\Local\Temp\cchzDBWa.s 			page 19


 649 0241 00000000 		.4byte	.LFB1
 650 0245 30000000 		.4byte	.LFE1-.LFB1
 651 0249 01       		.uleb128 0x1
 652 024a 9C       		.byte	0x9c
 653 024b 8D020000 		.4byte	0x28d
 654 024f 0C       		.uleb128 0xc
 655 0250 52010000 		.4byte	.LASF23
 656 0254 01       		.byte	0x1
 657 0255 48       		.byte	0x48
 658 0256 80000000 		.4byte	0x80
 659 025a A6000000 		.4byte	.LLST6
 660 025e 09       		.uleb128 0x9
 661 025f 08000000 		.4byte	.LVL15
 662 0263 13020000 		.4byte	0x213
 663 0267 71020000 		.4byte	0x271
 664 026b 0A       		.uleb128 0xa
 665 026c 01       		.uleb128 0x1
 666 026d 50       		.byte	0x50
 667 026e 01       		.uleb128 0x1
 668 026f 3F       		.byte	0x3f
 669 0270 00       		.byte	0
 670 0271 0D       		.uleb128 0xd
 671 0272 0C000000 		.4byte	.LVL16
 672 0276 FD010000 		.4byte	0x1fd
 673 027a 0D       		.uleb128 0xd
 674 027b 10000000 		.4byte	.LVL17
 675 027f 41030000 		.4byte	0x341
 676 0283 0D       		.uleb128 0xd
 677 0284 1E000000 		.4byte	.LVL18
 678 0288 4C030000 		.4byte	0x34c
 679 028c 00       		.byte	0
 680 028d 08       		.uleb128 0x8
 681 028e 63000000 		.4byte	.LASF32
 682 0292 01       		.byte	0x1
 683 0293 74       		.byte	0x74
 684 0294 00000000 		.4byte	.LFB2
 685 0298 34000000 		.4byte	.LFE2-.LFB2
 686 029c 01       		.uleb128 0x1
 687 029d 9C       		.byte	0x9c
 688 029e D3020000 		.4byte	0x2d3
 689 02a2 0D       		.uleb128 0xd
 690 02a3 06000000 		.4byte	.LVL19
 691 02a7 79030000 		.4byte	0x379
 692 02ab 09       		.uleb128 0x9
 693 02ac 0E000000 		.4byte	.LVL20
 694 02b0 68030000 		.4byte	0x368
 695 02b4 C0020000 		.4byte	0x2c0
 696 02b8 0A       		.uleb128 0xa
 697 02b9 01       		.uleb128 0x1
 698 02ba 50       		.byte	0x50
 699 02bb 03       		.uleb128 0x3
 700 02bc 0B       		.byte	0xb
 701 02bd 0080     		.2byte	0x8000
 702 02bf 00       		.byte	0
 703 02c0 0D       		.uleb128 0xd
 704 02c1 1E000000 		.4byte	.LVL21
 705 02c5 F8000000 		.4byte	0xf8
ARM GAS  C:\Users\Tim\AppData\Local\Temp\cchzDBWa.s 			page 20


 706 02c9 0D       		.uleb128 0xd
 707 02ca 28000000 		.4byte	.LVL22
 708 02ce 3A020000 		.4byte	0x23a
 709 02d2 00       		.byte	0
 710 02d3 11       		.uleb128 0x11
 711 02d4 05030000 		.4byte	.LASF34
 712 02d8 01       		.byte	0x1
 713 02d9 6801     		.2byte	0x168
 714 02db 80000000 		.4byte	0x80
 715 02df 00000000 		.4byte	.LFB8
 716 02e3 10000000 		.4byte	.LFE8-.LFB8
 717 02e7 01       		.uleb128 0x1
 718 02e8 9C       		.byte	0x9c
 719 02e9 12       		.uleb128 0x12
 720 02ea 06000000 		.4byte	.LASF35
 721 02ee 01       		.byte	0x1
 722 02ef 19       		.byte	0x19
 723 02f0 80000000 		.4byte	0x80
 724 02f4 05       		.uleb128 0x5
 725 02f5 03       		.byte	0x3
 726 02f6 00000000 		.4byte	Right_QuadDec_initVar
 727 02fa 13       		.uleb128 0x13
 728 02fb BE000000 		.4byte	.LASF36
 729 02ff 03       		.byte	0x3
 730 0300 18       		.byte	0x18
 731 0301 05030000 		.4byte	0x305
 732 0305 07       		.uleb128 0x7
 733 0306 B0000000 		.4byte	0xb0
 734 030a 14       		.uleb128 0x14
 735 030b 35000000 		.4byte	.LASF48
 736 030f 04       		.byte	0x4
 737 0310 89       		.byte	0x89
 738 0311 EC000000 		.4byte	0xec
 739 0315 24030000 		.4byte	0x324
 740 0319 15       		.uleb128 0x15
 741 031a 80000000 		.4byte	0x80
 742 031e 15       		.uleb128 0x15
 743 031f EC000000 		.4byte	0xec
 744 0323 00       		.byte	0
 745 0324 16       		.uleb128 0x16
 746 0325 9A020000 		.4byte	.LASF37
 747 0329 04       		.byte	0x4
 748 032a 8C       		.byte	0x8c
 749 032b 3A030000 		.4byte	0x33a
 750 032f 15       		.uleb128 0x15
 751 0330 80000000 		.4byte	0x80
 752 0334 15       		.uleb128 0x15
 753 0335 80000000 		.4byte	0x80
 754 0339 00       		.byte	0
 755 033a 17       		.uleb128 0x17
 756 033b 1C000000 		.4byte	.LASF42
 757 033f 05       		.byte	0x5
 758 0340 50       		.byte	0x50
 759 0341 18       		.uleb128 0x18
 760 0342 5F020000 		.4byte	.LASF39
 761 0346 04       		.byte	0x4
 762 0347 7E       		.byte	0x7e
ARM GAS  C:\Users\Tim\AppData\Local\Temp\cchzDBWa.s 			page 21


 763 0348 80000000 		.4byte	0x80
 764 034c 16       		.uleb128 0x16
 765 034d E4000000 		.4byte	.LASF38
 766 0351 04       		.byte	0x4
 767 0352 7F       		.byte	0x7f
 768 0353 5D030000 		.4byte	0x35d
 769 0357 15       		.uleb128 0x15
 770 0358 80000000 		.4byte	0x80
 771 035c 00       		.byte	0
 772 035d 18       		.uleb128 0x18
 773 035e 77000000 		.4byte	.LASF40
 774 0362 05       		.byte	0x5
 775 0363 5D       		.byte	0x5d
 776 0364 8C000000 		.4byte	0x8c
 777 0368 16       		.uleb128 0x16
 778 0369 49030000 		.4byte	.LASF41
 779 036d 05       		.byte	0x5
 780 036e 5A       		.byte	0x5a
 781 036f 79030000 		.4byte	0x379
 782 0373 15       		.uleb128 0x15
 783 0374 8C000000 		.4byte	0x8c
 784 0378 00       		.byte	0
 785 0379 17       		.uleb128 0x17
 786 037a 2B010000 		.4byte	.LASF43
 787 037e 05       		.byte	0x5
 788 037f 4F       		.byte	0x4f
 789 0380 00       		.byte	0
 790              		.section	.debug_abbrev,"",%progbits
 791              	.Ldebug_abbrev0:
 792 0000 01       		.uleb128 0x1
 793 0001 11       		.uleb128 0x11
 794 0002 01       		.byte	0x1
 795 0003 25       		.uleb128 0x25
 796 0004 0E       		.uleb128 0xe
 797 0005 13       		.uleb128 0x13
 798 0006 0B       		.uleb128 0xb
 799 0007 03       		.uleb128 0x3
 800 0008 0E       		.uleb128 0xe
 801 0009 1B       		.uleb128 0x1b
 802 000a 0E       		.uleb128 0xe
 803 000b 55       		.uleb128 0x55
 804 000c 17       		.uleb128 0x17
 805 000d 11       		.uleb128 0x11
 806 000e 01       		.uleb128 0x1
 807 000f 10       		.uleb128 0x10
 808 0010 17       		.uleb128 0x17
 809 0011 00       		.byte	0
 810 0012 00       		.byte	0
 811 0013 02       		.uleb128 0x2
 812 0014 24       		.uleb128 0x24
 813 0015 00       		.byte	0
 814 0016 0B       		.uleb128 0xb
 815 0017 0B       		.uleb128 0xb
 816 0018 3E       		.uleb128 0x3e
 817 0019 0B       		.uleb128 0xb
 818 001a 03       		.uleb128 0x3
 819 001b 08       		.uleb128 0x8
ARM GAS  C:\Users\Tim\AppData\Local\Temp\cchzDBWa.s 			page 22


 820 001c 00       		.byte	0
 821 001d 00       		.byte	0
 822 001e 03       		.uleb128 0x3
 823 001f 24       		.uleb128 0x24
 824 0020 00       		.byte	0
 825 0021 0B       		.uleb128 0xb
 826 0022 0B       		.uleb128 0xb
 827 0023 3E       		.uleb128 0x3e
 828 0024 0B       		.uleb128 0xb
 829 0025 03       		.uleb128 0x3
 830 0026 0E       		.uleb128 0xe
 831 0027 00       		.byte	0
 832 0028 00       		.byte	0
 833 0029 04       		.uleb128 0x4
 834 002a 0F       		.uleb128 0xf
 835 002b 00       		.byte	0
 836 002c 0B       		.uleb128 0xb
 837 002d 0B       		.uleb128 0xb
 838 002e 49       		.uleb128 0x49
 839 002f 13       		.uleb128 0x13
 840 0030 00       		.byte	0
 841 0031 00       		.byte	0
 842 0032 05       		.uleb128 0x5
 843 0033 15       		.uleb128 0x15
 844 0034 00       		.byte	0
 845 0035 27       		.uleb128 0x27
 846 0036 19       		.uleb128 0x19
 847 0037 00       		.byte	0
 848 0038 00       		.byte	0
 849 0039 06       		.uleb128 0x6
 850 003a 16       		.uleb128 0x16
 851 003b 00       		.byte	0
 852 003c 03       		.uleb128 0x3
 853 003d 0E       		.uleb128 0xe
 854 003e 3A       		.uleb128 0x3a
 855 003f 0B       		.uleb128 0xb
 856 0040 3B       		.uleb128 0x3b
 857 0041 05       		.uleb128 0x5
 858 0042 49       		.uleb128 0x49
 859 0043 13       		.uleb128 0x13
 860 0044 00       		.byte	0
 861 0045 00       		.byte	0
 862 0046 07       		.uleb128 0x7
 863 0047 35       		.uleb128 0x35
 864 0048 00       		.byte	0
 865 0049 49       		.uleb128 0x49
 866 004a 13       		.uleb128 0x13
 867 004b 00       		.byte	0
 868 004c 00       		.byte	0
 869 004d 08       		.uleb128 0x8
 870 004e 2E       		.uleb128 0x2e
 871 004f 01       		.byte	0x1
 872 0050 3F       		.uleb128 0x3f
 873 0051 19       		.uleb128 0x19
 874 0052 03       		.uleb128 0x3
 875 0053 0E       		.uleb128 0xe
 876 0054 3A       		.uleb128 0x3a
ARM GAS  C:\Users\Tim\AppData\Local\Temp\cchzDBWa.s 			page 23


 877 0055 0B       		.uleb128 0xb
 878 0056 3B       		.uleb128 0x3b
 879 0057 0B       		.uleb128 0xb
 880 0058 27       		.uleb128 0x27
 881 0059 19       		.uleb128 0x19
 882 005a 11       		.uleb128 0x11
 883 005b 01       		.uleb128 0x1
 884 005c 12       		.uleb128 0x12
 885 005d 06       		.uleb128 0x6
 886 005e 40       		.uleb128 0x40
 887 005f 18       		.uleb128 0x18
 888 0060 9742     		.uleb128 0x2117
 889 0062 19       		.uleb128 0x19
 890 0063 01       		.uleb128 0x1
 891 0064 13       		.uleb128 0x13
 892 0065 00       		.byte	0
 893 0066 00       		.byte	0
 894 0067 09       		.uleb128 0x9
 895 0068 898201   		.uleb128 0x4109
 896 006b 01       		.byte	0x1
 897 006c 11       		.uleb128 0x11
 898 006d 01       		.uleb128 0x1
 899 006e 31       		.uleb128 0x31
 900 006f 13       		.uleb128 0x13
 901 0070 01       		.uleb128 0x1
 902 0071 13       		.uleb128 0x13
 903 0072 00       		.byte	0
 904 0073 00       		.byte	0
 905 0074 0A       		.uleb128 0xa
 906 0075 8A8201   		.uleb128 0x410a
 907 0078 00       		.byte	0
 908 0079 02       		.uleb128 0x2
 909 007a 18       		.uleb128 0x18
 910 007b 9142     		.uleb128 0x2111
 911 007d 18       		.uleb128 0x18
 912 007e 00       		.byte	0
 913 007f 00       		.byte	0
 914 0080 0B       		.uleb128 0xb
 915 0081 898201   		.uleb128 0x4109
 916 0084 01       		.byte	0x1
 917 0085 11       		.uleb128 0x11
 918 0086 01       		.uleb128 0x1
 919 0087 31       		.uleb128 0x31
 920 0088 13       		.uleb128 0x13
 921 0089 00       		.byte	0
 922 008a 00       		.byte	0
 923 008b 0C       		.uleb128 0xc
 924 008c 34       		.uleb128 0x34
 925 008d 00       		.byte	0
 926 008e 03       		.uleb128 0x3
 927 008f 0E       		.uleb128 0xe
 928 0090 3A       		.uleb128 0x3a
 929 0091 0B       		.uleb128 0xb
 930 0092 3B       		.uleb128 0x3b
 931 0093 0B       		.uleb128 0xb
 932 0094 49       		.uleb128 0x49
 933 0095 13       		.uleb128 0x13
ARM GAS  C:\Users\Tim\AppData\Local\Temp\cchzDBWa.s 			page 24


 934 0096 02       		.uleb128 0x2
 935 0097 17       		.uleb128 0x17
 936 0098 00       		.byte	0
 937 0099 00       		.byte	0
 938 009a 0D       		.uleb128 0xd
 939 009b 898201   		.uleb128 0x4109
 940 009e 00       		.byte	0
 941 009f 11       		.uleb128 0x11
 942 00a0 01       		.uleb128 0x1
 943 00a1 31       		.uleb128 0x31
 944 00a2 13       		.uleb128 0x13
 945 00a3 00       		.byte	0
 946 00a4 00       		.byte	0
 947 00a5 0E       		.uleb128 0xe
 948 00a6 2E       		.uleb128 0x2e
 949 00a7 01       		.byte	0x1
 950 00a8 3F       		.uleb128 0x3f
 951 00a9 19       		.uleb128 0x19
 952 00aa 03       		.uleb128 0x3
 953 00ab 0E       		.uleb128 0xe
 954 00ac 3A       		.uleb128 0x3a
 955 00ad 0B       		.uleb128 0xb
 956 00ae 3B       		.uleb128 0x3b
 957 00af 0B       		.uleb128 0xb
 958 00b0 27       		.uleb128 0x27
 959 00b1 19       		.uleb128 0x19
 960 00b2 49       		.uleb128 0x49
 961 00b3 13       		.uleb128 0x13
 962 00b4 11       		.uleb128 0x11
 963 00b5 01       		.uleb128 0x1
 964 00b6 12       		.uleb128 0x12
 965 00b7 06       		.uleb128 0x6
 966 00b8 40       		.uleb128 0x40
 967 00b9 18       		.uleb128 0x18
 968 00ba 9742     		.uleb128 0x2117
 969 00bc 19       		.uleb128 0x19
 970 00bd 01       		.uleb128 0x1
 971 00be 13       		.uleb128 0x13
 972 00bf 00       		.byte	0
 973 00c0 00       		.byte	0
 974 00c1 0F       		.uleb128 0xf
 975 00c2 2E       		.uleb128 0x2e
 976 00c3 01       		.byte	0x1
 977 00c4 3F       		.uleb128 0x3f
 978 00c5 19       		.uleb128 0x19
 979 00c6 03       		.uleb128 0x3
 980 00c7 0E       		.uleb128 0xe
 981 00c8 3A       		.uleb128 0x3a
 982 00c9 0B       		.uleb128 0xb
 983 00ca 3B       		.uleb128 0x3b
 984 00cb 05       		.uleb128 0x5
 985 00cc 27       		.uleb128 0x27
 986 00cd 19       		.uleb128 0x19
 987 00ce 11       		.uleb128 0x11
 988 00cf 01       		.uleb128 0x1
 989 00d0 12       		.uleb128 0x12
 990 00d1 06       		.uleb128 0x6
ARM GAS  C:\Users\Tim\AppData\Local\Temp\cchzDBWa.s 			page 25


 991 00d2 40       		.uleb128 0x40
 992 00d3 18       		.uleb128 0x18
 993 00d4 9742     		.uleb128 0x2117
 994 00d6 19       		.uleb128 0x19
 995 00d7 01       		.uleb128 0x1
 996 00d8 13       		.uleb128 0x13
 997 00d9 00       		.byte	0
 998 00da 00       		.byte	0
 999 00db 10       		.uleb128 0x10
 1000 00dc 05       		.uleb128 0x5
 1001 00dd 00       		.byte	0
 1002 00de 03       		.uleb128 0x3
 1003 00df 0E       		.uleb128 0xe
 1004 00e0 3A       		.uleb128 0x3a
 1005 00e1 0B       		.uleb128 0xb
 1006 00e2 3B       		.uleb128 0x3b
 1007 00e3 05       		.uleb128 0x5
 1008 00e4 49       		.uleb128 0x49
 1009 00e5 13       		.uleb128 0x13
 1010 00e6 02       		.uleb128 0x2
 1011 00e7 17       		.uleb128 0x17
 1012 00e8 00       		.byte	0
 1013 00e9 00       		.byte	0
 1014 00ea 11       		.uleb128 0x11
 1015 00eb 2E       		.uleb128 0x2e
 1016 00ec 00       		.byte	0
 1017 00ed 3F       		.uleb128 0x3f
 1018 00ee 19       		.uleb128 0x19
 1019 00ef 03       		.uleb128 0x3
 1020 00f0 0E       		.uleb128 0xe
 1021 00f1 3A       		.uleb128 0x3a
 1022 00f2 0B       		.uleb128 0xb
 1023 00f3 3B       		.uleb128 0x3b
 1024 00f4 05       		.uleb128 0x5
 1025 00f5 27       		.uleb128 0x27
 1026 00f6 19       		.uleb128 0x19
 1027 00f7 49       		.uleb128 0x49
 1028 00f8 13       		.uleb128 0x13
 1029 00f9 11       		.uleb128 0x11
 1030 00fa 01       		.uleb128 0x1
 1031 00fb 12       		.uleb128 0x12
 1032 00fc 06       		.uleb128 0x6
 1033 00fd 40       		.uleb128 0x40
 1034 00fe 18       		.uleb128 0x18
 1035 00ff 9742     		.uleb128 0x2117
 1036 0101 19       		.uleb128 0x19
 1037 0102 00       		.byte	0
 1038 0103 00       		.byte	0
 1039 0104 12       		.uleb128 0x12
 1040 0105 34       		.uleb128 0x34
 1041 0106 00       		.byte	0
 1042 0107 03       		.uleb128 0x3
 1043 0108 0E       		.uleb128 0xe
 1044 0109 3A       		.uleb128 0x3a
 1045 010a 0B       		.uleb128 0xb
 1046 010b 3B       		.uleb128 0x3b
 1047 010c 0B       		.uleb128 0xb
ARM GAS  C:\Users\Tim\AppData\Local\Temp\cchzDBWa.s 			page 26


 1048 010d 49       		.uleb128 0x49
 1049 010e 13       		.uleb128 0x13
 1050 010f 3F       		.uleb128 0x3f
 1051 0110 19       		.uleb128 0x19
 1052 0111 02       		.uleb128 0x2
 1053 0112 18       		.uleb128 0x18
 1054 0113 00       		.byte	0
 1055 0114 00       		.byte	0
 1056 0115 13       		.uleb128 0x13
 1057 0116 34       		.uleb128 0x34
 1058 0117 00       		.byte	0
 1059 0118 03       		.uleb128 0x3
 1060 0119 0E       		.uleb128 0xe
 1061 011a 3A       		.uleb128 0x3a
 1062 011b 0B       		.uleb128 0xb
 1063 011c 3B       		.uleb128 0x3b
 1064 011d 0B       		.uleb128 0xb
 1065 011e 49       		.uleb128 0x49
 1066 011f 13       		.uleb128 0x13
 1067 0120 3F       		.uleb128 0x3f
 1068 0121 19       		.uleb128 0x19
 1069 0122 3C       		.uleb128 0x3c
 1070 0123 19       		.uleb128 0x19
 1071 0124 00       		.byte	0
 1072 0125 00       		.byte	0
 1073 0126 14       		.uleb128 0x14
 1074 0127 2E       		.uleb128 0x2e
 1075 0128 01       		.byte	0x1
 1076 0129 3F       		.uleb128 0x3f
 1077 012a 19       		.uleb128 0x19
 1078 012b 03       		.uleb128 0x3
 1079 012c 0E       		.uleb128 0xe
 1080 012d 3A       		.uleb128 0x3a
 1081 012e 0B       		.uleb128 0xb
 1082 012f 3B       		.uleb128 0x3b
 1083 0130 0B       		.uleb128 0xb
 1084 0131 27       		.uleb128 0x27
 1085 0132 19       		.uleb128 0x19
 1086 0133 49       		.uleb128 0x49
 1087 0134 13       		.uleb128 0x13
 1088 0135 3C       		.uleb128 0x3c
 1089 0136 19       		.uleb128 0x19
 1090 0137 01       		.uleb128 0x1
 1091 0138 13       		.uleb128 0x13
 1092 0139 00       		.byte	0
 1093 013a 00       		.byte	0
 1094 013b 15       		.uleb128 0x15
 1095 013c 05       		.uleb128 0x5
 1096 013d 00       		.byte	0
 1097 013e 49       		.uleb128 0x49
 1098 013f 13       		.uleb128 0x13
 1099 0140 00       		.byte	0
 1100 0141 00       		.byte	0
 1101 0142 16       		.uleb128 0x16
 1102 0143 2E       		.uleb128 0x2e
 1103 0144 01       		.byte	0x1
 1104 0145 3F       		.uleb128 0x3f
ARM GAS  C:\Users\Tim\AppData\Local\Temp\cchzDBWa.s 			page 27


 1105 0146 19       		.uleb128 0x19
 1106 0147 03       		.uleb128 0x3
 1107 0148 0E       		.uleb128 0xe
 1108 0149 3A       		.uleb128 0x3a
 1109 014a 0B       		.uleb128 0xb
 1110 014b 3B       		.uleb128 0x3b
 1111 014c 0B       		.uleb128 0xb
 1112 014d 27       		.uleb128 0x27
 1113 014e 19       		.uleb128 0x19
 1114 014f 3C       		.uleb128 0x3c
 1115 0150 19       		.uleb128 0x19
 1116 0151 01       		.uleb128 0x1
 1117 0152 13       		.uleb128 0x13
 1118 0153 00       		.byte	0
 1119 0154 00       		.byte	0
 1120 0155 17       		.uleb128 0x17
 1121 0156 2E       		.uleb128 0x2e
 1122 0157 00       		.byte	0
 1123 0158 3F       		.uleb128 0x3f
 1124 0159 19       		.uleb128 0x19
 1125 015a 03       		.uleb128 0x3
 1126 015b 0E       		.uleb128 0xe
 1127 015c 3A       		.uleb128 0x3a
 1128 015d 0B       		.uleb128 0xb
 1129 015e 3B       		.uleb128 0x3b
 1130 015f 0B       		.uleb128 0xb
 1131 0160 27       		.uleb128 0x27
 1132 0161 19       		.uleb128 0x19
 1133 0162 3C       		.uleb128 0x3c
 1134 0163 19       		.uleb128 0x19
 1135 0164 00       		.byte	0
 1136 0165 00       		.byte	0
 1137 0166 18       		.uleb128 0x18
 1138 0167 2E       		.uleb128 0x2e
 1139 0168 00       		.byte	0
 1140 0169 3F       		.uleb128 0x3f
 1141 016a 19       		.uleb128 0x19
 1142 016b 03       		.uleb128 0x3
 1143 016c 0E       		.uleb128 0xe
 1144 016d 3A       		.uleb128 0x3a
 1145 016e 0B       		.uleb128 0xb
 1146 016f 3B       		.uleb128 0x3b
 1147 0170 0B       		.uleb128 0xb
 1148 0171 27       		.uleb128 0x27
 1149 0172 19       		.uleb128 0x19
 1150 0173 49       		.uleb128 0x49
 1151 0174 13       		.uleb128 0x13
 1152 0175 3C       		.uleb128 0x3c
 1153 0176 19       		.uleb128 0x19
 1154 0177 00       		.byte	0
 1155 0178 00       		.byte	0
 1156 0179 00       		.byte	0
 1157              		.section	.debug_loc,"",%progbits
 1158              	.Ldebug_loc0:
 1159              	.LLST0:
 1160 0000 0A000000 		.4byte	.LVL3
 1161 0004 17000000 		.4byte	.LVL4-1
ARM GAS  C:\Users\Tim\AppData\Local\Temp\cchzDBWa.s 			page 28


 1162 0008 0100     		.2byte	0x1
 1163 000a 50       		.byte	0x50
 1164 000b 00000000 		.4byte	0
 1165 000f 00000000 		.4byte	0
 1166              	.LLST1:
 1167 0013 16000000 		.4byte	.LVL7
 1168 0017 1C000000 		.4byte	.LVL8
 1169 001b 0600     		.2byte	0x6
 1170 001d 70       		.byte	0x70
 1171 001e 00       		.sleb128 0
 1172 001f 73       		.byte	0x73
 1173 0020 00       		.sleb128 0
 1174 0021 22       		.byte	0x22
 1175 0022 9F       		.byte	0x9f
 1176 0023 1C000000 		.4byte	.LVL8
 1177 0027 2C000000 		.4byte	.LFE4
 1178 002b 0100     		.2byte	0x1
 1179 002d 50       		.byte	0x50
 1180 002e 00000000 		.4byte	0
 1181 0032 00000000 		.4byte	0
 1182              	.LLST2:
 1183 0036 0C000000 		.4byte	.LVL5
 1184 003a 10000000 		.4byte	.LVL6
 1185 003e 0100     		.2byte	0x1
 1186 0040 50       		.byte	0x50
 1187 0041 00000000 		.4byte	0
 1188 0045 00000000 		.4byte	0
 1189              	.LLST3:
 1190 0049 10000000 		.4byte	.LVL6
 1191 004d 1C000000 		.4byte	.LVL8
 1192 0051 0100     		.2byte	0x1
 1193 0053 50       		.byte	0x50
 1194 0054 00000000 		.4byte	0
 1195 0058 00000000 		.4byte	0
 1196              	.LLST4:
 1197 005c 00000000 		.4byte	.LVL9
 1198 0060 0E000000 		.4byte	.LVL10
 1199 0064 0100     		.2byte	0x1
 1200 0066 50       		.byte	0x50
 1201 0067 0E000000 		.4byte	.LVL10
 1202 006b 1C000000 		.4byte	.LVL12
 1203 006f 0100     		.2byte	0x1
 1204 0071 55       		.byte	0x55
 1205 0072 1C000000 		.4byte	.LVL12
 1206 0076 28000000 		.4byte	.LFE5
 1207 007a 0400     		.2byte	0x4
 1208 007c F3       		.byte	0xf3
 1209 007d 01       		.uleb128 0x1
 1210 007e 50       		.byte	0x50
 1211 007f 9F       		.byte	0x9f
 1212 0080 00000000 		.4byte	0
 1213 0084 00000000 		.4byte	0
 1214              	.LLST5:
 1215 0088 00000000 		.4byte	.LVL13
 1216 008c 04000000 		.4byte	.LVL14
 1217 0090 0100     		.2byte	0x1
 1218 0092 50       		.byte	0x50
ARM GAS  C:\Users\Tim\AppData\Local\Temp\cchzDBWa.s 			page 29


 1219 0093 04000000 		.4byte	.LVL14
 1220 0097 10000000 		.4byte	.LFE7
 1221 009b 0100     		.2byte	0x1
 1222 009d 50       		.byte	0x50
 1223 009e 00000000 		.4byte	0
 1224 00a2 00000000 		.4byte	0
 1225              	.LLST6:
 1226 00a6 10000000 		.4byte	.LVL17
 1227 00aa 1D000000 		.4byte	.LVL18-1
 1228 00ae 0100     		.2byte	0x1
 1229 00b0 50       		.byte	0x50
 1230 00b1 00000000 		.4byte	0
 1231 00b5 00000000 		.4byte	0
 1232              		.section	.debug_aranges,"",%progbits
 1233 0000 5C000000 		.4byte	0x5c
 1234 0004 0200     		.2byte	0x2
 1235 0006 00000000 		.4byte	.Ldebug_info0
 1236 000a 04       		.byte	0x4
 1237 000b 00       		.byte	0
 1238 000c 0000     		.2byte	0
 1239 000e 0000     		.2byte	0
 1240 0010 00000000 		.4byte	.LFB0
 1241 0014 24000000 		.4byte	.LFE0-.LFB0
 1242 0018 00000000 		.4byte	.LFB3
 1243 001c 28000000 		.4byte	.LFE3-.LFB3
 1244 0020 00000000 		.4byte	.LFB4
 1245 0024 2C000000 		.4byte	.LFE4-.LFB4
 1246 0028 00000000 		.4byte	.LFB5
 1247 002c 28000000 		.4byte	.LFE5-.LFB5
 1248 0030 00000000 		.4byte	.LFB6
 1249 0034 10000000 		.4byte	.LFE6-.LFB6
 1250 0038 00000000 		.4byte	.LFB7
 1251 003c 10000000 		.4byte	.LFE7-.LFB7
 1252 0040 00000000 		.4byte	.LFB1
 1253 0044 30000000 		.4byte	.LFE1-.LFB1
 1254 0048 00000000 		.4byte	.LFB2
 1255 004c 34000000 		.4byte	.LFE2-.LFB2
 1256 0050 00000000 		.4byte	.LFB8
 1257 0054 10000000 		.4byte	.LFE8-.LFB8
 1258 0058 00000000 		.4byte	0
 1259 005c 00000000 		.4byte	0
 1260              		.section	.debug_ranges,"",%progbits
 1261              	.Ldebug_ranges0:
 1262 0000 00000000 		.4byte	.LFB0
 1263 0004 24000000 		.4byte	.LFE0
 1264 0008 00000000 		.4byte	.LFB3
 1265 000c 28000000 		.4byte	.LFE3
 1266 0010 00000000 		.4byte	.LFB4
 1267 0014 2C000000 		.4byte	.LFE4
 1268 0018 00000000 		.4byte	.LFB5
 1269 001c 28000000 		.4byte	.LFE5
 1270 0020 00000000 		.4byte	.LFB6
 1271 0024 10000000 		.4byte	.LFE6
 1272 0028 00000000 		.4byte	.LFB7
 1273 002c 10000000 		.4byte	.LFE7
 1274 0030 00000000 		.4byte	.LFB1
 1275 0034 30000000 		.4byte	.LFE1
ARM GAS  C:\Users\Tim\AppData\Local\Temp\cchzDBWa.s 			page 30


 1276 0038 00000000 		.4byte	.LFB2
 1277 003c 34000000 		.4byte	.LFE2
 1278 0040 00000000 		.4byte	.LFB8
 1279 0044 10000000 		.4byte	.LFE8
 1280 0048 00000000 		.4byte	0
 1281 004c 00000000 		.4byte	0
 1282              		.section	.debug_line,"",%progbits
 1283              	.Ldebug_line0:
 1284 0000 47010000 		.section	.debug_str,"MS",%progbits,1
 1284      02008700 
 1284      00000201 
 1284      FB0E0D00 
 1284      01010101 
 1285              	.LASF19:
 1286 0000 72656733 		.ascii	"reg32\000"
 1286      3200
 1287              	.LASF35:
 1288 0006 52696768 		.ascii	"Right_QuadDec_initVar\000"
 1288      745F5175 
 1288      61644465 
 1288      635F696E 
 1288      69745661 
 1289              	.LASF42:
 1290 001c 52696768 		.ascii	"Right_QuadDec_Cnt16_Stop\000"
 1290      745F5175 
 1290      61644465 
 1290      635F436E 
 1290      7431365F 
 1291              	.LASF48:
 1292 0035 4379496E 		.ascii	"CyIntSetVector\000"
 1292      74536574 
 1292      56656374 
 1292      6F7200
 1293              	.LASF29:
 1294 0044 76616C75 		.ascii	"value\000"
 1294      6500
 1295              	.LASF24:
 1296 004a 636F756E 		.ascii	"count\000"
 1296      7400
 1297              	.LASF4:
 1298 0050 73686F72 		.ascii	"short unsigned int\000"
 1298      7420756E 
 1298      7369676E 
 1298      65642069 
 1298      6E7400
 1299              	.LASF32:
 1300 0063 52696768 		.ascii	"Right_QuadDec_Start\000"
 1300      745F5175 
 1300      61644465 
 1300      635F5374 
 1300      61727400 
 1301              	.LASF40:
 1302 0077 52696768 		.ascii	"Right_QuadDec_Cnt16_ReadCounter\000"
 1302      745F5175 
 1302      61644465 
 1302      635F436E 
 1302      7431365F 
ARM GAS  C:\Users\Tim\AppData\Local\Temp\cchzDBWa.s 			page 31


 1303              	.LASF16:
 1304 0097 666C6F61 		.ascii	"float\000"
 1304      7400
 1305              	.LASF21:
 1306 009d 52696768 		.ascii	"Right_QuadDec_Init\000"
 1306      745F5175 
 1306      61644465 
 1306      635F496E 
 1306      697400
 1307              	.LASF2:
 1308 00b0 756E7369 		.ascii	"unsigned char\000"
 1308      676E6564 
 1308      20636861 
 1308      7200
 1309              	.LASF36:
 1310 00be 52696768 		.ascii	"Right_QuadDec_count32SoftPart\000"
 1310      745F5175 
 1310      61644465 
 1310      635F636F 
 1310      756E7433 
 1311              	.LASF26:
 1312 00dc 6877436F 		.ascii	"hwCount\000"
 1312      756E7400 
 1313              	.LASF38:
 1314 00e4 43794578 		.ascii	"CyExitCriticalSection\000"
 1314      69744372 
 1314      69746963 
 1314      616C5365 
 1314      6374696F 
 1315              	.LASF47:
 1316 00fa 52696768 		.ascii	"Right_QuadDec_GetCounter\000"
 1316      745F5175 
 1316      61644465 
 1316      635F4765 
 1316      74436F75 
 1317              	.LASF14:
 1318 0113 696E7431 		.ascii	"int16\000"
 1318      3600
 1319              	.LASF6:
 1320 0119 6C6F6E67 		.ascii	"long unsigned int\000"
 1320      20756E73 
 1320      69676E65 
 1320      6420696E 
 1320      7400
 1321              	.LASF43:
 1322 012b 52696768 		.ascii	"Right_QuadDec_Cnt16_Start\000"
 1322      745F5175 
 1322      61644465 
 1322      635F436E 
 1322      7431365F 
 1323              	.LASF15:
 1324 0145 696E7433 		.ascii	"int32\000"
 1324      3200
 1325              	.LASF25:
 1326 014b 746D7043 		.ascii	"tmpCnt\000"
 1326      6E7400
 1327              	.LASF23:
ARM GAS  C:\Users\Tim\AppData\Local\Temp\cchzDBWa.s 			page 32


 1328 0152 656E6162 		.ascii	"enableInterrupts\000"
 1328      6C65496E 
 1328      74657272 
 1328      75707473 
 1328      00
 1329              	.LASF17:
 1330 0163 646F7562 		.ascii	"double\000"
 1330      6C6500
 1331              	.LASF28:
 1332 016a 52696768 		.ascii	"Right_QuadDec_SetInterruptMask\000"
 1332      745F5175 
 1332      61644465 
 1332      635F5365 
 1332      74496E74 
 1333              	.LASF12:
 1334 0189 75696E74 		.ascii	"uint16\000"
 1334      313600
 1335              	.LASF46:
 1336 0190 463A5C64 		.ascii	"F:\\d_drive\\projects\\ArloBot\\arlobot_freesoc\\fr"
 1336      5F647269 
 1336      76655C70 
 1336      726F6A65 
 1336      6374735C 
 1337 01be 6565736F 		.ascii	"eesoc.cydsn\000"
 1337      632E6379 
 1337      64736E00 
 1338              	.LASF13:
 1339 01ca 75696E74 		.ascii	"uint32\000"
 1339      333200
 1340              	.LASF44:
 1341 01d1 474E5520 		.ascii	"GNU C 4.9.3 20150303 (release) [ARM/embedded-4_9-br"
 1341      4320342E 
 1341      392E3320 
 1341      32303135 
 1341      30333033 
 1342 0204 616E6368 		.ascii	"anch revision 221220] -mcpu=cortex-m3 -mthumb -g -O"
 1342      20726576 
 1342      6973696F 
 1342      6E203232 
 1342      31323230 
 1343 0237 67202D66 		.ascii	"g -ffunction-sections -ffat-lto-objects\000"
 1343      66756E63 
 1343      74696F6E 
 1343      2D736563 
 1343      74696F6E 
 1344              	.LASF39:
 1345 025f 4379456E 		.ascii	"CyEnterCriticalSection\000"
 1345      74657243 
 1345      72697469 
 1345      63616C53 
 1345      65637469 
 1346              	.LASF0:
 1347 0276 756E7369 		.ascii	"unsigned int\000"
 1347      676E6564 
 1347      20696E74 
 1347      00
 1348              	.LASF8:
ARM GAS  C:\Users\Tim\AppData\Local\Temp\cchzDBWa.s 			page 33


 1349 0283 6C6F6E67 		.ascii	"long long unsigned int\000"
 1349      206C6F6E 
 1349      6720756E 
 1349      7369676E 
 1349      65642069 
 1350              	.LASF37:
 1351 029a 4379496E 		.ascii	"CyIntSetPriority\000"
 1351      74536574 
 1351      5072696F 
 1351      72697479 
 1351      00
 1352              	.LASF22:
 1353 02ab 52696768 		.ascii	"Right_QuadDec_Stop\000"
 1353      745F5175 
 1353      61644465 
 1353      635F5374 
 1353      6F7000
 1354              	.LASF20:
 1355 02be 63796973 		.ascii	"cyisraddress\000"
 1355      72616464 
 1355      72657373 
 1355      00
 1356              	.LASF27:
 1357 02cb 52696768 		.ascii	"Right_QuadDec_SetCounter\000"
 1357      745F5175 
 1357      61644465 
 1357      635F5365 
 1357      74436F75 
 1358              	.LASF18:
 1359 02e4 72656738 		.ascii	"reg8\000"
 1359      00
 1360              	.LASF9:
 1361 02e9 73697A65 		.ascii	"sizetype\000"
 1361      74797065 
 1361      00
 1362              	.LASF7:
 1363 02f2 6C6F6E67 		.ascii	"long long int\000"
 1363      206C6F6E 
 1363      6720696E 
 1363      7400
 1364              	.LASF30:
 1365 0300 6D61736B 		.ascii	"mask\000"
 1365      00
 1366              	.LASF34:
 1367 0305 52696768 		.ascii	"Right_QuadDec_GetInterruptMask\000"
 1367      745F5175 
 1367      61644465 
 1367      635F4765 
 1367      74496E74 
 1368              	.LASF31:
 1369 0324 52696768 		.ascii	"Right_QuadDec_Enable\000"
 1369      745F5175 
 1369      61644465 
 1369      635F456E 
 1369      61626C65 
 1370              	.LASF3:
 1371 0339 73686F72 		.ascii	"short int\000"
ARM GAS  C:\Users\Tim\AppData\Local\Temp\cchzDBWa.s 			page 34


 1371      7420696E 
 1371      7400
 1372              	.LASF11:
 1373 0343 75696E74 		.ascii	"uint8\000"
 1373      3800
 1374              	.LASF41:
 1375 0349 52696768 		.ascii	"Right_QuadDec_Cnt16_WriteCounter\000"
 1375      745F5175 
 1375      61644465 
 1375      635F436E 
 1375      7431365F 
 1376              	.LASF5:
 1377 036a 6C6F6E67 		.ascii	"long int\000"
 1377      20696E74 
 1377      00
 1378              	.LASF10:
 1379 0373 63686172 		.ascii	"char\000"
 1379      00
 1380              	.LASF45:
 1381 0378 2E5C4765 		.ascii	".\\Generated_Source\\PSoC5\\Right_QuadDec.c\000"
 1381      6E657261 
 1381      7465645F 
 1381      536F7572 
 1381      63655C50 
 1382              	.LASF1:
 1383 03a1 7369676E 		.ascii	"signed char\000"
 1383      65642063 
 1383      68617200 
 1384              	.LASF33:
 1385 03ad 52696768 		.ascii	"Right_QuadDec_GetEvents\000"
 1385      745F5175 
 1385      61644465 
 1385      635F4765 
 1385      74457665 
 1386              		.ident	"GCC: (GNU Tools for ARM Embedded Processors) 4.9.3 20150303 (release) [ARM/embedded-4_9-br
