ARM GAS  C:\Users\Tim\AppData\Local\Temp\ccpmWllp.s 			page 1


   1              		.syntax unified
   2              		.cpu cortex-m3
   3              		.fpu softvfp
   4              		.eabi_attribute 20, 1
   5              		.eabi_attribute 21, 1
   6              		.eabi_attribute 23, 3
   7              		.eabi_attribute 24, 1
   8              		.eabi_attribute 25, 1
   9              		.eabi_attribute 26, 1
  10              		.eabi_attribute 30, 1
  11              		.eabi_attribute 34, 1
  12              		.eabi_attribute 18, 4
  13              		.thumb
  14              		.file	"serial.c"
  15              		.text
  16              	.Ltext0:
  17              		.cfi_sections	.debug_frame
  18              		.section	.text.Ser_Init,"ax",%progbits
  19              		.align	2
  20              		.global	Ser_Init
  21              		.thumb
  22              		.thumb_func
  23              		.type	Ser_Init, %function
  24              	Ser_Init:
  25              	.LFB63:
  26              		.file 1 "..\\source\\serial.c"
   1:..\source/serial.c **** /* ========================================
   2:..\source/serial.c ****  *
   3:..\source/serial.c ****  * Copyright YOUR COMPANY, THE YEAR
   4:..\source/serial.c ****  * All Rights Reserved
   5:..\source/serial.c ****  * UNPUBLISHED, LICENSED SOFTWARE.
   6:..\source/serial.c ****  *
   7:..\source/serial.c ****  * CONFIDENTIAL AND PROPRIETARY INFORMATION
   8:..\source/serial.c ****  * WHICH IS THE PROPERTY OF your company.
   9:..\source/serial.c ****  *
  10:..\source/serial.c ****  * ========================================
  11:..\source/serial.c **** */
  12:..\source/serial.c **** 
  13:..\source/serial.c **** #include "serial.h"
  14:..\source/serial.c **** #include "utils.h"
  15:..\source/serial.c **** 
  16:..\source/serial.c **** #ifdef COMMS_DEBUG_ENABLED    
  17:..\source/serial.c **** #define USBFS_DEVICE    (0u)
  18:..\source/serial.c **** 
  19:..\source/serial.c **** /* The buffer size is equal to the maximum packet size of the IN and OUT bulk
  20:..\source/serial.c **** * endpoints.
  21:..\source/serial.c **** */
  22:..\source/serial.c **** #define USBUART_BUFFER_SIZE (64u)
  23:..\source/serial.c **** #define LINE_STR_LENGTH     (20u)
  24:..\source/serial.c **** #endif
  25:..\source/serial.c **** 
  26:..\source/serial.c **** void Ser_Init()
  27:..\source/serial.c **** {
  27              		.loc 1 27 0
  28              		.cfi_startproc
  29              		@ args = 0, pretend = 0, frame = 0
  30              		@ frame_needed = 0, uses_anonymous_args = 0
ARM GAS  C:\Users\Tim\AppData\Local\Temp\ccpmWllp.s 			page 2


  31              		@ link register save eliminated.
  32 0000 7047     		bx	lr
  33              		.cfi_endproc
  34              	.LFE63:
  35              		.size	Ser_Init, .-Ser_Init
  36 0002 00BF     		.section	.text.Ser_Start,"ax",%progbits
  37              		.align	2
  38              		.global	Ser_Start
  39              		.thumb
  40              		.thumb_func
  41              		.type	Ser_Start, %function
  42              	Ser_Start:
  43              	.LFB64:
  28:..\source/serial.c **** }
  29:..\source/serial.c **** 
  30:..\source/serial.c **** void Ser_Start()
  31:..\source/serial.c **** {
  44              		.loc 1 31 0
  45              		.cfi_startproc
  46              		@ args = 0, pretend = 0, frame = 0
  47              		@ frame_needed = 0, uses_anonymous_args = 0
  48              		@ link register save eliminated.
  49 0000 7047     		bx	lr
  50              		.cfi_endproc
  51              	.LFE64:
  52              		.size	Ser_Start, .-Ser_Start
  53 0002 00BF     		.section	.text.Ser_Write,"ax",%progbits
  54              		.align	2
  55              		.global	Ser_Write
  56              		.thumb
  57              		.thumb_func
  58              		.type	Ser_Write, %function
  59              	Ser_Write:
  60              	.LFB65:
  32:..\source/serial.c **** #ifdef COMMS_DEBUG_ENABLED    
  33:..\source/serial.c ****     /* Start USBFS operation with 5-V operation. */
  34:..\source/serial.c ****     USBUART_Start(USBFS_DEVICE, USBUART_5V_OPERATION);
  35:..\source/serial.c **** 
  36:..\source/serial.c ****     /* Host can send double SET_INTERFACE request. */
  37:..\source/serial.c ****     if (0u != USBUART_IsConfigurationChanged())
  38:..\source/serial.c ****     {
  39:..\source/serial.c ****         /* Initialize IN endpoints when device is configured. */
  40:..\source/serial.c ****         if (0u != USBUART_GetConfiguration())
  41:..\source/serial.c ****         {
  42:..\source/serial.c ****             /* Enumeration is done, enable OUT endpoint to receive data 
  43:..\source/serial.c ****              * from host. */
  44:..\source/serial.c ****             USBUART_CDC_Init();
  45:..\source/serial.c ****         }
  46:..\source/serial.c ****     }
  47:..\source/serial.c **** 
  48:..\source/serial.c ****     /* Service USB CDC when device is configured. */
  49:..\source/serial.c ****     if (0u != USBUART_GetConfiguration())
  50:..\source/serial.c ****     {
  51:..\source/serial.c ****         USBUART_PutString("USB UART is configured!\r\n");
  52:..\source/serial.c ****     }
  53:..\source/serial.c **** #endif
  54:..\source/serial.c **** }
ARM GAS  C:\Users\Tim\AppData\Local\Temp\ccpmWllp.s 			page 3


  55:..\source/serial.c **** 
  56:..\source/serial.c **** uint8 Ser_Write(uint8 *data, size_t num)
  57:..\source/serial.c **** {
  61              		.loc 1 57 0
  62              		.cfi_startproc
  63              		@ args = 0, pretend = 0, frame = 0
  64              		@ frame_needed = 0, uses_anonymous_args = 0
  65              		@ link register save eliminated.
  66              	.LVL0:
  58:..\source/serial.c **** #ifdef COMMS_DEBUG_ENABLED    
  59:..\source/serial.c ****     if (0 != USBUART_CDCIsReady())
  60:..\source/serial.c ****     {
  61:..\source/serial.c ****         USBUART_PutData(data, num);
  62:..\source/serial.c ****         return 0;    
  63:..\source/serial.c ****     }
  64:..\source/serial.c ****     
  65:..\source/serial.c ****     return 1;
  66:..\source/serial.c **** #else
  67:..\source/serial.c ****     data = data;
  68:..\source/serial.c ****     num = num;
  69:..\source/serial.c ****     return 0;
  70:..\source/serial.c **** #endif    
  71:..\source/serial.c **** }
  67              		.loc 1 71 0
  68 0000 0020     		movs	r0, #0
  69              	.LVL1:
  70 0002 7047     		bx	lr
  71              		.cfi_endproc
  72              	.LFE65:
  73              		.size	Ser_Write, .-Ser_Write
  74              		.section	.text.Ser_Read,"ax",%progbits
  75              		.align	2
  76              		.global	Ser_Read
  77              		.thumb
  78              		.thumb_func
  79              		.type	Ser_Read, %function
  80              	Ser_Read:
  81              	.LFB66:
  72:..\source/serial.c **** 
  73:..\source/serial.c **** uint8 Ser_Read(uint8 *data, size_t *num)
  74:..\source/serial.c **** {
  82              		.loc 1 74 0
  83              		.cfi_startproc
  84              		@ args = 0, pretend = 0, frame = 0
  85              		@ frame_needed = 0, uses_anonymous_args = 0
  86              		@ link register save eliminated.
  87              	.LVL2:
  75:..\source/serial.c **** #ifdef COMMS_DEBUG_ENABLED    
  76:..\source/serial.c ****     uint16 count;
  77:..\source/serial.c ****     
  78:..\source/serial.c ****     if (0u != USBUART_DataIsReady())
  79:..\source/serial.c ****     {
  80:..\source/serial.c ****         /* Read received data and re-enable OUT endpoint. */
  81:..\source/serial.c ****         count = USBUART_GetAll(buffer);
  82:..\source/serial.c ****                 
  83:..\source/serial.c ****         *num = min(*num, count);
  84:..\source/serial.c ****         memcpy(data, buffer, *num);
ARM GAS  C:\Users\Tim\AppData\Local\Temp\ccpmWllp.s 			page 4


  85:..\source/serial.c ****         return 0;
  86:..\source/serial.c ****     }
  87:..\source/serial.c ****     
  88:..\source/serial.c ****     return 1;
  89:..\source/serial.c **** #else
  90:..\source/serial.c ****     data = data;
  91:..\source/serial.c ****     num = num;
  92:..\source/serial.c ****     return 0;
  93:..\source/serial.c **** #endif    
  94:..\source/serial.c **** }
  88              		.loc 1 94 0
  89 0000 0020     		movs	r0, #0
  90              	.LVL3:
  91 0002 7047     		bx	lr
  92              		.cfi_endproc
  93              	.LFE66:
  94              		.size	Ser_Read, .-Ser_Read
  95              		.section	.text.Ser_PutString,"ax",%progbits
  96              		.align	2
  97              		.global	Ser_PutString
  98              		.thumb
  99              		.thumb_func
 100              		.type	Ser_PutString, %function
 101              	Ser_PutString:
 102              	.LFB67:
  95:..\source/serial.c **** 
  96:..\source/serial.c **** void Ser_PutString(char *str)
  97:..\source/serial.c **** {
 103              		.loc 1 97 0
 104              		.cfi_startproc
 105              		@ args = 0, pretend = 0, frame = 0
 106              		@ frame_needed = 0, uses_anonymous_args = 0
 107              		@ link register save eliminated.
 108              	.LVL4:
 109 0000 7047     		bx	lr
 110              		.cfi_endproc
 111              	.LFE67:
 112              		.size	Ser_PutString, .-Ser_PutString
 113 0002 00BF     		.text
 114              	.Letext0:
 115              		.file 2 "c:\\program files (x86)\\cypress\\psoc creator\\3.3\\psoc creator\\import\\gnu\\arm\\4.9.
 116              		.file 3 "c:\\program files (x86)\\cypress\\psoc creator\\3.3\\psoc creator\\import\\gnu\\arm\\4.9.
 117              		.file 4 "Generated_Source\\PSoC5/cytypes.h"
 118              		.file 5 "c:\\program files (x86)\\cypress\\psoc creator\\3.3\\psoc creator\\import\\gnu\\arm\\4.9.
 119              		.file 6 "Generated_Source\\PSoC5/core_cm3.h"
 120              		.section	.debug_info,"",%progbits
 121              	.Ldebug_info0:
 122 0000 85010000 		.4byte	0x185
 123 0004 0400     		.2byte	0x4
 124 0006 00000000 		.4byte	.Ldebug_abbrev0
 125 000a 04       		.byte	0x4
 126 000b 01       		.uleb128 0x1
 127 000c CF000000 		.4byte	.LASF22
 128 0010 01       		.byte	0x1
 129 0011 37000000 		.4byte	.LASF23
 130 0015 9D000000 		.4byte	.LASF24
 131 0019 00000000 		.4byte	.Ldebug_ranges0+0
ARM GAS  C:\Users\Tim\AppData\Local\Temp\ccpmWllp.s 			page 5


 132 001d 00000000 		.4byte	0
 133 0021 00000000 		.4byte	.Ldebug_line0
 134 0025 02       		.uleb128 0x2
 135 0026 01       		.byte	0x1
 136 0027 06       		.byte	0x6
 137 0028 A4010000 		.4byte	.LASF0
 138 002c 02       		.uleb128 0x2
 139 002d 01       		.byte	0x1
 140 002e 08       		.byte	0x8
 141 002f 5D010000 		.4byte	.LASF1
 142 0033 02       		.uleb128 0x2
 143 0034 02       		.byte	0x2
 144 0035 05       		.byte	0x5
 145 0036 C0010000 		.4byte	.LASF2
 146 003a 02       		.uleb128 0x2
 147 003b 02       		.byte	0x2
 148 003c 07       		.byte	0x7
 149 003d 0E000000 		.4byte	.LASF3
 150 0041 03       		.uleb128 0x3
 151 0042 B0010000 		.4byte	.LASF9
 152 0046 02       		.byte	0x2
 153 0047 3F       		.byte	0x3f
 154 0048 4C000000 		.4byte	0x4c
 155 004c 02       		.uleb128 0x2
 156 004d 04       		.byte	0x4
 157 004e 05       		.byte	0x5
 158 004f 6B010000 		.4byte	.LASF4
 159 0053 02       		.uleb128 0x2
 160 0054 04       		.byte	0x4
 161 0055 07       		.byte	0x7
 162 0056 6F000000 		.4byte	.LASF5
 163 005a 02       		.uleb128 0x2
 164 005b 08       		.byte	0x8
 165 005c 05       		.byte	0x5
 166 005d 00000000 		.4byte	.LASF6
 167 0061 02       		.uleb128 0x2
 168 0062 08       		.byte	0x8
 169 0063 07       		.byte	0x7
 170 0064 81000000 		.4byte	.LASF7
 171 0068 04       		.uleb128 0x4
 172 0069 04       		.byte	0x4
 173 006a 05       		.byte	0x5
 174 006b 696E7400 		.ascii	"int\000"
 175 006f 02       		.uleb128 0x2
 176 0070 04       		.byte	0x4
 177 0071 07       		.byte	0x7
 178 0072 21000000 		.4byte	.LASF8
 179 0076 03       		.uleb128 0x3
 180 0077 CA010000 		.4byte	.LASF10
 181 007b 03       		.byte	0x3
 182 007c 2C       		.byte	0x2c
 183 007d 41000000 		.4byte	0x41
 184 0081 05       		.uleb128 0x5
 185 0082 51000000 		.4byte	.LASF11
 186 0086 04       		.byte	0x4
 187 0087 3801     		.2byte	0x138
 188 0089 2C000000 		.4byte	0x2c
ARM GAS  C:\Users\Tim\AppData\Local\Temp\ccpmWllp.s 			page 6


 189 008d 02       		.uleb128 0x2
 190 008e 04       		.byte	0x4
 191 008f 04       		.byte	0x4
 192 0090 BA010000 		.4byte	.LASF12
 193 0094 02       		.uleb128 0x2
 194 0095 08       		.byte	0x8
 195 0096 04       		.byte	0x4
 196 0097 7E010000 		.4byte	.LASF13
 197 009b 02       		.uleb128 0x2
 198 009c 01       		.byte	0x1
 199 009d 08       		.byte	0x8
 200 009e D2010000 		.4byte	.LASF14
 201 00a2 03       		.uleb128 0x3
 202 00a3 4A000000 		.4byte	.LASF15
 203 00a7 05       		.byte	0x5
 204 00a8 D4       		.byte	0xd4
 205 00a9 6F000000 		.4byte	0x6f
 206 00ad 02       		.uleb128 0x2
 207 00ae 04       		.byte	0x4
 208 00af 07       		.byte	0x7
 209 00b0 8E010000 		.4byte	.LASF16
 210 00b4 06       		.uleb128 0x6
 211 00b5 04       		.byte	0x4
 212 00b6 9B000000 		.4byte	0x9b
 213 00ba 07       		.uleb128 0x7
 214 00bb 85010000 		.4byte	.LASF17
 215 00bf 01       		.byte	0x1
 216 00c0 1A       		.byte	0x1a
 217 00c1 00000000 		.4byte	.LFB63
 218 00c5 02000000 		.4byte	.LFE63-.LFB63
 219 00c9 01       		.uleb128 0x1
 220 00ca 9C       		.byte	0x9c
 221 00cb 07       		.uleb128 0x7
 222 00cc 74010000 		.4byte	.LASF18
 223 00d0 01       		.byte	0x1
 224 00d1 1E       		.byte	0x1e
 225 00d2 00000000 		.4byte	.LFB64
 226 00d6 02000000 		.4byte	.LFE64-.LFB64
 227 00da 01       		.uleb128 0x1
 228 00db 9C       		.byte	0x9c
 229 00dc 08       		.uleb128 0x8
 230 00dd 57000000 		.4byte	.LASF20
 231 00e1 01       		.byte	0x1
 232 00e2 38       		.byte	0x38
 233 00e3 81000000 		.4byte	0x81
 234 00e7 00000000 		.4byte	.LFB65
 235 00eb 04000000 		.4byte	.LFE65-.LFB65
 236 00ef 01       		.uleb128 0x1
 237 00f0 9C       		.byte	0x9c
 238 00f1 12010000 		.4byte	0x112
 239 00f5 09       		.uleb128 0x9
 240 00f6 98000000 		.4byte	.LASF19
 241 00fa 01       		.byte	0x1
 242 00fb 38       		.byte	0x38
 243 00fc 12010000 		.4byte	0x112
 244 0100 00000000 		.4byte	.LLST0
 245 0104 0A       		.uleb128 0xa
ARM GAS  C:\Users\Tim\AppData\Local\Temp\ccpmWllp.s 			page 7


 246 0105 6E756D00 		.ascii	"num\000"
 247 0109 01       		.byte	0x1
 248 010a 38       		.byte	0x38
 249 010b A2000000 		.4byte	0xa2
 250 010f 01       		.uleb128 0x1
 251 0110 51       		.byte	0x51
 252 0111 00       		.byte	0
 253 0112 06       		.uleb128 0x6
 254 0113 04       		.byte	0x4
 255 0114 81000000 		.4byte	0x81
 256 0118 08       		.uleb128 0x8
 257 0119 2E000000 		.4byte	.LASF21
 258 011d 01       		.byte	0x1
 259 011e 49       		.byte	0x49
 260 011f 81000000 		.4byte	0x81
 261 0123 00000000 		.4byte	.LFB66
 262 0127 04000000 		.4byte	.LFE66-.LFB66
 263 012b 01       		.uleb128 0x1
 264 012c 9C       		.byte	0x9c
 265 012d 4E010000 		.4byte	0x14e
 266 0131 09       		.uleb128 0x9
 267 0132 98000000 		.4byte	.LASF19
 268 0136 01       		.byte	0x1
 269 0137 49       		.byte	0x49
 270 0138 12010000 		.4byte	0x112
 271 013c 21000000 		.4byte	.LLST1
 272 0140 0A       		.uleb128 0xa
 273 0141 6E756D00 		.ascii	"num\000"
 274 0145 01       		.byte	0x1
 275 0146 49       		.byte	0x49
 276 0147 4E010000 		.4byte	0x14e
 277 014b 01       		.uleb128 0x1
 278 014c 51       		.byte	0x51
 279 014d 00       		.byte	0
 280 014e 06       		.uleb128 0x6
 281 014f 04       		.byte	0x4
 282 0150 A2000000 		.4byte	0xa2
 283 0154 0B       		.uleb128 0xb
 284 0155 61000000 		.4byte	.LASF25
 285 0159 01       		.byte	0x1
 286 015a 60       		.byte	0x60
 287 015b 00000000 		.4byte	.LFB67
 288 015f 02000000 		.4byte	.LFE67-.LFB67
 289 0163 01       		.uleb128 0x1
 290 0164 9C       		.byte	0x9c
 291 0165 77010000 		.4byte	0x177
 292 0169 0A       		.uleb128 0xa
 293 016a 73747200 		.ascii	"str\000"
 294 016e 01       		.byte	0x1
 295 016f 60       		.byte	0x60
 296 0170 B4000000 		.4byte	0xb4
 297 0174 01       		.uleb128 0x1
 298 0175 50       		.byte	0x50
 299 0176 00       		.byte	0
 300 0177 0C       		.uleb128 0xc
 301 0178 97010000 		.4byte	.LASF26
 302 017c 06       		.byte	0x6
ARM GAS  C:\Users\Tim\AppData\Local\Temp\ccpmWllp.s 			page 8


 303 017d 5506     		.2byte	0x655
 304 017f 83010000 		.4byte	0x183
 305 0183 0D       		.uleb128 0xd
 306 0184 76000000 		.4byte	0x76
 307 0188 00       		.byte	0
 308              		.section	.debug_abbrev,"",%progbits
 309              	.Ldebug_abbrev0:
 310 0000 01       		.uleb128 0x1
 311 0001 11       		.uleb128 0x11
 312 0002 01       		.byte	0x1
 313 0003 25       		.uleb128 0x25
 314 0004 0E       		.uleb128 0xe
 315 0005 13       		.uleb128 0x13
 316 0006 0B       		.uleb128 0xb
 317 0007 03       		.uleb128 0x3
 318 0008 0E       		.uleb128 0xe
 319 0009 1B       		.uleb128 0x1b
 320 000a 0E       		.uleb128 0xe
 321 000b 55       		.uleb128 0x55
 322 000c 17       		.uleb128 0x17
 323 000d 11       		.uleb128 0x11
 324 000e 01       		.uleb128 0x1
 325 000f 10       		.uleb128 0x10
 326 0010 17       		.uleb128 0x17
 327 0011 00       		.byte	0
 328 0012 00       		.byte	0
 329 0013 02       		.uleb128 0x2
 330 0014 24       		.uleb128 0x24
 331 0015 00       		.byte	0
 332 0016 0B       		.uleb128 0xb
 333 0017 0B       		.uleb128 0xb
 334 0018 3E       		.uleb128 0x3e
 335 0019 0B       		.uleb128 0xb
 336 001a 03       		.uleb128 0x3
 337 001b 0E       		.uleb128 0xe
 338 001c 00       		.byte	0
 339 001d 00       		.byte	0
 340 001e 03       		.uleb128 0x3
 341 001f 16       		.uleb128 0x16
 342 0020 00       		.byte	0
 343 0021 03       		.uleb128 0x3
 344 0022 0E       		.uleb128 0xe
 345 0023 3A       		.uleb128 0x3a
 346 0024 0B       		.uleb128 0xb
 347 0025 3B       		.uleb128 0x3b
 348 0026 0B       		.uleb128 0xb
 349 0027 49       		.uleb128 0x49
 350 0028 13       		.uleb128 0x13
 351 0029 00       		.byte	0
 352 002a 00       		.byte	0
 353 002b 04       		.uleb128 0x4
 354 002c 24       		.uleb128 0x24
 355 002d 00       		.byte	0
 356 002e 0B       		.uleb128 0xb
 357 002f 0B       		.uleb128 0xb
 358 0030 3E       		.uleb128 0x3e
 359 0031 0B       		.uleb128 0xb
ARM GAS  C:\Users\Tim\AppData\Local\Temp\ccpmWllp.s 			page 9


 360 0032 03       		.uleb128 0x3
 361 0033 08       		.uleb128 0x8
 362 0034 00       		.byte	0
 363 0035 00       		.byte	0
 364 0036 05       		.uleb128 0x5
 365 0037 16       		.uleb128 0x16
 366 0038 00       		.byte	0
 367 0039 03       		.uleb128 0x3
 368 003a 0E       		.uleb128 0xe
 369 003b 3A       		.uleb128 0x3a
 370 003c 0B       		.uleb128 0xb
 371 003d 3B       		.uleb128 0x3b
 372 003e 05       		.uleb128 0x5
 373 003f 49       		.uleb128 0x49
 374 0040 13       		.uleb128 0x13
 375 0041 00       		.byte	0
 376 0042 00       		.byte	0
 377 0043 06       		.uleb128 0x6
 378 0044 0F       		.uleb128 0xf
 379 0045 00       		.byte	0
 380 0046 0B       		.uleb128 0xb
 381 0047 0B       		.uleb128 0xb
 382 0048 49       		.uleb128 0x49
 383 0049 13       		.uleb128 0x13
 384 004a 00       		.byte	0
 385 004b 00       		.byte	0
 386 004c 07       		.uleb128 0x7
 387 004d 2E       		.uleb128 0x2e
 388 004e 00       		.byte	0
 389 004f 3F       		.uleb128 0x3f
 390 0050 19       		.uleb128 0x19
 391 0051 03       		.uleb128 0x3
 392 0052 0E       		.uleb128 0xe
 393 0053 3A       		.uleb128 0x3a
 394 0054 0B       		.uleb128 0xb
 395 0055 3B       		.uleb128 0x3b
 396 0056 0B       		.uleb128 0xb
 397 0057 11       		.uleb128 0x11
 398 0058 01       		.uleb128 0x1
 399 0059 12       		.uleb128 0x12
 400 005a 06       		.uleb128 0x6
 401 005b 40       		.uleb128 0x40
 402 005c 18       		.uleb128 0x18
 403 005d 9742     		.uleb128 0x2117
 404 005f 19       		.uleb128 0x19
 405 0060 00       		.byte	0
 406 0061 00       		.byte	0
 407 0062 08       		.uleb128 0x8
 408 0063 2E       		.uleb128 0x2e
 409 0064 01       		.byte	0x1
 410 0065 3F       		.uleb128 0x3f
 411 0066 19       		.uleb128 0x19
 412 0067 03       		.uleb128 0x3
 413 0068 0E       		.uleb128 0xe
 414 0069 3A       		.uleb128 0x3a
 415 006a 0B       		.uleb128 0xb
 416 006b 3B       		.uleb128 0x3b
ARM GAS  C:\Users\Tim\AppData\Local\Temp\ccpmWllp.s 			page 10


 417 006c 0B       		.uleb128 0xb
 418 006d 27       		.uleb128 0x27
 419 006e 19       		.uleb128 0x19
 420 006f 49       		.uleb128 0x49
 421 0070 13       		.uleb128 0x13
 422 0071 11       		.uleb128 0x11
 423 0072 01       		.uleb128 0x1
 424 0073 12       		.uleb128 0x12
 425 0074 06       		.uleb128 0x6
 426 0075 40       		.uleb128 0x40
 427 0076 18       		.uleb128 0x18
 428 0077 9742     		.uleb128 0x2117
 429 0079 19       		.uleb128 0x19
 430 007a 01       		.uleb128 0x1
 431 007b 13       		.uleb128 0x13
 432 007c 00       		.byte	0
 433 007d 00       		.byte	0
 434 007e 09       		.uleb128 0x9
 435 007f 05       		.uleb128 0x5
 436 0080 00       		.byte	0
 437 0081 03       		.uleb128 0x3
 438 0082 0E       		.uleb128 0xe
 439 0083 3A       		.uleb128 0x3a
 440 0084 0B       		.uleb128 0xb
 441 0085 3B       		.uleb128 0x3b
 442 0086 0B       		.uleb128 0xb
 443 0087 49       		.uleb128 0x49
 444 0088 13       		.uleb128 0x13
 445 0089 02       		.uleb128 0x2
 446 008a 17       		.uleb128 0x17
 447 008b 00       		.byte	0
 448 008c 00       		.byte	0
 449 008d 0A       		.uleb128 0xa
 450 008e 05       		.uleb128 0x5
 451 008f 00       		.byte	0
 452 0090 03       		.uleb128 0x3
 453 0091 08       		.uleb128 0x8
 454 0092 3A       		.uleb128 0x3a
 455 0093 0B       		.uleb128 0xb
 456 0094 3B       		.uleb128 0x3b
 457 0095 0B       		.uleb128 0xb
 458 0096 49       		.uleb128 0x49
 459 0097 13       		.uleb128 0x13
 460 0098 02       		.uleb128 0x2
 461 0099 18       		.uleb128 0x18
 462 009a 00       		.byte	0
 463 009b 00       		.byte	0
 464 009c 0B       		.uleb128 0xb
 465 009d 2E       		.uleb128 0x2e
 466 009e 01       		.byte	0x1
 467 009f 3F       		.uleb128 0x3f
 468 00a0 19       		.uleb128 0x19
 469 00a1 03       		.uleb128 0x3
 470 00a2 0E       		.uleb128 0xe
 471 00a3 3A       		.uleb128 0x3a
 472 00a4 0B       		.uleb128 0xb
 473 00a5 3B       		.uleb128 0x3b
ARM GAS  C:\Users\Tim\AppData\Local\Temp\ccpmWllp.s 			page 11


 474 00a6 0B       		.uleb128 0xb
 475 00a7 27       		.uleb128 0x27
 476 00a8 19       		.uleb128 0x19
 477 00a9 11       		.uleb128 0x11
 478 00aa 01       		.uleb128 0x1
 479 00ab 12       		.uleb128 0x12
 480 00ac 06       		.uleb128 0x6
 481 00ad 40       		.uleb128 0x40
 482 00ae 18       		.uleb128 0x18
 483 00af 9742     		.uleb128 0x2117
 484 00b1 19       		.uleb128 0x19
 485 00b2 01       		.uleb128 0x1
 486 00b3 13       		.uleb128 0x13
 487 00b4 00       		.byte	0
 488 00b5 00       		.byte	0
 489 00b6 0C       		.uleb128 0xc
 490 00b7 34       		.uleb128 0x34
 491 00b8 00       		.byte	0
 492 00b9 03       		.uleb128 0x3
 493 00ba 0E       		.uleb128 0xe
 494 00bb 3A       		.uleb128 0x3a
 495 00bc 0B       		.uleb128 0xb
 496 00bd 3B       		.uleb128 0x3b
 497 00be 05       		.uleb128 0x5
 498 00bf 49       		.uleb128 0x49
 499 00c0 13       		.uleb128 0x13
 500 00c1 3F       		.uleb128 0x3f
 501 00c2 19       		.uleb128 0x19
 502 00c3 3C       		.uleb128 0x3c
 503 00c4 19       		.uleb128 0x19
 504 00c5 00       		.byte	0
 505 00c6 00       		.byte	0
 506 00c7 0D       		.uleb128 0xd
 507 00c8 35       		.uleb128 0x35
 508 00c9 00       		.byte	0
 509 00ca 49       		.uleb128 0x49
 510 00cb 13       		.uleb128 0x13
 511 00cc 00       		.byte	0
 512 00cd 00       		.byte	0
 513 00ce 00       		.byte	0
 514              		.section	.debug_loc,"",%progbits
 515              	.Ldebug_loc0:
 516              	.LLST0:
 517 0000 00000000 		.4byte	.LVL0
 518 0004 02000000 		.4byte	.LVL1
 519 0008 0100     		.2byte	0x1
 520 000a 50       		.byte	0x50
 521 000b 02000000 		.4byte	.LVL1
 522 000f 04000000 		.4byte	.LFE65
 523 0013 0400     		.2byte	0x4
 524 0015 F3       		.byte	0xf3
 525 0016 01       		.uleb128 0x1
 526 0017 50       		.byte	0x50
 527 0018 9F       		.byte	0x9f
 528 0019 00000000 		.4byte	0
 529 001d 00000000 		.4byte	0
 530              	.LLST1:
ARM GAS  C:\Users\Tim\AppData\Local\Temp\ccpmWllp.s 			page 12


 531 0021 00000000 		.4byte	.LVL2
 532 0025 02000000 		.4byte	.LVL3
 533 0029 0100     		.2byte	0x1
 534 002b 50       		.byte	0x50
 535 002c 02000000 		.4byte	.LVL3
 536 0030 04000000 		.4byte	.LFE66
 537 0034 0400     		.2byte	0x4
 538 0036 F3       		.byte	0xf3
 539 0037 01       		.uleb128 0x1
 540 0038 50       		.byte	0x50
 541 0039 9F       		.byte	0x9f
 542 003a 00000000 		.4byte	0
 543 003e 00000000 		.4byte	0
 544              		.section	.debug_aranges,"",%progbits
 545 0000 3C000000 		.4byte	0x3c
 546 0004 0200     		.2byte	0x2
 547 0006 00000000 		.4byte	.Ldebug_info0
 548 000a 04       		.byte	0x4
 549 000b 00       		.byte	0
 550 000c 0000     		.2byte	0
 551 000e 0000     		.2byte	0
 552 0010 00000000 		.4byte	.LFB63
 553 0014 02000000 		.4byte	.LFE63-.LFB63
 554 0018 00000000 		.4byte	.LFB64
 555 001c 02000000 		.4byte	.LFE64-.LFB64
 556 0020 00000000 		.4byte	.LFB65
 557 0024 04000000 		.4byte	.LFE65-.LFB65
 558 0028 00000000 		.4byte	.LFB66
 559 002c 04000000 		.4byte	.LFE66-.LFB66
 560 0030 00000000 		.4byte	.LFB67
 561 0034 02000000 		.4byte	.LFE67-.LFB67
 562 0038 00000000 		.4byte	0
 563 003c 00000000 		.4byte	0
 564              		.section	.debug_ranges,"",%progbits
 565              	.Ldebug_ranges0:
 566 0000 00000000 		.4byte	.LFB63
 567 0004 02000000 		.4byte	.LFE63
 568 0008 00000000 		.4byte	.LFB64
 569 000c 02000000 		.4byte	.LFE64
 570 0010 00000000 		.4byte	.LFB65
 571 0014 04000000 		.4byte	.LFE65
 572 0018 00000000 		.4byte	.LFB66
 573 001c 04000000 		.4byte	.LFE66
 574 0020 00000000 		.4byte	.LFB67
 575 0024 02000000 		.4byte	.LFE67
 576 0028 00000000 		.4byte	0
 577 002c 00000000 		.4byte	0
 578              		.section	.debug_line,"",%progbits
 579              	.Ldebug_line0:
 580 0000 2E020000 		.section	.debug_str,"MS",%progbits,1
 580      0200D501 
 580      00000201 
 580      FB0E0D00 
 580      01010101 
 581              	.LASF6:
 582 0000 6C6F6E67 		.ascii	"long long int\000"
 582      206C6F6E 
ARM GAS  C:\Users\Tim\AppData\Local\Temp\ccpmWllp.s 			page 13


 582      6720696E 
 582      7400
 583              	.LASF3:
 584 000e 73686F72 		.ascii	"short unsigned int\000"
 584      7420756E 
 584      7369676E 
 584      65642069 
 584      6E7400
 585              	.LASF8:
 586 0021 756E7369 		.ascii	"unsigned int\000"
 586      676E6564 
 586      20696E74 
 586      00
 587              	.LASF21:
 588 002e 5365725F 		.ascii	"Ser_Read\000"
 588      52656164 
 588      00
 589              	.LASF23:
 590 0037 2E2E5C73 		.ascii	"..\\source\\serial.c\000"
 590      6F757263 
 590      655C7365 
 590      7269616C 
 590      2E6300
 591              	.LASF15:
 592 004a 73697A65 		.ascii	"size_t\000"
 592      5F7400
 593              	.LASF11:
 594 0051 75696E74 		.ascii	"uint8\000"
 594      3800
 595              	.LASF20:
 596 0057 5365725F 		.ascii	"Ser_Write\000"
 596      57726974 
 596      6500
 597              	.LASF25:
 598 0061 5365725F 		.ascii	"Ser_PutString\000"
 598      50757453 
 598      7472696E 
 598      6700
 599              	.LASF5:
 600 006f 6C6F6E67 		.ascii	"long unsigned int\000"
 600      20756E73 
 600      69676E65 
 600      6420696E 
 600      7400
 601              	.LASF7:
 602 0081 6C6F6E67 		.ascii	"long long unsigned int\000"
 602      206C6F6E 
 602      6720756E 
 602      7369676E 
 602      65642069 
 603              	.LASF19:
 604 0098 64617461 		.ascii	"data\000"
 604      00
 605              	.LASF24:
 606 009d 443A5C70 		.ascii	"D:\\projects\\ArloBot\\arlobot_freesoc\\freesoc.cyd"
 606      726F6A65 
 606      6374735C 
ARM GAS  C:\Users\Tim\AppData\Local\Temp\ccpmWllp.s 			page 14


 606      41726C6F 
 606      426F745C 
 607 00cc 736E00   		.ascii	"sn\000"
 608              	.LASF22:
 609 00cf 474E5520 		.ascii	"GNU C 4.9.3 20150303 (release) [ARM/embedded-4_9-br"
 609      4320342E 
 609      392E3320 
 609      32303135 
 609      30333033 
 610 0102 616E6368 		.ascii	"anch revision 221220] -mcpu=cortex-m3 -mthumb -g -O"
 610      20726576 
 610      6973696F 
 610      6E203232 
 610      31323230 
 611 0135 67202D66 		.ascii	"g -ffunction-sections -ffat-lto-objects\000"
 611      66756E63 
 611      74696F6E 
 611      2D736563 
 611      74696F6E 
 612              	.LASF1:
 613 015d 756E7369 		.ascii	"unsigned char\000"
 613      676E6564 
 613      20636861 
 613      7200
 614              	.LASF4:
 615 016b 6C6F6E67 		.ascii	"long int\000"
 615      20696E74 
 615      00
 616              	.LASF18:
 617 0174 5365725F 		.ascii	"Ser_Start\000"
 617      53746172 
 617      7400
 618              	.LASF13:
 619 017e 646F7562 		.ascii	"double\000"
 619      6C6500
 620              	.LASF17:
 621 0185 5365725F 		.ascii	"Ser_Init\000"
 621      496E6974 
 621      00
 622              	.LASF16:
 623 018e 73697A65 		.ascii	"sizetype\000"
 623      74797065 
 623      00
 624              	.LASF26:
 625 0197 49544D5F 		.ascii	"ITM_RxBuffer\000"
 625      52784275 
 625      66666572 
 625      00
 626              	.LASF0:
 627 01a4 7369676E 		.ascii	"signed char\000"
 627      65642063 
 627      68617200 
 628              	.LASF9:
 629 01b0 5F5F696E 		.ascii	"__int32_t\000"
 629      7433325F 
 629      7400
 630              	.LASF12:
ARM GAS  C:\Users\Tim\AppData\Local\Temp\ccpmWllp.s 			page 15


 631 01ba 666C6F61 		.ascii	"float\000"
 631      7400
 632              	.LASF2:
 633 01c0 73686F72 		.ascii	"short int\000"
 633      7420696E 
 633      7400
 634              	.LASF10:
 635 01ca 696E7433 		.ascii	"int32_t\000"
 635      325F7400 
 636              	.LASF14:
 637 01d2 63686172 		.ascii	"char\000"
 637      00
 638              		.ident	"GCC: (GNU Tools for ARM Embedded Processors) 4.9.3 20150303 (release) [ARM/embedded-4_9-br
