ARM GAS  C:\Users\Tim\AppData\Local\Temp\ccX6yJyi.s 			page 1


   1              		.syntax unified
   2              		.cpu cortex-m3
   3              		.fpu softvfp
   4              		.eabi_attribute 20, 1
   5              		.eabi_attribute 21, 1
   6              		.eabi_attribute 23, 3
   7              		.eabi_attribute 24, 1
   8              		.eabi_attribute 25, 1
   9              		.eabi_attribute 26, 1
  10              		.eabi_attribute 30, 1
  11              		.eabi_attribute 34, 1
  12              		.eabi_attribute 18, 4
  13              		.thumb
  14              		.file	"SPIM_PM.c"
  15              		.text
  16              	.Ltext0:
  17              		.cfi_sections	.debug_frame
  18              		.section	.text.SPIM_SaveConfig,"ax",%progbits
  19              		.align	2
  20              		.global	SPIM_SaveConfig
  21              		.thumb
  22              		.thumb_func
  23              		.type	SPIM_SaveConfig, %function
  24              	SPIM_SaveConfig:
  25              	.LFB0:
  26              		.file 1 ".\\Generated_Source\\PSoC5\\SPIM_PM.c"
   1:.\Generated_Source\PSoC5/SPIM_PM.c **** /*******************************************************************************
   2:.\Generated_Source\PSoC5/SPIM_PM.c **** * File Name: SPIM_PM.c
   3:.\Generated_Source\PSoC5/SPIM_PM.c **** * Version 2.50
   4:.\Generated_Source\PSoC5/SPIM_PM.c **** *
   5:.\Generated_Source\PSoC5/SPIM_PM.c **** * Description:
   6:.\Generated_Source\PSoC5/SPIM_PM.c **** *  This file contains the setup, control and status commands to support
   7:.\Generated_Source\PSoC5/SPIM_PM.c **** *  component operations in low power mode.
   8:.\Generated_Source\PSoC5/SPIM_PM.c **** *
   9:.\Generated_Source\PSoC5/SPIM_PM.c **** * Note:
  10:.\Generated_Source\PSoC5/SPIM_PM.c **** *
  11:.\Generated_Source\PSoC5/SPIM_PM.c **** ********************************************************************************
  12:.\Generated_Source\PSoC5/SPIM_PM.c **** * Copyright 2008-2015, Cypress Semiconductor Corporation.  All rights reserved.
  13:.\Generated_Source\PSoC5/SPIM_PM.c **** * You may use this file only in accordance with the license, terms, conditions,
  14:.\Generated_Source\PSoC5/SPIM_PM.c **** * disclaimers, and limitations in the end user license agreement accompanying
  15:.\Generated_Source\PSoC5/SPIM_PM.c **** * the software package with which this file was provided.
  16:.\Generated_Source\PSoC5/SPIM_PM.c **** *******************************************************************************/
  17:.\Generated_Source\PSoC5/SPIM_PM.c **** 
  18:.\Generated_Source\PSoC5/SPIM_PM.c **** #include "SPIM_PVT.h"
  19:.\Generated_Source\PSoC5/SPIM_PM.c **** 
  20:.\Generated_Source\PSoC5/SPIM_PM.c **** static SPIM_BACKUP_STRUCT SPIM_backup =
  21:.\Generated_Source\PSoC5/SPIM_PM.c **** {
  22:.\Generated_Source\PSoC5/SPIM_PM.c ****     SPIM_DISABLED,
  23:.\Generated_Source\PSoC5/SPIM_PM.c ****     SPIM_BITCTR_INIT,
  24:.\Generated_Source\PSoC5/SPIM_PM.c **** };
  25:.\Generated_Source\PSoC5/SPIM_PM.c **** 
  26:.\Generated_Source\PSoC5/SPIM_PM.c **** 
  27:.\Generated_Source\PSoC5/SPIM_PM.c **** /*******************************************************************************
  28:.\Generated_Source\PSoC5/SPIM_PM.c **** * Function Name: SPIM_SaveConfig
  29:.\Generated_Source\PSoC5/SPIM_PM.c **** ********************************************************************************
  30:.\Generated_Source\PSoC5/SPIM_PM.c **** *
  31:.\Generated_Source\PSoC5/SPIM_PM.c **** * Summary:
ARM GAS  C:\Users\Tim\AppData\Local\Temp\ccX6yJyi.s 			page 2


  32:.\Generated_Source\PSoC5/SPIM_PM.c **** *  Empty function. Included for consistency with other components.
  33:.\Generated_Source\PSoC5/SPIM_PM.c **** *
  34:.\Generated_Source\PSoC5/SPIM_PM.c **** * Parameters:
  35:.\Generated_Source\PSoC5/SPIM_PM.c **** *  None.
  36:.\Generated_Source\PSoC5/SPIM_PM.c **** *
  37:.\Generated_Source\PSoC5/SPIM_PM.c **** * Return:
  38:.\Generated_Source\PSoC5/SPIM_PM.c **** *  None.
  39:.\Generated_Source\PSoC5/SPIM_PM.c **** *
  40:.\Generated_Source\PSoC5/SPIM_PM.c **** *******************************************************************************/
  41:.\Generated_Source\PSoC5/SPIM_PM.c **** void SPIM_SaveConfig(void) 
  42:.\Generated_Source\PSoC5/SPIM_PM.c **** {
  27              		.loc 1 42 0
  28              		.cfi_startproc
  29              		@ args = 0, pretend = 0, frame = 0
  30              		@ frame_needed = 0, uses_anonymous_args = 0
  31              		@ link register save eliminated.
  32 0000 7047     		bx	lr
  33              		.cfi_endproc
  34              	.LFE0:
  35              		.size	SPIM_SaveConfig, .-SPIM_SaveConfig
  36 0002 00BF     		.section	.text.SPIM_RestoreConfig,"ax",%progbits
  37              		.align	2
  38              		.global	SPIM_RestoreConfig
  39              		.thumb
  40              		.thumb_func
  41              		.type	SPIM_RestoreConfig, %function
  42              	SPIM_RestoreConfig:
  43              	.LFB1:
  43:.\Generated_Source\PSoC5/SPIM_PM.c **** 
  44:.\Generated_Source\PSoC5/SPIM_PM.c **** }
  45:.\Generated_Source\PSoC5/SPIM_PM.c **** 
  46:.\Generated_Source\PSoC5/SPIM_PM.c **** 
  47:.\Generated_Source\PSoC5/SPIM_PM.c **** /*******************************************************************************
  48:.\Generated_Source\PSoC5/SPIM_PM.c **** * Function Name: SPIM_RestoreConfig
  49:.\Generated_Source\PSoC5/SPIM_PM.c **** ********************************************************************************
  50:.\Generated_Source\PSoC5/SPIM_PM.c **** *
  51:.\Generated_Source\PSoC5/SPIM_PM.c **** * Summary:
  52:.\Generated_Source\PSoC5/SPIM_PM.c **** *  Empty function. Included for consistency with other components.
  53:.\Generated_Source\PSoC5/SPIM_PM.c **** *
  54:.\Generated_Source\PSoC5/SPIM_PM.c **** * Parameters:
  55:.\Generated_Source\PSoC5/SPIM_PM.c **** *  None.
  56:.\Generated_Source\PSoC5/SPIM_PM.c **** *
  57:.\Generated_Source\PSoC5/SPIM_PM.c **** * Return:
  58:.\Generated_Source\PSoC5/SPIM_PM.c **** *  None.
  59:.\Generated_Source\PSoC5/SPIM_PM.c **** *
  60:.\Generated_Source\PSoC5/SPIM_PM.c **** *******************************************************************************/
  61:.\Generated_Source\PSoC5/SPIM_PM.c **** void SPIM_RestoreConfig(void) 
  62:.\Generated_Source\PSoC5/SPIM_PM.c **** {
  44              		.loc 1 62 0
  45              		.cfi_startproc
  46              		@ args = 0, pretend = 0, frame = 0
  47              		@ frame_needed = 0, uses_anonymous_args = 0
  48              		@ link register save eliminated.
  49 0000 7047     		bx	lr
  50              		.cfi_endproc
  51              	.LFE1:
  52              		.size	SPIM_RestoreConfig, .-SPIM_RestoreConfig
ARM GAS  C:\Users\Tim\AppData\Local\Temp\ccX6yJyi.s 			page 3


  53 0002 00BF     		.section	.text.SPIM_Sleep,"ax",%progbits
  54              		.align	2
  55              		.global	SPIM_Sleep
  56              		.thumb
  57              		.thumb_func
  58              		.type	SPIM_Sleep, %function
  59              	SPIM_Sleep:
  60              	.LFB2:
  63:.\Generated_Source\PSoC5/SPIM_PM.c **** 
  64:.\Generated_Source\PSoC5/SPIM_PM.c **** }
  65:.\Generated_Source\PSoC5/SPIM_PM.c **** 
  66:.\Generated_Source\PSoC5/SPIM_PM.c **** 
  67:.\Generated_Source\PSoC5/SPIM_PM.c **** /*******************************************************************************
  68:.\Generated_Source\PSoC5/SPIM_PM.c **** * Function Name: SPIM_Sleep
  69:.\Generated_Source\PSoC5/SPIM_PM.c **** ********************************************************************************
  70:.\Generated_Source\PSoC5/SPIM_PM.c **** *
  71:.\Generated_Source\PSoC5/SPIM_PM.c **** * Summary:
  72:.\Generated_Source\PSoC5/SPIM_PM.c **** *  Prepare SPIM Component goes to sleep.
  73:.\Generated_Source\PSoC5/SPIM_PM.c **** *
  74:.\Generated_Source\PSoC5/SPIM_PM.c **** * Parameters:
  75:.\Generated_Source\PSoC5/SPIM_PM.c **** *  None.
  76:.\Generated_Source\PSoC5/SPIM_PM.c **** *
  77:.\Generated_Source\PSoC5/SPIM_PM.c **** * Return:
  78:.\Generated_Source\PSoC5/SPIM_PM.c **** *  None.
  79:.\Generated_Source\PSoC5/SPIM_PM.c **** *
  80:.\Generated_Source\PSoC5/SPIM_PM.c **** * Global Variables:
  81:.\Generated_Source\PSoC5/SPIM_PM.c **** *  SPIM_backup - modified when non-retention registers are saved.
  82:.\Generated_Source\PSoC5/SPIM_PM.c **** *
  83:.\Generated_Source\PSoC5/SPIM_PM.c **** * Reentrant:
  84:.\Generated_Source\PSoC5/SPIM_PM.c **** *  No.
  85:.\Generated_Source\PSoC5/SPIM_PM.c **** *
  86:.\Generated_Source\PSoC5/SPIM_PM.c **** *******************************************************************************/
  87:.\Generated_Source\PSoC5/SPIM_PM.c **** void SPIM_Sleep(void) 
  88:.\Generated_Source\PSoC5/SPIM_PM.c **** {
  61              		.loc 1 88 0
  62              		.cfi_startproc
  63              		@ args = 0, pretend = 0, frame = 0
  64              		@ frame_needed = 0, uses_anonymous_args = 0
  65              		.loc 1 88 0
  66 0000 08B5     		push	{r3, lr}
  67              		.cfi_def_cfa_offset 8
  68              		.cfi_offset 3, -8
  69              		.cfi_offset 14, -4
  89:.\Generated_Source\PSoC5/SPIM_PM.c ****     /* Save components enable state */
  90:.\Generated_Source\PSoC5/SPIM_PM.c ****     SPIM_backup.enableState = ((uint8) SPIM_IS_ENABLED);
  70              		.loc 1 90 0
  71 0002 044B     		ldr	r3, .L5
  72 0004 1B78     		ldrb	r3, [r3]	@ zero_extendqisi2
  73 0006 C3F30013 		ubfx	r3, r3, #4, #1
  74 000a 034A     		ldr	r2, .L5+4
  75 000c 1370     		strb	r3, [r2]
  91:.\Generated_Source\PSoC5/SPIM_PM.c **** 
  92:.\Generated_Source\PSoC5/SPIM_PM.c ****     SPIM_Stop();
  76              		.loc 1 92 0
  77 000e FFF7FEFF 		bl	SPIM_Stop
  78              	.LVL0:
  79 0012 08BD     		pop	{r3, pc}
ARM GAS  C:\Users\Tim\AppData\Local\Temp\ccX6yJyi.s 			page 4


  80              	.L6:
  81              		.align	2
  82              	.L5:
  83 0014 97650040 		.word	1073767831
  84 0018 00000000 		.word	.LANCHOR0
  85              		.cfi_endproc
  86              	.LFE2:
  87              		.size	SPIM_Sleep, .-SPIM_Sleep
  88              		.section	.text.SPIM_Wakeup,"ax",%progbits
  89              		.align	2
  90              		.global	SPIM_Wakeup
  91              		.thumb
  92              		.thumb_func
  93              		.type	SPIM_Wakeup, %function
  94              	SPIM_Wakeup:
  95              	.LFB3:
  93:.\Generated_Source\PSoC5/SPIM_PM.c **** }
  94:.\Generated_Source\PSoC5/SPIM_PM.c **** 
  95:.\Generated_Source\PSoC5/SPIM_PM.c **** 
  96:.\Generated_Source\PSoC5/SPIM_PM.c **** /*******************************************************************************
  97:.\Generated_Source\PSoC5/SPIM_PM.c **** * Function Name: SPIM_Wakeup
  98:.\Generated_Source\PSoC5/SPIM_PM.c **** ********************************************************************************
  99:.\Generated_Source\PSoC5/SPIM_PM.c **** *
 100:.\Generated_Source\PSoC5/SPIM_PM.c **** * Summary:
 101:.\Generated_Source\PSoC5/SPIM_PM.c **** *  Prepare SPIM Component to wake up.
 102:.\Generated_Source\PSoC5/SPIM_PM.c **** *
 103:.\Generated_Source\PSoC5/SPIM_PM.c **** * Parameters:
 104:.\Generated_Source\PSoC5/SPIM_PM.c **** *  None.
 105:.\Generated_Source\PSoC5/SPIM_PM.c **** *
 106:.\Generated_Source\PSoC5/SPIM_PM.c **** * Return:
 107:.\Generated_Source\PSoC5/SPIM_PM.c **** *  None.
 108:.\Generated_Source\PSoC5/SPIM_PM.c **** *
 109:.\Generated_Source\PSoC5/SPIM_PM.c **** * Global Variables:
 110:.\Generated_Source\PSoC5/SPIM_PM.c **** *  SPIM_backup - used when non-retention registers are restored.
 111:.\Generated_Source\PSoC5/SPIM_PM.c **** *  SPIM_txBufferWrite - modified every function call - resets to
 112:.\Generated_Source\PSoC5/SPIM_PM.c **** *  zero.
 113:.\Generated_Source\PSoC5/SPIM_PM.c **** *  SPIM_txBufferRead - modified every function call - resets to
 114:.\Generated_Source\PSoC5/SPIM_PM.c **** *  zero.
 115:.\Generated_Source\PSoC5/SPIM_PM.c **** *  SPIM_rxBufferWrite - modified every function call - resets to
 116:.\Generated_Source\PSoC5/SPIM_PM.c **** *  zero.
 117:.\Generated_Source\PSoC5/SPIM_PM.c **** *  SPIM_rxBufferRead - modified every function call - resets to
 118:.\Generated_Source\PSoC5/SPIM_PM.c **** *  zero.
 119:.\Generated_Source\PSoC5/SPIM_PM.c **** *
 120:.\Generated_Source\PSoC5/SPIM_PM.c **** * Reentrant:
 121:.\Generated_Source\PSoC5/SPIM_PM.c **** *  No.
 122:.\Generated_Source\PSoC5/SPIM_PM.c **** *
 123:.\Generated_Source\PSoC5/SPIM_PM.c **** *******************************************************************************/
 124:.\Generated_Source\PSoC5/SPIM_PM.c **** void SPIM_Wakeup(void) 
 125:.\Generated_Source\PSoC5/SPIM_PM.c **** {
  96              		.loc 1 125 0
  97              		.cfi_startproc
  98              		@ args = 0, pretend = 0, frame = 0
  99              		@ frame_needed = 0, uses_anonymous_args = 0
 100 0000 08B5     		push	{r3, lr}
 101              		.cfi_def_cfa_offset 8
 102              		.cfi_offset 3, -8
 103              		.cfi_offset 14, -4
ARM GAS  C:\Users\Tim\AppData\Local\Temp\ccX6yJyi.s 			page 5


 126:.\Generated_Source\PSoC5/SPIM_PM.c ****     #if(SPIM_RX_SOFTWARE_BUF_ENABLED)
 127:.\Generated_Source\PSoC5/SPIM_PM.c ****         SPIM_rxBufferFull  = 0u;
 104              		.loc 1 127 0
 105 0002 0023     		movs	r3, #0
 106 0004 064A     		ldr	r2, .L10
 107 0006 1370     		strb	r3, [r2]
 128:.\Generated_Source\PSoC5/SPIM_PM.c ****         SPIM_rxBufferRead  = 0u;
 108              		.loc 1 128 0
 109 0008 064A     		ldr	r2, .L10+4
 110 000a 1370     		strb	r3, [r2]
 129:.\Generated_Source\PSoC5/SPIM_PM.c ****         SPIM_rxBufferWrite = 0u;
 111              		.loc 1 129 0
 112 000c 064A     		ldr	r2, .L10+8
 113 000e 1370     		strb	r3, [r2]
 130:.\Generated_Source\PSoC5/SPIM_PM.c ****     #endif /* (SPIM_RX_SOFTWARE_BUF_ENABLED) */
 131:.\Generated_Source\PSoC5/SPIM_PM.c **** 
 132:.\Generated_Source\PSoC5/SPIM_PM.c ****     #if(SPIM_TX_SOFTWARE_BUF_ENABLED)
 133:.\Generated_Source\PSoC5/SPIM_PM.c ****         SPIM_txBufferFull  = 0u;
 134:.\Generated_Source\PSoC5/SPIM_PM.c ****         SPIM_txBufferRead  = 0u;
 135:.\Generated_Source\PSoC5/SPIM_PM.c ****         SPIM_txBufferWrite = 0u;
 136:.\Generated_Source\PSoC5/SPIM_PM.c ****     #endif /* (SPIM_TX_SOFTWARE_BUF_ENABLED) */
 137:.\Generated_Source\PSoC5/SPIM_PM.c **** 
 138:.\Generated_Source\PSoC5/SPIM_PM.c ****     /* Clear any data from the RX and TX FIFO */
 139:.\Generated_Source\PSoC5/SPIM_PM.c ****     SPIM_ClearFIFO();
 114              		.loc 1 139 0
 115 0010 FFF7FEFF 		bl	SPIM_ClearFIFO
 116              	.LVL1:
 140:.\Generated_Source\PSoC5/SPIM_PM.c **** 
 141:.\Generated_Source\PSoC5/SPIM_PM.c ****     /* Restore components block enable state */
 142:.\Generated_Source\PSoC5/SPIM_PM.c ****     if(0u != SPIM_backup.enableState)
 117              		.loc 1 142 0
 118 0014 054B     		ldr	r3, .L10+12
 119 0016 1B78     		ldrb	r3, [r3]	@ zero_extendqisi2
 120 0018 0BB1     		cbz	r3, .L7
 143:.\Generated_Source\PSoC5/SPIM_PM.c ****     {
 144:.\Generated_Source\PSoC5/SPIM_PM.c ****         SPIM_Enable();
 121              		.loc 1 144 0
 122 001a FFF7FEFF 		bl	SPIM_Enable
 123              	.LVL2:
 124              	.L7:
 125 001e 08BD     		pop	{r3, pc}
 126              	.L11:
 127              		.align	2
 128              	.L10:
 129 0020 00000000 		.word	SPIM_rxBufferFull
 130 0024 00000000 		.word	SPIM_rxBufferRead
 131 0028 00000000 		.word	SPIM_rxBufferWrite
 132 002c 00000000 		.word	.LANCHOR0
 133              		.cfi_endproc
 134              	.LFE3:
 135              		.size	SPIM_Wakeup, .-SPIM_Wakeup
 136              		.data
 137              		.align	2
 138              		.set	.LANCHOR0,. + 0
 139              		.type	SPIM_backup, %object
 140              		.size	SPIM_backup, 2
 141              	SPIM_backup:
ARM GAS  C:\Users\Tim\AppData\Local\Temp\ccX6yJyi.s 			page 6


 142 0000 00       		.byte	0
 143 0001 0F       		.byte	15
 144 0002 0000     		.text
 145              	.Letext0:
 146              		.file 2 ".\\Generated_Source\\PSoC5\\cytypes.h"
 147              		.file 3 ".\\Generated_Source\\PSoC5\\SPIM.h"
 148              		.file 4 ".\\Generated_Source\\PSoC5\\SPIM_PVT.h"
 149              		.section	.debug_info,"",%progbits
 150              	.Ldebug_info0:
 151 0000 7D010000 		.4byte	0x17d
 152 0004 0400     		.2byte	0x4
 153 0006 00000000 		.4byte	.Ldebug_abbrev0
 154 000a 04       		.byte	0x4
 155 000b 01       		.uleb128 0x1
 156 000c 2B010000 		.4byte	.LASF28
 157 0010 01       		.byte	0x1
 158 0011 16020000 		.4byte	.LASF29
 159 0015 B6000000 		.4byte	.LASF30
 160 0019 00000000 		.4byte	.Ldebug_ranges0+0
 161 001d 00000000 		.4byte	0
 162 0021 00000000 		.4byte	.Ldebug_line0
 163 0025 02       		.uleb128 0x2
 164 0026 01       		.byte	0x1
 165 0027 06       		.byte	0x6
 166 0028 39020000 		.4byte	.LASF0
 167 002c 02       		.uleb128 0x2
 168 002d 01       		.byte	0x1
 169 002e 08       		.byte	0x8
 170 002f 79000000 		.4byte	.LASF1
 171 0033 02       		.uleb128 0x2
 172 0034 02       		.byte	0x2
 173 0035 05       		.byte	0x5
 174 0036 F7010000 		.4byte	.LASF2
 175 003a 02       		.uleb128 0x2
 176 003b 02       		.byte	0x2
 177 003c 07       		.byte	0x7
 178 003d 29000000 		.4byte	.LASF3
 179 0041 02       		.uleb128 0x2
 180 0042 04       		.byte	0x4
 181 0043 05       		.byte	0x5
 182 0044 01020000 		.4byte	.LASF4
 183 0048 02       		.uleb128 0x2
 184 0049 04       		.byte	0x4
 185 004a 07       		.byte	0x7
 186 004b 8C000000 		.4byte	.LASF5
 187 004f 02       		.uleb128 0x2
 188 0050 08       		.byte	0x8
 189 0051 05       		.byte	0x5
 190 0052 D5010000 		.4byte	.LASF6
 191 0056 02       		.uleb128 0x2
 192 0057 08       		.byte	0x8
 193 0058 07       		.byte	0x7
 194 0059 14010000 		.4byte	.LASF7
 195 005d 03       		.uleb128 0x3
 196 005e 04       		.byte	0x4
 197 005f 05       		.byte	0x5
 198 0060 696E7400 		.ascii	"int\000"
ARM GAS  C:\Users\Tim\AppData\Local\Temp\ccX6yJyi.s 			page 7


 199 0064 02       		.uleb128 0x2
 200 0065 04       		.byte	0x4
 201 0066 07       		.byte	0x7
 202 0067 07010000 		.4byte	.LASF8
 203 006b 04       		.uleb128 0x4
 204 006c 9E000000 		.4byte	.LASF12
 205 0070 02       		.byte	0x2
 206 0071 3801     		.2byte	0x138
 207 0073 2C000000 		.4byte	0x2c
 208 0077 02       		.uleb128 0x2
 209 0078 04       		.byte	0x4
 210 0079 04       		.byte	0x4
 211 007a 61000000 		.4byte	.LASF9
 212 007e 02       		.uleb128 0x2
 213 007f 08       		.byte	0x8
 214 0080 04       		.byte	0x4
 215 0081 AF000000 		.4byte	.LASF10
 216 0085 02       		.uleb128 0x2
 217 0086 01       		.byte	0x1
 218 0087 08       		.byte	0x8
 219 0088 E3010000 		.4byte	.LASF11
 220 008c 04       		.uleb128 0x4
 221 008d 87000000 		.4byte	.LASF13
 222 0091 02       		.byte	0x2
 223 0092 E201     		.2byte	0x1e2
 224 0094 98000000 		.4byte	0x98
 225 0098 05       		.uleb128 0x5
 226 0099 6B000000 		.4byte	0x6b
 227 009d 02       		.uleb128 0x2
 228 009e 04       		.byte	0x4
 229 009f 07       		.byte	0x7
 230 00a0 CC010000 		.4byte	.LASF14
 231 00a4 06       		.uleb128 0x6
 232 00a5 02       		.byte	0x2
 233 00a6 03       		.byte	0x3
 234 00a7 46       		.byte	0x46
 235 00a8 C5000000 		.4byte	0xc5
 236 00ac 07       		.uleb128 0x7
 237 00ad FB000000 		.4byte	.LASF15
 238 00b1 03       		.byte	0x3
 239 00b2 48       		.byte	0x48
 240 00b3 6B000000 		.4byte	0x6b
 241 00b7 00       		.byte	0
 242 00b8 07       		.uleb128 0x7
 243 00b9 F0000000 		.4byte	.LASF16
 244 00bd 03       		.byte	0x3
 245 00be 49       		.byte	0x49
 246 00bf 6B000000 		.4byte	0x6b
 247 00c3 01       		.byte	0x1
 248 00c4 00       		.byte	0
 249 00c5 08       		.uleb128 0x8
 250 00c6 3C000000 		.4byte	.LASF17
 251 00ca 03       		.byte	0x3
 252 00cb 4A       		.byte	0x4a
 253 00cc A4000000 		.4byte	0xa4
 254 00d0 09       		.uleb128 0x9
 255 00d1 45020000 		.4byte	.LASF18
ARM GAS  C:\Users\Tim\AppData\Local\Temp\ccX6yJyi.s 			page 8


 256 00d5 01       		.byte	0x1
 257 00d6 29       		.byte	0x29
 258 00d7 00000000 		.4byte	.LFB0
 259 00db 02000000 		.4byte	.LFE0-.LFB0
 260 00df 01       		.uleb128 0x1
 261 00e0 9C       		.byte	0x9c
 262 00e1 09       		.uleb128 0x9
 263 00e2 16000000 		.4byte	.LASF19
 264 00e6 01       		.byte	0x1
 265 00e7 3D       		.byte	0x3d
 266 00e8 00000000 		.4byte	.LFB1
 267 00ec 02000000 		.4byte	.LFE1-.LFB1
 268 00f0 01       		.uleb128 0x1
 269 00f1 9C       		.byte	0x9c
 270 00f2 0A       		.uleb128 0xa
 271 00f3 A4000000 		.4byte	.LASF20
 272 00f7 01       		.byte	0x1
 273 00f8 57       		.byte	0x57
 274 00f9 00000000 		.4byte	.LFB2
 275 00fd 1C000000 		.4byte	.LFE2-.LFB2
 276 0101 01       		.uleb128 0x1
 277 0102 9C       		.byte	0x9c
 278 0103 11010000 		.4byte	0x111
 279 0107 0B       		.uleb128 0xb
 280 0108 12000000 		.4byte	.LVL0
 281 010c 6B010000 		.4byte	0x16b
 282 0110 00       		.byte	0
 283 0111 0A       		.uleb128 0xa
 284 0112 55020000 		.4byte	.LASF21
 285 0116 01       		.byte	0x1
 286 0117 7C       		.byte	0x7c
 287 0118 00000000 		.4byte	.LFB3
 288 011c 30000000 		.4byte	.LFE3-.LFB3
 289 0120 01       		.uleb128 0x1
 290 0121 9C       		.byte	0x9c
 291 0122 39010000 		.4byte	0x139
 292 0126 0B       		.uleb128 0xb
 293 0127 14000000 		.4byte	.LVL1
 294 012b 72010000 		.4byte	0x172
 295 012f 0B       		.uleb128 0xb
 296 0130 1E000000 		.4byte	.LVL2
 297 0134 79010000 		.4byte	0x179
 298 0138 00       		.byte	0
 299 0139 0C       		.uleb128 0xc
 300 013a 00000000 		.4byte	.LASF31
 301 013e 01       		.byte	0x1
 302 013f 14       		.byte	0x14
 303 0140 C5000000 		.4byte	0xc5
 304 0144 05       		.uleb128 0x5
 305 0145 03       		.byte	0x3
 306 0146 00000000 		.4byte	SPIM_backup
 307 014a 0D       		.uleb128 0xd
 308 014b 67000000 		.4byte	.LASF22
 309 014f 04       		.byte	0x4
 310 0150 2D       		.byte	0x2d
 311 0151 98000000 		.4byte	0x98
 312 0155 0D       		.uleb128 0xd
ARM GAS  C:\Users\Tim\AppData\Local\Temp\ccX6yJyi.s 			page 9


 313 0156 B9010000 		.4byte	.LASF23
 314 015a 04       		.byte	0x4
 315 015b 2E       		.byte	0x2e
 316 015c 98000000 		.4byte	0x98
 317 0160 0D       		.uleb128 0xd
 318 0161 4F000000 		.4byte	.LASF24
 319 0165 04       		.byte	0x4
 320 0166 2F       		.byte	0x2f
 321 0167 98000000 		.4byte	0x98
 322 016b 0E       		.uleb128 0xe
 323 016c 0C000000 		.4byte	.LASF25
 324 0170 03       		.byte	0x3
 325 0171 54       		.byte	0x54
 326 0172 0E       		.uleb128 0xe
 327 0173 E8010000 		.4byte	.LASF26
 328 0177 03       		.byte	0x3
 329 0178 6C       		.byte	0x6c
 330 0179 0E       		.uleb128 0xe
 331 017a 0A020000 		.4byte	.LASF27
 332 017e 03       		.byte	0x3
 333 017f 52       		.byte	0x52
 334 0180 00       		.byte	0
 335              		.section	.debug_abbrev,"",%progbits
 336              	.Ldebug_abbrev0:
 337 0000 01       		.uleb128 0x1
 338 0001 11       		.uleb128 0x11
 339 0002 01       		.byte	0x1
 340 0003 25       		.uleb128 0x25
 341 0004 0E       		.uleb128 0xe
 342 0005 13       		.uleb128 0x13
 343 0006 0B       		.uleb128 0xb
 344 0007 03       		.uleb128 0x3
 345 0008 0E       		.uleb128 0xe
 346 0009 1B       		.uleb128 0x1b
 347 000a 0E       		.uleb128 0xe
 348 000b 55       		.uleb128 0x55
 349 000c 17       		.uleb128 0x17
 350 000d 11       		.uleb128 0x11
 351 000e 01       		.uleb128 0x1
 352 000f 10       		.uleb128 0x10
 353 0010 17       		.uleb128 0x17
 354 0011 00       		.byte	0
 355 0012 00       		.byte	0
 356 0013 02       		.uleb128 0x2
 357 0014 24       		.uleb128 0x24
 358 0015 00       		.byte	0
 359 0016 0B       		.uleb128 0xb
 360 0017 0B       		.uleb128 0xb
 361 0018 3E       		.uleb128 0x3e
 362 0019 0B       		.uleb128 0xb
 363 001a 03       		.uleb128 0x3
 364 001b 0E       		.uleb128 0xe
 365 001c 00       		.byte	0
 366 001d 00       		.byte	0
 367 001e 03       		.uleb128 0x3
 368 001f 24       		.uleb128 0x24
 369 0020 00       		.byte	0
ARM GAS  C:\Users\Tim\AppData\Local\Temp\ccX6yJyi.s 			page 10


 370 0021 0B       		.uleb128 0xb
 371 0022 0B       		.uleb128 0xb
 372 0023 3E       		.uleb128 0x3e
 373 0024 0B       		.uleb128 0xb
 374 0025 03       		.uleb128 0x3
 375 0026 08       		.uleb128 0x8
 376 0027 00       		.byte	0
 377 0028 00       		.byte	0
 378 0029 04       		.uleb128 0x4
 379 002a 16       		.uleb128 0x16
 380 002b 00       		.byte	0
 381 002c 03       		.uleb128 0x3
 382 002d 0E       		.uleb128 0xe
 383 002e 3A       		.uleb128 0x3a
 384 002f 0B       		.uleb128 0xb
 385 0030 3B       		.uleb128 0x3b
 386 0031 05       		.uleb128 0x5
 387 0032 49       		.uleb128 0x49
 388 0033 13       		.uleb128 0x13
 389 0034 00       		.byte	0
 390 0035 00       		.byte	0
 391 0036 05       		.uleb128 0x5
 392 0037 35       		.uleb128 0x35
 393 0038 00       		.byte	0
 394 0039 49       		.uleb128 0x49
 395 003a 13       		.uleb128 0x13
 396 003b 00       		.byte	0
 397 003c 00       		.byte	0
 398 003d 06       		.uleb128 0x6
 399 003e 13       		.uleb128 0x13
 400 003f 01       		.byte	0x1
 401 0040 0B       		.uleb128 0xb
 402 0041 0B       		.uleb128 0xb
 403 0042 3A       		.uleb128 0x3a
 404 0043 0B       		.uleb128 0xb
 405 0044 3B       		.uleb128 0x3b
 406 0045 0B       		.uleb128 0xb
 407 0046 01       		.uleb128 0x1
 408 0047 13       		.uleb128 0x13
 409 0048 00       		.byte	0
 410 0049 00       		.byte	0
 411 004a 07       		.uleb128 0x7
 412 004b 0D       		.uleb128 0xd
 413 004c 00       		.byte	0
 414 004d 03       		.uleb128 0x3
 415 004e 0E       		.uleb128 0xe
 416 004f 3A       		.uleb128 0x3a
 417 0050 0B       		.uleb128 0xb
 418 0051 3B       		.uleb128 0x3b
 419 0052 0B       		.uleb128 0xb
 420 0053 49       		.uleb128 0x49
 421 0054 13       		.uleb128 0x13
 422 0055 38       		.uleb128 0x38
 423 0056 0B       		.uleb128 0xb
 424 0057 00       		.byte	0
 425 0058 00       		.byte	0
 426 0059 08       		.uleb128 0x8
ARM GAS  C:\Users\Tim\AppData\Local\Temp\ccX6yJyi.s 			page 11


 427 005a 16       		.uleb128 0x16
 428 005b 00       		.byte	0
 429 005c 03       		.uleb128 0x3
 430 005d 0E       		.uleb128 0xe
 431 005e 3A       		.uleb128 0x3a
 432 005f 0B       		.uleb128 0xb
 433 0060 3B       		.uleb128 0x3b
 434 0061 0B       		.uleb128 0xb
 435 0062 49       		.uleb128 0x49
 436 0063 13       		.uleb128 0x13
 437 0064 00       		.byte	0
 438 0065 00       		.byte	0
 439 0066 09       		.uleb128 0x9
 440 0067 2E       		.uleb128 0x2e
 441 0068 00       		.byte	0
 442 0069 3F       		.uleb128 0x3f
 443 006a 19       		.uleb128 0x19
 444 006b 03       		.uleb128 0x3
 445 006c 0E       		.uleb128 0xe
 446 006d 3A       		.uleb128 0x3a
 447 006e 0B       		.uleb128 0xb
 448 006f 3B       		.uleb128 0x3b
 449 0070 0B       		.uleb128 0xb
 450 0071 27       		.uleb128 0x27
 451 0072 19       		.uleb128 0x19
 452 0073 11       		.uleb128 0x11
 453 0074 01       		.uleb128 0x1
 454 0075 12       		.uleb128 0x12
 455 0076 06       		.uleb128 0x6
 456 0077 40       		.uleb128 0x40
 457 0078 18       		.uleb128 0x18
 458 0079 9742     		.uleb128 0x2117
 459 007b 19       		.uleb128 0x19
 460 007c 00       		.byte	0
 461 007d 00       		.byte	0
 462 007e 0A       		.uleb128 0xa
 463 007f 2E       		.uleb128 0x2e
 464 0080 01       		.byte	0x1
 465 0081 3F       		.uleb128 0x3f
 466 0082 19       		.uleb128 0x19
 467 0083 03       		.uleb128 0x3
 468 0084 0E       		.uleb128 0xe
 469 0085 3A       		.uleb128 0x3a
 470 0086 0B       		.uleb128 0xb
 471 0087 3B       		.uleb128 0x3b
 472 0088 0B       		.uleb128 0xb
 473 0089 27       		.uleb128 0x27
 474 008a 19       		.uleb128 0x19
 475 008b 11       		.uleb128 0x11
 476 008c 01       		.uleb128 0x1
 477 008d 12       		.uleb128 0x12
 478 008e 06       		.uleb128 0x6
 479 008f 40       		.uleb128 0x40
 480 0090 18       		.uleb128 0x18
 481 0091 9742     		.uleb128 0x2117
 482 0093 19       		.uleb128 0x19
 483 0094 01       		.uleb128 0x1
ARM GAS  C:\Users\Tim\AppData\Local\Temp\ccX6yJyi.s 			page 12


 484 0095 13       		.uleb128 0x13
 485 0096 00       		.byte	0
 486 0097 00       		.byte	0
 487 0098 0B       		.uleb128 0xb
 488 0099 898201   		.uleb128 0x4109
 489 009c 00       		.byte	0
 490 009d 11       		.uleb128 0x11
 491 009e 01       		.uleb128 0x1
 492 009f 31       		.uleb128 0x31
 493 00a0 13       		.uleb128 0x13
 494 00a1 00       		.byte	0
 495 00a2 00       		.byte	0
 496 00a3 0C       		.uleb128 0xc
 497 00a4 34       		.uleb128 0x34
 498 00a5 00       		.byte	0
 499 00a6 03       		.uleb128 0x3
 500 00a7 0E       		.uleb128 0xe
 501 00a8 3A       		.uleb128 0x3a
 502 00a9 0B       		.uleb128 0xb
 503 00aa 3B       		.uleb128 0x3b
 504 00ab 0B       		.uleb128 0xb
 505 00ac 49       		.uleb128 0x49
 506 00ad 13       		.uleb128 0x13
 507 00ae 02       		.uleb128 0x2
 508 00af 18       		.uleb128 0x18
 509 00b0 00       		.byte	0
 510 00b1 00       		.byte	0
 511 00b2 0D       		.uleb128 0xd
 512 00b3 34       		.uleb128 0x34
 513 00b4 00       		.byte	0
 514 00b5 03       		.uleb128 0x3
 515 00b6 0E       		.uleb128 0xe
 516 00b7 3A       		.uleb128 0x3a
 517 00b8 0B       		.uleb128 0xb
 518 00b9 3B       		.uleb128 0x3b
 519 00ba 0B       		.uleb128 0xb
 520 00bb 49       		.uleb128 0x49
 521 00bc 13       		.uleb128 0x13
 522 00bd 3F       		.uleb128 0x3f
 523 00be 19       		.uleb128 0x19
 524 00bf 3C       		.uleb128 0x3c
 525 00c0 19       		.uleb128 0x19
 526 00c1 00       		.byte	0
 527 00c2 00       		.byte	0
 528 00c3 0E       		.uleb128 0xe
 529 00c4 2E       		.uleb128 0x2e
 530 00c5 00       		.byte	0
 531 00c6 3F       		.uleb128 0x3f
 532 00c7 19       		.uleb128 0x19
 533 00c8 03       		.uleb128 0x3
 534 00c9 0E       		.uleb128 0xe
 535 00ca 3A       		.uleb128 0x3a
 536 00cb 0B       		.uleb128 0xb
 537 00cc 3B       		.uleb128 0x3b
 538 00cd 0B       		.uleb128 0xb
 539 00ce 27       		.uleb128 0x27
 540 00cf 19       		.uleb128 0x19
ARM GAS  C:\Users\Tim\AppData\Local\Temp\ccX6yJyi.s 			page 13


 541 00d0 3C       		.uleb128 0x3c
 542 00d1 19       		.uleb128 0x19
 543 00d2 00       		.byte	0
 544 00d3 00       		.byte	0
 545 00d4 00       		.byte	0
 546              		.section	.debug_aranges,"",%progbits
 547 0000 34000000 		.4byte	0x34
 548 0004 0200     		.2byte	0x2
 549 0006 00000000 		.4byte	.Ldebug_info0
 550 000a 04       		.byte	0x4
 551 000b 00       		.byte	0
 552 000c 0000     		.2byte	0
 553 000e 0000     		.2byte	0
 554 0010 00000000 		.4byte	.LFB0
 555 0014 02000000 		.4byte	.LFE0-.LFB0
 556 0018 00000000 		.4byte	.LFB1
 557 001c 02000000 		.4byte	.LFE1-.LFB1
 558 0020 00000000 		.4byte	.LFB2
 559 0024 1C000000 		.4byte	.LFE2-.LFB2
 560 0028 00000000 		.4byte	.LFB3
 561 002c 30000000 		.4byte	.LFE3-.LFB3
 562 0030 00000000 		.4byte	0
 563 0034 00000000 		.4byte	0
 564              		.section	.debug_ranges,"",%progbits
 565              	.Ldebug_ranges0:
 566 0000 00000000 		.4byte	.LFB0
 567 0004 02000000 		.4byte	.LFE0
 568 0008 00000000 		.4byte	.LFB1
 569 000c 02000000 		.4byte	.LFE1
 570 0010 00000000 		.4byte	.LFB2
 571 0014 1C000000 		.4byte	.LFE2
 572 0018 00000000 		.4byte	.LFB3
 573 001c 30000000 		.4byte	.LFE3
 574 0020 00000000 		.4byte	0
 575 0024 00000000 		.4byte	0
 576              		.section	.debug_line,"",%progbits
 577              	.Ldebug_line0:
 578 0000 AD000000 		.section	.debug_str,"MS",%progbits,1
 578      02005E00 
 578      00000201 
 578      FB0E0D00 
 578      01010101 
 579              	.LASF31:
 580 0000 5350494D 		.ascii	"SPIM_backup\000"
 580      5F626163 
 580      6B757000 
 581              	.LASF25:
 582 000c 5350494D 		.ascii	"SPIM_Stop\000"
 582      5F53746F 
 582      7000
 583              	.LASF19:
 584 0016 5350494D 		.ascii	"SPIM_RestoreConfig\000"
 584      5F526573 
 584      746F7265 
 584      436F6E66 
 584      696700
 585              	.LASF3:
ARM GAS  C:\Users\Tim\AppData\Local\Temp\ccX6yJyi.s 			page 14


 586 0029 73686F72 		.ascii	"short unsigned int\000"
 586      7420756E 
 586      7369676E 
 586      65642069 
 586      6E7400
 587              	.LASF17:
 588 003c 5350494D 		.ascii	"SPIM_BACKUP_STRUCT\000"
 588      5F424143 
 588      4B55505F 
 588      53545255 
 588      435400
 589              	.LASF24:
 590 004f 5350494D 		.ascii	"SPIM_rxBufferFull\000"
 590      5F727842 
 590      75666665 
 590      7246756C 
 590      6C00
 591              	.LASF9:
 592 0061 666C6F61 		.ascii	"float\000"
 592      7400
 593              	.LASF22:
 594 0067 5350494D 		.ascii	"SPIM_rxBufferRead\000"
 594      5F727842 
 594      75666665 
 594      72526561 
 594      6400
 595              	.LASF1:
 596 0079 756E7369 		.ascii	"unsigned char\000"
 596      676E6564 
 596      20636861 
 596      7200
 597              	.LASF13:
 598 0087 72656738 		.ascii	"reg8\000"
 598      00
 599              	.LASF5:
 600 008c 6C6F6E67 		.ascii	"long unsigned int\000"
 600      20756E73 
 600      69676E65 
 600      6420696E 
 600      7400
 601              	.LASF12:
 602 009e 75696E74 		.ascii	"uint8\000"
 602      3800
 603              	.LASF20:
 604 00a4 5350494D 		.ascii	"SPIM_Sleep\000"
 604      5F536C65 
 604      657000
 605              	.LASF10:
 606 00af 646F7562 		.ascii	"double\000"
 606      6C6500
 607              	.LASF30:
 608 00b6 463A5C64 		.ascii	"F:\\d_drive\\projects\\ArloBot\\arlobot_freesoc\\fr"
 608      5F647269 
 608      76655C70 
 608      726F6A65 
 608      6374735C 
 609 00e4 6565736F 		.ascii	"eesoc.cydsn\000"
ARM GAS  C:\Users\Tim\AppData\Local\Temp\ccX6yJyi.s 			page 15


 609      632E6379 
 609      64736E00 
 610              	.LASF16:
 611 00f0 636E7472 		.ascii	"cntrPeriod\000"
 611      50657269 
 611      6F6400
 612              	.LASF15:
 613 00fb 656E6162 		.ascii	"enableState\000"
 613      6C655374 
 613      61746500 
 614              	.LASF8:
 615 0107 756E7369 		.ascii	"unsigned int\000"
 615      676E6564 
 615      20696E74 
 615      00
 616              	.LASF7:
 617 0114 6C6F6E67 		.ascii	"long long unsigned int\000"
 617      206C6F6E 
 617      6720756E 
 617      7369676E 
 617      65642069 
 618              	.LASF28:
 619 012b 474E5520 		.ascii	"GNU C 4.9.3 20150303 (release) [ARM/embedded-4_9-br"
 619      4320342E 
 619      392E3320 
 619      32303135 
 619      30333033 
 620 015e 616E6368 		.ascii	"anch revision 221220] -mcpu=cortex-m3 -mthumb -g -O"
 620      20726576 
 620      6973696F 
 620      6E203232 
 620      31323230 
 621 0191 67202D66 		.ascii	"g -ffunction-sections -ffat-lto-objects\000"
 621      66756E63 
 621      74696F6E 
 621      2D736563 
 621      74696F6E 
 622              	.LASF23:
 623 01b9 5350494D 		.ascii	"SPIM_rxBufferWrite\000"
 623      5F727842 
 623      75666665 
 623      72577269 
 623      746500
 624              	.LASF14:
 625 01cc 73697A65 		.ascii	"sizetype\000"
 625      74797065 
 625      00
 626              	.LASF6:
 627 01d5 6C6F6E67 		.ascii	"long long int\000"
 627      206C6F6E 
 627      6720696E 
 627      7400
 628              	.LASF11:
 629 01e3 63686172 		.ascii	"char\000"
 629      00
 630              	.LASF26:
 631 01e8 5350494D 		.ascii	"SPIM_ClearFIFO\000"
ARM GAS  C:\Users\Tim\AppData\Local\Temp\ccX6yJyi.s 			page 16


 631      5F436C65 
 631      61724649 
 631      464F00
 632              	.LASF2:
 633 01f7 73686F72 		.ascii	"short int\000"
 633      7420696E 
 633      7400
 634              	.LASF4:
 635 0201 6C6F6E67 		.ascii	"long int\000"
 635      20696E74 
 635      00
 636              	.LASF27:
 637 020a 5350494D 		.ascii	"SPIM_Enable\000"
 637      5F456E61 
 637      626C6500 
 638              	.LASF29:
 639 0216 2E5C4765 		.ascii	".\\Generated_Source\\PSoC5\\SPIM_PM.c\000"
 639      6E657261 
 639      7465645F 
 639      536F7572 
 639      63655C50 
 640              	.LASF0:
 641 0239 7369676E 		.ascii	"signed char\000"
 641      65642063 
 641      68617200 
 642              	.LASF18:
 643 0245 5350494D 		.ascii	"SPIM_SaveConfig\000"
 643      5F536176 
 643      65436F6E 
 643      66696700 
 644              	.LASF21:
 645 0255 5350494D 		.ascii	"SPIM_Wakeup\000"
 645      5F57616B 
 645      65757000 
 646              		.ident	"GCC: (GNU Tools for ARM Embedded Processors) 4.9.3 20150303 (release) [ARM/embedded-4_9-br
