ARM GAS  C:\Users\Tim\AppData\Local\Temp\ccFz3tZf.s 			page 1


   1              		.syntax unified
   2              		.cpu cortex-m3
   3              		.fpu softvfp
   4              		.eabi_attribute 20, 1
   5              		.eabi_attribute 21, 1
   6              		.eabi_attribute 23, 3
   7              		.eabi_attribute 24, 1
   8              		.eabi_attribute 25, 1
   9              		.eabi_attribute 26, 1
  10              		.eabi_attribute 30, 1
  11              		.eabi_attribute 34, 1
  12              		.eabi_attribute 18, 4
  13              		.thumb
  14              		.file	"UART_1_INT.c"
  15              		.text
  16              	.Ltext0:
  17              		.cfi_sections	.debug_frame
  18              		.section	.text.UART_1_RXISR,"ax",%progbits
  19              		.align	2
  20              		.global	UART_1_RXISR
  21              		.thumb
  22              		.thumb_func
  23              		.type	UART_1_RXISR, %function
  24              	UART_1_RXISR:
  25              	.LFB0:
  26              		.file 1 ".\\Generated_Source\\PSoC5\\UART_1_INT.c"
   1:.\Generated_Source\PSoC5/UART_1_INT.c **** /*******************************************************************************
   2:.\Generated_Source\PSoC5/UART_1_INT.c **** * File Name: UART_1INT.c
   3:.\Generated_Source\PSoC5/UART_1_INT.c **** * Version 2.50
   4:.\Generated_Source\PSoC5/UART_1_INT.c **** *
   5:.\Generated_Source\PSoC5/UART_1_INT.c **** * Description:
   6:.\Generated_Source\PSoC5/UART_1_INT.c **** *  This file provides all Interrupt Service functionality of the UART component
   7:.\Generated_Source\PSoC5/UART_1_INT.c **** *
   8:.\Generated_Source\PSoC5/UART_1_INT.c **** ********************************************************************************
   9:.\Generated_Source\PSoC5/UART_1_INT.c **** * Copyright 2008-2015, Cypress Semiconductor Corporation.  All rights reserved.
  10:.\Generated_Source\PSoC5/UART_1_INT.c **** * You may use this file only in accordance with the license, terms, conditions,
  11:.\Generated_Source\PSoC5/UART_1_INT.c **** * disclaimers, and limitations in the end user license agreement accompanying
  12:.\Generated_Source\PSoC5/UART_1_INT.c **** * the software package with which this file was provided.
  13:.\Generated_Source\PSoC5/UART_1_INT.c **** *******************************************************************************/
  14:.\Generated_Source\PSoC5/UART_1_INT.c **** 
  15:.\Generated_Source\PSoC5/UART_1_INT.c **** #include "UART_1.h"
  16:.\Generated_Source\PSoC5/UART_1_INT.c **** #include "cyapicallbacks.h"
  17:.\Generated_Source\PSoC5/UART_1_INT.c **** 
  18:.\Generated_Source\PSoC5/UART_1_INT.c **** 
  19:.\Generated_Source\PSoC5/UART_1_INT.c **** /***************************************
  20:.\Generated_Source\PSoC5/UART_1_INT.c **** * Custom Declarations
  21:.\Generated_Source\PSoC5/UART_1_INT.c **** ***************************************/
  22:.\Generated_Source\PSoC5/UART_1_INT.c **** /* `#START CUSTOM_DECLARATIONS` Place your declaration here */
  23:.\Generated_Source\PSoC5/UART_1_INT.c **** 
  24:.\Generated_Source\PSoC5/UART_1_INT.c **** /* `#END` */
  25:.\Generated_Source\PSoC5/UART_1_INT.c **** 
  26:.\Generated_Source\PSoC5/UART_1_INT.c **** #if (UART_1_RX_INTERRUPT_ENABLED && (UART_1_RX_ENABLED || UART_1_HD_ENABLED))
  27:.\Generated_Source\PSoC5/UART_1_INT.c ****     /*******************************************************************************
  28:.\Generated_Source\PSoC5/UART_1_INT.c ****     * Function Name: UART_1_RXISR
  29:.\Generated_Source\PSoC5/UART_1_INT.c ****     ********************************************************************************
  30:.\Generated_Source\PSoC5/UART_1_INT.c ****     *
  31:.\Generated_Source\PSoC5/UART_1_INT.c ****     * Summary:
ARM GAS  C:\Users\Tim\AppData\Local\Temp\ccFz3tZf.s 			page 2


  32:.\Generated_Source\PSoC5/UART_1_INT.c ****     *  Interrupt Service Routine for RX portion of the UART
  33:.\Generated_Source\PSoC5/UART_1_INT.c ****     *
  34:.\Generated_Source\PSoC5/UART_1_INT.c ****     * Parameters:
  35:.\Generated_Source\PSoC5/UART_1_INT.c ****     *  None.
  36:.\Generated_Source\PSoC5/UART_1_INT.c ****     *
  37:.\Generated_Source\PSoC5/UART_1_INT.c ****     * Return:
  38:.\Generated_Source\PSoC5/UART_1_INT.c ****     *  None.
  39:.\Generated_Source\PSoC5/UART_1_INT.c ****     *
  40:.\Generated_Source\PSoC5/UART_1_INT.c ****     * Global Variables:
  41:.\Generated_Source\PSoC5/UART_1_INT.c ****     *  UART_1_rxBuffer - RAM buffer pointer for save received data.
  42:.\Generated_Source\PSoC5/UART_1_INT.c ****     *  UART_1_rxBufferWrite - cyclic index for write to rxBuffer,
  43:.\Generated_Source\PSoC5/UART_1_INT.c ****     *     increments after each byte saved to buffer.
  44:.\Generated_Source\PSoC5/UART_1_INT.c ****     *  UART_1_rxBufferRead - cyclic index for read from rxBuffer,
  45:.\Generated_Source\PSoC5/UART_1_INT.c ****     *     checked to detect overflow condition.
  46:.\Generated_Source\PSoC5/UART_1_INT.c ****     *  UART_1_rxBufferOverflow - software overflow flag. Set to one
  47:.\Generated_Source\PSoC5/UART_1_INT.c ****     *     when UART_1_rxBufferWrite index overtakes
  48:.\Generated_Source\PSoC5/UART_1_INT.c ****     *     UART_1_rxBufferRead index.
  49:.\Generated_Source\PSoC5/UART_1_INT.c ****     *  UART_1_rxBufferLoopDetect - additional variable to detect overflow.
  50:.\Generated_Source\PSoC5/UART_1_INT.c ****     *     Set to one when UART_1_rxBufferWrite is equal to
  51:.\Generated_Source\PSoC5/UART_1_INT.c ****     *    UART_1_rxBufferRead
  52:.\Generated_Source\PSoC5/UART_1_INT.c ****     *  UART_1_rxAddressMode - this variable contains the Address mode,
  53:.\Generated_Source\PSoC5/UART_1_INT.c ****     *     selected in customizer or set by UART_SetRxAddressMode() API.
  54:.\Generated_Source\PSoC5/UART_1_INT.c ****     *  UART_1_rxAddressDetected - set to 1 when correct address received,
  55:.\Generated_Source\PSoC5/UART_1_INT.c ****     *     and analysed to store following addressed data bytes to the buffer.
  56:.\Generated_Source\PSoC5/UART_1_INT.c ****     *     When not correct address received, set to 0 to skip following data bytes.
  57:.\Generated_Source\PSoC5/UART_1_INT.c ****     *
  58:.\Generated_Source\PSoC5/UART_1_INT.c ****     *******************************************************************************/
  59:.\Generated_Source\PSoC5/UART_1_INT.c ****     CY_ISR(UART_1_RXISR)
  60:.\Generated_Source\PSoC5/UART_1_INT.c ****     {
  27              		.loc 1 60 0
  28              		.cfi_startproc
  29              		@ args = 0, pretend = 0, frame = 0
  30              		@ frame_needed = 0, uses_anonymous_args = 0
  31              		@ link register save eliminated.
  32              	.L6:
  61:.\Generated_Source\PSoC5/UART_1_INT.c ****         uint8 readData;
  62:.\Generated_Source\PSoC5/UART_1_INT.c ****         uint8 readStatus;
  63:.\Generated_Source\PSoC5/UART_1_INT.c ****         uint8 increment_pointer = 0u;
  64:.\Generated_Source\PSoC5/UART_1_INT.c **** 
  65:.\Generated_Source\PSoC5/UART_1_INT.c ****     #if(CY_PSOC3)
  66:.\Generated_Source\PSoC5/UART_1_INT.c ****         uint8 int_en;
  67:.\Generated_Source\PSoC5/UART_1_INT.c ****     #endif /* (CY_PSOC3) */
  68:.\Generated_Source\PSoC5/UART_1_INT.c **** 
  69:.\Generated_Source\PSoC5/UART_1_INT.c ****     #ifdef UART_1_RXISR_ENTRY_CALLBACK
  70:.\Generated_Source\PSoC5/UART_1_INT.c ****         UART_1_RXISR_EntryCallback();
  71:.\Generated_Source\PSoC5/UART_1_INT.c ****     #endif /* UART_1_RXISR_ENTRY_CALLBACK */
  72:.\Generated_Source\PSoC5/UART_1_INT.c **** 
  73:.\Generated_Source\PSoC5/UART_1_INT.c ****         /* User code required at start of ISR */
  74:.\Generated_Source\PSoC5/UART_1_INT.c ****         /* `#START UART_1_RXISR_START` */
  75:.\Generated_Source\PSoC5/UART_1_INT.c **** 
  76:.\Generated_Source\PSoC5/UART_1_INT.c ****         /* `#END` */
  77:.\Generated_Source\PSoC5/UART_1_INT.c **** 
  78:.\Generated_Source\PSoC5/UART_1_INT.c ****     #if(CY_PSOC3)   /* Make sure nested interrupt is enabled */
  79:.\Generated_Source\PSoC5/UART_1_INT.c ****         int_en = EA;
  80:.\Generated_Source\PSoC5/UART_1_INT.c ****         CyGlobalIntEnable;
  81:.\Generated_Source\PSoC5/UART_1_INT.c ****     #endif /* (CY_PSOC3) */
  82:.\Generated_Source\PSoC5/UART_1_INT.c **** 
ARM GAS  C:\Users\Tim\AppData\Local\Temp\ccFz3tZf.s 			page 3


  83:.\Generated_Source\PSoC5/UART_1_INT.c ****         do
  84:.\Generated_Source\PSoC5/UART_1_INT.c ****         {
  85:.\Generated_Source\PSoC5/UART_1_INT.c ****             /* Read receiver status register */
  86:.\Generated_Source\PSoC5/UART_1_INT.c ****             readStatus = UART_1_RXSTATUS_REG;
  33              		.loc 1 86 0
  34 0000 1C4B     		ldr	r3, .L7
  35 0002 1B78     		ldrb	r3, [r3]	@ zero_extendqisi2
  36 0004 DBB2     		uxtb	r3, r3
  37              	.LVL0:
  87:.\Generated_Source\PSoC5/UART_1_INT.c ****             /* Copy the same status to readData variable for backward compatibility support 
  88:.\Generated_Source\PSoC5/UART_1_INT.c ****             *  of the user code in UART_1_RXISR_ERROR` section. 
  89:.\Generated_Source\PSoC5/UART_1_INT.c ****             */
  90:.\Generated_Source\PSoC5/UART_1_INT.c ****             readData = readStatus;
  91:.\Generated_Source\PSoC5/UART_1_INT.c **** 
  92:.\Generated_Source\PSoC5/UART_1_INT.c ****             if((readStatus & (UART_1_RX_STS_BREAK | 
  38              		.loc 1 92 0
  39 0006 13F01E0F 		tst	r3, #30
  40 000a 05D0     		beq	.L2
  93:.\Generated_Source\PSoC5/UART_1_INT.c ****                             UART_1_RX_STS_PAR_ERROR |
  94:.\Generated_Source\PSoC5/UART_1_INT.c ****                             UART_1_RX_STS_STOP_ERROR | 
  95:.\Generated_Source\PSoC5/UART_1_INT.c ****                             UART_1_RX_STS_OVERRUN)) != 0u)
  96:.\Generated_Source\PSoC5/UART_1_INT.c ****             {
  97:.\Generated_Source\PSoC5/UART_1_INT.c ****                 /* ERROR handling. */
  98:.\Generated_Source\PSoC5/UART_1_INT.c ****                 UART_1_errorStatus |= readStatus & ( UART_1_RX_STS_BREAK | 
  41              		.loc 1 98 0
  42 000c 1A48     		ldr	r0, .L7+4
  43 000e 03F01E02 		and	r2, r3, #30
  44 0012 0178     		ldrb	r1, [r0]	@ zero_extendqisi2
  45 0014 0A43     		orrs	r2, r2, r1
  46 0016 0270     		strb	r2, [r0]
  47              	.L2:
  99:.\Generated_Source\PSoC5/UART_1_INT.c ****                                                             UART_1_RX_STS_PAR_ERROR | 
 100:.\Generated_Source\PSoC5/UART_1_INT.c ****                                                             UART_1_RX_STS_STOP_ERROR | 
 101:.\Generated_Source\PSoC5/UART_1_INT.c ****                                                             UART_1_RX_STS_OVERRUN);
 102:.\Generated_Source\PSoC5/UART_1_INT.c ****                 /* `#START UART_1_RXISR_ERROR` */
 103:.\Generated_Source\PSoC5/UART_1_INT.c **** 
 104:.\Generated_Source\PSoC5/UART_1_INT.c ****                 /* `#END` */
 105:.\Generated_Source\PSoC5/UART_1_INT.c ****                 
 106:.\Generated_Source\PSoC5/UART_1_INT.c ****             #ifdef UART_1_RXISR_ERROR_CALLBACK
 107:.\Generated_Source\PSoC5/UART_1_INT.c ****                 UART_1_RXISR_ERROR_Callback();
 108:.\Generated_Source\PSoC5/UART_1_INT.c ****             #endif /* UART_1_RXISR_ERROR_CALLBACK */
 109:.\Generated_Source\PSoC5/UART_1_INT.c ****             }
 110:.\Generated_Source\PSoC5/UART_1_INT.c ****             
 111:.\Generated_Source\PSoC5/UART_1_INT.c ****             if((readStatus & UART_1_RX_STS_FIFO_NOTEMPTY) != 0u)
  48              		.loc 1 111 0
  49 0018 03F02003 		and	r3, r3, #32
  50              	.LVL1:
  51 001c 03F0FF02 		and	r2, r3, #255
  52 0020 2BB3     		cbz	r3, .L3
 112:.\Generated_Source\PSoC5/UART_1_INT.c ****             {
 113:.\Generated_Source\PSoC5/UART_1_INT.c ****                 /* Read data from the RX data register */
 114:.\Generated_Source\PSoC5/UART_1_INT.c ****                 readData = UART_1_RXDATA_REG;
  53              		.loc 1 114 0
  54 0022 164B     		ldr	r3, .L7+8
  55 0024 1978     		ldrb	r1, [r3]	@ zero_extendqisi2
  56 0026 C9B2     		uxtb	r1, r1
  57              	.LVL2:
ARM GAS  C:\Users\Tim\AppData\Local\Temp\ccFz3tZf.s 			page 4


 115:.\Generated_Source\PSoC5/UART_1_INT.c ****             #if (UART_1_RXHW_ADDRESS_ENABLED)
 116:.\Generated_Source\PSoC5/UART_1_INT.c ****                 if(UART_1_rxAddressMode == (uint8)UART_1__B_UART__AM_SW_DETECT_TO_BUFFER)
 117:.\Generated_Source\PSoC5/UART_1_INT.c ****                 {
 118:.\Generated_Source\PSoC5/UART_1_INT.c ****                     if((readStatus & UART_1_RX_STS_MRKSPC) != 0u)
 119:.\Generated_Source\PSoC5/UART_1_INT.c ****                     {
 120:.\Generated_Source\PSoC5/UART_1_INT.c ****                         if ((readStatus & UART_1_RX_STS_ADDR_MATCH) != 0u)
 121:.\Generated_Source\PSoC5/UART_1_INT.c ****                         {
 122:.\Generated_Source\PSoC5/UART_1_INT.c ****                             UART_1_rxAddressDetected = 1u;
 123:.\Generated_Source\PSoC5/UART_1_INT.c ****                         }
 124:.\Generated_Source\PSoC5/UART_1_INT.c ****                         else
 125:.\Generated_Source\PSoC5/UART_1_INT.c ****                         {
 126:.\Generated_Source\PSoC5/UART_1_INT.c ****                             UART_1_rxAddressDetected = 0u;
 127:.\Generated_Source\PSoC5/UART_1_INT.c ****                         }
 128:.\Generated_Source\PSoC5/UART_1_INT.c ****                     }
 129:.\Generated_Source\PSoC5/UART_1_INT.c ****                     if(UART_1_rxAddressDetected != 0u)
 130:.\Generated_Source\PSoC5/UART_1_INT.c ****                     {   /* Store only addressed data */
 131:.\Generated_Source\PSoC5/UART_1_INT.c ****                         UART_1_rxBuffer[UART_1_rxBufferWrite] = readData;
 132:.\Generated_Source\PSoC5/UART_1_INT.c ****                         increment_pointer = 1u;
 133:.\Generated_Source\PSoC5/UART_1_INT.c ****                     }
 134:.\Generated_Source\PSoC5/UART_1_INT.c ****                 }
 135:.\Generated_Source\PSoC5/UART_1_INT.c ****                 else /* Without software addressing */
 136:.\Generated_Source\PSoC5/UART_1_INT.c ****                 {
 137:.\Generated_Source\PSoC5/UART_1_INT.c ****                     UART_1_rxBuffer[UART_1_rxBufferWrite] = readData;
 138:.\Generated_Source\PSoC5/UART_1_INT.c ****                     increment_pointer = 1u;
 139:.\Generated_Source\PSoC5/UART_1_INT.c ****                 }
 140:.\Generated_Source\PSoC5/UART_1_INT.c ****             #else  /* Without addressing */
 141:.\Generated_Source\PSoC5/UART_1_INT.c ****                 UART_1_rxBuffer[UART_1_rxBufferWrite] = readData;
  58              		.loc 1 141 0
  59 0028 154B     		ldr	r3, .L7+12
  60 002a 1B78     		ldrb	r3, [r3]	@ zero_extendqisi2
  61 002c DBB2     		uxtb	r3, r3
  62 002e 1548     		ldr	r0, .L7+16
  63 0030 C154     		strb	r1, [r0, r3]
  64              	.LVL3:
 142:.\Generated_Source\PSoC5/UART_1_INT.c ****                 increment_pointer = 1u;
 143:.\Generated_Source\PSoC5/UART_1_INT.c ****             #endif /* (UART_1_RXHW_ADDRESS_ENABLED) */
 144:.\Generated_Source\PSoC5/UART_1_INT.c **** 
 145:.\Generated_Source\PSoC5/UART_1_INT.c ****                 /* Do not increment buffer pointer when skip not addressed data */
 146:.\Generated_Source\PSoC5/UART_1_INT.c ****                 if(increment_pointer != 0u)
 147:.\Generated_Source\PSoC5/UART_1_INT.c ****                 {
 148:.\Generated_Source\PSoC5/UART_1_INT.c ****                     if(UART_1_rxBufferLoopDetect != 0u)
  65              		.loc 1 148 0
  66 0032 154B     		ldr	r3, .L7+20
  67 0034 1B78     		ldrb	r3, [r3]	@ zero_extendqisi2
  68 0036 13F0FF0F 		tst	r3, #255
  69 003a 02D0     		beq	.L4
 149:.\Generated_Source\PSoC5/UART_1_INT.c ****                     {   /* Set Software Buffer status Overflow */
 150:.\Generated_Source\PSoC5/UART_1_INT.c ****                         UART_1_rxBufferOverflow = 1u;
  70              		.loc 1 150 0
  71 003c 0121     		movs	r1, #1
  72              	.LVL4:
  73 003e 134B     		ldr	r3, .L7+24
  74 0040 1970     		strb	r1, [r3]
  75              	.L4:
 151:.\Generated_Source\PSoC5/UART_1_INT.c ****                     }
 152:.\Generated_Source\PSoC5/UART_1_INT.c ****                     /* Set next pointer. */
 153:.\Generated_Source\PSoC5/UART_1_INT.c ****                     UART_1_rxBufferWrite++;
ARM GAS  C:\Users\Tim\AppData\Local\Temp\ccFz3tZf.s 			page 5


  76              		.loc 1 153 0
  77 0042 0F49     		ldr	r1, .L7+12
  78 0044 0B78     		ldrb	r3, [r1]	@ zero_extendqisi2
  79 0046 0133     		adds	r3, r3, #1
  80 0048 DBB2     		uxtb	r3, r3
  81 004a 0B70     		strb	r3, [r1]
 154:.\Generated_Source\PSoC5/UART_1_INT.c **** 
 155:.\Generated_Source\PSoC5/UART_1_INT.c ****                     /* Check pointer for a loop condition */
 156:.\Generated_Source\PSoC5/UART_1_INT.c ****                     if(UART_1_rxBufferWrite >= UART_1_RX_BUFFER_SIZE)
  82              		.loc 1 156 0
  83 004c 0B78     		ldrb	r3, [r1]	@ zero_extendqisi2
  84 004e DBB2     		uxtb	r3, r3
  85 0050 0F2B     		cmp	r3, #15
  86 0052 02D9     		bls	.L5
 157:.\Generated_Source\PSoC5/UART_1_INT.c ****                     {
 158:.\Generated_Source\PSoC5/UART_1_INT.c ****                         UART_1_rxBufferWrite = 0u;
  87              		.loc 1 158 0
  88 0054 0021     		movs	r1, #0
  89 0056 0A4B     		ldr	r3, .L7+12
  90 0058 1970     		strb	r1, [r3]
  91              	.L5:
 159:.\Generated_Source\PSoC5/UART_1_INT.c ****                     }
 160:.\Generated_Source\PSoC5/UART_1_INT.c **** 
 161:.\Generated_Source\PSoC5/UART_1_INT.c ****                     /* Detect pre-overload condition and set flag */
 162:.\Generated_Source\PSoC5/UART_1_INT.c ****                     if(UART_1_rxBufferWrite == UART_1_rxBufferRead)
  92              		.loc 1 162 0
  93 005a 094B     		ldr	r3, .L7+12
  94 005c 1B78     		ldrb	r3, [r3]	@ zero_extendqisi2
  95 005e 0C49     		ldr	r1, .L7+28
  96 0060 0978     		ldrb	r1, [r1]	@ zero_extendqisi2
  97 0062 DBB2     		uxtb	r3, r3
  98 0064 8B42     		cmp	r3, r1
  99 0066 02D1     		bne	.L3
 163:.\Generated_Source\PSoC5/UART_1_INT.c ****                     {
 164:.\Generated_Source\PSoC5/UART_1_INT.c ****                         UART_1_rxBufferLoopDetect = 1u;
 100              		.loc 1 164 0
 101 0068 0121     		movs	r1, #1
 102 006a 074B     		ldr	r3, .L7+20
 103 006c 1970     		strb	r1, [r3]
 104              	.LVL5:
 105              	.L3:
 165:.\Generated_Source\PSoC5/UART_1_INT.c ****                         /* When Hardware Flow Control selected */
 166:.\Generated_Source\PSoC5/UART_1_INT.c ****                         #if (UART_1_FLOW_CONTROL != 0u)
 167:.\Generated_Source\PSoC5/UART_1_INT.c ****                             /* Disable RX interrupt mask, it is enabled when user read data from th
 168:.\Generated_Source\PSoC5/UART_1_INT.c ****                             UART_1_RXSTATUS_MASK_REG  &= (uint8)~UART_1_RX_STS_FIFO_NOTEMPTY;
 169:.\Generated_Source\PSoC5/UART_1_INT.c ****                             CyIntClearPending(UART_1_RX_VECT_NUM);
 170:.\Generated_Source\PSoC5/UART_1_INT.c ****                             break; /* Break the reading of the FIFO loop, leave the data there for 
 171:.\Generated_Source\PSoC5/UART_1_INT.c ****                         #endif /* (UART_1_FLOW_CONTROL != 0u) */
 172:.\Generated_Source\PSoC5/UART_1_INT.c ****                     }
 173:.\Generated_Source\PSoC5/UART_1_INT.c ****                 }
 174:.\Generated_Source\PSoC5/UART_1_INT.c ****             }
 175:.\Generated_Source\PSoC5/UART_1_INT.c ****         }while((readStatus & UART_1_RX_STS_FIFO_NOTEMPTY) != 0u);
 106              		.loc 1 175 0
 107 006e 002A     		cmp	r2, #0
 108 0070 C6D1     		bne	.L6
 176:.\Generated_Source\PSoC5/UART_1_INT.c **** 
 177:.\Generated_Source\PSoC5/UART_1_INT.c ****         /* User code required at end of ISR (Optional) */
ARM GAS  C:\Users\Tim\AppData\Local\Temp\ccFz3tZf.s 			page 6


 178:.\Generated_Source\PSoC5/UART_1_INT.c ****         /* `#START UART_1_RXISR_END` */
 179:.\Generated_Source\PSoC5/UART_1_INT.c **** 
 180:.\Generated_Source\PSoC5/UART_1_INT.c ****         /* `#END` */
 181:.\Generated_Source\PSoC5/UART_1_INT.c **** 
 182:.\Generated_Source\PSoC5/UART_1_INT.c ****     #ifdef UART_1_RXISR_EXIT_CALLBACK
 183:.\Generated_Source\PSoC5/UART_1_INT.c ****         UART_1_RXISR_ExitCallback();
 184:.\Generated_Source\PSoC5/UART_1_INT.c ****     #endif /* UART_1_RXISR_EXIT_CALLBACK */
 185:.\Generated_Source\PSoC5/UART_1_INT.c **** 
 186:.\Generated_Source\PSoC5/UART_1_INT.c ****     #if(CY_PSOC3)
 187:.\Generated_Source\PSoC5/UART_1_INT.c ****         EA = int_en;
 188:.\Generated_Source\PSoC5/UART_1_INT.c ****     #endif /* (CY_PSOC3) */
 189:.\Generated_Source\PSoC5/UART_1_INT.c ****     }
 109              		.loc 1 189 0
 110 0072 7047     		bx	lr
 111              	.L8:
 112              		.align	2
 113              	.L7:
 114 0074 68650040 		.word	1073767784
 115 0078 00000000 		.word	UART_1_errorStatus
 116 007c 48640040 		.word	1073767496
 117 0080 00000000 		.word	UART_1_rxBufferWrite
 118 0084 00000000 		.word	UART_1_rxBuffer
 119 0088 00000000 		.word	UART_1_rxBufferLoopDetect
 120 008c 00000000 		.word	UART_1_rxBufferOverflow
 121 0090 00000000 		.word	UART_1_rxBufferRead
 122              		.cfi_endproc
 123              	.LFE0:
 124              		.size	UART_1_RXISR, .-UART_1_RXISR
 125              		.section	.text.UART_1_TXISR,"ax",%progbits
 126              		.align	2
 127              		.global	UART_1_TXISR
 128              		.thumb
 129              		.thumb_func
 130              		.type	UART_1_TXISR, %function
 131              	UART_1_TXISR:
 132              	.LFB1:
 190:.\Generated_Source\PSoC5/UART_1_INT.c ****     
 191:.\Generated_Source\PSoC5/UART_1_INT.c **** #endif /* (UART_1_RX_INTERRUPT_ENABLED && (UART_1_RX_ENABLED || UART_1_HD_ENABLED)) */
 192:.\Generated_Source\PSoC5/UART_1_INT.c **** 
 193:.\Generated_Source\PSoC5/UART_1_INT.c **** 
 194:.\Generated_Source\PSoC5/UART_1_INT.c **** #if (UART_1_TX_INTERRUPT_ENABLED && UART_1_TX_ENABLED)
 195:.\Generated_Source\PSoC5/UART_1_INT.c ****     /*******************************************************************************
 196:.\Generated_Source\PSoC5/UART_1_INT.c ****     * Function Name: UART_1_TXISR
 197:.\Generated_Source\PSoC5/UART_1_INT.c ****     ********************************************************************************
 198:.\Generated_Source\PSoC5/UART_1_INT.c ****     *
 199:.\Generated_Source\PSoC5/UART_1_INT.c ****     * Summary:
 200:.\Generated_Source\PSoC5/UART_1_INT.c ****     * Interrupt Service Routine for the TX portion of the UART
 201:.\Generated_Source\PSoC5/UART_1_INT.c ****     *
 202:.\Generated_Source\PSoC5/UART_1_INT.c ****     * Parameters:
 203:.\Generated_Source\PSoC5/UART_1_INT.c ****     *  None.
 204:.\Generated_Source\PSoC5/UART_1_INT.c ****     *
 205:.\Generated_Source\PSoC5/UART_1_INT.c ****     * Return:
 206:.\Generated_Source\PSoC5/UART_1_INT.c ****     *  None.
 207:.\Generated_Source\PSoC5/UART_1_INT.c ****     *
 208:.\Generated_Source\PSoC5/UART_1_INT.c ****     * Global Variables:
 209:.\Generated_Source\PSoC5/UART_1_INT.c ****     *  UART_1_txBuffer - RAM buffer pointer for transmit data from.
 210:.\Generated_Source\PSoC5/UART_1_INT.c ****     *  UART_1_txBufferRead - cyclic index for read and transmit data
ARM GAS  C:\Users\Tim\AppData\Local\Temp\ccFz3tZf.s 			page 7


 211:.\Generated_Source\PSoC5/UART_1_INT.c ****     *     from txBuffer, increments after each transmitted byte.
 212:.\Generated_Source\PSoC5/UART_1_INT.c ****     *  UART_1_rxBufferWrite - cyclic index for write to txBuffer,
 213:.\Generated_Source\PSoC5/UART_1_INT.c ****     *     checked to detect available for transmission bytes.
 214:.\Generated_Source\PSoC5/UART_1_INT.c ****     *
 215:.\Generated_Source\PSoC5/UART_1_INT.c ****     *******************************************************************************/
 216:.\Generated_Source\PSoC5/UART_1_INT.c ****     CY_ISR(UART_1_TXISR)
 217:.\Generated_Source\PSoC5/UART_1_INT.c ****     {
 133              		.loc 1 217 0
 134              		.cfi_startproc
 135              		@ args = 0, pretend = 0, frame = 0
 136              		@ frame_needed = 0, uses_anonymous_args = 0
 137              		@ link register save eliminated.
 218:.\Generated_Source\PSoC5/UART_1_INT.c ****     #if(CY_PSOC3)
 219:.\Generated_Source\PSoC5/UART_1_INT.c ****         uint8 int_en;
 220:.\Generated_Source\PSoC5/UART_1_INT.c ****     #endif /* (CY_PSOC3) */
 221:.\Generated_Source\PSoC5/UART_1_INT.c **** 
 222:.\Generated_Source\PSoC5/UART_1_INT.c ****     #ifdef UART_1_TXISR_ENTRY_CALLBACK
 223:.\Generated_Source\PSoC5/UART_1_INT.c ****         UART_1_TXISR_EntryCallback();
 224:.\Generated_Source\PSoC5/UART_1_INT.c ****     #endif /* UART_1_TXISR_ENTRY_CALLBACK */
 225:.\Generated_Source\PSoC5/UART_1_INT.c **** 
 226:.\Generated_Source\PSoC5/UART_1_INT.c ****         /* User code required at start of ISR */
 227:.\Generated_Source\PSoC5/UART_1_INT.c ****         /* `#START UART_1_TXISR_START` */
 228:.\Generated_Source\PSoC5/UART_1_INT.c **** 
 229:.\Generated_Source\PSoC5/UART_1_INT.c ****         /* `#END` */
 230:.\Generated_Source\PSoC5/UART_1_INT.c **** 
 231:.\Generated_Source\PSoC5/UART_1_INT.c ****     #if(CY_PSOC3)   /* Make sure nested interrupt is enabled */
 232:.\Generated_Source\PSoC5/UART_1_INT.c ****         int_en = EA;
 233:.\Generated_Source\PSoC5/UART_1_INT.c ****         CyGlobalIntEnable;
 234:.\Generated_Source\PSoC5/UART_1_INT.c ****     #endif /* (CY_PSOC3) */
 235:.\Generated_Source\PSoC5/UART_1_INT.c **** 
 236:.\Generated_Source\PSoC5/UART_1_INT.c ****         while((UART_1_txBufferRead != UART_1_txBufferWrite) &&
 138              		.loc 1 236 0
 139 0000 13E0     		b	.L10
 140              	.L13:
 237:.\Generated_Source\PSoC5/UART_1_INT.c ****              ((UART_1_TXSTATUS_REG & UART_1_TX_STS_FIFO_FULL) == 0u))
 238:.\Generated_Source\PSoC5/UART_1_INT.c ****         {
 239:.\Generated_Source\PSoC5/UART_1_INT.c ****             /* Check pointer wrap around */
 240:.\Generated_Source\PSoC5/UART_1_INT.c ****             if(UART_1_txBufferRead >= UART_1_TX_BUFFER_SIZE)
 141              		.loc 1 240 0
 142 0002 104B     		ldr	r3, .L14
 143 0004 1B78     		ldrb	r3, [r3]	@ zero_extendqisi2
 144 0006 DBB2     		uxtb	r3, r3
 145 0008 3F2B     		cmp	r3, #63
 146 000a 02D9     		bls	.L11
 241:.\Generated_Source\PSoC5/UART_1_INT.c ****             {
 242:.\Generated_Source\PSoC5/UART_1_INT.c ****                 UART_1_txBufferRead = 0u;
 147              		.loc 1 242 0
 148 000c 0022     		movs	r2, #0
 149 000e 0D4B     		ldr	r3, .L14
 150 0010 1A70     		strb	r2, [r3]
 151              	.L11:
 243:.\Generated_Source\PSoC5/UART_1_INT.c ****             }
 244:.\Generated_Source\PSoC5/UART_1_INT.c **** 
 245:.\Generated_Source\PSoC5/UART_1_INT.c ****             UART_1_TXDATA_REG = UART_1_txBuffer[UART_1_txBufferRead];
 152              		.loc 1 245 0
 153 0012 0C4A     		ldr	r2, .L14
 154 0014 1378     		ldrb	r3, [r2]	@ zero_extendqisi2
ARM GAS  C:\Users\Tim\AppData\Local\Temp\ccFz3tZf.s 			page 8


 155 0016 DBB2     		uxtb	r3, r3
 156 0018 0B49     		ldr	r1, .L14+4
 157 001a CB5C     		ldrb	r3, [r1, r3]	@ zero_extendqisi2
 158 001c DBB2     		uxtb	r3, r3
 159 001e 0B49     		ldr	r1, .L14+8
 160 0020 0B70     		strb	r3, [r1]
 246:.\Generated_Source\PSoC5/UART_1_INT.c **** 
 247:.\Generated_Source\PSoC5/UART_1_INT.c ****             /* Set next pointer */
 248:.\Generated_Source\PSoC5/UART_1_INT.c ****             UART_1_txBufferRead++;
 161              		.loc 1 248 0
 162 0022 1378     		ldrb	r3, [r2]	@ zero_extendqisi2
 163 0024 0133     		adds	r3, r3, #1
 164 0026 DBB2     		uxtb	r3, r3
 165 0028 1370     		strb	r3, [r2]
 166              	.L10:
 236:.\Generated_Source\PSoC5/UART_1_INT.c ****              ((UART_1_TXSTATUS_REG & UART_1_TX_STS_FIFO_FULL) == 0u))
 167              		.loc 1 236 0
 168 002a 064B     		ldr	r3, .L14
 169 002c 1B78     		ldrb	r3, [r3]	@ zero_extendqisi2
 170 002e DBB2     		uxtb	r3, r3
 171 0030 074A     		ldr	r2, .L14+12
 172 0032 1278     		ldrb	r2, [r2]	@ zero_extendqisi2
 173 0034 9342     		cmp	r3, r2
 174 0036 04D0     		beq	.L9
 237:.\Generated_Source\PSoC5/UART_1_INT.c ****         {
 175              		.loc 1 237 0 discriminator 1
 176 0038 064B     		ldr	r3, .L14+16
 177 003a 1B78     		ldrb	r3, [r3]	@ zero_extendqisi2
 236:.\Generated_Source\PSoC5/UART_1_INT.c ****              ((UART_1_TXSTATUS_REG & UART_1_TX_STS_FIFO_FULL) == 0u))
 178              		.loc 1 236 0 discriminator 1
 179 003c 13F0040F 		tst	r3, #4
 180 0040 DFD0     		beq	.L13
 181              	.L9:
 182 0042 7047     		bx	lr
 183              	.L15:
 184              		.align	2
 185              	.L14:
 186 0044 00000000 		.word	UART_1_txBufferRead
 187 0048 00000000 		.word	UART_1_txBuffer
 188 004c 4E640040 		.word	1073767502
 189 0050 00000000 		.word	UART_1_txBufferWrite
 190 0054 6E640040 		.word	1073767534
 191              		.cfi_endproc
 192              	.LFE1:
 193              		.size	UART_1_TXISR, .-UART_1_TXISR
 194              		.text
 195              	.Letext0:
 196              		.file 2 ".\\Generated_Source\\PSoC5\\cytypes.h"
 197              		.file 3 ".\\Generated_Source\\PSoC5\\UART_1.h"
 198              		.section	.debug_info,"",%progbits
 199              	.Ldebug_info0:
 200 0000 8B010000 		.4byte	0x18b
 201 0004 0400     		.2byte	0x4
 202 0006 00000000 		.4byte	.Ldebug_abbrev0
 203 000a 04       		.byte	0x4
 204 000b 01       		.uleb128 0x1
 205 000c 36010000 		.4byte	.LASF27
ARM GAS  C:\Users\Tim\AppData\Local\Temp\ccFz3tZf.s 			page 9


 206 0010 01       		.byte	0x1
 207 0011 14000000 		.4byte	.LASF28
 208 0015 E7000000 		.4byte	.LASF29
 209 0019 00000000 		.4byte	.Ldebug_ranges0+0
 210 001d 00000000 		.4byte	0
 211 0021 00000000 		.4byte	.Ldebug_line0
 212 0025 02       		.uleb128 0x2
 213 0026 01       		.byte	0x1
 214 0027 06       		.byte	0x6
 215 0028 7A020000 		.4byte	.LASF0
 216 002c 02       		.uleb128 0x2
 217 002d 01       		.byte	0x1
 218 002e 08       		.byte	0x8
 219 002f 98000000 		.4byte	.LASF1
 220 0033 02       		.uleb128 0x2
 221 0034 02       		.byte	0x2
 222 0035 05       		.byte	0x5
 223 0036 29020000 		.4byte	.LASF2
 224 003a 02       		.uleb128 0x2
 225 003b 02       		.byte	0x2
 226 003c 07       		.byte	0x7
 227 003d 5A000000 		.4byte	.LASF3
 228 0041 02       		.uleb128 0x2
 229 0042 04       		.byte	0x4
 230 0043 05       		.byte	0x5
 231 0044 48020000 		.4byte	.LASF4
 232 0048 02       		.uleb128 0x2
 233 0049 04       		.byte	0x4
 234 004a 07       		.byte	0x7
 235 004b AB000000 		.4byte	.LASF5
 236 004f 02       		.uleb128 0x2
 237 0050 08       		.byte	0x8
 238 0051 05       		.byte	0x5
 239 0052 09020000 		.4byte	.LASF6
 240 0056 02       		.uleb128 0x2
 241 0057 08       		.byte	0x8
 242 0058 07       		.byte	0x7
 243 0059 D1010000 		.4byte	.LASF7
 244 005d 03       		.uleb128 0x3
 245 005e 04       		.byte	0x4
 246 005f 05       		.byte	0x5
 247 0060 696E7400 		.ascii	"int\000"
 248 0064 02       		.uleb128 0x2
 249 0065 04       		.byte	0x4
 250 0066 07       		.byte	0x7
 251 0067 C4010000 		.4byte	.LASF8
 252 006b 04       		.uleb128 0x4
 253 006c BD000000 		.4byte	.LASF12
 254 0070 02       		.byte	0x2
 255 0071 3801     		.2byte	0x138
 256 0073 2C000000 		.4byte	0x2c
 257 0077 02       		.uleb128 0x2
 258 0078 04       		.byte	0x4
 259 0079 04       		.byte	0x4
 260 007a 3A000000 		.4byte	.LASF9
 261 007e 02       		.uleb128 0x2
 262 007f 08       		.byte	0x8
ARM GAS  C:\Users\Tim\AppData\Local\Temp\ccFz3tZf.s 			page 10


 263 0080 04       		.byte	0x4
 264 0081 E0000000 		.4byte	.LASF10
 265 0085 02       		.uleb128 0x2
 266 0086 01       		.byte	0x1
 267 0087 08       		.byte	0x8
 268 0088 51020000 		.4byte	.LASF11
 269 008c 04       		.uleb128 0x4
 270 008d A6000000 		.4byte	.LASF13
 271 0091 02       		.byte	0x2
 272 0092 E201     		.2byte	0x1e2
 273 0094 98000000 		.4byte	0x98
 274 0098 05       		.uleb128 0x5
 275 0099 6B000000 		.4byte	0x6b
 276 009d 02       		.uleb128 0x2
 277 009e 04       		.byte	0x4
 278 009f 07       		.byte	0x7
 279 00a0 00020000 		.4byte	.LASF14
 280 00a4 06       		.uleb128 0x6
 281 00a5 80000000 		.4byte	.LASF30
 282 00a9 01       		.byte	0x1
 283 00aa 3B       		.byte	0x3b
 284 00ab 00000000 		.4byte	.LFB0
 285 00af 94000000 		.4byte	.LFE0-.LFB0
 286 00b3 01       		.uleb128 0x1
 287 00b4 9C       		.byte	0x9c
 288 00b5 E7000000 		.4byte	0xe7
 289 00b9 07       		.uleb128 0x7
 290 00ba 86020000 		.4byte	.LASF15
 291 00be 01       		.byte	0x1
 292 00bf 3D       		.byte	0x3d
 293 00c0 6B000000 		.4byte	0x6b
 294 00c4 00000000 		.4byte	.LLST0
 295 00c8 07       		.uleb128 0x7
 296 00c9 8D000000 		.4byte	.LASF16
 297 00cd 01       		.byte	0x1
 298 00ce 3E       		.byte	0x3e
 299 00cf 6B000000 		.4byte	0x6b
 300 00d3 1E000000 		.4byte	.LLST1
 301 00d7 07       		.uleb128 0x7
 302 00d8 17020000 		.4byte	.LASF17
 303 00dc 01       		.byte	0x1
 304 00dd 3F       		.byte	0x3f
 305 00de 6B000000 		.4byte	0x6b
 306 00e2 31000000 		.4byte	.LLST2
 307 00e6 00       		.byte	0
 308 00e7 08       		.uleb128 0x8
 309 00e8 C3000000 		.4byte	.LASF31
 310 00ec 01       		.byte	0x1
 311 00ed D8       		.byte	0xd8
 312 00ee 00000000 		.4byte	.LFB1
 313 00f2 58000000 		.4byte	.LFE1-.LFB1
 314 00f6 01       		.uleb128 0x1
 315 00f7 9C       		.byte	0x9c
 316 00f8 09       		.uleb128 0x9
 317 00f9 6B000000 		.4byte	0x6b
 318 00fd 08010000 		.4byte	0x108
 319 0101 0A       		.uleb128 0xa
ARM GAS  C:\Users\Tim\AppData\Local\Temp\ccFz3tZf.s 			page 11


 320 0102 9D000000 		.4byte	0x9d
 321 0106 3F       		.byte	0x3f
 322 0107 00       		.byte	0
 323 0108 0B       		.uleb128 0xb
 324 0109 D0000000 		.4byte	.LASF18
 325 010d 03       		.byte	0x3
 326 010e 3801     		.2byte	0x138
 327 0110 14010000 		.4byte	0x114
 328 0114 05       		.uleb128 0x5
 329 0115 F8000000 		.4byte	0xf8
 330 0119 0B       		.uleb128 0xb
 331 011a 66020000 		.4byte	.LASF19
 332 011e 03       		.byte	0x3
 333 011f 3901     		.2byte	0x139
 334 0121 98000000 		.4byte	0x98
 335 0125 0B       		.uleb128 0xb
 336 0126 33020000 		.4byte	.LASF20
 337 012a 03       		.byte	0x3
 338 012b 3A01     		.2byte	0x13a
 339 012d 6B000000 		.4byte	0x6b
 340 0131 0B       		.uleb128 0xb
 341 0132 6D000000 		.4byte	.LASF21
 342 0136 03       		.byte	0x3
 343 0137 3D01     		.2byte	0x13d
 344 0139 6B000000 		.4byte	0x6b
 345 013d 09       		.uleb128 0x9
 346 013e 6B000000 		.4byte	0x6b
 347 0142 4D010000 		.4byte	0x14d
 348 0146 0A       		.uleb128 0xa
 349 0147 9D000000 		.4byte	0x9d
 350 014b 0F       		.byte	0xf
 351 014c 00       		.byte	0
 352 014d 0B       		.uleb128 0xb
 353 014e 56020000 		.4byte	.LASF22
 354 0152 03       		.byte	0x3
 355 0153 3E01     		.2byte	0x13e
 356 0155 59010000 		.4byte	0x159
 357 0159 05       		.uleb128 0x5
 358 015a 3D010000 		.4byte	0x13d
 359 015e 0B       		.uleb128 0xb
 360 015f 00000000 		.4byte	.LASF23
 361 0163 03       		.byte	0x3
 362 0164 3F01     		.2byte	0x13f
 363 0166 98000000 		.4byte	0x98
 364 016a 0B       		.uleb128 0xb
 365 016b 21010000 		.4byte	.LASF24
 366 016f 03       		.byte	0x3
 367 0170 4001     		.2byte	0x140
 368 0172 98000000 		.4byte	0x98
 369 0176 0B       		.uleb128 0xb
 370 0177 40000000 		.4byte	.LASF25
 371 017b 03       		.byte	0x3
 372 017c 4101     		.2byte	0x141
 373 017e 98000000 		.4byte	0x98
 374 0182 0B       		.uleb128 0xb
 375 0183 E8010000 		.4byte	.LASF26
 376 0187 03       		.byte	0x3
ARM GAS  C:\Users\Tim\AppData\Local\Temp\ccFz3tZf.s 			page 12


 377 0188 4201     		.2byte	0x142
 378 018a 98000000 		.4byte	0x98
 379 018e 00       		.byte	0
 380              		.section	.debug_abbrev,"",%progbits
 381              	.Ldebug_abbrev0:
 382 0000 01       		.uleb128 0x1
 383 0001 11       		.uleb128 0x11
 384 0002 01       		.byte	0x1
 385 0003 25       		.uleb128 0x25
 386 0004 0E       		.uleb128 0xe
 387 0005 13       		.uleb128 0x13
 388 0006 0B       		.uleb128 0xb
 389 0007 03       		.uleb128 0x3
 390 0008 0E       		.uleb128 0xe
 391 0009 1B       		.uleb128 0x1b
 392 000a 0E       		.uleb128 0xe
 393 000b 55       		.uleb128 0x55
 394 000c 17       		.uleb128 0x17
 395 000d 11       		.uleb128 0x11
 396 000e 01       		.uleb128 0x1
 397 000f 10       		.uleb128 0x10
 398 0010 17       		.uleb128 0x17
 399 0011 00       		.byte	0
 400 0012 00       		.byte	0
 401 0013 02       		.uleb128 0x2
 402 0014 24       		.uleb128 0x24
 403 0015 00       		.byte	0
 404 0016 0B       		.uleb128 0xb
 405 0017 0B       		.uleb128 0xb
 406 0018 3E       		.uleb128 0x3e
 407 0019 0B       		.uleb128 0xb
 408 001a 03       		.uleb128 0x3
 409 001b 0E       		.uleb128 0xe
 410 001c 00       		.byte	0
 411 001d 00       		.byte	0
 412 001e 03       		.uleb128 0x3
 413 001f 24       		.uleb128 0x24
 414 0020 00       		.byte	0
 415 0021 0B       		.uleb128 0xb
 416 0022 0B       		.uleb128 0xb
 417 0023 3E       		.uleb128 0x3e
 418 0024 0B       		.uleb128 0xb
 419 0025 03       		.uleb128 0x3
 420 0026 08       		.uleb128 0x8
 421 0027 00       		.byte	0
 422 0028 00       		.byte	0
 423 0029 04       		.uleb128 0x4
 424 002a 16       		.uleb128 0x16
 425 002b 00       		.byte	0
 426 002c 03       		.uleb128 0x3
 427 002d 0E       		.uleb128 0xe
 428 002e 3A       		.uleb128 0x3a
 429 002f 0B       		.uleb128 0xb
 430 0030 3B       		.uleb128 0x3b
 431 0031 05       		.uleb128 0x5
 432 0032 49       		.uleb128 0x49
 433 0033 13       		.uleb128 0x13
ARM GAS  C:\Users\Tim\AppData\Local\Temp\ccFz3tZf.s 			page 13


 434 0034 00       		.byte	0
 435 0035 00       		.byte	0
 436 0036 05       		.uleb128 0x5
 437 0037 35       		.uleb128 0x35
 438 0038 00       		.byte	0
 439 0039 49       		.uleb128 0x49
 440 003a 13       		.uleb128 0x13
 441 003b 00       		.byte	0
 442 003c 00       		.byte	0
 443 003d 06       		.uleb128 0x6
 444 003e 2E       		.uleb128 0x2e
 445 003f 01       		.byte	0x1
 446 0040 3F       		.uleb128 0x3f
 447 0041 19       		.uleb128 0x19
 448 0042 03       		.uleb128 0x3
 449 0043 0E       		.uleb128 0xe
 450 0044 3A       		.uleb128 0x3a
 451 0045 0B       		.uleb128 0xb
 452 0046 3B       		.uleb128 0x3b
 453 0047 0B       		.uleb128 0xb
 454 0048 27       		.uleb128 0x27
 455 0049 19       		.uleb128 0x19
 456 004a 11       		.uleb128 0x11
 457 004b 01       		.uleb128 0x1
 458 004c 12       		.uleb128 0x12
 459 004d 06       		.uleb128 0x6
 460 004e 40       		.uleb128 0x40
 461 004f 18       		.uleb128 0x18
 462 0050 9742     		.uleb128 0x2117
 463 0052 19       		.uleb128 0x19
 464 0053 01       		.uleb128 0x1
 465 0054 13       		.uleb128 0x13
 466 0055 00       		.byte	0
 467 0056 00       		.byte	0
 468 0057 07       		.uleb128 0x7
 469 0058 34       		.uleb128 0x34
 470 0059 00       		.byte	0
 471 005a 03       		.uleb128 0x3
 472 005b 0E       		.uleb128 0xe
 473 005c 3A       		.uleb128 0x3a
 474 005d 0B       		.uleb128 0xb
 475 005e 3B       		.uleb128 0x3b
 476 005f 0B       		.uleb128 0xb
 477 0060 49       		.uleb128 0x49
 478 0061 13       		.uleb128 0x13
 479 0062 02       		.uleb128 0x2
 480 0063 17       		.uleb128 0x17
 481 0064 00       		.byte	0
 482 0065 00       		.byte	0
 483 0066 08       		.uleb128 0x8
 484 0067 2E       		.uleb128 0x2e
 485 0068 00       		.byte	0
 486 0069 3F       		.uleb128 0x3f
 487 006a 19       		.uleb128 0x19
 488 006b 03       		.uleb128 0x3
 489 006c 0E       		.uleb128 0xe
 490 006d 3A       		.uleb128 0x3a
ARM GAS  C:\Users\Tim\AppData\Local\Temp\ccFz3tZf.s 			page 14


 491 006e 0B       		.uleb128 0xb
 492 006f 3B       		.uleb128 0x3b
 493 0070 0B       		.uleb128 0xb
 494 0071 27       		.uleb128 0x27
 495 0072 19       		.uleb128 0x19
 496 0073 11       		.uleb128 0x11
 497 0074 01       		.uleb128 0x1
 498 0075 12       		.uleb128 0x12
 499 0076 06       		.uleb128 0x6
 500 0077 40       		.uleb128 0x40
 501 0078 18       		.uleb128 0x18
 502 0079 9742     		.uleb128 0x2117
 503 007b 19       		.uleb128 0x19
 504 007c 00       		.byte	0
 505 007d 00       		.byte	0
 506 007e 09       		.uleb128 0x9
 507 007f 01       		.uleb128 0x1
 508 0080 01       		.byte	0x1
 509 0081 49       		.uleb128 0x49
 510 0082 13       		.uleb128 0x13
 511 0083 01       		.uleb128 0x1
 512 0084 13       		.uleb128 0x13
 513 0085 00       		.byte	0
 514 0086 00       		.byte	0
 515 0087 0A       		.uleb128 0xa
 516 0088 21       		.uleb128 0x21
 517 0089 00       		.byte	0
 518 008a 49       		.uleb128 0x49
 519 008b 13       		.uleb128 0x13
 520 008c 2F       		.uleb128 0x2f
 521 008d 0B       		.uleb128 0xb
 522 008e 00       		.byte	0
 523 008f 00       		.byte	0
 524 0090 0B       		.uleb128 0xb
 525 0091 34       		.uleb128 0x34
 526 0092 00       		.byte	0
 527 0093 03       		.uleb128 0x3
 528 0094 0E       		.uleb128 0xe
 529 0095 3A       		.uleb128 0x3a
 530 0096 0B       		.uleb128 0xb
 531 0097 3B       		.uleb128 0x3b
 532 0098 05       		.uleb128 0x5
 533 0099 49       		.uleb128 0x49
 534 009a 13       		.uleb128 0x13
 535 009b 3F       		.uleb128 0x3f
 536 009c 19       		.uleb128 0x19
 537 009d 3C       		.uleb128 0x3c
 538 009e 19       		.uleb128 0x19
 539 009f 00       		.byte	0
 540 00a0 00       		.byte	0
 541 00a1 00       		.byte	0
 542              		.section	.debug_loc,"",%progbits
 543              	.Ldebug_loc0:
 544              	.LLST0:
 545 0000 06000000 		.4byte	.LVL0
 546 0004 1C000000 		.4byte	.LVL1
 547 0008 0100     		.2byte	0x1
ARM GAS  C:\Users\Tim\AppData\Local\Temp\ccFz3tZf.s 			page 15


 548 000a 53       		.byte	0x53
 549 000b 28000000 		.4byte	.LVL2
 550 000f 3E000000 		.4byte	.LVL4
 551 0013 0100     		.2byte	0x1
 552 0015 51       		.byte	0x51
 553 0016 00000000 		.4byte	0
 554 001a 00000000 		.4byte	0
 555              	.LLST1:
 556 001e 06000000 		.4byte	.LVL0
 557 0022 1C000000 		.4byte	.LVL1
 558 0026 0100     		.2byte	0x1
 559 0028 53       		.byte	0x53
 560 0029 00000000 		.4byte	0
 561 002d 00000000 		.4byte	0
 562              	.LLST2:
 563 0031 32000000 		.4byte	.LVL3
 564 0035 6E000000 		.4byte	.LVL5
 565 0039 0200     		.2byte	0x2
 566 003b 31       		.byte	0x31
 567 003c 9F       		.byte	0x9f
 568 003d 00000000 		.4byte	0
 569 0041 00000000 		.4byte	0
 570              		.section	.debug_aranges,"",%progbits
 571 0000 24000000 		.4byte	0x24
 572 0004 0200     		.2byte	0x2
 573 0006 00000000 		.4byte	.Ldebug_info0
 574 000a 04       		.byte	0x4
 575 000b 00       		.byte	0
 576 000c 0000     		.2byte	0
 577 000e 0000     		.2byte	0
 578 0010 00000000 		.4byte	.LFB0
 579 0014 94000000 		.4byte	.LFE0-.LFB0
 580 0018 00000000 		.4byte	.LFB1
 581 001c 58000000 		.4byte	.LFE1-.LFB1
 582 0020 00000000 		.4byte	0
 583 0024 00000000 		.4byte	0
 584              		.section	.debug_ranges,"",%progbits
 585              	.Ldebug_ranges0:
 586 0000 00000000 		.4byte	.LFB0
 587 0004 94000000 		.4byte	.LFE0
 588 0008 00000000 		.4byte	.LFB1
 589 000c 58000000 		.4byte	.LFE1
 590 0010 00000000 		.4byte	0
 591 0014 00000000 		.4byte	0
 592              		.section	.debug_line,"",%progbits
 593              	.Ldebug_line0:
 594 0000 A6000000 		.section	.debug_str,"MS",%progbits,1
 594      02005500 
 594      00000201 
 594      FB0E0D00 
 594      01010101 
 595              	.LASF23:
 596 0000 55415254 		.ascii	"UART_1_rxBufferRead\000"
 596      5F315F72 
 596      78427566 
 596      66657252 
 596      65616400 
ARM GAS  C:\Users\Tim\AppData\Local\Temp\ccFz3tZf.s 			page 16


 597              	.LASF28:
 598 0014 2E5C4765 		.ascii	".\\Generated_Source\\PSoC5\\UART_1_INT.c\000"
 598      6E657261 
 598      7465645F 
 598      536F7572 
 598      63655C50 
 599              	.LASF9:
 600 003a 666C6F61 		.ascii	"float\000"
 600      7400
 601              	.LASF25:
 602 0040 55415254 		.ascii	"UART_1_rxBufferLoopDetect\000"
 602      5F315F72 
 602      78427566 
 602      6665724C 
 602      6F6F7044 
 603              	.LASF3:
 604 005a 73686F72 		.ascii	"short unsigned int\000"
 604      7420756E 
 604      7369676E 
 604      65642069 
 604      6E7400
 605              	.LASF21:
 606 006d 55415254 		.ascii	"UART_1_errorStatus\000"
 606      5F315F65 
 606      72726F72 
 606      53746174 
 606      757300
 607              	.LASF30:
 608 0080 55415254 		.ascii	"UART_1_RXISR\000"
 608      5F315F52 
 608      58495352 
 608      00
 609              	.LASF16:
 610 008d 72656164 		.ascii	"readStatus\000"
 610      53746174 
 610      757300
 611              	.LASF1:
 612 0098 756E7369 		.ascii	"unsigned char\000"
 612      676E6564 
 612      20636861 
 612      7200
 613              	.LASF13:
 614 00a6 72656738 		.ascii	"reg8\000"
 614      00
 615              	.LASF5:
 616 00ab 6C6F6E67 		.ascii	"long unsigned int\000"
 616      20756E73 
 616      69676E65 
 616      6420696E 
 616      7400
 617              	.LASF12:
 618 00bd 75696E74 		.ascii	"uint8\000"
 618      3800
 619              	.LASF31:
 620 00c3 55415254 		.ascii	"UART_1_TXISR\000"
 620      5F315F54 
 620      58495352 
ARM GAS  C:\Users\Tim\AppData\Local\Temp\ccFz3tZf.s 			page 17


 620      00
 621              	.LASF18:
 622 00d0 55415254 		.ascii	"UART_1_txBuffer\000"
 622      5F315F74 
 622      78427566 
 622      66657200 
 623              	.LASF10:
 624 00e0 646F7562 		.ascii	"double\000"
 624      6C6500
 625              	.LASF29:
 626 00e7 463A5C64 		.ascii	"F:\\d_drive\\projects\\ArloBot\\arlobot_freesoc\\fr"
 626      5F647269 
 626      76655C70 
 626      726F6A65 
 626      6374735C 
 627 0115 6565736F 		.ascii	"eesoc.cydsn\000"
 627      632E6379 
 627      64736E00 
 628              	.LASF24:
 629 0121 55415254 		.ascii	"UART_1_rxBufferWrite\000"
 629      5F315F72 
 629      78427566 
 629      66657257 
 629      72697465 
 630              	.LASF27:
 631 0136 474E5520 		.ascii	"GNU C 4.9.3 20150303 (release) [ARM/embedded-4_9-br"
 631      4320342E 
 631      392E3320 
 631      32303135 
 631      30333033 
 632 0169 616E6368 		.ascii	"anch revision 221220] -mcpu=cortex-m3 -mthumb -g -O"
 632      20726576 
 632      6973696F 
 632      6E203232 
 632      31323230 
 633 019c 67202D66 		.ascii	"g -ffunction-sections -ffat-lto-objects\000"
 633      66756E63 
 633      74696F6E 
 633      2D736563 
 633      74696F6E 
 634              	.LASF8:
 635 01c4 756E7369 		.ascii	"unsigned int\000"
 635      676E6564 
 635      20696E74 
 635      00
 636              	.LASF7:
 637 01d1 6C6F6E67 		.ascii	"long long unsigned int\000"
 637      206C6F6E 
 637      6720756E 
 637      7369676E 
 637      65642069 
 638              	.LASF26:
 639 01e8 55415254 		.ascii	"UART_1_rxBufferOverflow\000"
 639      5F315F72 
 639      78427566 
 639      6665724F 
 639      76657266 
ARM GAS  C:\Users\Tim\AppData\Local\Temp\ccFz3tZf.s 			page 18


 640              	.LASF14:
 641 0200 73697A65 		.ascii	"sizetype\000"
 641      74797065 
 641      00
 642              	.LASF6:
 643 0209 6C6F6E67 		.ascii	"long long int\000"
 643      206C6F6E 
 643      6720696E 
 643      7400
 644              	.LASF17:
 645 0217 696E6372 		.ascii	"increment_pointer\000"
 645      656D656E 
 645      745F706F 
 645      696E7465 
 645      7200
 646              	.LASF2:
 647 0229 73686F72 		.ascii	"short int\000"
 647      7420696E 
 647      7400
 648              	.LASF20:
 649 0233 55415254 		.ascii	"UART_1_txBufferWrite\000"
 649      5F315F74 
 649      78427566 
 649      66657257 
 649      72697465 
 650              	.LASF4:
 651 0248 6C6F6E67 		.ascii	"long int\000"
 651      20696E74 
 651      00
 652              	.LASF11:
 653 0251 63686172 		.ascii	"char\000"
 653      00
 654              	.LASF22:
 655 0256 55415254 		.ascii	"UART_1_rxBuffer\000"
 655      5F315F72 
 655      78427566 
 655      66657200 
 656              	.LASF19:
 657 0266 55415254 		.ascii	"UART_1_txBufferRead\000"
 657      5F315F74 
 657      78427566 
 657      66657252 
 657      65616400 
 658              	.LASF0:
 659 027a 7369676E 		.ascii	"signed char\000"
 659      65642063 
 659      68617200 
 660              	.LASF15:
 661 0286 72656164 		.ascii	"readData\000"
 661      44617461 
 661      00
 662              		.ident	"GCC: (GNU Tools for ARM Embedded Processors) 4.9.3 20150303 (release) [ARM/embedded-4_9-br
