ARM GAS  C:\Users\Tim\AppData\Local\Temp\ccjT4BE5.s 			page 1


   1              		.syntax unified
   2              		.cpu cortex-m3
   3              		.fpu softvfp
   4              		.eabi_attribute 20, 1
   5              		.eabi_attribute 21, 1
   6              		.eabi_attribute 23, 3
   7              		.eabi_attribute 24, 1
   8              		.eabi_attribute 25, 1
   9              		.eabi_attribute 26, 1
  10              		.eabi_attribute 30, 1
  11              		.eabi_attribute 34, 1
  12              		.eabi_attribute 18, 4
  13              		.thumb
  14              		.file	"ultrasonic.c"
  15              		.text
  16              	.Ltext0:
  17              		.cfi_sections	.debug_frame
  18              		.section	.text.Front_Trigger_Next,"ax",%progbits
  19              		.align	2
  20              		.thumb
  21              		.thumb_func
  22              		.type	Front_Trigger_Next, %function
  23              	Front_Trigger_Next:
  24              	.LFB63:
  25              		.file 1 "..\\source\\ultrasonic.c"
   1:..\source/ultrasonic.c **** /* ========================================
   2:..\source/ultrasonic.c ****  *
   3:..\source/ultrasonic.c ****  * Copyright YOUR COMPANY, THE YEAR
   4:..\source/ultrasonic.c ****  * All Rights Reserved
   5:..\source/ultrasonic.c ****  * UNPUBLISHED, LICENSED SOFTWARE.
   6:..\source/ultrasonic.c ****  *
   7:..\source/ultrasonic.c ****  * CONFIDENTIAL AND PROPRIETARY INFORMATION
   8:..\source/ultrasonic.c ****  * WHICH IS THE PROPERTY OF your company.
   9:..\source/ultrasonic.c ****  *
  10:..\source/ultrasonic.c ****  * ========================================
  11:..\source/ultrasonic.c **** */
  12:..\source/ultrasonic.c **** 
  13:..\source/ultrasonic.c **** #include "config.h"
  14:..\source/ultrasonic.c **** #include "ultrasonic.h"
  15:..\source/ultrasonic.c **** #include "i2c.h"
  16:..\source/ultrasonic.c **** #include "utils.h"
  17:..\source/ultrasonic.c **** #include "time.h"
  18:..\source/ultrasonic.c **** #include "debug.h"
  19:..\source/ultrasonic.c **** 
  20:..\source/ultrasonic.c **** #define MIN_PULSE_US (114)
  21:..\source/ultrasonic.c **** #define MAX_PULSE_US (23200)
  22:..\source/ultrasonic.c **** 
  23:..\source/ultrasonic.c **** #define TRIGGER_PULSE_WIDTH (10)
  24:..\source/ultrasonic.c **** #define US_PER_CENTIMETER (58)
  25:..\source/ultrasonic.c **** 
  26:..\source/ultrasonic.c **** #define TIMER_CLEAR_BIT (0x02)
  27:..\source/ultrasonic.c **** #define TRIGGER_BIT     (0x01)
  28:..\source/ultrasonic.c **** 
  29:..\source/ultrasonic.c **** #define MAX_TIMER_COUNT (3000)
  30:..\source/ultrasonic.c **** 
  31:..\source/ultrasonic.c **** 
  32:..\source/ultrasonic.c **** static void Front_Trigger_Next()
ARM GAS  C:\Users\Tim\AppData\Local\Temp\ccjT4BE5.s 			page 2


  33:..\source/ultrasonic.c **** {
  26              		.loc 1 33 0
  27              		.cfi_startproc
  28              		@ args = 0, pretend = 0, frame = 0
  29              		@ frame_needed = 0, uses_anonymous_args = 0
  30 0000 10B5     		push	{r4, lr}
  31              		.cfi_def_cfa_offset 8
  32              		.cfi_offset 4, -8
  33              		.cfi_offset 14, -4
  34:..\source/ultrasonic.c ****     static uint8 front_trigger_index = 0;
  35:..\source/ultrasonic.c ****     
  36:..\source/ultrasonic.c ****     Front_Trigger_Select_Reg_Write(front_trigger_index);
  34              		.loc 1 36 0
  35 0002 0B4C     		ldr	r4, .L4
  36 0004 2078     		ldrb	r0, [r4]	@ zero_extendqisi2
  37 0006 FFF7FEFF 		bl	Front_Trigger_Select_Reg_Write
  38              	.LVL0:
  37:..\source/ultrasonic.c ****     front_trigger_index = (front_trigger_index + 1) % NUM_FRONT_ULTRASONIC_SENSORS;
  39              		.loc 1 37 0
  40 000a 2378     		ldrb	r3, [r4]	@ zero_extendqisi2
  41 000c 0133     		adds	r3, r3, #1
  42 000e 03F00703 		and	r3, r3, #7
  43 0012 2370     		strb	r3, [r4]
  38:..\source/ultrasonic.c ****     
  39:..\source/ultrasonic.c ****     Front_Trigger_Reg_Write(0);
  44              		.loc 1 39 0
  45 0014 0020     		movs	r0, #0
  46 0016 FFF7FEFF 		bl	Front_Trigger_Reg_Write
  47              	.LVL1:
  40:..\source/ultrasonic.c ****     Front_Trigger_Reg_Write(TIMER_CLEAR_BIT | TRIGGER_BIT);
  48              		.loc 1 40 0
  49 001a 0320     		movs	r0, #3
  50 001c FFF7FEFF 		bl	Front_Trigger_Reg_Write
  51              	.LVL2:
  41:..\source/ultrasonic.c ****     CyDelay(TRIGGER_PULSE_WIDTH);
  52              		.loc 1 41 0
  53 0020 0A20     		movs	r0, #10
  54 0022 FFF7FEFF 		bl	CyDelay
  55              	.LVL3:
  42:..\source/ultrasonic.c ****     Front_Trigger_Reg_Write(0);
  56              		.loc 1 42 0
  57 0026 0020     		movs	r0, #0
  58 0028 FFF7FEFF 		bl	Front_Trigger_Reg_Write
  59              	.LVL4:
  60 002c 10BD     		pop	{r4, pc}
  61              	.L5:
  62 002e 00BF     		.align	2
  63              	.L4:
  64 0030 00000000 		.word	.LANCHOR0
  65              		.cfi_endproc
  66              	.LFE63:
  67              		.size	Front_Trigger_Next, .-Front_Trigger_Next
  68              		.section	.text.Front_Echo_Interrupt,"ax",%progbits
  69              		.align	2
  70              		.thumb
  71              		.thumb_func
  72              		.type	Front_Echo_Interrupt, %function
ARM GAS  C:\Users\Tim\AppData\Local\Temp\ccjT4BE5.s 			page 3


  73              	Front_Echo_Interrupt:
  74              	.LFB65:
  43:..\source/ultrasonic.c **** }
  44:..\source/ultrasonic.c **** 
  45:..\source/ultrasonic.c **** static void Rear_Trigger_Next()
  46:..\source/ultrasonic.c **** {
  47:..\source/ultrasonic.c ****     static uint8 rear_trigger_index = 0;
  48:..\source/ultrasonic.c ****     
  49:..\source/ultrasonic.c ****     Rear_Trigger_Select_Reg_Write(rear_trigger_index);
  50:..\source/ultrasonic.c ****     rear_trigger_index = (rear_trigger_index + 1) % NUM_REAR_ULTRASONIC_SENSORS;
  51:..\source/ultrasonic.c ****     
  52:..\source/ultrasonic.c ****     Rear_Trigger_Reg_Write(0);
  53:..\source/ultrasonic.c ****     Rear_Trigger_Reg_Write(TIMER_CLEAR_BIT | TRIGGER_BIT);
  54:..\source/ultrasonic.c ****     CyDelay(TRIGGER_PULSE_WIDTH);
  55:..\source/ultrasonic.c ****     Rear_Trigger_Reg_Write(0);
  56:..\source/ultrasonic.c **** }
  57:..\source/ultrasonic.c **** 
  58:..\source/ultrasonic.c **** static CY_ISR( Front_Echo_Interrupt )
  59:..\source/ultrasonic.c **** {
  75              		.loc 1 59 0
  76              		.cfi_startproc
  77              		@ args = 0, pretend = 0, frame = 0
  78              		@ frame_needed = 0, uses_anonymous_args = 0
  79 0000 10B5     		push	{r4, lr}
  80              		.cfi_def_cfa_offset 8
  81              		.cfi_offset 4, -8
  82              		.cfi_offset 14, -4
  60:..\source/ultrasonic.c ****     Front_Echo_Intr_ClearPending();
  83              		.loc 1 60 0
  84 0002 FFF7FEFF 		bl	Front_Echo_Intr_ClearPending
  85              	.LVL5:
  61:..\source/ultrasonic.c ****     
  62:..\source/ultrasonic.c ****     uint16 count = MAX_TIMER_COUNT - Front_Echo_Timer_ReadCounter();
  86              		.loc 1 62 0
  87 0006 FFF7FEFF 		bl	Front_Echo_Timer_ReadCounter
  88              	.LVL6:
  89 000a 80B2     		uxth	r0, r0
  90 000c C0F53B63 		rsb	r3, r0, #2992
  91 0010 0833     		adds	r3, r3, #8
  92 0012 9CB2     		uxth	r4, r3
  93              	.LVL7:
  63:..\source/ultrasonic.c ****     count = constrain(count, MIN_PULSE_US, MAX_PULSE_US);
  94              		.loc 1 63 0
  95 0014 C0F53140 		rsb	r0, r0, #45312
  96 0018 1830     		adds	r0, r0, #24
  97 001a 80B2     		uxth	r0, r0
  98 001c 4AF25F53 		movw	r3, #42335
  99 0020 9842     		cmp	r0, r3
 100 0022 04D9     		bls	.L8
 101              		.loc 1 63 0 is_stmt 0 discriminator 1
 102 0024 2346     		mov	r3, r4
 103 0026 722C     		cmp	r4, #114
 104 0028 38BF     		it	cc
 105 002a 7223     		movcc	r3, #114
 106 002c 01E0     		b	.L7
 107              	.L8:
 108              		.loc 1 63 0
ARM GAS  C:\Users\Tim\AppData\Local\Temp\ccjT4BE5.s 			page 4


 109 002e 45F6A023 		movw	r3, #23200
 110              	.L7:
 111              	.LVL8:
  64:..\source/ultrasonic.c ****     uint8 distance = (uint8) (count / US_PER_CENTIMETER);
 112              		.loc 1 64 0 is_stmt 1 discriminator 4
 113 0032 064C     		ldr	r4, .L10
 114 0034 A4FB0334 		umull	r3, r4, r4, r3
 115              	.LVL9:
 116 0038 C4F34714 		ubfx	r4, r4, #5, #8
 117              	.LVL10:
  65:..\source/ultrasonic.c ****     I2c_WriteFrontUltrasonicDistance(Front_Trigger_Select_Reg_Read(), distance);
 118              		.loc 1 65 0 discriminator 4
 119 003c FFF7FEFF 		bl	Front_Trigger_Select_Reg_Read
 120              	.LVL11:
 121 0040 2146     		mov	r1, r4
 122 0042 FFF7FEFF 		bl	I2c_WriteFrontUltrasonicDistance
 123              	.LVL12:
  66:..\source/ultrasonic.c ****     Front_Trigger_Next();
 124              		.loc 1 66 0 discriminator 4
 125 0046 FFF7FEFF 		bl	Front_Trigger_Next
 126              	.LVL13:
 127 004a 10BD     		pop	{r4, pc}
 128              	.LVL14:
 129              	.L11:
 130              		.align	2
 131              	.L10:
 132 004c 09CB3D8D 		.word	-1925330167
 133              		.cfi_endproc
 134              	.LFE65:
 135              		.size	Front_Echo_Interrupt, .-Front_Echo_Interrupt
 136              		.section	.text.Rear_Trigger_Next,"ax",%progbits
 137              		.align	2
 138              		.thumb
 139              		.thumb_func
 140              		.type	Rear_Trigger_Next, %function
 141              	Rear_Trigger_Next:
 142              	.LFB64:
  46:..\source/ultrasonic.c ****     static uint8 rear_trigger_index = 0;
 143              		.loc 1 46 0
 144              		.cfi_startproc
 145              		@ args = 0, pretend = 0, frame = 0
 146              		@ frame_needed = 0, uses_anonymous_args = 0
 147 0000 10B5     		push	{r4, lr}
 148              		.cfi_def_cfa_offset 8
 149              		.cfi_offset 4, -8
 150              		.cfi_offset 14, -4
  49:..\source/ultrasonic.c ****     rear_trigger_index = (rear_trigger_index + 1) % NUM_REAR_ULTRASONIC_SENSORS;
 151              		.loc 1 49 0
 152 0002 0B4C     		ldr	r4, .L15
 153 0004 6078     		ldrb	r0, [r4, #1]	@ zero_extendqisi2
 154 0006 FFF7FEFF 		bl	Rear_Trigger_Select_Reg_Write
 155              	.LVL15:
  50:..\source/ultrasonic.c ****     
 156              		.loc 1 50 0
 157 000a 6378     		ldrb	r3, [r4, #1]	@ zero_extendqisi2
 158 000c 0133     		adds	r3, r3, #1
 159 000e 03F00703 		and	r3, r3, #7
ARM GAS  C:\Users\Tim\AppData\Local\Temp\ccjT4BE5.s 			page 5


 160 0012 6370     		strb	r3, [r4, #1]
  52:..\source/ultrasonic.c ****     Rear_Trigger_Reg_Write(TIMER_CLEAR_BIT | TRIGGER_BIT);
 161              		.loc 1 52 0
 162 0014 0020     		movs	r0, #0
 163 0016 FFF7FEFF 		bl	Rear_Trigger_Reg_Write
 164              	.LVL16:
  53:..\source/ultrasonic.c ****     CyDelay(TRIGGER_PULSE_WIDTH);
 165              		.loc 1 53 0
 166 001a 0320     		movs	r0, #3
 167 001c FFF7FEFF 		bl	Rear_Trigger_Reg_Write
 168              	.LVL17:
  54:..\source/ultrasonic.c ****     Rear_Trigger_Reg_Write(0);
 169              		.loc 1 54 0
 170 0020 0A20     		movs	r0, #10
 171 0022 FFF7FEFF 		bl	CyDelay
 172              	.LVL18:
  55:..\source/ultrasonic.c **** }
 173              		.loc 1 55 0
 174 0026 0020     		movs	r0, #0
 175 0028 FFF7FEFF 		bl	Rear_Trigger_Reg_Write
 176              	.LVL19:
 177 002c 10BD     		pop	{r4, pc}
 178              	.L16:
 179 002e 00BF     		.align	2
 180              	.L15:
 181 0030 00000000 		.word	.LANCHOR0
 182              		.cfi_endproc
 183              	.LFE64:
 184              		.size	Rear_Trigger_Next, .-Rear_Trigger_Next
 185              		.section	.text.Rear_Echo_Interrupt,"ax",%progbits
 186              		.align	2
 187              		.thumb
 188              		.thumb_func
 189              		.type	Rear_Echo_Interrupt, %function
 190              	Rear_Echo_Interrupt:
 191              	.LFB66:
  67:..\source/ultrasonic.c **** }
  68:..\source/ultrasonic.c **** 
  69:..\source/ultrasonic.c **** static CY_ISR( Rear_Echo_Interrupt )
  70:..\source/ultrasonic.c **** {
 192              		.loc 1 70 0
 193              		.cfi_startproc
 194              		@ args = 0, pretend = 0, frame = 0
 195              		@ frame_needed = 0, uses_anonymous_args = 0
 196 0000 10B5     		push	{r4, lr}
 197              		.cfi_def_cfa_offset 8
 198              		.cfi_offset 4, -8
 199              		.cfi_offset 14, -4
  71:..\source/ultrasonic.c ****     Rear_Echo_Intr_ClearPending();
 200              		.loc 1 71 0
 201 0002 FFF7FEFF 		bl	Rear_Echo_Intr_ClearPending
 202              	.LVL20:
  72:..\source/ultrasonic.c ****     
  73:..\source/ultrasonic.c ****     uint16 count = MAX_TIMER_COUNT - Rear_Echo_Timer_ReadCounter();
 203              		.loc 1 73 0
 204 0006 FFF7FEFF 		bl	Rear_Echo_Timer_ReadCounter
 205              	.LVL21:
ARM GAS  C:\Users\Tim\AppData\Local\Temp\ccjT4BE5.s 			page 6


 206 000a 80B2     		uxth	r0, r0
 207 000c C0F53B63 		rsb	r3, r0, #2992
 208 0010 0833     		adds	r3, r3, #8
 209 0012 9CB2     		uxth	r4, r3
 210              	.LVL22:
  74:..\source/ultrasonic.c ****     count = constrain(count, MIN_PULSE_US, MAX_PULSE_US);
 211              		.loc 1 74 0
 212 0014 C0F53140 		rsb	r0, r0, #45312
 213 0018 1830     		adds	r0, r0, #24
 214 001a 80B2     		uxth	r0, r0
 215 001c 4AF25F53 		movw	r3, #42335
 216 0020 9842     		cmp	r0, r3
 217 0022 04D9     		bls	.L19
 218              		.loc 1 74 0 is_stmt 0 discriminator 1
 219 0024 2346     		mov	r3, r4
 220 0026 722C     		cmp	r4, #114
 221 0028 38BF     		it	cc
 222 002a 7223     		movcc	r3, #114
 223 002c 01E0     		b	.L18
 224              	.L19:
 225              		.loc 1 74 0
 226 002e 45F6A023 		movw	r3, #23200
 227              	.L18:
 228              	.LVL23:
  75:..\source/ultrasonic.c ****     uint8 distance = (uint8) (count / US_PER_CENTIMETER);
 229              		.loc 1 75 0 is_stmt 1 discriminator 4
 230 0032 064C     		ldr	r4, .L21
 231 0034 A4FB0334 		umull	r3, r4, r4, r3
 232              	.LVL24:
 233 0038 C4F34714 		ubfx	r4, r4, #5, #8
 234              	.LVL25:
  76:..\source/ultrasonic.c ****     I2c_WriteRearUltrasonicDistance(Rear_Trigger_Select_Reg_Read(), distance);
 235              		.loc 1 76 0 discriminator 4
 236 003c FFF7FEFF 		bl	Rear_Trigger_Select_Reg_Read
 237              	.LVL26:
 238 0040 2146     		mov	r1, r4
 239 0042 FFF7FEFF 		bl	I2c_WriteRearUltrasonicDistance
 240              	.LVL27:
  77:..\source/ultrasonic.c ****     Rear_Trigger_Next();
 241              		.loc 1 77 0 discriminator 4
 242 0046 FFF7FEFF 		bl	Rear_Trigger_Next
 243              	.LVL28:
 244 004a 10BD     		pop	{r4, pc}
 245              	.LVL29:
 246              	.L22:
 247              		.align	2
 248              	.L21:
 249 004c 09CB3D8D 		.word	-1925330167
 250              		.cfi_endproc
 251              	.LFE66:
 252              		.size	Rear_Echo_Interrupt, .-Rear_Echo_Interrupt
 253              		.section	.text.Ultrasonic_Init,"ax",%progbits
 254              		.align	2
 255              		.global	Ultrasonic_Init
 256              		.thumb
 257              		.thumb_func
 258              		.type	Ultrasonic_Init, %function
ARM GAS  C:\Users\Tim\AppData\Local\Temp\ccjT4BE5.s 			page 7


 259              	Ultrasonic_Init:
 260              	.LFB67:
  78:..\source/ultrasonic.c **** }
  79:..\source/ultrasonic.c **** 
  80:..\source/ultrasonic.c **** void Ultrasonic_Init()
  81:..\source/ultrasonic.c **** {
 261              		.loc 1 81 0
 262              		.cfi_startproc
 263              		@ args = 0, pretend = 0, frame = 0
 264              		@ frame_needed = 0, uses_anonymous_args = 0
 265              		@ link register save eliminated.
 266 0000 7047     		bx	lr
 267              		.cfi_endproc
 268              	.LFE67:
 269              		.size	Ultrasonic_Init, .-Ultrasonic_Init
 270 0002 00BF     		.section	.text.Ultrasonic_Start,"ax",%progbits
 271              		.align	2
 272              		.global	Ultrasonic_Start
 273              		.thumb
 274              		.thumb_func
 275              		.type	Ultrasonic_Start, %function
 276              	Ultrasonic_Start:
 277              	.LFB68:
  82:..\source/ultrasonic.c **** }
  83:..\source/ultrasonic.c **** 
  84:..\source/ultrasonic.c **** void Ultrasonic_Start()
  85:..\source/ultrasonic.c **** {
 278              		.loc 1 85 0
 279              		.cfi_startproc
 280              		@ args = 0, pretend = 0, frame = 0
 281              		@ frame_needed = 0, uses_anonymous_args = 0
 282              		.loc 1 85 0
 283 0000 08B5     		push	{r3, lr}
 284              		.cfi_def_cfa_offset 8
 285              		.cfi_offset 3, -8
 286              		.cfi_offset 14, -4
  86:..\source/ultrasonic.c ****     Front_Echo_Intr_StartEx(Front_Echo_Interrupt);
 287              		.loc 1 86 0
 288 0002 0748     		ldr	r0, .L26
 289 0004 FFF7FEFF 		bl	Front_Echo_Intr_StartEx
 290              	.LVL30:
  87:..\source/ultrasonic.c ****     Rear_Echo_Intr_StartEx(Rear_Echo_Interrupt);
 291              		.loc 1 87 0
 292 0008 0648     		ldr	r0, .L26+4
 293 000a FFF7FEFF 		bl	Rear_Echo_Intr_StartEx
 294              	.LVL31:
  88:..\source/ultrasonic.c ****     
  89:..\source/ultrasonic.c ****     Front_Echo_Timer_Start();
 295              		.loc 1 89 0
 296 000e FFF7FEFF 		bl	Front_Echo_Timer_Start
 297              	.LVL32:
  90:..\source/ultrasonic.c ****     Rear_Echo_Timer_Start();
 298              		.loc 1 90 0
 299 0012 FFF7FEFF 		bl	Rear_Echo_Timer_Start
 300              	.LVL33:
  91:..\source/ultrasonic.c ****     
  92:..\source/ultrasonic.c ****     Front_Trigger_Next();
ARM GAS  C:\Users\Tim\AppData\Local\Temp\ccjT4BE5.s 			page 8


 301              		.loc 1 92 0
 302 0016 FFF7FEFF 		bl	Front_Trigger_Next
 303              	.LVL34:
  93:..\source/ultrasonic.c ****     Rear_Trigger_Next();
 304              		.loc 1 93 0
 305 001a FFF7FEFF 		bl	Rear_Trigger_Next
 306              	.LVL35:
 307 001e 08BD     		pop	{r3, pc}
 308              	.L27:
 309              		.align	2
 310              	.L26:
 311 0020 00000000 		.word	Front_Echo_Interrupt
 312 0024 00000000 		.word	Rear_Echo_Interrupt
 313              		.cfi_endproc
 314              	.LFE68:
 315              		.size	Ultrasonic_Start, .-Ultrasonic_Start
 316              		.section	.text.Ultrasonic_Update,"ax",%progbits
 317              		.align	2
 318              		.global	Ultrasonic_Update
 319              		.thumb
 320              		.thumb_func
 321              		.type	Ultrasonic_Update, %function
 322              	Ultrasonic_Update:
 323              	.LFB69:
  94:..\source/ultrasonic.c **** }
  95:..\source/ultrasonic.c **** 
  96:..\source/ultrasonic.c **** void Ultrasonic_Update()
  97:..\source/ultrasonic.c **** {
 324              		.loc 1 97 0
 325              		.cfi_startproc
 326              		@ args = 0, pretend = 0, frame = 0
 327              		@ frame_needed = 0, uses_anonymous_args = 0
 328              		@ link register save eliminated.
 329 0000 7047     		bx	lr
 330              		.cfi_endproc
 331              	.LFE69:
 332              		.size	Ultrasonic_Update, .-Ultrasonic_Update
 333 0002 00BF     		.section	.text.Ultrasonic_Test,"ax",%progbits
 334              		.align	2
 335              		.global	Ultrasonic_Test
 336              		.thumb
 337              		.thumb_func
 338              		.type	Ultrasonic_Test, %function
 339              	Ultrasonic_Test:
 340              	.LFB70:
  98:..\source/ultrasonic.c **** }
  99:..\source/ultrasonic.c **** 
 100:..\source/ultrasonic.c **** void Ultrasonic_Test()
 101:..\source/ultrasonic.c **** {
 341              		.loc 1 101 0
 342              		.cfi_startproc
 343              		@ args = 0, pretend = 0, frame = 0
 344              		@ frame_needed = 0, uses_anonymous_args = 0
 345              		@ link register save eliminated.
 346 0000 7047     		bx	lr
 347              		.cfi_endproc
 348              	.LFE70:
ARM GAS  C:\Users\Tim\AppData\Local\Temp\ccjT4BE5.s 			page 9


 349              		.size	Ultrasonic_Test, .-Ultrasonic_Test
 350              		.comm	formatted_string,256,4
 351              		.comm	debug_control_enabled,2,2
 352 0002 00BF     		.bss
 353              		.set	.LANCHOR0,. + 0
 354              		.type	front_trigger_index.7353, %object
 355              		.size	front_trigger_index.7353, 1
 356              	front_trigger_index.7353:
 357 0000 00       		.space	1
 358              		.type	rear_trigger_index.7360, %object
 359              		.size	rear_trigger_index.7360, 1
 360              	rear_trigger_index.7360:
 361 0001 00       		.space	1
 362              		.text
 363              	.Letext0:
 364              		.file 2 "c:\\program files (x86)\\cypress\\psoc creator\\3.3\\psoc creator\\import\\gnu\\arm\\4.9.
 365              		.file 3 "c:\\program files (x86)\\cypress\\psoc creator\\3.3\\psoc creator\\import\\gnu\\arm\\4.9.
 366              		.file 4 "Generated_Source\\PSoC5/cytypes.h"
 367              		.file 5 "Generated_Source\\PSoC5/core_cm3.h"
 368              		.file 6 "..\\source\\debug.h"
 369              		.file 7 "Generated_Source\\PSoC5/CyLib.h"
 370              		.section	.debug_info,"",%progbits
 371              	.Ldebug_info0:
 372 0000 91050000 		.4byte	0x591
 373 0004 0400     		.2byte	0x4
 374 0006 00000000 		.4byte	.Ldebug_abbrev0
 375 000a 04       		.byte	0x4
 376 000b 01       		.uleb128 0x1
 377 000c 78020000 		.4byte	.LASF49
 378 0010 01       		.byte	0x1
 379 0011 22000000 		.4byte	.LASF50
 380 0015 C0000000 		.4byte	.LASF51
 381 0019 00000000 		.4byte	.Ldebug_ranges0+0
 382 001d 00000000 		.4byte	0
 383 0021 00000000 		.4byte	.Ldebug_line0
 384 0025 02       		.uleb128 0x2
 385 0026 01       		.byte	0x1
 386 0027 06       		.byte	0x6
 387 0028 4F010000 		.4byte	.LASF0
 388 002c 02       		.uleb128 0x2
 389 002d 01       		.byte	0x1
 390 002e 08       		.byte	0x8
 391 002f 5B010000 		.4byte	.LASF1
 392 0033 02       		.uleb128 0x2
 393 0034 02       		.byte	0x2
 394 0035 05       		.byte	0x5
 395 0036 DF030000 		.4byte	.LASF2
 396 003a 02       		.uleb128 0x2
 397 003b 02       		.byte	0x2
 398 003c 07       		.byte	0x7
 399 003d 9C000000 		.4byte	.LASF3
 400 0041 03       		.uleb128 0x3
 401 0042 50000000 		.4byte	.LASF9
 402 0046 02       		.byte	0x2
 403 0047 3F       		.byte	0x3f
 404 0048 4C000000 		.4byte	0x4c
 405 004c 02       		.uleb128 0x2
ARM GAS  C:\Users\Tim\AppData\Local\Temp\ccjT4BE5.s 			page 10


 406 004d 04       		.byte	0x4
 407 004e 05       		.byte	0x5
 408 004f 5E030000 		.4byte	.LASF4
 409 0053 02       		.uleb128 0x2
 410 0054 04       		.byte	0x4
 411 0055 07       		.byte	0x7
 412 0056 27020000 		.4byte	.LASF5
 413 005a 02       		.uleb128 0x2
 414 005b 08       		.byte	0x8
 415 005c 05       		.byte	0x5
 416 005d 95030000 		.4byte	.LASF6
 417 0061 02       		.uleb128 0x2
 418 0062 08       		.byte	0x8
 419 0063 07       		.byte	0x7
 420 0064 27030000 		.4byte	.LASF7
 421 0068 04       		.uleb128 0x4
 422 0069 04       		.byte	0x4
 423 006a 05       		.byte	0x5
 424 006b 696E7400 		.ascii	"int\000"
 425 006f 02       		.uleb128 0x2
 426 0070 04       		.byte	0x4
 427 0071 07       		.byte	0x7
 428 0072 06030000 		.4byte	.LASF8
 429 0076 03       		.uleb128 0x3
 430 0077 84030000 		.4byte	.LASF10
 431 007b 03       		.byte	0x3
 432 007c 2C       		.byte	0x2c
 433 007d 41000000 		.4byte	0x41
 434 0081 05       		.uleb128 0x5
 435 0082 E9030000 		.4byte	.LASF11
 436 0086 04       		.byte	0x4
 437 0087 3801     		.2byte	0x138
 438 0089 2C000000 		.4byte	0x2c
 439 008d 05       		.uleb128 0x5
 440 008e 39020000 		.4byte	.LASF12
 441 0092 04       		.byte	0x4
 442 0093 3901     		.2byte	0x139
 443 0095 3A000000 		.4byte	0x3a
 444 0099 05       		.uleb128 0x5
 445 009a 71020000 		.4byte	.LASF13
 446 009e 04       		.byte	0x4
 447 009f 3A01     		.2byte	0x13a
 448 00a1 53000000 		.4byte	0x53
 449 00a5 02       		.uleb128 0x2
 450 00a6 04       		.byte	0x4
 451 00a7 04       		.byte	0x4
 452 00a8 49010000 		.4byte	.LASF14
 453 00ac 02       		.uleb128 0x2
 454 00ad 08       		.byte	0x8
 455 00ae 04       		.byte	0x4
 456 00af 23040000 		.4byte	.LASF15
 457 00b3 02       		.uleb128 0x2
 458 00b4 01       		.byte	0x1
 459 00b5 08       		.byte	0x8
 460 00b6 A3030000 		.4byte	.LASF16
 461 00ba 02       		.uleb128 0x2
 462 00bb 04       		.byte	0x4
ARM GAS  C:\Users\Tim\AppData\Local\Temp\ccjT4BE5.s 			page 11


 463 00bc 07       		.byte	0x7
 464 00bd 8C030000 		.4byte	.LASF17
 465 00c1 06       		.uleb128 0x6
 466 00c2 71000000 		.4byte	.LASF27
 467 00c6 01       		.byte	0x1
 468 00c7 20       		.byte	0x20
 469 00c8 00000000 		.4byte	.LFB63
 470 00cc 34000000 		.4byte	.LFE63-.LFB63
 471 00d0 01       		.uleb128 0x1
 472 00d1 9C       		.byte	0x9c
 473 00d2 5B010000 		.4byte	0x15b
 474 00d6 07       		.uleb128 0x7
 475 00d7 13030000 		.4byte	.LASF21
 476 00db 01       		.byte	0x1
 477 00dc 22       		.byte	0x22
 478 00dd 81000000 		.4byte	0x81
 479 00e1 05       		.uleb128 0x5
 480 00e2 03       		.byte	0x3
 481 00e3 00000000 		.4byte	front_trigger_index.7353
 482 00e7 08       		.uleb128 0x8
 483 00e8 E7010000 		.4byte	.LASF18
 484 00ec 01       		.byte	0x1
 485 00ed 24       		.byte	0x24
 486 00ee 68000000 		.4byte	0x68
 487 00f2 F8000000 		.4byte	0xf8
 488 00f6 09       		.uleb128 0x9
 489 00f7 00       		.byte	0
 490 00f8 08       		.uleb128 0x8
 491 00f9 84000000 		.4byte	.LASF19
 492 00fd 01       		.byte	0x1
 493 00fe 27       		.byte	0x27
 494 00ff 68000000 		.4byte	0x68
 495 0103 09010000 		.4byte	0x109
 496 0107 09       		.uleb128 0x9
 497 0108 00       		.byte	0
 498 0109 0A       		.uleb128 0xa
 499 010a 0A000000 		.4byte	.LVL0
 500 010e 77040000 		.4byte	0x477
 501 0112 0B       		.uleb128 0xb
 502 0113 1A000000 		.4byte	.LVL1
 503 0117 88040000 		.4byte	0x488
 504 011b 25010000 		.4byte	0x125
 505 011f 0C       		.uleb128 0xc
 506 0120 01       		.uleb128 0x1
 507 0121 50       		.byte	0x50
 508 0122 01       		.uleb128 0x1
 509 0123 30       		.byte	0x30
 510 0124 00       		.byte	0
 511 0125 0B       		.uleb128 0xb
 512 0126 20000000 		.4byte	.LVL2
 513 012a 88040000 		.4byte	0x488
 514 012e 38010000 		.4byte	0x138
 515 0132 0C       		.uleb128 0xc
 516 0133 01       		.uleb128 0x1
 517 0134 50       		.byte	0x50
 518 0135 01       		.uleb128 0x1
 519 0136 33       		.byte	0x33
ARM GAS  C:\Users\Tim\AppData\Local\Temp\ccjT4BE5.s 			page 12


 520 0137 00       		.byte	0
 521 0138 0B       		.uleb128 0xb
 522 0139 26000000 		.4byte	.LVL3
 523 013d 99040000 		.4byte	0x499
 524 0141 4B010000 		.4byte	0x14b
 525 0145 0C       		.uleb128 0xc
 526 0146 01       		.uleb128 0x1
 527 0147 50       		.byte	0x50
 528 0148 01       		.uleb128 0x1
 529 0149 3A       		.byte	0x3a
 530 014a 00       		.byte	0
 531 014b 0D       		.uleb128 0xd
 532 014c 2C000000 		.4byte	.LVL4
 533 0150 88040000 		.4byte	0x488
 534 0154 0C       		.uleb128 0xc
 535 0155 01       		.uleb128 0x1
 536 0156 50       		.byte	0x50
 537 0157 01       		.uleb128 0x1
 538 0158 30       		.byte	0x30
 539 0159 00       		.byte	0
 540 015a 00       		.byte	0
 541 015b 0E       		.uleb128 0xe
 542 015c 9E010000 		.4byte	.LASF32
 543 0160 01       		.byte	0x1
 544 0161 3A       		.byte	0x3a
 545 0162 00000000 		.4byte	.LFB65
 546 0166 50000000 		.4byte	.LFE65-.LFB65
 547 016a 01       		.uleb128 0x1
 548 016b 9C       		.byte	0x9c
 549 016c 0B020000 		.4byte	0x20b
 550 0170 08       		.uleb128 0x8
 551 0171 81010000 		.4byte	.LASF20
 552 0175 01       		.byte	0x1
 553 0176 3C       		.byte	0x3c
 554 0177 68000000 		.4byte	0x68
 555 017b 81010000 		.4byte	0x181
 556 017f 09       		.uleb128 0x9
 557 0180 00       		.byte	0
 558 0181 0F       		.uleb128 0xf
 559 0182 C6030000 		.4byte	.LASF22
 560 0186 01       		.byte	0x1
 561 0187 3E       		.byte	0x3e
 562 0188 8D000000 		.4byte	0x8d
 563 018c 00000000 		.4byte	.LLST0
 564 0190 08       		.uleb128 0x8
 565 0191 B3010000 		.4byte	.LASF23
 566 0195 01       		.byte	0x1
 567 0196 3E       		.byte	0x3e
 568 0197 68000000 		.4byte	0x68
 569 019b A1010000 		.4byte	0x1a1
 570 019f 09       		.uleb128 0x9
 571 01a0 00       		.byte	0
 572 01a1 0F       		.uleb128 0xf
 573 01a2 40010000 		.4byte	.LASF24
 574 01a6 01       		.byte	0x1
 575 01a7 40       		.byte	0x40
 576 01a8 81000000 		.4byte	0x81
ARM GAS  C:\Users\Tim\AppData\Local\Temp\ccjT4BE5.s 			page 13


 577 01ac 1E000000 		.4byte	.LLST1
 578 01b0 08       		.uleb128 0x8
 579 01b1 40020000 		.4byte	.LASF25
 580 01b5 01       		.byte	0x1
 581 01b6 41       		.byte	0x41
 582 01b7 68000000 		.4byte	0x68
 583 01bb C1010000 		.4byte	0x1c1
 584 01bf 09       		.uleb128 0x9
 585 01c0 00       		.byte	0
 586 01c1 08       		.uleb128 0x8
 587 01c2 A8030000 		.4byte	.LASF26
 588 01c6 01       		.byte	0x1
 589 01c7 41       		.byte	0x41
 590 01c8 68000000 		.4byte	0x68
 591 01cc D2010000 		.4byte	0x1d2
 592 01d0 09       		.uleb128 0x9
 593 01d1 00       		.byte	0
 594 01d2 0A       		.uleb128 0xa
 595 01d3 06000000 		.4byte	.LVL5
 596 01d7 AA040000 		.4byte	0x4aa
 597 01db 0A       		.uleb128 0xa
 598 01dc 0A000000 		.4byte	.LVL6
 599 01e0 BB040000 		.4byte	0x4bb
 600 01e4 0A       		.uleb128 0xa
 601 01e5 40000000 		.4byte	.LVL11
 602 01e9 CC040000 		.4byte	0x4cc
 603 01ed 0B       		.uleb128 0xb
 604 01ee 46000000 		.4byte	.LVL12
 605 01f2 DD040000 		.4byte	0x4dd
 606 01f6 01020000 		.4byte	0x201
 607 01fa 0C       		.uleb128 0xc
 608 01fb 01       		.uleb128 0x1
 609 01fc 51       		.byte	0x51
 610 01fd 02       		.uleb128 0x2
 611 01fe 74       		.byte	0x74
 612 01ff 00       		.sleb128 0
 613 0200 00       		.byte	0
 614 0201 0A       		.uleb128 0xa
 615 0202 4A000000 		.4byte	.LVL13
 616 0206 C1000000 		.4byte	0xc1
 617 020a 00       		.byte	0
 618 020b 06       		.uleb128 0x6
 619 020c 2A040000 		.4byte	.LASF28
 620 0210 01       		.byte	0x1
 621 0211 2D       		.byte	0x2d
 622 0212 00000000 		.4byte	.LFB64
 623 0216 34000000 		.4byte	.LFE64-.LFB64
 624 021a 01       		.uleb128 0x1
 625 021b 9C       		.byte	0x9c
 626 021c A5020000 		.4byte	0x2a5
 627 0220 07       		.uleb128 0x7
 628 0221 CC030000 		.4byte	.LASF29
 629 0225 01       		.byte	0x1
 630 0226 2F       		.byte	0x2f
 631 0227 81000000 		.4byte	0x81
 632 022b 05       		.uleb128 0x5
 633 022c 03       		.byte	0x3
ARM GAS  C:\Users\Tim\AppData\Local\Temp\ccjT4BE5.s 			page 14


 634 022d 01000000 		.4byte	rear_trigger_index.7360
 635 0231 08       		.uleb128 0x8
 636 0232 EF030000 		.4byte	.LASF30
 637 0236 01       		.byte	0x1
 638 0237 31       		.byte	0x31
 639 0238 68000000 		.4byte	0x68
 640 023c 42020000 		.4byte	0x242
 641 0240 09       		.uleb128 0x9
 642 0241 00       		.byte	0
 643 0242 08       		.uleb128 0x8
 644 0243 5A000000 		.4byte	.LASF31
 645 0247 01       		.byte	0x1
 646 0248 34       		.byte	0x34
 647 0249 68000000 		.4byte	0x68
 648 024d 53020000 		.4byte	0x253
 649 0251 09       		.uleb128 0x9
 650 0252 00       		.byte	0
 651 0253 0A       		.uleb128 0xa
 652 0254 0A000000 		.4byte	.LVL15
 653 0258 EE040000 		.4byte	0x4ee
 654 025c 0B       		.uleb128 0xb
 655 025d 1A000000 		.4byte	.LVL16
 656 0261 FF040000 		.4byte	0x4ff
 657 0265 6F020000 		.4byte	0x26f
 658 0269 0C       		.uleb128 0xc
 659 026a 01       		.uleb128 0x1
 660 026b 50       		.byte	0x50
 661 026c 01       		.uleb128 0x1
 662 026d 30       		.byte	0x30
 663 026e 00       		.byte	0
 664 026f 0B       		.uleb128 0xb
 665 0270 20000000 		.4byte	.LVL17
 666 0274 FF040000 		.4byte	0x4ff
 667 0278 82020000 		.4byte	0x282
 668 027c 0C       		.uleb128 0xc
 669 027d 01       		.uleb128 0x1
 670 027e 50       		.byte	0x50
 671 027f 01       		.uleb128 0x1
 672 0280 33       		.byte	0x33
 673 0281 00       		.byte	0
 674 0282 0B       		.uleb128 0xb
 675 0283 26000000 		.4byte	.LVL18
 676 0287 99040000 		.4byte	0x499
 677 028b 95020000 		.4byte	0x295
 678 028f 0C       		.uleb128 0xc
 679 0290 01       		.uleb128 0x1
 680 0291 50       		.byte	0x50
 681 0292 01       		.uleb128 0x1
 682 0293 3A       		.byte	0x3a
 683 0294 00       		.byte	0
 684 0295 0D       		.uleb128 0xd
 685 0296 2C000000 		.4byte	.LVL19
 686 029a FF040000 		.4byte	0x4ff
 687 029e 0C       		.uleb128 0xc
 688 029f 01       		.uleb128 0x1
 689 02a0 50       		.byte	0x50
 690 02a1 01       		.uleb128 0x1
ARM GAS  C:\Users\Tim\AppData\Local\Temp\ccjT4BE5.s 			page 15


 691 02a2 30       		.byte	0x30
 692 02a3 00       		.byte	0
 693 02a4 00       		.byte	0
 694 02a5 0E       		.uleb128 0xe
 695 02a6 13020000 		.4byte	.LASF33
 696 02aa 01       		.byte	0x1
 697 02ab 45       		.byte	0x45
 698 02ac 00000000 		.4byte	.LFB66
 699 02b0 50000000 		.4byte	.LFE66-.LFB66
 700 02b4 01       		.uleb128 0x1
 701 02b5 9C       		.byte	0x9c
 702 02b6 55030000 		.4byte	0x355
 703 02ba 08       		.uleb128 0x8
 704 02bb F2000000 		.4byte	.LASF34
 705 02bf 01       		.byte	0x1
 706 02c0 47       		.byte	0x47
 707 02c1 68000000 		.4byte	0x68
 708 02c5 CB020000 		.4byte	0x2cb
 709 02c9 09       		.uleb128 0x9
 710 02ca 00       		.byte	0
 711 02cb 0F       		.uleb128 0xf
 712 02cc C6030000 		.4byte	.LASF22
 713 02d0 01       		.byte	0x1
 714 02d1 49       		.byte	0x49
 715 02d2 8D000000 		.4byte	0x8d
 716 02d6 31000000 		.4byte	.LLST2
 717 02da 08       		.uleb128 0x8
 718 02db 0E010000 		.4byte	.LASF35
 719 02df 01       		.byte	0x1
 720 02e0 49       		.byte	0x49
 721 02e1 68000000 		.4byte	0x68
 722 02e5 EB020000 		.4byte	0x2eb
 723 02e9 09       		.uleb128 0x9
 724 02ea 00       		.byte	0
 725 02eb 0F       		.uleb128 0xf
 726 02ec 40010000 		.4byte	.LASF24
 727 02f0 01       		.byte	0x1
 728 02f1 4B       		.byte	0x4b
 729 02f2 81000000 		.4byte	0x81
 730 02f6 4F000000 		.4byte	.LLST3
 731 02fa 08       		.uleb128 0x8
 732 02fb 3E030000 		.4byte	.LASF36
 733 02ff 01       		.byte	0x1
 734 0300 4C       		.byte	0x4c
 735 0301 68000000 		.4byte	0x68
 736 0305 0B030000 		.4byte	0x30b
 737 0309 09       		.uleb128 0x9
 738 030a 00       		.byte	0
 739 030b 08       		.uleb128 0x8
 740 030c 67030000 		.4byte	.LASF37
 741 0310 01       		.byte	0x1
 742 0311 4C       		.byte	0x4c
 743 0312 68000000 		.4byte	0x68
 744 0316 1C030000 		.4byte	0x31c
 745 031a 09       		.uleb128 0x9
 746 031b 00       		.byte	0
 747 031c 0A       		.uleb128 0xa
ARM GAS  C:\Users\Tim\AppData\Local\Temp\ccjT4BE5.s 			page 16


 748 031d 06000000 		.4byte	.LVL20
 749 0321 10050000 		.4byte	0x510
 750 0325 0A       		.uleb128 0xa
 751 0326 0A000000 		.4byte	.LVL21
 752 032a 21050000 		.4byte	0x521
 753 032e 0A       		.uleb128 0xa
 754 032f 40000000 		.4byte	.LVL26
 755 0333 32050000 		.4byte	0x532
 756 0337 0B       		.uleb128 0xb
 757 0338 46000000 		.4byte	.LVL27
 758 033c 43050000 		.4byte	0x543
 759 0340 4B030000 		.4byte	0x34b
 760 0344 0C       		.uleb128 0xc
 761 0345 01       		.uleb128 0x1
 762 0346 51       		.byte	0x51
 763 0347 02       		.uleb128 0x2
 764 0348 74       		.byte	0x74
 765 0349 00       		.sleb128 0
 766 034a 00       		.byte	0
 767 034b 0A       		.uleb128 0xa
 768 034c 4A000000 		.4byte	.LVL28
 769 0350 0B020000 		.4byte	0x20b
 770 0354 00       		.byte	0
 771 0355 10       		.uleb128 0x10
 772 0356 00000000 		.4byte	.LASF42
 773 035a 01       		.byte	0x1
 774 035b 50       		.byte	0x50
 775 035c 00000000 		.4byte	.LFB67
 776 0360 02000000 		.4byte	.LFE67-.LFB67
 777 0364 01       		.uleb128 0x1
 778 0365 9C       		.byte	0x9c
 779 0366 11       		.uleb128 0x11
 780 0367 AF000000 		.4byte	.LASF52
 781 036b 01       		.byte	0x1
 782 036c 54       		.byte	0x54
 783 036d 00000000 		.4byte	.LFB68
 784 0371 28000000 		.4byte	.LFE68-.LFB68
 785 0375 01       		.uleb128 0x1
 786 0376 9C       		.byte	0x9c
 787 0377 12040000 		.4byte	0x412
 788 037b 08       		.uleb128 0x8
 789 037c 69010000 		.4byte	.LASF38
 790 0380 01       		.byte	0x1
 791 0381 56       		.byte	0x56
 792 0382 68000000 		.4byte	0x68
 793 0386 8C030000 		.4byte	0x38c
 794 038a 09       		.uleb128 0x9
 795 038b 00       		.byte	0
 796 038c 08       		.uleb128 0x8
 797 038d 39000000 		.4byte	.LASF39
 798 0391 01       		.byte	0x1
 799 0392 57       		.byte	0x57
 800 0393 68000000 		.4byte	0x68
 801 0397 9D030000 		.4byte	0x39d
 802 039b 09       		.uleb128 0x9
 803 039c 00       		.byte	0
 804 039d 08       		.uleb128 0x8
ARM GAS  C:\Users\Tim\AppData\Local\Temp\ccjT4BE5.s 			page 17


 805 039e D0010000 		.4byte	.LASF40
 806 03a2 01       		.byte	0x1
 807 03a3 59       		.byte	0x59
 808 03a4 68000000 		.4byte	0x68
 809 03a8 AE030000 		.4byte	0x3ae
 810 03ac 09       		.uleb128 0x9
 811 03ad 00       		.byte	0
 812 03ae 08       		.uleb128 0x8
 813 03af 2A010000 		.4byte	.LASF41
 814 03b3 01       		.byte	0x1
 815 03b4 5A       		.byte	0x5a
 816 03b5 68000000 		.4byte	0x68
 817 03b9 BF030000 		.4byte	0x3bf
 818 03bd 09       		.uleb128 0x9
 819 03be 00       		.byte	0
 820 03bf 0B       		.uleb128 0xb
 821 03c0 08000000 		.4byte	.LVL30
 822 03c4 54050000 		.4byte	0x554
 823 03c8 D6030000 		.4byte	0x3d6
 824 03cc 0C       		.uleb128 0xc
 825 03cd 01       		.uleb128 0x1
 826 03ce 50       		.byte	0x50
 827 03cf 05       		.uleb128 0x5
 828 03d0 03       		.byte	0x3
 829 03d1 00000000 		.4byte	Front_Echo_Interrupt
 830 03d5 00       		.byte	0
 831 03d6 0B       		.uleb128 0xb
 832 03d7 0E000000 		.4byte	.LVL31
 833 03db 65050000 		.4byte	0x565
 834 03df ED030000 		.4byte	0x3ed
 835 03e3 0C       		.uleb128 0xc
 836 03e4 01       		.uleb128 0x1
 837 03e5 50       		.byte	0x50
 838 03e6 05       		.uleb128 0x5
 839 03e7 03       		.byte	0x3
 840 03e8 00000000 		.4byte	Rear_Echo_Interrupt
 841 03ec 00       		.byte	0
 842 03ed 0A       		.uleb128 0xa
 843 03ee 12000000 		.4byte	.LVL32
 844 03f2 76050000 		.4byte	0x576
 845 03f6 0A       		.uleb128 0xa
 846 03f7 16000000 		.4byte	.LVL33
 847 03fb 87050000 		.4byte	0x587
 848 03ff 0A       		.uleb128 0xa
 849 0400 1A000000 		.4byte	.LVL34
 850 0404 C1000000 		.4byte	0xc1
 851 0408 0A       		.uleb128 0xa
 852 0409 1E000000 		.4byte	.LVL35
 853 040d 0B020000 		.4byte	0x20b
 854 0411 00       		.byte	0
 855 0412 10       		.uleb128 0x10
 856 0413 10000000 		.4byte	.LASF43
 857 0417 01       		.byte	0x1
 858 0418 60       		.byte	0x60
 859 0419 00000000 		.4byte	.LFB69
 860 041d 02000000 		.4byte	.LFE69-.LFB69
 861 0421 01       		.uleb128 0x1
ARM GAS  C:\Users\Tim\AppData\Local\Temp\ccjT4BE5.s 			page 18


 862 0422 9C       		.byte	0x9c
 863 0423 10       		.uleb128 0x10
 864 0424 61020000 		.4byte	.LASF44
 865 0428 01       		.byte	0x1
 866 0429 64       		.byte	0x64
 867 042a 00000000 		.4byte	.LFB70
 868 042e 02000000 		.4byte	.LFE70-.LFB70
 869 0432 01       		.uleb128 0x1
 870 0433 9C       		.byte	0x9c
 871 0434 12       		.uleb128 0x12
 872 0435 06020000 		.4byte	.LASF45
 873 0439 05       		.byte	0x5
 874 043a 5506     		.2byte	0x655
 875 043c 40040000 		.4byte	0x440
 876 0440 13       		.uleb128 0x13
 877 0441 76000000 		.4byte	0x76
 878 0445 14       		.uleb128 0x14
 879 0446 0D040000 		.4byte	.LASF46
 880 044a 06       		.byte	0x6
 881 044b 32       		.byte	0x32
 882 044c 8D000000 		.4byte	0x8d
 883 0450 05       		.uleb128 0x5
 884 0451 03       		.byte	0x3
 885 0452 00000000 		.4byte	debug_control_enabled
 886 0456 15       		.uleb128 0x15
 887 0457 B3000000 		.4byte	0xb3
 888 045b 66040000 		.4byte	0x466
 889 045f 16       		.uleb128 0x16
 890 0460 BA000000 		.4byte	0xba
 891 0464 FF       		.byte	0xff
 892 0465 00       		.byte	0
 893 0466 14       		.uleb128 0x14
 894 0467 44040000 		.4byte	.LASF47
 895 046b 06       		.byte	0x6
 896 046c 33       		.byte	0x33
 897 046d 56040000 		.4byte	0x456
 898 0471 05       		.uleb128 0x5
 899 0472 03       		.byte	0x3
 900 0473 00000000 		.4byte	formatted_string
 901 0477 08       		.uleb128 0x8
 902 0478 E7010000 		.4byte	.LASF18
 903 047c 01       		.byte	0x1
 904 047d 24       		.byte	0x24
 905 047e 68000000 		.4byte	0x68
 906 0482 88040000 		.4byte	0x488
 907 0486 09       		.uleb128 0x9
 908 0487 00       		.byte	0
 909 0488 08       		.uleb128 0x8
 910 0489 84000000 		.4byte	.LASF19
 911 048d 01       		.byte	0x1
 912 048e 27       		.byte	0x27
 913 048f 68000000 		.4byte	0x68
 914 0493 99040000 		.4byte	0x499
 915 0497 09       		.uleb128 0x9
 916 0498 00       		.byte	0
 917 0499 17       		.uleb128 0x17
 918 049a 3C040000 		.4byte	.LASF48
ARM GAS  C:\Users\Tim\AppData\Local\Temp\ccjT4BE5.s 			page 19


 919 049e 07       		.byte	0x7
 920 049f 77       		.byte	0x77
 921 04a0 AA040000 		.4byte	0x4aa
 922 04a4 18       		.uleb128 0x18
 923 04a5 99000000 		.4byte	0x99
 924 04a9 00       		.byte	0
 925 04aa 08       		.uleb128 0x8
 926 04ab 81010000 		.4byte	.LASF20
 927 04af 01       		.byte	0x1
 928 04b0 3C       		.byte	0x3c
 929 04b1 68000000 		.4byte	0x68
 930 04b5 BB040000 		.4byte	0x4bb
 931 04b9 09       		.uleb128 0x9
 932 04ba 00       		.byte	0
 933 04bb 08       		.uleb128 0x8
 934 04bc B3010000 		.4byte	.LASF23
 935 04c0 01       		.byte	0x1
 936 04c1 3E       		.byte	0x3e
 937 04c2 68000000 		.4byte	0x68
 938 04c6 CC040000 		.4byte	0x4cc
 939 04ca 09       		.uleb128 0x9
 940 04cb 00       		.byte	0
 941 04cc 08       		.uleb128 0x8
 942 04cd A8030000 		.4byte	.LASF26
 943 04d1 01       		.byte	0x1
 944 04d2 41       		.byte	0x41
 945 04d3 68000000 		.4byte	0x68
 946 04d7 DD040000 		.4byte	0x4dd
 947 04db 09       		.uleb128 0x9
 948 04dc 00       		.byte	0
 949 04dd 08       		.uleb128 0x8
 950 04de 40020000 		.4byte	.LASF25
 951 04e2 01       		.byte	0x1
 952 04e3 41       		.byte	0x41
 953 04e4 68000000 		.4byte	0x68
 954 04e8 EE040000 		.4byte	0x4ee
 955 04ec 09       		.uleb128 0x9
 956 04ed 00       		.byte	0
 957 04ee 08       		.uleb128 0x8
 958 04ef EF030000 		.4byte	.LASF30
 959 04f3 01       		.byte	0x1
 960 04f4 31       		.byte	0x31
 961 04f5 68000000 		.4byte	0x68
 962 04f9 FF040000 		.4byte	0x4ff
 963 04fd 09       		.uleb128 0x9
 964 04fe 00       		.byte	0
 965 04ff 08       		.uleb128 0x8
 966 0500 5A000000 		.4byte	.LASF31
 967 0504 01       		.byte	0x1
 968 0505 34       		.byte	0x34
 969 0506 68000000 		.4byte	0x68
 970 050a 10050000 		.4byte	0x510
 971 050e 09       		.uleb128 0x9
 972 050f 00       		.byte	0
 973 0510 08       		.uleb128 0x8
 974 0511 F2000000 		.4byte	.LASF34
 975 0515 01       		.byte	0x1
ARM GAS  C:\Users\Tim\AppData\Local\Temp\ccjT4BE5.s 			page 20


 976 0516 47       		.byte	0x47
 977 0517 68000000 		.4byte	0x68
 978 051b 21050000 		.4byte	0x521
 979 051f 09       		.uleb128 0x9
 980 0520 00       		.byte	0
 981 0521 08       		.uleb128 0x8
 982 0522 0E010000 		.4byte	.LASF35
 983 0526 01       		.byte	0x1
 984 0527 49       		.byte	0x49
 985 0528 68000000 		.4byte	0x68
 986 052c 32050000 		.4byte	0x532
 987 0530 09       		.uleb128 0x9
 988 0531 00       		.byte	0
 989 0532 08       		.uleb128 0x8
 990 0533 67030000 		.4byte	.LASF37
 991 0537 01       		.byte	0x1
 992 0538 4C       		.byte	0x4c
 993 0539 68000000 		.4byte	0x68
 994 053d 43050000 		.4byte	0x543
 995 0541 09       		.uleb128 0x9
 996 0542 00       		.byte	0
 997 0543 08       		.uleb128 0x8
 998 0544 3E030000 		.4byte	.LASF36
 999 0548 01       		.byte	0x1
 1000 0549 4C       		.byte	0x4c
 1001 054a 68000000 		.4byte	0x68
 1002 054e 54050000 		.4byte	0x554
 1003 0552 09       		.uleb128 0x9
 1004 0553 00       		.byte	0
 1005 0554 08       		.uleb128 0x8
 1006 0555 69010000 		.4byte	.LASF38
 1007 0559 01       		.byte	0x1
 1008 055a 56       		.byte	0x56
 1009 055b 68000000 		.4byte	0x68
 1010 055f 65050000 		.4byte	0x565
 1011 0563 09       		.uleb128 0x9
 1012 0564 00       		.byte	0
 1013 0565 08       		.uleb128 0x8
 1014 0566 39000000 		.4byte	.LASF39
 1015 056a 01       		.byte	0x1
 1016 056b 57       		.byte	0x57
 1017 056c 68000000 		.4byte	0x68
 1018 0570 76050000 		.4byte	0x576
 1019 0574 09       		.uleb128 0x9
 1020 0575 00       		.byte	0
 1021 0576 08       		.uleb128 0x8
 1022 0577 D0010000 		.4byte	.LASF40
 1023 057b 01       		.byte	0x1
 1024 057c 59       		.byte	0x59
 1025 057d 68000000 		.4byte	0x68
 1026 0581 87050000 		.4byte	0x587
 1027 0585 09       		.uleb128 0x9
 1028 0586 00       		.byte	0
 1029 0587 19       		.uleb128 0x19
 1030 0588 2A010000 		.4byte	.LASF41
 1031 058c 01       		.byte	0x1
 1032 058d 5A       		.byte	0x5a
ARM GAS  C:\Users\Tim\AppData\Local\Temp\ccjT4BE5.s 			page 21


 1033 058e 68000000 		.4byte	0x68
 1034 0592 09       		.uleb128 0x9
 1035 0593 00       		.byte	0
 1036 0594 00       		.byte	0
 1037              		.section	.debug_abbrev,"",%progbits
 1038              	.Ldebug_abbrev0:
 1039 0000 01       		.uleb128 0x1
 1040 0001 11       		.uleb128 0x11
 1041 0002 01       		.byte	0x1
 1042 0003 25       		.uleb128 0x25
 1043 0004 0E       		.uleb128 0xe
 1044 0005 13       		.uleb128 0x13
 1045 0006 0B       		.uleb128 0xb
 1046 0007 03       		.uleb128 0x3
 1047 0008 0E       		.uleb128 0xe
 1048 0009 1B       		.uleb128 0x1b
 1049 000a 0E       		.uleb128 0xe
 1050 000b 55       		.uleb128 0x55
 1051 000c 17       		.uleb128 0x17
 1052 000d 11       		.uleb128 0x11
 1053 000e 01       		.uleb128 0x1
 1054 000f 10       		.uleb128 0x10
 1055 0010 17       		.uleb128 0x17
 1056 0011 00       		.byte	0
 1057 0012 00       		.byte	0
 1058 0013 02       		.uleb128 0x2
 1059 0014 24       		.uleb128 0x24
 1060 0015 00       		.byte	0
 1061 0016 0B       		.uleb128 0xb
 1062 0017 0B       		.uleb128 0xb
 1063 0018 3E       		.uleb128 0x3e
 1064 0019 0B       		.uleb128 0xb
 1065 001a 03       		.uleb128 0x3
 1066 001b 0E       		.uleb128 0xe
 1067 001c 00       		.byte	0
 1068 001d 00       		.byte	0
 1069 001e 03       		.uleb128 0x3
 1070 001f 16       		.uleb128 0x16
 1071 0020 00       		.byte	0
 1072 0021 03       		.uleb128 0x3
 1073 0022 0E       		.uleb128 0xe
 1074 0023 3A       		.uleb128 0x3a
 1075 0024 0B       		.uleb128 0xb
 1076 0025 3B       		.uleb128 0x3b
 1077 0026 0B       		.uleb128 0xb
 1078 0027 49       		.uleb128 0x49
 1079 0028 13       		.uleb128 0x13
 1080 0029 00       		.byte	0
 1081 002a 00       		.byte	0
 1082 002b 04       		.uleb128 0x4
 1083 002c 24       		.uleb128 0x24
 1084 002d 00       		.byte	0
 1085 002e 0B       		.uleb128 0xb
 1086 002f 0B       		.uleb128 0xb
 1087 0030 3E       		.uleb128 0x3e
 1088 0031 0B       		.uleb128 0xb
 1089 0032 03       		.uleb128 0x3
ARM GAS  C:\Users\Tim\AppData\Local\Temp\ccjT4BE5.s 			page 22


 1090 0033 08       		.uleb128 0x8
 1091 0034 00       		.byte	0
 1092 0035 00       		.byte	0
 1093 0036 05       		.uleb128 0x5
 1094 0037 16       		.uleb128 0x16
 1095 0038 00       		.byte	0
 1096 0039 03       		.uleb128 0x3
 1097 003a 0E       		.uleb128 0xe
 1098 003b 3A       		.uleb128 0x3a
 1099 003c 0B       		.uleb128 0xb
 1100 003d 3B       		.uleb128 0x3b
 1101 003e 05       		.uleb128 0x5
 1102 003f 49       		.uleb128 0x49
 1103 0040 13       		.uleb128 0x13
 1104 0041 00       		.byte	0
 1105 0042 00       		.byte	0
 1106 0043 06       		.uleb128 0x6
 1107 0044 2E       		.uleb128 0x2e
 1108 0045 01       		.byte	0x1
 1109 0046 03       		.uleb128 0x3
 1110 0047 0E       		.uleb128 0xe
 1111 0048 3A       		.uleb128 0x3a
 1112 0049 0B       		.uleb128 0xb
 1113 004a 3B       		.uleb128 0x3b
 1114 004b 0B       		.uleb128 0xb
 1115 004c 11       		.uleb128 0x11
 1116 004d 01       		.uleb128 0x1
 1117 004e 12       		.uleb128 0x12
 1118 004f 06       		.uleb128 0x6
 1119 0050 40       		.uleb128 0x40
 1120 0051 18       		.uleb128 0x18
 1121 0052 9742     		.uleb128 0x2117
 1122 0054 19       		.uleb128 0x19
 1123 0055 01       		.uleb128 0x1
 1124 0056 13       		.uleb128 0x13
 1125 0057 00       		.byte	0
 1126 0058 00       		.byte	0
 1127 0059 07       		.uleb128 0x7
 1128 005a 34       		.uleb128 0x34
 1129 005b 00       		.byte	0
 1130 005c 03       		.uleb128 0x3
 1131 005d 0E       		.uleb128 0xe
 1132 005e 3A       		.uleb128 0x3a
 1133 005f 0B       		.uleb128 0xb
 1134 0060 3B       		.uleb128 0x3b
 1135 0061 0B       		.uleb128 0xb
 1136 0062 49       		.uleb128 0x49
 1137 0063 13       		.uleb128 0x13
 1138 0064 02       		.uleb128 0x2
 1139 0065 18       		.uleb128 0x18
 1140 0066 00       		.byte	0
 1141 0067 00       		.byte	0
 1142 0068 08       		.uleb128 0x8
 1143 0069 2E       		.uleb128 0x2e
 1144 006a 01       		.byte	0x1
 1145 006b 3F       		.uleb128 0x3f
 1146 006c 19       		.uleb128 0x19
ARM GAS  C:\Users\Tim\AppData\Local\Temp\ccjT4BE5.s 			page 23


 1147 006d 03       		.uleb128 0x3
 1148 006e 0E       		.uleb128 0xe
 1149 006f 3A       		.uleb128 0x3a
 1150 0070 0B       		.uleb128 0xb
 1151 0071 3B       		.uleb128 0x3b
 1152 0072 0B       		.uleb128 0xb
 1153 0073 49       		.uleb128 0x49
 1154 0074 13       		.uleb128 0x13
 1155 0075 3C       		.uleb128 0x3c
 1156 0076 19       		.uleb128 0x19
 1157 0077 01       		.uleb128 0x1
 1158 0078 13       		.uleb128 0x13
 1159 0079 00       		.byte	0
 1160 007a 00       		.byte	0
 1161 007b 09       		.uleb128 0x9
 1162 007c 18       		.uleb128 0x18
 1163 007d 00       		.byte	0
 1164 007e 00       		.byte	0
 1165 007f 00       		.byte	0
 1166 0080 0A       		.uleb128 0xa
 1167 0081 898201   		.uleb128 0x4109
 1168 0084 00       		.byte	0
 1169 0085 11       		.uleb128 0x11
 1170 0086 01       		.uleb128 0x1
 1171 0087 31       		.uleb128 0x31
 1172 0088 13       		.uleb128 0x13
 1173 0089 00       		.byte	0
 1174 008a 00       		.byte	0
 1175 008b 0B       		.uleb128 0xb
 1176 008c 898201   		.uleb128 0x4109
 1177 008f 01       		.byte	0x1
 1178 0090 11       		.uleb128 0x11
 1179 0091 01       		.uleb128 0x1
 1180 0092 31       		.uleb128 0x31
 1181 0093 13       		.uleb128 0x13
 1182 0094 01       		.uleb128 0x1
 1183 0095 13       		.uleb128 0x13
 1184 0096 00       		.byte	0
 1185 0097 00       		.byte	0
 1186 0098 0C       		.uleb128 0xc
 1187 0099 8A8201   		.uleb128 0x410a
 1188 009c 00       		.byte	0
 1189 009d 02       		.uleb128 0x2
 1190 009e 18       		.uleb128 0x18
 1191 009f 9142     		.uleb128 0x2111
 1192 00a1 18       		.uleb128 0x18
 1193 00a2 00       		.byte	0
 1194 00a3 00       		.byte	0
 1195 00a4 0D       		.uleb128 0xd
 1196 00a5 898201   		.uleb128 0x4109
 1197 00a8 01       		.byte	0x1
 1198 00a9 11       		.uleb128 0x11
 1199 00aa 01       		.uleb128 0x1
 1200 00ab 31       		.uleb128 0x31
 1201 00ac 13       		.uleb128 0x13
 1202 00ad 00       		.byte	0
 1203 00ae 00       		.byte	0
ARM GAS  C:\Users\Tim\AppData\Local\Temp\ccjT4BE5.s 			page 24


 1204 00af 0E       		.uleb128 0xe
 1205 00b0 2E       		.uleb128 0x2e
 1206 00b1 01       		.byte	0x1
 1207 00b2 03       		.uleb128 0x3
 1208 00b3 0E       		.uleb128 0xe
 1209 00b4 3A       		.uleb128 0x3a
 1210 00b5 0B       		.uleb128 0xb
 1211 00b6 3B       		.uleb128 0x3b
 1212 00b7 0B       		.uleb128 0xb
 1213 00b8 27       		.uleb128 0x27
 1214 00b9 19       		.uleb128 0x19
 1215 00ba 11       		.uleb128 0x11
 1216 00bb 01       		.uleb128 0x1
 1217 00bc 12       		.uleb128 0x12
 1218 00bd 06       		.uleb128 0x6
 1219 00be 40       		.uleb128 0x40
 1220 00bf 18       		.uleb128 0x18
 1221 00c0 9742     		.uleb128 0x2117
 1222 00c2 19       		.uleb128 0x19
 1223 00c3 01       		.uleb128 0x1
 1224 00c4 13       		.uleb128 0x13
 1225 00c5 00       		.byte	0
 1226 00c6 00       		.byte	0
 1227 00c7 0F       		.uleb128 0xf
 1228 00c8 34       		.uleb128 0x34
 1229 00c9 00       		.byte	0
 1230 00ca 03       		.uleb128 0x3
 1231 00cb 0E       		.uleb128 0xe
 1232 00cc 3A       		.uleb128 0x3a
 1233 00cd 0B       		.uleb128 0xb
 1234 00ce 3B       		.uleb128 0x3b
 1235 00cf 0B       		.uleb128 0xb
 1236 00d0 49       		.uleb128 0x49
 1237 00d1 13       		.uleb128 0x13
 1238 00d2 02       		.uleb128 0x2
 1239 00d3 17       		.uleb128 0x17
 1240 00d4 00       		.byte	0
 1241 00d5 00       		.byte	0
 1242 00d6 10       		.uleb128 0x10
 1243 00d7 2E       		.uleb128 0x2e
 1244 00d8 00       		.byte	0
 1245 00d9 3F       		.uleb128 0x3f
 1246 00da 19       		.uleb128 0x19
 1247 00db 03       		.uleb128 0x3
 1248 00dc 0E       		.uleb128 0xe
 1249 00dd 3A       		.uleb128 0x3a
 1250 00de 0B       		.uleb128 0xb
 1251 00df 3B       		.uleb128 0x3b
 1252 00e0 0B       		.uleb128 0xb
 1253 00e1 11       		.uleb128 0x11
 1254 00e2 01       		.uleb128 0x1
 1255 00e3 12       		.uleb128 0x12
 1256 00e4 06       		.uleb128 0x6
 1257 00e5 40       		.uleb128 0x40
 1258 00e6 18       		.uleb128 0x18
 1259 00e7 9742     		.uleb128 0x2117
 1260 00e9 19       		.uleb128 0x19
ARM GAS  C:\Users\Tim\AppData\Local\Temp\ccjT4BE5.s 			page 25


 1261 00ea 00       		.byte	0
 1262 00eb 00       		.byte	0
 1263 00ec 11       		.uleb128 0x11
 1264 00ed 2E       		.uleb128 0x2e
 1265 00ee 01       		.byte	0x1
 1266 00ef 3F       		.uleb128 0x3f
 1267 00f0 19       		.uleb128 0x19
 1268 00f1 03       		.uleb128 0x3
 1269 00f2 0E       		.uleb128 0xe
 1270 00f3 3A       		.uleb128 0x3a
 1271 00f4 0B       		.uleb128 0xb
 1272 00f5 3B       		.uleb128 0x3b
 1273 00f6 0B       		.uleb128 0xb
 1274 00f7 11       		.uleb128 0x11
 1275 00f8 01       		.uleb128 0x1
 1276 00f9 12       		.uleb128 0x12
 1277 00fa 06       		.uleb128 0x6
 1278 00fb 40       		.uleb128 0x40
 1279 00fc 18       		.uleb128 0x18
 1280 00fd 9742     		.uleb128 0x2117
 1281 00ff 19       		.uleb128 0x19
 1282 0100 01       		.uleb128 0x1
 1283 0101 13       		.uleb128 0x13
 1284 0102 00       		.byte	0
 1285 0103 00       		.byte	0
 1286 0104 12       		.uleb128 0x12
 1287 0105 34       		.uleb128 0x34
 1288 0106 00       		.byte	0
 1289 0107 03       		.uleb128 0x3
 1290 0108 0E       		.uleb128 0xe
 1291 0109 3A       		.uleb128 0x3a
 1292 010a 0B       		.uleb128 0xb
 1293 010b 3B       		.uleb128 0x3b
 1294 010c 05       		.uleb128 0x5
 1295 010d 49       		.uleb128 0x49
 1296 010e 13       		.uleb128 0x13
 1297 010f 3F       		.uleb128 0x3f
 1298 0110 19       		.uleb128 0x19
 1299 0111 3C       		.uleb128 0x3c
 1300 0112 19       		.uleb128 0x19
 1301 0113 00       		.byte	0
 1302 0114 00       		.byte	0
 1303 0115 13       		.uleb128 0x13
 1304 0116 35       		.uleb128 0x35
 1305 0117 00       		.byte	0
 1306 0118 49       		.uleb128 0x49
 1307 0119 13       		.uleb128 0x13
 1308 011a 00       		.byte	0
 1309 011b 00       		.byte	0
 1310 011c 14       		.uleb128 0x14
 1311 011d 34       		.uleb128 0x34
 1312 011e 00       		.byte	0
 1313 011f 03       		.uleb128 0x3
 1314 0120 0E       		.uleb128 0xe
 1315 0121 3A       		.uleb128 0x3a
 1316 0122 0B       		.uleb128 0xb
 1317 0123 3B       		.uleb128 0x3b
ARM GAS  C:\Users\Tim\AppData\Local\Temp\ccjT4BE5.s 			page 26


 1318 0124 0B       		.uleb128 0xb
 1319 0125 49       		.uleb128 0x49
 1320 0126 13       		.uleb128 0x13
 1321 0127 3F       		.uleb128 0x3f
 1322 0128 19       		.uleb128 0x19
 1323 0129 02       		.uleb128 0x2
 1324 012a 18       		.uleb128 0x18
 1325 012b 00       		.byte	0
 1326 012c 00       		.byte	0
 1327 012d 15       		.uleb128 0x15
 1328 012e 01       		.uleb128 0x1
 1329 012f 01       		.byte	0x1
 1330 0130 49       		.uleb128 0x49
 1331 0131 13       		.uleb128 0x13
 1332 0132 01       		.uleb128 0x1
 1333 0133 13       		.uleb128 0x13
 1334 0134 00       		.byte	0
 1335 0135 00       		.byte	0
 1336 0136 16       		.uleb128 0x16
 1337 0137 21       		.uleb128 0x21
 1338 0138 00       		.byte	0
 1339 0139 49       		.uleb128 0x49
 1340 013a 13       		.uleb128 0x13
 1341 013b 2F       		.uleb128 0x2f
 1342 013c 0B       		.uleb128 0xb
 1343 013d 00       		.byte	0
 1344 013e 00       		.byte	0
 1345 013f 17       		.uleb128 0x17
 1346 0140 2E       		.uleb128 0x2e
 1347 0141 01       		.byte	0x1
 1348 0142 3F       		.uleb128 0x3f
 1349 0143 19       		.uleb128 0x19
 1350 0144 03       		.uleb128 0x3
 1351 0145 0E       		.uleb128 0xe
 1352 0146 3A       		.uleb128 0x3a
 1353 0147 0B       		.uleb128 0xb
 1354 0148 3B       		.uleb128 0x3b
 1355 0149 0B       		.uleb128 0xb
 1356 014a 27       		.uleb128 0x27
 1357 014b 19       		.uleb128 0x19
 1358 014c 3C       		.uleb128 0x3c
 1359 014d 19       		.uleb128 0x19
 1360 014e 01       		.uleb128 0x1
 1361 014f 13       		.uleb128 0x13
 1362 0150 00       		.byte	0
 1363 0151 00       		.byte	0
 1364 0152 18       		.uleb128 0x18
 1365 0153 05       		.uleb128 0x5
 1366 0154 00       		.byte	0
 1367 0155 49       		.uleb128 0x49
 1368 0156 13       		.uleb128 0x13
 1369 0157 00       		.byte	0
 1370 0158 00       		.byte	0
 1371 0159 19       		.uleb128 0x19
 1372 015a 2E       		.uleb128 0x2e
 1373 015b 01       		.byte	0x1
 1374 015c 3F       		.uleb128 0x3f
ARM GAS  C:\Users\Tim\AppData\Local\Temp\ccjT4BE5.s 			page 27


 1375 015d 19       		.uleb128 0x19
 1376 015e 03       		.uleb128 0x3
 1377 015f 0E       		.uleb128 0xe
 1378 0160 3A       		.uleb128 0x3a
 1379 0161 0B       		.uleb128 0xb
 1380 0162 3B       		.uleb128 0x3b
 1381 0163 0B       		.uleb128 0xb
 1382 0164 49       		.uleb128 0x49
 1383 0165 13       		.uleb128 0x13
 1384 0166 3C       		.uleb128 0x3c
 1385 0167 19       		.uleb128 0x19
 1386 0168 00       		.byte	0
 1387 0169 00       		.byte	0
 1388 016a 00       		.byte	0
 1389              		.section	.debug_loc,"",%progbits
 1390              	.Ldebug_loc0:
 1391              	.LLST0:
 1392 0000 14000000 		.4byte	.LVL7
 1393 0004 32000000 		.4byte	.LVL8
 1394 0008 0100     		.2byte	0x1
 1395 000a 54       		.byte	0x54
 1396 000b 32000000 		.4byte	.LVL8
 1397 000f 38000000 		.4byte	.LVL9
 1398 0013 0100     		.2byte	0x1
 1399 0015 53       		.byte	0x53
 1400 0016 00000000 		.4byte	0
 1401 001a 00000000 		.4byte	0
 1402              	.LLST1:
 1403 001e 3C000000 		.4byte	.LVL10
 1404 0022 4C000000 		.4byte	.LVL14
 1405 0026 0100     		.2byte	0x1
 1406 0028 54       		.byte	0x54
 1407 0029 00000000 		.4byte	0
 1408 002d 00000000 		.4byte	0
 1409              	.LLST2:
 1410 0031 14000000 		.4byte	.LVL22
 1411 0035 32000000 		.4byte	.LVL23
 1412 0039 0100     		.2byte	0x1
 1413 003b 54       		.byte	0x54
 1414 003c 32000000 		.4byte	.LVL23
 1415 0040 38000000 		.4byte	.LVL24
 1416 0044 0100     		.2byte	0x1
 1417 0046 53       		.byte	0x53
 1418 0047 00000000 		.4byte	0
 1419 004b 00000000 		.4byte	0
 1420              	.LLST3:
 1421 004f 3C000000 		.4byte	.LVL25
 1422 0053 4C000000 		.4byte	.LVL29
 1423 0057 0100     		.2byte	0x1
 1424 0059 54       		.byte	0x54
 1425 005a 00000000 		.4byte	0
 1426 005e 00000000 		.4byte	0
 1427              		.section	.debug_aranges,"",%progbits
 1428 0000 54000000 		.4byte	0x54
 1429 0004 0200     		.2byte	0x2
 1430 0006 00000000 		.4byte	.Ldebug_info0
 1431 000a 04       		.byte	0x4
ARM GAS  C:\Users\Tim\AppData\Local\Temp\ccjT4BE5.s 			page 28


 1432 000b 00       		.byte	0
 1433 000c 0000     		.2byte	0
 1434 000e 0000     		.2byte	0
 1435 0010 00000000 		.4byte	.LFB63
 1436 0014 34000000 		.4byte	.LFE63-.LFB63
 1437 0018 00000000 		.4byte	.LFB65
 1438 001c 50000000 		.4byte	.LFE65-.LFB65
 1439 0020 00000000 		.4byte	.LFB64
 1440 0024 34000000 		.4byte	.LFE64-.LFB64
 1441 0028 00000000 		.4byte	.LFB66
 1442 002c 50000000 		.4byte	.LFE66-.LFB66
 1443 0030 00000000 		.4byte	.LFB67
 1444 0034 02000000 		.4byte	.LFE67-.LFB67
 1445 0038 00000000 		.4byte	.LFB68
 1446 003c 28000000 		.4byte	.LFE68-.LFB68
 1447 0040 00000000 		.4byte	.LFB69
 1448 0044 02000000 		.4byte	.LFE69-.LFB69
 1449 0048 00000000 		.4byte	.LFB70
 1450 004c 02000000 		.4byte	.LFE70-.LFB70
 1451 0050 00000000 		.4byte	0
 1452 0054 00000000 		.4byte	0
 1453              		.section	.debug_ranges,"",%progbits
 1454              	.Ldebug_ranges0:
 1455 0000 00000000 		.4byte	.LFB63
 1456 0004 34000000 		.4byte	.LFE63
 1457 0008 00000000 		.4byte	.LFB65
 1458 000c 50000000 		.4byte	.LFE65
 1459 0010 00000000 		.4byte	.LFB64
 1460 0014 34000000 		.4byte	.LFE64
 1461 0018 00000000 		.4byte	.LFB66
 1462 001c 50000000 		.4byte	.LFE66
 1463 0020 00000000 		.4byte	.LFB67
 1464 0024 02000000 		.4byte	.LFE67
 1465 0028 00000000 		.4byte	.LFB68
 1466 002c 28000000 		.4byte	.LFE68
 1467 0030 00000000 		.4byte	.LFB69
 1468 0034 02000000 		.4byte	.LFE69
 1469 0038 00000000 		.4byte	.LFB70
 1470 003c 02000000 		.4byte	.LFE70
 1471 0040 00000000 		.4byte	0
 1472 0044 00000000 		.4byte	0
 1473              		.section	.debug_line,"",%progbits
 1474              	.Ldebug_line0:
 1475 0000 37020000 		.section	.debug_str,"MS",%progbits,1
 1475      02006D01 
 1475      00000201 
 1475      FB0E0D00 
 1475      01010101 
 1476              	.LASF42:
 1477 0000 556C7472 		.ascii	"Ultrasonic_Init\000"
 1477      61736F6E 
 1477      69635F49 
 1477      6E697400 
 1478              	.LASF43:
 1479 0010 556C7472 		.ascii	"Ultrasonic_Update\000"
 1479      61736F6E 
 1479      69635F55 
ARM GAS  C:\Users\Tim\AppData\Local\Temp\ccjT4BE5.s 			page 29


 1479      70646174 
 1479      6500
 1480              	.LASF50:
 1481 0022 2E2E5C73 		.ascii	"..\\source\\ultrasonic.c\000"
 1481      6F757263 
 1481      655C756C 
 1481      74726173 
 1481      6F6E6963 
 1482              	.LASF39:
 1483 0039 52656172 		.ascii	"Rear_Echo_Intr_StartEx\000"
 1483      5F456368 
 1483      6F5F496E 
 1483      74725F53 
 1483      74617274 
 1484              	.LASF9:
 1485 0050 5F5F696E 		.ascii	"__int32_t\000"
 1485      7433325F 
 1485      7400
 1486              	.LASF31:
 1487 005a 52656172 		.ascii	"Rear_Trigger_Reg_Write\000"
 1487      5F547269 
 1487      67676572 
 1487      5F526567 
 1487      5F577269 
 1488              	.LASF27:
 1489 0071 46726F6E 		.ascii	"Front_Trigger_Next\000"
 1489      745F5472 
 1489      69676765 
 1489      725F4E65 
 1489      787400
 1490              	.LASF19:
 1491 0084 46726F6E 		.ascii	"Front_Trigger_Reg_Write\000"
 1491      745F5472 
 1491      69676765 
 1491      725F5265 
 1491      675F5772 
 1492              	.LASF3:
 1493 009c 73686F72 		.ascii	"short unsigned int\000"
 1493      7420756E 
 1493      7369676E 
 1493      65642069 
 1493      6E7400
 1494              	.LASF52:
 1495 00af 556C7472 		.ascii	"Ultrasonic_Start\000"
 1495      61736F6E 
 1495      69635F53 
 1495      74617274 
 1495      00
 1496              	.LASF51:
 1497 00c0 443A5C70 		.ascii	"D:\\projects\\ArloBot\\arlobot_freesoc\\freesoc.cyd"
 1497      726F6A65 
 1497      6374735C 
 1497      41726C6F 
 1497      426F745C 
 1498 00ef 736E00   		.ascii	"sn\000"
 1499              	.LASF34:
 1500 00f2 52656172 		.ascii	"Rear_Echo_Intr_ClearPending\000"
ARM GAS  C:\Users\Tim\AppData\Local\Temp\ccjT4BE5.s 			page 30


 1500      5F456368 
 1500      6F5F496E 
 1500      74725F43 
 1500      6C656172 
 1501              	.LASF35:
 1502 010e 52656172 		.ascii	"Rear_Echo_Timer_ReadCounter\000"
 1502      5F456368 
 1502      6F5F5469 
 1502      6D65725F 
 1502      52656164 
 1503              	.LASF41:
 1504 012a 52656172 		.ascii	"Rear_Echo_Timer_Start\000"
 1504      5F456368 
 1504      6F5F5469 
 1504      6D65725F 
 1504      53746172 
 1505              	.LASF24:
 1506 0140 64697374 		.ascii	"distance\000"
 1506      616E6365 
 1506      00
 1507              	.LASF14:
 1508 0149 666C6F61 		.ascii	"float\000"
 1508      7400
 1509              	.LASF0:
 1510 014f 7369676E 		.ascii	"signed char\000"
 1510      65642063 
 1510      68617200 
 1511              	.LASF1:
 1512 015b 756E7369 		.ascii	"unsigned char\000"
 1512      676E6564 
 1512      20636861 
 1512      7200
 1513              	.LASF38:
 1514 0169 46726F6E 		.ascii	"Front_Echo_Intr_StartEx\000"
 1514      745F4563 
 1514      686F5F49 
 1514      6E74725F 
 1514      53746172 
 1515              	.LASF20:
 1516 0181 46726F6E 		.ascii	"Front_Echo_Intr_ClearPending\000"
 1516      745F4563 
 1516      686F5F49 
 1516      6E74725F 
 1516      436C6561 
 1517              	.LASF32:
 1518 019e 46726F6E 		.ascii	"Front_Echo_Interrupt\000"
 1518      745F4563 
 1518      686F5F49 
 1518      6E746572 
 1518      72757074 
 1519              	.LASF23:
 1520 01b3 46726F6E 		.ascii	"Front_Echo_Timer_ReadCounter\000"
 1520      745F4563 
 1520      686F5F54 
 1520      696D6572 
 1520      5F526561 
 1521              	.LASF40:
ARM GAS  C:\Users\Tim\AppData\Local\Temp\ccjT4BE5.s 			page 31


 1522 01d0 46726F6E 		.ascii	"Front_Echo_Timer_Start\000"
 1522      745F4563 
 1522      686F5F54 
 1522      696D6572 
 1522      5F537461 
 1523              	.LASF18:
 1524 01e7 46726F6E 		.ascii	"Front_Trigger_Select_Reg_Write\000"
 1524      745F5472 
 1524      69676765 
 1524      725F5365 
 1524      6C656374 
 1525              	.LASF45:
 1526 0206 49544D5F 		.ascii	"ITM_RxBuffer\000"
 1526      52784275 
 1526      66666572 
 1526      00
 1527              	.LASF33:
 1528 0213 52656172 		.ascii	"Rear_Echo_Interrupt\000"
 1528      5F456368 
 1528      6F5F496E 
 1528      74657272 
 1528      75707400 
 1529              	.LASF5:
 1530 0227 6C6F6E67 		.ascii	"long unsigned int\000"
 1530      20756E73 
 1530      69676E65 
 1530      6420696E 
 1530      7400
 1531              	.LASF12:
 1532 0239 75696E74 		.ascii	"uint16\000"
 1532      313600
 1533              	.LASF25:
 1534 0240 4932635F 		.ascii	"I2c_WriteFrontUltrasonicDistance\000"
 1534      57726974 
 1534      6546726F 
 1534      6E74556C 
 1534      74726173 
 1535              	.LASF44:
 1536 0261 556C7472 		.ascii	"Ultrasonic_Test\000"
 1536      61736F6E 
 1536      69635F54 
 1536      65737400 
 1537              	.LASF13:
 1538 0271 75696E74 		.ascii	"uint32\000"
 1538      333200
 1539              	.LASF49:
 1540 0278 474E5520 		.ascii	"GNU C 4.9.3 20150303 (release) [ARM/embedded-4_9-br"
 1540      4320342E 
 1540      392E3320 
 1540      32303135 
 1540      30333033 
 1541 02ab 616E6368 		.ascii	"anch revision 221220] -mcpu=cortex-m3 -mthumb -g -O"
 1541      20726576 
 1541      6973696F 
 1541      6E203232 
 1541      31323230 
 1542 02de 67202D66 		.ascii	"g -ffunction-sections -ffat-lto-objects\000"
ARM GAS  C:\Users\Tim\AppData\Local\Temp\ccjT4BE5.s 			page 32


 1542      66756E63 
 1542      74696F6E 
 1542      2D736563 
 1542      74696F6E 
 1543              	.LASF8:
 1544 0306 756E7369 		.ascii	"unsigned int\000"
 1544      676E6564 
 1544      20696E74 
 1544      00
 1545              	.LASF21:
 1546 0313 66726F6E 		.ascii	"front_trigger_index\000"
 1546      745F7472 
 1546      69676765 
 1546      725F696E 
 1546      64657800 
 1547              	.LASF7:
 1548 0327 6C6F6E67 		.ascii	"long long unsigned int\000"
 1548      206C6F6E 
 1548      6720756E 
 1548      7369676E 
 1548      65642069 
 1549              	.LASF36:
 1550 033e 4932635F 		.ascii	"I2c_WriteRearUltrasonicDistance\000"
 1550      57726974 
 1550      65526561 
 1550      72556C74 
 1550      7261736F 
 1551              	.LASF4:
 1552 035e 6C6F6E67 		.ascii	"long int\000"
 1552      20696E74 
 1552      00
 1553              	.LASF37:
 1554 0367 52656172 		.ascii	"Rear_Trigger_Select_Reg_Read\000"
 1554      5F547269 
 1554      67676572 
 1554      5F53656C 
 1554      6563745F 
 1555              	.LASF10:
 1556 0384 696E7433 		.ascii	"int32_t\000"
 1556      325F7400 
 1557              	.LASF17:
 1558 038c 73697A65 		.ascii	"sizetype\000"
 1558      74797065 
 1558      00
 1559              	.LASF6:
 1560 0395 6C6F6E67 		.ascii	"long long int\000"
 1560      206C6F6E 
 1560      6720696E 
 1560      7400
 1561              	.LASF16:
 1562 03a3 63686172 		.ascii	"char\000"
 1562      00
 1563              	.LASF26:
 1564 03a8 46726F6E 		.ascii	"Front_Trigger_Select_Reg_Read\000"
 1564      745F5472 
 1564      69676765 
 1564      725F5365 
ARM GAS  C:\Users\Tim\AppData\Local\Temp\ccjT4BE5.s 			page 33


 1564      6C656374 
 1565              	.LASF22:
 1566 03c6 636F756E 		.ascii	"count\000"
 1566      7400
 1567              	.LASF29:
 1568 03cc 72656172 		.ascii	"rear_trigger_index\000"
 1568      5F747269 
 1568      67676572 
 1568      5F696E64 
 1568      657800
 1569              	.LASF2:
 1570 03df 73686F72 		.ascii	"short int\000"
 1570      7420696E 
 1570      7400
 1571              	.LASF11:
 1572 03e9 75696E74 		.ascii	"uint8\000"
 1572      3800
 1573              	.LASF30:
 1574 03ef 52656172 		.ascii	"Rear_Trigger_Select_Reg_Write\000"
 1574      5F547269 
 1574      67676572 
 1574      5F53656C 
 1574      6563745F 
 1575              	.LASF46:
 1576 040d 64656275 		.ascii	"debug_control_enabled\000"
 1576      675F636F 
 1576      6E74726F 
 1576      6C5F656E 
 1576      61626C65 
 1577              	.LASF15:
 1578 0423 646F7562 		.ascii	"double\000"
 1578      6C6500
 1579              	.LASF28:
 1580 042a 52656172 		.ascii	"Rear_Trigger_Next\000"
 1580      5F547269 
 1580      67676572 
 1580      5F4E6578 
 1580      7400
 1581              	.LASF48:
 1582 043c 43794465 		.ascii	"CyDelay\000"
 1582      6C617900 
 1583              	.LASF47:
 1584 0444 666F726D 		.ascii	"formatted_string\000"
 1584      61747465 
 1584      645F7374 
 1584      72696E67 
 1584      00
 1585              		.ident	"GCC: (GNU Tools for ARM Embedded Processors) 4.9.3 20150303 (release) [ARM/embedded-4_9-br
