ARM GAS  C:\Users\tslator\AppData\Local\Temp\ccmUfvgV.s 			page 1


   1              		.syntax unified
   2              		.cpu cortex-m3
   3              		.fpu softvfp
   4              		.eabi_attribute 20, 1
   5              		.eabi_attribute 21, 1
   6              		.eabi_attribute 23, 3
   7              		.eabi_attribute 24, 1
   8              		.eabi_attribute 25, 1
   9              		.eabi_attribute 26, 1
  10              		.eabi_attribute 30, 1
  11              		.eabi_attribute 34, 1
  12              		.eabi_attribute 18, 4
  13              		.thumb
  14              		.file	"USBUART_descr.c"
  15              		.text
  16              	.Ltext0:
  17              		.cfi_sections	.debug_frame
  18              		.comm	USBUART_idSerialNumberStringDescriptor,34,4
  19              		.global	USBUART_MSOS_CONFIGURATION_DESCR
  20              		.global	USBUART_MSOS_DESCRIPTOR
  21              		.global	USBUART_TABLE
  22              		.global	USBUART_DEVICE0_TABLE
  23              		.global	USBUART_DEVICE0_CONFIGURATION0_TABLE
  24              		.global	USBUART_DEVICE0_CONFIGURATION0_INTERFACE_CLASS
  25              		.global	USBUART_DEVICE0_CONFIGURATION0_EP_SETTINGS_TABLE
  26              		.global	USBUART_HIDREPORT_DESCRIPTOR1
  27              		.global	USBUART_SN_STRING_DESCRIPTOR
  28              		.global	USBUART_STRING_DESCRIPTORS
  29              		.global	USBUART_DEVICE0_CONFIGURATION0_DESCR
  30              		.global	USBUART_DEVICE0_DESCR
  31              		.section	.rodata
  32              		.align	2
  33              		.type	USBUART_MSOS_CONFIGURATION_DESCR, %object
  34              		.size	USBUART_MSOS_CONFIGURATION_DESCR, 40
  35              	USBUART_MSOS_CONFIGURATION_DESCR:
  36 0000 28       		.byte	40
  37 0001 00       		.byte	0
  38 0002 00       		.byte	0
  39 0003 00       		.byte	0
  40 0004 00       		.byte	0
  41 0005 01       		.byte	1
  42 0006 04       		.byte	4
  43 0007 00       		.byte	0
  44 0008 01       		.byte	1
  45 0009 00       		.byte	0
  46 000a 00       		.byte	0
  47 000b 00       		.byte	0
  48 000c 00       		.byte	0
  49 000d 00       		.byte	0
  50 000e 00       		.byte	0
  51 000f 00       		.byte	0
  52 0010 00       		.byte	0
  53 0011 01       		.byte	1
  54 0012 43       		.byte	67
  55 0013 59       		.byte	89
  56 0014 55       		.byte	85
  57 0015 53       		.byte	83
ARM GAS  C:\Users\tslator\AppData\Local\Temp\ccmUfvgV.s 			page 2


  58 0016 42       		.byte	66
  59 0017 00       		.byte	0
  60 0018 00       		.byte	0
  61 0019 00       		.byte	0
  62 001a 30       		.byte	48
  63 001b 30       		.byte	48
  64 001c 30       		.byte	48
  65 001d 30       		.byte	48
  66 001e 31       		.byte	49
  67 001f 00       		.byte	0
  68 0020 00       		.byte	0
  69 0021 00       		.byte	0
  70 0022 00       		.byte	0
  71 0023 00       		.byte	0
  72 0024 00       		.byte	0
  73 0025 00       		.byte	0
  74 0026 00       		.byte	0
  75 0027 00       		.byte	0
  76              		.type	USBUART_MSOS_DESCRIPTOR, %object
  77              		.size	USBUART_MSOS_DESCRIPTOR, 18
  78              	USBUART_MSOS_DESCRIPTOR:
  79 0028 12       		.byte	18
  80 0029 03       		.byte	3
  81 002a 4D       		.byte	77
  82 002b 00       		.byte	0
  83 002c 53       		.byte	83
  84 002d 00       		.byte	0
  85 002e 46       		.byte	70
  86 002f 00       		.byte	0
  87 0030 54       		.byte	84
  88 0031 00       		.byte	0
  89 0032 31       		.byte	49
  90 0033 00       		.byte	0
  91 0034 30       		.byte	48
  92 0035 00       		.byte	0
  93 0036 30       		.byte	48
  94 0037 00       		.byte	0
  95 0038 01       		.byte	1
  96 0039 00       		.byte	0
  97 003a 0000     		.space	2
  98              		.type	USBUART_TABLE, %object
  99              		.size	USBUART_TABLE, 8
 100              	USBUART_TABLE:
 101 003c 01       		.byte	1
 102 003d 000000   		.space	3
 103 0040 00000000 		.word	USBUART_DEVICE0_TABLE
 104              		.type	USBUART_DEVICE0_TABLE, %object
 105              		.size	USBUART_DEVICE0_TABLE, 24
 106              	USBUART_DEVICE0_TABLE:
 107 0044 01       		.byte	1
 108 0045 000000   		.space	3
 109 0048 00000000 		.word	USBUART_DEVICE0_DESCR
 110 004c 00       		.byte	0
 111 004d 000000   		.space	3
 112 0050 00000000 		.word	0
 113 0054 01       		.byte	1
 114 0055 000000   		.space	3
ARM GAS  C:\Users\tslator\AppData\Local\Temp\ccmUfvgV.s 			page 3


 115 0058 00000000 		.word	USBUART_DEVICE0_CONFIGURATION0_TABLE
 116              		.type	USBUART_DEVICE0_CONFIGURATION0_TABLE, %object
 117              		.size	USBUART_DEVICE0_CONFIGURATION0_TABLE, 40
 118              	USBUART_DEVICE0_CONFIGURATION0_TABLE:
 119 005c 01       		.byte	1
 120 005d 000000   		.space	3
 121 0060 00000000 		.word	USBUART_DEVICE0_CONFIGURATION0_DESCR
 122 0064 03       		.byte	3
 123 0065 000000   		.space	3
 124 0068 00000000 		.word	USBUART_DEVICE0_CONFIGURATION0_EP_SETTINGS_TABLE
 125 006c 00       		.byte	0
 126 006d 000000   		.space	3
 127 0070 00000000 		.word	0
 128 0074 00       		.byte	0
 129 0075 000000   		.space	3
 130 0078 00000000 		.word	0
 131 007c 00       		.byte	0
 132 007d 000000   		.space	3
 133 0080 00000000 		.word	USBUART_DEVICE0_CONFIGURATION0_INTERFACE_CLASS
 134              		.type	USBUART_DEVICE0_CONFIGURATION0_INTERFACE_CLASS, %object
 135              		.size	USBUART_DEVICE0_CONFIGURATION0_INTERFACE_CLASS, 2
 136              	USBUART_DEVICE0_CONFIGURATION0_INTERFACE_CLASS:
 137 0084 02       		.byte	2
 138 0085 0A       		.byte	10
 139 0086 0000     		.space	2
 140              		.type	USBUART_DEVICE0_CONFIGURATION0_EP_SETTINGS_TABLE, %object
 141              		.size	USBUART_DEVICE0_CONFIGURATION0_EP_SETTINGS_TABLE, 24
 142              	USBUART_DEVICE0_CONFIGURATION0_EP_SETTINGS_TABLE:
 143 0088 00       		.byte	0
 144 0089 00       		.byte	0
 145 008a 81       		.byte	-127
 146 008b 03       		.byte	3
 147 008c 0800     		.short	8
 148 008e 02       		.byte	2
 149 008f 00       		.space	1
 150 0090 01       		.byte	1
 151 0091 00       		.byte	0
 152 0092 82       		.byte	-126
 153 0093 02       		.byte	2
 154 0094 4000     		.short	64
 155 0096 0A       		.byte	10
 156 0097 00       		.space	1
 157 0098 01       		.byte	1
 158 0099 00       		.byte	0
 159 009a 03       		.byte	3
 160 009b 02       		.byte	2
 161 009c 4000     		.short	64
 162 009e 0A       		.byte	10
 163 009f 00       		.space	1
 164              		.type	USBUART_HIDREPORT_DESCRIPTOR1, %object
 165              		.size	USBUART_HIDREPORT_DESCRIPTOR1, 54
 166              	USBUART_HIDREPORT_DESCRIPTOR1:
 167 00a0 32       		.byte	50
 168 00a1 00       		.byte	0
 169 00a2 05       		.byte	5
 170 00a3 01       		.byte	1
 171 00a4 09       		.byte	9
ARM GAS  C:\Users\tslator\AppData\Local\Temp\ccmUfvgV.s 			page 4


 172 00a5 02       		.byte	2
 173 00a6 A1       		.byte	-95
 174 00a7 01       		.byte	1
 175 00a8 09       		.byte	9
 176 00a9 01       		.byte	1
 177 00aa A1       		.byte	-95
 178 00ab 00       		.byte	0
 179 00ac 05       		.byte	5
 180 00ad 09       		.byte	9
 181 00ae 19       		.byte	25
 182 00af 01       		.byte	1
 183 00b0 29       		.byte	41
 184 00b1 03       		.byte	3
 185 00b2 15       		.byte	21
 186 00b3 00       		.byte	0
 187 00b4 25       		.byte	37
 188 00b5 01       		.byte	1
 189 00b6 95       		.byte	-107
 190 00b7 03       		.byte	3
 191 00b8 75       		.byte	117
 192 00b9 01       		.byte	1
 193 00ba 81       		.byte	-127
 194 00bb 02       		.byte	2
 195 00bc 95       		.byte	-107
 196 00bd 01       		.byte	1
 197 00be 75       		.byte	117
 198 00bf 05       		.byte	5
 199 00c0 81       		.byte	-127
 200 00c1 01       		.byte	1
 201 00c2 05       		.byte	5
 202 00c3 01       		.byte	1
 203 00c4 09       		.byte	9
 204 00c5 30       		.byte	48
 205 00c6 09       		.byte	9
 206 00c7 31       		.byte	49
 207 00c8 15       		.byte	21
 208 00c9 81       		.byte	-127
 209 00ca 25       		.byte	37
 210 00cb 7F       		.byte	127
 211 00cc 75       		.byte	117
 212 00cd 08       		.byte	8
 213 00ce 95       		.byte	-107
 214 00cf 02       		.byte	2
 215 00d0 81       		.byte	-127
 216 00d1 06       		.byte	6
 217 00d2 C0       		.byte	-64
 218 00d3 C0       		.byte	-64
 219 00d4 00       		.byte	0
 220 00d5 00       		.byte	0
 221 00d6 0000     		.space	2
 222              		.type	USBUART_SN_STRING_DESCRIPTOR, %object
 223              		.size	USBUART_SN_STRING_DESCRIPTOR, 2
 224              	USBUART_SN_STRING_DESCRIPTOR:
 225 00d8 02       		.byte	2
 226 00d9 03       		.byte	3
 227 00da 0000     		.space	2
 228              		.type	USBUART_STRING_DESCRIPTORS, %object
ARM GAS  C:\Users\tslator\AppData\Local\Temp\ccmUfvgV.s 			page 5


 229              		.size	USBUART_STRING_DESCRIPTORS, 159
 230              	USBUART_STRING_DESCRIPTORS:
 231 00dc 04       		.byte	4
 232 00dd 03       		.byte	3
 233 00de 09       		.byte	9
 234 00df 04       		.byte	4
 235 00e0 2C       		.byte	44
 236 00e1 03       		.byte	3
 237 00e2 43       		.byte	67
 238 00e3 00       		.byte	0
 239 00e4 79       		.byte	121
 240 00e5 00       		.byte	0
 241 00e6 70       		.byte	112
 242 00e7 00       		.byte	0
 243 00e8 72       		.byte	114
 244 00e9 00       		.byte	0
 245 00ea 65       		.byte	101
 246 00eb 00       		.byte	0
 247 00ec 73       		.byte	115
 248 00ed 00       		.byte	0
 249 00ee 73       		.byte	115
 250 00ef 00       		.byte	0
 251 00f0 20       		.byte	32
 252 00f1 00       		.byte	0
 253 00f2 53       		.byte	83
 254 00f3 00       		.byte	0
 255 00f4 65       		.byte	101
 256 00f5 00       		.byte	0
 257 00f6 6D       		.byte	109
 258 00f7 00       		.byte	0
 259 00f8 69       		.byte	105
 260 00f9 00       		.byte	0
 261 00fa 63       		.byte	99
 262 00fb 00       		.byte	0
 263 00fc 6F       		.byte	111
 264 00fd 00       		.byte	0
 265 00fe 6E       		.byte	110
 266 00ff 00       		.byte	0
 267 0100 64       		.byte	100
 268 0101 00       		.byte	0
 269 0102 75       		.byte	117
 270 0103 00       		.byte	0
 271 0104 63       		.byte	99
 272 0105 00       		.byte	0
 273 0106 74       		.byte	116
 274 0107 00       		.byte	0
 275 0108 6F       		.byte	111
 276 0109 00       		.byte	0
 277 010a 72       		.byte	114
 278 010b 00       		.byte	0
 279 010c 38       		.byte	56
 280 010d 03       		.byte	3
 281 010e 43       		.byte	67
 282 010f 00       		.byte	0
 283 0110 44       		.byte	68
 284 0111 00       		.byte	0
 285 0112 43       		.byte	67
ARM GAS  C:\Users\tslator\AppData\Local\Temp\ccmUfvgV.s 			page 6


 286 0113 00       		.byte	0
 287 0114 20       		.byte	32
 288 0115 00       		.byte	0
 289 0116 43       		.byte	67
 290 0117 00       		.byte	0
 291 0118 6F       		.byte	111
 292 0119 00       		.byte	0
 293 011a 6D       		.byte	109
 294 011b 00       		.byte	0
 295 011c 6D       		.byte	109
 296 011d 00       		.byte	0
 297 011e 75       		.byte	117
 298 011f 00       		.byte	0
 299 0120 6E       		.byte	110
 300 0121 00       		.byte	0
 301 0122 69       		.byte	105
 302 0123 00       		.byte	0
 303 0124 63       		.byte	99
 304 0125 00       		.byte	0
 305 0126 61       		.byte	97
 306 0127 00       		.byte	0
 307 0128 74       		.byte	116
 308 0129 00       		.byte	0
 309 012a 69       		.byte	105
 310 012b 00       		.byte	0
 311 012c 6F       		.byte	111
 312 012d 00       		.byte	0
 313 012e 6E       		.byte	110
 314 012f 00       		.byte	0
 315 0130 20       		.byte	32
 316 0131 00       		.byte	0
 317 0132 49       		.byte	73
 318 0133 00       		.byte	0
 319 0134 6E       		.byte	110
 320 0135 00       		.byte	0
 321 0136 74       		.byte	116
 322 0137 00       		.byte	0
 323 0138 65       		.byte	101
 324 0139 00       		.byte	0
 325 013a 72       		.byte	114
 326 013b 00       		.byte	0
 327 013c 66       		.byte	102
 328 013d 00       		.byte	0
 329 013e 61       		.byte	97
 330 013f 00       		.byte	0
 331 0140 63       		.byte	99
 332 0141 00       		.byte	0
 333 0142 65       		.byte	101
 334 0143 00       		.byte	0
 335 0144 26       		.byte	38
 336 0145 03       		.byte	3
 337 0146 43       		.byte	67
 338 0147 00       		.byte	0
 339 0148 44       		.byte	68
 340 0149 00       		.byte	0
 341 014a 43       		.byte	67
 342 014b 00       		.byte	0
ARM GAS  C:\Users\tslator\AppData\Local\Temp\ccmUfvgV.s 			page 7


 343 014c 20       		.byte	32
 344 014d 00       		.byte	0
 345 014e 44       		.byte	68
 346 014f 00       		.byte	0
 347 0150 61       		.byte	97
 348 0151 00       		.byte	0
 349 0152 74       		.byte	116
 350 0153 00       		.byte	0
 351 0154 61       		.byte	97
 352 0155 00       		.byte	0
 353 0156 20       		.byte	32
 354 0157 00       		.byte	0
 355 0158 49       		.byte	73
 356 0159 00       		.byte	0
 357 015a 6E       		.byte	110
 358 015b 00       		.byte	0
 359 015c 74       		.byte	116
 360 015d 00       		.byte	0
 361 015e 65       		.byte	101
 362 015f 00       		.byte	0
 363 0160 72       		.byte	114
 364 0161 00       		.byte	0
 365 0162 66       		.byte	102
 366 0163 00       		.byte	0
 367 0164 61       		.byte	97
 368 0165 00       		.byte	0
 369 0166 63       		.byte	99
 370 0167 00       		.byte	0
 371 0168 65       		.byte	101
 372 0169 00       		.byte	0
 373 016a 10       		.byte	16
 374 016b 03       		.byte	3
 375 016c 55       		.byte	85
 376 016d 00       		.byte	0
 377 016e 53       		.byte	83
 378 016f 00       		.byte	0
 379 0170 42       		.byte	66
 380 0171 00       		.byte	0
 381 0172 55       		.byte	85
 382 0173 00       		.byte	0
 383 0174 41       		.byte	65
 384 0175 00       		.byte	0
 385 0176 52       		.byte	82
 386 0177 00       		.byte	0
 387 0178 54       		.byte	84
 388 0179 00       		.byte	0
 389 017a 00       		.byte	0
 390 017b 00       		.space	1
 391              		.type	USBUART_DEVICE0_CONFIGURATION0_DESCR, %object
 392              		.size	USBUART_DEVICE0_CONFIGURATION0_DESCR, 67
 393              	USBUART_DEVICE0_CONFIGURATION0_DESCR:
 394 017c 09       		.byte	9
 395 017d 02       		.byte	2
 396 017e 43       		.byte	67
 397 017f 00       		.byte	0
 398 0180 02       		.byte	2
 399 0181 01       		.byte	1
ARM GAS  C:\Users\tslator\AppData\Local\Temp\ccmUfvgV.s 			page 8


 400 0182 01       		.byte	1
 401 0183 80       		.byte	-128
 402 0184 32       		.byte	50
 403 0185 09       		.byte	9
 404 0186 04       		.byte	4
 405 0187 00       		.byte	0
 406 0188 00       		.byte	0
 407 0189 01       		.byte	1
 408 018a 02       		.byte	2
 409 018b 02       		.byte	2
 410 018c 00       		.byte	0
 411 018d 02       		.byte	2
 412 018e 05       		.byte	5
 413 018f 24       		.byte	36
 414 0190 00       		.byte	0
 415 0191 10       		.byte	16
 416 0192 01       		.byte	1
 417 0193 04       		.byte	4
 418 0194 24       		.byte	36
 419 0195 02       		.byte	2
 420 0196 02       		.byte	2
 421 0197 05       		.byte	5
 422 0198 24       		.byte	36
 423 0199 06       		.byte	6
 424 019a 00       		.byte	0
 425 019b 01       		.byte	1
 426 019c 05       		.byte	5
 427 019d 24       		.byte	36
 428 019e 01       		.byte	1
 429 019f 00       		.byte	0
 430 01a0 01       		.byte	1
 431 01a1 07       		.byte	7
 432 01a2 05       		.byte	5
 433 01a3 81       		.byte	-127
 434 01a4 03       		.byte	3
 435 01a5 08       		.byte	8
 436 01a6 00       		.byte	0
 437 01a7 0A       		.byte	10
 438 01a8 09       		.byte	9
 439 01a9 04       		.byte	4
 440 01aa 01       		.byte	1
 441 01ab 00       		.byte	0
 442 01ac 02       		.byte	2
 443 01ad 0A       		.byte	10
 444 01ae 00       		.byte	0
 445 01af 00       		.byte	0
 446 01b0 03       		.byte	3
 447 01b1 07       		.byte	7
 448 01b2 05       		.byte	5
 449 01b3 82       		.byte	-126
 450 01b4 02       		.byte	2
 451 01b5 40       		.byte	64
 452 01b6 00       		.byte	0
 453 01b7 00       		.byte	0
 454 01b8 07       		.byte	7
 455 01b9 05       		.byte	5
 456 01ba 03       		.byte	3
ARM GAS  C:\Users\tslator\AppData\Local\Temp\ccmUfvgV.s 			page 9


 457 01bb 02       		.byte	2
 458 01bc 40       		.byte	64
 459 01bd 00       		.byte	0
 460 01be 00       		.byte	0
 461 01bf 00       		.space	1
 462              		.type	USBUART_DEVICE0_DESCR, %object
 463              		.size	USBUART_DEVICE0_DESCR, 18
 464              	USBUART_DEVICE0_DESCR:
 465 01c0 12       		.byte	18
 466 01c1 01       		.byte	1
 467 01c2 00       		.byte	0
 468 01c3 02       		.byte	2
 469 01c4 02       		.byte	2
 470 01c5 00       		.byte	0
 471 01c6 00       		.byte	0
 472 01c7 08       		.byte	8
 473 01c8 B4       		.byte	-76
 474 01c9 04       		.byte	4
 475 01ca 32       		.byte	50
 476 01cb F2       		.byte	-14
 477 01cc 01       		.byte	1
 478 01cd 00       		.byte	0
 479 01ce 01       		.byte	1
 480 01cf 04       		.byte	4
 481 01d0 80       		.byte	-128
 482 01d1 01       		.byte	1
 483 01d2 0000     		.text
 484              	.Letext0:
 485              		.file 1 ".\\Generated_Source\\PSoC5\\cytypes.h"
 486              		.file 2 ".\\Generated_Source\\PSoC5\\USBUART.h"
 487              		.file 3 ".\\Generated_Source\\PSoC5\\USBUART_descr.c"
 488              		.section	.debug_info,"",%progbits
 489              	.Ldebug_info0:
 490 0000 F1020000 		.4byte	0x2f1
 491 0004 0400     		.2byte	0x4
 492 0006 00000000 		.4byte	.Ldebug_abbrev0
 493 000a 04       		.byte	0x4
 494 000b 01       		.uleb128 0x1
 495 000c BE010000 		.4byte	.LASF37
 496 0010 01       		.byte	0x1
 497 0011 2F000000 		.4byte	.LASF38
 498 0015 37030000 		.4byte	.LASF39
 499 0019 00000000 		.4byte	.Ldebug_line0
 500 001d 02       		.uleb128 0x2
 501 001e 01       		.byte	0x1
 502 001f 06       		.byte	0x6
 503 0020 18030000 		.4byte	.LASF0
 504 0024 02       		.uleb128 0x2
 505 0025 01       		.byte	0x1
 506 0026 08       		.byte	0x8
 507 0027 1E010000 		.4byte	.LASF1
 508 002b 02       		.uleb128 0x2
 509 002c 02       		.byte	0x2
 510 002d 05       		.byte	0x5
 511 002e F5020000 		.4byte	.LASF2
 512 0032 02       		.uleb128 0x2
 513 0033 02       		.byte	0x2
ARM GAS  C:\Users\tslator\AppData\Local\Temp\ccmUfvgV.s 			page 10


 514 0034 07       		.byte	0x7
 515 0035 24030000 		.4byte	.LASF3
 516 0039 02       		.uleb128 0x2
 517 003a 04       		.byte	0x4
 518 003b 05       		.byte	0x5
 519 003c 0F030000 		.4byte	.LASF4
 520 0040 02       		.uleb128 0x2
 521 0041 04       		.byte	0x4
 522 0042 07       		.byte	0x7
 523 0043 53010000 		.4byte	.LASF5
 524 0047 02       		.uleb128 0x2
 525 0048 08       		.byte	0x8
 526 0049 05       		.byte	0x5
 527 004a C9020000 		.4byte	.LASF6
 528 004e 02       		.uleb128 0x2
 529 004f 08       		.byte	0x8
 530 0050 07       		.byte	0x7
 531 0051 67020000 		.4byte	.LASF7
 532 0055 03       		.uleb128 0x3
 533 0056 04       		.byte	0x4
 534 0057 05       		.byte	0x5
 535 0058 696E7400 		.ascii	"int\000"
 536 005c 02       		.uleb128 0x2
 537 005d 04       		.byte	0x4
 538 005e 07       		.byte	0x7
 539 005f 4C020000 		.4byte	.LASF8
 540 0063 04       		.uleb128 0x4
 541 0064 FF020000 		.4byte	.LASF9
 542 0068 01       		.byte	0x1
 543 0069 3801     		.2byte	0x138
 544 006b 24000000 		.4byte	0x24
 545 006f 04       		.uleb128 0x4
 546 0070 B7010000 		.4byte	.LASF10
 547 0074 01       		.byte	0x1
 548 0075 3901     		.2byte	0x139
 549 0077 32000000 		.4byte	0x32
 550 007b 02       		.uleb128 0x2
 551 007c 04       		.byte	0x4
 552 007d 04       		.byte	0x4
 553 007e F0000000 		.4byte	.LASF11
 554 0082 02       		.uleb128 0x2
 555 0083 08       		.byte	0x8
 556 0084 04       		.byte	0x4
 557 0085 B0010000 		.4byte	.LASF12
 558 0089 02       		.uleb128 0x2
 559 008a 01       		.byte	0x1
 560 008b 08       		.byte	0x8
 561 008c D7020000 		.4byte	.LASF13
 562 0090 02       		.uleb128 0x2
 563 0091 04       		.byte	0x4
 564 0092 07       		.byte	0x7
 565 0093 AA020000 		.4byte	.LASF14
 566 0097 05       		.uleb128 0x5
 567 0098 08       		.byte	0x8
 568 0099 02       		.byte	0x2
 569 009a 9E       		.byte	0x9e
 570 009b E8000000 		.4byte	0xe8
ARM GAS  C:\Users\tslator\AppData\Local\Temp\ccmUfvgV.s 			page 11


 571 009f 06       		.uleb128 0x6
 572 00a0 05030000 		.4byte	.LASF15
 573 00a4 02       		.byte	0x2
 574 00a5 A0       		.byte	0xa0
 575 00a6 63000000 		.4byte	0x63
 576 00aa 00       		.byte	0
 577 00ab 06       		.uleb128 0x6
 578 00ac 13010000 		.4byte	.LASF16
 579 00b0 02       		.byte	0x2
 580 00b1 A1       		.byte	0xa1
 581 00b2 63000000 		.4byte	0x63
 582 00b6 01       		.byte	0x1
 583 00b7 06       		.uleb128 0x6
 584 00b8 65010000 		.4byte	.LASF17
 585 00bc 02       		.byte	0x2
 586 00bd A2       		.byte	0xa2
 587 00be 63000000 		.4byte	0x63
 588 00c2 02       		.byte	0x2
 589 00c3 06       		.uleb128 0x6
 590 00c4 2C010000 		.4byte	.LASF18
 591 00c8 02       		.byte	0x2
 592 00c9 A3       		.byte	0xa3
 593 00ca 63000000 		.4byte	0x63
 594 00ce 03       		.byte	0x3
 595 00cf 06       		.uleb128 0x6
 596 00d0 DC020000 		.4byte	.LASF19
 597 00d4 02       		.byte	0x2
 598 00d5 A4       		.byte	0xa4
 599 00d6 6F000000 		.4byte	0x6f
 600 00da 04       		.byte	0x4
 601 00db 06       		.uleb128 0x6
 602 00dc 61030000 		.4byte	.LASF20
 603 00e0 02       		.byte	0x2
 604 00e1 A5       		.byte	0xa5
 605 00e2 63000000 		.4byte	0x63
 606 00e6 06       		.byte	0x6
 607 00e7 00       		.byte	0
 608 00e8 07       		.uleb128 0x7
 609 00e9 37010000 		.4byte	.LASF21
 610 00ed 02       		.byte	0x2
 611 00ee A6       		.byte	0xa6
 612 00ef 97000000 		.4byte	0x97
 613 00f3 05       		.uleb128 0x5
 614 00f4 08       		.byte	0x8
 615 00f5 02       		.byte	0x2
 616 00f6 B5       		.byte	0xb5
 617 00f7 12010000 		.4byte	0x112
 618 00fb 08       		.uleb128 0x8
 619 00fc 6300     		.ascii	"c\000"
 620 00fe 02       		.byte	0x2
 621 00ff B7       		.byte	0xb7
 622 0100 63000000 		.4byte	0x63
 623 0104 00       		.byte	0
 624 0105 06       		.uleb128 0x6
 625 0106 A3020000 		.4byte	.LASF22
 626 010a 02       		.byte	0x2
 627 010b B8       		.byte	0xb8
ARM GAS  C:\Users\tslator\AppData\Local\Temp\ccmUfvgV.s 			page 12


 628 010c 12010000 		.4byte	0x112
 629 0110 04       		.byte	0x4
 630 0111 00       		.byte	0
 631 0112 09       		.uleb128 0x9
 632 0113 04       		.byte	0x4
 633 0114 18010000 		.4byte	0x118
 634 0118 0A       		.uleb128 0xa
 635 0119 07       		.uleb128 0x7
 636 011a 59020000 		.4byte	.LASF23
 637 011e 02       		.byte	0x2
 638 011f B9       		.byte	0xb9
 639 0120 F3000000 		.4byte	0xf3
 640 0124 0B       		.uleb128 0xb
 641 0125 63000000 		.4byte	0x63
 642 0129 34010000 		.4byte	0x134
 643 012d 0C       		.uleb128 0xc
 644 012e 90000000 		.4byte	0x90
 645 0132 11       		.byte	0x11
 646 0133 00       		.byte	0
 647 0134 0D       		.uleb128 0xd
 648 0135 BC000000 		.4byte	.LASF24
 649 0139 03       		.byte	0x3
 650 013a 24       		.byte	0x24
 651 013b 45010000 		.4byte	0x145
 652 013f 05       		.uleb128 0x5
 653 0140 03       		.byte	0x3
 654 0141 00000000 		.4byte	USBUART_DEVICE0_DESCR
 655 0145 0E       		.uleb128 0xe
 656 0146 24010000 		.4byte	0x124
 657 014a 0B       		.uleb128 0xb
 658 014b 63000000 		.4byte	0x63
 659 014f 5A010000 		.4byte	0x15a
 660 0153 0C       		.uleb128 0xc
 661 0154 90000000 		.4byte	0x90
 662 0158 42       		.byte	0x42
 663 0159 00       		.byte	0
 664 015a 0D       		.uleb128 0xd
 665 015b 7E020000 		.4byte	.LASF25
 666 015f 03       		.byte	0x3
 667 0160 37       		.byte	0x37
 668 0161 6B010000 		.4byte	0x16b
 669 0165 05       		.uleb128 0x5
 670 0166 03       		.byte	0x3
 671 0167 00000000 		.4byte	USBUART_DEVICE0_CONFIGURATION0_DESCR
 672 016b 0E       		.uleb128 0xe
 673 016c 4A010000 		.4byte	0x14a
 674 0170 0B       		.uleb128 0xb
 675 0171 E8000000 		.4byte	0xe8
 676 0175 80010000 		.4byte	0x180
 677 0179 0C       		.uleb128 0xc
 678 017a 90000000 		.4byte	0x90
 679 017e 02       		.byte	0x2
 680 017f 00       		.byte	0
 681 0180 0D       		.uleb128 0xd
 682 0181 73000000 		.4byte	.LASF26
 683 0185 03       		.byte	0x3
 684 0186 FB       		.byte	0xfb
ARM GAS  C:\Users\tslator\AppData\Local\Temp\ccmUfvgV.s 			page 13


 685 0187 91010000 		.4byte	0x191
 686 018b 05       		.uleb128 0x5
 687 018c 03       		.byte	0x3
 688 018d 00000000 		.4byte	USBUART_DEVICE0_CONFIGURATION0_EP_SETTINGS_TABLE
 689 0191 0E       		.uleb128 0xe
 690 0192 70010000 		.4byte	0x170
 691 0196 0B       		.uleb128 0xb
 692 0197 63000000 		.4byte	0x63
 693 019b A6010000 		.4byte	0x1a6
 694 019f 0C       		.uleb128 0xc
 695 01a0 90000000 		.4byte	0x90
 696 01a4 01       		.byte	0x1
 697 01a5 00       		.byte	0
 698 01a6 0F       		.uleb128 0xf
 699 01a7 00000000 		.4byte	.LASF27
 700 01ab 03       		.byte	0x3
 701 01ac 0101     		.2byte	0x101
 702 01ae B8010000 		.4byte	0x1b8
 703 01b2 05       		.uleb128 0x5
 704 01b3 03       		.byte	0x3
 705 01b4 00000000 		.4byte	USBUART_DEVICE0_CONFIGURATION0_INTERFACE_CLASS
 706 01b8 0E       		.uleb128 0xe
 707 01b9 96010000 		.4byte	0x196
 708 01bd 0B       		.uleb128 0xb
 709 01be 19010000 		.4byte	0x119
 710 01c2 CD010000 		.4byte	0x1cd
 711 01c6 0C       		.uleb128 0xc
 712 01c7 90000000 		.4byte	0x90
 713 01cb 04       		.byte	0x4
 714 01cc 00       		.byte	0
 715 01cd 0F       		.uleb128 0xf
 716 01ce 6A010000 		.4byte	.LASF28
 717 01d2 03       		.byte	0x3
 718 01d3 0901     		.2byte	0x109
 719 01d5 DF010000 		.4byte	0x1df
 720 01d9 05       		.uleb128 0x5
 721 01da 03       		.byte	0x3
 722 01db 00000000 		.4byte	USBUART_DEVICE0_CONFIGURATION0_TABLE
 723 01df 0E       		.uleb128 0xe
 724 01e0 BD010000 		.4byte	0x1bd
 725 01e4 0B       		.uleb128 0xb
 726 01e5 19010000 		.4byte	0x119
 727 01e9 F4010000 		.4byte	0x1f4
 728 01ed 0C       		.uleb128 0xc
 729 01ee 90000000 		.4byte	0x90
 730 01f2 02       		.byte	0x2
 731 01f3 00       		.byte	0
 732 01f4 0F       		.uleb128 0xf
 733 01f5 B3020000 		.4byte	.LASF29
 734 01f9 03       		.byte	0x3
 735 01fa 1401     		.2byte	0x114
 736 01fc 06020000 		.4byte	0x206
 737 0200 05       		.uleb128 0x5
 738 0201 03       		.byte	0x3
 739 0202 00000000 		.4byte	USBUART_DEVICE0_TABLE
 740 0206 0E       		.uleb128 0xe
 741 0207 E4010000 		.4byte	0x1e4
ARM GAS  C:\Users\tslator\AppData\Local\Temp\ccmUfvgV.s 			page 14


 742 020b 0B       		.uleb128 0xb
 743 020c 19010000 		.4byte	0x119
 744 0210 1B020000 		.4byte	0x21b
 745 0214 0C       		.uleb128 0xc
 746 0215 90000000 		.4byte	0x90
 747 0219 00       		.byte	0
 748 021a 00       		.byte	0
 749 021b 0F       		.uleb128 0xf
 750 021c E7020000 		.4byte	.LASF30
 751 0220 03       		.byte	0x3
 752 0221 1C01     		.2byte	0x11c
 753 0223 2D020000 		.4byte	0x22d
 754 0227 05       		.uleb128 0x5
 755 0228 03       		.byte	0x3
 756 0229 00000000 		.4byte	USBUART_TABLE
 757 022d 0E       		.uleb128 0xe
 758 022e 0B020000 		.4byte	0x20b
 759 0232 0D       		.uleb128 0xd
 760 0233 F6000000 		.4byte	.LASF31
 761 0237 03       		.byte	0x3
 762 0238 C9       		.byte	0xc9
 763 0239 43020000 		.4byte	0x243
 764 023d 05       		.uleb128 0x5
 765 023e 03       		.byte	0x3
 766 023f 00000000 		.4byte	USBUART_SN_STRING_DESCRIPTOR
 767 0243 0E       		.uleb128 0xe
 768 0244 96010000 		.4byte	0x196
 769 0248 0B       		.uleb128 0xb
 770 0249 63000000 		.4byte	0x63
 771 024d 58020000 		.4byte	0x258
 772 0251 0C       		.uleb128 0xc
 773 0252 90000000 		.4byte	0x90
 774 0256 9E       		.byte	0x9e
 775 0257 00       		.byte	0
 776 0258 0D       		.uleb128 0xd
 777 0259 58000000 		.4byte	.LASF32
 778 025d 03       		.byte	0x3
 779 025e 96       		.byte	0x96
 780 025f 69020000 		.4byte	0x269
 781 0263 05       		.uleb128 0x5
 782 0264 03       		.byte	0x3
 783 0265 00000000 		.4byte	USBUART_STRING_DESCRIPTORS
 784 0269 0E       		.uleb128 0xe
 785 026a 48020000 		.4byte	0x248
 786 026e 0B       		.uleb128 0xb
 787 026f 63000000 		.4byte	0x63
 788 0273 7E020000 		.4byte	0x27e
 789 0277 0C       		.uleb128 0xc
 790 0278 90000000 		.4byte	0x90
 791 027c 35       		.byte	0x35
 792 027d 00       		.byte	0
 793 027e 0D       		.uleb128 0xd
 794 027f D2000000 		.4byte	.LASF33
 795 0283 03       		.byte	0x3
 796 0284 D2       		.byte	0xd2
 797 0285 8F020000 		.4byte	0x28f
 798 0289 05       		.uleb128 0x5
ARM GAS  C:\Users\tslator\AppData\Local\Temp\ccmUfvgV.s 			page 15


 799 028a 03       		.byte	0x3
 800 028b 00000000 		.4byte	USBUART_HIDREPORT_DESCRIPTOR1
 801 028f 0E       		.uleb128 0xe
 802 0290 6E020000 		.4byte	0x26e
 803 0294 0F       		.uleb128 0xf
 804 0295 A4000000 		.4byte	.LASF34
 805 0299 03       		.byte	0x3
 806 029a 2C01     		.2byte	0x12c
 807 029c A6020000 		.4byte	0x2a6
 808 02a0 05       		.uleb128 0x5
 809 02a1 03       		.byte	0x3
 810 02a2 00000000 		.4byte	USBUART_MSOS_DESCRIPTOR
 811 02a6 0E       		.uleb128 0xe
 812 02a7 24010000 		.4byte	0x124
 813 02ab 0B       		.uleb128 0xb
 814 02ac 63000000 		.4byte	0x63
 815 02b0 BB020000 		.4byte	0x2bb
 816 02b4 0C       		.uleb128 0xc
 817 02b5 90000000 		.4byte	0x90
 818 02b9 27       		.byte	0x27
 819 02ba 00       		.byte	0
 820 02bb 0F       		.uleb128 0xf
 821 02bc 8F010000 		.4byte	.LASF35
 822 02c0 03       		.byte	0x3
 823 02c1 3701     		.2byte	0x137
 824 02c3 CD020000 		.4byte	0x2cd
 825 02c7 05       		.uleb128 0x5
 826 02c8 03       		.byte	0x3
 827 02c9 00000000 		.4byte	USBUART_MSOS_CONFIGURATION_DESCR
 828 02cd 0E       		.uleb128 0xe
 829 02ce AB020000 		.4byte	0x2ab
 830 02d2 0B       		.uleb128 0xb
 831 02d3 63000000 		.4byte	0x63
 832 02d7 E2020000 		.4byte	0x2e2
 833 02db 0C       		.uleb128 0xc
 834 02dc 90000000 		.4byte	0x90
 835 02e0 21       		.byte	0x21
 836 02e1 00       		.byte	0
 837 02e2 0F       		.uleb128 0xf
 838 02e3 67030000 		.4byte	.LASF36
 839 02e7 03       		.byte	0x3
 840 02e8 4A01     		.2byte	0x14a
 841 02ea D2020000 		.4byte	0x2d2
 842 02ee 05       		.uleb128 0x5
 843 02ef 03       		.byte	0x3
 844 02f0 00000000 		.4byte	USBUART_idSerialNumberStringDescriptor
 845 02f4 00       		.byte	0
 846              		.section	.debug_abbrev,"",%progbits
 847              	.Ldebug_abbrev0:
 848 0000 01       		.uleb128 0x1
 849 0001 11       		.uleb128 0x11
 850 0002 01       		.byte	0x1
 851 0003 25       		.uleb128 0x25
 852 0004 0E       		.uleb128 0xe
 853 0005 13       		.uleb128 0x13
 854 0006 0B       		.uleb128 0xb
 855 0007 03       		.uleb128 0x3
ARM GAS  C:\Users\tslator\AppData\Local\Temp\ccmUfvgV.s 			page 16


 856 0008 0E       		.uleb128 0xe
 857 0009 1B       		.uleb128 0x1b
 858 000a 0E       		.uleb128 0xe
 859 000b 10       		.uleb128 0x10
 860 000c 17       		.uleb128 0x17
 861 000d 00       		.byte	0
 862 000e 00       		.byte	0
 863 000f 02       		.uleb128 0x2
 864 0010 24       		.uleb128 0x24
 865 0011 00       		.byte	0
 866 0012 0B       		.uleb128 0xb
 867 0013 0B       		.uleb128 0xb
 868 0014 3E       		.uleb128 0x3e
 869 0015 0B       		.uleb128 0xb
 870 0016 03       		.uleb128 0x3
 871 0017 0E       		.uleb128 0xe
 872 0018 00       		.byte	0
 873 0019 00       		.byte	0
 874 001a 03       		.uleb128 0x3
 875 001b 24       		.uleb128 0x24
 876 001c 00       		.byte	0
 877 001d 0B       		.uleb128 0xb
 878 001e 0B       		.uleb128 0xb
 879 001f 3E       		.uleb128 0x3e
 880 0020 0B       		.uleb128 0xb
 881 0021 03       		.uleb128 0x3
 882 0022 08       		.uleb128 0x8
 883 0023 00       		.byte	0
 884 0024 00       		.byte	0
 885 0025 04       		.uleb128 0x4
 886 0026 16       		.uleb128 0x16
 887 0027 00       		.byte	0
 888 0028 03       		.uleb128 0x3
 889 0029 0E       		.uleb128 0xe
 890 002a 3A       		.uleb128 0x3a
 891 002b 0B       		.uleb128 0xb
 892 002c 3B       		.uleb128 0x3b
 893 002d 05       		.uleb128 0x5
 894 002e 49       		.uleb128 0x49
 895 002f 13       		.uleb128 0x13
 896 0030 00       		.byte	0
 897 0031 00       		.byte	0
 898 0032 05       		.uleb128 0x5
 899 0033 13       		.uleb128 0x13
 900 0034 01       		.byte	0x1
 901 0035 0B       		.uleb128 0xb
 902 0036 0B       		.uleb128 0xb
 903 0037 3A       		.uleb128 0x3a
 904 0038 0B       		.uleb128 0xb
 905 0039 3B       		.uleb128 0x3b
 906 003a 0B       		.uleb128 0xb
 907 003b 01       		.uleb128 0x1
 908 003c 13       		.uleb128 0x13
 909 003d 00       		.byte	0
 910 003e 00       		.byte	0
 911 003f 06       		.uleb128 0x6
 912 0040 0D       		.uleb128 0xd
ARM GAS  C:\Users\tslator\AppData\Local\Temp\ccmUfvgV.s 			page 17


 913 0041 00       		.byte	0
 914 0042 03       		.uleb128 0x3
 915 0043 0E       		.uleb128 0xe
 916 0044 3A       		.uleb128 0x3a
 917 0045 0B       		.uleb128 0xb
 918 0046 3B       		.uleb128 0x3b
 919 0047 0B       		.uleb128 0xb
 920 0048 49       		.uleb128 0x49
 921 0049 13       		.uleb128 0x13
 922 004a 38       		.uleb128 0x38
 923 004b 0B       		.uleb128 0xb
 924 004c 00       		.byte	0
 925 004d 00       		.byte	0
 926 004e 07       		.uleb128 0x7
 927 004f 16       		.uleb128 0x16
 928 0050 00       		.byte	0
 929 0051 03       		.uleb128 0x3
 930 0052 0E       		.uleb128 0xe
 931 0053 3A       		.uleb128 0x3a
 932 0054 0B       		.uleb128 0xb
 933 0055 3B       		.uleb128 0x3b
 934 0056 0B       		.uleb128 0xb
 935 0057 49       		.uleb128 0x49
 936 0058 13       		.uleb128 0x13
 937 0059 00       		.byte	0
 938 005a 00       		.byte	0
 939 005b 08       		.uleb128 0x8
 940 005c 0D       		.uleb128 0xd
 941 005d 00       		.byte	0
 942 005e 03       		.uleb128 0x3
 943 005f 08       		.uleb128 0x8
 944 0060 3A       		.uleb128 0x3a
 945 0061 0B       		.uleb128 0xb
 946 0062 3B       		.uleb128 0x3b
 947 0063 0B       		.uleb128 0xb
 948 0064 49       		.uleb128 0x49
 949 0065 13       		.uleb128 0x13
 950 0066 38       		.uleb128 0x38
 951 0067 0B       		.uleb128 0xb
 952 0068 00       		.byte	0
 953 0069 00       		.byte	0
 954 006a 09       		.uleb128 0x9
 955 006b 0F       		.uleb128 0xf
 956 006c 00       		.byte	0
 957 006d 0B       		.uleb128 0xb
 958 006e 0B       		.uleb128 0xb
 959 006f 49       		.uleb128 0x49
 960 0070 13       		.uleb128 0x13
 961 0071 00       		.byte	0
 962 0072 00       		.byte	0
 963 0073 0A       		.uleb128 0xa
 964 0074 26       		.uleb128 0x26
 965 0075 00       		.byte	0
 966 0076 00       		.byte	0
 967 0077 00       		.byte	0
 968 0078 0B       		.uleb128 0xb
 969 0079 01       		.uleb128 0x1
ARM GAS  C:\Users\tslator\AppData\Local\Temp\ccmUfvgV.s 			page 18


 970 007a 01       		.byte	0x1
 971 007b 49       		.uleb128 0x49
 972 007c 13       		.uleb128 0x13
 973 007d 01       		.uleb128 0x1
 974 007e 13       		.uleb128 0x13
 975 007f 00       		.byte	0
 976 0080 00       		.byte	0
 977 0081 0C       		.uleb128 0xc
 978 0082 21       		.uleb128 0x21
 979 0083 00       		.byte	0
 980 0084 49       		.uleb128 0x49
 981 0085 13       		.uleb128 0x13
 982 0086 2F       		.uleb128 0x2f
 983 0087 0B       		.uleb128 0xb
 984 0088 00       		.byte	0
 985 0089 00       		.byte	0
 986 008a 0D       		.uleb128 0xd
 987 008b 34       		.uleb128 0x34
 988 008c 00       		.byte	0
 989 008d 03       		.uleb128 0x3
 990 008e 0E       		.uleb128 0xe
 991 008f 3A       		.uleb128 0x3a
 992 0090 0B       		.uleb128 0xb
 993 0091 3B       		.uleb128 0x3b
 994 0092 0B       		.uleb128 0xb
 995 0093 49       		.uleb128 0x49
 996 0094 13       		.uleb128 0x13
 997 0095 3F       		.uleb128 0x3f
 998 0096 19       		.uleb128 0x19
 999 0097 02       		.uleb128 0x2
 1000 0098 18       		.uleb128 0x18
 1001 0099 00       		.byte	0
 1002 009a 00       		.byte	0
 1003 009b 0E       		.uleb128 0xe
 1004 009c 26       		.uleb128 0x26
 1005 009d 00       		.byte	0
 1006 009e 49       		.uleb128 0x49
 1007 009f 13       		.uleb128 0x13
 1008 00a0 00       		.byte	0
 1009 00a1 00       		.byte	0
 1010 00a2 0F       		.uleb128 0xf
 1011 00a3 34       		.uleb128 0x34
 1012 00a4 00       		.byte	0
 1013 00a5 03       		.uleb128 0x3
 1014 00a6 0E       		.uleb128 0xe
 1015 00a7 3A       		.uleb128 0x3a
 1016 00a8 0B       		.uleb128 0xb
 1017 00a9 3B       		.uleb128 0x3b
 1018 00aa 05       		.uleb128 0x5
 1019 00ab 49       		.uleb128 0x49
 1020 00ac 13       		.uleb128 0x13
 1021 00ad 3F       		.uleb128 0x3f
 1022 00ae 19       		.uleb128 0x19
 1023 00af 02       		.uleb128 0x2
 1024 00b0 18       		.uleb128 0x18
 1025 00b1 00       		.byte	0
 1026 00b2 00       		.byte	0
ARM GAS  C:\Users\tslator\AppData\Local\Temp\ccmUfvgV.s 			page 19


 1027 00b3 00       		.byte	0
 1028              		.section	.debug_aranges,"",%progbits
 1029 0000 14000000 		.4byte	0x14
 1030 0004 0200     		.2byte	0x2
 1031 0006 00000000 		.4byte	.Ldebug_info0
 1032 000a 04       		.byte	0x4
 1033 000b 00       		.byte	0
 1034 000c 0000     		.2byte	0
 1035 000e 0000     		.2byte	0
 1036 0010 00000000 		.4byte	0
 1037 0014 00000000 		.4byte	0
 1038              		.section	.debug_line,"",%progbits
 1039              	.Ldebug_line0:
 1040 0000 5F000000 		.section	.debug_str,"MS",%progbits,1
 1040      02005900 
 1040      00000201 
 1040      FB0E0D00 
 1040      01010101 
 1041              	.LASF27:
 1042 0000 55534255 		.ascii	"USBUART_DEVICE0_CONFIGURATION0_INTERFACE_CLASS\000"
 1042      4152545F 
 1042      44455649 
 1042      4345305F 
 1042      434F4E46 
 1043              	.LASF38:
 1044 002f 2E5C4765 		.ascii	".\\Generated_Source\\PSoC5\\USBUART_descr.c\000"
 1044      6E657261 
 1044      7465645F 
 1044      536F7572 
 1044      63655C50 
 1045              	.LASF32:
 1046 0058 55534255 		.ascii	"USBUART_STRING_DESCRIPTORS\000"
 1046      4152545F 
 1046      53545249 
 1046      4E475F44 
 1046      45534352 
 1047              	.LASF26:
 1048 0073 55534255 		.ascii	"USBUART_DEVICE0_CONFIGURATION0_EP_SETTINGS_TABLE\000"
 1048      4152545F 
 1048      44455649 
 1048      4345305F 
 1048      434F4E46 
 1049              	.LASF34:
 1050 00a4 55534255 		.ascii	"USBUART_MSOS_DESCRIPTOR\000"
 1050      4152545F 
 1050      4D534F53 
 1050      5F444553 
 1050      43524950 
 1051              	.LASF24:
 1052 00bc 55534255 		.ascii	"USBUART_DEVICE0_DESCR\000"
 1052      4152545F 
 1052      44455649 
 1052      4345305F 
 1052      44455343 
 1053              	.LASF33:
 1054 00d2 55534255 		.ascii	"USBUART_HIDREPORT_DESCRIPTOR1\000"
 1054      4152545F 
ARM GAS  C:\Users\tslator\AppData\Local\Temp\ccmUfvgV.s 			page 20


 1054      48494452 
 1054      45504F52 
 1054      545F4445 
 1055              	.LASF11:
 1056 00f0 666C6F61 		.ascii	"float\000"
 1056      7400
 1057              	.LASF31:
 1058 00f6 55534255 		.ascii	"USBUART_SN_STRING_DESCRIPTOR\000"
 1058      4152545F 
 1058      534E5F53 
 1058      5452494E 
 1058      475F4445 
 1059              	.LASF16:
 1060 0113 616C7453 		.ascii	"altSetting\000"
 1060      65747469 
 1060      6E6700
 1061              	.LASF1:
 1062 011e 756E7369 		.ascii	"unsigned char\000"
 1062      676E6564 
 1062      20636861 
 1062      7200
 1063              	.LASF18:
 1064 012c 61747472 		.ascii	"attributes\000"
 1064      69627574 
 1064      657300
 1065              	.LASF21:
 1066 0137 545F5553 		.ascii	"T_USBUART_EP_SETTINGS_BLOCK\000"
 1066      42554152 
 1066      545F4550 
 1066      5F534554 
 1066      54494E47 
 1067              	.LASF5:
 1068 0153 6C6F6E67 		.ascii	"long unsigned int\000"
 1068      20756E73 
 1068      69676E65 
 1068      6420696E 
 1068      7400
 1069              	.LASF17:
 1070 0165 61646472 		.ascii	"addr\000"
 1070      00
 1071              	.LASF28:
 1072 016a 55534255 		.ascii	"USBUART_DEVICE0_CONFIGURATION0_TABLE\000"
 1072      4152545F 
 1072      44455649 
 1072      4345305F 
 1072      434F4E46 
 1073              	.LASF35:
 1074 018f 55534255 		.ascii	"USBUART_MSOS_CONFIGURATION_DESCR\000"
 1074      4152545F 
 1074      4D534F53 
 1074      5F434F4E 
 1074      46494755 
 1075              	.LASF12:
 1076 01b0 646F7562 		.ascii	"double\000"
 1076      6C6500
 1077              	.LASF10:
 1078 01b7 75696E74 		.ascii	"uint16\000"
ARM GAS  C:\Users\tslator\AppData\Local\Temp\ccmUfvgV.s 			page 21


 1078      313600
 1079              	.LASF37:
 1080 01be 474E5520 		.ascii	"GNU C 4.9.3 20150303 (release) [ARM/embedded-4_9-br"
 1080      4320342E 
 1080      392E3320 
 1080      32303135 
 1080      30333033 
 1081 01f1 616E6368 		.ascii	"anch revision 221220] -mcpu=cortex-m3 -mthumb -g -O"
 1081      20726576 
 1081      6973696F 
 1081      6E203232 
 1081      31323230 
 1082 0224 67202D66 		.ascii	"g -ffunction-sections -ffat-lto-objects\000"
 1082      66756E63 
 1082      74696F6E 
 1082      2D736563 
 1082      74696F6E 
 1083              	.LASF8:
 1084 024c 756E7369 		.ascii	"unsigned int\000"
 1084      676E6564 
 1084      20696E74 
 1084      00
 1085              	.LASF23:
 1086 0259 545F5553 		.ascii	"T_USBUART_LUT\000"
 1086      42554152 
 1086      545F4C55 
 1086      5400
 1087              	.LASF7:
 1088 0267 6C6F6E67 		.ascii	"long long unsigned int\000"
 1088      206C6F6E 
 1088      6720756E 
 1088      7369676E 
 1088      65642069 
 1089              	.LASF25:
 1090 027e 55534255 		.ascii	"USBUART_DEVICE0_CONFIGURATION0_DESCR\000"
 1090      4152545F 
 1090      44455649 
 1090      4345305F 
 1090      434F4E46 
 1091              	.LASF22:
 1092 02a3 705F6C69 		.ascii	"p_list\000"
 1092      737400
 1093              	.LASF14:
 1094 02aa 73697A65 		.ascii	"sizetype\000"
 1094      74797065 
 1094      00
 1095              	.LASF29:
 1096 02b3 55534255 		.ascii	"USBUART_DEVICE0_TABLE\000"
 1096      4152545F 
 1096      44455649 
 1096      4345305F 
 1096      5441424C 
 1097              	.LASF6:
 1098 02c9 6C6F6E67 		.ascii	"long long int\000"
 1098      206C6F6E 
 1098      6720696E 
 1098      7400
ARM GAS  C:\Users\tslator\AppData\Local\Temp\ccmUfvgV.s 			page 22


 1099              	.LASF13:
 1100 02d7 63686172 		.ascii	"char\000"
 1100      00
 1101              	.LASF19:
 1102 02dc 62756666 		.ascii	"bufferSize\000"
 1102      65725369 
 1102      7A6500
 1103              	.LASF30:
 1104 02e7 55534255 		.ascii	"USBUART_TABLE\000"
 1104      4152545F 
 1104      5441424C 
 1104      4500
 1105              	.LASF2:
 1106 02f5 73686F72 		.ascii	"short int\000"
 1106      7420696E 
 1106      7400
 1107              	.LASF9:
 1108 02ff 75696E74 		.ascii	"uint8\000"
 1108      3800
 1109              	.LASF15:
 1110 0305 696E7465 		.ascii	"interface\000"
 1110      72666163 
 1110      6500
 1111              	.LASF4:
 1112 030f 6C6F6E67 		.ascii	"long int\000"
 1112      20696E74 
 1112      00
 1113              	.LASF0:
 1114 0318 7369676E 		.ascii	"signed char\000"
 1114      65642063 
 1114      68617200 
 1115              	.LASF3:
 1116 0324 73686F72 		.ascii	"short unsigned int\000"
 1116      7420756E 
 1116      7369676E 
 1116      65642069 
 1116      6E7400
 1117              	.LASF39:
 1118 0337 443A5C70 		.ascii	"D:\\projects\\arlobot_freesoc\\freesoc.cydsn\000"
 1118      726F6A65 
 1118      6374735C 
 1118      61726C6F 
 1118      626F745F 
 1119              	.LASF20:
 1120 0361 624D6973 		.ascii	"bMisc\000"
 1120      6300
 1121              	.LASF36:
 1122 0367 55534255 		.ascii	"USBUART_idSerialNumberStringDescriptor\000"
 1122      4152545F 
 1122      69645365 
 1122      7269616C 
 1122      4E756D62 
 1123              		.ident	"GCC: (GNU Tools for ARM Embedded Processors) 4.9.3 20150303 (release) [ARM/embedded-4_9-br
