ARM GAS  C:\Users\Tim\AppData\Local\Temp\cc0zoR3p.s 			page 1


   1              		.syntax unified
   2              		.cpu cortex-m3
   3              		.fpu softvfp
   4              		.eabi_attribute 20, 1
   5              		.eabi_attribute 21, 1
   6              		.eabi_attribute 23, 3
   7              		.eabi_attribute 24, 1
   8              		.eabi_attribute 25, 1
   9              		.eabi_attribute 26, 1
  10              		.eabi_attribute 30, 1
  11              		.eabi_attribute 34, 1
  12              		.eabi_attribute 18, 4
  13              		.thumb
  14              		.file	"USBUART_cls.c"
  15              		.text
  16              	.Ltext0:
  17              		.cfi_sections	.debug_frame
  18              		.section	.text.USBUART_DispatchClassRqst,"ax",%progbits
  19              		.align	2
  20              		.global	USBUART_DispatchClassRqst
  21              		.thumb
  22              		.thumb_func
  23              		.type	USBUART_DispatchClassRqst, %function
  24              	USBUART_DispatchClassRqst:
  25              	.LFB0:
  26              		.file 1 ".\\Generated_Source\\PSoC5\\USBUART_cls.c"
   1:.\Generated_Source\PSoC5/USBUART_cls.c **** /***************************************************************************//**
   2:.\Generated_Source\PSoC5/USBUART_cls.c **** * \file USBUART_cls.c
   3:.\Generated_Source\PSoC5/USBUART_cls.c **** * \version 3.0
   4:.\Generated_Source\PSoC5/USBUART_cls.c **** *
   5:.\Generated_Source\PSoC5/USBUART_cls.c **** * \brief
   6:.\Generated_Source\PSoC5/USBUART_cls.c **** *  This file contains the USB Class request handler.
   7:.\Generated_Source\PSoC5/USBUART_cls.c **** *
   8:.\Generated_Source\PSoC5/USBUART_cls.c **** ********************************************************************************
   9:.\Generated_Source\PSoC5/USBUART_cls.c **** * \copyright
  10:.\Generated_Source\PSoC5/USBUART_cls.c **** * Copyright 2008-2015, Cypress Semiconductor Corporation.  All rights reserved.
  11:.\Generated_Source\PSoC5/USBUART_cls.c **** * You may use this file only in accordance with the license, terms, conditions,
  12:.\Generated_Source\PSoC5/USBUART_cls.c **** * disclaimers, and limitations in the end user license agreement accompanying
  13:.\Generated_Source\PSoC5/USBUART_cls.c **** * the software package with which this file was provided.
  14:.\Generated_Source\PSoC5/USBUART_cls.c **** *******************************************************************************/
  15:.\Generated_Source\PSoC5/USBUART_cls.c **** 
  16:.\Generated_Source\PSoC5/USBUART_cls.c **** #include "USBUART_pvt.h"
  17:.\Generated_Source\PSoC5/USBUART_cls.c **** #include "cyapicallbacks.h"
  18:.\Generated_Source\PSoC5/USBUART_cls.c **** 
  19:.\Generated_Source\PSoC5/USBUART_cls.c **** #if(USBUART_EXTERN_CLS == USBUART_FALSE)
  20:.\Generated_Source\PSoC5/USBUART_cls.c **** 
  21:.\Generated_Source\PSoC5/USBUART_cls.c **** /***************************************
  22:.\Generated_Source\PSoC5/USBUART_cls.c **** * User Implemented Class Driver Declarations.
  23:.\Generated_Source\PSoC5/USBUART_cls.c **** ***************************************/
  24:.\Generated_Source\PSoC5/USBUART_cls.c **** /* `#START USER_DEFINED_CLASS_DECLARATIONS` Place your declaration here */
  25:.\Generated_Source\PSoC5/USBUART_cls.c **** 
  26:.\Generated_Source\PSoC5/USBUART_cls.c **** /* `#END` */
  27:.\Generated_Source\PSoC5/USBUART_cls.c **** 
  28:.\Generated_Source\PSoC5/USBUART_cls.c **** 
  29:.\Generated_Source\PSoC5/USBUART_cls.c **** /*******************************************************************************
  30:.\Generated_Source\PSoC5/USBUART_cls.c **** * Function Name: USBUART_DispatchClassRqst
  31:.\Generated_Source\PSoC5/USBUART_cls.c **** ****************************************************************************//**
ARM GAS  C:\Users\Tim\AppData\Local\Temp\cc0zoR3p.s 			page 2


  32:.\Generated_Source\PSoC5/USBUART_cls.c **** *  This routine dispatches class specific requests depend on interface class.
  33:.\Generated_Source\PSoC5/USBUART_cls.c **** *
  34:.\Generated_Source\PSoC5/USBUART_cls.c **** * \return
  35:.\Generated_Source\PSoC5/USBUART_cls.c **** *  requestHandled.
  36:.\Generated_Source\PSoC5/USBUART_cls.c **** *
  37:.\Generated_Source\PSoC5/USBUART_cls.c **** * \reentrant
  38:.\Generated_Source\PSoC5/USBUART_cls.c **** *  No.
  39:.\Generated_Source\PSoC5/USBUART_cls.c **** *
  40:.\Generated_Source\PSoC5/USBUART_cls.c **** *******************************************************************************/
  41:.\Generated_Source\PSoC5/USBUART_cls.c **** uint8 USBUART_DispatchClassRqst(void) 
  42:.\Generated_Source\PSoC5/USBUART_cls.c **** {
  27              		.loc 1 42 0
  28              		.cfi_startproc
  29              		@ args = 0, pretend = 0, frame = 0
  30              		@ frame_needed = 0, uses_anonymous_args = 0
  31 0000 08B5     		push	{r3, lr}
  32              		.cfi_def_cfa_offset 8
  33              		.cfi_offset 3, -8
  34              		.cfi_offset 14, -4
  43:.\Generated_Source\PSoC5/USBUART_cls.c ****     uint8 requestHandled;
  44:.\Generated_Source\PSoC5/USBUART_cls.c ****     uint8 interfaceNumber;
  45:.\Generated_Source\PSoC5/USBUART_cls.c **** 
  46:.\Generated_Source\PSoC5/USBUART_cls.c ****     /* Get interface to which request is intended. */
  47:.\Generated_Source\PSoC5/USBUART_cls.c ****     switch (USBUART_bmRequestTypeReg & USBUART_RQST_RCPT_MASK)
  35              		.loc 1 47 0
  36 0002 144B     		ldr	r3, .L13
  37 0004 1B78     		ldrb	r3, [r3]	@ zero_extendqisi2
  38 0006 03F00303 		and	r3, r3, #3
  39 000a 012B     		cmp	r3, #1
  40 000c 02D0     		beq	.L3
  41 000e 022B     		cmp	r3, #2
  42 0010 04D0     		beq	.L4
  43 0012 0FE0     		b	.L10
  44              	.L3:
  48:.\Generated_Source\PSoC5/USBUART_cls.c ****     {
  49:.\Generated_Source\PSoC5/USBUART_cls.c ****         case USBUART_RQST_RCPT_IFC:
  50:.\Generated_Source\PSoC5/USBUART_cls.c ****             /* Class-specific request directed to interface: wIndexLoReg 
  51:.\Generated_Source\PSoC5/USBUART_cls.c ****             * contains interface number.
  52:.\Generated_Source\PSoC5/USBUART_cls.c ****             */
  53:.\Generated_Source\PSoC5/USBUART_cls.c ****             interfaceNumber = (uint8) USBUART_wIndexLoReg;
  45              		.loc 1 53 0
  46 0014 0F4B     		ldr	r3, .L13
  47 0016 1B79     		ldrb	r3, [r3, #4]	@ zero_extendqisi2
  48 0018 DBB2     		uxtb	r3, r3
  49              	.LVL0:
  54:.\Generated_Source\PSoC5/USBUART_cls.c ****             break;
  50              		.loc 1 54 0
  51 001a 0CE0     		b	.L2
  52              	.LVL1:
  53              	.L4:
  55:.\Generated_Source\PSoC5/USBUART_cls.c ****         
  56:.\Generated_Source\PSoC5/USBUART_cls.c ****         case USBUART_RQST_RCPT_EP:
  57:.\Generated_Source\PSoC5/USBUART_cls.c ****             /* Class-specific request directed to endpoint: wIndexLoReg contains 
  58:.\Generated_Source\PSoC5/USBUART_cls.c ****             * endpoint number. Find interface related to endpoint, 
  59:.\Generated_Source\PSoC5/USBUART_cls.c ****             */
  60:.\Generated_Source\PSoC5/USBUART_cls.c ****             interfaceNumber = USBUART_EP[USBUART_wIndexLoReg & USBUART_DIR_UNUSED].interface;
  54              		.loc 1 60 0
ARM GAS  C:\Users\Tim\AppData\Local\Temp\cc0zoR3p.s 			page 3


  55 001c 0D4B     		ldr	r3, .L13
  56 001e 1B79     		ldrb	r3, [r3, #4]	@ zero_extendqisi2
  57 0020 03F07F03 		and	r3, r3, #127
  58 0024 03EB4303 		add	r3, r3, r3, lsl #1
  59 0028 9B00     		lsls	r3, r3, #2
  60 002a 0B4A     		ldr	r2, .L13+4
  61 002c 1344     		add	r3, r3, r2
  62 002e 9B78     		ldrb	r3, [r3, #2]	@ zero_extendqisi2
  63 0030 DBB2     		uxtb	r3, r3
  64              	.LVL2:
  61:.\Generated_Source\PSoC5/USBUART_cls.c ****             break;
  65              		.loc 1 61 0
  66 0032 00E0     		b	.L2
  67              	.LVL3:
  68              	.L10:
  62:.\Generated_Source\PSoC5/USBUART_cls.c ****             
  63:.\Generated_Source\PSoC5/USBUART_cls.c ****         default:
  64:.\Generated_Source\PSoC5/USBUART_cls.c ****             /* Default interface is zero. */
  65:.\Generated_Source\PSoC5/USBUART_cls.c ****             interfaceNumber = 0u;
  69              		.loc 1 65 0
  70 0034 0023     		movs	r3, #0
  71              	.L2:
  72              	.LVL4:
  66:.\Generated_Source\PSoC5/USBUART_cls.c ****             break;
  67:.\Generated_Source\PSoC5/USBUART_cls.c ****     }
  68:.\Generated_Source\PSoC5/USBUART_cls.c **** 
  69:.\Generated_Source\PSoC5/USBUART_cls.c **** #if (defined(USBUART_ENABLE_HID_CLASS) ||\
  70:.\Generated_Source\PSoC5/USBUART_cls.c ****             defined(USBUART_ENABLE_AUDIO_CLASS) ||\
  71:.\Generated_Source\PSoC5/USBUART_cls.c ****             defined(USBUART_ENABLE_CDC_CLASS) ||\
  72:.\Generated_Source\PSoC5/USBUART_cls.c ****             USBUART_ENABLE_MSC_CLASS)
  73:.\Generated_Source\PSoC5/USBUART_cls.c **** 
  74:.\Generated_Source\PSoC5/USBUART_cls.c ****     /* Handle class request depends on interface type. */
  75:.\Generated_Source\PSoC5/USBUART_cls.c ****     switch (USBUART_interfaceClass[interfaceNumber])
  73              		.loc 1 75 0
  74 0036 094A     		ldr	r2, .L13+8
  75 0038 1268     		ldr	r2, [r2]
  76 003a D35C     		ldrb	r3, [r2, r3]	@ zero_extendqisi2
  77              	.LVL5:
  78 003c 022B     		cmp	r3, #2
  79 003e 04D0     		beq	.L6
  80 0040 032B     		cmp	r3, #3
  81 0042 05D1     		bne	.L11
  76:.\Generated_Source\PSoC5/USBUART_cls.c ****     {
  77:.\Generated_Source\PSoC5/USBUART_cls.c ****     #if defined(USBUART_ENABLE_HID_CLASS)
  78:.\Generated_Source\PSoC5/USBUART_cls.c ****         case USBUART_CLASS_HID:
  79:.\Generated_Source\PSoC5/USBUART_cls.c ****             requestHandled = USBUART_DispatchHIDClassRqst();
  82              		.loc 1 79 0
  83 0044 FFF7FEFF 		bl	USBUART_DispatchHIDClassRqst
  84              	.LVL6:
  80:.\Generated_Source\PSoC5/USBUART_cls.c ****             break;
  85              		.loc 1 80 0
  86 0048 08BD     		pop	{r3, pc}
  87              	.LVL7:
  88              	.L6:
  81:.\Generated_Source\PSoC5/USBUART_cls.c ****     #endif /* (USBUART_ENABLE_HID_CLASS) */
  82:.\Generated_Source\PSoC5/USBUART_cls.c ****             
  83:.\Generated_Source\PSoC5/USBUART_cls.c ****     #if defined(USBUART_ENABLE_AUDIO_CLASS)
ARM GAS  C:\Users\Tim\AppData\Local\Temp\cc0zoR3p.s 			page 4


  84:.\Generated_Source\PSoC5/USBUART_cls.c ****         case USBUART_CLASS_AUDIO:
  85:.\Generated_Source\PSoC5/USBUART_cls.c ****             requestHandled = USBUART_DispatchAUDIOClassRqst();
  86:.\Generated_Source\PSoC5/USBUART_cls.c ****             break;
  87:.\Generated_Source\PSoC5/USBUART_cls.c ****     #endif /* (USBUART_CLASS_AUDIO) */
  88:.\Generated_Source\PSoC5/USBUART_cls.c ****             
  89:.\Generated_Source\PSoC5/USBUART_cls.c ****     #if defined(USBUART_ENABLE_CDC_CLASS)
  90:.\Generated_Source\PSoC5/USBUART_cls.c ****         case USBUART_CLASS_CDC:
  91:.\Generated_Source\PSoC5/USBUART_cls.c ****             requestHandled = USBUART_DispatchCDCClassRqst();
  89              		.loc 1 91 0
  90 004a FFF7FEFF 		bl	USBUART_DispatchCDCClassRqst
  91              	.LVL8:
  92:.\Generated_Source\PSoC5/USBUART_cls.c ****             break;
  92              		.loc 1 92 0
  93 004e 08BD     		pop	{r3, pc}
  94              	.LVL9:
  95              	.L11:
  93:.\Generated_Source\PSoC5/USBUART_cls.c ****     #endif /* (USBUART_ENABLE_CDC_CLASS) */
  94:.\Generated_Source\PSoC5/USBUART_cls.c ****         
  95:.\Generated_Source\PSoC5/USBUART_cls.c ****     #if (USBUART_ENABLE_MSC_CLASS)
  96:.\Generated_Source\PSoC5/USBUART_cls.c ****         case USBUART_CLASS_MSD:
  97:.\Generated_Source\PSoC5/USBUART_cls.c ****         #if (USBUART_HANDLE_MSC_REQUESTS)
  98:.\Generated_Source\PSoC5/USBUART_cls.c ****             /* MSC requests are handled by the component. */
  99:.\Generated_Source\PSoC5/USBUART_cls.c ****             requestHandled = USBUART_DispatchMSCClassRqst();
 100:.\Generated_Source\PSoC5/USBUART_cls.c ****         #elif defined(USBUART_DISPATCH_MSC_CLASS_RQST_CALLBACK)
 101:.\Generated_Source\PSoC5/USBUART_cls.c ****             /* MSC requests are handled by user defined callbcak. */
 102:.\Generated_Source\PSoC5/USBUART_cls.c ****             requestHandled = USBUART_DispatchMSCClassRqst_Callback();
 103:.\Generated_Source\PSoC5/USBUART_cls.c ****         #else
 104:.\Generated_Source\PSoC5/USBUART_cls.c ****             /* MSC requests are not handled. */
 105:.\Generated_Source\PSoC5/USBUART_cls.c ****             requestHandled = USBUART_FALSE;
 106:.\Generated_Source\PSoC5/USBUART_cls.c ****         #endif /* (USBUART_HANDLE_MSC_REQUESTS) */
 107:.\Generated_Source\PSoC5/USBUART_cls.c ****             break;
 108:.\Generated_Source\PSoC5/USBUART_cls.c ****     #endif /* (USBUART_ENABLE_MSC_CLASS) */
 109:.\Generated_Source\PSoC5/USBUART_cls.c ****         
 110:.\Generated_Source\PSoC5/USBUART_cls.c ****         default:
 111:.\Generated_Source\PSoC5/USBUART_cls.c ****             /* Request is not handled: unknown class request type. */
 112:.\Generated_Source\PSoC5/USBUART_cls.c ****             requestHandled = USBUART_FALSE;
  96              		.loc 1 112 0
  97 0050 0020     		movs	r0, #0
  98              	.LVL10:
 113:.\Generated_Source\PSoC5/USBUART_cls.c ****             break;
 114:.\Generated_Source\PSoC5/USBUART_cls.c ****     }
 115:.\Generated_Source\PSoC5/USBUART_cls.c **** #else /*No class is defined*/
 116:.\Generated_Source\PSoC5/USBUART_cls.c ****     if (0u != interfaceNumber)
 117:.\Generated_Source\PSoC5/USBUART_cls.c ****     {
 118:.\Generated_Source\PSoC5/USBUART_cls.c ****         /* Suppress warning message */
 119:.\Generated_Source\PSoC5/USBUART_cls.c ****     }
 120:.\Generated_Source\PSoC5/USBUART_cls.c ****     requestHandled = USBUART_FALSE;
 121:.\Generated_Source\PSoC5/USBUART_cls.c **** #endif /*HID or AUDIO or MSC or CDC class enabled*/
 122:.\Generated_Source\PSoC5/USBUART_cls.c **** 
 123:.\Generated_Source\PSoC5/USBUART_cls.c ****     /* `#START USER_DEFINED_CLASS_CODE` Place your Class request here */
 124:.\Generated_Source\PSoC5/USBUART_cls.c **** 
 125:.\Generated_Source\PSoC5/USBUART_cls.c ****     /* `#END` */
 126:.\Generated_Source\PSoC5/USBUART_cls.c **** 
 127:.\Generated_Source\PSoC5/USBUART_cls.c **** #ifdef USBUART_DISPATCH_CLASS_RQST_CALLBACK
 128:.\Generated_Source\PSoC5/USBUART_cls.c ****     if (USBUART_FALSE == requestHandled)
 129:.\Generated_Source\PSoC5/USBUART_cls.c ****     {
 130:.\Generated_Source\PSoC5/USBUART_cls.c ****         requestHandled = USBUART_DispatchClassRqst_Callback(interfaceNumber);
ARM GAS  C:\Users\Tim\AppData\Local\Temp\cc0zoR3p.s 			page 5


 131:.\Generated_Source\PSoC5/USBUART_cls.c ****     }
 132:.\Generated_Source\PSoC5/USBUART_cls.c **** #endif /* (USBUART_DISPATCH_CLASS_RQST_CALLBACK) */
 133:.\Generated_Source\PSoC5/USBUART_cls.c **** 
 134:.\Generated_Source\PSoC5/USBUART_cls.c ****     return (requestHandled);
 135:.\Generated_Source\PSoC5/USBUART_cls.c **** }
  99              		.loc 1 135 0
 100 0052 08BD     		pop	{r3, pc}
 101              	.L14:
 102              		.align	2
 103              	.L13:
 104 0054 00600040 		.word	1073766400
 105 0058 08000000 		.word	USBUART_EP+8
 106 005c 00000000 		.word	USBUART_interfaceClass
 107              		.cfi_endproc
 108              	.LFE0:
 109              		.size	USBUART_DispatchClassRqst, .-USBUART_DispatchClassRqst
 110              		.text
 111              	.Letext0:
 112              		.file 2 ".\\Generated_Source\\PSoC5\\cytypes.h"
 113              		.file 3 ".\\Generated_Source\\PSoC5\\USBUART.h"
 114              		.file 4 ".\\Generated_Source\\PSoC5\\USBUART_pvt.h"
 115              		.section	.debug_info,"",%progbits
 116              	.Ldebug_info0:
 117 0000 E2010000 		.4byte	0x1e2
 118 0004 0400     		.2byte	0x4
 119 0006 00000000 		.4byte	.Ldebug_abbrev0
 120 000a 04       		.byte	0x4
 121 000b 01       		.uleb128 0x1
 122 000c 55010000 		.4byte	.LASF33
 123 0010 01       		.byte	0x1
 124 0011 6C000000 		.4byte	.LASF34
 125 0015 FE000000 		.4byte	.LASF35
 126 0019 00000000 		.4byte	.Ldebug_ranges0+0
 127 001d 00000000 		.4byte	0
 128 0021 00000000 		.4byte	.Ldebug_line0
 129 0025 02       		.uleb128 0x2
 130 0026 01       		.byte	0x1
 131 0027 06       		.byte	0x6
 132 0028 AB020000 		.4byte	.LASF0
 133 002c 02       		.uleb128 0x2
 134 002d 01       		.byte	0x1
 135 002e 08       		.byte	0x8
 136 002f D0000000 		.4byte	.LASF1
 137 0033 02       		.uleb128 0x2
 138 0034 02       		.byte	0x2
 139 0035 05       		.byte	0x5
 140 0036 71020000 		.4byte	.LASF2
 141 003a 02       		.uleb128 0x2
 142 003b 02       		.byte	0x2
 143 003c 07       		.byte	0x7
 144 003d 1D000000 		.4byte	.LASF3
 145 0041 02       		.uleb128 0x2
 146 0042 04       		.byte	0x4
 147 0043 05       		.byte	0x5
 148 0044 8B020000 		.4byte	.LASF4
 149 0048 02       		.uleb128 0x2
 150 0049 04       		.byte	0x4
ARM GAS  C:\Users\Tim\AppData\Local\Temp\cc0zoR3p.s 			page 6


 151 004a 07       		.byte	0x7
 152 004b A9000000 		.4byte	.LASF5
 153 004f 02       		.uleb128 0x2
 154 0050 08       		.byte	0x8
 155 0051 05       		.byte	0x5
 156 0052 53020000 		.4byte	.LASF6
 157 0056 02       		.uleb128 0x2
 158 0057 08       		.byte	0x8
 159 0058 07       		.byte	0x7
 160 0059 F0010000 		.4byte	.LASF7
 161 005d 03       		.uleb128 0x3
 162 005e 04       		.byte	0x4
 163 005f 05       		.byte	0x5
 164 0060 696E7400 		.ascii	"int\000"
 165 0064 02       		.uleb128 0x2
 166 0065 04       		.byte	0x4
 167 0066 07       		.byte	0x7
 168 0067 E3010000 		.4byte	.LASF8
 169 006b 04       		.uleb128 0x4
 170 006c 7B020000 		.4byte	.LASF9
 171 0070 02       		.byte	0x2
 172 0071 3801     		.2byte	0x138
 173 0073 2C000000 		.4byte	0x2c
 174 0077 04       		.uleb128 0x4
 175 0078 F7000000 		.4byte	.LASF10
 176 007c 02       		.byte	0x2
 177 007d 3901     		.2byte	0x139
 178 007f 3A000000 		.4byte	0x3a
 179 0083 02       		.uleb128 0x2
 180 0084 04       		.byte	0x4
 181 0085 04       		.byte	0x4
 182 0086 5D000000 		.4byte	.LASF11
 183 008a 02       		.uleb128 0x2
 184 008b 08       		.byte	0x8
 185 008c 04       		.byte	0x4
 186 008d DE000000 		.4byte	.LASF12
 187 0091 02       		.uleb128 0x2
 188 0092 01       		.byte	0x1
 189 0093 08       		.byte	0x8
 190 0094 61020000 		.4byte	.LASF13
 191 0098 02       		.uleb128 0x2
 192 0099 04       		.byte	0x4
 193 009a 07       		.byte	0x7
 194 009b 43020000 		.4byte	.LASF14
 195 009f 05       		.uleb128 0x5
 196 00a0 0C       		.byte	0xc
 197 00a1 03       		.byte	0x3
 198 00a2 91       		.byte	0x91
 199 00a3 14010000 		.4byte	0x114
 200 00a7 06       		.uleb128 0x6
 201 00a8 E5000000 		.4byte	.LASF15
 202 00ac 03       		.byte	0x3
 203 00ad 93       		.byte	0x93
 204 00ae 6B000000 		.4byte	0x6b
 205 00b2 00       		.byte	0
 206 00b3 06       		.uleb128 0x6
 207 00b4 9E000000 		.4byte	.LASF16
ARM GAS  C:\Users\Tim\AppData\Local\Temp\cc0zoR3p.s 			page 7


 208 00b8 03       		.byte	0x3
 209 00b9 94       		.byte	0x94
 210 00ba 6B000000 		.4byte	0x6b
 211 00be 01       		.byte	0x1
 212 00bf 06       		.uleb128 0x6
 213 00c0 07020000 		.4byte	.LASF17
 214 00c4 03       		.byte	0x3
 215 00c5 95       		.byte	0x95
 216 00c6 6B000000 		.4byte	0x6b
 217 00ca 02       		.byte	0x2
 218 00cb 06       		.uleb128 0x6
 219 00cc 63000000 		.4byte	.LASF18
 220 00d0 03       		.byte	0x3
 221 00d1 96       		.byte	0x96
 222 00d2 6B000000 		.4byte	0x6b
 223 00d6 03       		.byte	0x3
 224 00d7 06       		.uleb128 0x6
 225 00d8 BB000000 		.4byte	.LASF19
 226 00dc 03       		.byte	0x3
 227 00dd 97       		.byte	0x97
 228 00de 6B000000 		.4byte	0x6b
 229 00e2 04       		.byte	0x4
 230 00e3 06       		.uleb128 0x6
 231 00e4 4C020000 		.4byte	.LASF20
 232 00e8 03       		.byte	0x3
 233 00e9 98       		.byte	0x98
 234 00ea 6B000000 		.4byte	0x6b
 235 00ee 05       		.byte	0x5
 236 00ef 06       		.uleb128 0x6
 237 00f0 EC000000 		.4byte	.LASF21
 238 00f4 03       		.byte	0x3
 239 00f5 99       		.byte	0x99
 240 00f6 77000000 		.4byte	0x77
 241 00fa 06       		.byte	0x6
 242 00fb 06       		.uleb128 0x6
 243 00fc 66020000 		.4byte	.LASF22
 244 0100 03       		.byte	0x3
 245 0101 9A       		.byte	0x9a
 246 0102 77000000 		.4byte	0x77
 247 0106 08       		.byte	0x8
 248 0107 06       		.uleb128 0x6
 249 0108 81020000 		.4byte	.LASF23
 250 010c 03       		.byte	0x3
 251 010d 9B       		.byte	0x9b
 252 010e 6B000000 		.4byte	0x6b
 253 0112 0A       		.byte	0xa
 254 0113 00       		.byte	0
 255 0114 07       		.uleb128 0x7
 256 0115 94020000 		.4byte	.LASF24
 257 0119 03       		.byte	0x3
 258 011a 9C       		.byte	0x9c
 259 011b 9F000000 		.4byte	0x9f
 260 011f 05       		.uleb128 0x5
 261 0120 08       		.byte	0x8
 262 0121 03       		.byte	0x3
 263 0122 C9       		.byte	0xc9
 264 0123 34010000 		.4byte	0x134
ARM GAS  C:\Users\Tim\AppData\Local\Temp\cc0zoR3p.s 			page 8


 265 0127 06       		.uleb128 0x6
 266 0128 47000000 		.4byte	.LASF25
 267 012c 03       		.byte	0x3
 268 012d CB       		.byte	0xcb
 269 012e 34010000 		.4byte	0x134
 270 0132 00       		.byte	0
 271 0133 00       		.byte	0
 272 0134 08       		.uleb128 0x8
 273 0135 6B000000 		.4byte	0x6b
 274 0139 44010000 		.4byte	0x144
 275 013d 09       		.uleb128 0x9
 276 013e 98000000 		.4byte	0x98
 277 0142 07       		.byte	0x7
 278 0143 00       		.byte	0
 279 0144 07       		.uleb128 0x7
 280 0145 2B020000 		.4byte	.LASF26
 281 0149 03       		.byte	0x3
 282 014a CC       		.byte	0xcc
 283 014b 1F010000 		.4byte	0x11f
 284 014f 0A       		.uleb128 0xa
 285 0150 11020000 		.4byte	.LASF36
 286 0154 01       		.byte	0x1
 287 0155 29       		.byte	0x29
 288 0156 6B000000 		.4byte	0x6b
 289 015a 00000000 		.4byte	.LFB0
 290 015e 60000000 		.4byte	.LFE0-.LFB0
 291 0162 01       		.uleb128 0x1
 292 0163 9C       		.byte	0x9c
 293 0164 99010000 		.4byte	0x199
 294 0168 0B       		.uleb128 0xb
 295 0169 4E000000 		.4byte	.LASF27
 296 016d 01       		.byte	0x1
 297 016e 2B       		.byte	0x2b
 298 016f 6B000000 		.4byte	0x6b
 299 0173 00000000 		.4byte	.LLST0
 300 0177 0B       		.uleb128 0xb
 301 0178 C0000000 		.4byte	.LASF28
 302 017c 01       		.byte	0x1
 303 017d 2C       		.byte	0x2c
 304 017e 6B000000 		.4byte	0x6b
 305 0182 29000000 		.4byte	.LLST1
 306 0186 0C       		.uleb128 0xc
 307 0187 48000000 		.4byte	.LVL6
 308 018b CF010000 		.4byte	0x1cf
 309 018f 0C       		.uleb128 0xc
 310 0190 4E000000 		.4byte	.LVL8
 311 0194 DA010000 		.4byte	0x1da
 312 0198 00       		.byte	0
 313 0199 0D       		.uleb128 0xd
 314 019a 30000000 		.4byte	.LASF29
 315 019e 04       		.byte	0x4
 316 019f 78       		.byte	0x78
 317 01a0 A4010000 		.4byte	0x1a4
 318 01a4 0E       		.uleb128 0xe
 319 01a5 04       		.byte	0x4
 320 01a6 AA010000 		.4byte	0x1aa
 321 01aa 0F       		.uleb128 0xf
ARM GAS  C:\Users\Tim\AppData\Local\Temp\cc0zoR3p.s 			page 9


 322 01ab 6B000000 		.4byte	0x6b
 323 01af 08       		.uleb128 0x8
 324 01b0 14010000 		.4byte	0x114
 325 01b4 BF010000 		.4byte	0x1bf
 326 01b8 09       		.uleb128 0x9
 327 01b9 98000000 		.4byte	0x98
 328 01bd 08       		.byte	0x8
 329 01be 00       		.byte	0
 330 01bf 0D       		.uleb128 0xd
 331 01c0 93000000 		.4byte	.LASF30
 332 01c4 04       		.byte	0x4
 333 01c5 7A       		.byte	0x7a
 334 01c6 CA010000 		.4byte	0x1ca
 335 01ca 10       		.uleb128 0x10
 336 01cb AF010000 		.4byte	0x1af
 337 01cf 11       		.uleb128 0x11
 338 01d0 00000000 		.4byte	.LASF31
 339 01d4 04       		.byte	0x4
 340 01d5 D7       		.byte	0xd7
 341 01d6 6B000000 		.4byte	0x6b
 342 01da 11       		.uleb128 0x11
 343 01db 38010000 		.4byte	.LASF32
 344 01df 04       		.byte	0x4
 345 01e0 DF       		.byte	0xdf
 346 01e1 6B000000 		.4byte	0x6b
 347 01e5 00       		.byte	0
 348              		.section	.debug_abbrev,"",%progbits
 349              	.Ldebug_abbrev0:
 350 0000 01       		.uleb128 0x1
 351 0001 11       		.uleb128 0x11
 352 0002 01       		.byte	0x1
 353 0003 25       		.uleb128 0x25
 354 0004 0E       		.uleb128 0xe
 355 0005 13       		.uleb128 0x13
 356 0006 0B       		.uleb128 0xb
 357 0007 03       		.uleb128 0x3
 358 0008 0E       		.uleb128 0xe
 359 0009 1B       		.uleb128 0x1b
 360 000a 0E       		.uleb128 0xe
 361 000b 55       		.uleb128 0x55
 362 000c 17       		.uleb128 0x17
 363 000d 11       		.uleb128 0x11
 364 000e 01       		.uleb128 0x1
 365 000f 10       		.uleb128 0x10
 366 0010 17       		.uleb128 0x17
 367 0011 00       		.byte	0
 368 0012 00       		.byte	0
 369 0013 02       		.uleb128 0x2
 370 0014 24       		.uleb128 0x24
 371 0015 00       		.byte	0
 372 0016 0B       		.uleb128 0xb
 373 0017 0B       		.uleb128 0xb
 374 0018 3E       		.uleb128 0x3e
 375 0019 0B       		.uleb128 0xb
 376 001a 03       		.uleb128 0x3
 377 001b 0E       		.uleb128 0xe
 378 001c 00       		.byte	0
ARM GAS  C:\Users\Tim\AppData\Local\Temp\cc0zoR3p.s 			page 10


 379 001d 00       		.byte	0
 380 001e 03       		.uleb128 0x3
 381 001f 24       		.uleb128 0x24
 382 0020 00       		.byte	0
 383 0021 0B       		.uleb128 0xb
 384 0022 0B       		.uleb128 0xb
 385 0023 3E       		.uleb128 0x3e
 386 0024 0B       		.uleb128 0xb
 387 0025 03       		.uleb128 0x3
 388 0026 08       		.uleb128 0x8
 389 0027 00       		.byte	0
 390 0028 00       		.byte	0
 391 0029 04       		.uleb128 0x4
 392 002a 16       		.uleb128 0x16
 393 002b 00       		.byte	0
 394 002c 03       		.uleb128 0x3
 395 002d 0E       		.uleb128 0xe
 396 002e 3A       		.uleb128 0x3a
 397 002f 0B       		.uleb128 0xb
 398 0030 3B       		.uleb128 0x3b
 399 0031 05       		.uleb128 0x5
 400 0032 49       		.uleb128 0x49
 401 0033 13       		.uleb128 0x13
 402 0034 00       		.byte	0
 403 0035 00       		.byte	0
 404 0036 05       		.uleb128 0x5
 405 0037 13       		.uleb128 0x13
 406 0038 01       		.byte	0x1
 407 0039 0B       		.uleb128 0xb
 408 003a 0B       		.uleb128 0xb
 409 003b 3A       		.uleb128 0x3a
 410 003c 0B       		.uleb128 0xb
 411 003d 3B       		.uleb128 0x3b
 412 003e 0B       		.uleb128 0xb
 413 003f 01       		.uleb128 0x1
 414 0040 13       		.uleb128 0x13
 415 0041 00       		.byte	0
 416 0042 00       		.byte	0
 417 0043 06       		.uleb128 0x6
 418 0044 0D       		.uleb128 0xd
 419 0045 00       		.byte	0
 420 0046 03       		.uleb128 0x3
 421 0047 0E       		.uleb128 0xe
 422 0048 3A       		.uleb128 0x3a
 423 0049 0B       		.uleb128 0xb
 424 004a 3B       		.uleb128 0x3b
 425 004b 0B       		.uleb128 0xb
 426 004c 49       		.uleb128 0x49
 427 004d 13       		.uleb128 0x13
 428 004e 38       		.uleb128 0x38
 429 004f 0B       		.uleb128 0xb
 430 0050 00       		.byte	0
 431 0051 00       		.byte	0
 432 0052 07       		.uleb128 0x7
 433 0053 16       		.uleb128 0x16
 434 0054 00       		.byte	0
 435 0055 03       		.uleb128 0x3
ARM GAS  C:\Users\Tim\AppData\Local\Temp\cc0zoR3p.s 			page 11


 436 0056 0E       		.uleb128 0xe
 437 0057 3A       		.uleb128 0x3a
 438 0058 0B       		.uleb128 0xb
 439 0059 3B       		.uleb128 0x3b
 440 005a 0B       		.uleb128 0xb
 441 005b 49       		.uleb128 0x49
 442 005c 13       		.uleb128 0x13
 443 005d 00       		.byte	0
 444 005e 00       		.byte	0
 445 005f 08       		.uleb128 0x8
 446 0060 01       		.uleb128 0x1
 447 0061 01       		.byte	0x1
 448 0062 49       		.uleb128 0x49
 449 0063 13       		.uleb128 0x13
 450 0064 01       		.uleb128 0x1
 451 0065 13       		.uleb128 0x13
 452 0066 00       		.byte	0
 453 0067 00       		.byte	0
 454 0068 09       		.uleb128 0x9
 455 0069 21       		.uleb128 0x21
 456 006a 00       		.byte	0
 457 006b 49       		.uleb128 0x49
 458 006c 13       		.uleb128 0x13
 459 006d 2F       		.uleb128 0x2f
 460 006e 0B       		.uleb128 0xb
 461 006f 00       		.byte	0
 462 0070 00       		.byte	0
 463 0071 0A       		.uleb128 0xa
 464 0072 2E       		.uleb128 0x2e
 465 0073 01       		.byte	0x1
 466 0074 3F       		.uleb128 0x3f
 467 0075 19       		.uleb128 0x19
 468 0076 03       		.uleb128 0x3
 469 0077 0E       		.uleb128 0xe
 470 0078 3A       		.uleb128 0x3a
 471 0079 0B       		.uleb128 0xb
 472 007a 3B       		.uleb128 0x3b
 473 007b 0B       		.uleb128 0xb
 474 007c 27       		.uleb128 0x27
 475 007d 19       		.uleb128 0x19
 476 007e 49       		.uleb128 0x49
 477 007f 13       		.uleb128 0x13
 478 0080 11       		.uleb128 0x11
 479 0081 01       		.uleb128 0x1
 480 0082 12       		.uleb128 0x12
 481 0083 06       		.uleb128 0x6
 482 0084 40       		.uleb128 0x40
 483 0085 18       		.uleb128 0x18
 484 0086 9742     		.uleb128 0x2117
 485 0088 19       		.uleb128 0x19
 486 0089 01       		.uleb128 0x1
 487 008a 13       		.uleb128 0x13
 488 008b 00       		.byte	0
 489 008c 00       		.byte	0
 490 008d 0B       		.uleb128 0xb
 491 008e 34       		.uleb128 0x34
 492 008f 00       		.byte	0
ARM GAS  C:\Users\Tim\AppData\Local\Temp\cc0zoR3p.s 			page 12


 493 0090 03       		.uleb128 0x3
 494 0091 0E       		.uleb128 0xe
 495 0092 3A       		.uleb128 0x3a
 496 0093 0B       		.uleb128 0xb
 497 0094 3B       		.uleb128 0x3b
 498 0095 0B       		.uleb128 0xb
 499 0096 49       		.uleb128 0x49
 500 0097 13       		.uleb128 0x13
 501 0098 02       		.uleb128 0x2
 502 0099 17       		.uleb128 0x17
 503 009a 00       		.byte	0
 504 009b 00       		.byte	0
 505 009c 0C       		.uleb128 0xc
 506 009d 898201   		.uleb128 0x4109
 507 00a0 00       		.byte	0
 508 00a1 11       		.uleb128 0x11
 509 00a2 01       		.uleb128 0x1
 510 00a3 31       		.uleb128 0x31
 511 00a4 13       		.uleb128 0x13
 512 00a5 00       		.byte	0
 513 00a6 00       		.byte	0
 514 00a7 0D       		.uleb128 0xd
 515 00a8 34       		.uleb128 0x34
 516 00a9 00       		.byte	0
 517 00aa 03       		.uleb128 0x3
 518 00ab 0E       		.uleb128 0xe
 519 00ac 3A       		.uleb128 0x3a
 520 00ad 0B       		.uleb128 0xb
 521 00ae 3B       		.uleb128 0x3b
 522 00af 0B       		.uleb128 0xb
 523 00b0 49       		.uleb128 0x49
 524 00b1 13       		.uleb128 0x13
 525 00b2 3F       		.uleb128 0x3f
 526 00b3 19       		.uleb128 0x19
 527 00b4 3C       		.uleb128 0x3c
 528 00b5 19       		.uleb128 0x19
 529 00b6 00       		.byte	0
 530 00b7 00       		.byte	0
 531 00b8 0E       		.uleb128 0xe
 532 00b9 0F       		.uleb128 0xf
 533 00ba 00       		.byte	0
 534 00bb 0B       		.uleb128 0xb
 535 00bc 0B       		.uleb128 0xb
 536 00bd 49       		.uleb128 0x49
 537 00be 13       		.uleb128 0x13
 538 00bf 00       		.byte	0
 539 00c0 00       		.byte	0
 540 00c1 0F       		.uleb128 0xf
 541 00c2 26       		.uleb128 0x26
 542 00c3 00       		.byte	0
 543 00c4 49       		.uleb128 0x49
 544 00c5 13       		.uleb128 0x13
 545 00c6 00       		.byte	0
 546 00c7 00       		.byte	0
 547 00c8 10       		.uleb128 0x10
 548 00c9 35       		.uleb128 0x35
 549 00ca 00       		.byte	0
ARM GAS  C:\Users\Tim\AppData\Local\Temp\cc0zoR3p.s 			page 13


 550 00cb 49       		.uleb128 0x49
 551 00cc 13       		.uleb128 0x13
 552 00cd 00       		.byte	0
 553 00ce 00       		.byte	0
 554 00cf 11       		.uleb128 0x11
 555 00d0 2E       		.uleb128 0x2e
 556 00d1 00       		.byte	0
 557 00d2 3F       		.uleb128 0x3f
 558 00d3 19       		.uleb128 0x19
 559 00d4 03       		.uleb128 0x3
 560 00d5 0E       		.uleb128 0xe
 561 00d6 3A       		.uleb128 0x3a
 562 00d7 0B       		.uleb128 0xb
 563 00d8 3B       		.uleb128 0x3b
 564 00d9 0B       		.uleb128 0xb
 565 00da 27       		.uleb128 0x27
 566 00db 19       		.uleb128 0x19
 567 00dc 49       		.uleb128 0x49
 568 00dd 13       		.uleb128 0x13
 569 00de 3C       		.uleb128 0x3c
 570 00df 19       		.uleb128 0x19
 571 00e0 00       		.byte	0
 572 00e1 00       		.byte	0
 573 00e2 00       		.byte	0
 574              		.section	.debug_loc,"",%progbits
 575              	.Ldebug_loc0:
 576              	.LLST0:
 577 0000 48000000 		.4byte	.LVL6
 578 0004 4A000000 		.4byte	.LVL7
 579 0008 0100     		.2byte	0x1
 580 000a 50       		.byte	0x50
 581 000b 4E000000 		.4byte	.LVL8
 582 000f 50000000 		.4byte	.LVL9
 583 0013 0100     		.2byte	0x1
 584 0015 50       		.byte	0x50
 585 0016 52000000 		.4byte	.LVL10
 586 001a 60000000 		.4byte	.LFE0
 587 001e 0100     		.2byte	0x1
 588 0020 50       		.byte	0x50
 589 0021 00000000 		.4byte	0
 590 0025 00000000 		.4byte	0
 591              	.LLST1:
 592 0029 1A000000 		.4byte	.LVL0
 593 002d 1C000000 		.4byte	.LVL1
 594 0031 0100     		.2byte	0x1
 595 0033 53       		.byte	0x53
 596 0034 32000000 		.4byte	.LVL2
 597 0038 34000000 		.4byte	.LVL3
 598 003c 0100     		.2byte	0x1
 599 003e 53       		.byte	0x53
 600 003f 36000000 		.4byte	.LVL4
 601 0043 3C000000 		.4byte	.LVL5
 602 0047 0100     		.2byte	0x1
 603 0049 53       		.byte	0x53
 604 004a 00000000 		.4byte	0
 605 004e 00000000 		.4byte	0
 606              		.section	.debug_aranges,"",%progbits
ARM GAS  C:\Users\Tim\AppData\Local\Temp\cc0zoR3p.s 			page 14


 607 0000 1C000000 		.4byte	0x1c
 608 0004 0200     		.2byte	0x2
 609 0006 00000000 		.4byte	.Ldebug_info0
 610 000a 04       		.byte	0x4
 611 000b 00       		.byte	0
 612 000c 0000     		.2byte	0
 613 000e 0000     		.2byte	0
 614 0010 00000000 		.4byte	.LFB0
 615 0014 60000000 		.4byte	.LFE0-.LFB0
 616 0018 00000000 		.4byte	0
 617 001c 00000000 		.4byte	0
 618              		.section	.debug_ranges,"",%progbits
 619              	.Ldebug_ranges0:
 620 0000 00000000 		.4byte	.LFB0
 621 0004 60000000 		.4byte	.LFE0
 622 0008 00000000 		.4byte	0
 623 000c 00000000 		.4byte	0
 624              		.section	.debug_line,"",%progbits
 625              	.Ldebug_line0:
 626 0000 92000000 		.section	.debug_str,"MS",%progbits,1
 626      02006800 
 626      00000201 
 626      FB0E0D00 
 626      01010101 
 627              	.LASF31:
 628 0000 55534255 		.ascii	"USBUART_DispatchHIDClassRqst\000"
 628      4152545F 
 628      44697370 
 628      61746368 
 628      48494443 
 629              	.LASF3:
 630 001d 73686F72 		.ascii	"short unsigned int\000"
 630      7420756E 
 630      7369676E 
 630      65642069 
 630      6E7400
 631              	.LASF29:
 632 0030 55534255 		.ascii	"USBUART_interfaceClass\000"
 632      4152545F 
 632      696E7465 
 632      72666163 
 632      65436C61 
 633              	.LASF25:
 634 0047 65704461 		.ascii	"epData\000"
 634      746100
 635              	.LASF27:
 636 004e 72657175 		.ascii	"requestHandled\000"
 636      65737448 
 636      616E646C 
 636      656400
 637              	.LASF11:
 638 005d 666C6F61 		.ascii	"float\000"
 638      7400
 639              	.LASF18:
 640 0063 6570546F 		.ascii	"epToggle\000"
 640      67676C65 
 640      00
ARM GAS  C:\Users\Tim\AppData\Local\Temp\cc0zoR3p.s 			page 15


 641              	.LASF34:
 642 006c 2E5C4765 		.ascii	".\\Generated_Source\\PSoC5\\USBUART_cls.c\000"
 642      6E657261 
 642      7465645F 
 642      536F7572 
 642      63655C50 
 643              	.LASF30:
 644 0093 55534255 		.ascii	"USBUART_EP\000"
 644      4152545F 
 644      455000
 645              	.LASF16:
 646 009e 61706945 		.ascii	"apiEpState\000"
 646      70537461 
 646      746500
 647              	.LASF5:
 648 00a9 6C6F6E67 		.ascii	"long unsigned int\000"
 648      20756E73 
 648      69676E65 
 648      6420696E 
 648      7400
 649              	.LASF19:
 650 00bb 61646472 		.ascii	"addr\000"
 650      00
 651              	.LASF28:
 652 00c0 696E7465 		.ascii	"interfaceNumber\000"
 652      72666163 
 652      654E756D 
 652      62657200 
 653              	.LASF1:
 654 00d0 756E7369 		.ascii	"unsigned char\000"
 654      676E6564 
 654      20636861 
 654      7200
 655              	.LASF12:
 656 00de 646F7562 		.ascii	"double\000"
 656      6C6500
 657              	.LASF15:
 658 00e5 61747472 		.ascii	"attrib\000"
 658      696200
 659              	.LASF21:
 660 00ec 62756666 		.ascii	"buffOffset\000"
 660      4F666673 
 660      657400
 661              	.LASF10:
 662 00f7 75696E74 		.ascii	"uint16\000"
 662      313600
 663              	.LASF35:
 664 00fe 463A5C64 		.ascii	"F:\\d_drive\\projects\\ArloBot\\arlobot_freesoc\\fr"
 664      5F647269 
 664      76655C70 
 664      726F6A65 
 664      6374735C 
 665 012c 6565736F 		.ascii	"eesoc.cydsn\000"
 665      632E6379 
 665      64736E00 
 666              	.LASF32:
 667 0138 55534255 		.ascii	"USBUART_DispatchCDCClassRqst\000"
ARM GAS  C:\Users\Tim\AppData\Local\Temp\cc0zoR3p.s 			page 16


 667      4152545F 
 667      44697370 
 667      61746368 
 667      43444343 
 668              	.LASF33:
 669 0155 474E5520 		.ascii	"GNU C 4.9.3 20150303 (release) [ARM/embedded-4_9-br"
 669      4320342E 
 669      392E3320 
 669      32303135 
 669      30333033 
 670 0188 616E6368 		.ascii	"anch revision 221220] -mcpu=cortex-m3 -mthumb -g -O"
 670      20726576 
 670      6973696F 
 670      6E203232 
 670      31323230 
 671 01bb 67202D66 		.ascii	"g -ffunction-sections -ffat-lto-objects\000"
 671      66756E63 
 671      74696F6E 
 671      2D736563 
 671      74696F6E 
 672              	.LASF8:
 673 01e3 756E7369 		.ascii	"unsigned int\000"
 673      676E6564 
 673      20696E74 
 673      00
 674              	.LASF7:
 675 01f0 6C6F6E67 		.ascii	"long long unsigned int\000"
 675      206C6F6E 
 675      6720756E 
 675      7369676E 
 675      65642069 
 676              	.LASF17:
 677 0207 68774570 		.ascii	"hwEpState\000"
 677      53746174 
 677      6500
 678              	.LASF36:
 679 0211 55534255 		.ascii	"USBUART_DispatchClassRqst\000"
 679      4152545F 
 679      44697370 
 679      61746368 
 679      436C6173 
 680              	.LASF26:
 681 022b 55534255 		.ascii	"USBUART_ep0_data_struct\000"
 681      4152545F 
 681      6570305F 
 681      64617461 
 681      5F737472 
 682              	.LASF14:
 683 0243 73697A65 		.ascii	"sizetype\000"
 683      74797065 
 683      00
 684              	.LASF20:
 685 024c 65704D6F 		.ascii	"epMode\000"
 685      646500
 686              	.LASF6:
 687 0253 6C6F6E67 		.ascii	"long long int\000"
 687      206C6F6E 
ARM GAS  C:\Users\Tim\AppData\Local\Temp\cc0zoR3p.s 			page 17


 687      6720696E 
 687      7400
 688              	.LASF13:
 689 0261 63686172 		.ascii	"char\000"
 689      00
 690              	.LASF22:
 691 0266 62756666 		.ascii	"bufferSize\000"
 691      65725369 
 691      7A6500
 692              	.LASF2:
 693 0271 73686F72 		.ascii	"short int\000"
 693      7420696E 
 693      7400
 694              	.LASF9:
 695 027b 75696E74 		.ascii	"uint8\000"
 695      3800
 696              	.LASF23:
 697 0281 696E7465 		.ascii	"interface\000"
 697      72666163 
 697      6500
 698              	.LASF4:
 699 028b 6C6F6E67 		.ascii	"long int\000"
 699      20696E74 
 699      00
 700              	.LASF24:
 701 0294 545F5553 		.ascii	"T_USBUART_EP_CTL_BLOCK\000"
 701      42554152 
 701      545F4550 
 701      5F43544C 
 701      5F424C4F 
 702              	.LASF0:
 703 02ab 7369676E 		.ascii	"signed char\000"
 703      65642063 
 703      68617200 
 704              		.ident	"GCC: (GNU Tools for ARM Embedded Processors) 4.9.3 20150303 (release) [ARM/embedded-4_9-br
